[2023-02-11T03:14:47.225+0000] {taskinstance.py:1083} INFO - Dependencies all met for <TaskInstance: dag_catchup_backfill.task1 scheduled__2023-02-08T00:00:00+00:00 [queued]>
[2023-02-11T03:14:47.235+0000] {taskinstance.py:1083} INFO - Dependencies all met for <TaskInstance: dag_catchup_backfill.task1 scheduled__2023-02-08T00:00:00+00:00 [queued]>
[2023-02-11T03:14:47.235+0000] {taskinstance.py:1279} INFO - 
--------------------------------------------------------------------------------
[2023-02-11T03:14:47.235+0000] {taskinstance.py:1280} INFO - Starting attempt 1 of 6
[2023-02-11T03:14:47.235+0000] {taskinstance.py:1281} INFO - 
--------------------------------------------------------------------------------
[2023-02-11T03:14:47.274+0000] {taskinstance.py:1300} INFO - Executing <Task(BashOperator): task1> on 2023-02-08 00:00:00+00:00
[2023-02-11T03:14:47.281+0000] {standard_task_runner.py:55} INFO - Started process 232 to run task
[2023-02-11T03:14:47.284+0000] {standard_task_runner.py:82} INFO - Running: ['***', 'tasks', 'run', 'dag_catchup_backfill', 'task1', 'scheduled__2023-02-08T00:00:00+00:00', '--job-id', '49', '--raw', '--subdir', 'DAGS_FOLDER/dag_catchup_backfil.py', '--cfg-path', '/tmp/tmpl_19z8al']
[2023-02-11T03:14:47.284+0000] {standard_task_runner.py:83} INFO - Job 49: Subtask task1
[2023-02-11T03:14:47.346+0000] {task_command.py:388} INFO - Running <TaskInstance: dag_catchup_backfill.task1 scheduled__2023-02-08T00:00:00+00:00 [running]> on host 61856ed39d63
[2023-02-11T03:14:47.434+0000] {taskinstance.py:1509} INFO - Exporting the following env vars:
AIRFLOW_CTX_DAG_OWNER=naufal
AIRFLOW_CTX_DAG_ID=dag_catchup_backfill
AIRFLOW_CTX_TASK_ID=task1
AIRFLOW_CTX_EXECUTION_DATE=2023-02-08T00:00:00+00:00
AIRFLOW_CTX_TRY_NUMBER=1
AIRFLOW_CTX_DAG_RUN_ID=scheduled__2023-02-08T00:00:00+00:00
[2023-02-11T03:14:47.435+0000] {subprocess.py:63} INFO - Tmp dir root location: 
 /tmp
[2023-02-11T03:14:47.436+0000] {subprocess.py:75} INFO - Running command: ['/bin/bash', '-c', 'echo simple bash command']
[2023-02-11T03:14:47.450+0000] {subprocess.py:86} INFO - Output:
[2023-02-11T03:14:47.451+0000] {subprocess.py:93} INFO - simple bash command
[2023-02-11T03:14:47.451+0000] {subprocess.py:97} INFO - Command exited with return code 0
[2023-02-11T03:14:47.475+0000] {taskinstance.py:1323} INFO - Marking task as SUCCESS. dag_id=dag_catchup_backfill, task_id=task1, execution_date=20230208T000000, start_date=20230211T031447, end_date=20230211T031447
[2023-02-11T03:14:47.505+0000] {local_task_job.py:208} INFO - Task exited with return code 0
[2023-02-11T03:14:47.521+0000] {taskinstance.py:2578} INFO - 0 downstream tasks scheduled from follow-on schedule check
