[2023-02-11T03:29:41.923+0000] {taskinstance.py:1083} INFO - Dependencies all met for <TaskInstance: dag_catchup_backfillv3.task1 backfill__2023-02-04T00:00:00+00:00 [queued]>
[2023-02-11T03:29:41.949+0000] {taskinstance.py:1083} INFO - Dependencies all met for <TaskInstance: dag_catchup_backfillv3.task1 backfill__2023-02-04T00:00:00+00:00 [queued]>
[2023-02-11T03:29:41.949+0000] {taskinstance.py:1279} INFO - 
--------------------------------------------------------------------------------
[2023-02-11T03:29:41.949+0000] {taskinstance.py:1280} INFO - Starting attempt 1 of 6
[2023-02-11T03:29:41.949+0000] {taskinstance.py:1281} INFO - 
--------------------------------------------------------------------------------
[2023-02-11T03:29:41.986+0000] {taskinstance.py:1300} INFO - Executing <Task(BashOperator): task1> on 2023-02-04 00:00:00+00:00
[2023-02-11T03:29:41.993+0000] {standard_task_runner.py:55} INFO - Started process 1333 to run task
[2023-02-11T03:29:41.995+0000] {standard_task_runner.py:82} INFO - Running: ['***', 'tasks', 'run', 'dag_catchup_backfillv3', 'task1', 'backfill__2023-02-04T00:00:00+00:00', '--job-id', '61', '--pool', 'default_pool', '--raw', '--subdir', 'DAGS_FOLDER/dag_catchup_backfil.py', '--cfg-path', '/tmp/tmp7euwamut']
[2023-02-11T03:29:41.996+0000] {standard_task_runner.py:83} INFO - Job 61: Subtask task1
[2023-02-11T03:29:42.078+0000] {task_command.py:388} INFO - Running <TaskInstance: dag_catchup_backfillv3.task1 backfill__2023-02-04T00:00:00+00:00 [running]> on host 61856ed39d63
[2023-02-11T03:29:42.193+0000] {taskinstance.py:1509} INFO - Exporting the following env vars:
AIRFLOW_CTX_DAG_OWNER=naufal
AIRFLOW_CTX_DAG_ID=dag_catchup_backfillv3
AIRFLOW_CTX_TASK_ID=task1
AIRFLOW_CTX_EXECUTION_DATE=2023-02-04T00:00:00+00:00
AIRFLOW_CTX_TRY_NUMBER=1
AIRFLOW_CTX_DAG_RUN_ID=backfill__2023-02-04T00:00:00+00:00
[2023-02-11T03:29:42.194+0000] {subprocess.py:63} INFO - Tmp dir root location: 
 /tmp
[2023-02-11T03:29:42.195+0000] {subprocess.py:75} INFO - Running command: ['/bin/bash', '-c', 'echo simple bash command']
[2023-02-11T03:29:42.214+0000] {subprocess.py:86} INFO - Output:
[2023-02-11T03:29:42.217+0000] {subprocess.py:93} INFO - simple bash command
[2023-02-11T03:29:42.218+0000] {subprocess.py:97} INFO - Command exited with return code 0
[2023-02-11T03:29:42.249+0000] {taskinstance.py:1323} INFO - Marking task as SUCCESS. dag_id=dag_catchup_backfillv3, task_id=task1, execution_date=20230204T000000, start_date=20230211T032941, end_date=20230211T032942
[2023-02-11T03:29:42.293+0000] {local_task_job.py:208} INFO - Task exited with return code 0
[2023-02-11T03:29:42.314+0000] {taskinstance.py:2578} INFO - 0 downstream tasks scheduled from follow-on schedule check
