[2023-02-10T00:23:00.868+0000] {taskinstance.py:1083} INFO - Dependencies all met for <TaskInstance: our_first_dag.first_task scheduled__2023-02-09T00:23:00+00:00 [queued]>
[2023-02-10T00:23:00.877+0000] {taskinstance.py:1083} INFO - Dependencies all met for <TaskInstance: our_first_dag.first_task scheduled__2023-02-09T00:23:00+00:00 [queued]>
[2023-02-10T00:23:00.878+0000] {taskinstance.py:1279} INFO - 
--------------------------------------------------------------------------------
[2023-02-10T00:23:00.878+0000] {taskinstance.py:1280} INFO - Starting attempt 1 of 6
[2023-02-10T00:23:00.878+0000] {taskinstance.py:1281} INFO - 
--------------------------------------------------------------------------------
[2023-02-10T00:23:00.890+0000] {taskinstance.py:1300} INFO - Executing <Task(BashOperator): first_task> on 2023-02-09 00:23:00+00:00
[2023-02-10T00:23:00.896+0000] {standard_task_runner.py:55} INFO - Started process 465 to run task
[2023-02-10T00:23:00.900+0000] {standard_task_runner.py:82} INFO - Running: ['***', 'tasks', 'run', 'our_first_dag', 'first_task', 'scheduled__2023-02-09T00:23:00+00:00', '--job-id', '4', '--raw', '--subdir', 'DAGS_FOLDER/hello.py', '--cfg-path', '/tmp/tmp9b_yjnhi']
[2023-02-10T00:23:00.900+0000] {standard_task_runner.py:83} INFO - Job 4: Subtask first_task
[2023-02-10T00:23:00.964+0000] {task_command.py:388} INFO - Running <TaskInstance: our_first_dag.first_task scheduled__2023-02-09T00:23:00+00:00 [running]> on host aaaa5399c063
[2023-02-10T00:23:01.052+0000] {taskinstance.py:1509} INFO - Exporting the following env vars:
AIRFLOW_CTX_DAG_OWNER=naufal
AIRFLOW_CTX_DAG_ID=our_first_dag
AIRFLOW_CTX_TASK_ID=first_task
AIRFLOW_CTX_EXECUTION_DATE=2023-02-09T00:23:00+00:00
AIRFLOW_CTX_TRY_NUMBER=1
AIRFLOW_CTX_DAG_RUN_ID=scheduled__2023-02-09T00:23:00+00:00
[2023-02-10T00:23:01.053+0000] {subprocess.py:63} INFO - Tmp dir root location: 
 /tmp
[2023-02-10T00:23:01.053+0000] {subprocess.py:75} INFO - Running command: ['/bin/bash', '-c', 'echo hello, i am the first task']
[2023-02-10T00:23:01.065+0000] {subprocess.py:86} INFO - Output:
[2023-02-10T00:23:01.066+0000] {subprocess.py:93} INFO - hello, i am the first task
[2023-02-10T00:23:01.067+0000] {subprocess.py:97} INFO - Command exited with return code 0
[2023-02-10T00:23:01.090+0000] {taskinstance.py:1323} INFO - Marking task as SUCCESS. dag_id=our_first_dag, task_id=first_task, execution_date=20230209T002300, start_date=20230210T002300, end_date=20230210T002301
[2023-02-10T00:23:01.110+0000] {local_task_job.py:208} INFO - Task exited with return code 0
[2023-02-10T00:23:01.130+0000] {taskinstance.py:2578} INFO - 2 downstream tasks scheduled from follow-on schedule check
