[2023-02-10T01:56:01.797+0000] {taskinstance.py:1083} INFO - Dependencies all met for <TaskInstance: dag_with_py_op.first_task scheduled__2023-02-09T01:56:00+00:00 [queued]>
[2023-02-10T01:56:01.807+0000] {taskinstance.py:1083} INFO - Dependencies all met for <TaskInstance: dag_with_py_op.first_task scheduled__2023-02-09T01:56:00+00:00 [queued]>
[2023-02-10T01:56:01.807+0000] {taskinstance.py:1279} INFO - 
--------------------------------------------------------------------------------
[2023-02-10T01:56:01.807+0000] {taskinstance.py:1280} INFO - Starting attempt 1 of 6
[2023-02-10T01:56:01.807+0000] {taskinstance.py:1281} INFO - 
--------------------------------------------------------------------------------
[2023-02-10T01:56:01.819+0000] {taskinstance.py:1300} INFO - Executing <Task(PythonOperator): first_task> on 2023-02-09 01:56:00+00:00
[2023-02-10T01:56:01.826+0000] {standard_task_runner.py:55} INFO - Started process 4182 to run task
[2023-02-10T01:56:01.828+0000] {standard_task_runner.py:82} INFO - Running: ['***', 'tasks', 'run', 'dag_with_py_op', 'first_task', 'scheduled__2023-02-09T01:56:00+00:00', '--job-id', '18', '--raw', '--subdir', 'DAGS_FOLDER/dag_with_py_op.py', '--cfg-path', '/tmp/tmpix2d52xq']
[2023-02-10T01:56:01.829+0000] {standard_task_runner.py:83} INFO - Job 18: Subtask first_task
[2023-02-10T01:56:01.891+0000] {task_command.py:388} INFO - Running <TaskInstance: dag_with_py_op.first_task scheduled__2023-02-09T01:56:00+00:00 [running]> on host aaaa5399c063
[2023-02-10T01:56:01.962+0000] {taskinstance.py:1509} INFO - Exporting the following env vars:
AIRFLOW_CTX_DAG_OWNER=naufal
AIRFLOW_CTX_DAG_ID=dag_with_py_op
AIRFLOW_CTX_TASK_ID=first_task
AIRFLOW_CTX_EXECUTION_DATE=2023-02-09T01:56:00+00:00
AIRFLOW_CTX_TRY_NUMBER=1
AIRFLOW_CTX_DAG_RUN_ID=scheduled__2023-02-09T01:56:00+00:00
[2023-02-10T01:56:01.963+0000] {logging_mixin.py:137} INFO - Hello World Waltuh, My name is Gustavo
[2023-02-10T01:56:01.963+0000] {python.py:177} INFO - Done. Returned value was: None
[2023-02-10T01:56:01.973+0000] {taskinstance.py:1323} INFO - Marking task as SUCCESS. dag_id=dag_with_py_op, task_id=first_task, execution_date=20230209T015600, start_date=20230210T015601, end_date=20230210T015601
[2023-02-10T01:56:02.002+0000] {local_task_job.py:208} INFO - Task exited with return code 0
[2023-02-10T01:56:02.023+0000] {taskinstance.py:2578} INFO - 2 downstream tasks scheduled from follow-on schedule check
