[2023-02-13T07:42:30.749+0000] {taskinstance.py:1083} INFO - Dependencies all met for <TaskInstance: dag_pg_opv3.create_table scheduled__2023-02-11T15:23:00+00:00 [queued]>
[2023-02-13T07:42:30.761+0000] {taskinstance.py:1083} INFO - Dependencies all met for <TaskInstance: dag_pg_opv3.create_table scheduled__2023-02-11T15:23:00+00:00 [queued]>
[2023-02-13T07:42:30.761+0000] {taskinstance.py:1279} INFO - 
--------------------------------------------------------------------------------
[2023-02-13T07:42:30.761+0000] {taskinstance.py:1280} INFO - Starting attempt 1 of 6
[2023-02-13T07:42:30.761+0000] {taskinstance.py:1281} INFO - 
--------------------------------------------------------------------------------
[2023-02-13T07:42:30.780+0000] {taskinstance.py:1300} INFO - Executing <Task(PostgresOperator): create_table> on 2023-02-11 15:23:00+00:00
[2023-02-13T07:42:30.793+0000] {standard_task_runner.py:55} INFO - Started process 59 to run task
[2023-02-13T07:42:30.795+0000] {standard_task_runner.py:82} INFO - Running: ['***', 'tasks', 'run', 'dag_pg_opv3', 'create_table', 'scheduled__2023-02-11T15:23:00+00:00', '--job-id', '104', '--raw', '--subdir', 'DAGS_FOLDER/dag_with_pg_op.py', '--cfg-path', '/tmp/tmpc9nk50tz']
[2023-02-13T07:42:30.795+0000] {standard_task_runner.py:83} INFO - Job 104: Subtask create_table
[2023-02-13T07:42:30.873+0000] {task_command.py:388} INFO - Running <TaskInstance: dag_pg_opv3.create_table scheduled__2023-02-11T15:23:00+00:00 [running]> on host 29b44968227e
[2023-02-13T07:42:30.946+0000] {taskinstance.py:1509} INFO - Exporting the following env vars:
AIRFLOW_CTX_DAG_OWNER=naufal
AIRFLOW_CTX_DAG_ID=dag_pg_opv3
AIRFLOW_CTX_TASK_ID=create_table
AIRFLOW_CTX_EXECUTION_DATE=2023-02-11T15:23:00+00:00
AIRFLOW_CTX_TRY_NUMBER=1
AIRFLOW_CTX_DAG_RUN_ID=scheduled__2023-02-11T15:23:00+00:00
[2023-02-13T07:42:30.946+0000] {sql.py:254} INFO - Executing: 
            CREATE TABLE IF NOT EXISTS dag_runs (
                dt date,
                dag_id character varying,
                primary key (dt,dag_id)
            );
        
[2023-02-13T07:42:30.955+0000] {base.py:73} INFO - Using connection ID 'pg_docker' for task execution.
[2023-02-13T07:42:31.266+0000] {base.py:73} INFO - Using connection ID 'pg_docker' for task execution.
[2023-02-13T07:42:31.285+0000] {sql.py:375} INFO - Running statement: 
            CREATE TABLE IF NOT EXISTS dag_runs (
                dt date,
                dag_id character varying,
                primary key (dt,dag_id)
            );
        , parameters: None
[2023-02-13T07:42:31.303+0000] {taskinstance.py:1323} INFO - Marking task as SUCCESS. dag_id=dag_pg_opv3, task_id=create_table, execution_date=20230211T152300, start_date=20230213T074230, end_date=20230213T074231
[2023-02-13T07:42:31.386+0000] {local_task_job.py:208} INFO - Task exited with return code 0
[2023-02-13T07:42:31.414+0000] {taskinstance.py:2578} INFO - 0 downstream tasks scheduled from follow-on schedule check
