[2023-02-10T00:00:10.737+0000] {processor.py:153} INFO - Started process (PID=2556) to work on /home/airflow/.local/lib/python3.7/site-packages/airflow/example_dags/example_sla_dag.py
[2023-02-10T00:00:10.738+0000] {processor.py:743} INFO - Processing file /home/airflow/.local/lib/python3.7/site-packages/airflow/example_dags/example_sla_dag.py for tasks to queue
[2023-02-10T00:00:10.739+0000] {logging_mixin.py:137} INFO - [2023-02-10T00:00:10.739+0000] {dagbag.py:538} INFO - Filling up the DagBag from /home/airflow/.local/lib/python3.7/site-packages/airflow/example_dags/example_sla_dag.py
[2023-02-10T00:00:10.780+0000] {processor.py:753} INFO - DAG(s) dict_keys(['example_sla_dag']) retrieved from /home/airflow/.local/lib/python3.7/site-packages/airflow/example_dags/example_sla_dag.py
[2023-02-10T00:00:10.808+0000] {logging_mixin.py:137} INFO - [2023-02-10T00:00:10.807+0000] {dag.py:2690} INFO - Sync 1 DAGs
[2023-02-10T00:00:10.847+0000] {logging_mixin.py:137} INFO - [2023-02-10T00:00:10.847+0000] {dag.py:3441} INFO - Setting next_dagrun for example_sla_dag to 2023-02-09T23:58:00+00:00, run_after=2023-02-10T00:00:00+00:00
[2023-02-10T00:00:10.871+0000] {processor.py:175} INFO - Processing /home/airflow/.local/lib/python3.7/site-packages/airflow/example_dags/example_sla_dag.py took 0.139 seconds
[2023-02-10T00:00:41.513+0000] {processor.py:153} INFO - Started process (PID=2631) to work on /home/airflow/.local/lib/python3.7/site-packages/airflow/example_dags/example_sla_dag.py
[2023-02-10T00:00:41.514+0000] {processor.py:743} INFO - Processing file /home/airflow/.local/lib/python3.7/site-packages/airflow/example_dags/example_sla_dag.py for tasks to queue
[2023-02-10T00:00:41.515+0000] {logging_mixin.py:137} INFO - [2023-02-10T00:00:41.515+0000] {dagbag.py:538} INFO - Filling up the DagBag from /home/airflow/.local/lib/python3.7/site-packages/airflow/example_dags/example_sla_dag.py
[2023-02-10T00:00:41.555+0000] {processor.py:753} INFO - DAG(s) dict_keys(['example_sla_dag']) retrieved from /home/airflow/.local/lib/python3.7/site-packages/airflow/example_dags/example_sla_dag.py
[2023-02-10T00:00:41.589+0000] {logging_mixin.py:137} INFO - [2023-02-10T00:00:41.589+0000] {dag.py:2690} INFO - Sync 1 DAGs
[2023-02-10T00:00:41.633+0000] {logging_mixin.py:137} INFO - [2023-02-10T00:00:41.633+0000] {dag.py:3441} INFO - Setting next_dagrun for example_sla_dag to 2023-02-09T23:58:00+00:00, run_after=2023-02-10T00:00:00+00:00
[2023-02-10T00:00:41.658+0000] {processor.py:175} INFO - Processing /home/airflow/.local/lib/python3.7/site-packages/airflow/example_dags/example_sla_dag.py took 0.150 seconds
[2023-02-10T00:01:11.939+0000] {processor.py:153} INFO - Started process (PID=2702) to work on /home/airflow/.local/lib/python3.7/site-packages/airflow/example_dags/example_sla_dag.py
[2023-02-10T00:01:11.940+0000] {processor.py:743} INFO - Processing file /home/airflow/.local/lib/python3.7/site-packages/airflow/example_dags/example_sla_dag.py for tasks to queue
[2023-02-10T00:01:11.941+0000] {logging_mixin.py:137} INFO - [2023-02-10T00:01:11.941+0000] {dagbag.py:538} INFO - Filling up the DagBag from /home/airflow/.local/lib/python3.7/site-packages/airflow/example_dags/example_sla_dag.py
[2023-02-10T00:01:11.967+0000] {processor.py:753} INFO - DAG(s) dict_keys(['example_sla_dag']) retrieved from /home/airflow/.local/lib/python3.7/site-packages/airflow/example_dags/example_sla_dag.py
[2023-02-10T00:01:11.995+0000] {logging_mixin.py:137} INFO - [2023-02-10T00:01:11.994+0000] {dag.py:2690} INFO - Sync 1 DAGs
[2023-02-10T00:01:12.035+0000] {logging_mixin.py:137} INFO - [2023-02-10T00:01:12.034+0000] {dag.py:3441} INFO - Setting next_dagrun for example_sla_dag to 2023-02-09T23:58:00+00:00, run_after=2023-02-10T00:00:00+00:00
[2023-02-10T00:01:12.059+0000] {processor.py:175} INFO - Processing /home/airflow/.local/lib/python3.7/site-packages/airflow/example_dags/example_sla_dag.py took 0.123 seconds
[2023-02-10T00:01:42.508+0000] {processor.py:153} INFO - Started process (PID=2770) to work on /home/airflow/.local/lib/python3.7/site-packages/airflow/example_dags/example_sla_dag.py
[2023-02-10T00:01:42.509+0000] {processor.py:743} INFO - Processing file /home/airflow/.local/lib/python3.7/site-packages/airflow/example_dags/example_sla_dag.py for tasks to queue
[2023-02-10T00:01:42.510+0000] {logging_mixin.py:137} INFO - [2023-02-10T00:01:42.509+0000] {dagbag.py:538} INFO - Filling up the DagBag from /home/airflow/.local/lib/python3.7/site-packages/airflow/example_dags/example_sla_dag.py
[2023-02-10T00:01:42.537+0000] {processor.py:753} INFO - DAG(s) dict_keys(['example_sla_dag']) retrieved from /home/airflow/.local/lib/python3.7/site-packages/airflow/example_dags/example_sla_dag.py
[2023-02-10T00:01:42.567+0000] {logging_mixin.py:137} INFO - [2023-02-10T00:01:42.567+0000] {dag.py:2690} INFO - Sync 1 DAGs
[2023-02-10T00:01:42.606+0000] {logging_mixin.py:137} INFO - [2023-02-10T00:01:42.606+0000] {dag.py:3441} INFO - Setting next_dagrun for example_sla_dag to 2023-02-09T23:58:00+00:00, run_after=2023-02-10T00:00:00+00:00
[2023-02-10T00:01:42.632+0000] {processor.py:175} INFO - Processing /home/airflow/.local/lib/python3.7/site-packages/airflow/example_dags/example_sla_dag.py took 0.127 seconds
[2023-02-10T00:02:12.832+0000] {processor.py:153} INFO - Started process (PID=2837) to work on /home/airflow/.local/lib/python3.7/site-packages/airflow/example_dags/example_sla_dag.py
[2023-02-10T00:02:12.833+0000] {processor.py:743} INFO - Processing file /home/airflow/.local/lib/python3.7/site-packages/airflow/example_dags/example_sla_dag.py for tasks to queue
[2023-02-10T00:02:12.833+0000] {logging_mixin.py:137} INFO - [2023-02-10T00:02:12.833+0000] {dagbag.py:538} INFO - Filling up the DagBag from /home/airflow/.local/lib/python3.7/site-packages/airflow/example_dags/example_sla_dag.py
[2023-02-10T00:02:12.863+0000] {processor.py:753} INFO - DAG(s) dict_keys(['example_sla_dag']) retrieved from /home/airflow/.local/lib/python3.7/site-packages/airflow/example_dags/example_sla_dag.py
[2023-02-10T00:02:12.898+0000] {logging_mixin.py:137} INFO - [2023-02-10T00:02:12.897+0000] {dag.py:2690} INFO - Sync 1 DAGs
[2023-02-10T00:02:12.938+0000] {logging_mixin.py:137} INFO - [2023-02-10T00:02:12.938+0000] {dag.py:3441} INFO - Setting next_dagrun for example_sla_dag to 2023-02-10T00:00:00+00:00, run_after=2023-02-10T00:02:00+00:00
[2023-02-10T00:02:12.963+0000] {processor.py:175} INFO - Processing /home/airflow/.local/lib/python3.7/site-packages/airflow/example_dags/example_sla_dag.py took 0.134 seconds
[2023-02-10T00:02:43.431+0000] {processor.py:153} INFO - Started process (PID=2920) to work on /home/airflow/.local/lib/python3.7/site-packages/airflow/example_dags/example_sla_dag.py
[2023-02-10T00:02:43.432+0000] {processor.py:743} INFO - Processing file /home/airflow/.local/lib/python3.7/site-packages/airflow/example_dags/example_sla_dag.py for tasks to queue
[2023-02-10T00:02:43.432+0000] {logging_mixin.py:137} INFO - [2023-02-10T00:02:43.432+0000] {dagbag.py:538} INFO - Filling up the DagBag from /home/airflow/.local/lib/python3.7/site-packages/airflow/example_dags/example_sla_dag.py
[2023-02-10T00:02:43.462+0000] {processor.py:753} INFO - DAG(s) dict_keys(['example_sla_dag']) retrieved from /home/airflow/.local/lib/python3.7/site-packages/airflow/example_dags/example_sla_dag.py
[2023-02-10T00:02:43.500+0000] {logging_mixin.py:137} INFO - [2023-02-10T00:02:43.500+0000] {dag.py:2690} INFO - Sync 1 DAGs
[2023-02-10T00:02:43.541+0000] {logging_mixin.py:137} INFO - [2023-02-10T00:02:43.541+0000] {dag.py:3441} INFO - Setting next_dagrun for example_sla_dag to 2023-02-10T00:00:00+00:00, run_after=2023-02-10T00:02:00+00:00
[2023-02-10T00:02:43.572+0000] {processor.py:175} INFO - Processing /home/airflow/.local/lib/python3.7/site-packages/airflow/example_dags/example_sla_dag.py took 0.144 seconds
[2023-02-10T00:03:13.897+0000] {processor.py:153} INFO - Started process (PID=2989) to work on /home/airflow/.local/lib/python3.7/site-packages/airflow/example_dags/example_sla_dag.py
[2023-02-10T00:03:13.898+0000] {processor.py:743} INFO - Processing file /home/airflow/.local/lib/python3.7/site-packages/airflow/example_dags/example_sla_dag.py for tasks to queue
[2023-02-10T00:03:13.898+0000] {logging_mixin.py:137} INFO - [2023-02-10T00:03:13.898+0000] {dagbag.py:538} INFO - Filling up the DagBag from /home/airflow/.local/lib/python3.7/site-packages/airflow/example_dags/example_sla_dag.py
[2023-02-10T00:03:13.929+0000] {processor.py:753} INFO - DAG(s) dict_keys(['example_sla_dag']) retrieved from /home/airflow/.local/lib/python3.7/site-packages/airflow/example_dags/example_sla_dag.py
[2023-02-10T00:03:13.958+0000] {logging_mixin.py:137} INFO - [2023-02-10T00:03:13.958+0000] {dag.py:2690} INFO - Sync 1 DAGs
[2023-02-10T00:03:14.000+0000] {logging_mixin.py:137} INFO - [2023-02-10T00:03:14.000+0000] {dag.py:3441} INFO - Setting next_dagrun for example_sla_dag to 2023-02-10T00:00:00+00:00, run_after=2023-02-10T00:02:00+00:00
[2023-02-10T00:03:14.026+0000] {processor.py:175} INFO - Processing /home/airflow/.local/lib/python3.7/site-packages/airflow/example_dags/example_sla_dag.py took 0.132 seconds
[2023-02-10T00:03:44.175+0000] {processor.py:153} INFO - Started process (PID=3057) to work on /home/airflow/.local/lib/python3.7/site-packages/airflow/example_dags/example_sla_dag.py
[2023-02-10T00:03:44.176+0000] {processor.py:743} INFO - Processing file /home/airflow/.local/lib/python3.7/site-packages/airflow/example_dags/example_sla_dag.py for tasks to queue
[2023-02-10T00:03:44.176+0000] {logging_mixin.py:137} INFO - [2023-02-10T00:03:44.176+0000] {dagbag.py:538} INFO - Filling up the DagBag from /home/airflow/.local/lib/python3.7/site-packages/airflow/example_dags/example_sla_dag.py
[2023-02-10T00:03:44.203+0000] {processor.py:753} INFO - DAG(s) dict_keys(['example_sla_dag']) retrieved from /home/airflow/.local/lib/python3.7/site-packages/airflow/example_dags/example_sla_dag.py
[2023-02-10T00:03:44.232+0000] {logging_mixin.py:137} INFO - [2023-02-10T00:03:44.232+0000] {dag.py:2690} INFO - Sync 1 DAGs
[2023-02-10T00:03:44.276+0000] {logging_mixin.py:137} INFO - [2023-02-10T00:03:44.276+0000] {dag.py:3441} INFO - Setting next_dagrun for example_sla_dag to 2023-02-10T00:00:00+00:00, run_after=2023-02-10T00:02:00+00:00
[2023-02-10T00:03:44.302+0000] {processor.py:175} INFO - Processing /home/airflow/.local/lib/python3.7/site-packages/airflow/example_dags/example_sla_dag.py took 0.130 seconds
[2023-02-10T00:04:14.605+0000] {processor.py:153} INFO - Started process (PID=3139) to work on /home/airflow/.local/lib/python3.7/site-packages/airflow/example_dags/example_sla_dag.py
[2023-02-10T00:04:14.606+0000] {processor.py:743} INFO - Processing file /home/airflow/.local/lib/python3.7/site-packages/airflow/example_dags/example_sla_dag.py for tasks to queue
[2023-02-10T00:04:14.607+0000] {logging_mixin.py:137} INFO - [2023-02-10T00:04:14.606+0000] {dagbag.py:538} INFO - Filling up the DagBag from /home/airflow/.local/lib/python3.7/site-packages/airflow/example_dags/example_sla_dag.py
[2023-02-10T00:04:14.646+0000] {processor.py:753} INFO - DAG(s) dict_keys(['example_sla_dag']) retrieved from /home/airflow/.local/lib/python3.7/site-packages/airflow/example_dags/example_sla_dag.py
[2023-02-10T00:04:14.677+0000] {logging_mixin.py:137} INFO - [2023-02-10T00:04:14.676+0000] {dag.py:2690} INFO - Sync 1 DAGs
[2023-02-10T00:04:14.721+0000] {logging_mixin.py:137} INFO - [2023-02-10T00:04:14.721+0000] {dag.py:3441} INFO - Setting next_dagrun for example_sla_dag to 2023-02-10T00:02:00+00:00, run_after=2023-02-10T00:04:00+00:00
[2023-02-10T00:04:14.751+0000] {processor.py:175} INFO - Processing /home/airflow/.local/lib/python3.7/site-packages/airflow/example_dags/example_sla_dag.py took 0.150 seconds
[2023-02-10T00:04:45.419+0000] {processor.py:153} INFO - Started process (PID=3207) to work on /home/airflow/.local/lib/python3.7/site-packages/airflow/example_dags/example_sla_dag.py
[2023-02-10T00:04:45.420+0000] {processor.py:743} INFO - Processing file /home/airflow/.local/lib/python3.7/site-packages/airflow/example_dags/example_sla_dag.py for tasks to queue
[2023-02-10T00:04:45.421+0000] {logging_mixin.py:137} INFO - [2023-02-10T00:04:45.421+0000] {dagbag.py:538} INFO - Filling up the DagBag from /home/airflow/.local/lib/python3.7/site-packages/airflow/example_dags/example_sla_dag.py
[2023-02-10T00:04:45.462+0000] {processor.py:753} INFO - DAG(s) dict_keys(['example_sla_dag']) retrieved from /home/airflow/.local/lib/python3.7/site-packages/airflow/example_dags/example_sla_dag.py
[2023-02-10T00:04:45.493+0000] {logging_mixin.py:137} INFO - [2023-02-10T00:04:45.493+0000] {dag.py:2690} INFO - Sync 1 DAGs
[2023-02-10T00:04:45.533+0000] {logging_mixin.py:137} INFO - [2023-02-10T00:04:45.533+0000] {dag.py:3441} INFO - Setting next_dagrun for example_sla_dag to 2023-02-10T00:02:00+00:00, run_after=2023-02-10T00:04:00+00:00
[2023-02-10T00:04:45.558+0000] {processor.py:175} INFO - Processing /home/airflow/.local/lib/python3.7/site-packages/airflow/example_dags/example_sla_dag.py took 0.144 seconds
[2023-02-10T00:05:15.887+0000] {processor.py:153} INFO - Started process (PID=3273) to work on /home/airflow/.local/lib/python3.7/site-packages/airflow/example_dags/example_sla_dag.py
[2023-02-10T00:05:15.888+0000] {processor.py:743} INFO - Processing file /home/airflow/.local/lib/python3.7/site-packages/airflow/example_dags/example_sla_dag.py for tasks to queue
[2023-02-10T00:05:15.889+0000] {logging_mixin.py:137} INFO - [2023-02-10T00:05:15.889+0000] {dagbag.py:538} INFO - Filling up the DagBag from /home/airflow/.local/lib/python3.7/site-packages/airflow/example_dags/example_sla_dag.py
[2023-02-10T00:05:15.922+0000] {processor.py:753} INFO - DAG(s) dict_keys(['example_sla_dag']) retrieved from /home/airflow/.local/lib/python3.7/site-packages/airflow/example_dags/example_sla_dag.py
[2023-02-10T00:05:15.957+0000] {logging_mixin.py:137} INFO - [2023-02-10T00:05:15.957+0000] {dag.py:2690} INFO - Sync 1 DAGs
[2023-02-10T00:05:15.999+0000] {logging_mixin.py:137} INFO - [2023-02-10T00:05:15.999+0000] {dag.py:3441} INFO - Setting next_dagrun for example_sla_dag to 2023-02-10T00:02:00+00:00, run_after=2023-02-10T00:04:00+00:00
[2023-02-10T00:05:16.022+0000] {processor.py:175} INFO - Processing /home/airflow/.local/lib/python3.7/site-packages/airflow/example_dags/example_sla_dag.py took 0.137 seconds
[2023-02-10T00:05:46.840+0000] {processor.py:153} INFO - Started process (PID=3357) to work on /home/airflow/.local/lib/python3.7/site-packages/airflow/example_dags/example_sla_dag.py
[2023-02-10T00:05:46.841+0000] {processor.py:743} INFO - Processing file /home/airflow/.local/lib/python3.7/site-packages/airflow/example_dags/example_sla_dag.py for tasks to queue
[2023-02-10T00:05:46.842+0000] {logging_mixin.py:137} INFO - [2023-02-10T00:05:46.842+0000] {dagbag.py:538} INFO - Filling up the DagBag from /home/airflow/.local/lib/python3.7/site-packages/airflow/example_dags/example_sla_dag.py
[2023-02-10T00:05:46.881+0000] {processor.py:753} INFO - DAG(s) dict_keys(['example_sla_dag']) retrieved from /home/airflow/.local/lib/python3.7/site-packages/airflow/example_dags/example_sla_dag.py
[2023-02-10T00:05:46.918+0000] {logging_mixin.py:137} INFO - [2023-02-10T00:05:46.918+0000] {dag.py:2690} INFO - Sync 1 DAGs
[2023-02-10T00:05:46.962+0000] {logging_mixin.py:137} INFO - [2023-02-10T00:05:46.962+0000] {dag.py:3441} INFO - Setting next_dagrun for example_sla_dag to 2023-02-10T00:02:00+00:00, run_after=2023-02-10T00:04:00+00:00
[2023-02-10T00:05:46.998+0000] {processor.py:175} INFO - Processing /home/airflow/.local/lib/python3.7/site-packages/airflow/example_dags/example_sla_dag.py took 0.166 seconds
[2023-02-10T00:06:17.442+0000] {processor.py:153} INFO - Started process (PID=3426) to work on /home/airflow/.local/lib/python3.7/site-packages/airflow/example_dags/example_sla_dag.py
[2023-02-10T00:06:17.443+0000] {processor.py:743} INFO - Processing file /home/airflow/.local/lib/python3.7/site-packages/airflow/example_dags/example_sla_dag.py for tasks to queue
[2023-02-10T00:06:17.444+0000] {logging_mixin.py:137} INFO - [2023-02-10T00:06:17.444+0000] {dagbag.py:538} INFO - Filling up the DagBag from /home/airflow/.local/lib/python3.7/site-packages/airflow/example_dags/example_sla_dag.py
[2023-02-10T00:06:17.476+0000] {processor.py:753} INFO - DAG(s) dict_keys(['example_sla_dag']) retrieved from /home/airflow/.local/lib/python3.7/site-packages/airflow/example_dags/example_sla_dag.py
[2023-02-10T00:06:17.518+0000] {logging_mixin.py:137} INFO - [2023-02-10T00:06:17.517+0000] {dag.py:2690} INFO - Sync 1 DAGs
[2023-02-10T00:06:17.562+0000] {logging_mixin.py:137} INFO - [2023-02-10T00:06:17.562+0000] {dag.py:3441} INFO - Setting next_dagrun for example_sla_dag to 2023-02-10T00:04:00+00:00, run_after=2023-02-10T00:06:00+00:00
[2023-02-10T00:06:17.591+0000] {processor.py:175} INFO - Processing /home/airflow/.local/lib/python3.7/site-packages/airflow/example_dags/example_sla_dag.py took 0.154 seconds
[2023-02-10T00:06:48.308+0000] {processor.py:153} INFO - Started process (PID=3495) to work on /home/airflow/.local/lib/python3.7/site-packages/airflow/example_dags/example_sla_dag.py
[2023-02-10T00:06:48.308+0000] {processor.py:743} INFO - Processing file /home/airflow/.local/lib/python3.7/site-packages/airflow/example_dags/example_sla_dag.py for tasks to queue
[2023-02-10T00:06:48.309+0000] {logging_mixin.py:137} INFO - [2023-02-10T00:06:48.309+0000] {dagbag.py:538} INFO - Filling up the DagBag from /home/airflow/.local/lib/python3.7/site-packages/airflow/example_dags/example_sla_dag.py
[2023-02-10T00:06:48.336+0000] {processor.py:753} INFO - DAG(s) dict_keys(['example_sla_dag']) retrieved from /home/airflow/.local/lib/python3.7/site-packages/airflow/example_dags/example_sla_dag.py
[2023-02-10T00:06:48.370+0000] {logging_mixin.py:137} INFO - [2023-02-10T00:06:48.369+0000] {dag.py:2690} INFO - Sync 1 DAGs
[2023-02-10T00:06:48.415+0000] {logging_mixin.py:137} INFO - [2023-02-10T00:06:48.415+0000] {dag.py:3441} INFO - Setting next_dagrun for example_sla_dag to 2023-02-10T00:04:00+00:00, run_after=2023-02-10T00:06:00+00:00
[2023-02-10T00:06:48.442+0000] {processor.py:175} INFO - Processing /home/airflow/.local/lib/python3.7/site-packages/airflow/example_dags/example_sla_dag.py took 0.139 seconds
[2023-02-10T00:07:19.323+0000] {processor.py:153} INFO - Started process (PID=3578) to work on /home/airflow/.local/lib/python3.7/site-packages/airflow/example_dags/example_sla_dag.py
[2023-02-10T00:07:19.325+0000] {processor.py:743} INFO - Processing file /home/airflow/.local/lib/python3.7/site-packages/airflow/example_dags/example_sla_dag.py for tasks to queue
[2023-02-10T00:07:19.327+0000] {logging_mixin.py:137} INFO - [2023-02-10T00:07:19.327+0000] {dagbag.py:538} INFO - Filling up the DagBag from /home/airflow/.local/lib/python3.7/site-packages/airflow/example_dags/example_sla_dag.py
[2023-02-10T00:07:19.367+0000] {processor.py:753} INFO - DAG(s) dict_keys(['example_sla_dag']) retrieved from /home/airflow/.local/lib/python3.7/site-packages/airflow/example_dags/example_sla_dag.py
[2023-02-10T00:07:19.423+0000] {logging_mixin.py:137} INFO - [2023-02-10T00:07:19.423+0000] {dag.py:2690} INFO - Sync 1 DAGs
[2023-02-10T00:07:19.464+0000] {logging_mixin.py:137} INFO - [2023-02-10T00:07:19.464+0000] {dag.py:3441} INFO - Setting next_dagrun for example_sla_dag to 2023-02-10T00:04:00+00:00, run_after=2023-02-10T00:06:00+00:00
[2023-02-10T00:07:19.494+0000] {processor.py:175} INFO - Processing /home/airflow/.local/lib/python3.7/site-packages/airflow/example_dags/example_sla_dag.py took 0.174 seconds
[2023-02-10T00:07:49.598+0000] {processor.py:153} INFO - Started process (PID=3646) to work on /home/airflow/.local/lib/python3.7/site-packages/airflow/example_dags/example_sla_dag.py
[2023-02-10T00:07:49.599+0000] {processor.py:743} INFO - Processing file /home/airflow/.local/lib/python3.7/site-packages/airflow/example_dags/example_sla_dag.py for tasks to queue
[2023-02-10T00:07:49.600+0000] {logging_mixin.py:137} INFO - [2023-02-10T00:07:49.600+0000] {dagbag.py:538} INFO - Filling up the DagBag from /home/airflow/.local/lib/python3.7/site-packages/airflow/example_dags/example_sla_dag.py
[2023-02-10T00:07:49.636+0000] {processor.py:753} INFO - DAG(s) dict_keys(['example_sla_dag']) retrieved from /home/airflow/.local/lib/python3.7/site-packages/airflow/example_dags/example_sla_dag.py
[2023-02-10T00:07:49.665+0000] {logging_mixin.py:137} INFO - [2023-02-10T00:07:49.665+0000] {dag.py:2690} INFO - Sync 1 DAGs
[2023-02-10T00:07:49.704+0000] {logging_mixin.py:137} INFO - [2023-02-10T00:07:49.704+0000] {dag.py:3441} INFO - Setting next_dagrun for example_sla_dag to 2023-02-10T00:04:00+00:00, run_after=2023-02-10T00:06:00+00:00
[2023-02-10T00:07:49.729+0000] {processor.py:175} INFO - Processing /home/airflow/.local/lib/python3.7/site-packages/airflow/example_dags/example_sla_dag.py took 0.135 seconds
[2023-02-10T00:08:20.130+0000] {processor.py:153} INFO - Started process (PID=3715) to work on /home/airflow/.local/lib/python3.7/site-packages/airflow/example_dags/example_sla_dag.py
[2023-02-10T00:08:20.131+0000] {processor.py:743} INFO - Processing file /home/airflow/.local/lib/python3.7/site-packages/airflow/example_dags/example_sla_dag.py for tasks to queue
[2023-02-10T00:08:20.131+0000] {logging_mixin.py:137} INFO - [2023-02-10T00:08:20.131+0000] {dagbag.py:538} INFO - Filling up the DagBag from /home/airflow/.local/lib/python3.7/site-packages/airflow/example_dags/example_sla_dag.py
[2023-02-10T00:08:20.159+0000] {processor.py:753} INFO - DAG(s) dict_keys(['example_sla_dag']) retrieved from /home/airflow/.local/lib/python3.7/site-packages/airflow/example_dags/example_sla_dag.py
[2023-02-10T00:08:20.188+0000] {logging_mixin.py:137} INFO - [2023-02-10T00:08:20.188+0000] {dag.py:2690} INFO - Sync 1 DAGs
[2023-02-10T00:08:20.229+0000] {logging_mixin.py:137} INFO - [2023-02-10T00:08:20.229+0000] {dag.py:3441} INFO - Setting next_dagrun for example_sla_dag to 2023-02-10T00:06:00+00:00, run_after=2023-02-10T00:08:00+00:00
[2023-02-10T00:08:20.255+0000] {processor.py:175} INFO - Processing /home/airflow/.local/lib/python3.7/site-packages/airflow/example_dags/example_sla_dag.py took 0.128 seconds
[2023-02-10T00:08:50.529+0000] {processor.py:153} INFO - Started process (PID=3791) to work on /home/airflow/.local/lib/python3.7/site-packages/airflow/example_dags/example_sla_dag.py
[2023-02-10T00:08:50.530+0000] {processor.py:743} INFO - Processing file /home/airflow/.local/lib/python3.7/site-packages/airflow/example_dags/example_sla_dag.py for tasks to queue
[2023-02-10T00:08:50.530+0000] {logging_mixin.py:137} INFO - [2023-02-10T00:08:50.530+0000] {dagbag.py:538} INFO - Filling up the DagBag from /home/airflow/.local/lib/python3.7/site-packages/airflow/example_dags/example_sla_dag.py
[2023-02-10T00:08:50.561+0000] {processor.py:753} INFO - DAG(s) dict_keys(['example_sla_dag']) retrieved from /home/airflow/.local/lib/python3.7/site-packages/airflow/example_dags/example_sla_dag.py
[2023-02-10T00:08:50.607+0000] {logging_mixin.py:137} INFO - [2023-02-10T00:08:50.607+0000] {dag.py:2690} INFO - Sync 1 DAGs
[2023-02-10T00:08:50.665+0000] {logging_mixin.py:137} INFO - [2023-02-10T00:08:50.665+0000] {dag.py:3441} INFO - Setting next_dagrun for example_sla_dag to 2023-02-10T00:06:00+00:00, run_after=2023-02-10T00:08:00+00:00
[2023-02-10T00:08:50.692+0000] {processor.py:175} INFO - Processing /home/airflow/.local/lib/python3.7/site-packages/airflow/example_dags/example_sla_dag.py took 0.169 seconds
[2023-02-10T00:09:21.294+0000] {processor.py:153} INFO - Started process (PID=3864) to work on /home/airflow/.local/lib/python3.7/site-packages/airflow/example_dags/example_sla_dag.py
[2023-02-10T00:09:21.294+0000] {processor.py:743} INFO - Processing file /home/airflow/.local/lib/python3.7/site-packages/airflow/example_dags/example_sla_dag.py for tasks to queue
[2023-02-10T00:09:21.295+0000] {logging_mixin.py:137} INFO - [2023-02-10T00:09:21.295+0000] {dagbag.py:538} INFO - Filling up the DagBag from /home/airflow/.local/lib/python3.7/site-packages/airflow/example_dags/example_sla_dag.py
[2023-02-10T00:09:21.328+0000] {processor.py:753} INFO - DAG(s) dict_keys(['example_sla_dag']) retrieved from /home/airflow/.local/lib/python3.7/site-packages/airflow/example_dags/example_sla_dag.py
[2023-02-10T00:09:21.362+0000] {logging_mixin.py:137} INFO - [2023-02-10T00:09:21.362+0000] {dag.py:2690} INFO - Sync 1 DAGs
[2023-02-10T00:09:21.407+0000] {logging_mixin.py:137} INFO - [2023-02-10T00:09:21.407+0000] {dag.py:3441} INFO - Setting next_dagrun for example_sla_dag to 2023-02-10T00:06:00+00:00, run_after=2023-02-10T00:08:00+00:00
[2023-02-10T00:09:21.434+0000] {processor.py:175} INFO - Processing /home/airflow/.local/lib/python3.7/site-packages/airflow/example_dags/example_sla_dag.py took 0.145 seconds
[2023-02-10T00:09:51.591+0000] {processor.py:153} INFO - Started process (PID=3931) to work on /home/airflow/.local/lib/python3.7/site-packages/airflow/example_dags/example_sla_dag.py
[2023-02-10T00:09:51.592+0000] {processor.py:743} INFO - Processing file /home/airflow/.local/lib/python3.7/site-packages/airflow/example_dags/example_sla_dag.py for tasks to queue
[2023-02-10T00:09:51.593+0000] {logging_mixin.py:137} INFO - [2023-02-10T00:09:51.593+0000] {dagbag.py:538} INFO - Filling up the DagBag from /home/airflow/.local/lib/python3.7/site-packages/airflow/example_dags/example_sla_dag.py
[2023-02-10T00:09:51.622+0000] {processor.py:753} INFO - DAG(s) dict_keys(['example_sla_dag']) retrieved from /home/airflow/.local/lib/python3.7/site-packages/airflow/example_dags/example_sla_dag.py
[2023-02-10T00:09:51.650+0000] {logging_mixin.py:137} INFO - [2023-02-10T00:09:51.650+0000] {dag.py:2690} INFO - Sync 1 DAGs
[2023-02-10T00:09:51.691+0000] {logging_mixin.py:137} INFO - [2023-02-10T00:09:51.691+0000] {dag.py:3441} INFO - Setting next_dagrun for example_sla_dag to 2023-02-10T00:06:00+00:00, run_after=2023-02-10T00:08:00+00:00
[2023-02-10T00:09:51.717+0000] {processor.py:175} INFO - Processing /home/airflow/.local/lib/python3.7/site-packages/airflow/example_dags/example_sla_dag.py took 0.129 seconds
[2023-02-10T00:10:22.304+0000] {processor.py:153} INFO - Started process (PID=4007) to work on /home/airflow/.local/lib/python3.7/site-packages/airflow/example_dags/example_sla_dag.py
[2023-02-10T00:10:22.305+0000] {processor.py:743} INFO - Processing file /home/airflow/.local/lib/python3.7/site-packages/airflow/example_dags/example_sla_dag.py for tasks to queue
[2023-02-10T00:10:22.305+0000] {logging_mixin.py:137} INFO - [2023-02-10T00:10:22.305+0000] {dagbag.py:538} INFO - Filling up the DagBag from /home/airflow/.local/lib/python3.7/site-packages/airflow/example_dags/example_sla_dag.py
[2023-02-10T00:10:22.341+0000] {processor.py:753} INFO - DAG(s) dict_keys(['example_sla_dag']) retrieved from /home/airflow/.local/lib/python3.7/site-packages/airflow/example_dags/example_sla_dag.py
[2023-02-10T00:10:22.385+0000] {logging_mixin.py:137} INFO - [2023-02-10T00:10:22.385+0000] {dag.py:2690} INFO - Sync 1 DAGs
[2023-02-10T00:10:22.465+0000] {logging_mixin.py:137} INFO - [2023-02-10T00:10:22.465+0000] {dag.py:3441} INFO - Setting next_dagrun for example_sla_dag to 2023-02-10T00:08:00+00:00, run_after=2023-02-10T00:10:00+00:00
[2023-02-10T00:10:22.497+0000] {processor.py:175} INFO - Processing /home/airflow/.local/lib/python3.7/site-packages/airflow/example_dags/example_sla_dag.py took 0.197 seconds
[2023-02-10T00:10:52.890+0000] {processor.py:153} INFO - Started process (PID=4082) to work on /home/airflow/.local/lib/python3.7/site-packages/airflow/example_dags/example_sla_dag.py
[2023-02-10T00:10:52.891+0000] {processor.py:743} INFO - Processing file /home/airflow/.local/lib/python3.7/site-packages/airflow/example_dags/example_sla_dag.py for tasks to queue
[2023-02-10T00:10:52.892+0000] {logging_mixin.py:137} INFO - [2023-02-10T00:10:52.892+0000] {dagbag.py:538} INFO - Filling up the DagBag from /home/airflow/.local/lib/python3.7/site-packages/airflow/example_dags/example_sla_dag.py
[2023-02-10T00:10:52.919+0000] {processor.py:753} INFO - DAG(s) dict_keys(['example_sla_dag']) retrieved from /home/airflow/.local/lib/python3.7/site-packages/airflow/example_dags/example_sla_dag.py
[2023-02-10T00:10:52.948+0000] {logging_mixin.py:137} INFO - [2023-02-10T00:10:52.948+0000] {dag.py:2690} INFO - Sync 1 DAGs
[2023-02-10T00:10:52.989+0000] {logging_mixin.py:137} INFO - [2023-02-10T00:10:52.989+0000] {dag.py:3441} INFO - Setting next_dagrun for example_sla_dag to 2023-02-10T00:08:00+00:00, run_after=2023-02-10T00:10:00+00:00
[2023-02-10T00:10:53.023+0000] {processor.py:175} INFO - Processing /home/airflow/.local/lib/python3.7/site-packages/airflow/example_dags/example_sla_dag.py took 0.136 seconds
[2023-02-10T00:11:23.464+0000] {processor.py:153} INFO - Started process (PID=4149) to work on /home/airflow/.local/lib/python3.7/site-packages/airflow/example_dags/example_sla_dag.py
[2023-02-10T00:11:23.465+0000] {processor.py:743} INFO - Processing file /home/airflow/.local/lib/python3.7/site-packages/airflow/example_dags/example_sla_dag.py for tasks to queue
[2023-02-10T00:11:23.466+0000] {logging_mixin.py:137} INFO - [2023-02-10T00:11:23.466+0000] {dagbag.py:538} INFO - Filling up the DagBag from /home/airflow/.local/lib/python3.7/site-packages/airflow/example_dags/example_sla_dag.py
[2023-02-10T00:11:23.496+0000] {processor.py:753} INFO - DAG(s) dict_keys(['example_sla_dag']) retrieved from /home/airflow/.local/lib/python3.7/site-packages/airflow/example_dags/example_sla_dag.py
[2023-02-10T00:11:23.536+0000] {logging_mixin.py:137} INFO - [2023-02-10T00:11:23.536+0000] {dag.py:2690} INFO - Sync 1 DAGs
[2023-02-10T00:11:23.590+0000] {logging_mixin.py:137} INFO - [2023-02-10T00:11:23.590+0000] {dag.py:3441} INFO - Setting next_dagrun for example_sla_dag to 2023-02-10T00:08:00+00:00, run_after=2023-02-10T00:10:00+00:00
[2023-02-10T00:11:23.621+0000] {processor.py:175} INFO - Processing /home/airflow/.local/lib/python3.7/site-packages/airflow/example_dags/example_sla_dag.py took 0.160 seconds
[2023-02-10T00:11:53.841+0000] {processor.py:153} INFO - Started process (PID=4225) to work on /home/airflow/.local/lib/python3.7/site-packages/airflow/example_dags/example_sla_dag.py
[2023-02-10T00:11:53.841+0000] {processor.py:743} INFO - Processing file /home/airflow/.local/lib/python3.7/site-packages/airflow/example_dags/example_sla_dag.py for tasks to queue
[2023-02-10T00:11:53.842+0000] {logging_mixin.py:137} INFO - [2023-02-10T00:11:53.842+0000] {dagbag.py:538} INFO - Filling up the DagBag from /home/airflow/.local/lib/python3.7/site-packages/airflow/example_dags/example_sla_dag.py
[2023-02-10T00:11:53.876+0000] {processor.py:753} INFO - DAG(s) dict_keys(['example_sla_dag']) retrieved from /home/airflow/.local/lib/python3.7/site-packages/airflow/example_dags/example_sla_dag.py
[2023-02-10T00:11:53.930+0000] {logging_mixin.py:137} INFO - [2023-02-10T00:11:53.930+0000] {dag.py:2690} INFO - Sync 1 DAGs
[2023-02-10T00:11:53.974+0000] {logging_mixin.py:137} INFO - [2023-02-10T00:11:53.974+0000] {dag.py:3441} INFO - Setting next_dagrun for example_sla_dag to 2023-02-10T00:08:00+00:00, run_after=2023-02-10T00:10:00+00:00
[2023-02-10T00:11:54.026+0000] {processor.py:175} INFO - Processing /home/airflow/.local/lib/python3.7/site-packages/airflow/example_dags/example_sla_dag.py took 0.189 seconds
[2023-02-10T00:12:24.698+0000] {processor.py:153} INFO - Started process (PID=4300) to work on /home/airflow/.local/lib/python3.7/site-packages/airflow/example_dags/example_sla_dag.py
[2023-02-10T00:12:24.699+0000] {processor.py:743} INFO - Processing file /home/airflow/.local/lib/python3.7/site-packages/airflow/example_dags/example_sla_dag.py for tasks to queue
[2023-02-10T00:12:24.700+0000] {logging_mixin.py:137} INFO - [2023-02-10T00:12:24.699+0000] {dagbag.py:538} INFO - Filling up the DagBag from /home/airflow/.local/lib/python3.7/site-packages/airflow/example_dags/example_sla_dag.py
[2023-02-10T00:12:24.728+0000] {processor.py:753} INFO - DAG(s) dict_keys(['example_sla_dag']) retrieved from /home/airflow/.local/lib/python3.7/site-packages/airflow/example_dags/example_sla_dag.py
[2023-02-10T00:12:24.758+0000] {logging_mixin.py:137} INFO - [2023-02-10T00:12:24.758+0000] {dag.py:2690} INFO - Sync 1 DAGs
[2023-02-10T00:12:24.799+0000] {logging_mixin.py:137} INFO - [2023-02-10T00:12:24.798+0000] {dag.py:3441} INFO - Setting next_dagrun for example_sla_dag to 2023-02-10T00:10:00+00:00, run_after=2023-02-10T00:12:00+00:00
[2023-02-10T00:12:24.830+0000] {processor.py:175} INFO - Processing /home/airflow/.local/lib/python3.7/site-packages/airflow/example_dags/example_sla_dag.py took 0.136 seconds
[2023-02-10T00:12:55.060+0000] {processor.py:153} INFO - Started process (PID=4368) to work on /home/airflow/.local/lib/python3.7/site-packages/airflow/example_dags/example_sla_dag.py
[2023-02-10T00:12:55.060+0000] {processor.py:743} INFO - Processing file /home/airflow/.local/lib/python3.7/site-packages/airflow/example_dags/example_sla_dag.py for tasks to queue
[2023-02-10T00:12:55.061+0000] {logging_mixin.py:137} INFO - [2023-02-10T00:12:55.061+0000] {dagbag.py:538} INFO - Filling up the DagBag from /home/airflow/.local/lib/python3.7/site-packages/airflow/example_dags/example_sla_dag.py
[2023-02-10T00:12:55.090+0000] {processor.py:753} INFO - DAG(s) dict_keys(['example_sla_dag']) retrieved from /home/airflow/.local/lib/python3.7/site-packages/airflow/example_dags/example_sla_dag.py
[2023-02-10T00:12:55.127+0000] {logging_mixin.py:137} INFO - [2023-02-10T00:12:55.126+0000] {dag.py:2690} INFO - Sync 1 DAGs
[2023-02-10T00:12:55.175+0000] {logging_mixin.py:137} INFO - [2023-02-10T00:12:55.175+0000] {dag.py:3441} INFO - Setting next_dagrun for example_sla_dag to 2023-02-10T00:10:00+00:00, run_after=2023-02-10T00:12:00+00:00
[2023-02-10T00:12:55.202+0000] {processor.py:175} INFO - Processing /home/airflow/.local/lib/python3.7/site-packages/airflow/example_dags/example_sla_dag.py took 0.146 seconds
[2023-02-10T00:13:25.818+0000] {processor.py:153} INFO - Started process (PID=4435) to work on /home/airflow/.local/lib/python3.7/site-packages/airflow/example_dags/example_sla_dag.py
[2023-02-10T00:13:25.819+0000] {processor.py:743} INFO - Processing file /home/airflow/.local/lib/python3.7/site-packages/airflow/example_dags/example_sla_dag.py for tasks to queue
[2023-02-10T00:13:25.819+0000] {logging_mixin.py:137} INFO - [2023-02-10T00:13:25.819+0000] {dagbag.py:538} INFO - Filling up the DagBag from /home/airflow/.local/lib/python3.7/site-packages/airflow/example_dags/example_sla_dag.py
[2023-02-10T00:13:25.849+0000] {processor.py:753} INFO - DAG(s) dict_keys(['example_sla_dag']) retrieved from /home/airflow/.local/lib/python3.7/site-packages/airflow/example_dags/example_sla_dag.py
[2023-02-10T00:13:25.879+0000] {logging_mixin.py:137} INFO - [2023-02-10T00:13:25.879+0000] {dag.py:2690} INFO - Sync 1 DAGs
[2023-02-10T00:13:25.920+0000] {logging_mixin.py:137} INFO - [2023-02-10T00:13:25.920+0000] {dag.py:3441} INFO - Setting next_dagrun for example_sla_dag to 2023-02-10T00:10:00+00:00, run_after=2023-02-10T00:12:00+00:00
[2023-02-10T00:13:25.946+0000] {processor.py:175} INFO - Processing /home/airflow/.local/lib/python3.7/site-packages/airflow/example_dags/example_sla_dag.py took 0.131 seconds
