[2023-02-10T00:00:09.898+0000] {processor.py:153} INFO - Started process (PID=2545) to work on /home/airflow/.local/lib/python3.7/site-packages/airflow/example_dags/example_time_delta_sensor_async.py
[2023-02-10T00:00:09.899+0000] {processor.py:743} INFO - Processing file /home/airflow/.local/lib/python3.7/site-packages/airflow/example_dags/example_time_delta_sensor_async.py for tasks to queue
[2023-02-10T00:00:09.900+0000] {logging_mixin.py:137} INFO - [2023-02-10T00:00:09.899+0000] {dagbag.py:538} INFO - Filling up the DagBag from /home/airflow/.local/lib/python3.7/site-packages/airflow/example_dags/example_time_delta_sensor_async.py
[2023-02-10T00:00:09.920+0000] {processor.py:753} INFO - DAG(s) dict_keys(['example_time_delta_sensor_async']) retrieved from /home/airflow/.local/lib/python3.7/site-packages/airflow/example_dags/example_time_delta_sensor_async.py
[2023-02-10T00:00:09.950+0000] {logging_mixin.py:137} INFO - [2023-02-10T00:00:09.950+0000] {dag.py:2690} INFO - Sync 1 DAGs
[2023-02-10T00:00:09.996+0000] {logging_mixin.py:137} INFO - [2023-02-10T00:00:09.995+0000] {dag.py:3441} INFO - Setting next_dagrun for example_time_delta_sensor_async to None, run_after=None
[2023-02-10T00:00:10.021+0000] {processor.py:175} INFO - Processing /home/airflow/.local/lib/python3.7/site-packages/airflow/example_dags/example_time_delta_sensor_async.py took 0.128 seconds
[2023-02-10T00:00:40.434+0000] {processor.py:153} INFO - Started process (PID=2611) to work on /home/airflow/.local/lib/python3.7/site-packages/airflow/example_dags/example_time_delta_sensor_async.py
[2023-02-10T00:00:40.435+0000] {processor.py:743} INFO - Processing file /home/airflow/.local/lib/python3.7/site-packages/airflow/example_dags/example_time_delta_sensor_async.py for tasks to queue
[2023-02-10T00:00:40.436+0000] {logging_mixin.py:137} INFO - [2023-02-10T00:00:40.436+0000] {dagbag.py:538} INFO - Filling up the DagBag from /home/airflow/.local/lib/python3.7/site-packages/airflow/example_dags/example_time_delta_sensor_async.py
[2023-02-10T00:00:40.453+0000] {processor.py:753} INFO - DAG(s) dict_keys(['example_time_delta_sensor_async']) retrieved from /home/airflow/.local/lib/python3.7/site-packages/airflow/example_dags/example_time_delta_sensor_async.py
[2023-02-10T00:00:40.493+0000] {logging_mixin.py:137} INFO - [2023-02-10T00:00:40.493+0000] {dag.py:2690} INFO - Sync 1 DAGs
[2023-02-10T00:00:40.533+0000] {logging_mixin.py:137} INFO - [2023-02-10T00:00:40.533+0000] {dag.py:3441} INFO - Setting next_dagrun for example_time_delta_sensor_async to None, run_after=None
[2023-02-10T00:00:40.586+0000] {processor.py:175} INFO - Processing /home/airflow/.local/lib/python3.7/site-packages/airflow/example_dags/example_time_delta_sensor_async.py took 0.156 seconds
[2023-02-10T00:01:11.052+0000] {processor.py:153} INFO - Started process (PID=2691) to work on /home/airflow/.local/lib/python3.7/site-packages/airflow/example_dags/example_time_delta_sensor_async.py
[2023-02-10T00:01:11.053+0000] {processor.py:743} INFO - Processing file /home/airflow/.local/lib/python3.7/site-packages/airflow/example_dags/example_time_delta_sensor_async.py for tasks to queue
[2023-02-10T00:01:11.054+0000] {logging_mixin.py:137} INFO - [2023-02-10T00:01:11.053+0000] {dagbag.py:538} INFO - Filling up the DagBag from /home/airflow/.local/lib/python3.7/site-packages/airflow/example_dags/example_time_delta_sensor_async.py
[2023-02-10T00:01:11.069+0000] {processor.py:753} INFO - DAG(s) dict_keys(['example_time_delta_sensor_async']) retrieved from /home/airflow/.local/lib/python3.7/site-packages/airflow/example_dags/example_time_delta_sensor_async.py
[2023-02-10T00:01:11.097+0000] {logging_mixin.py:137} INFO - [2023-02-10T00:01:11.097+0000] {dag.py:2690} INFO - Sync 1 DAGs
[2023-02-10T00:01:11.132+0000] {logging_mixin.py:137} INFO - [2023-02-10T00:01:11.132+0000] {dag.py:3441} INFO - Setting next_dagrun for example_time_delta_sensor_async to None, run_after=None
[2023-02-10T00:01:11.161+0000] {processor.py:175} INFO - Processing /home/airflow/.local/lib/python3.7/site-packages/airflow/example_dags/example_time_delta_sensor_async.py took 0.112 seconds
[2023-02-10T00:01:41.620+0000] {processor.py:153} INFO - Started process (PID=2759) to work on /home/airflow/.local/lib/python3.7/site-packages/airflow/example_dags/example_time_delta_sensor_async.py
[2023-02-10T00:01:41.620+0000] {processor.py:743} INFO - Processing file /home/airflow/.local/lib/python3.7/site-packages/airflow/example_dags/example_time_delta_sensor_async.py for tasks to queue
[2023-02-10T00:01:41.621+0000] {logging_mixin.py:137} INFO - [2023-02-10T00:01:41.621+0000] {dagbag.py:538} INFO - Filling up the DagBag from /home/airflow/.local/lib/python3.7/site-packages/airflow/example_dags/example_time_delta_sensor_async.py
[2023-02-10T00:01:41.634+0000] {processor.py:753} INFO - DAG(s) dict_keys(['example_time_delta_sensor_async']) retrieved from /home/airflow/.local/lib/python3.7/site-packages/airflow/example_dags/example_time_delta_sensor_async.py
[2023-02-10T00:01:41.665+0000] {logging_mixin.py:137} INFO - [2023-02-10T00:01:41.665+0000] {dag.py:2690} INFO - Sync 1 DAGs
[2023-02-10T00:01:41.701+0000] {logging_mixin.py:137} INFO - [2023-02-10T00:01:41.700+0000] {dag.py:3441} INFO - Setting next_dagrun for example_time_delta_sensor_async to None, run_after=None
[2023-02-10T00:01:41.726+0000] {processor.py:175} INFO - Processing /home/airflow/.local/lib/python3.7/site-packages/airflow/example_dags/example_time_delta_sensor_async.py took 0.110 seconds
[2023-02-10T00:02:12.009+0000] {processor.py:153} INFO - Started process (PID=2826) to work on /home/airflow/.local/lib/python3.7/site-packages/airflow/example_dags/example_time_delta_sensor_async.py
[2023-02-10T00:02:12.010+0000] {processor.py:743} INFO - Processing file /home/airflow/.local/lib/python3.7/site-packages/airflow/example_dags/example_time_delta_sensor_async.py for tasks to queue
[2023-02-10T00:02:12.011+0000] {logging_mixin.py:137} INFO - [2023-02-10T00:02:12.010+0000] {dagbag.py:538} INFO - Filling up the DagBag from /home/airflow/.local/lib/python3.7/site-packages/airflow/example_dags/example_time_delta_sensor_async.py
[2023-02-10T00:02:12.024+0000] {processor.py:753} INFO - DAG(s) dict_keys(['example_time_delta_sensor_async']) retrieved from /home/airflow/.local/lib/python3.7/site-packages/airflow/example_dags/example_time_delta_sensor_async.py
[2023-02-10T00:02:12.055+0000] {logging_mixin.py:137} INFO - [2023-02-10T00:02:12.055+0000] {dag.py:2690} INFO - Sync 1 DAGs
[2023-02-10T00:02:12.092+0000] {logging_mixin.py:137} INFO - [2023-02-10T00:02:12.092+0000] {dag.py:3441} INFO - Setting next_dagrun for example_time_delta_sensor_async to None, run_after=None
[2023-02-10T00:02:12.118+0000] {processor.py:175} INFO - Processing /home/airflow/.local/lib/python3.7/site-packages/airflow/example_dags/example_time_delta_sensor_async.py took 0.112 seconds
[2023-02-10T00:02:42.447+0000] {processor.py:153} INFO - Started process (PID=2909) to work on /home/airflow/.local/lib/python3.7/site-packages/airflow/example_dags/example_time_delta_sensor_async.py
[2023-02-10T00:02:42.448+0000] {processor.py:743} INFO - Processing file /home/airflow/.local/lib/python3.7/site-packages/airflow/example_dags/example_time_delta_sensor_async.py for tasks to queue
[2023-02-10T00:02:42.448+0000] {logging_mixin.py:137} INFO - [2023-02-10T00:02:42.448+0000] {dagbag.py:538} INFO - Filling up the DagBag from /home/airflow/.local/lib/python3.7/site-packages/airflow/example_dags/example_time_delta_sensor_async.py
[2023-02-10T00:02:42.467+0000] {processor.py:753} INFO - DAG(s) dict_keys(['example_time_delta_sensor_async']) retrieved from /home/airflow/.local/lib/python3.7/site-packages/airflow/example_dags/example_time_delta_sensor_async.py
[2023-02-10T00:02:42.507+0000] {logging_mixin.py:137} INFO - [2023-02-10T00:02:42.507+0000] {dag.py:2690} INFO - Sync 1 DAGs
[2023-02-10T00:02:42.545+0000] {logging_mixin.py:137} INFO - [2023-02-10T00:02:42.545+0000] {dag.py:3441} INFO - Setting next_dagrun for example_time_delta_sensor_async to None, run_after=None
[2023-02-10T00:02:42.573+0000] {processor.py:175} INFO - Processing /home/airflow/.local/lib/python3.7/site-packages/airflow/example_dags/example_time_delta_sensor_async.py took 0.129 seconds
[2023-02-10T00:03:12.911+0000] {processor.py:153} INFO - Started process (PID=2978) to work on /home/airflow/.local/lib/python3.7/site-packages/airflow/example_dags/example_time_delta_sensor_async.py
[2023-02-10T00:03:12.912+0000] {processor.py:743} INFO - Processing file /home/airflow/.local/lib/python3.7/site-packages/airflow/example_dags/example_time_delta_sensor_async.py for tasks to queue
[2023-02-10T00:03:12.913+0000] {logging_mixin.py:137} INFO - [2023-02-10T00:03:12.912+0000] {dagbag.py:538} INFO - Filling up the DagBag from /home/airflow/.local/lib/python3.7/site-packages/airflow/example_dags/example_time_delta_sensor_async.py
[2023-02-10T00:03:12.926+0000] {processor.py:753} INFO - DAG(s) dict_keys(['example_time_delta_sensor_async']) retrieved from /home/airflow/.local/lib/python3.7/site-packages/airflow/example_dags/example_time_delta_sensor_async.py
[2023-02-10T00:03:12.960+0000] {logging_mixin.py:137} INFO - [2023-02-10T00:03:12.959+0000] {dag.py:2690} INFO - Sync 1 DAGs
[2023-02-10T00:03:12.998+0000] {logging_mixin.py:137} INFO - [2023-02-10T00:03:12.998+0000] {dag.py:3441} INFO - Setting next_dagrun for example_time_delta_sensor_async to None, run_after=None
[2023-02-10T00:03:13.028+0000] {processor.py:175} INFO - Processing /home/airflow/.local/lib/python3.7/site-packages/airflow/example_dags/example_time_delta_sensor_async.py took 0.122 seconds
[2023-02-10T00:03:43.356+0000] {processor.py:153} INFO - Started process (PID=3046) to work on /home/airflow/.local/lib/python3.7/site-packages/airflow/example_dags/example_time_delta_sensor_async.py
[2023-02-10T00:03:43.357+0000] {processor.py:743} INFO - Processing file /home/airflow/.local/lib/python3.7/site-packages/airflow/example_dags/example_time_delta_sensor_async.py for tasks to queue
[2023-02-10T00:03:43.358+0000] {logging_mixin.py:137} INFO - [2023-02-10T00:03:43.358+0000] {dagbag.py:538} INFO - Filling up the DagBag from /home/airflow/.local/lib/python3.7/site-packages/airflow/example_dags/example_time_delta_sensor_async.py
[2023-02-10T00:03:43.372+0000] {processor.py:753} INFO - DAG(s) dict_keys(['example_time_delta_sensor_async']) retrieved from /home/airflow/.local/lib/python3.7/site-packages/airflow/example_dags/example_time_delta_sensor_async.py
[2023-02-10T00:03:43.403+0000] {logging_mixin.py:137} INFO - [2023-02-10T00:03:43.403+0000] {dag.py:2690} INFO - Sync 1 DAGs
[2023-02-10T00:03:43.438+0000] {logging_mixin.py:137} INFO - [2023-02-10T00:03:43.438+0000] {dag.py:3441} INFO - Setting next_dagrun for example_time_delta_sensor_async to None, run_after=None
[2023-02-10T00:03:43.464+0000] {processor.py:175} INFO - Processing /home/airflow/.local/lib/python3.7/site-packages/airflow/example_dags/example_time_delta_sensor_async.py took 0.112 seconds
[2023-02-10T00:04:13.647+0000] {processor.py:153} INFO - Started process (PID=3128) to work on /home/airflow/.local/lib/python3.7/site-packages/airflow/example_dags/example_time_delta_sensor_async.py
[2023-02-10T00:04:13.648+0000] {processor.py:743} INFO - Processing file /home/airflow/.local/lib/python3.7/site-packages/airflow/example_dags/example_time_delta_sensor_async.py for tasks to queue
[2023-02-10T00:04:13.651+0000] {logging_mixin.py:137} INFO - [2023-02-10T00:04:13.649+0000] {dagbag.py:538} INFO - Filling up the DagBag from /home/airflow/.local/lib/python3.7/site-packages/airflow/example_dags/example_time_delta_sensor_async.py
[2023-02-10T00:04:13.673+0000] {processor.py:753} INFO - DAG(s) dict_keys(['example_time_delta_sensor_async']) retrieved from /home/airflow/.local/lib/python3.7/site-packages/airflow/example_dags/example_time_delta_sensor_async.py
[2023-02-10T00:04:13.704+0000] {logging_mixin.py:137} INFO - [2023-02-10T00:04:13.704+0000] {dag.py:2690} INFO - Sync 1 DAGs
[2023-02-10T00:04:13.742+0000] {logging_mixin.py:137} INFO - [2023-02-10T00:04:13.742+0000] {dag.py:3441} INFO - Setting next_dagrun for example_time_delta_sensor_async to None, run_after=None
[2023-02-10T00:04:13.769+0000] {processor.py:175} INFO - Processing /home/airflow/.local/lib/python3.7/site-packages/airflow/example_dags/example_time_delta_sensor_async.py took 0.127 seconds
[2023-02-10T00:04:44.393+0000] {processor.py:153} INFO - Started process (PID=3196) to work on /home/airflow/.local/lib/python3.7/site-packages/airflow/example_dags/example_time_delta_sensor_async.py
[2023-02-10T00:04:44.394+0000] {processor.py:743} INFO - Processing file /home/airflow/.local/lib/python3.7/site-packages/airflow/example_dags/example_time_delta_sensor_async.py for tasks to queue
[2023-02-10T00:04:44.394+0000] {logging_mixin.py:137} INFO - [2023-02-10T00:04:44.394+0000] {dagbag.py:538} INFO - Filling up the DagBag from /home/airflow/.local/lib/python3.7/site-packages/airflow/example_dags/example_time_delta_sensor_async.py
[2023-02-10T00:04:44.408+0000] {processor.py:753} INFO - DAG(s) dict_keys(['example_time_delta_sensor_async']) retrieved from /home/airflow/.local/lib/python3.7/site-packages/airflow/example_dags/example_time_delta_sensor_async.py
[2023-02-10T00:04:44.438+0000] {logging_mixin.py:137} INFO - [2023-02-10T00:04:44.438+0000] {dag.py:2690} INFO - Sync 1 DAGs
[2023-02-10T00:04:44.473+0000] {logging_mixin.py:137} INFO - [2023-02-10T00:04:44.472+0000] {dag.py:3441} INFO - Setting next_dagrun for example_time_delta_sensor_async to None, run_after=None
[2023-02-10T00:04:44.498+0000] {processor.py:175} INFO - Processing /home/airflow/.local/lib/python3.7/site-packages/airflow/example_dags/example_time_delta_sensor_async.py took 0.109 seconds
[2023-02-10T00:05:14.920+0000] {processor.py:153} INFO - Started process (PID=3262) to work on /home/airflow/.local/lib/python3.7/site-packages/airflow/example_dags/example_time_delta_sensor_async.py
[2023-02-10T00:05:14.921+0000] {processor.py:743} INFO - Processing file /home/airflow/.local/lib/python3.7/site-packages/airflow/example_dags/example_time_delta_sensor_async.py for tasks to queue
[2023-02-10T00:05:14.922+0000] {logging_mixin.py:137} INFO - [2023-02-10T00:05:14.922+0000] {dagbag.py:538} INFO - Filling up the DagBag from /home/airflow/.local/lib/python3.7/site-packages/airflow/example_dags/example_time_delta_sensor_async.py
[2023-02-10T00:05:14.936+0000] {processor.py:753} INFO - DAG(s) dict_keys(['example_time_delta_sensor_async']) retrieved from /home/airflow/.local/lib/python3.7/site-packages/airflow/example_dags/example_time_delta_sensor_async.py
[2023-02-10T00:05:14.965+0000] {logging_mixin.py:137} INFO - [2023-02-10T00:05:14.965+0000] {dag.py:2690} INFO - Sync 1 DAGs
[2023-02-10T00:05:15.003+0000] {logging_mixin.py:137} INFO - [2023-02-10T00:05:15.003+0000] {dag.py:3441} INFO - Setting next_dagrun for example_time_delta_sensor_async to None, run_after=None
[2023-02-10T00:05:15.037+0000] {processor.py:175} INFO - Processing /home/airflow/.local/lib/python3.7/site-packages/airflow/example_dags/example_time_delta_sensor_async.py took 0.121 seconds
[2023-02-10T00:05:45.703+0000] {processor.py:153} INFO - Started process (PID=3346) to work on /home/airflow/.local/lib/python3.7/site-packages/airflow/example_dags/example_time_delta_sensor_async.py
[2023-02-10T00:05:45.704+0000] {processor.py:743} INFO - Processing file /home/airflow/.local/lib/python3.7/site-packages/airflow/example_dags/example_time_delta_sensor_async.py for tasks to queue
[2023-02-10T00:05:45.704+0000] {logging_mixin.py:137} INFO - [2023-02-10T00:05:45.704+0000] {dagbag.py:538} INFO - Filling up the DagBag from /home/airflow/.local/lib/python3.7/site-packages/airflow/example_dags/example_time_delta_sensor_async.py
[2023-02-10T00:05:45.717+0000] {processor.py:753} INFO - DAG(s) dict_keys(['example_time_delta_sensor_async']) retrieved from /home/airflow/.local/lib/python3.7/site-packages/airflow/example_dags/example_time_delta_sensor_async.py
[2023-02-10T00:05:45.747+0000] {logging_mixin.py:137} INFO - [2023-02-10T00:05:45.746+0000] {dag.py:2690} INFO - Sync 1 DAGs
[2023-02-10T00:05:45.781+0000] {logging_mixin.py:137} INFO - [2023-02-10T00:05:45.781+0000] {dag.py:3441} INFO - Setting next_dagrun for example_time_delta_sensor_async to None, run_after=None
[2023-02-10T00:05:45.813+0000] {processor.py:175} INFO - Processing /home/airflow/.local/lib/python3.7/site-packages/airflow/example_dags/example_time_delta_sensor_async.py took 0.113 seconds
[2023-02-10T00:06:16.463+0000] {processor.py:153} INFO - Started process (PID=3415) to work on /home/airflow/.local/lib/python3.7/site-packages/airflow/example_dags/example_time_delta_sensor_async.py
[2023-02-10T00:06:16.464+0000] {processor.py:743} INFO - Processing file /home/airflow/.local/lib/python3.7/site-packages/airflow/example_dags/example_time_delta_sensor_async.py for tasks to queue
[2023-02-10T00:06:16.465+0000] {logging_mixin.py:137} INFO - [2023-02-10T00:06:16.465+0000] {dagbag.py:538} INFO - Filling up the DagBag from /home/airflow/.local/lib/python3.7/site-packages/airflow/example_dags/example_time_delta_sensor_async.py
[2023-02-10T00:06:16.478+0000] {processor.py:753} INFO - DAG(s) dict_keys(['example_time_delta_sensor_async']) retrieved from /home/airflow/.local/lib/python3.7/site-packages/airflow/example_dags/example_time_delta_sensor_async.py
[2023-02-10T00:06:16.507+0000] {logging_mixin.py:137} INFO - [2023-02-10T00:06:16.506+0000] {dag.py:2690} INFO - Sync 1 DAGs
[2023-02-10T00:06:16.541+0000] {logging_mixin.py:137} INFO - [2023-02-10T00:06:16.541+0000] {dag.py:3441} INFO - Setting next_dagrun for example_time_delta_sensor_async to None, run_after=None
[2023-02-10T00:06:16.567+0000] {processor.py:175} INFO - Processing /home/airflow/.local/lib/python3.7/site-packages/airflow/example_dags/example_time_delta_sensor_async.py took 0.108 seconds
[2023-02-10T00:06:47.433+0000] {processor.py:153} INFO - Started process (PID=3484) to work on /home/airflow/.local/lib/python3.7/site-packages/airflow/example_dags/example_time_delta_sensor_async.py
[2023-02-10T00:06:47.434+0000] {processor.py:743} INFO - Processing file /home/airflow/.local/lib/python3.7/site-packages/airflow/example_dags/example_time_delta_sensor_async.py for tasks to queue
[2023-02-10T00:06:47.434+0000] {logging_mixin.py:137} INFO - [2023-02-10T00:06:47.434+0000] {dagbag.py:538} INFO - Filling up the DagBag from /home/airflow/.local/lib/python3.7/site-packages/airflow/example_dags/example_time_delta_sensor_async.py
[2023-02-10T00:06:47.447+0000] {processor.py:753} INFO - DAG(s) dict_keys(['example_time_delta_sensor_async']) retrieved from /home/airflow/.local/lib/python3.7/site-packages/airflow/example_dags/example_time_delta_sensor_async.py
[2023-02-10T00:06:47.475+0000] {logging_mixin.py:137} INFO - [2023-02-10T00:06:47.475+0000] {dag.py:2690} INFO - Sync 1 DAGs
[2023-02-10T00:06:47.511+0000] {logging_mixin.py:137} INFO - [2023-02-10T00:06:47.511+0000] {dag.py:3441} INFO - Setting next_dagrun for example_time_delta_sensor_async to None, run_after=None
[2023-02-10T00:06:47.538+0000] {processor.py:175} INFO - Processing /home/airflow/.local/lib/python3.7/site-packages/airflow/example_dags/example_time_delta_sensor_async.py took 0.108 seconds
[2023-02-10T00:07:18.249+0000] {processor.py:153} INFO - Started process (PID=3567) to work on /home/airflow/.local/lib/python3.7/site-packages/airflow/example_dags/example_time_delta_sensor_async.py
[2023-02-10T00:07:18.250+0000] {processor.py:743} INFO - Processing file /home/airflow/.local/lib/python3.7/site-packages/airflow/example_dags/example_time_delta_sensor_async.py for tasks to queue
[2023-02-10T00:07:18.251+0000] {logging_mixin.py:137} INFO - [2023-02-10T00:07:18.251+0000] {dagbag.py:538} INFO - Filling up the DagBag from /home/airflow/.local/lib/python3.7/site-packages/airflow/example_dags/example_time_delta_sensor_async.py
[2023-02-10T00:07:18.268+0000] {processor.py:753} INFO - DAG(s) dict_keys(['example_time_delta_sensor_async']) retrieved from /home/airflow/.local/lib/python3.7/site-packages/airflow/example_dags/example_time_delta_sensor_async.py
[2023-02-10T00:07:18.303+0000] {logging_mixin.py:137} INFO - [2023-02-10T00:07:18.303+0000] {dag.py:2690} INFO - Sync 1 DAGs
[2023-02-10T00:07:18.344+0000] {logging_mixin.py:137} INFO - [2023-02-10T00:07:18.344+0000] {dag.py:3441} INFO - Setting next_dagrun for example_time_delta_sensor_async to None, run_after=None
[2023-02-10T00:07:18.372+0000] {processor.py:175} INFO - Processing /home/airflow/.local/lib/python3.7/site-packages/airflow/example_dags/example_time_delta_sensor_async.py took 0.127 seconds
[2023-02-10T00:07:48.749+0000] {processor.py:153} INFO - Started process (PID=3635) to work on /home/airflow/.local/lib/python3.7/site-packages/airflow/example_dags/example_time_delta_sensor_async.py
[2023-02-10T00:07:48.750+0000] {processor.py:743} INFO - Processing file /home/airflow/.local/lib/python3.7/site-packages/airflow/example_dags/example_time_delta_sensor_async.py for tasks to queue
[2023-02-10T00:07:48.751+0000] {logging_mixin.py:137} INFO - [2023-02-10T00:07:48.751+0000] {dagbag.py:538} INFO - Filling up the DagBag from /home/airflow/.local/lib/python3.7/site-packages/airflow/example_dags/example_time_delta_sensor_async.py
[2023-02-10T00:07:48.771+0000] {processor.py:753} INFO - DAG(s) dict_keys(['example_time_delta_sensor_async']) retrieved from /home/airflow/.local/lib/python3.7/site-packages/airflow/example_dags/example_time_delta_sensor_async.py
[2023-02-10T00:07:48.801+0000] {logging_mixin.py:137} INFO - [2023-02-10T00:07:48.801+0000] {dag.py:2690} INFO - Sync 1 DAGs
[2023-02-10T00:07:48.836+0000] {logging_mixin.py:137} INFO - [2023-02-10T00:07:48.836+0000] {dag.py:3441} INFO - Setting next_dagrun for example_time_delta_sensor_async to None, run_after=None
[2023-02-10T00:07:48.862+0000] {processor.py:175} INFO - Processing /home/airflow/.local/lib/python3.7/site-packages/airflow/example_dags/example_time_delta_sensor_async.py took 0.118 seconds
[2023-02-10T00:08:19.107+0000] {processor.py:153} INFO - Started process (PID=3703) to work on /home/airflow/.local/lib/python3.7/site-packages/airflow/example_dags/example_time_delta_sensor_async.py
[2023-02-10T00:08:19.108+0000] {processor.py:743} INFO - Processing file /home/airflow/.local/lib/python3.7/site-packages/airflow/example_dags/example_time_delta_sensor_async.py for tasks to queue
[2023-02-10T00:08:19.109+0000] {logging_mixin.py:137} INFO - [2023-02-10T00:08:19.109+0000] {dagbag.py:538} INFO - Filling up the DagBag from /home/airflow/.local/lib/python3.7/site-packages/airflow/example_dags/example_time_delta_sensor_async.py
[2023-02-10T00:08:19.125+0000] {processor.py:753} INFO - DAG(s) dict_keys(['example_time_delta_sensor_async']) retrieved from /home/airflow/.local/lib/python3.7/site-packages/airflow/example_dags/example_time_delta_sensor_async.py
[2023-02-10T00:08:19.166+0000] {logging_mixin.py:137} INFO - [2023-02-10T00:08:19.166+0000] {dag.py:2690} INFO - Sync 1 DAGs
[2023-02-10T00:08:19.205+0000] {logging_mixin.py:137} INFO - [2023-02-10T00:08:19.205+0000] {dag.py:3441} INFO - Setting next_dagrun for example_time_delta_sensor_async to None, run_after=None
[2023-02-10T00:08:19.235+0000] {processor.py:175} INFO - Processing /home/airflow/.local/lib/python3.7/site-packages/airflow/example_dags/example_time_delta_sensor_async.py took 0.131 seconds
[2023-02-10T00:08:49.625+0000] {processor.py:153} INFO - Started process (PID=3778) to work on /home/airflow/.local/lib/python3.7/site-packages/airflow/example_dags/example_time_delta_sensor_async.py
[2023-02-10T00:08:49.626+0000] {processor.py:743} INFO - Processing file /home/airflow/.local/lib/python3.7/site-packages/airflow/example_dags/example_time_delta_sensor_async.py for tasks to queue
[2023-02-10T00:08:49.627+0000] {logging_mixin.py:137} INFO - [2023-02-10T00:08:49.627+0000] {dagbag.py:538} INFO - Filling up the DagBag from /home/airflow/.local/lib/python3.7/site-packages/airflow/example_dags/example_time_delta_sensor_async.py
[2023-02-10T00:08:49.644+0000] {processor.py:753} INFO - DAG(s) dict_keys(['example_time_delta_sensor_async']) retrieved from /home/airflow/.local/lib/python3.7/site-packages/airflow/example_dags/example_time_delta_sensor_async.py
[2023-02-10T00:08:49.676+0000] {logging_mixin.py:137} INFO - [2023-02-10T00:08:49.676+0000] {dag.py:2690} INFO - Sync 1 DAGs
[2023-02-10T00:08:49.716+0000] {logging_mixin.py:137} INFO - [2023-02-10T00:08:49.716+0000] {dag.py:3441} INFO - Setting next_dagrun for example_time_delta_sensor_async to None, run_after=None
[2023-02-10T00:08:49.752+0000] {processor.py:175} INFO - Processing /home/airflow/.local/lib/python3.7/site-packages/airflow/example_dags/example_time_delta_sensor_async.py took 0.131 seconds
[2023-02-10T00:09:20.390+0000] {processor.py:153} INFO - Started process (PID=3853) to work on /home/airflow/.local/lib/python3.7/site-packages/airflow/example_dags/example_time_delta_sensor_async.py
[2023-02-10T00:09:20.390+0000] {processor.py:743} INFO - Processing file /home/airflow/.local/lib/python3.7/site-packages/airflow/example_dags/example_time_delta_sensor_async.py for tasks to queue
[2023-02-10T00:09:20.391+0000] {logging_mixin.py:137} INFO - [2023-02-10T00:09:20.391+0000] {dagbag.py:538} INFO - Filling up the DagBag from /home/airflow/.local/lib/python3.7/site-packages/airflow/example_dags/example_time_delta_sensor_async.py
[2023-02-10T00:09:20.404+0000] {processor.py:753} INFO - DAG(s) dict_keys(['example_time_delta_sensor_async']) retrieved from /home/airflow/.local/lib/python3.7/site-packages/airflow/example_dags/example_time_delta_sensor_async.py
[2023-02-10T00:09:20.432+0000] {logging_mixin.py:137} INFO - [2023-02-10T00:09:20.432+0000] {dag.py:2690} INFO - Sync 1 DAGs
[2023-02-10T00:09:20.467+0000] {logging_mixin.py:137} INFO - [2023-02-10T00:09:20.467+0000] {dag.py:3441} INFO - Setting next_dagrun for example_time_delta_sensor_async to None, run_after=None
[2023-02-10T00:09:20.493+0000] {processor.py:175} INFO - Processing /home/airflow/.local/lib/python3.7/site-packages/airflow/example_dags/example_time_delta_sensor_async.py took 0.106 seconds
[2023-02-10T00:09:50.717+0000] {processor.py:153} INFO - Started process (PID=3920) to work on /home/airflow/.local/lib/python3.7/site-packages/airflow/example_dags/example_time_delta_sensor_async.py
[2023-02-10T00:09:50.718+0000] {processor.py:743} INFO - Processing file /home/airflow/.local/lib/python3.7/site-packages/airflow/example_dags/example_time_delta_sensor_async.py for tasks to queue
[2023-02-10T00:09:50.719+0000] {logging_mixin.py:137} INFO - [2023-02-10T00:09:50.718+0000] {dagbag.py:538} INFO - Filling up the DagBag from /home/airflow/.local/lib/python3.7/site-packages/airflow/example_dags/example_time_delta_sensor_async.py
[2023-02-10T00:09:50.732+0000] {processor.py:753} INFO - DAG(s) dict_keys(['example_time_delta_sensor_async']) retrieved from /home/airflow/.local/lib/python3.7/site-packages/airflow/example_dags/example_time_delta_sensor_async.py
[2023-02-10T00:09:50.765+0000] {logging_mixin.py:137} INFO - [2023-02-10T00:09:50.764+0000] {dag.py:2690} INFO - Sync 1 DAGs
[2023-02-10T00:09:50.801+0000] {logging_mixin.py:137} INFO - [2023-02-10T00:09:50.800+0000] {dag.py:3441} INFO - Setting next_dagrun for example_time_delta_sensor_async to None, run_after=None
[2023-02-10T00:09:50.829+0000] {processor.py:175} INFO - Processing /home/airflow/.local/lib/python3.7/site-packages/airflow/example_dags/example_time_delta_sensor_async.py took 0.115 seconds
[2023-02-10T00:10:21.283+0000] {processor.py:153} INFO - Started process (PID=3989) to work on /home/airflow/.local/lib/python3.7/site-packages/airflow/example_dags/example_time_delta_sensor_async.py
[2023-02-10T00:10:21.284+0000] {processor.py:743} INFO - Processing file /home/airflow/.local/lib/python3.7/site-packages/airflow/example_dags/example_time_delta_sensor_async.py for tasks to queue
[2023-02-10T00:10:21.285+0000] {logging_mixin.py:137} INFO - [2023-02-10T00:10:21.285+0000] {dagbag.py:538} INFO - Filling up the DagBag from /home/airflow/.local/lib/python3.7/site-packages/airflow/example_dags/example_time_delta_sensor_async.py
[2023-02-10T00:10:21.307+0000] {processor.py:753} INFO - DAG(s) dict_keys(['example_time_delta_sensor_async']) retrieved from /home/airflow/.local/lib/python3.7/site-packages/airflow/example_dags/example_time_delta_sensor_async.py
[2023-02-10T00:10:21.357+0000] {logging_mixin.py:137} INFO - [2023-02-10T00:10:21.356+0000] {dag.py:2690} INFO - Sync 1 DAGs
[2023-02-10T00:10:21.407+0000] {logging_mixin.py:137} INFO - [2023-02-10T00:10:21.407+0000] {dag.py:3441} INFO - Setting next_dagrun for example_time_delta_sensor_async to None, run_after=None
[2023-02-10T00:10:21.446+0000] {processor.py:175} INFO - Processing /home/airflow/.local/lib/python3.7/site-packages/airflow/example_dags/example_time_delta_sensor_async.py took 0.167 seconds
[2023-02-10T00:10:51.952+0000] {processor.py:153} INFO - Started process (PID=4071) to work on /home/airflow/.local/lib/python3.7/site-packages/airflow/example_dags/example_time_delta_sensor_async.py
[2023-02-10T00:10:51.953+0000] {processor.py:743} INFO - Processing file /home/airflow/.local/lib/python3.7/site-packages/airflow/example_dags/example_time_delta_sensor_async.py for tasks to queue
[2023-02-10T00:10:51.954+0000] {logging_mixin.py:137} INFO - [2023-02-10T00:10:51.954+0000] {dagbag.py:538} INFO - Filling up the DagBag from /home/airflow/.local/lib/python3.7/site-packages/airflow/example_dags/example_time_delta_sensor_async.py
[2023-02-10T00:10:51.968+0000] {processor.py:753} INFO - DAG(s) dict_keys(['example_time_delta_sensor_async']) retrieved from /home/airflow/.local/lib/python3.7/site-packages/airflow/example_dags/example_time_delta_sensor_async.py
[2023-02-10T00:10:51.998+0000] {logging_mixin.py:137} INFO - [2023-02-10T00:10:51.998+0000] {dag.py:2690} INFO - Sync 1 DAGs
[2023-02-10T00:10:52.035+0000] {logging_mixin.py:137} INFO - [2023-02-10T00:10:52.035+0000] {dag.py:3441} INFO - Setting next_dagrun for example_time_delta_sensor_async to None, run_after=None
[2023-02-10T00:10:52.061+0000] {processor.py:175} INFO - Processing /home/airflow/.local/lib/python3.7/site-packages/airflow/example_dags/example_time_delta_sensor_async.py took 0.112 seconds
[2023-02-10T00:11:22.584+0000] {processor.py:153} INFO - Started process (PID=4138) to work on /home/airflow/.local/lib/python3.7/site-packages/airflow/example_dags/example_time_delta_sensor_async.py
[2023-02-10T00:11:22.585+0000] {processor.py:743} INFO - Processing file /home/airflow/.local/lib/python3.7/site-packages/airflow/example_dags/example_time_delta_sensor_async.py for tasks to queue
[2023-02-10T00:11:22.586+0000] {logging_mixin.py:137} INFO - [2023-02-10T00:11:22.586+0000] {dagbag.py:538} INFO - Filling up the DagBag from /home/airflow/.local/lib/python3.7/site-packages/airflow/example_dags/example_time_delta_sensor_async.py
[2023-02-10T00:11:22.600+0000] {processor.py:753} INFO - DAG(s) dict_keys(['example_time_delta_sensor_async']) retrieved from /home/airflow/.local/lib/python3.7/site-packages/airflow/example_dags/example_time_delta_sensor_async.py
[2023-02-10T00:11:22.632+0000] {logging_mixin.py:137} INFO - [2023-02-10T00:11:22.631+0000] {dag.py:2690} INFO - Sync 1 DAGs
[2023-02-10T00:11:22.669+0000] {logging_mixin.py:137} INFO - [2023-02-10T00:11:22.669+0000] {dag.py:3441} INFO - Setting next_dagrun for example_time_delta_sensor_async to None, run_after=None
[2023-02-10T00:11:22.699+0000] {processor.py:175} INFO - Processing /home/airflow/.local/lib/python3.7/site-packages/airflow/example_dags/example_time_delta_sensor_async.py took 0.118 seconds
[2023-02-10T00:11:52.917+0000] {processor.py:153} INFO - Started process (PID=4207) to work on /home/airflow/.local/lib/python3.7/site-packages/airflow/example_dags/example_time_delta_sensor_async.py
[2023-02-10T00:11:52.918+0000] {processor.py:743} INFO - Processing file /home/airflow/.local/lib/python3.7/site-packages/airflow/example_dags/example_time_delta_sensor_async.py for tasks to queue
[2023-02-10T00:11:52.919+0000] {logging_mixin.py:137} INFO - [2023-02-10T00:11:52.919+0000] {dagbag.py:538} INFO - Filling up the DagBag from /home/airflow/.local/lib/python3.7/site-packages/airflow/example_dags/example_time_delta_sensor_async.py
[2023-02-10T00:11:52.932+0000] {processor.py:753} INFO - DAG(s) dict_keys(['example_time_delta_sensor_async']) retrieved from /home/airflow/.local/lib/python3.7/site-packages/airflow/example_dags/example_time_delta_sensor_async.py
[2023-02-10T00:11:52.968+0000] {logging_mixin.py:137} INFO - [2023-02-10T00:11:52.968+0000] {dag.py:2690} INFO - Sync 1 DAGs
[2023-02-10T00:11:53.007+0000] {logging_mixin.py:137} INFO - [2023-02-10T00:11:53.007+0000] {dag.py:3441} INFO - Setting next_dagrun for example_time_delta_sensor_async to None, run_after=None
[2023-02-10T00:11:53.033+0000] {processor.py:175} INFO - Processing /home/airflow/.local/lib/python3.7/site-packages/airflow/example_dags/example_time_delta_sensor_async.py took 0.119 seconds
[2023-02-10T00:12:23.713+0000] {processor.py:153} INFO - Started process (PID=4289) to work on /home/airflow/.local/lib/python3.7/site-packages/airflow/example_dags/example_time_delta_sensor_async.py
[2023-02-10T00:12:23.714+0000] {processor.py:743} INFO - Processing file /home/airflow/.local/lib/python3.7/site-packages/airflow/example_dags/example_time_delta_sensor_async.py for tasks to queue
[2023-02-10T00:12:23.714+0000] {logging_mixin.py:137} INFO - [2023-02-10T00:12:23.714+0000] {dagbag.py:538} INFO - Filling up the DagBag from /home/airflow/.local/lib/python3.7/site-packages/airflow/example_dags/example_time_delta_sensor_async.py
[2023-02-10T00:12:23.729+0000] {processor.py:753} INFO - DAG(s) dict_keys(['example_time_delta_sensor_async']) retrieved from /home/airflow/.local/lib/python3.7/site-packages/airflow/example_dags/example_time_delta_sensor_async.py
[2023-02-10T00:12:23.760+0000] {logging_mixin.py:137} INFO - [2023-02-10T00:12:23.760+0000] {dag.py:2690} INFO - Sync 1 DAGs
[2023-02-10T00:12:23.796+0000] {logging_mixin.py:137} INFO - [2023-02-10T00:12:23.796+0000] {dag.py:3441} INFO - Setting next_dagrun for example_time_delta_sensor_async to None, run_after=None
[2023-02-10T00:12:23.824+0000] {processor.py:175} INFO - Processing /home/airflow/.local/lib/python3.7/site-packages/airflow/example_dags/example_time_delta_sensor_async.py took 0.115 seconds
[2023-02-10T00:12:54.150+0000] {processor.py:153} INFO - Started process (PID=4357) to work on /home/airflow/.local/lib/python3.7/site-packages/airflow/example_dags/example_time_delta_sensor_async.py
[2023-02-10T00:12:54.151+0000] {processor.py:743} INFO - Processing file /home/airflow/.local/lib/python3.7/site-packages/airflow/example_dags/example_time_delta_sensor_async.py for tasks to queue
[2023-02-10T00:12:54.152+0000] {logging_mixin.py:137} INFO - [2023-02-10T00:12:54.152+0000] {dagbag.py:538} INFO - Filling up the DagBag from /home/airflow/.local/lib/python3.7/site-packages/airflow/example_dags/example_time_delta_sensor_async.py
[2023-02-10T00:12:54.167+0000] {processor.py:753} INFO - DAG(s) dict_keys(['example_time_delta_sensor_async']) retrieved from /home/airflow/.local/lib/python3.7/site-packages/airflow/example_dags/example_time_delta_sensor_async.py
[2023-02-10T00:12:54.198+0000] {logging_mixin.py:137} INFO - [2023-02-10T00:12:54.197+0000] {dag.py:2690} INFO - Sync 1 DAGs
[2023-02-10T00:12:54.234+0000] {logging_mixin.py:137} INFO - [2023-02-10T00:12:54.234+0000] {dag.py:3441} INFO - Setting next_dagrun for example_time_delta_sensor_async to None, run_after=None
[2023-02-10T00:12:54.260+0000] {processor.py:175} INFO - Processing /home/airflow/.local/lib/python3.7/site-packages/airflow/example_dags/example_time_delta_sensor_async.py took 0.113 seconds
[2023-02-10T00:13:24.796+0000] {processor.py:153} INFO - Started process (PID=4424) to work on /home/airflow/.local/lib/python3.7/site-packages/airflow/example_dags/example_time_delta_sensor_async.py
[2023-02-10T00:13:24.797+0000] {processor.py:743} INFO - Processing file /home/airflow/.local/lib/python3.7/site-packages/airflow/example_dags/example_time_delta_sensor_async.py for tasks to queue
[2023-02-10T00:13:24.798+0000] {logging_mixin.py:137} INFO - [2023-02-10T00:13:24.797+0000] {dagbag.py:538} INFO - Filling up the DagBag from /home/airflow/.local/lib/python3.7/site-packages/airflow/example_dags/example_time_delta_sensor_async.py
[2023-02-10T00:13:24.812+0000] {processor.py:753} INFO - DAG(s) dict_keys(['example_time_delta_sensor_async']) retrieved from /home/airflow/.local/lib/python3.7/site-packages/airflow/example_dags/example_time_delta_sensor_async.py
[2023-02-10T00:13:24.843+0000] {logging_mixin.py:137} INFO - [2023-02-10T00:13:24.843+0000] {dag.py:2690} INFO - Sync 1 DAGs
[2023-02-10T00:13:24.879+0000] {logging_mixin.py:137} INFO - [2023-02-10T00:13:24.879+0000] {dag.py:3441} INFO - Setting next_dagrun for example_time_delta_sensor_async to None, run_after=None
[2023-02-10T00:13:24.906+0000] {processor.py:175} INFO - Processing /home/airflow/.local/lib/python3.7/site-packages/airflow/example_dags/example_time_delta_sensor_async.py took 0.115 seconds
