[2023-02-10T00:00:10.343+0000] {processor.py:153} INFO - Started process (PID=2551) to work on /home/airflow/.local/lib/python3.7/site-packages/airflow/example_dags/example_datasets.py
[2023-02-10T00:00:10.344+0000] {processor.py:743} INFO - Processing file /home/airflow/.local/lib/python3.7/site-packages/airflow/example_dags/example_datasets.py for tasks to queue
[2023-02-10T00:00:10.345+0000] {logging_mixin.py:137} INFO - [2023-02-10T00:00:10.345+0000] {dagbag.py:538} INFO - Filling up the DagBag from /home/airflow/.local/lib/python3.7/site-packages/airflow/example_dags/example_datasets.py
[2023-02-10T00:00:10.372+0000] {processor.py:753} INFO - DAG(s) dict_keys(['dataset_consumes_1_and_2', 'dataset_produces_2', 'dataset_consumes_unknown_never_scheduled', 'dataset_produces_1', 'dataset_consumes_1_never_scheduled', 'dataset_consumes_1']) retrieved from /home/airflow/.local/lib/python3.7/site-packages/airflow/example_dags/example_datasets.py
[2023-02-10T00:00:10.429+0000] {logging_mixin.py:137} INFO - [2023-02-10T00:00:10.429+0000] {dag.py:2690} INFO - Sync 6 DAGs
[2023-02-10T00:00:10.465+0000] {logging_mixin.py:137} INFO - [2023-02-10T00:00:10.465+0000] {dag.py:3441} INFO - Setting next_dagrun for dataset_consumes_1 to None, run_after=None
[2023-02-10T00:00:10.470+0000] {logging_mixin.py:137} INFO - [2023-02-10T00:00:10.469+0000] {dag.py:3441} INFO - Setting next_dagrun for dataset_consumes_1_and_2 to None, run_after=None
[2023-02-10T00:00:10.471+0000] {logging_mixin.py:137} INFO - [2023-02-10T00:00:10.471+0000] {dag.py:3441} INFO - Setting next_dagrun for dataset_consumes_1_never_scheduled to None, run_after=None
[2023-02-10T00:00:10.473+0000] {logging_mixin.py:137} INFO - [2023-02-10T00:00:10.473+0000] {dag.py:3441} INFO - Setting next_dagrun for dataset_consumes_unknown_never_scheduled to None, run_after=None
[2023-02-10T00:00:10.477+0000] {logging_mixin.py:137} INFO - [2023-02-10T00:00:10.477+0000] {dag.py:3441} INFO - Setting next_dagrun for dataset_produces_1 to 2023-02-09T00:00:00+00:00, run_after=2023-02-10T00:00:00+00:00
[2023-02-10T00:00:10.479+0000] {logging_mixin.py:137} INFO - [2023-02-10T00:00:10.478+0000] {dag.py:3441} INFO - Setting next_dagrun for dataset_produces_2 to None, run_after=None
[2023-02-10T00:00:10.527+0000] {processor.py:175} INFO - Processing /home/airflow/.local/lib/python3.7/site-packages/airflow/example_dags/example_datasets.py took 0.188 seconds
[2023-02-10T00:00:41.021+0000] {processor.py:153} INFO - Started process (PID=2617) to work on /home/airflow/.local/lib/python3.7/site-packages/airflow/example_dags/example_datasets.py
[2023-02-10T00:00:41.021+0000] {processor.py:743} INFO - Processing file /home/airflow/.local/lib/python3.7/site-packages/airflow/example_dags/example_datasets.py for tasks to queue
[2023-02-10T00:00:41.022+0000] {logging_mixin.py:137} INFO - [2023-02-10T00:00:41.022+0000] {dagbag.py:538} INFO - Filling up the DagBag from /home/airflow/.local/lib/python3.7/site-packages/airflow/example_dags/example_datasets.py
[2023-02-10T00:00:41.041+0000] {processor.py:753} INFO - DAG(s) dict_keys(['dataset_consumes_1_and_2', 'dataset_consumes_1_never_scheduled', 'dataset_consumes_unknown_never_scheduled', 'dataset_produces_2', 'dataset_consumes_1', 'dataset_produces_1']) retrieved from /home/airflow/.local/lib/python3.7/site-packages/airflow/example_dags/example_datasets.py
[2023-02-10T00:00:41.110+0000] {logging_mixin.py:137} INFO - [2023-02-10T00:00:41.110+0000] {dag.py:2690} INFO - Sync 6 DAGs
[2023-02-10T00:00:41.150+0000] {logging_mixin.py:137} INFO - [2023-02-10T00:00:41.150+0000] {dag.py:3441} INFO - Setting next_dagrun for dataset_consumes_1 to None, run_after=None
[2023-02-10T00:00:41.155+0000] {logging_mixin.py:137} INFO - [2023-02-10T00:00:41.155+0000] {dag.py:3441} INFO - Setting next_dagrun for dataset_consumes_1_and_2 to None, run_after=None
[2023-02-10T00:00:41.157+0000] {logging_mixin.py:137} INFO - [2023-02-10T00:00:41.157+0000] {dag.py:3441} INFO - Setting next_dagrun for dataset_consumes_1_never_scheduled to None, run_after=None
[2023-02-10T00:00:41.159+0000] {logging_mixin.py:137} INFO - [2023-02-10T00:00:41.159+0000] {dag.py:3441} INFO - Setting next_dagrun for dataset_consumes_unknown_never_scheduled to None, run_after=None
[2023-02-10T00:00:41.163+0000] {logging_mixin.py:137} INFO - [2023-02-10T00:00:41.163+0000] {dag.py:3441} INFO - Setting next_dagrun for dataset_produces_1 to 2023-02-09T00:00:00+00:00, run_after=2023-02-10T00:00:00+00:00
[2023-02-10T00:00:41.165+0000] {logging_mixin.py:137} INFO - [2023-02-10T00:00:41.165+0000] {dag.py:3441} INFO - Setting next_dagrun for dataset_produces_2 to None, run_after=None
[2023-02-10T00:00:41.215+0000] {processor.py:175} INFO - Processing /home/airflow/.local/lib/python3.7/site-packages/airflow/example_dags/example_datasets.py took 0.197 seconds
[2023-02-10T00:01:11.529+0000] {processor.py:153} INFO - Started process (PID=2697) to work on /home/airflow/.local/lib/python3.7/site-packages/airflow/example_dags/example_datasets.py
[2023-02-10T00:01:11.530+0000] {processor.py:743} INFO - Processing file /home/airflow/.local/lib/python3.7/site-packages/airflow/example_dags/example_datasets.py for tasks to queue
[2023-02-10T00:01:11.531+0000] {logging_mixin.py:137} INFO - [2023-02-10T00:01:11.531+0000] {dagbag.py:538} INFO - Filling up the DagBag from /home/airflow/.local/lib/python3.7/site-packages/airflow/example_dags/example_datasets.py
[2023-02-10T00:01:11.557+0000] {processor.py:753} INFO - DAG(s) dict_keys(['dataset_consumes_unknown_never_scheduled', 'dataset_produces_1', 'dataset_consumes_1_never_scheduled', 'dataset_consumes_1_and_2', 'dataset_consumes_1', 'dataset_produces_2']) retrieved from /home/airflow/.local/lib/python3.7/site-packages/airflow/example_dags/example_datasets.py
[2023-02-10T00:01:11.626+0000] {logging_mixin.py:137} INFO - [2023-02-10T00:01:11.625+0000] {dag.py:2690} INFO - Sync 6 DAGs
[2023-02-10T00:01:11.663+0000] {logging_mixin.py:137} INFO - [2023-02-10T00:01:11.663+0000] {dag.py:3441} INFO - Setting next_dagrun for dataset_consumes_1 to None, run_after=None
[2023-02-10T00:01:11.668+0000] {logging_mixin.py:137} INFO - [2023-02-10T00:01:11.668+0000] {dag.py:3441} INFO - Setting next_dagrun for dataset_consumes_1_and_2 to None, run_after=None
[2023-02-10T00:01:11.671+0000] {logging_mixin.py:137} INFO - [2023-02-10T00:01:11.671+0000] {dag.py:3441} INFO - Setting next_dagrun for dataset_consumes_1_never_scheduled to None, run_after=None
[2023-02-10T00:01:11.673+0000] {logging_mixin.py:137} INFO - [2023-02-10T00:01:11.673+0000] {dag.py:3441} INFO - Setting next_dagrun for dataset_consumes_unknown_never_scheduled to None, run_after=None
[2023-02-10T00:01:11.677+0000] {logging_mixin.py:137} INFO - [2023-02-10T00:01:11.676+0000] {dag.py:3441} INFO - Setting next_dagrun for dataset_produces_1 to 2023-02-09T00:00:00+00:00, run_after=2023-02-10T00:00:00+00:00
[2023-02-10T00:01:11.678+0000] {logging_mixin.py:137} INFO - [2023-02-10T00:01:11.678+0000] {dag.py:3441} INFO - Setting next_dagrun for dataset_produces_2 to None, run_after=None
[2023-02-10T00:01:11.730+0000] {processor.py:175} INFO - Processing /home/airflow/.local/lib/python3.7/site-packages/airflow/example_dags/example_datasets.py took 0.208 seconds
[2023-02-10T00:01:42.107+0000] {processor.py:153} INFO - Started process (PID=2765) to work on /home/airflow/.local/lib/python3.7/site-packages/airflow/example_dags/example_datasets.py
[2023-02-10T00:01:42.107+0000] {processor.py:743} INFO - Processing file /home/airflow/.local/lib/python3.7/site-packages/airflow/example_dags/example_datasets.py for tasks to queue
[2023-02-10T00:01:42.108+0000] {logging_mixin.py:137} INFO - [2023-02-10T00:01:42.108+0000] {dagbag.py:538} INFO - Filling up the DagBag from /home/airflow/.local/lib/python3.7/site-packages/airflow/example_dags/example_datasets.py
[2023-02-10T00:01:42.129+0000] {processor.py:753} INFO - DAG(s) dict_keys(['dataset_consumes_1_never_scheduled', 'dataset_consumes_unknown_never_scheduled', 'dataset_consumes_1', 'dataset_produces_2', 'dataset_consumes_1_and_2', 'dataset_produces_1']) retrieved from /home/airflow/.local/lib/python3.7/site-packages/airflow/example_dags/example_datasets.py
[2023-02-10T00:01:42.190+0000] {logging_mixin.py:137} INFO - [2023-02-10T00:01:42.190+0000] {dag.py:2690} INFO - Sync 6 DAGs
[2023-02-10T00:01:42.227+0000] {logging_mixin.py:137} INFO - [2023-02-10T00:01:42.227+0000] {dag.py:3441} INFO - Setting next_dagrun for dataset_consumes_1 to None, run_after=None
[2023-02-10T00:01:42.233+0000] {logging_mixin.py:137} INFO - [2023-02-10T00:01:42.232+0000] {dag.py:3441} INFO - Setting next_dagrun for dataset_consumes_1_and_2 to None, run_after=None
[2023-02-10T00:01:42.235+0000] {logging_mixin.py:137} INFO - [2023-02-10T00:01:42.235+0000] {dag.py:3441} INFO - Setting next_dagrun for dataset_consumes_1_never_scheduled to None, run_after=None
[2023-02-10T00:01:42.237+0000] {logging_mixin.py:137} INFO - [2023-02-10T00:01:42.236+0000] {dag.py:3441} INFO - Setting next_dagrun for dataset_consumes_unknown_never_scheduled to None, run_after=None
[2023-02-10T00:01:42.241+0000] {logging_mixin.py:137} INFO - [2023-02-10T00:01:42.240+0000] {dag.py:3441} INFO - Setting next_dagrun for dataset_produces_1 to 2023-02-09T00:00:00+00:00, run_after=2023-02-10T00:00:00+00:00
[2023-02-10T00:01:42.243+0000] {logging_mixin.py:137} INFO - [2023-02-10T00:01:42.242+0000] {dag.py:3441} INFO - Setting next_dagrun for dataset_produces_2 to None, run_after=None
[2023-02-10T00:01:42.291+0000] {processor.py:175} INFO - Processing /home/airflow/.local/lib/python3.7/site-packages/airflow/example_dags/example_datasets.py took 0.187 seconds
[2023-02-10T00:02:12.442+0000] {processor.py:153} INFO - Started process (PID=2832) to work on /home/airflow/.local/lib/python3.7/site-packages/airflow/example_dags/example_datasets.py
[2023-02-10T00:02:12.443+0000] {processor.py:743} INFO - Processing file /home/airflow/.local/lib/python3.7/site-packages/airflow/example_dags/example_datasets.py for tasks to queue
[2023-02-10T00:02:12.444+0000] {logging_mixin.py:137} INFO - [2023-02-10T00:02:12.444+0000] {dagbag.py:538} INFO - Filling up the DagBag from /home/airflow/.local/lib/python3.7/site-packages/airflow/example_dags/example_datasets.py
[2023-02-10T00:02:12.462+0000] {processor.py:753} INFO - DAG(s) dict_keys(['dataset_consumes_1_never_scheduled', 'dataset_produces_2', 'dataset_produces_1', 'dataset_consumes_1_and_2', 'dataset_consumes_unknown_never_scheduled', 'dataset_consumes_1']) retrieved from /home/airflow/.local/lib/python3.7/site-packages/airflow/example_dags/example_datasets.py
[2023-02-10T00:02:12.514+0000] {logging_mixin.py:137} INFO - [2023-02-10T00:02:12.514+0000] {dag.py:2690} INFO - Sync 6 DAGs
[2023-02-10T00:02:12.550+0000] {logging_mixin.py:137} INFO - [2023-02-10T00:02:12.550+0000] {dag.py:3441} INFO - Setting next_dagrun for dataset_consumes_1 to None, run_after=None
[2023-02-10T00:02:12.555+0000] {logging_mixin.py:137} INFO - [2023-02-10T00:02:12.555+0000] {dag.py:3441} INFO - Setting next_dagrun for dataset_consumes_1_and_2 to None, run_after=None
[2023-02-10T00:02:12.557+0000] {logging_mixin.py:137} INFO - [2023-02-10T00:02:12.556+0000] {dag.py:3441} INFO - Setting next_dagrun for dataset_consumes_1_never_scheduled to None, run_after=None
[2023-02-10T00:02:12.558+0000] {logging_mixin.py:137} INFO - [2023-02-10T00:02:12.558+0000] {dag.py:3441} INFO - Setting next_dagrun for dataset_consumes_unknown_never_scheduled to None, run_after=None
[2023-02-10T00:02:12.562+0000] {logging_mixin.py:137} INFO - [2023-02-10T00:02:12.562+0000] {dag.py:3441} INFO - Setting next_dagrun for dataset_produces_1 to 2023-02-09T00:00:00+00:00, run_after=2023-02-10T00:00:00+00:00
[2023-02-10T00:02:12.564+0000] {logging_mixin.py:137} INFO - [2023-02-10T00:02:12.564+0000] {dag.py:3441} INFO - Setting next_dagrun for dataset_produces_2 to None, run_after=None
[2023-02-10T00:02:12.618+0000] {processor.py:175} INFO - Processing /home/airflow/.local/lib/python3.7/site-packages/airflow/example_dags/example_datasets.py took 0.179 seconds
[2023-02-10T00:02:42.964+0000] {processor.py:153} INFO - Started process (PID=2915) to work on /home/airflow/.local/lib/python3.7/site-packages/airflow/example_dags/example_datasets.py
[2023-02-10T00:02:42.965+0000] {processor.py:743} INFO - Processing file /home/airflow/.local/lib/python3.7/site-packages/airflow/example_dags/example_datasets.py for tasks to queue
[2023-02-10T00:02:42.965+0000] {logging_mixin.py:137} INFO - [2023-02-10T00:02:42.965+0000] {dagbag.py:538} INFO - Filling up the DagBag from /home/airflow/.local/lib/python3.7/site-packages/airflow/example_dags/example_datasets.py
[2023-02-10T00:02:42.987+0000] {processor.py:753} INFO - DAG(s) dict_keys(['dataset_produces_1', 'dataset_consumes_unknown_never_scheduled', 'dataset_consumes_1_and_2', 'dataset_produces_2', 'dataset_consumes_1_never_scheduled', 'dataset_consumes_1']) retrieved from /home/airflow/.local/lib/python3.7/site-packages/airflow/example_dags/example_datasets.py
[2023-02-10T00:02:43.058+0000] {logging_mixin.py:137} INFO - [2023-02-10T00:02:43.058+0000] {dag.py:2690} INFO - Sync 6 DAGs
[2023-02-10T00:02:43.096+0000] {logging_mixin.py:137} INFO - [2023-02-10T00:02:43.096+0000] {dag.py:3441} INFO - Setting next_dagrun for dataset_consumes_1 to None, run_after=None
[2023-02-10T00:02:43.107+0000] {logging_mixin.py:137} INFO - [2023-02-10T00:02:43.106+0000] {dag.py:3441} INFO - Setting next_dagrun for dataset_consumes_1_and_2 to None, run_after=None
[2023-02-10T00:02:43.110+0000] {logging_mixin.py:137} INFO - [2023-02-10T00:02:43.109+0000] {dag.py:3441} INFO - Setting next_dagrun for dataset_consumes_1_never_scheduled to None, run_after=None
[2023-02-10T00:02:43.113+0000] {logging_mixin.py:137} INFO - [2023-02-10T00:02:43.112+0000] {dag.py:3441} INFO - Setting next_dagrun for dataset_consumes_unknown_never_scheduled to None, run_after=None
[2023-02-10T00:02:43.120+0000] {logging_mixin.py:137} INFO - [2023-02-10T00:02:43.120+0000] {dag.py:3441} INFO - Setting next_dagrun for dataset_produces_1 to 2023-02-09T00:00:00+00:00, run_after=2023-02-10T00:00:00+00:00
[2023-02-10T00:02:43.122+0000] {logging_mixin.py:137} INFO - [2023-02-10T00:02:43.122+0000] {dag.py:3441} INFO - Setting next_dagrun for dataset_produces_2 to None, run_after=None
[2023-02-10T00:02:43.182+0000] {processor.py:175} INFO - Processing /home/airflow/.local/lib/python3.7/site-packages/airflow/example_dags/example_datasets.py took 0.222 seconds
[2023-02-10T00:03:13.400+0000] {processor.py:153} INFO - Started process (PID=2984) to work on /home/airflow/.local/lib/python3.7/site-packages/airflow/example_dags/example_datasets.py
[2023-02-10T00:03:13.401+0000] {processor.py:743} INFO - Processing file /home/airflow/.local/lib/python3.7/site-packages/airflow/example_dags/example_datasets.py for tasks to queue
[2023-02-10T00:03:13.402+0000] {logging_mixin.py:137} INFO - [2023-02-10T00:03:13.402+0000] {dagbag.py:538} INFO - Filling up the DagBag from /home/airflow/.local/lib/python3.7/site-packages/airflow/example_dags/example_datasets.py
[2023-02-10T00:03:13.422+0000] {processor.py:753} INFO - DAG(s) dict_keys(['dataset_consumes_1', 'dataset_produces_1', 'dataset_consumes_1_never_scheduled', 'dataset_consumes_1_and_2', 'dataset_consumes_unknown_never_scheduled', 'dataset_produces_2']) retrieved from /home/airflow/.local/lib/python3.7/site-packages/airflow/example_dags/example_datasets.py
[2023-02-10T00:03:13.480+0000] {logging_mixin.py:137} INFO - [2023-02-10T00:03:13.479+0000] {dag.py:2690} INFO - Sync 6 DAGs
[2023-02-10T00:03:13.522+0000] {logging_mixin.py:137} INFO - [2023-02-10T00:03:13.522+0000] {dag.py:3441} INFO - Setting next_dagrun for dataset_consumes_1 to None, run_after=None
[2023-02-10T00:03:13.528+0000] {logging_mixin.py:137} INFO - [2023-02-10T00:03:13.528+0000] {dag.py:3441} INFO - Setting next_dagrun for dataset_consumes_1_and_2 to None, run_after=None
[2023-02-10T00:03:13.530+0000] {logging_mixin.py:137} INFO - [2023-02-10T00:03:13.530+0000] {dag.py:3441} INFO - Setting next_dagrun for dataset_consumes_1_never_scheduled to None, run_after=None
[2023-02-10T00:03:13.532+0000] {logging_mixin.py:137} INFO - [2023-02-10T00:03:13.532+0000] {dag.py:3441} INFO - Setting next_dagrun for dataset_consumes_unknown_never_scheduled to None, run_after=None
[2023-02-10T00:03:13.536+0000] {logging_mixin.py:137} INFO - [2023-02-10T00:03:13.536+0000] {dag.py:3441} INFO - Setting next_dagrun for dataset_produces_1 to 2023-02-09T00:00:00+00:00, run_after=2023-02-10T00:00:00+00:00
[2023-02-10T00:03:13.538+0000] {logging_mixin.py:137} INFO - [2023-02-10T00:03:13.538+0000] {dag.py:3441} INFO - Setting next_dagrun for dataset_produces_2 to None, run_after=None
[2023-02-10T00:03:13.592+0000] {processor.py:175} INFO - Processing /home/airflow/.local/lib/python3.7/site-packages/airflow/example_dags/example_datasets.py took 0.196 seconds
[2023-02-10T00:03:43.802+0000] {processor.py:153} INFO - Started process (PID=3052) to work on /home/airflow/.local/lib/python3.7/site-packages/airflow/example_dags/example_datasets.py
[2023-02-10T00:03:43.803+0000] {processor.py:743} INFO - Processing file /home/airflow/.local/lib/python3.7/site-packages/airflow/example_dags/example_datasets.py for tasks to queue
[2023-02-10T00:03:43.804+0000] {logging_mixin.py:137} INFO - [2023-02-10T00:03:43.804+0000] {dagbag.py:538} INFO - Filling up the DagBag from /home/airflow/.local/lib/python3.7/site-packages/airflow/example_dags/example_datasets.py
[2023-02-10T00:03:43.822+0000] {processor.py:753} INFO - DAG(s) dict_keys(['dataset_consumes_1', 'dataset_consumes_1_and_2', 'dataset_consumes_1_never_scheduled', 'dataset_consumes_unknown_never_scheduled', 'dataset_produces_2', 'dataset_produces_1']) retrieved from /home/airflow/.local/lib/python3.7/site-packages/airflow/example_dags/example_datasets.py
[2023-02-10T00:03:43.875+0000] {logging_mixin.py:137} INFO - [2023-02-10T00:03:43.875+0000] {dag.py:2690} INFO - Sync 6 DAGs
[2023-02-10T00:03:43.914+0000] {logging_mixin.py:137} INFO - [2023-02-10T00:03:43.914+0000] {dag.py:3441} INFO - Setting next_dagrun for dataset_consumes_1 to None, run_after=None
[2023-02-10T00:03:43.919+0000] {logging_mixin.py:137} INFO - [2023-02-10T00:03:43.919+0000] {dag.py:3441} INFO - Setting next_dagrun for dataset_consumes_1_and_2 to None, run_after=None
[2023-02-10T00:03:43.921+0000] {logging_mixin.py:137} INFO - [2023-02-10T00:03:43.920+0000] {dag.py:3441} INFO - Setting next_dagrun for dataset_consumes_1_never_scheduled to None, run_after=None
[2023-02-10T00:03:43.922+0000] {logging_mixin.py:137} INFO - [2023-02-10T00:03:43.922+0000] {dag.py:3441} INFO - Setting next_dagrun for dataset_consumes_unknown_never_scheduled to None, run_after=None
[2023-02-10T00:03:43.926+0000] {logging_mixin.py:137} INFO - [2023-02-10T00:03:43.926+0000] {dag.py:3441} INFO - Setting next_dagrun for dataset_produces_1 to 2023-02-09T00:00:00+00:00, run_after=2023-02-10T00:00:00+00:00
[2023-02-10T00:03:43.928+0000] {logging_mixin.py:137} INFO - [2023-02-10T00:03:43.928+0000] {dag.py:3441} INFO - Setting next_dagrun for dataset_produces_2 to None, run_after=None
[2023-02-10T00:03:43.978+0000] {processor.py:175} INFO - Processing /home/airflow/.local/lib/python3.7/site-packages/airflow/example_dags/example_datasets.py took 0.179 seconds
[2023-02-10T00:04:14.102+0000] {processor.py:153} INFO - Started process (PID=3134) to work on /home/airflow/.local/lib/python3.7/site-packages/airflow/example_dags/example_datasets.py
[2023-02-10T00:04:14.103+0000] {processor.py:743} INFO - Processing file /home/airflow/.local/lib/python3.7/site-packages/airflow/example_dags/example_datasets.py for tasks to queue
[2023-02-10T00:04:14.104+0000] {logging_mixin.py:137} INFO - [2023-02-10T00:04:14.104+0000] {dagbag.py:538} INFO - Filling up the DagBag from /home/airflow/.local/lib/python3.7/site-packages/airflow/example_dags/example_datasets.py
[2023-02-10T00:04:14.122+0000] {processor.py:753} INFO - DAG(s) dict_keys(['dataset_consumes_1_never_scheduled', 'dataset_consumes_1', 'dataset_produces_2', 'dataset_consumes_unknown_never_scheduled', 'dataset_produces_1', 'dataset_consumes_1_and_2']) retrieved from /home/airflow/.local/lib/python3.7/site-packages/airflow/example_dags/example_datasets.py
[2023-02-10T00:04:14.184+0000] {logging_mixin.py:137} INFO - [2023-02-10T00:04:14.184+0000] {dag.py:2690} INFO - Sync 6 DAGs
[2023-02-10T00:04:14.224+0000] {logging_mixin.py:137} INFO - [2023-02-10T00:04:14.224+0000] {dag.py:3441} INFO - Setting next_dagrun for dataset_consumes_1 to None, run_after=None
[2023-02-10T00:04:14.229+0000] {logging_mixin.py:137} INFO - [2023-02-10T00:04:14.229+0000] {dag.py:3441} INFO - Setting next_dagrun for dataset_consumes_1_and_2 to None, run_after=None
[2023-02-10T00:04:14.231+0000] {logging_mixin.py:137} INFO - [2023-02-10T00:04:14.231+0000] {dag.py:3441} INFO - Setting next_dagrun for dataset_consumes_1_never_scheduled to None, run_after=None
[2023-02-10T00:04:14.234+0000] {logging_mixin.py:137} INFO - [2023-02-10T00:04:14.234+0000] {dag.py:3441} INFO - Setting next_dagrun for dataset_consumes_unknown_never_scheduled to None, run_after=None
[2023-02-10T00:04:14.238+0000] {logging_mixin.py:137} INFO - [2023-02-10T00:04:14.238+0000] {dag.py:3441} INFO - Setting next_dagrun for dataset_produces_1 to 2023-02-09T00:00:00+00:00, run_after=2023-02-10T00:00:00+00:00
[2023-02-10T00:04:14.242+0000] {logging_mixin.py:137} INFO - [2023-02-10T00:04:14.241+0000] {dag.py:3441} INFO - Setting next_dagrun for dataset_produces_2 to None, run_after=None
[2023-02-10T00:04:14.293+0000] {processor.py:175} INFO - Processing /home/airflow/.local/lib/python3.7/site-packages/airflow/example_dags/example_datasets.py took 0.194 seconds
[2023-02-10T00:04:44.840+0000] {processor.py:153} INFO - Started process (PID=3202) to work on /home/airflow/.local/lib/python3.7/site-packages/airflow/example_dags/example_datasets.py
[2023-02-10T00:04:44.841+0000] {processor.py:743} INFO - Processing file /home/airflow/.local/lib/python3.7/site-packages/airflow/example_dags/example_datasets.py for tasks to queue
[2023-02-10T00:04:44.843+0000] {logging_mixin.py:137} INFO - [2023-02-10T00:04:44.842+0000] {dagbag.py:538} INFO - Filling up the DagBag from /home/airflow/.local/lib/python3.7/site-packages/airflow/example_dags/example_datasets.py
[2023-02-10T00:04:44.871+0000] {processor.py:753} INFO - DAG(s) dict_keys(['dataset_consumes_1_and_2', 'dataset_consumes_unknown_never_scheduled', 'dataset_produces_2', 'dataset_produces_1', 'dataset_consumes_1_never_scheduled', 'dataset_consumes_1']) retrieved from /home/airflow/.local/lib/python3.7/site-packages/airflow/example_dags/example_datasets.py
[2023-02-10T00:04:44.926+0000] {logging_mixin.py:137} INFO - [2023-02-10T00:04:44.926+0000] {dag.py:2690} INFO - Sync 6 DAGs
[2023-02-10T00:04:44.962+0000] {logging_mixin.py:137} INFO - [2023-02-10T00:04:44.962+0000] {dag.py:3441} INFO - Setting next_dagrun for dataset_consumes_1 to None, run_after=None
[2023-02-10T00:04:44.967+0000] {logging_mixin.py:137} INFO - [2023-02-10T00:04:44.966+0000] {dag.py:3441} INFO - Setting next_dagrun for dataset_consumes_1_and_2 to None, run_after=None
[2023-02-10T00:04:44.969+0000] {logging_mixin.py:137} INFO - [2023-02-10T00:04:44.968+0000] {dag.py:3441} INFO - Setting next_dagrun for dataset_consumes_1_never_scheduled to None, run_after=None
[2023-02-10T00:04:44.972+0000] {logging_mixin.py:137} INFO - [2023-02-10T00:04:44.970+0000] {dag.py:3441} INFO - Setting next_dagrun for dataset_consumes_unknown_never_scheduled to None, run_after=None
[2023-02-10T00:04:44.977+0000] {logging_mixin.py:137} INFO - [2023-02-10T00:04:44.977+0000] {dag.py:3441} INFO - Setting next_dagrun for dataset_produces_1 to 2023-02-09T00:00:00+00:00, run_after=2023-02-10T00:00:00+00:00
[2023-02-10T00:04:44.980+0000] {logging_mixin.py:137} INFO - [2023-02-10T00:04:44.979+0000] {dag.py:3441} INFO - Setting next_dagrun for dataset_produces_2 to None, run_after=None
[2023-02-10T00:04:45.048+0000] {processor.py:175} INFO - Processing /home/airflow/.local/lib/python3.7/site-packages/airflow/example_dags/example_datasets.py took 0.214 seconds
[2023-02-10T00:05:15.510+0000] {processor.py:153} INFO - Started process (PID=3268) to work on /home/airflow/.local/lib/python3.7/site-packages/airflow/example_dags/example_datasets.py
[2023-02-10T00:05:15.512+0000] {processor.py:743} INFO - Processing file /home/airflow/.local/lib/python3.7/site-packages/airflow/example_dags/example_datasets.py for tasks to queue
[2023-02-10T00:05:15.514+0000] {logging_mixin.py:137} INFO - [2023-02-10T00:05:15.514+0000] {dagbag.py:538} INFO - Filling up the DagBag from /home/airflow/.local/lib/python3.7/site-packages/airflow/example_dags/example_datasets.py
[2023-02-10T00:05:15.537+0000] {processor.py:753} INFO - DAG(s) dict_keys(['dataset_consumes_1', 'dataset_produces_2', 'dataset_consumes_unknown_never_scheduled', 'dataset_consumes_1_and_2', 'dataset_produces_1', 'dataset_consumes_1_never_scheduled']) retrieved from /home/airflow/.local/lib/python3.7/site-packages/airflow/example_dags/example_datasets.py
[2023-02-10T00:05:15.600+0000] {logging_mixin.py:137} INFO - [2023-02-10T00:05:15.599+0000] {dag.py:2690} INFO - Sync 6 DAGs
[2023-02-10T00:05:15.638+0000] {logging_mixin.py:137} INFO - [2023-02-10T00:05:15.638+0000] {dag.py:3441} INFO - Setting next_dagrun for dataset_consumes_1 to None, run_after=None
[2023-02-10T00:05:15.642+0000] {logging_mixin.py:137} INFO - [2023-02-10T00:05:15.642+0000] {dag.py:3441} INFO - Setting next_dagrun for dataset_consumes_1_and_2 to None, run_after=None
[2023-02-10T00:05:15.644+0000] {logging_mixin.py:137} INFO - [2023-02-10T00:05:15.644+0000] {dag.py:3441} INFO - Setting next_dagrun for dataset_consumes_1_never_scheduled to None, run_after=None
[2023-02-10T00:05:15.646+0000] {logging_mixin.py:137} INFO - [2023-02-10T00:05:15.646+0000] {dag.py:3441} INFO - Setting next_dagrun for dataset_consumes_unknown_never_scheduled to None, run_after=None
[2023-02-10T00:05:15.650+0000] {logging_mixin.py:137} INFO - [2023-02-10T00:05:15.649+0000] {dag.py:3441} INFO - Setting next_dagrun for dataset_produces_1 to 2023-02-09T00:00:00+00:00, run_after=2023-02-10T00:00:00+00:00
[2023-02-10T00:05:15.652+0000] {logging_mixin.py:137} INFO - [2023-02-10T00:05:15.651+0000] {dag.py:3441} INFO - Setting next_dagrun for dataset_produces_2 to None, run_after=None
[2023-02-10T00:05:15.700+0000] {processor.py:175} INFO - Processing /home/airflow/.local/lib/python3.7/site-packages/airflow/example_dags/example_datasets.py took 0.196 seconds
[2023-02-10T00:05:46.394+0000] {processor.py:153} INFO - Started process (PID=3352) to work on /home/airflow/.local/lib/python3.7/site-packages/airflow/example_dags/example_datasets.py
[2023-02-10T00:05:46.395+0000] {processor.py:743} INFO - Processing file /home/airflow/.local/lib/python3.7/site-packages/airflow/example_dags/example_datasets.py for tasks to queue
[2023-02-10T00:05:46.397+0000] {logging_mixin.py:137} INFO - [2023-02-10T00:05:46.396+0000] {dagbag.py:538} INFO - Filling up the DagBag from /home/airflow/.local/lib/python3.7/site-packages/airflow/example_dags/example_datasets.py
[2023-02-10T00:05:46.420+0000] {processor.py:753} INFO - DAG(s) dict_keys(['dataset_consumes_unknown_never_scheduled', 'dataset_consumes_1_never_scheduled', 'dataset_consumes_1_and_2', 'dataset_produces_2', 'dataset_produces_1', 'dataset_consumes_1']) retrieved from /home/airflow/.local/lib/python3.7/site-packages/airflow/example_dags/example_datasets.py
[2023-02-10T00:05:46.475+0000] {logging_mixin.py:137} INFO - [2023-02-10T00:05:46.475+0000] {dag.py:2690} INFO - Sync 6 DAGs
[2023-02-10T00:05:46.519+0000] {logging_mixin.py:137} INFO - [2023-02-10T00:05:46.518+0000] {dag.py:3441} INFO - Setting next_dagrun for dataset_consumes_1 to None, run_after=None
[2023-02-10T00:05:46.526+0000] {logging_mixin.py:137} INFO - [2023-02-10T00:05:46.526+0000] {dag.py:3441} INFO - Setting next_dagrun for dataset_consumes_1_and_2 to None, run_after=None
[2023-02-10T00:05:46.529+0000] {logging_mixin.py:137} INFO - [2023-02-10T00:05:46.528+0000] {dag.py:3441} INFO - Setting next_dagrun for dataset_consumes_1_never_scheduled to None, run_after=None
[2023-02-10T00:05:46.531+0000] {logging_mixin.py:137} INFO - [2023-02-10T00:05:46.531+0000] {dag.py:3441} INFO - Setting next_dagrun for dataset_consumes_unknown_never_scheduled to None, run_after=None
[2023-02-10T00:05:46.535+0000] {logging_mixin.py:137} INFO - [2023-02-10T00:05:46.535+0000] {dag.py:3441} INFO - Setting next_dagrun for dataset_produces_1 to 2023-02-09T00:00:00+00:00, run_after=2023-02-10T00:00:00+00:00
[2023-02-10T00:05:46.537+0000] {logging_mixin.py:137} INFO - [2023-02-10T00:05:46.537+0000] {dag.py:3441} INFO - Setting next_dagrun for dataset_produces_2 to None, run_after=None
[2023-02-10T00:05:46.590+0000] {processor.py:175} INFO - Processing /home/airflow/.local/lib/python3.7/site-packages/airflow/example_dags/example_datasets.py took 0.200 seconds
[2023-02-10T00:06:16.981+0000] {processor.py:153} INFO - Started process (PID=3421) to work on /home/airflow/.local/lib/python3.7/site-packages/airflow/example_dags/example_datasets.py
[2023-02-10T00:06:16.982+0000] {processor.py:743} INFO - Processing file /home/airflow/.local/lib/python3.7/site-packages/airflow/example_dags/example_datasets.py for tasks to queue
[2023-02-10T00:06:16.983+0000] {logging_mixin.py:137} INFO - [2023-02-10T00:06:16.983+0000] {dagbag.py:538} INFO - Filling up the DagBag from /home/airflow/.local/lib/python3.7/site-packages/airflow/example_dags/example_datasets.py
[2023-02-10T00:06:17.003+0000] {processor.py:753} INFO - DAG(s) dict_keys(['dataset_produces_1', 'dataset_consumes_1', 'dataset_consumes_1_and_2', 'dataset_consumes_unknown_never_scheduled', 'dataset_consumes_1_never_scheduled', 'dataset_produces_2']) retrieved from /home/airflow/.local/lib/python3.7/site-packages/airflow/example_dags/example_datasets.py
[2023-02-10T00:06:17.061+0000] {logging_mixin.py:137} INFO - [2023-02-10T00:06:17.061+0000] {dag.py:2690} INFO - Sync 6 DAGs
[2023-02-10T00:06:17.101+0000] {logging_mixin.py:137} INFO - [2023-02-10T00:06:17.101+0000] {dag.py:3441} INFO - Setting next_dagrun for dataset_consumes_1 to None, run_after=None
[2023-02-10T00:06:17.107+0000] {logging_mixin.py:137} INFO - [2023-02-10T00:06:17.106+0000] {dag.py:3441} INFO - Setting next_dagrun for dataset_consumes_1_and_2 to None, run_after=None
[2023-02-10T00:06:17.109+0000] {logging_mixin.py:137} INFO - [2023-02-10T00:06:17.108+0000] {dag.py:3441} INFO - Setting next_dagrun for dataset_consumes_1_never_scheduled to None, run_after=None
[2023-02-10T00:06:17.111+0000] {logging_mixin.py:137} INFO - [2023-02-10T00:06:17.110+0000] {dag.py:3441} INFO - Setting next_dagrun for dataset_consumes_unknown_never_scheduled to None, run_after=None
[2023-02-10T00:06:17.115+0000] {logging_mixin.py:137} INFO - [2023-02-10T00:06:17.114+0000] {dag.py:3441} INFO - Setting next_dagrun for dataset_produces_1 to 2023-02-09T00:00:00+00:00, run_after=2023-02-10T00:00:00+00:00
[2023-02-10T00:06:17.117+0000] {logging_mixin.py:137} INFO - [2023-02-10T00:06:17.116+0000] {dag.py:3441} INFO - Setting next_dagrun for dataset_produces_2 to None, run_after=None
[2023-02-10T00:06:17.171+0000] {processor.py:175} INFO - Processing /home/airflow/.local/lib/python3.7/site-packages/airflow/example_dags/example_datasets.py took 0.193 seconds
[2023-02-10T00:06:47.885+0000] {processor.py:153} INFO - Started process (PID=3490) to work on /home/airflow/.local/lib/python3.7/site-packages/airflow/example_dags/example_datasets.py
[2023-02-10T00:06:47.885+0000] {processor.py:743} INFO - Processing file /home/airflow/.local/lib/python3.7/site-packages/airflow/example_dags/example_datasets.py for tasks to queue
[2023-02-10T00:06:47.886+0000] {logging_mixin.py:137} INFO - [2023-02-10T00:06:47.886+0000] {dagbag.py:538} INFO - Filling up the DagBag from /home/airflow/.local/lib/python3.7/site-packages/airflow/example_dags/example_datasets.py
[2023-02-10T00:06:47.907+0000] {processor.py:753} INFO - DAG(s) dict_keys(['dataset_produces_1', 'dataset_consumes_1_and_2', 'dataset_produces_2', 'dataset_consumes_1', 'dataset_consumes_unknown_never_scheduled', 'dataset_consumes_1_never_scheduled']) retrieved from /home/airflow/.local/lib/python3.7/site-packages/airflow/example_dags/example_datasets.py
[2023-02-10T00:06:47.963+0000] {logging_mixin.py:137} INFO - [2023-02-10T00:06:47.962+0000] {dag.py:2690} INFO - Sync 6 DAGs
[2023-02-10T00:06:48.000+0000] {logging_mixin.py:137} INFO - [2023-02-10T00:06:47.999+0000] {dag.py:3441} INFO - Setting next_dagrun for dataset_consumes_1 to None, run_after=None
[2023-02-10T00:06:48.006+0000] {logging_mixin.py:137} INFO - [2023-02-10T00:06:48.006+0000] {dag.py:3441} INFO - Setting next_dagrun for dataset_consumes_1_and_2 to None, run_after=None
[2023-02-10T00:06:48.008+0000] {logging_mixin.py:137} INFO - [2023-02-10T00:06:48.008+0000] {dag.py:3441} INFO - Setting next_dagrun for dataset_consumes_1_never_scheduled to None, run_after=None
[2023-02-10T00:06:48.010+0000] {logging_mixin.py:137} INFO - [2023-02-10T00:06:48.010+0000] {dag.py:3441} INFO - Setting next_dagrun for dataset_consumes_unknown_never_scheduled to None, run_after=None
[2023-02-10T00:06:48.014+0000] {logging_mixin.py:137} INFO - [2023-02-10T00:06:48.013+0000] {dag.py:3441} INFO - Setting next_dagrun for dataset_produces_1 to 2023-02-09T00:00:00+00:00, run_after=2023-02-10T00:00:00+00:00
[2023-02-10T00:06:48.016+0000] {logging_mixin.py:137} INFO - [2023-02-10T00:06:48.015+0000] {dag.py:3441} INFO - Setting next_dagrun for dataset_produces_2 to None, run_after=None
[2023-02-10T00:06:48.070+0000] {processor.py:175} INFO - Processing /home/airflow/.local/lib/python3.7/site-packages/airflow/example_dags/example_datasets.py took 0.189 seconds
[2023-02-10T00:07:18.934+0000] {processor.py:153} INFO - Started process (PID=3573) to work on /home/airflow/.local/lib/python3.7/site-packages/airflow/example_dags/example_datasets.py
[2023-02-10T00:07:18.934+0000] {processor.py:743} INFO - Processing file /home/airflow/.local/lib/python3.7/site-packages/airflow/example_dags/example_datasets.py for tasks to queue
[2023-02-10T00:07:18.935+0000] {logging_mixin.py:137} INFO - [2023-02-10T00:07:18.935+0000] {dagbag.py:538} INFO - Filling up the DagBag from /home/airflow/.local/lib/python3.7/site-packages/airflow/example_dags/example_datasets.py
[2023-02-10T00:07:18.953+0000] {processor.py:753} INFO - DAG(s) dict_keys(['dataset_consumes_unknown_never_scheduled', 'dataset_consumes_1_never_scheduled', 'dataset_produces_1', 'dataset_produces_2', 'dataset_consumes_1_and_2', 'dataset_consumes_1']) retrieved from /home/airflow/.local/lib/python3.7/site-packages/airflow/example_dags/example_datasets.py
[2023-02-10T00:07:19.009+0000] {logging_mixin.py:137} INFO - [2023-02-10T00:07:19.009+0000] {dag.py:2690} INFO - Sync 6 DAGs
[2023-02-10T00:07:19.049+0000] {logging_mixin.py:137} INFO - [2023-02-10T00:07:19.049+0000] {dag.py:3441} INFO - Setting next_dagrun for dataset_consumes_1 to None, run_after=None
[2023-02-10T00:07:19.054+0000] {logging_mixin.py:137} INFO - [2023-02-10T00:07:19.054+0000] {dag.py:3441} INFO - Setting next_dagrun for dataset_consumes_1_and_2 to None, run_after=None
[2023-02-10T00:07:19.056+0000] {logging_mixin.py:137} INFO - [2023-02-10T00:07:19.056+0000] {dag.py:3441} INFO - Setting next_dagrun for dataset_consumes_1_never_scheduled to None, run_after=None
[2023-02-10T00:07:19.058+0000] {logging_mixin.py:137} INFO - [2023-02-10T00:07:19.058+0000] {dag.py:3441} INFO - Setting next_dagrun for dataset_consumes_unknown_never_scheduled to None, run_after=None
[2023-02-10T00:07:19.062+0000] {logging_mixin.py:137} INFO - [2023-02-10T00:07:19.062+0000] {dag.py:3441} INFO - Setting next_dagrun for dataset_produces_1 to 2023-02-09T00:00:00+00:00, run_after=2023-02-10T00:00:00+00:00
[2023-02-10T00:07:19.065+0000] {logging_mixin.py:137} INFO - [2023-02-10T00:07:19.064+0000] {dag.py:3441} INFO - Setting next_dagrun for dataset_produces_2 to None, run_after=None
[2023-02-10T00:07:19.113+0000] {processor.py:175} INFO - Processing /home/airflow/.local/lib/python3.7/site-packages/airflow/example_dags/example_datasets.py took 0.183 seconds
[2023-02-10T00:07:49.191+0000] {processor.py:153} INFO - Started process (PID=3641) to work on /home/airflow/.local/lib/python3.7/site-packages/airflow/example_dags/example_datasets.py
[2023-02-10T00:07:49.191+0000] {processor.py:743} INFO - Processing file /home/airflow/.local/lib/python3.7/site-packages/airflow/example_dags/example_datasets.py for tasks to queue
[2023-02-10T00:07:49.192+0000] {logging_mixin.py:137} INFO - [2023-02-10T00:07:49.192+0000] {dagbag.py:538} INFO - Filling up the DagBag from /home/airflow/.local/lib/python3.7/site-packages/airflow/example_dags/example_datasets.py
[2023-02-10T00:07:49.210+0000] {processor.py:753} INFO - DAG(s) dict_keys(['dataset_consumes_1_never_scheduled', 'dataset_consumes_1_and_2', 'dataset_consumes_1', 'dataset_produces_2', 'dataset_consumes_unknown_never_scheduled', 'dataset_produces_1']) retrieved from /home/airflow/.local/lib/python3.7/site-packages/airflow/example_dags/example_datasets.py
[2023-02-10T00:07:49.264+0000] {logging_mixin.py:137} INFO - [2023-02-10T00:07:49.264+0000] {dag.py:2690} INFO - Sync 6 DAGs
[2023-02-10T00:07:49.302+0000] {logging_mixin.py:137} INFO - [2023-02-10T00:07:49.302+0000] {dag.py:3441} INFO - Setting next_dagrun for dataset_consumes_1 to None, run_after=None
[2023-02-10T00:07:49.307+0000] {logging_mixin.py:137} INFO - [2023-02-10T00:07:49.306+0000] {dag.py:3441} INFO - Setting next_dagrun for dataset_consumes_1_and_2 to None, run_after=None
[2023-02-10T00:07:49.308+0000] {logging_mixin.py:137} INFO - [2023-02-10T00:07:49.308+0000] {dag.py:3441} INFO - Setting next_dagrun for dataset_consumes_1_never_scheduled to None, run_after=None
[2023-02-10T00:07:49.310+0000] {logging_mixin.py:137} INFO - [2023-02-10T00:07:49.310+0000] {dag.py:3441} INFO - Setting next_dagrun for dataset_consumes_unknown_never_scheduled to None, run_after=None
[2023-02-10T00:07:49.314+0000] {logging_mixin.py:137} INFO - [2023-02-10T00:07:49.314+0000] {dag.py:3441} INFO - Setting next_dagrun for dataset_produces_1 to 2023-02-09T00:00:00+00:00, run_after=2023-02-10T00:00:00+00:00
[2023-02-10T00:07:49.316+0000] {logging_mixin.py:137} INFO - [2023-02-10T00:07:49.316+0000] {dag.py:3441} INFO - Setting next_dagrun for dataset_produces_2 to None, run_after=None
[2023-02-10T00:07:49.363+0000] {processor.py:175} INFO - Processing /home/airflow/.local/lib/python3.7/site-packages/airflow/example_dags/example_datasets.py took 0.176 seconds
[2023-02-10T00:08:19.746+0000] {processor.py:153} INFO - Started process (PID=3710) to work on /home/airflow/.local/lib/python3.7/site-packages/airflow/example_dags/example_datasets.py
[2023-02-10T00:08:19.747+0000] {processor.py:743} INFO - Processing file /home/airflow/.local/lib/python3.7/site-packages/airflow/example_dags/example_datasets.py for tasks to queue
[2023-02-10T00:08:19.747+0000] {logging_mixin.py:137} INFO - [2023-02-10T00:08:19.747+0000] {dagbag.py:538} INFO - Filling up the DagBag from /home/airflow/.local/lib/python3.7/site-packages/airflow/example_dags/example_datasets.py
[2023-02-10T00:08:19.766+0000] {processor.py:753} INFO - DAG(s) dict_keys(['dataset_produces_2', 'dataset_consumes_1', 'dataset_consumes_1_never_scheduled', 'dataset_consumes_unknown_never_scheduled', 'dataset_consumes_1_and_2', 'dataset_produces_1']) retrieved from /home/airflow/.local/lib/python3.7/site-packages/airflow/example_dags/example_datasets.py
[2023-02-10T00:08:19.830+0000] {logging_mixin.py:137} INFO - [2023-02-10T00:08:19.829+0000] {dag.py:2690} INFO - Sync 6 DAGs
[2023-02-10T00:08:19.870+0000] {logging_mixin.py:137} INFO - [2023-02-10T00:08:19.870+0000] {dag.py:3441} INFO - Setting next_dagrun for dataset_consumes_1 to None, run_after=None
[2023-02-10T00:08:19.876+0000] {logging_mixin.py:137} INFO - [2023-02-10T00:08:19.875+0000] {dag.py:3441} INFO - Setting next_dagrun for dataset_consumes_1_and_2 to None, run_after=None
[2023-02-10T00:08:19.877+0000] {logging_mixin.py:137} INFO - [2023-02-10T00:08:19.877+0000] {dag.py:3441} INFO - Setting next_dagrun for dataset_consumes_1_never_scheduled to None, run_after=None
[2023-02-10T00:08:19.879+0000] {logging_mixin.py:137} INFO - [2023-02-10T00:08:19.879+0000] {dag.py:3441} INFO - Setting next_dagrun for dataset_consumes_unknown_never_scheduled to None, run_after=None
[2023-02-10T00:08:19.883+0000] {logging_mixin.py:137} INFO - [2023-02-10T00:08:19.883+0000] {dag.py:3441} INFO - Setting next_dagrun for dataset_produces_1 to 2023-02-09T00:00:00+00:00, run_after=2023-02-10T00:00:00+00:00
[2023-02-10T00:08:19.885+0000] {logging_mixin.py:137} INFO - [2023-02-10T00:08:19.885+0000] {dag.py:3441} INFO - Setting next_dagrun for dataset_produces_2 to None, run_after=None
[2023-02-10T00:08:19.936+0000] {processor.py:175} INFO - Processing /home/airflow/.local/lib/python3.7/site-packages/airflow/example_dags/example_datasets.py took 0.193 seconds
[2023-02-10T00:08:50.135+0000] {processor.py:153} INFO - Started process (PID=3786) to work on /home/airflow/.local/lib/python3.7/site-packages/airflow/example_dags/example_datasets.py
[2023-02-10T00:08:50.136+0000] {processor.py:743} INFO - Processing file /home/airflow/.local/lib/python3.7/site-packages/airflow/example_dags/example_datasets.py for tasks to queue
[2023-02-10T00:08:50.137+0000] {logging_mixin.py:137} INFO - [2023-02-10T00:08:50.137+0000] {dagbag.py:538} INFO - Filling up the DagBag from /home/airflow/.local/lib/python3.7/site-packages/airflow/example_dags/example_datasets.py
[2023-02-10T00:08:50.159+0000] {processor.py:753} INFO - DAG(s) dict_keys(['dataset_consumes_1_never_scheduled', 'dataset_consumes_unknown_never_scheduled', 'dataset_produces_2', 'dataset_produces_1', 'dataset_consumes_1', 'dataset_consumes_1_and_2']) retrieved from /home/airflow/.local/lib/python3.7/site-packages/airflow/example_dags/example_datasets.py
[2023-02-10T00:08:50.216+0000] {logging_mixin.py:137} INFO - [2023-02-10T00:08:50.216+0000] {dag.py:2690} INFO - Sync 6 DAGs
[2023-02-10T00:08:50.257+0000] {logging_mixin.py:137} INFO - [2023-02-10T00:08:50.257+0000] {dag.py:3441} INFO - Setting next_dagrun for dataset_consumes_1 to None, run_after=None
[2023-02-10T00:08:50.262+0000] {logging_mixin.py:137} INFO - [2023-02-10T00:08:50.261+0000] {dag.py:3441} INFO - Setting next_dagrun for dataset_consumes_1_and_2 to None, run_after=None
[2023-02-10T00:08:50.264+0000] {logging_mixin.py:137} INFO - [2023-02-10T00:08:50.263+0000] {dag.py:3441} INFO - Setting next_dagrun for dataset_consumes_1_never_scheduled to None, run_after=None
[2023-02-10T00:08:50.266+0000] {logging_mixin.py:137} INFO - [2023-02-10T00:08:50.265+0000] {dag.py:3441} INFO - Setting next_dagrun for dataset_consumes_unknown_never_scheduled to None, run_after=None
[2023-02-10T00:08:50.269+0000] {logging_mixin.py:137} INFO - [2023-02-10T00:08:50.269+0000] {dag.py:3441} INFO - Setting next_dagrun for dataset_produces_1 to 2023-02-09T00:00:00+00:00, run_after=2023-02-10T00:00:00+00:00
[2023-02-10T00:08:50.271+0000] {logging_mixin.py:137} INFO - [2023-02-10T00:08:50.271+0000] {dag.py:3441} INFO - Setting next_dagrun for dataset_produces_2 to None, run_after=None
[2023-02-10T00:08:50.324+0000] {processor.py:175} INFO - Processing /home/airflow/.local/lib/python3.7/site-packages/airflow/example_dags/example_datasets.py took 0.193 seconds
[2023-02-10T00:09:20.829+0000] {processor.py:153} INFO - Started process (PID=3859) to work on /home/airflow/.local/lib/python3.7/site-packages/airflow/example_dags/example_datasets.py
[2023-02-10T00:09:20.829+0000] {processor.py:743} INFO - Processing file /home/airflow/.local/lib/python3.7/site-packages/airflow/example_dags/example_datasets.py for tasks to queue
[2023-02-10T00:09:20.830+0000] {logging_mixin.py:137} INFO - [2023-02-10T00:09:20.830+0000] {dagbag.py:538} INFO - Filling up the DagBag from /home/airflow/.local/lib/python3.7/site-packages/airflow/example_dags/example_datasets.py
[2023-02-10T00:09:20.848+0000] {processor.py:753} INFO - DAG(s) dict_keys(['dataset_consumes_1_never_scheduled', 'dataset_consumes_1_and_2', 'dataset_consumes_1', 'dataset_produces_1', 'dataset_produces_2', 'dataset_consumes_unknown_never_scheduled']) retrieved from /home/airflow/.local/lib/python3.7/site-packages/airflow/example_dags/example_datasets.py
[2023-02-10T00:09:20.901+0000] {logging_mixin.py:137} INFO - [2023-02-10T00:09:20.901+0000] {dag.py:2690} INFO - Sync 6 DAGs
[2023-02-10T00:09:20.939+0000] {logging_mixin.py:137} INFO - [2023-02-10T00:09:20.939+0000] {dag.py:3441} INFO - Setting next_dagrun for dataset_consumes_1 to None, run_after=None
[2023-02-10T00:09:20.944+0000] {logging_mixin.py:137} INFO - [2023-02-10T00:09:20.944+0000] {dag.py:3441} INFO - Setting next_dagrun for dataset_consumes_1_and_2 to None, run_after=None
[2023-02-10T00:09:20.946+0000] {logging_mixin.py:137} INFO - [2023-02-10T00:09:20.946+0000] {dag.py:3441} INFO - Setting next_dagrun for dataset_consumes_1_never_scheduled to None, run_after=None
[2023-02-10T00:09:20.948+0000] {logging_mixin.py:137} INFO - [2023-02-10T00:09:20.948+0000] {dag.py:3441} INFO - Setting next_dagrun for dataset_consumes_unknown_never_scheduled to None, run_after=None
[2023-02-10T00:09:20.952+0000] {logging_mixin.py:137} INFO - [2023-02-10T00:09:20.952+0000] {dag.py:3441} INFO - Setting next_dagrun for dataset_produces_1 to 2023-02-09T00:00:00+00:00, run_after=2023-02-10T00:00:00+00:00
[2023-02-10T00:09:20.954+0000] {logging_mixin.py:137} INFO - [2023-02-10T00:09:20.954+0000] {dag.py:3441} INFO - Setting next_dagrun for dataset_produces_2 to None, run_after=None
[2023-02-10T00:09:21.003+0000] {processor.py:175} INFO - Processing /home/airflow/.local/lib/python3.7/site-packages/airflow/example_dags/example_datasets.py took 0.177 seconds
[2023-02-10T00:09:51.210+0000] {processor.py:153} INFO - Started process (PID=3926) to work on /home/airflow/.local/lib/python3.7/site-packages/airflow/example_dags/example_datasets.py
[2023-02-10T00:09:51.211+0000] {processor.py:743} INFO - Processing file /home/airflow/.local/lib/python3.7/site-packages/airflow/example_dags/example_datasets.py for tasks to queue
[2023-02-10T00:09:51.212+0000] {logging_mixin.py:137} INFO - [2023-02-10T00:09:51.212+0000] {dagbag.py:538} INFO - Filling up the DagBag from /home/airflow/.local/lib/python3.7/site-packages/airflow/example_dags/example_datasets.py
[2023-02-10T00:09:51.232+0000] {processor.py:753} INFO - DAG(s) dict_keys(['dataset_consumes_unknown_never_scheduled', 'dataset_consumes_1_never_scheduled', 'dataset_produces_1', 'dataset_produces_2', 'dataset_consumes_1', 'dataset_consumes_1_and_2']) retrieved from /home/airflow/.local/lib/python3.7/site-packages/airflow/example_dags/example_datasets.py
[2023-02-10T00:09:51.288+0000] {logging_mixin.py:137} INFO - [2023-02-10T00:09:51.287+0000] {dag.py:2690} INFO - Sync 6 DAGs
[2023-02-10T00:09:51.324+0000] {logging_mixin.py:137} INFO - [2023-02-10T00:09:51.324+0000] {dag.py:3441} INFO - Setting next_dagrun for dataset_consumes_1 to None, run_after=None
[2023-02-10T00:09:51.330+0000] {logging_mixin.py:137} INFO - [2023-02-10T00:09:51.330+0000] {dag.py:3441} INFO - Setting next_dagrun for dataset_consumes_1_and_2 to None, run_after=None
[2023-02-10T00:09:51.332+0000] {logging_mixin.py:137} INFO - [2023-02-10T00:09:51.332+0000] {dag.py:3441} INFO - Setting next_dagrun for dataset_consumes_1_never_scheduled to None, run_after=None
[2023-02-10T00:09:51.334+0000] {logging_mixin.py:137} INFO - [2023-02-10T00:09:51.334+0000] {dag.py:3441} INFO - Setting next_dagrun for dataset_consumes_unknown_never_scheduled to None, run_after=None
[2023-02-10T00:09:51.338+0000] {logging_mixin.py:137} INFO - [2023-02-10T00:09:51.338+0000] {dag.py:3441} INFO - Setting next_dagrun for dataset_produces_1 to 2023-02-09T00:00:00+00:00, run_after=2023-02-10T00:00:00+00:00
[2023-02-10T00:09:51.340+0000] {logging_mixin.py:137} INFO - [2023-02-10T00:09:51.340+0000] {dag.py:3441} INFO - Setting next_dagrun for dataset_produces_2 to None, run_after=None
[2023-02-10T00:09:51.394+0000] {processor.py:175} INFO - Processing /home/airflow/.local/lib/python3.7/site-packages/airflow/example_dags/example_datasets.py took 0.187 seconds
[2023-02-10T00:10:21.897+0000] {processor.py:153} INFO - Started process (PID=3995) to work on /home/airflow/.local/lib/python3.7/site-packages/airflow/example_dags/example_datasets.py
[2023-02-10T00:10:21.898+0000] {processor.py:743} INFO - Processing file /home/airflow/.local/lib/python3.7/site-packages/airflow/example_dags/example_datasets.py for tasks to queue
[2023-02-10T00:10:21.899+0000] {logging_mixin.py:137} INFO - [2023-02-10T00:10:21.899+0000] {dagbag.py:538} INFO - Filling up the DagBag from /home/airflow/.local/lib/python3.7/site-packages/airflow/example_dags/example_datasets.py
[2023-02-10T00:10:21.931+0000] {processor.py:753} INFO - DAG(s) dict_keys(['dataset_produces_2', 'dataset_consumes_unknown_never_scheduled', 'dataset_produces_1', 'dataset_consumes_1', 'dataset_consumes_1_never_scheduled', 'dataset_consumes_1_and_2']) retrieved from /home/airflow/.local/lib/python3.7/site-packages/airflow/example_dags/example_datasets.py
[2023-02-10T00:10:21.997+0000] {logging_mixin.py:137} INFO - [2023-02-10T00:10:21.997+0000] {dag.py:2690} INFO - Sync 6 DAGs
[2023-02-10T00:10:22.038+0000] {logging_mixin.py:137} INFO - [2023-02-10T00:10:22.038+0000] {dag.py:3441} INFO - Setting next_dagrun for dataset_consumes_1 to None, run_after=None
[2023-02-10T00:10:22.043+0000] {logging_mixin.py:137} INFO - [2023-02-10T00:10:22.043+0000] {dag.py:3441} INFO - Setting next_dagrun for dataset_consumes_1_and_2 to None, run_after=None
[2023-02-10T00:10:22.045+0000] {logging_mixin.py:137} INFO - [2023-02-10T00:10:22.045+0000] {dag.py:3441} INFO - Setting next_dagrun for dataset_consumes_1_never_scheduled to None, run_after=None
[2023-02-10T00:10:22.047+0000] {logging_mixin.py:137} INFO - [2023-02-10T00:10:22.047+0000] {dag.py:3441} INFO - Setting next_dagrun for dataset_consumes_unknown_never_scheduled to None, run_after=None
[2023-02-10T00:10:22.051+0000] {logging_mixin.py:137} INFO - [2023-02-10T00:10:22.051+0000] {dag.py:3441} INFO - Setting next_dagrun for dataset_produces_1 to 2023-02-09T00:00:00+00:00, run_after=2023-02-10T00:00:00+00:00
[2023-02-10T00:10:22.053+0000] {logging_mixin.py:137} INFO - [2023-02-10T00:10:22.053+0000] {dag.py:3441} INFO - Setting next_dagrun for dataset_produces_2 to None, run_after=None
[2023-02-10T00:10:22.103+0000] {processor.py:175} INFO - Processing /home/airflow/.local/lib/python3.7/site-packages/airflow/example_dags/example_datasets.py took 0.212 seconds
[2023-02-10T00:10:52.390+0000] {processor.py:153} INFO - Started process (PID=4077) to work on /home/airflow/.local/lib/python3.7/site-packages/airflow/example_dags/example_datasets.py
[2023-02-10T00:10:52.391+0000] {processor.py:743} INFO - Processing file /home/airflow/.local/lib/python3.7/site-packages/airflow/example_dags/example_datasets.py for tasks to queue
[2023-02-10T00:10:52.391+0000] {logging_mixin.py:137} INFO - [2023-02-10T00:10:52.391+0000] {dagbag.py:538} INFO - Filling up the DagBag from /home/airflow/.local/lib/python3.7/site-packages/airflow/example_dags/example_datasets.py
[2023-02-10T00:10:52.411+0000] {processor.py:753} INFO - DAG(s) dict_keys(['dataset_consumes_unknown_never_scheduled', 'dataset_consumes_1', 'dataset_produces_1', 'dataset_consumes_1_and_2', 'dataset_produces_2', 'dataset_consumes_1_never_scheduled']) retrieved from /home/airflow/.local/lib/python3.7/site-packages/airflow/example_dags/example_datasets.py
[2023-02-10T00:10:52.463+0000] {logging_mixin.py:137} INFO - [2023-02-10T00:10:52.463+0000] {dag.py:2690} INFO - Sync 6 DAGs
[2023-02-10T00:10:52.503+0000] {logging_mixin.py:137} INFO - [2023-02-10T00:10:52.502+0000] {dag.py:3441} INFO - Setting next_dagrun for dataset_consumes_1 to None, run_after=None
[2023-02-10T00:10:52.508+0000] {logging_mixin.py:137} INFO - [2023-02-10T00:10:52.508+0000] {dag.py:3441} INFO - Setting next_dagrun for dataset_consumes_1_and_2 to None, run_after=None
[2023-02-10T00:10:52.510+0000] {logging_mixin.py:137} INFO - [2023-02-10T00:10:52.510+0000] {dag.py:3441} INFO - Setting next_dagrun for dataset_consumes_1_never_scheduled to None, run_after=None
[2023-02-10T00:10:52.511+0000] {logging_mixin.py:137} INFO - [2023-02-10T00:10:52.511+0000] {dag.py:3441} INFO - Setting next_dagrun for dataset_consumes_unknown_never_scheduled to None, run_after=None
[2023-02-10T00:10:52.516+0000] {logging_mixin.py:137} INFO - [2023-02-10T00:10:52.515+0000] {dag.py:3441} INFO - Setting next_dagrun for dataset_produces_1 to 2023-02-09T00:00:00+00:00, run_after=2023-02-10T00:00:00+00:00
[2023-02-10T00:10:52.518+0000] {logging_mixin.py:137} INFO - [2023-02-10T00:10:52.517+0000] {dag.py:3441} INFO - Setting next_dagrun for dataset_produces_2 to None, run_after=None
[2023-02-10T00:10:52.569+0000] {processor.py:175} INFO - Processing /home/airflow/.local/lib/python3.7/site-packages/airflow/example_dags/example_datasets.py took 0.182 seconds
[2023-02-10T00:11:23.063+0000] {processor.py:153} INFO - Started process (PID=4144) to work on /home/airflow/.local/lib/python3.7/site-packages/airflow/example_dags/example_datasets.py
[2023-02-10T00:11:23.067+0000] {processor.py:743} INFO - Processing file /home/airflow/.local/lib/python3.7/site-packages/airflow/example_dags/example_datasets.py for tasks to queue
[2023-02-10T00:11:23.068+0000] {logging_mixin.py:137} INFO - [2023-02-10T00:11:23.068+0000] {dagbag.py:538} INFO - Filling up the DagBag from /home/airflow/.local/lib/python3.7/site-packages/airflow/example_dags/example_datasets.py
[2023-02-10T00:11:23.094+0000] {processor.py:753} INFO - DAG(s) dict_keys(['dataset_consumes_1_never_scheduled', 'dataset_produces_2', 'dataset_consumes_1', 'dataset_consumes_1_and_2', 'dataset_produces_1', 'dataset_consumes_unknown_never_scheduled']) retrieved from /home/airflow/.local/lib/python3.7/site-packages/airflow/example_dags/example_datasets.py
[2023-02-10T00:11:23.155+0000] {logging_mixin.py:137} INFO - [2023-02-10T00:11:23.155+0000] {dag.py:2690} INFO - Sync 6 DAGs
[2023-02-10T00:11:23.192+0000] {logging_mixin.py:137} INFO - [2023-02-10T00:11:23.192+0000] {dag.py:3441} INFO - Setting next_dagrun for dataset_consumes_1 to None, run_after=None
[2023-02-10T00:11:23.197+0000] {logging_mixin.py:137} INFO - [2023-02-10T00:11:23.197+0000] {dag.py:3441} INFO - Setting next_dagrun for dataset_consumes_1_and_2 to None, run_after=None
[2023-02-10T00:11:23.199+0000] {logging_mixin.py:137} INFO - [2023-02-10T00:11:23.198+0000] {dag.py:3441} INFO - Setting next_dagrun for dataset_consumes_1_never_scheduled to None, run_after=None
[2023-02-10T00:11:23.201+0000] {logging_mixin.py:137} INFO - [2023-02-10T00:11:23.201+0000] {dag.py:3441} INFO - Setting next_dagrun for dataset_consumes_unknown_never_scheduled to None, run_after=None
[2023-02-10T00:11:23.205+0000] {logging_mixin.py:137} INFO - [2023-02-10T00:11:23.205+0000] {dag.py:3441} INFO - Setting next_dagrun for dataset_produces_1 to 2023-02-09T00:00:00+00:00, run_after=2023-02-10T00:00:00+00:00
[2023-02-10T00:11:23.207+0000] {logging_mixin.py:137} INFO - [2023-02-10T00:11:23.207+0000] {dag.py:3441} INFO - Setting next_dagrun for dataset_produces_2 to None, run_after=None
[2023-02-10T00:11:23.261+0000] {processor.py:175} INFO - Processing /home/airflow/.local/lib/python3.7/site-packages/airflow/example_dags/example_datasets.py took 0.201 seconds
[2023-02-10T00:11:53.391+0000] {processor.py:153} INFO - Started process (PID=4213) to work on /home/airflow/.local/lib/python3.7/site-packages/airflow/example_dags/example_datasets.py
[2023-02-10T00:11:53.391+0000] {processor.py:743} INFO - Processing file /home/airflow/.local/lib/python3.7/site-packages/airflow/example_dags/example_datasets.py for tasks to queue
[2023-02-10T00:11:53.392+0000] {logging_mixin.py:137} INFO - [2023-02-10T00:11:53.392+0000] {dagbag.py:538} INFO - Filling up the DagBag from /home/airflow/.local/lib/python3.7/site-packages/airflow/example_dags/example_datasets.py
[2023-02-10T00:11:53.411+0000] {processor.py:753} INFO - DAG(s) dict_keys(['dataset_consumes_unknown_never_scheduled', 'dataset_consumes_1', 'dataset_produces_1', 'dataset_produces_2', 'dataset_consumes_1_and_2', 'dataset_consumes_1_never_scheduled']) retrieved from /home/airflow/.local/lib/python3.7/site-packages/airflow/example_dags/example_datasets.py
[2023-02-10T00:11:53.466+0000] {logging_mixin.py:137} INFO - [2023-02-10T00:11:53.466+0000] {dag.py:2690} INFO - Sync 6 DAGs
[2023-02-10T00:11:53.507+0000] {logging_mixin.py:137} INFO - [2023-02-10T00:11:53.507+0000] {dag.py:3441} INFO - Setting next_dagrun for dataset_consumes_1 to None, run_after=None
[2023-02-10T00:11:53.512+0000] {logging_mixin.py:137} INFO - [2023-02-10T00:11:53.512+0000] {dag.py:3441} INFO - Setting next_dagrun for dataset_consumes_1_and_2 to None, run_after=None
[2023-02-10T00:11:53.514+0000] {logging_mixin.py:137} INFO - [2023-02-10T00:11:53.514+0000] {dag.py:3441} INFO - Setting next_dagrun for dataset_consumes_1_never_scheduled to None, run_after=None
[2023-02-10T00:11:53.516+0000] {logging_mixin.py:137} INFO - [2023-02-10T00:11:53.516+0000] {dag.py:3441} INFO - Setting next_dagrun for dataset_consumes_unknown_never_scheduled to None, run_after=None
[2023-02-10T00:11:53.522+0000] {logging_mixin.py:137} INFO - [2023-02-10T00:11:53.521+0000] {dag.py:3441} INFO - Setting next_dagrun for dataset_produces_1 to 2023-02-09T00:00:00+00:00, run_after=2023-02-10T00:00:00+00:00
[2023-02-10T00:11:53.524+0000] {logging_mixin.py:137} INFO - [2023-02-10T00:11:53.523+0000] {dag.py:3441} INFO - Setting next_dagrun for dataset_produces_2 to None, run_after=None
[2023-02-10T00:11:53.579+0000] {processor.py:175} INFO - Processing /home/airflow/.local/lib/python3.7/site-packages/airflow/example_dags/example_datasets.py took 0.192 seconds
[2023-02-10T00:12:24.188+0000] {processor.py:153} INFO - Started process (PID=4295) to work on /home/airflow/.local/lib/python3.7/site-packages/airflow/example_dags/example_datasets.py
[2023-02-10T00:12:24.189+0000] {processor.py:743} INFO - Processing file /home/airflow/.local/lib/python3.7/site-packages/airflow/example_dags/example_datasets.py for tasks to queue
[2023-02-10T00:12:24.190+0000] {logging_mixin.py:137} INFO - [2023-02-10T00:12:24.190+0000] {dagbag.py:538} INFO - Filling up the DagBag from /home/airflow/.local/lib/python3.7/site-packages/airflow/example_dags/example_datasets.py
[2023-02-10T00:12:24.208+0000] {processor.py:753} INFO - DAG(s) dict_keys(['dataset_consumes_1', 'dataset_consumes_1_and_2', 'dataset_consumes_unknown_never_scheduled', 'dataset_consumes_1_never_scheduled', 'dataset_produces_2', 'dataset_produces_1']) retrieved from /home/airflow/.local/lib/python3.7/site-packages/airflow/example_dags/example_datasets.py
[2023-02-10T00:12:24.264+0000] {logging_mixin.py:137} INFO - [2023-02-10T00:12:24.264+0000] {dag.py:2690} INFO - Sync 6 DAGs
[2023-02-10T00:12:24.302+0000] {logging_mixin.py:137} INFO - [2023-02-10T00:12:24.301+0000] {dag.py:3441} INFO - Setting next_dagrun for dataset_consumes_1 to None, run_after=None
[2023-02-10T00:12:24.307+0000] {logging_mixin.py:137} INFO - [2023-02-10T00:12:24.307+0000] {dag.py:3441} INFO - Setting next_dagrun for dataset_consumes_1_and_2 to None, run_after=None
[2023-02-10T00:12:24.309+0000] {logging_mixin.py:137} INFO - [2023-02-10T00:12:24.309+0000] {dag.py:3441} INFO - Setting next_dagrun for dataset_consumes_1_never_scheduled to None, run_after=None
[2023-02-10T00:12:24.311+0000] {logging_mixin.py:137} INFO - [2023-02-10T00:12:24.311+0000] {dag.py:3441} INFO - Setting next_dagrun for dataset_consumes_unknown_never_scheduled to None, run_after=None
[2023-02-10T00:12:24.315+0000] {logging_mixin.py:137} INFO - [2023-02-10T00:12:24.314+0000] {dag.py:3441} INFO - Setting next_dagrun for dataset_produces_1 to 2023-02-09T00:00:00+00:00, run_after=2023-02-10T00:00:00+00:00
[2023-02-10T00:12:24.317+0000] {logging_mixin.py:137} INFO - [2023-02-10T00:12:24.316+0000] {dag.py:3441} INFO - Setting next_dagrun for dataset_produces_2 to None, run_after=None
[2023-02-10T00:12:24.383+0000] {processor.py:175} INFO - Processing /home/airflow/.local/lib/python3.7/site-packages/airflow/example_dags/example_datasets.py took 0.199 seconds
[2023-02-10T00:12:54.603+0000] {processor.py:153} INFO - Started process (PID=4363) to work on /home/airflow/.local/lib/python3.7/site-packages/airflow/example_dags/example_datasets.py
[2023-02-10T00:12:54.604+0000] {processor.py:743} INFO - Processing file /home/airflow/.local/lib/python3.7/site-packages/airflow/example_dags/example_datasets.py for tasks to queue
[2023-02-10T00:12:54.605+0000] {logging_mixin.py:137} INFO - [2023-02-10T00:12:54.605+0000] {dagbag.py:538} INFO - Filling up the DagBag from /home/airflow/.local/lib/python3.7/site-packages/airflow/example_dags/example_datasets.py
[2023-02-10T00:12:54.625+0000] {processor.py:753} INFO - DAG(s) dict_keys(['dataset_consumes_1', 'dataset_consumes_unknown_never_scheduled', 'dataset_produces_1', 'dataset_consumes_1_never_scheduled', 'dataset_produces_2', 'dataset_consumes_1_and_2']) retrieved from /home/airflow/.local/lib/python3.7/site-packages/airflow/example_dags/example_datasets.py
[2023-02-10T00:12:54.702+0000] {logging_mixin.py:137} INFO - [2023-02-10T00:12:54.701+0000] {dag.py:2690} INFO - Sync 6 DAGs
[2023-02-10T00:12:54.744+0000] {logging_mixin.py:137} INFO - [2023-02-10T00:12:54.743+0000] {dag.py:3441} INFO - Setting next_dagrun for dataset_consumes_1 to None, run_after=None
[2023-02-10T00:12:54.749+0000] {logging_mixin.py:137} INFO - [2023-02-10T00:12:54.748+0000] {dag.py:3441} INFO - Setting next_dagrun for dataset_consumes_1_and_2 to None, run_after=None
[2023-02-10T00:12:54.750+0000] {logging_mixin.py:137} INFO - [2023-02-10T00:12:54.750+0000] {dag.py:3441} INFO - Setting next_dagrun for dataset_consumes_1_never_scheduled to None, run_after=None
[2023-02-10T00:12:54.752+0000] {logging_mixin.py:137} INFO - [2023-02-10T00:12:54.752+0000] {dag.py:3441} INFO - Setting next_dagrun for dataset_consumes_unknown_never_scheduled to None, run_after=None
[2023-02-10T00:12:54.757+0000] {logging_mixin.py:137} INFO - [2023-02-10T00:12:54.757+0000] {dag.py:3441} INFO - Setting next_dagrun for dataset_produces_1 to 2023-02-09T00:00:00+00:00, run_after=2023-02-10T00:00:00+00:00
[2023-02-10T00:12:54.760+0000] {logging_mixin.py:137} INFO - [2023-02-10T00:12:54.759+0000] {dag.py:3441} INFO - Setting next_dagrun for dataset_produces_2 to None, run_after=None
[2023-02-10T00:12:54.813+0000] {processor.py:175} INFO - Processing /home/airflow/.local/lib/python3.7/site-packages/airflow/example_dags/example_datasets.py took 0.214 seconds
[2023-02-10T00:13:25.308+0000] {processor.py:153} INFO - Started process (PID=4430) to work on /home/airflow/.local/lib/python3.7/site-packages/airflow/example_dags/example_datasets.py
[2023-02-10T00:13:25.309+0000] {processor.py:743} INFO - Processing file /home/airflow/.local/lib/python3.7/site-packages/airflow/example_dags/example_datasets.py for tasks to queue
[2023-02-10T00:13:25.310+0000] {logging_mixin.py:137} INFO - [2023-02-10T00:13:25.310+0000] {dagbag.py:538} INFO - Filling up the DagBag from /home/airflow/.local/lib/python3.7/site-packages/airflow/example_dags/example_datasets.py
[2023-02-10T00:13:25.333+0000] {processor.py:753} INFO - DAG(s) dict_keys(['dataset_produces_1', 'dataset_consumes_1', 'dataset_consumes_1_never_scheduled', 'dataset_consumes_1_and_2', 'dataset_consumes_unknown_never_scheduled', 'dataset_produces_2']) retrieved from /home/airflow/.local/lib/python3.7/site-packages/airflow/example_dags/example_datasets.py
[2023-02-10T00:13:25.404+0000] {logging_mixin.py:137} INFO - [2023-02-10T00:13:25.403+0000] {dag.py:2690} INFO - Sync 6 DAGs
[2023-02-10T00:13:25.442+0000] {logging_mixin.py:137} INFO - [2023-02-10T00:13:25.442+0000] {dag.py:3441} INFO - Setting next_dagrun for dataset_consumes_1 to None, run_after=None
[2023-02-10T00:13:25.448+0000] {logging_mixin.py:137} INFO - [2023-02-10T00:13:25.448+0000] {dag.py:3441} INFO - Setting next_dagrun for dataset_consumes_1_and_2 to None, run_after=None
[2023-02-10T00:13:25.450+0000] {logging_mixin.py:137} INFO - [2023-02-10T00:13:25.450+0000] {dag.py:3441} INFO - Setting next_dagrun for dataset_consumes_1_never_scheduled to None, run_after=None
[2023-02-10T00:13:25.452+0000] {logging_mixin.py:137} INFO - [2023-02-10T00:13:25.452+0000] {dag.py:3441} INFO - Setting next_dagrun for dataset_consumes_unknown_never_scheduled to None, run_after=None
[2023-02-10T00:13:25.456+0000] {logging_mixin.py:137} INFO - [2023-02-10T00:13:25.456+0000] {dag.py:3441} INFO - Setting next_dagrun for dataset_produces_1 to 2023-02-09T00:00:00+00:00, run_after=2023-02-10T00:00:00+00:00
[2023-02-10T00:13:25.458+0000] {logging_mixin.py:137} INFO - [2023-02-10T00:13:25.458+0000] {dag.py:3441} INFO - Setting next_dagrun for dataset_produces_2 to None, run_after=None
[2023-02-10T00:13:25.506+0000] {processor.py:175} INFO - Processing /home/airflow/.local/lib/python3.7/site-packages/airflow/example_dags/example_datasets.py took 0.201 seconds
