[2023-02-10T00:00:11.859+0000] {processor.py:153} INFO - Started process (PID=2570) to work on /home/airflow/.local/lib/python3.7/site-packages/airflow/example_dags/example_latest_only.py
[2023-02-10T00:00:11.859+0000] {processor.py:743} INFO - Processing file /home/airflow/.local/lib/python3.7/site-packages/airflow/example_dags/example_latest_only.py for tasks to queue
[2023-02-10T00:00:11.860+0000] {logging_mixin.py:137} INFO - [2023-02-10T00:00:11.860+0000] {dagbag.py:538} INFO - Filling up the DagBag from /home/airflow/.local/lib/python3.7/site-packages/airflow/example_dags/example_latest_only.py
[2023-02-10T00:00:11.874+0000] {processor.py:753} INFO - DAG(s) dict_keys(['latest_only']) retrieved from /home/airflow/.local/lib/python3.7/site-packages/airflow/example_dags/example_latest_only.py
[2023-02-10T00:00:11.902+0000] {logging_mixin.py:137} INFO - [2023-02-10T00:00:11.902+0000] {dag.py:2690} INFO - Sync 1 DAGs
[2023-02-10T00:00:11.943+0000] {logging_mixin.py:137} INFO - [2023-02-10T00:00:11.942+0000] {dag.py:3441} INFO - Setting next_dagrun for latest_only to 2023-02-09T20:00:11.942651+00:00, run_after=2023-02-10T00:00:11.942651+00:00
[2023-02-10T00:00:11.968+0000] {processor.py:175} INFO - Processing /home/airflow/.local/lib/python3.7/site-packages/airflow/example_dags/example_latest_only.py took 0.112 seconds
[2023-02-10T00:00:42.605+0000] {processor.py:153} INFO - Started process (PID=2645) to work on /home/airflow/.local/lib/python3.7/site-packages/airflow/example_dags/example_latest_only.py
[2023-02-10T00:00:42.606+0000] {processor.py:743} INFO - Processing file /home/airflow/.local/lib/python3.7/site-packages/airflow/example_dags/example_latest_only.py for tasks to queue
[2023-02-10T00:00:42.606+0000] {logging_mixin.py:137} INFO - [2023-02-10T00:00:42.606+0000] {dagbag.py:538} INFO - Filling up the DagBag from /home/airflow/.local/lib/python3.7/site-packages/airflow/example_dags/example_latest_only.py
[2023-02-10T00:00:42.622+0000] {processor.py:753} INFO - DAG(s) dict_keys(['latest_only']) retrieved from /home/airflow/.local/lib/python3.7/site-packages/airflow/example_dags/example_latest_only.py
[2023-02-10T00:00:42.653+0000] {logging_mixin.py:137} INFO - [2023-02-10T00:00:42.652+0000] {dag.py:2690} INFO - Sync 1 DAGs
[2023-02-10T00:00:42.689+0000] {logging_mixin.py:137} INFO - [2023-02-10T00:00:42.689+0000] {dag.py:3441} INFO - Setting next_dagrun for latest_only to 2023-02-09T20:00:42.689055+00:00, run_after=2023-02-10T00:00:42.689055+00:00
[2023-02-10T00:00:42.717+0000] {processor.py:175} INFO - Processing /home/airflow/.local/lib/python3.7/site-packages/airflow/example_dags/example_latest_only.py took 0.115 seconds
[2023-02-10T00:01:12.980+0000] {processor.py:153} INFO - Started process (PID=2716) to work on /home/airflow/.local/lib/python3.7/site-packages/airflow/example_dags/example_latest_only.py
[2023-02-10T00:01:12.980+0000] {processor.py:743} INFO - Processing file /home/airflow/.local/lib/python3.7/site-packages/airflow/example_dags/example_latest_only.py for tasks to queue
[2023-02-10T00:01:12.981+0000] {logging_mixin.py:137} INFO - [2023-02-10T00:01:12.981+0000] {dagbag.py:538} INFO - Filling up the DagBag from /home/airflow/.local/lib/python3.7/site-packages/airflow/example_dags/example_latest_only.py
[2023-02-10T00:01:12.995+0000] {processor.py:753} INFO - DAG(s) dict_keys(['latest_only']) retrieved from /home/airflow/.local/lib/python3.7/site-packages/airflow/example_dags/example_latest_only.py
[2023-02-10T00:01:13.023+0000] {logging_mixin.py:137} INFO - [2023-02-10T00:01:13.023+0000] {dag.py:2690} INFO - Sync 1 DAGs
[2023-02-10T00:01:13.060+0000] {logging_mixin.py:137} INFO - [2023-02-10T00:01:13.059+0000] {dag.py:3441} INFO - Setting next_dagrun for latest_only to 2023-02-09T20:01:13.059587+00:00, run_after=2023-02-10T00:01:13.059587+00:00
[2023-02-10T00:01:13.086+0000] {processor.py:175} INFO - Processing /home/airflow/.local/lib/python3.7/site-packages/airflow/example_dags/example_latest_only.py took 0.110 seconds
[2023-02-10T00:01:43.599+0000] {processor.py:153} INFO - Started process (PID=2784) to work on /home/airflow/.local/lib/python3.7/site-packages/airflow/example_dags/example_latest_only.py
[2023-02-10T00:01:43.600+0000] {processor.py:743} INFO - Processing file /home/airflow/.local/lib/python3.7/site-packages/airflow/example_dags/example_latest_only.py for tasks to queue
[2023-02-10T00:01:43.600+0000] {logging_mixin.py:137} INFO - [2023-02-10T00:01:43.600+0000] {dagbag.py:538} INFO - Filling up the DagBag from /home/airflow/.local/lib/python3.7/site-packages/airflow/example_dags/example_latest_only.py
[2023-02-10T00:01:43.617+0000] {processor.py:753} INFO - DAG(s) dict_keys(['latest_only']) retrieved from /home/airflow/.local/lib/python3.7/site-packages/airflow/example_dags/example_latest_only.py
[2023-02-10T00:01:43.647+0000] {logging_mixin.py:137} INFO - [2023-02-10T00:01:43.647+0000] {dag.py:2690} INFO - Sync 1 DAGs
[2023-02-10T00:01:43.684+0000] {logging_mixin.py:137} INFO - [2023-02-10T00:01:43.684+0000] {dag.py:3441} INFO - Setting next_dagrun for latest_only to 2023-02-09T20:01:43.684512+00:00, run_after=2023-02-10T00:01:43.684512+00:00
[2023-02-10T00:01:43.711+0000] {processor.py:175} INFO - Processing /home/airflow/.local/lib/python3.7/site-packages/airflow/example_dags/example_latest_only.py took 0.116 seconds
[2023-02-10T00:02:13.930+0000] {processor.py:153} INFO - Started process (PID=2858) to work on /home/airflow/.local/lib/python3.7/site-packages/airflow/example_dags/example_latest_only.py
[2023-02-10T00:02:13.931+0000] {processor.py:743} INFO - Processing file /home/airflow/.local/lib/python3.7/site-packages/airflow/example_dags/example_latest_only.py for tasks to queue
[2023-02-10T00:02:13.931+0000] {logging_mixin.py:137} INFO - [2023-02-10T00:02:13.931+0000] {dagbag.py:538} INFO - Filling up the DagBag from /home/airflow/.local/lib/python3.7/site-packages/airflow/example_dags/example_latest_only.py
[2023-02-10T00:02:13.947+0000] {processor.py:753} INFO - DAG(s) dict_keys(['latest_only']) retrieved from /home/airflow/.local/lib/python3.7/site-packages/airflow/example_dags/example_latest_only.py
[2023-02-10T00:02:13.980+0000] {logging_mixin.py:137} INFO - [2023-02-10T00:02:13.980+0000] {dag.py:2690} INFO - Sync 1 DAGs
[2023-02-10T00:02:14.024+0000] {logging_mixin.py:137} INFO - [2023-02-10T00:02:14.024+0000] {dag.py:3441} INFO - Setting next_dagrun for latest_only to 2023-02-09T20:02:14.024102+00:00, run_after=2023-02-10T00:02:14.024102+00:00
[2023-02-10T00:02:14.054+0000] {processor.py:175} INFO - Processing /home/airflow/.local/lib/python3.7/site-packages/airflow/example_dags/example_latest_only.py took 0.127 seconds
[2023-02-10T00:02:44.480+0000] {processor.py:153} INFO - Started process (PID=2934) to work on /home/airflow/.local/lib/python3.7/site-packages/airflow/example_dags/example_latest_only.py
[2023-02-10T00:02:44.481+0000] {processor.py:743} INFO - Processing file /home/airflow/.local/lib/python3.7/site-packages/airflow/example_dags/example_latest_only.py for tasks to queue
[2023-02-10T00:02:44.481+0000] {logging_mixin.py:137} INFO - [2023-02-10T00:02:44.481+0000] {dagbag.py:538} INFO - Filling up the DagBag from /home/airflow/.local/lib/python3.7/site-packages/airflow/example_dags/example_latest_only.py
[2023-02-10T00:02:44.496+0000] {processor.py:753} INFO - DAG(s) dict_keys(['latest_only']) retrieved from /home/airflow/.local/lib/python3.7/site-packages/airflow/example_dags/example_latest_only.py
[2023-02-10T00:02:44.526+0000] {logging_mixin.py:137} INFO - [2023-02-10T00:02:44.526+0000] {dag.py:2690} INFO - Sync 1 DAGs
[2023-02-10T00:02:44.561+0000] {logging_mixin.py:137} INFO - [2023-02-10T00:02:44.561+0000] {dag.py:3441} INFO - Setting next_dagrun for latest_only to 2023-02-09T20:02:44.560812+00:00, run_after=2023-02-10T00:02:44.560812+00:00
[2023-02-10T00:02:44.584+0000] {processor.py:175} INFO - Processing /home/airflow/.local/lib/python3.7/site-packages/airflow/example_dags/example_latest_only.py took 0.107 seconds
[2023-02-10T00:03:14.924+0000] {processor.py:153} INFO - Started process (PID=3003) to work on /home/airflow/.local/lib/python3.7/site-packages/airflow/example_dags/example_latest_only.py
[2023-02-10T00:03:14.925+0000] {processor.py:743} INFO - Processing file /home/airflow/.local/lib/python3.7/site-packages/airflow/example_dags/example_latest_only.py for tasks to queue
[2023-02-10T00:03:14.925+0000] {logging_mixin.py:137} INFO - [2023-02-10T00:03:14.925+0000] {dagbag.py:538} INFO - Filling up the DagBag from /home/airflow/.local/lib/python3.7/site-packages/airflow/example_dags/example_latest_only.py
[2023-02-10T00:03:14.939+0000] {processor.py:753} INFO - DAG(s) dict_keys(['latest_only']) retrieved from /home/airflow/.local/lib/python3.7/site-packages/airflow/example_dags/example_latest_only.py
[2023-02-10T00:03:14.967+0000] {logging_mixin.py:137} INFO - [2023-02-10T00:03:14.967+0000] {dag.py:2690} INFO - Sync 1 DAGs
[2023-02-10T00:03:15.003+0000] {logging_mixin.py:137} INFO - [2023-02-10T00:03:15.003+0000] {dag.py:3441} INFO - Setting next_dagrun for latest_only to 2023-02-09T20:03:15.003141+00:00, run_after=2023-02-10T00:03:15.003141+00:00
[2023-02-10T00:03:15.028+0000] {processor.py:175} INFO - Processing /home/airflow/.local/lib/python3.7/site-packages/airflow/example_dags/example_latest_only.py took 0.107 seconds
[2023-02-10T00:03:45.337+0000] {processor.py:153} INFO - Started process (PID=3072) to work on /home/airflow/.local/lib/python3.7/site-packages/airflow/example_dags/example_latest_only.py
[2023-02-10T00:03:45.338+0000] {processor.py:743} INFO - Processing file /home/airflow/.local/lib/python3.7/site-packages/airflow/example_dags/example_latest_only.py for tasks to queue
[2023-02-10T00:03:45.338+0000] {logging_mixin.py:137} INFO - [2023-02-10T00:03:45.338+0000] {dagbag.py:538} INFO - Filling up the DagBag from /home/airflow/.local/lib/python3.7/site-packages/airflow/example_dags/example_latest_only.py
[2023-02-10T00:03:45.353+0000] {processor.py:753} INFO - DAG(s) dict_keys(['latest_only']) retrieved from /home/airflow/.local/lib/python3.7/site-packages/airflow/example_dags/example_latest_only.py
[2023-02-10T00:03:45.382+0000] {logging_mixin.py:137} INFO - [2023-02-10T00:03:45.382+0000] {dag.py:2690} INFO - Sync 1 DAGs
[2023-02-10T00:03:45.416+0000] {logging_mixin.py:137} INFO - [2023-02-10T00:03:45.416+0000] {dag.py:3441} INFO - Setting next_dagrun for latest_only to 2023-02-09T20:03:45.416446+00:00, run_after=2023-02-10T00:03:45.416446+00:00
[2023-02-10T00:03:45.443+0000] {processor.py:175} INFO - Processing /home/airflow/.local/lib/python3.7/site-packages/airflow/example_dags/example_latest_only.py took 0.109 seconds
[2023-02-10T00:04:15.862+0000] {processor.py:153} INFO - Started process (PID=3153) to work on /home/airflow/.local/lib/python3.7/site-packages/airflow/example_dags/example_latest_only.py
[2023-02-10T00:04:15.863+0000] {processor.py:743} INFO - Processing file /home/airflow/.local/lib/python3.7/site-packages/airflow/example_dags/example_latest_only.py for tasks to queue
[2023-02-10T00:04:15.863+0000] {logging_mixin.py:137} INFO - [2023-02-10T00:04:15.863+0000] {dagbag.py:538} INFO - Filling up the DagBag from /home/airflow/.local/lib/python3.7/site-packages/airflow/example_dags/example_latest_only.py
[2023-02-10T00:04:15.878+0000] {processor.py:753} INFO - DAG(s) dict_keys(['latest_only']) retrieved from /home/airflow/.local/lib/python3.7/site-packages/airflow/example_dags/example_latest_only.py
[2023-02-10T00:04:15.905+0000] {logging_mixin.py:137} INFO - [2023-02-10T00:04:15.905+0000] {dag.py:2690} INFO - Sync 1 DAGs
[2023-02-10T00:04:15.942+0000] {logging_mixin.py:137} INFO - [2023-02-10T00:04:15.942+0000] {dag.py:3441} INFO - Setting next_dagrun for latest_only to 2023-02-09T20:04:15.941909+00:00, run_after=2023-02-10T00:04:15.941909+00:00
[2023-02-10T00:04:15.968+0000] {processor.py:175} INFO - Processing /home/airflow/.local/lib/python3.7/site-packages/airflow/example_dags/example_latest_only.py took 0.110 seconds
[2023-02-10T00:04:46.478+0000] {processor.py:153} INFO - Started process (PID=3221) to work on /home/airflow/.local/lib/python3.7/site-packages/airflow/example_dags/example_latest_only.py
[2023-02-10T00:04:46.479+0000] {processor.py:743} INFO - Processing file /home/airflow/.local/lib/python3.7/site-packages/airflow/example_dags/example_latest_only.py for tasks to queue
[2023-02-10T00:04:46.479+0000] {logging_mixin.py:137} INFO - [2023-02-10T00:04:46.479+0000] {dagbag.py:538} INFO - Filling up the DagBag from /home/airflow/.local/lib/python3.7/site-packages/airflow/example_dags/example_latest_only.py
[2023-02-10T00:04:46.495+0000] {processor.py:753} INFO - DAG(s) dict_keys(['latest_only']) retrieved from /home/airflow/.local/lib/python3.7/site-packages/airflow/example_dags/example_latest_only.py
[2023-02-10T00:04:46.529+0000] {logging_mixin.py:137} INFO - [2023-02-10T00:04:46.528+0000] {dag.py:2690} INFO - Sync 1 DAGs
[2023-02-10T00:04:46.568+0000] {logging_mixin.py:137} INFO - [2023-02-10T00:04:46.568+0000] {dag.py:3441} INFO - Setting next_dagrun for latest_only to 2023-02-09T20:04:46.568164+00:00, run_after=2023-02-10T00:04:46.568164+00:00
[2023-02-10T00:04:46.599+0000] {processor.py:175} INFO - Processing /home/airflow/.local/lib/python3.7/site-packages/airflow/example_dags/example_latest_only.py took 0.124 seconds
[2023-02-10T00:05:17.014+0000] {processor.py:153} INFO - Started process (PID=3287) to work on /home/airflow/.local/lib/python3.7/site-packages/airflow/example_dags/example_latest_only.py
[2023-02-10T00:05:17.015+0000] {processor.py:743} INFO - Processing file /home/airflow/.local/lib/python3.7/site-packages/airflow/example_dags/example_latest_only.py for tasks to queue
[2023-02-10T00:05:17.015+0000] {logging_mixin.py:137} INFO - [2023-02-10T00:05:17.015+0000] {dagbag.py:538} INFO - Filling up the DagBag from /home/airflow/.local/lib/python3.7/site-packages/airflow/example_dags/example_latest_only.py
[2023-02-10T00:05:17.030+0000] {processor.py:753} INFO - DAG(s) dict_keys(['latest_only']) retrieved from /home/airflow/.local/lib/python3.7/site-packages/airflow/example_dags/example_latest_only.py
[2023-02-10T00:05:17.058+0000] {logging_mixin.py:137} INFO - [2023-02-10T00:05:17.058+0000] {dag.py:2690} INFO - Sync 1 DAGs
[2023-02-10T00:05:17.097+0000] {logging_mixin.py:137} INFO - [2023-02-10T00:05:17.097+0000] {dag.py:3441} INFO - Setting next_dagrun for latest_only to 2023-02-09T20:05:17.096849+00:00, run_after=2023-02-10T00:05:17.096849+00:00
[2023-02-10T00:05:17.127+0000] {processor.py:175} INFO - Processing /home/airflow/.local/lib/python3.7/site-packages/airflow/example_dags/example_latest_only.py took 0.117 seconds
[2023-02-10T00:05:48.039+0000] {processor.py:153} INFO - Started process (PID=3371) to work on /home/airflow/.local/lib/python3.7/site-packages/airflow/example_dags/example_latest_only.py
[2023-02-10T00:05:48.039+0000] {processor.py:743} INFO - Processing file /home/airflow/.local/lib/python3.7/site-packages/airflow/example_dags/example_latest_only.py for tasks to queue
[2023-02-10T00:05:48.040+0000] {logging_mixin.py:137} INFO - [2023-02-10T00:05:48.040+0000] {dagbag.py:538} INFO - Filling up the DagBag from /home/airflow/.local/lib/python3.7/site-packages/airflow/example_dags/example_latest_only.py
[2023-02-10T00:05:48.054+0000] {processor.py:753} INFO - DAG(s) dict_keys(['latest_only']) retrieved from /home/airflow/.local/lib/python3.7/site-packages/airflow/example_dags/example_latest_only.py
[2023-02-10T00:05:48.084+0000] {logging_mixin.py:137} INFO - [2023-02-10T00:05:48.083+0000] {dag.py:2690} INFO - Sync 1 DAGs
[2023-02-10T00:05:48.120+0000] {logging_mixin.py:137} INFO - [2023-02-10T00:05:48.120+0000] {dag.py:3441} INFO - Setting next_dagrun for latest_only to 2023-02-09T20:05:48.119905+00:00, run_after=2023-02-10T00:05:48.119905+00:00
[2023-02-10T00:05:48.146+0000] {processor.py:175} INFO - Processing /home/airflow/.local/lib/python3.7/site-packages/airflow/example_dags/example_latest_only.py took 0.110 seconds
[2023-02-10T00:06:18.914+0000] {processor.py:153} INFO - Started process (PID=3440) to work on /home/airflow/.local/lib/python3.7/site-packages/airflow/example_dags/example_latest_only.py
[2023-02-10T00:06:18.915+0000] {processor.py:743} INFO - Processing file /home/airflow/.local/lib/python3.7/site-packages/airflow/example_dags/example_latest_only.py for tasks to queue
[2023-02-10T00:06:18.916+0000] {logging_mixin.py:137} INFO - [2023-02-10T00:06:18.916+0000] {dagbag.py:538} INFO - Filling up the DagBag from /home/airflow/.local/lib/python3.7/site-packages/airflow/example_dags/example_latest_only.py
[2023-02-10T00:06:18.932+0000] {processor.py:753} INFO - DAG(s) dict_keys(['latest_only']) retrieved from /home/airflow/.local/lib/python3.7/site-packages/airflow/example_dags/example_latest_only.py
[2023-02-10T00:06:18.961+0000] {logging_mixin.py:137} INFO - [2023-02-10T00:06:18.961+0000] {dag.py:2690} INFO - Sync 1 DAGs
[2023-02-10T00:06:18.997+0000] {logging_mixin.py:137} INFO - [2023-02-10T00:06:18.996+0000] {dag.py:3441} INFO - Setting next_dagrun for latest_only to 2023-02-09T20:06:18.996701+00:00, run_after=2023-02-10T00:06:18.996701+00:00
[2023-02-10T00:06:19.032+0000] {processor.py:175} INFO - Processing /home/airflow/.local/lib/python3.7/site-packages/airflow/example_dags/example_latest_only.py took 0.121 seconds
[2023-02-10T00:06:49.346+0000] {processor.py:153} INFO - Started process (PID=3509) to work on /home/airflow/.local/lib/python3.7/site-packages/airflow/example_dags/example_latest_only.py
[2023-02-10T00:06:49.347+0000] {processor.py:743} INFO - Processing file /home/airflow/.local/lib/python3.7/site-packages/airflow/example_dags/example_latest_only.py for tasks to queue
[2023-02-10T00:06:49.348+0000] {logging_mixin.py:137} INFO - [2023-02-10T00:06:49.348+0000] {dagbag.py:538} INFO - Filling up the DagBag from /home/airflow/.local/lib/python3.7/site-packages/airflow/example_dags/example_latest_only.py
[2023-02-10T00:06:49.362+0000] {processor.py:753} INFO - DAG(s) dict_keys(['latest_only']) retrieved from /home/airflow/.local/lib/python3.7/site-packages/airflow/example_dags/example_latest_only.py
[2023-02-10T00:06:49.391+0000] {logging_mixin.py:137} INFO - [2023-02-10T00:06:49.390+0000] {dag.py:2690} INFO - Sync 1 DAGs
[2023-02-10T00:06:49.425+0000] {logging_mixin.py:137} INFO - [2023-02-10T00:06:49.425+0000] {dag.py:3441} INFO - Setting next_dagrun for latest_only to 2023-02-09T20:06:49.425446+00:00, run_after=2023-02-10T00:06:49.425446+00:00
[2023-02-10T00:06:49.452+0000] {processor.py:175} INFO - Processing /home/airflow/.local/lib/python3.7/site-packages/airflow/example_dags/example_latest_only.py took 0.111 seconds
[2023-02-10T00:07:20.400+0000] {processor.py:153} INFO - Started process (PID=3592) to work on /home/airflow/.local/lib/python3.7/site-packages/airflow/example_dags/example_latest_only.py
[2023-02-10T00:07:20.401+0000] {processor.py:743} INFO - Processing file /home/airflow/.local/lib/python3.7/site-packages/airflow/example_dags/example_latest_only.py for tasks to queue
[2023-02-10T00:07:20.402+0000] {logging_mixin.py:137} INFO - [2023-02-10T00:07:20.402+0000] {dagbag.py:538} INFO - Filling up the DagBag from /home/airflow/.local/lib/python3.7/site-packages/airflow/example_dags/example_latest_only.py
[2023-02-10T00:07:20.416+0000] {processor.py:753} INFO - DAG(s) dict_keys(['latest_only']) retrieved from /home/airflow/.local/lib/python3.7/site-packages/airflow/example_dags/example_latest_only.py
[2023-02-10T00:07:20.446+0000] {logging_mixin.py:137} INFO - [2023-02-10T00:07:20.446+0000] {dag.py:2690} INFO - Sync 1 DAGs
[2023-02-10T00:07:20.482+0000] {logging_mixin.py:137} INFO - [2023-02-10T00:07:20.482+0000] {dag.py:3441} INFO - Setting next_dagrun for latest_only to 2023-02-09T20:07:20.481727+00:00, run_after=2023-02-10T00:07:20.481727+00:00
[2023-02-10T00:07:20.508+0000] {processor.py:175} INFO - Processing /home/airflow/.local/lib/python3.7/site-packages/airflow/example_dags/example_latest_only.py took 0.111 seconds
[2023-02-10T00:07:50.677+0000] {processor.py:153} INFO - Started process (PID=3660) to work on /home/airflow/.local/lib/python3.7/site-packages/airflow/example_dags/example_latest_only.py
[2023-02-10T00:07:50.678+0000] {processor.py:743} INFO - Processing file /home/airflow/.local/lib/python3.7/site-packages/airflow/example_dags/example_latest_only.py for tasks to queue
[2023-02-10T00:07:50.679+0000] {logging_mixin.py:137} INFO - [2023-02-10T00:07:50.679+0000] {dagbag.py:538} INFO - Filling up the DagBag from /home/airflow/.local/lib/python3.7/site-packages/airflow/example_dags/example_latest_only.py
[2023-02-10T00:07:50.703+0000] {processor.py:753} INFO - DAG(s) dict_keys(['latest_only']) retrieved from /home/airflow/.local/lib/python3.7/site-packages/airflow/example_dags/example_latest_only.py
[2023-02-10T00:07:50.738+0000] {logging_mixin.py:137} INFO - [2023-02-10T00:07:50.738+0000] {dag.py:2690} INFO - Sync 1 DAGs
[2023-02-10T00:07:50.775+0000] {logging_mixin.py:137} INFO - [2023-02-10T00:07:50.775+0000] {dag.py:3441} INFO - Setting next_dagrun for latest_only to 2023-02-09T20:07:50.775257+00:00, run_after=2023-02-10T00:07:50.775257+00:00
[2023-02-10T00:07:50.801+0000] {processor.py:175} INFO - Processing /home/airflow/.local/lib/python3.7/site-packages/airflow/example_dags/example_latest_only.py took 0.129 seconds
[2023-02-10T00:08:21.171+0000] {processor.py:153} INFO - Started process (PID=3729) to work on /home/airflow/.local/lib/python3.7/site-packages/airflow/example_dags/example_latest_only.py
[2023-02-10T00:08:21.172+0000] {processor.py:743} INFO - Processing file /home/airflow/.local/lib/python3.7/site-packages/airflow/example_dags/example_latest_only.py for tasks to queue
[2023-02-10T00:08:21.173+0000] {logging_mixin.py:137} INFO - [2023-02-10T00:08:21.173+0000] {dagbag.py:538} INFO - Filling up the DagBag from /home/airflow/.local/lib/python3.7/site-packages/airflow/example_dags/example_latest_only.py
[2023-02-10T00:08:21.190+0000] {processor.py:753} INFO - DAG(s) dict_keys(['latest_only']) retrieved from /home/airflow/.local/lib/python3.7/site-packages/airflow/example_dags/example_latest_only.py
[2023-02-10T00:08:21.223+0000] {logging_mixin.py:137} INFO - [2023-02-10T00:08:21.223+0000] {dag.py:2690} INFO - Sync 1 DAGs
[2023-02-10T00:08:21.259+0000] {logging_mixin.py:137} INFO - [2023-02-10T00:08:21.259+0000] {dag.py:3441} INFO - Setting next_dagrun for latest_only to 2023-02-09T20:08:21.258788+00:00, run_after=2023-02-10T00:08:21.258788+00:00
[2023-02-10T00:08:21.284+0000] {processor.py:175} INFO - Processing /home/airflow/.local/lib/python3.7/site-packages/airflow/example_dags/example_latest_only.py took 0.116 seconds
[2023-02-10T00:08:51.987+0000] {processor.py:153} INFO - Started process (PID=3810) to work on /home/airflow/.local/lib/python3.7/site-packages/airflow/example_dags/example_latest_only.py
[2023-02-10T00:08:51.988+0000] {processor.py:743} INFO - Processing file /home/airflow/.local/lib/python3.7/site-packages/airflow/example_dags/example_latest_only.py for tasks to queue
[2023-02-10T00:08:51.989+0000] {logging_mixin.py:137} INFO - [2023-02-10T00:08:51.989+0000] {dagbag.py:538} INFO - Filling up the DagBag from /home/airflow/.local/lib/python3.7/site-packages/airflow/example_dags/example_latest_only.py
[2023-02-10T00:08:52.004+0000] {processor.py:753} INFO - DAG(s) dict_keys(['latest_only']) retrieved from /home/airflow/.local/lib/python3.7/site-packages/airflow/example_dags/example_latest_only.py
[2023-02-10T00:08:52.050+0000] {logging_mixin.py:137} INFO - [2023-02-10T00:08:52.050+0000] {dag.py:2690} INFO - Sync 1 DAGs
[2023-02-10T00:08:52.094+0000] {logging_mixin.py:137} INFO - [2023-02-10T00:08:52.094+0000] {dag.py:3441} INFO - Setting next_dagrun for latest_only to 2023-02-09T20:08:52.094464+00:00, run_after=2023-02-10T00:08:52.094464+00:00
[2023-02-10T00:08:52.120+0000] {processor.py:175} INFO - Processing /home/airflow/.local/lib/python3.7/site-packages/airflow/example_dags/example_latest_only.py took 0.136 seconds
[2023-02-10T00:09:22.405+0000] {processor.py:153} INFO - Started process (PID=3878) to work on /home/airflow/.local/lib/python3.7/site-packages/airflow/example_dags/example_latest_only.py
[2023-02-10T00:09:22.406+0000] {processor.py:743} INFO - Processing file /home/airflow/.local/lib/python3.7/site-packages/airflow/example_dags/example_latest_only.py for tasks to queue
[2023-02-10T00:09:22.406+0000] {logging_mixin.py:137} INFO - [2023-02-10T00:09:22.406+0000] {dagbag.py:538} INFO - Filling up the DagBag from /home/airflow/.local/lib/python3.7/site-packages/airflow/example_dags/example_latest_only.py
[2023-02-10T00:09:22.421+0000] {processor.py:753} INFO - DAG(s) dict_keys(['latest_only']) retrieved from /home/airflow/.local/lib/python3.7/site-packages/airflow/example_dags/example_latest_only.py
[2023-02-10T00:09:22.454+0000] {logging_mixin.py:137} INFO - [2023-02-10T00:09:22.454+0000] {dag.py:2690} INFO - Sync 1 DAGs
[2023-02-10T00:09:22.492+0000] {logging_mixin.py:137} INFO - [2023-02-10T00:09:22.492+0000] {dag.py:3441} INFO - Setting next_dagrun for latest_only to 2023-02-09T20:09:22.492069+00:00, run_after=2023-02-10T00:09:22.492069+00:00
[2023-02-10T00:09:22.521+0000] {processor.py:175} INFO - Processing /home/airflow/.local/lib/python3.7/site-packages/airflow/example_dags/example_latest_only.py took 0.120 seconds
[2023-02-10T00:09:52.646+0000] {processor.py:153} INFO - Started process (PID=3945) to work on /home/airflow/.local/lib/python3.7/site-packages/airflow/example_dags/example_latest_only.py
[2023-02-10T00:09:52.647+0000] {processor.py:743} INFO - Processing file /home/airflow/.local/lib/python3.7/site-packages/airflow/example_dags/example_latest_only.py for tasks to queue
[2023-02-10T00:09:52.649+0000] {logging_mixin.py:137} INFO - [2023-02-10T00:09:52.649+0000] {dagbag.py:538} INFO - Filling up the DagBag from /home/airflow/.local/lib/python3.7/site-packages/airflow/example_dags/example_latest_only.py
[2023-02-10T00:09:52.667+0000] {processor.py:753} INFO - DAG(s) dict_keys(['latest_only']) retrieved from /home/airflow/.local/lib/python3.7/site-packages/airflow/example_dags/example_latest_only.py
[2023-02-10T00:09:52.697+0000] {logging_mixin.py:137} INFO - [2023-02-10T00:09:52.697+0000] {dag.py:2690} INFO - Sync 1 DAGs
[2023-02-10T00:09:52.734+0000] {logging_mixin.py:137} INFO - [2023-02-10T00:09:52.734+0000] {dag.py:3441} INFO - Setting next_dagrun for latest_only to 2023-02-09T20:09:52.733863+00:00, run_after=2023-02-10T00:09:52.733863+00:00
[2023-02-10T00:09:52.763+0000] {processor.py:175} INFO - Processing /home/airflow/.local/lib/python3.7/site-packages/airflow/example_dags/example_latest_only.py took 0.121 seconds
[2023-02-10T00:10:23.555+0000] {processor.py:153} INFO - Started process (PID=4023) to work on /home/airflow/.local/lib/python3.7/site-packages/airflow/example_dags/example_latest_only.py
[2023-02-10T00:10:23.556+0000] {processor.py:743} INFO - Processing file /home/airflow/.local/lib/python3.7/site-packages/airflow/example_dags/example_latest_only.py for tasks to queue
[2023-02-10T00:10:23.556+0000] {logging_mixin.py:137} INFO - [2023-02-10T00:10:23.556+0000] {dagbag.py:538} INFO - Filling up the DagBag from /home/airflow/.local/lib/python3.7/site-packages/airflow/example_dags/example_latest_only.py
[2023-02-10T00:10:23.572+0000] {processor.py:753} INFO - DAG(s) dict_keys(['latest_only']) retrieved from /home/airflow/.local/lib/python3.7/site-packages/airflow/example_dags/example_latest_only.py
[2023-02-10T00:10:23.600+0000] {logging_mixin.py:137} INFO - [2023-02-10T00:10:23.600+0000] {dag.py:2690} INFO - Sync 1 DAGs
[2023-02-10T00:10:23.637+0000] {logging_mixin.py:137} INFO - [2023-02-10T00:10:23.636+0000] {dag.py:3441} INFO - Setting next_dagrun for latest_only to 2023-02-09T20:10:23.636606+00:00, run_after=2023-02-10T00:10:23.636606+00:00
[2023-02-10T00:10:23.665+0000] {processor.py:175} INFO - Processing /home/airflow/.local/lib/python3.7/site-packages/airflow/example_dags/example_latest_only.py took 0.113 seconds
[2023-02-10T00:10:54.315+0000] {processor.py:153} INFO - Started process (PID=4096) to work on /home/airflow/.local/lib/python3.7/site-packages/airflow/example_dags/example_latest_only.py
[2023-02-10T00:10:54.316+0000] {processor.py:743} INFO - Processing file /home/airflow/.local/lib/python3.7/site-packages/airflow/example_dags/example_latest_only.py for tasks to queue
[2023-02-10T00:10:54.317+0000] {logging_mixin.py:137} INFO - [2023-02-10T00:10:54.317+0000] {dagbag.py:538} INFO - Filling up the DagBag from /home/airflow/.local/lib/python3.7/site-packages/airflow/example_dags/example_latest_only.py
[2023-02-10T00:10:54.335+0000] {processor.py:753} INFO - DAG(s) dict_keys(['latest_only']) retrieved from /home/airflow/.local/lib/python3.7/site-packages/airflow/example_dags/example_latest_only.py
[2023-02-10T00:10:54.404+0000] {logging_mixin.py:137} INFO - [2023-02-10T00:10:54.404+0000] {dag.py:2690} INFO - Sync 1 DAGs
[2023-02-10T00:10:54.445+0000] {logging_mixin.py:137} INFO - [2023-02-10T00:10:54.445+0000] {dag.py:3441} INFO - Setting next_dagrun for latest_only to 2023-02-09T20:10:54.444660+00:00, run_after=2023-02-10T00:10:54.444660+00:00
[2023-02-10T00:10:54.473+0000] {processor.py:175} INFO - Processing /home/airflow/.local/lib/python3.7/site-packages/airflow/example_dags/example_latest_only.py took 0.174 seconds
[2023-02-10T00:11:24.573+0000] {processor.py:153} INFO - Started process (PID=4163) to work on /home/airflow/.local/lib/python3.7/site-packages/airflow/example_dags/example_latest_only.py
[2023-02-10T00:11:24.574+0000] {processor.py:743} INFO - Processing file /home/airflow/.local/lib/python3.7/site-packages/airflow/example_dags/example_latest_only.py for tasks to queue
[2023-02-10T00:11:24.575+0000] {logging_mixin.py:137} INFO - [2023-02-10T00:11:24.574+0000] {dagbag.py:538} INFO - Filling up the DagBag from /home/airflow/.local/lib/python3.7/site-packages/airflow/example_dags/example_latest_only.py
[2023-02-10T00:11:24.590+0000] {processor.py:753} INFO - DAG(s) dict_keys(['latest_only']) retrieved from /home/airflow/.local/lib/python3.7/site-packages/airflow/example_dags/example_latest_only.py
[2023-02-10T00:11:24.623+0000] {logging_mixin.py:137} INFO - [2023-02-10T00:11:24.623+0000] {dag.py:2690} INFO - Sync 1 DAGs
[2023-02-10T00:11:24.661+0000] {logging_mixin.py:137} INFO - [2023-02-10T00:11:24.661+0000] {dag.py:3441} INFO - Setting next_dagrun for latest_only to 2023-02-09T20:11:24.660783+00:00, run_after=2023-02-10T00:11:24.660783+00:00
[2023-02-10T00:11:24.689+0000] {processor.py:175} INFO - Processing /home/airflow/.local/lib/python3.7/site-packages/airflow/example_dags/example_latest_only.py took 0.120 seconds
[2023-02-10T00:11:55.310+0000] {processor.py:153} INFO - Started process (PID=4246) to work on /home/airflow/.local/lib/python3.7/site-packages/airflow/example_dags/example_latest_only.py
[2023-02-10T00:11:55.311+0000] {processor.py:743} INFO - Processing file /home/airflow/.local/lib/python3.7/site-packages/airflow/example_dags/example_latest_only.py for tasks to queue
[2023-02-10T00:11:55.311+0000] {logging_mixin.py:137} INFO - [2023-02-10T00:11:55.311+0000] {dagbag.py:538} INFO - Filling up the DagBag from /home/airflow/.local/lib/python3.7/site-packages/airflow/example_dags/example_latest_only.py
[2023-02-10T00:11:55.327+0000] {processor.py:753} INFO - DAG(s) dict_keys(['latest_only']) retrieved from /home/airflow/.local/lib/python3.7/site-packages/airflow/example_dags/example_latest_only.py
[2023-02-10T00:11:55.363+0000] {logging_mixin.py:137} INFO - [2023-02-10T00:11:55.363+0000] {dag.py:2690} INFO - Sync 1 DAGs
[2023-02-10T00:11:55.405+0000] {logging_mixin.py:137} INFO - [2023-02-10T00:11:55.405+0000] {dag.py:3441} INFO - Setting next_dagrun for latest_only to 2023-02-09T20:11:55.405490+00:00, run_after=2023-02-10T00:11:55.405490+00:00
[2023-02-10T00:11:55.440+0000] {processor.py:175} INFO - Processing /home/airflow/.local/lib/python3.7/site-packages/airflow/example_dags/example_latest_only.py took 0.135 seconds
[2023-02-10T00:12:25.763+0000] {processor.py:153} INFO - Started process (PID=4314) to work on /home/airflow/.local/lib/python3.7/site-packages/airflow/example_dags/example_latest_only.py
[2023-02-10T00:12:25.763+0000] {processor.py:743} INFO - Processing file /home/airflow/.local/lib/python3.7/site-packages/airflow/example_dags/example_latest_only.py for tasks to queue
[2023-02-10T00:12:25.765+0000] {logging_mixin.py:137} INFO - [2023-02-10T00:12:25.764+0000] {dagbag.py:538} INFO - Filling up the DagBag from /home/airflow/.local/lib/python3.7/site-packages/airflow/example_dags/example_latest_only.py
[2023-02-10T00:12:25.777+0000] {processor.py:753} INFO - DAG(s) dict_keys(['latest_only']) retrieved from /home/airflow/.local/lib/python3.7/site-packages/airflow/example_dags/example_latest_only.py
[2023-02-10T00:12:25.801+0000] {logging_mixin.py:137} INFO - [2023-02-10T00:12:25.800+0000] {dag.py:2690} INFO - Sync 1 DAGs
[2023-02-10T00:12:25.827+0000] {logging_mixin.py:137} INFO - [2023-02-10T00:12:25.827+0000] {dag.py:3441} INFO - Setting next_dagrun for latest_only to 2023-02-09T20:12:25.826990+00:00, run_after=2023-02-10T00:12:25.826990+00:00
[2023-02-10T00:12:25.848+0000] {processor.py:175} INFO - Processing /home/airflow/.local/lib/python3.7/site-packages/airflow/example_dags/example_latest_only.py took 0.088 seconds
[2023-02-10T00:12:56.398+0000] {processor.py:153} INFO - Started process (PID=4382) to work on /home/airflow/.local/lib/python3.7/site-packages/airflow/example_dags/example_latest_only.py
[2023-02-10T00:12:56.399+0000] {processor.py:743} INFO - Processing file /home/airflow/.local/lib/python3.7/site-packages/airflow/example_dags/example_latest_only.py for tasks to queue
[2023-02-10T00:12:56.399+0000] {logging_mixin.py:137} INFO - [2023-02-10T00:12:56.399+0000] {dagbag.py:538} INFO - Filling up the DagBag from /home/airflow/.local/lib/python3.7/site-packages/airflow/example_dags/example_latest_only.py
[2023-02-10T00:12:56.420+0000] {processor.py:753} INFO - DAG(s) dict_keys(['latest_only']) retrieved from /home/airflow/.local/lib/python3.7/site-packages/airflow/example_dags/example_latest_only.py
[2023-02-10T00:12:56.456+0000] {logging_mixin.py:137} INFO - [2023-02-10T00:12:56.456+0000] {dag.py:2690} INFO - Sync 1 DAGs
[2023-02-10T00:12:56.505+0000] {logging_mixin.py:137} INFO - [2023-02-10T00:12:56.505+0000] {dag.py:3441} INFO - Setting next_dagrun for latest_only to 2023-02-09T20:12:56.504913+00:00, run_after=2023-02-10T00:12:56.504913+00:00
[2023-02-10T00:12:56.533+0000] {processor.py:175} INFO - Processing /home/airflow/.local/lib/python3.7/site-packages/airflow/example_dags/example_latest_only.py took 0.139 seconds
[2023-02-10T00:13:27.152+0000] {processor.py:153} INFO - Started process (PID=4459) to work on /home/airflow/.local/lib/python3.7/site-packages/airflow/example_dags/example_latest_only.py
[2023-02-10T00:13:27.152+0000] {processor.py:743} INFO - Processing file /home/airflow/.local/lib/python3.7/site-packages/airflow/example_dags/example_latest_only.py for tasks to queue
[2023-02-10T00:13:27.153+0000] {logging_mixin.py:137} INFO - [2023-02-10T00:13:27.153+0000] {dagbag.py:538} INFO - Filling up the DagBag from /home/airflow/.local/lib/python3.7/site-packages/airflow/example_dags/example_latest_only.py
[2023-02-10T00:13:27.171+0000] {processor.py:753} INFO - DAG(s) dict_keys(['latest_only']) retrieved from /home/airflow/.local/lib/python3.7/site-packages/airflow/example_dags/example_latest_only.py
[2023-02-10T00:13:27.203+0000] {logging_mixin.py:137} INFO - [2023-02-10T00:13:27.203+0000] {dag.py:2690} INFO - Sync 1 DAGs
[2023-02-10T00:13:27.238+0000] {logging_mixin.py:137} INFO - [2023-02-10T00:13:27.238+0000] {dag.py:3441} INFO - Setting next_dagrun for latest_only to 2023-02-09T20:13:27.238035+00:00, run_after=2023-02-10T00:13:27.238035+00:00
[2023-02-10T00:13:27.267+0000] {processor.py:175} INFO - Processing /home/airflow/.local/lib/python3.7/site-packages/airflow/example_dags/example_latest_only.py took 0.122 seconds
