[2023-02-10T00:00:11.729+0000] {processor.py:153} INFO - Started process (PID=2568) to work on /home/airflow/.local/lib/python3.7/site-packages/airflow/example_dags/example_skip_dag.py
[2023-02-10T00:00:11.729+0000] {processor.py:743} INFO - Processing file /home/airflow/.local/lib/python3.7/site-packages/airflow/example_dags/example_skip_dag.py for tasks to queue
[2023-02-10T00:00:11.730+0000] {logging_mixin.py:137} INFO - [2023-02-10T00:00:11.730+0000] {dagbag.py:538} INFO - Filling up the DagBag from /home/airflow/.local/lib/python3.7/site-packages/airflow/example_dags/example_skip_dag.py
[2023-02-10T00:00:11.746+0000] {processor.py:753} INFO - DAG(s) dict_keys(['example_skip_dag']) retrieved from /home/airflow/.local/lib/python3.7/site-packages/airflow/example_dags/example_skip_dag.py
[2023-02-10T00:00:11.780+0000] {logging_mixin.py:137} INFO - [2023-02-10T00:00:11.779+0000] {dag.py:2690} INFO - Sync 1 DAGs
[2023-02-10T00:00:11.811+0000] {logging_mixin.py:137} INFO - [2023-02-10T00:00:11.811+0000] {dag.py:3441} INFO - Setting next_dagrun for example_skip_dag to 2023-02-09T00:00:11.811375+00:00, run_after=2023-02-10T00:00:11.811375+00:00
[2023-02-10T00:00:11.835+0000] {processor.py:175} INFO - Processing /home/airflow/.local/lib/python3.7/site-packages/airflow/example_dags/example_skip_dag.py took 0.109 seconds
[2023-02-10T00:00:42.452+0000] {processor.py:153} INFO - Started process (PID=2643) to work on /home/airflow/.local/lib/python3.7/site-packages/airflow/example_dags/example_skip_dag.py
[2023-02-10T00:00:42.453+0000] {processor.py:743} INFO - Processing file /home/airflow/.local/lib/python3.7/site-packages/airflow/example_dags/example_skip_dag.py for tasks to queue
[2023-02-10T00:00:42.454+0000] {logging_mixin.py:137} INFO - [2023-02-10T00:00:42.454+0000] {dagbag.py:538} INFO - Filling up the DagBag from /home/airflow/.local/lib/python3.7/site-packages/airflow/example_dags/example_skip_dag.py
[2023-02-10T00:00:42.471+0000] {processor.py:753} INFO - DAG(s) dict_keys(['example_skip_dag']) retrieved from /home/airflow/.local/lib/python3.7/site-packages/airflow/example_dags/example_skip_dag.py
[2023-02-10T00:00:42.505+0000] {logging_mixin.py:137} INFO - [2023-02-10T00:00:42.504+0000] {dag.py:2690} INFO - Sync 1 DAGs
[2023-02-10T00:00:42.545+0000] {logging_mixin.py:137} INFO - [2023-02-10T00:00:42.545+0000] {dag.py:3441} INFO - Setting next_dagrun for example_skip_dag to 2023-02-09T00:00:42.544971+00:00, run_after=2023-02-10T00:00:42.544971+00:00
[2023-02-10T00:00:42.580+0000] {processor.py:175} INFO - Processing /home/airflow/.local/lib/python3.7/site-packages/airflow/example_dags/example_skip_dag.py took 0.131 seconds
[2023-02-10T00:01:12.848+0000] {processor.py:153} INFO - Started process (PID=2714) to work on /home/airflow/.local/lib/python3.7/site-packages/airflow/example_dags/example_skip_dag.py
[2023-02-10T00:01:12.849+0000] {processor.py:743} INFO - Processing file /home/airflow/.local/lib/python3.7/site-packages/airflow/example_dags/example_skip_dag.py for tasks to queue
[2023-02-10T00:01:12.850+0000] {logging_mixin.py:137} INFO - [2023-02-10T00:01:12.850+0000] {dagbag.py:538} INFO - Filling up the DagBag from /home/airflow/.local/lib/python3.7/site-packages/airflow/example_dags/example_skip_dag.py
[2023-02-10T00:01:12.864+0000] {processor.py:753} INFO - DAG(s) dict_keys(['example_skip_dag']) retrieved from /home/airflow/.local/lib/python3.7/site-packages/airflow/example_dags/example_skip_dag.py
[2023-02-10T00:01:12.894+0000] {logging_mixin.py:137} INFO - [2023-02-10T00:01:12.894+0000] {dag.py:2690} INFO - Sync 1 DAGs
[2023-02-10T00:01:12.930+0000] {logging_mixin.py:137} INFO - [2023-02-10T00:01:12.930+0000] {dag.py:3441} INFO - Setting next_dagrun for example_skip_dag to 2023-02-09T00:01:12.930046+00:00, run_after=2023-02-10T00:01:12.930046+00:00
[2023-02-10T00:01:12.957+0000] {processor.py:175} INFO - Processing /home/airflow/.local/lib/python3.7/site-packages/airflow/example_dags/example_skip_dag.py took 0.112 seconds
[2023-02-10T00:01:43.464+0000] {processor.py:153} INFO - Started process (PID=2782) to work on /home/airflow/.local/lib/python3.7/site-packages/airflow/example_dags/example_skip_dag.py
[2023-02-10T00:01:43.465+0000] {processor.py:743} INFO - Processing file /home/airflow/.local/lib/python3.7/site-packages/airflow/example_dags/example_skip_dag.py for tasks to queue
[2023-02-10T00:01:43.466+0000] {logging_mixin.py:137} INFO - [2023-02-10T00:01:43.466+0000] {dagbag.py:538} INFO - Filling up the DagBag from /home/airflow/.local/lib/python3.7/site-packages/airflow/example_dags/example_skip_dag.py
[2023-02-10T00:01:43.483+0000] {processor.py:753} INFO - DAG(s) dict_keys(['example_skip_dag']) retrieved from /home/airflow/.local/lib/python3.7/site-packages/airflow/example_dags/example_skip_dag.py
[2023-02-10T00:01:43.512+0000] {logging_mixin.py:137} INFO - [2023-02-10T00:01:43.512+0000] {dag.py:2690} INFO - Sync 1 DAGs
[2023-02-10T00:01:43.548+0000] {logging_mixin.py:137} INFO - [2023-02-10T00:01:43.548+0000] {dag.py:3441} INFO - Setting next_dagrun for example_skip_dag to 2023-02-09T00:01:43.548261+00:00, run_after=2023-02-10T00:01:43.548261+00:00
[2023-02-10T00:01:43.576+0000] {processor.py:175} INFO - Processing /home/airflow/.local/lib/python3.7/site-packages/airflow/example_dags/example_skip_dag.py took 0.115 seconds
[2023-02-10T00:02:13.753+0000] {processor.py:153} INFO - Started process (PID=2849) to work on /home/airflow/.local/lib/python3.7/site-packages/airflow/example_dags/example_skip_dag.py
[2023-02-10T00:02:13.754+0000] {processor.py:743} INFO - Processing file /home/airflow/.local/lib/python3.7/site-packages/airflow/example_dags/example_skip_dag.py for tasks to queue
[2023-02-10T00:02:13.755+0000] {logging_mixin.py:137} INFO - [2023-02-10T00:02:13.755+0000] {dagbag.py:538} INFO - Filling up the DagBag from /home/airflow/.local/lib/python3.7/site-packages/airflow/example_dags/example_skip_dag.py
[2023-02-10T00:02:13.770+0000] {processor.py:753} INFO - DAG(s) dict_keys(['example_skip_dag']) retrieved from /home/airflow/.local/lib/python3.7/site-packages/airflow/example_dags/example_skip_dag.py
[2023-02-10T00:02:13.802+0000] {logging_mixin.py:137} INFO - [2023-02-10T00:02:13.802+0000] {dag.py:2690} INFO - Sync 1 DAGs
[2023-02-10T00:02:13.839+0000] {logging_mixin.py:137} INFO - [2023-02-10T00:02:13.838+0000] {dag.py:3441} INFO - Setting next_dagrun for example_skip_dag to 2023-02-09T00:02:13.838593+00:00, run_after=2023-02-10T00:02:13.838593+00:00
[2023-02-10T00:02:13.886+0000] {processor.py:175} INFO - Processing /home/airflow/.local/lib/python3.7/site-packages/airflow/example_dags/example_skip_dag.py took 0.136 seconds
[2023-02-10T00:02:44.336+0000] {processor.py:153} INFO - Started process (PID=2932) to work on /home/airflow/.local/lib/python3.7/site-packages/airflow/example_dags/example_skip_dag.py
[2023-02-10T00:02:44.337+0000] {processor.py:743} INFO - Processing file /home/airflow/.local/lib/python3.7/site-packages/airflow/example_dags/example_skip_dag.py for tasks to queue
[2023-02-10T00:02:44.337+0000] {logging_mixin.py:137} INFO - [2023-02-10T00:02:44.337+0000] {dagbag.py:538} INFO - Filling up the DagBag from /home/airflow/.local/lib/python3.7/site-packages/airflow/example_dags/example_skip_dag.py
[2023-02-10T00:02:44.353+0000] {processor.py:753} INFO - DAG(s) dict_keys(['example_skip_dag']) retrieved from /home/airflow/.local/lib/python3.7/site-packages/airflow/example_dags/example_skip_dag.py
[2023-02-10T00:02:44.394+0000] {logging_mixin.py:137} INFO - [2023-02-10T00:02:44.394+0000] {dag.py:2690} INFO - Sync 1 DAGs
[2023-02-10T00:02:44.430+0000] {logging_mixin.py:137} INFO - [2023-02-10T00:02:44.430+0000] {dag.py:3441} INFO - Setting next_dagrun for example_skip_dag to 2023-02-09T00:02:44.429948+00:00, run_after=2023-02-10T00:02:44.429948+00:00
[2023-02-10T00:02:44.456+0000] {processor.py:175} INFO - Processing /home/airflow/.local/lib/python3.7/site-packages/airflow/example_dags/example_skip_dag.py took 0.122 seconds
[2023-02-10T00:03:14.776+0000] {processor.py:153} INFO - Started process (PID=3001) to work on /home/airflow/.local/lib/python3.7/site-packages/airflow/example_dags/example_skip_dag.py
[2023-02-10T00:03:14.777+0000] {processor.py:743} INFO - Processing file /home/airflow/.local/lib/python3.7/site-packages/airflow/example_dags/example_skip_dag.py for tasks to queue
[2023-02-10T00:03:14.778+0000] {logging_mixin.py:137} INFO - [2023-02-10T00:03:14.778+0000] {dagbag.py:538} INFO - Filling up the DagBag from /home/airflow/.local/lib/python3.7/site-packages/airflow/example_dags/example_skip_dag.py
[2023-02-10T00:03:14.802+0000] {processor.py:753} INFO - DAG(s) dict_keys(['example_skip_dag']) retrieved from /home/airflow/.local/lib/python3.7/site-packages/airflow/example_dags/example_skip_dag.py
[2023-02-10T00:03:14.836+0000] {logging_mixin.py:137} INFO - [2023-02-10T00:03:14.836+0000] {dag.py:2690} INFO - Sync 1 DAGs
[2023-02-10T00:03:14.873+0000] {logging_mixin.py:137} INFO - [2023-02-10T00:03:14.872+0000] {dag.py:3441} INFO - Setting next_dagrun for example_skip_dag to 2023-02-09T00:03:14.872638+00:00, run_after=2023-02-10T00:03:14.872638+00:00
[2023-02-10T00:03:14.900+0000] {processor.py:175} INFO - Processing /home/airflow/.local/lib/python3.7/site-packages/airflow/example_dags/example_skip_dag.py took 0.128 seconds
[2023-02-10T00:03:45.145+0000] {processor.py:153} INFO - Started process (PID=3069) to work on /home/airflow/.local/lib/python3.7/site-packages/airflow/example_dags/example_skip_dag.py
[2023-02-10T00:03:45.146+0000] {processor.py:743} INFO - Processing file /home/airflow/.local/lib/python3.7/site-packages/airflow/example_dags/example_skip_dag.py for tasks to queue
[2023-02-10T00:03:45.147+0000] {logging_mixin.py:137} INFO - [2023-02-10T00:03:45.146+0000] {dagbag.py:538} INFO - Filling up the DagBag from /home/airflow/.local/lib/python3.7/site-packages/airflow/example_dags/example_skip_dag.py
[2023-02-10T00:03:45.162+0000] {processor.py:753} INFO - DAG(s) dict_keys(['example_skip_dag']) retrieved from /home/airflow/.local/lib/python3.7/site-packages/airflow/example_dags/example_skip_dag.py
[2023-02-10T00:03:45.199+0000] {logging_mixin.py:137} INFO - [2023-02-10T00:03:45.198+0000] {dag.py:2690} INFO - Sync 1 DAGs
[2023-02-10T00:03:45.235+0000] {logging_mixin.py:137} INFO - [2023-02-10T00:03:45.235+0000] {dag.py:3441} INFO - Setting next_dagrun for example_skip_dag to 2023-02-09T00:03:45.235210+00:00, run_after=2023-02-10T00:03:45.235210+00:00
[2023-02-10T00:03:45.264+0000] {processor.py:175} INFO - Processing /home/airflow/.local/lib/python3.7/site-packages/airflow/example_dags/example_skip_dag.py took 0.122 seconds
[2023-02-10T00:04:15.725+0000] {processor.py:153} INFO - Started process (PID=3151) to work on /home/airflow/.local/lib/python3.7/site-packages/airflow/example_dags/example_skip_dag.py
[2023-02-10T00:04:15.726+0000] {processor.py:743} INFO - Processing file /home/airflow/.local/lib/python3.7/site-packages/airflow/example_dags/example_skip_dag.py for tasks to queue
[2023-02-10T00:04:15.727+0000] {logging_mixin.py:137} INFO - [2023-02-10T00:04:15.727+0000] {dagbag.py:538} INFO - Filling up the DagBag from /home/airflow/.local/lib/python3.7/site-packages/airflow/example_dags/example_skip_dag.py
[2023-02-10T00:04:15.744+0000] {processor.py:753} INFO - DAG(s) dict_keys(['example_skip_dag']) retrieved from /home/airflow/.local/lib/python3.7/site-packages/airflow/example_dags/example_skip_dag.py
[2023-02-10T00:04:15.774+0000] {logging_mixin.py:137} INFO - [2023-02-10T00:04:15.773+0000] {dag.py:2690} INFO - Sync 1 DAGs
[2023-02-10T00:04:15.810+0000] {logging_mixin.py:137} INFO - [2023-02-10T00:04:15.810+0000] {dag.py:3441} INFO - Setting next_dagrun for example_skip_dag to 2023-02-09T00:04:15.809908+00:00, run_after=2023-02-10T00:04:15.809908+00:00
[2023-02-10T00:04:15.836+0000] {processor.py:175} INFO - Processing /home/airflow/.local/lib/python3.7/site-packages/airflow/example_dags/example_skip_dag.py took 0.114 seconds
[2023-02-10T00:04:46.344+0000] {processor.py:153} INFO - Started process (PID=3219) to work on /home/airflow/.local/lib/python3.7/site-packages/airflow/example_dags/example_skip_dag.py
[2023-02-10T00:04:46.345+0000] {processor.py:743} INFO - Processing file /home/airflow/.local/lib/python3.7/site-packages/airflow/example_dags/example_skip_dag.py for tasks to queue
[2023-02-10T00:04:46.346+0000] {logging_mixin.py:137} INFO - [2023-02-10T00:04:46.345+0000] {dagbag.py:538} INFO - Filling up the DagBag from /home/airflow/.local/lib/python3.7/site-packages/airflow/example_dags/example_skip_dag.py
[2023-02-10T00:04:46.362+0000] {processor.py:753} INFO - DAG(s) dict_keys(['example_skip_dag']) retrieved from /home/airflow/.local/lib/python3.7/site-packages/airflow/example_dags/example_skip_dag.py
[2023-02-10T00:04:46.390+0000] {logging_mixin.py:137} INFO - [2023-02-10T00:04:46.390+0000] {dag.py:2690} INFO - Sync 1 DAGs
[2023-02-10T00:04:46.425+0000] {logging_mixin.py:137} INFO - [2023-02-10T00:04:46.425+0000] {dag.py:3441} INFO - Setting next_dagrun for example_skip_dag to 2023-02-09T00:04:46.425272+00:00, run_after=2023-02-10T00:04:46.425272+00:00
[2023-02-10T00:04:46.453+0000] {processor.py:175} INFO - Processing /home/airflow/.local/lib/python3.7/site-packages/airflow/example_dags/example_skip_dag.py took 0.113 seconds
[2023-02-10T00:05:16.874+0000] {processor.py:153} INFO - Started process (PID=3285) to work on /home/airflow/.local/lib/python3.7/site-packages/airflow/example_dags/example_skip_dag.py
[2023-02-10T00:05:16.875+0000] {processor.py:743} INFO - Processing file /home/airflow/.local/lib/python3.7/site-packages/airflow/example_dags/example_skip_dag.py for tasks to queue
[2023-02-10T00:05:16.876+0000] {logging_mixin.py:137} INFO - [2023-02-10T00:05:16.876+0000] {dagbag.py:538} INFO - Filling up the DagBag from /home/airflow/.local/lib/python3.7/site-packages/airflow/example_dags/example_skip_dag.py
[2023-02-10T00:05:16.893+0000] {processor.py:753} INFO - DAG(s) dict_keys(['example_skip_dag']) retrieved from /home/airflow/.local/lib/python3.7/site-packages/airflow/example_dags/example_skip_dag.py
[2023-02-10T00:05:16.923+0000] {logging_mixin.py:137} INFO - [2023-02-10T00:05:16.923+0000] {dag.py:2690} INFO - Sync 1 DAGs
[2023-02-10T00:05:16.961+0000] {logging_mixin.py:137} INFO - [2023-02-10T00:05:16.961+0000] {dag.py:3441} INFO - Setting next_dagrun for example_skip_dag to 2023-02-09T00:05:16.960874+00:00, run_after=2023-02-10T00:05:16.960874+00:00
[2023-02-10T00:05:16.989+0000] {processor.py:175} INFO - Processing /home/airflow/.local/lib/python3.7/site-packages/airflow/example_dags/example_skip_dag.py took 0.118 seconds
[2023-02-10T00:05:47.897+0000] {processor.py:153} INFO - Started process (PID=3369) to work on /home/airflow/.local/lib/python3.7/site-packages/airflow/example_dags/example_skip_dag.py
[2023-02-10T00:05:47.898+0000] {processor.py:743} INFO - Processing file /home/airflow/.local/lib/python3.7/site-packages/airflow/example_dags/example_skip_dag.py for tasks to queue
[2023-02-10T00:05:47.899+0000] {logging_mixin.py:137} INFO - [2023-02-10T00:05:47.899+0000] {dagbag.py:538} INFO - Filling up the DagBag from /home/airflow/.local/lib/python3.7/site-packages/airflow/example_dags/example_skip_dag.py
[2023-02-10T00:05:47.914+0000] {processor.py:753} INFO - DAG(s) dict_keys(['example_skip_dag']) retrieved from /home/airflow/.local/lib/python3.7/site-packages/airflow/example_dags/example_skip_dag.py
[2023-02-10T00:05:47.954+0000] {logging_mixin.py:137} INFO - [2023-02-10T00:05:47.954+0000] {dag.py:2690} INFO - Sync 1 DAGs
[2023-02-10T00:05:47.991+0000] {logging_mixin.py:137} INFO - [2023-02-10T00:05:47.991+0000] {dag.py:3441} INFO - Setting next_dagrun for example_skip_dag to 2023-02-09T00:05:47.991070+00:00, run_after=2023-02-10T00:05:47.991070+00:00
[2023-02-10T00:05:48.018+0000] {processor.py:175} INFO - Processing /home/airflow/.local/lib/python3.7/site-packages/airflow/example_dags/example_skip_dag.py took 0.124 seconds
[2023-02-10T00:06:18.768+0000] {processor.py:153} INFO - Started process (PID=3438) to work on /home/airflow/.local/lib/python3.7/site-packages/airflow/example_dags/example_skip_dag.py
[2023-02-10T00:06:18.768+0000] {processor.py:743} INFO - Processing file /home/airflow/.local/lib/python3.7/site-packages/airflow/example_dags/example_skip_dag.py for tasks to queue
[2023-02-10T00:06:18.769+0000] {logging_mixin.py:137} INFO - [2023-02-10T00:06:18.769+0000] {dagbag.py:538} INFO - Filling up the DagBag from /home/airflow/.local/lib/python3.7/site-packages/airflow/example_dags/example_skip_dag.py
[2023-02-10T00:06:18.785+0000] {processor.py:753} INFO - DAG(s) dict_keys(['example_skip_dag']) retrieved from /home/airflow/.local/lib/python3.7/site-packages/airflow/example_dags/example_skip_dag.py
[2023-02-10T00:06:18.814+0000] {logging_mixin.py:137} INFO - [2023-02-10T00:06:18.814+0000] {dag.py:2690} INFO - Sync 1 DAGs
[2023-02-10T00:06:18.849+0000] {logging_mixin.py:137} INFO - [2023-02-10T00:06:18.849+0000] {dag.py:3441} INFO - Setting next_dagrun for example_skip_dag to 2023-02-09T00:06:18.849060+00:00, run_after=2023-02-10T00:06:18.849060+00:00
[2023-02-10T00:06:18.876+0000] {processor.py:175} INFO - Processing /home/airflow/.local/lib/python3.7/site-packages/airflow/example_dags/example_skip_dag.py took 0.112 seconds
[2023-02-10T00:06:49.209+0000] {processor.py:153} INFO - Started process (PID=3507) to work on /home/airflow/.local/lib/python3.7/site-packages/airflow/example_dags/example_skip_dag.py
[2023-02-10T00:06:49.210+0000] {processor.py:743} INFO - Processing file /home/airflow/.local/lib/python3.7/site-packages/airflow/example_dags/example_skip_dag.py for tasks to queue
[2023-02-10T00:06:49.210+0000] {logging_mixin.py:137} INFO - [2023-02-10T00:06:49.210+0000] {dagbag.py:538} INFO - Filling up the DagBag from /home/airflow/.local/lib/python3.7/site-packages/airflow/example_dags/example_skip_dag.py
[2023-02-10T00:06:49.225+0000] {processor.py:753} INFO - DAG(s) dict_keys(['example_skip_dag']) retrieved from /home/airflow/.local/lib/python3.7/site-packages/airflow/example_dags/example_skip_dag.py
[2023-02-10T00:06:49.254+0000] {logging_mixin.py:137} INFO - [2023-02-10T00:06:49.254+0000] {dag.py:2690} INFO - Sync 1 DAGs
[2023-02-10T00:06:49.289+0000] {logging_mixin.py:137} INFO - [2023-02-10T00:06:49.289+0000] {dag.py:3441} INFO - Setting next_dagrun for example_skip_dag to 2023-02-09T00:06:49.289029+00:00, run_after=2023-02-10T00:06:49.289029+00:00
[2023-02-10T00:06:49.319+0000] {processor.py:175} INFO - Processing /home/airflow/.local/lib/python3.7/site-packages/airflow/example_dags/example_skip_dag.py took 0.113 seconds
[2023-02-10T00:07:20.270+0000] {processor.py:153} INFO - Started process (PID=3590) to work on /home/airflow/.local/lib/python3.7/site-packages/airflow/example_dags/example_skip_dag.py
[2023-02-10T00:07:20.271+0000] {processor.py:743} INFO - Processing file /home/airflow/.local/lib/python3.7/site-packages/airflow/example_dags/example_skip_dag.py for tasks to queue
[2023-02-10T00:07:20.272+0000] {logging_mixin.py:137} INFO - [2023-02-10T00:07:20.271+0000] {dagbag.py:538} INFO - Filling up the DagBag from /home/airflow/.local/lib/python3.7/site-packages/airflow/example_dags/example_skip_dag.py
[2023-02-10T00:07:20.287+0000] {processor.py:753} INFO - DAG(s) dict_keys(['example_skip_dag']) retrieved from /home/airflow/.local/lib/python3.7/site-packages/airflow/example_dags/example_skip_dag.py
[2023-02-10T00:07:20.318+0000] {logging_mixin.py:137} INFO - [2023-02-10T00:07:20.317+0000] {dag.py:2690} INFO - Sync 1 DAGs
[2023-02-10T00:07:20.354+0000] {logging_mixin.py:137} INFO - [2023-02-10T00:07:20.354+0000] {dag.py:3441} INFO - Setting next_dagrun for example_skip_dag to 2023-02-09T00:07:20.354037+00:00, run_after=2023-02-10T00:07:20.354037+00:00
[2023-02-10T00:07:20.379+0000] {processor.py:175} INFO - Processing /home/airflow/.local/lib/python3.7/site-packages/airflow/example_dags/example_skip_dag.py took 0.112 seconds
[2023-02-10T00:07:50.531+0000] {processor.py:153} INFO - Started process (PID=3658) to work on /home/airflow/.local/lib/python3.7/site-packages/airflow/example_dags/example_skip_dag.py
[2023-02-10T00:07:50.532+0000] {processor.py:743} INFO - Processing file /home/airflow/.local/lib/python3.7/site-packages/airflow/example_dags/example_skip_dag.py for tasks to queue
[2023-02-10T00:07:50.533+0000] {logging_mixin.py:137} INFO - [2023-02-10T00:07:50.533+0000] {dagbag.py:538} INFO - Filling up the DagBag from /home/airflow/.local/lib/python3.7/site-packages/airflow/example_dags/example_skip_dag.py
[2023-02-10T00:07:50.557+0000] {processor.py:753} INFO - DAG(s) dict_keys(['example_skip_dag']) retrieved from /home/airflow/.local/lib/python3.7/site-packages/airflow/example_dags/example_skip_dag.py
[2023-02-10T00:07:50.589+0000] {logging_mixin.py:137} INFO - [2023-02-10T00:07:50.589+0000] {dag.py:2690} INFO - Sync 1 DAGs
[2023-02-10T00:07:50.624+0000] {logging_mixin.py:137} INFO - [2023-02-10T00:07:50.624+0000] {dag.py:3441} INFO - Setting next_dagrun for example_skip_dag to 2023-02-09T00:07:50.624129+00:00, run_after=2023-02-10T00:07:50.624129+00:00
[2023-02-10T00:07:50.650+0000] {processor.py:175} INFO - Processing /home/airflow/.local/lib/python3.7/site-packages/airflow/example_dags/example_skip_dag.py took 0.124 seconds
[2023-02-10T00:08:21.015+0000] {processor.py:153} INFO - Started process (PID=3727) to work on /home/airflow/.local/lib/python3.7/site-packages/airflow/example_dags/example_skip_dag.py
[2023-02-10T00:08:21.016+0000] {processor.py:743} INFO - Processing file /home/airflow/.local/lib/python3.7/site-packages/airflow/example_dags/example_skip_dag.py for tasks to queue
[2023-02-10T00:08:21.017+0000] {logging_mixin.py:137} INFO - [2023-02-10T00:08:21.017+0000] {dagbag.py:538} INFO - Filling up the DagBag from /home/airflow/.local/lib/python3.7/site-packages/airflow/example_dags/example_skip_dag.py
[2023-02-10T00:08:21.043+0000] {processor.py:753} INFO - DAG(s) dict_keys(['example_skip_dag']) retrieved from /home/airflow/.local/lib/python3.7/site-packages/airflow/example_dags/example_skip_dag.py
[2023-02-10T00:08:21.076+0000] {logging_mixin.py:137} INFO - [2023-02-10T00:08:21.076+0000] {dag.py:2690} INFO - Sync 1 DAGs
[2023-02-10T00:08:21.121+0000] {logging_mixin.py:137} INFO - [2023-02-10T00:08:21.121+0000] {dag.py:3441} INFO - Setting next_dagrun for example_skip_dag to 2023-02-09T00:08:21.121176+00:00, run_after=2023-02-10T00:08:21.121176+00:00
[2023-02-10T00:08:21.147+0000] {processor.py:175} INFO - Processing /home/airflow/.local/lib/python3.7/site-packages/airflow/example_dags/example_skip_dag.py took 0.136 seconds
[2023-02-10T00:08:51.788+0000] {processor.py:153} INFO - Started process (PID=3808) to work on /home/airflow/.local/lib/python3.7/site-packages/airflow/example_dags/example_skip_dag.py
[2023-02-10T00:08:51.789+0000] {processor.py:743} INFO - Processing file /home/airflow/.local/lib/python3.7/site-packages/airflow/example_dags/example_skip_dag.py for tasks to queue
[2023-02-10T00:08:51.789+0000] {logging_mixin.py:137} INFO - [2023-02-10T00:08:51.789+0000] {dagbag.py:538} INFO - Filling up the DagBag from /home/airflow/.local/lib/python3.7/site-packages/airflow/example_dags/example_skip_dag.py
[2023-02-10T00:08:51.816+0000] {processor.py:753} INFO - DAG(s) dict_keys(['example_skip_dag']) retrieved from /home/airflow/.local/lib/python3.7/site-packages/airflow/example_dags/example_skip_dag.py
[2023-02-10T00:08:51.872+0000] {logging_mixin.py:137} INFO - [2023-02-10T00:08:51.872+0000] {dag.py:2690} INFO - Sync 1 DAGs
[2023-02-10T00:08:51.912+0000] {logging_mixin.py:137} INFO - [2023-02-10T00:08:51.911+0000] {dag.py:3441} INFO - Setting next_dagrun for example_skip_dag to 2023-02-09T00:08:51.911702+00:00, run_after=2023-02-10T00:08:51.911702+00:00
[2023-02-10T00:08:51.939+0000] {processor.py:175} INFO - Processing /home/airflow/.local/lib/python3.7/site-packages/airflow/example_dags/example_skip_dag.py took 0.155 seconds
[2023-02-10T00:09:22.251+0000] {processor.py:153} INFO - Started process (PID=3876) to work on /home/airflow/.local/lib/python3.7/site-packages/airflow/example_dags/example_skip_dag.py
[2023-02-10T00:09:22.251+0000] {processor.py:743} INFO - Processing file /home/airflow/.local/lib/python3.7/site-packages/airflow/example_dags/example_skip_dag.py for tasks to queue
[2023-02-10T00:09:22.252+0000] {logging_mixin.py:137} INFO - [2023-02-10T00:09:22.252+0000] {dagbag.py:538} INFO - Filling up the DagBag from /home/airflow/.local/lib/python3.7/site-packages/airflow/example_dags/example_skip_dag.py
[2023-02-10T00:09:22.273+0000] {processor.py:753} INFO - DAG(s) dict_keys(['example_skip_dag']) retrieved from /home/airflow/.local/lib/python3.7/site-packages/airflow/example_dags/example_skip_dag.py
[2023-02-10T00:09:22.314+0000] {logging_mixin.py:137} INFO - [2023-02-10T00:09:22.314+0000] {dag.py:2690} INFO - Sync 1 DAGs
[2023-02-10T00:09:22.352+0000] {logging_mixin.py:137} INFO - [2023-02-10T00:09:22.352+0000] {dag.py:3441} INFO - Setting next_dagrun for example_skip_dag to 2023-02-09T00:09:22.351929+00:00, run_after=2023-02-10T00:09:22.351929+00:00
[2023-02-10T00:09:22.380+0000] {processor.py:175} INFO - Processing /home/airflow/.local/lib/python3.7/site-packages/airflow/example_dags/example_skip_dag.py took 0.134 seconds
[2023-02-10T00:09:52.495+0000] {processor.py:153} INFO - Started process (PID=3943) to work on /home/airflow/.local/lib/python3.7/site-packages/airflow/example_dags/example_skip_dag.py
[2023-02-10T00:09:52.496+0000] {processor.py:743} INFO - Processing file /home/airflow/.local/lib/python3.7/site-packages/airflow/example_dags/example_skip_dag.py for tasks to queue
[2023-02-10T00:09:52.497+0000] {logging_mixin.py:137} INFO - [2023-02-10T00:09:52.497+0000] {dagbag.py:538} INFO - Filling up the DagBag from /home/airflow/.local/lib/python3.7/site-packages/airflow/example_dags/example_skip_dag.py
[2023-02-10T00:09:52.513+0000] {processor.py:753} INFO - DAG(s) dict_keys(['example_skip_dag']) retrieved from /home/airflow/.local/lib/python3.7/site-packages/airflow/example_dags/example_skip_dag.py
[2023-02-10T00:09:52.543+0000] {logging_mixin.py:137} INFO - [2023-02-10T00:09:52.543+0000] {dag.py:2690} INFO - Sync 1 DAGs
[2023-02-10T00:09:52.592+0000] {logging_mixin.py:137} INFO - [2023-02-10T00:09:52.591+0000] {dag.py:3441} INFO - Setting next_dagrun for example_skip_dag to 2023-02-09T00:09:52.591461+00:00, run_after=2023-02-10T00:09:52.591461+00:00
[2023-02-10T00:09:52.621+0000] {processor.py:175} INFO - Processing /home/airflow/.local/lib/python3.7/site-packages/airflow/example_dags/example_skip_dag.py took 0.129 seconds
[2023-02-10T00:10:23.415+0000] {processor.py:153} INFO - Started process (PID=4021) to work on /home/airflow/.local/lib/python3.7/site-packages/airflow/example_dags/example_skip_dag.py
[2023-02-10T00:10:23.416+0000] {processor.py:743} INFO - Processing file /home/airflow/.local/lib/python3.7/site-packages/airflow/example_dags/example_skip_dag.py for tasks to queue
[2023-02-10T00:10:23.417+0000] {logging_mixin.py:137} INFO - [2023-02-10T00:10:23.417+0000] {dagbag.py:538} INFO - Filling up the DagBag from /home/airflow/.local/lib/python3.7/site-packages/airflow/example_dags/example_skip_dag.py
[2023-02-10T00:10:23.433+0000] {processor.py:753} INFO - DAG(s) dict_keys(['example_skip_dag']) retrieved from /home/airflow/.local/lib/python3.7/site-packages/airflow/example_dags/example_skip_dag.py
[2023-02-10T00:10:23.463+0000] {logging_mixin.py:137} INFO - [2023-02-10T00:10:23.462+0000] {dag.py:2690} INFO - Sync 1 DAGs
[2023-02-10T00:10:23.505+0000] {logging_mixin.py:137} INFO - [2023-02-10T00:10:23.505+0000] {dag.py:3441} INFO - Setting next_dagrun for example_skip_dag to 2023-02-09T00:10:23.505064+00:00, run_after=2023-02-10T00:10:23.505064+00:00
[2023-02-10T00:10:23.532+0000] {processor.py:175} INFO - Processing /home/airflow/.local/lib/python3.7/site-packages/airflow/example_dags/example_skip_dag.py took 0.120 seconds
[2023-02-10T00:10:54.140+0000] {processor.py:153} INFO - Started process (PID=4094) to work on /home/airflow/.local/lib/python3.7/site-packages/airflow/example_dags/example_skip_dag.py
[2023-02-10T00:10:54.141+0000] {processor.py:743} INFO - Processing file /home/airflow/.local/lib/python3.7/site-packages/airflow/example_dags/example_skip_dag.py for tasks to queue
[2023-02-10T00:10:54.142+0000] {logging_mixin.py:137} INFO - [2023-02-10T00:10:54.142+0000] {dagbag.py:538} INFO - Filling up the DagBag from /home/airflow/.local/lib/python3.7/site-packages/airflow/example_dags/example_skip_dag.py
[2023-02-10T00:10:54.159+0000] {processor.py:753} INFO - DAG(s) dict_keys(['example_skip_dag']) retrieved from /home/airflow/.local/lib/python3.7/site-packages/airflow/example_dags/example_skip_dag.py
[2023-02-10T00:10:54.189+0000] {logging_mixin.py:137} INFO - [2023-02-10T00:10:54.189+0000] {dag.py:2690} INFO - Sync 1 DAGs
[2023-02-10T00:10:54.226+0000] {logging_mixin.py:137} INFO - [2023-02-10T00:10:54.226+0000] {dag.py:3441} INFO - Setting next_dagrun for example_skip_dag to 2023-02-09T00:10:54.226485+00:00, run_after=2023-02-10T00:10:54.226485+00:00
[2023-02-10T00:10:54.263+0000] {processor.py:175} INFO - Processing /home/airflow/.local/lib/python3.7/site-packages/airflow/example_dags/example_skip_dag.py took 0.126 seconds
[2023-02-10T00:11:24.434+0000] {processor.py:153} INFO - Started process (PID=4161) to work on /home/airflow/.local/lib/python3.7/site-packages/airflow/example_dags/example_skip_dag.py
[2023-02-10T00:11:24.435+0000] {processor.py:743} INFO - Processing file /home/airflow/.local/lib/python3.7/site-packages/airflow/example_dags/example_skip_dag.py for tasks to queue
[2023-02-10T00:11:24.436+0000] {logging_mixin.py:137} INFO - [2023-02-10T00:11:24.436+0000] {dagbag.py:538} INFO - Filling up the DagBag from /home/airflow/.local/lib/python3.7/site-packages/airflow/example_dags/example_skip_dag.py
[2023-02-10T00:11:24.452+0000] {processor.py:753} INFO - DAG(s) dict_keys(['example_skip_dag']) retrieved from /home/airflow/.local/lib/python3.7/site-packages/airflow/example_dags/example_skip_dag.py
[2023-02-10T00:11:24.483+0000] {logging_mixin.py:137} INFO - [2023-02-10T00:11:24.483+0000] {dag.py:2690} INFO - Sync 1 DAGs
[2023-02-10T00:11:24.518+0000] {logging_mixin.py:137} INFO - [2023-02-10T00:11:24.518+0000] {dag.py:3441} INFO - Setting next_dagrun for example_skip_dag to 2023-02-09T00:11:24.517931+00:00, run_after=2023-02-10T00:11:24.517931+00:00
[2023-02-10T00:11:24.544+0000] {processor.py:175} INFO - Processing /home/airflow/.local/lib/python3.7/site-packages/airflow/example_dags/example_skip_dag.py took 0.114 seconds
[2023-02-10T00:11:55.084+0000] {processor.py:153} INFO - Started process (PID=4239) to work on /home/airflow/.local/lib/python3.7/site-packages/airflow/example_dags/example_skip_dag.py
[2023-02-10T00:11:55.085+0000] {processor.py:743} INFO - Processing file /home/airflow/.local/lib/python3.7/site-packages/airflow/example_dags/example_skip_dag.py for tasks to queue
[2023-02-10T00:11:55.085+0000] {logging_mixin.py:137} INFO - [2023-02-10T00:11:55.085+0000] {dagbag.py:538} INFO - Filling up the DagBag from /home/airflow/.local/lib/python3.7/site-packages/airflow/example_dags/example_skip_dag.py
[2023-02-10T00:11:55.103+0000] {processor.py:753} INFO - DAG(s) dict_keys(['example_skip_dag']) retrieved from /home/airflow/.local/lib/python3.7/site-packages/airflow/example_dags/example_skip_dag.py
[2023-02-10T00:11:55.137+0000] {logging_mixin.py:137} INFO - [2023-02-10T00:11:55.137+0000] {dag.py:2690} INFO - Sync 1 DAGs
[2023-02-10T00:11:55.201+0000] {logging_mixin.py:137} INFO - [2023-02-10T00:11:55.201+0000] {dag.py:3441} INFO - Setting next_dagrun for example_skip_dag to 2023-02-09T00:11:55.200731+00:00, run_after=2023-02-10T00:11:55.200731+00:00
[2023-02-10T00:11:55.283+0000] {processor.py:175} INFO - Processing /home/airflow/.local/lib/python3.7/site-packages/airflow/example_dags/example_skip_dag.py took 0.203 seconds
[2023-02-10T00:12:25.651+0000] {processor.py:153} INFO - Started process (PID=4312) to work on /home/airflow/.local/lib/python3.7/site-packages/airflow/example_dags/example_skip_dag.py
[2023-02-10T00:12:25.651+0000] {processor.py:743} INFO - Processing file /home/airflow/.local/lib/python3.7/site-packages/airflow/example_dags/example_skip_dag.py for tasks to queue
[2023-02-10T00:12:25.652+0000] {logging_mixin.py:137} INFO - [2023-02-10T00:12:25.652+0000] {dagbag.py:538} INFO - Filling up the DagBag from /home/airflow/.local/lib/python3.7/site-packages/airflow/example_dags/example_skip_dag.py
[2023-02-10T00:12:25.664+0000] {processor.py:753} INFO - DAG(s) dict_keys(['example_skip_dag']) retrieved from /home/airflow/.local/lib/python3.7/site-packages/airflow/example_dags/example_skip_dag.py
[2023-02-10T00:12:25.688+0000] {logging_mixin.py:137} INFO - [2023-02-10T00:12:25.688+0000] {dag.py:2690} INFO - Sync 1 DAGs
[2023-02-10T00:12:25.717+0000] {logging_mixin.py:137} INFO - [2023-02-10T00:12:25.717+0000] {dag.py:3441} INFO - Setting next_dagrun for example_skip_dag to 2023-02-09T00:12:25.716976+00:00, run_after=2023-02-10T00:12:25.716976+00:00
[2023-02-10T00:12:25.738+0000] {processor.py:175} INFO - Processing /home/airflow/.local/lib/python3.7/site-packages/airflow/example_dags/example_skip_dag.py took 0.090 seconds
[2023-02-10T00:12:56.131+0000] {processor.py:153} INFO - Started process (PID=4380) to work on /home/airflow/.local/lib/python3.7/site-packages/airflow/example_dags/example_skip_dag.py
[2023-02-10T00:12:56.133+0000] {processor.py:743} INFO - Processing file /home/airflow/.local/lib/python3.7/site-packages/airflow/example_dags/example_skip_dag.py for tasks to queue
[2023-02-10T00:12:56.134+0000] {logging_mixin.py:137} INFO - [2023-02-10T00:12:56.133+0000] {dagbag.py:538} INFO - Filling up the DagBag from /home/airflow/.local/lib/python3.7/site-packages/airflow/example_dags/example_skip_dag.py
[2023-02-10T00:12:56.150+0000] {processor.py:753} INFO - DAG(s) dict_keys(['example_skip_dag']) retrieved from /home/airflow/.local/lib/python3.7/site-packages/airflow/example_dags/example_skip_dag.py
[2023-02-10T00:12:56.182+0000] {logging_mixin.py:137} INFO - [2023-02-10T00:12:56.182+0000] {dag.py:2690} INFO - Sync 1 DAGs
[2023-02-10T00:12:56.222+0000] {logging_mixin.py:137} INFO - [2023-02-10T00:12:56.222+0000] {dag.py:3441} INFO - Setting next_dagrun for example_skip_dag to 2023-02-09T00:12:56.221615+00:00, run_after=2023-02-10T00:12:56.221615+00:00
[2023-02-10T00:12:56.252+0000] {processor.py:175} INFO - Processing /home/airflow/.local/lib/python3.7/site-packages/airflow/example_dags/example_skip_dag.py took 0.125 seconds
[2023-02-10T00:13:26.859+0000] {processor.py:153} INFO - Started process (PID=4455) to work on /home/airflow/.local/lib/python3.7/site-packages/airflow/example_dags/example_skip_dag.py
[2023-02-10T00:13:26.861+0000] {processor.py:743} INFO - Processing file /home/airflow/.local/lib/python3.7/site-packages/airflow/example_dags/example_skip_dag.py for tasks to queue
[2023-02-10T00:13:26.862+0000] {logging_mixin.py:137} INFO - [2023-02-10T00:13:26.862+0000] {dagbag.py:538} INFO - Filling up the DagBag from /home/airflow/.local/lib/python3.7/site-packages/airflow/example_dags/example_skip_dag.py
[2023-02-10T00:13:26.888+0000] {processor.py:753} INFO - DAG(s) dict_keys(['example_skip_dag']) retrieved from /home/airflow/.local/lib/python3.7/site-packages/airflow/example_dags/example_skip_dag.py
[2023-02-10T00:13:26.921+0000] {logging_mixin.py:137} INFO - [2023-02-10T00:13:26.921+0000] {dag.py:2690} INFO - Sync 1 DAGs
[2023-02-10T00:13:26.960+0000] {logging_mixin.py:137} INFO - [2023-02-10T00:13:26.960+0000] {dag.py:3441} INFO - Setting next_dagrun for example_skip_dag to 2023-02-09T00:13:26.960182+00:00, run_after=2023-02-10T00:13:26.960182+00:00
[2023-02-10T00:13:26.989+0000] {processor.py:175} INFO - Processing /home/airflow/.local/lib/python3.7/site-packages/airflow/example_dags/example_skip_dag.py took 0.133 seconds
