[2023-02-10T00:00:10.269+0000] {processor.py:153} INFO - Started process (PID=2550) to work on /home/airflow/.local/lib/python3.7/site-packages/airflow/example_dags/example_task_group_decorator.py
[2023-02-10T00:00:10.270+0000] {processor.py:743} INFO - Processing file /home/airflow/.local/lib/python3.7/site-packages/airflow/example_dags/example_task_group_decorator.py for tasks to queue
[2023-02-10T00:00:10.271+0000] {logging_mixin.py:137} INFO - [2023-02-10T00:00:10.271+0000] {dagbag.py:538} INFO - Filling up the DagBag from /home/airflow/.local/lib/python3.7/site-packages/airflow/example_dags/example_task_group_decorator.py
[2023-02-10T00:00:10.320+0000] {processor.py:753} INFO - DAG(s) dict_keys(['example_task_group_decorator']) retrieved from /home/airflow/.local/lib/python3.7/site-packages/airflow/example_dags/example_task_group_decorator.py
[2023-02-10T00:00:10.353+0000] {logging_mixin.py:137} INFO - [2023-02-10T00:00:10.353+0000] {dag.py:2690} INFO - Sync 1 DAGs
[2023-02-10T00:00:10.387+0000] {logging_mixin.py:137} INFO - [2023-02-10T00:00:10.387+0000] {dag.py:3441} INFO - Setting next_dagrun for example_task_group_decorator to 2023-02-09T00:00:10.387011+00:00, run_after=2023-02-10T00:00:10.387011+00:00
[2023-02-10T00:00:10.418+0000] {processor.py:175} INFO - Processing /home/airflow/.local/lib/python3.7/site-packages/airflow/example_dags/example_task_group_decorator.py took 0.153 seconds
[2023-02-10T00:00:40.954+0000] {processor.py:153} INFO - Started process (PID=2616) to work on /home/airflow/.local/lib/python3.7/site-packages/airflow/example_dags/example_task_group_decorator.py
[2023-02-10T00:00:40.955+0000] {processor.py:743} INFO - Processing file /home/airflow/.local/lib/python3.7/site-packages/airflow/example_dags/example_task_group_decorator.py for tasks to queue
[2023-02-10T00:00:40.956+0000] {logging_mixin.py:137} INFO - [2023-02-10T00:00:40.955+0000] {dagbag.py:538} INFO - Filling up the DagBag from /home/airflow/.local/lib/python3.7/site-packages/airflow/example_dags/example_task_group_decorator.py
[2023-02-10T00:00:40.993+0000] {processor.py:753} INFO - DAG(s) dict_keys(['example_task_group_decorator']) retrieved from /home/airflow/.local/lib/python3.7/site-packages/airflow/example_dags/example_task_group_decorator.py
[2023-02-10T00:00:41.027+0000] {logging_mixin.py:137} INFO - [2023-02-10T00:00:41.027+0000] {dag.py:2690} INFO - Sync 1 DAGs
[2023-02-10T00:00:41.062+0000] {logging_mixin.py:137} INFO - [2023-02-10T00:00:41.061+0000] {dag.py:3441} INFO - Setting next_dagrun for example_task_group_decorator to 2023-02-09T00:00:41.061613+00:00, run_after=2023-02-10T00:00:41.061613+00:00
[2023-02-10T00:00:41.093+0000] {processor.py:175} INFO - Processing /home/airflow/.local/lib/python3.7/site-packages/airflow/example_dags/example_task_group_decorator.py took 0.143 seconds
[2023-02-10T00:01:11.472+0000] {processor.py:153} INFO - Started process (PID=2696) to work on /home/airflow/.local/lib/python3.7/site-packages/airflow/example_dags/example_task_group_decorator.py
[2023-02-10T00:01:11.473+0000] {processor.py:743} INFO - Processing file /home/airflow/.local/lib/python3.7/site-packages/airflow/example_dags/example_task_group_decorator.py for tasks to queue
[2023-02-10T00:01:11.474+0000] {logging_mixin.py:137} INFO - [2023-02-10T00:01:11.474+0000] {dagbag.py:538} INFO - Filling up the DagBag from /home/airflow/.local/lib/python3.7/site-packages/airflow/example_dags/example_task_group_decorator.py
[2023-02-10T00:01:11.510+0000] {processor.py:753} INFO - DAG(s) dict_keys(['example_task_group_decorator']) retrieved from /home/airflow/.local/lib/python3.7/site-packages/airflow/example_dags/example_task_group_decorator.py
[2023-02-10T00:01:11.542+0000] {logging_mixin.py:137} INFO - [2023-02-10T00:01:11.542+0000] {dag.py:2690} INFO - Sync 1 DAGs
[2023-02-10T00:01:11.586+0000] {logging_mixin.py:137} INFO - [2023-02-10T00:01:11.586+0000] {dag.py:3441} INFO - Setting next_dagrun for example_task_group_decorator to 2023-02-09T00:01:11.585737+00:00, run_after=2023-02-10T00:01:11.585737+00:00
[2023-02-10T00:01:11.616+0000] {processor.py:175} INFO - Processing /home/airflow/.local/lib/python3.7/site-packages/airflow/example_dags/example_task_group_decorator.py took 0.148 seconds
[2023-02-10T00:01:42.037+0000] {processor.py:153} INFO - Started process (PID=2764) to work on /home/airflow/.local/lib/python3.7/site-packages/airflow/example_dags/example_task_group_decorator.py
[2023-02-10T00:01:42.038+0000] {processor.py:743} INFO - Processing file /home/airflow/.local/lib/python3.7/site-packages/airflow/example_dags/example_task_group_decorator.py for tasks to queue
[2023-02-10T00:01:42.039+0000] {logging_mixin.py:137} INFO - [2023-02-10T00:01:42.039+0000] {dagbag.py:538} INFO - Filling up the DagBag from /home/airflow/.local/lib/python3.7/site-packages/airflow/example_dags/example_task_group_decorator.py
[2023-02-10T00:01:42.074+0000] {processor.py:753} INFO - DAG(s) dict_keys(['example_task_group_decorator']) retrieved from /home/airflow/.local/lib/python3.7/site-packages/airflow/example_dags/example_task_group_decorator.py
[2023-02-10T00:01:42.110+0000] {logging_mixin.py:137} INFO - [2023-02-10T00:01:42.109+0000] {dag.py:2690} INFO - Sync 1 DAGs
[2023-02-10T00:01:42.146+0000] {logging_mixin.py:137} INFO - [2023-02-10T00:01:42.146+0000] {dag.py:3441} INFO - Setting next_dagrun for example_task_group_decorator to 2023-02-09T00:01:42.146030+00:00, run_after=2023-02-10T00:01:42.146030+00:00
[2023-02-10T00:01:42.178+0000] {processor.py:175} INFO - Processing /home/airflow/.local/lib/python3.7/site-packages/airflow/example_dags/example_task_group_decorator.py took 0.143 seconds
[2023-02-10T00:02:12.366+0000] {processor.py:153} INFO - Started process (PID=2831) to work on /home/airflow/.local/lib/python3.7/site-packages/airflow/example_dags/example_task_group_decorator.py
[2023-02-10T00:02:12.367+0000] {processor.py:743} INFO - Processing file /home/airflow/.local/lib/python3.7/site-packages/airflow/example_dags/example_task_group_decorator.py for tasks to queue
[2023-02-10T00:02:12.368+0000] {logging_mixin.py:137} INFO - [2023-02-10T00:02:12.367+0000] {dagbag.py:538} INFO - Filling up the DagBag from /home/airflow/.local/lib/python3.7/site-packages/airflow/example_dags/example_task_group_decorator.py
[2023-02-10T00:02:12.402+0000] {processor.py:753} INFO - DAG(s) dict_keys(['example_task_group_decorator']) retrieved from /home/airflow/.local/lib/python3.7/site-packages/airflow/example_dags/example_task_group_decorator.py
[2023-02-10T00:02:12.435+0000] {logging_mixin.py:137} INFO - [2023-02-10T00:02:12.435+0000] {dag.py:2690} INFO - Sync 1 DAGs
[2023-02-10T00:02:12.471+0000] {logging_mixin.py:137} INFO - [2023-02-10T00:02:12.471+0000] {dag.py:3441} INFO - Setting next_dagrun for example_task_group_decorator to 2023-02-09T00:02:12.471069+00:00, run_after=2023-02-10T00:02:12.471069+00:00
[2023-02-10T00:02:12.498+0000] {processor.py:175} INFO - Processing /home/airflow/.local/lib/python3.7/site-packages/airflow/example_dags/example_task_group_decorator.py took 0.135 seconds
[2023-02-10T00:02:42.869+0000] {processor.py:153} INFO - Started process (PID=2914) to work on /home/airflow/.local/lib/python3.7/site-packages/airflow/example_dags/example_task_group_decorator.py
[2023-02-10T00:02:42.870+0000] {processor.py:743} INFO - Processing file /home/airflow/.local/lib/python3.7/site-packages/airflow/example_dags/example_task_group_decorator.py for tasks to queue
[2023-02-10T00:02:42.871+0000] {logging_mixin.py:137} INFO - [2023-02-10T00:02:42.871+0000] {dagbag.py:538} INFO - Filling up the DagBag from /home/airflow/.local/lib/python3.7/site-packages/airflow/example_dags/example_task_group_decorator.py
[2023-02-10T00:02:42.912+0000] {processor.py:753} INFO - DAG(s) dict_keys(['example_task_group_decorator']) retrieved from /home/airflow/.local/lib/python3.7/site-packages/airflow/example_dags/example_task_group_decorator.py
[2023-02-10T00:02:42.955+0000] {logging_mixin.py:137} INFO - [2023-02-10T00:02:42.954+0000] {dag.py:2690} INFO - Sync 1 DAGs
[2023-02-10T00:02:42.995+0000] {logging_mixin.py:137} INFO - [2023-02-10T00:02:42.994+0000] {dag.py:3441} INFO - Setting next_dagrun for example_task_group_decorator to 2023-02-09T00:02:42.994363+00:00, run_after=2023-02-10T00:02:42.994363+00:00
[2023-02-10T00:02:43.033+0000] {processor.py:175} INFO - Processing /home/airflow/.local/lib/python3.7/site-packages/airflow/example_dags/example_task_group_decorator.py took 0.168 seconds
[2023-02-10T00:03:13.353+0000] {processor.py:153} INFO - Started process (PID=2983) to work on /home/airflow/.local/lib/python3.7/site-packages/airflow/example_dags/example_task_group_decorator.py
[2023-02-10T00:03:13.354+0000] {processor.py:743} INFO - Processing file /home/airflow/.local/lib/python3.7/site-packages/airflow/example_dags/example_task_group_decorator.py for tasks to queue
[2023-02-10T00:03:13.355+0000] {logging_mixin.py:137} INFO - [2023-02-10T00:03:13.354+0000] {dagbag.py:538} INFO - Filling up the DagBag from /home/airflow/.local/lib/python3.7/site-packages/airflow/example_dags/example_task_group_decorator.py
[2023-02-10T00:03:13.394+0000] {processor.py:753} INFO - DAG(s) dict_keys(['example_task_group_decorator']) retrieved from /home/airflow/.local/lib/python3.7/site-packages/airflow/example_dags/example_task_group_decorator.py
[2023-02-10T00:03:13.431+0000] {logging_mixin.py:137} INFO - [2023-02-10T00:03:13.431+0000] {dag.py:2690} INFO - Sync 1 DAGs
[2023-02-10T00:03:13.470+0000] {logging_mixin.py:137} INFO - [2023-02-10T00:03:13.470+0000] {dag.py:3441} INFO - Setting next_dagrun for example_task_group_decorator to 2023-02-09T00:03:13.469933+00:00, run_after=2023-02-10T00:03:13.469933+00:00
[2023-02-10T00:03:13.500+0000] {processor.py:175} INFO - Processing /home/airflow/.local/lib/python3.7/site-packages/airflow/example_dags/example_task_group_decorator.py took 0.150 seconds
[2023-02-10T00:03:43.682+0000] {processor.py:153} INFO - Started process (PID=3051) to work on /home/airflow/.local/lib/python3.7/site-packages/airflow/example_dags/example_task_group_decorator.py
[2023-02-10T00:03:43.683+0000] {processor.py:743} INFO - Processing file /home/airflow/.local/lib/python3.7/site-packages/airflow/example_dags/example_task_group_decorator.py for tasks to queue
[2023-02-10T00:03:43.684+0000] {logging_mixin.py:137} INFO - [2023-02-10T00:03:43.683+0000] {dagbag.py:538} INFO - Filling up the DagBag from /home/airflow/.local/lib/python3.7/site-packages/airflow/example_dags/example_task_group_decorator.py
[2023-02-10T00:03:43.718+0000] {processor.py:753} INFO - DAG(s) dict_keys(['example_task_group_decorator']) retrieved from /home/airflow/.local/lib/python3.7/site-packages/airflow/example_dags/example_task_group_decorator.py
[2023-02-10T00:03:43.753+0000] {logging_mixin.py:137} INFO - [2023-02-10T00:03:43.753+0000] {dag.py:2690} INFO - Sync 1 DAGs
[2023-02-10T00:03:43.790+0000] {logging_mixin.py:137} INFO - [2023-02-10T00:03:43.789+0000] {dag.py:3441} INFO - Setting next_dagrun for example_task_group_decorator to 2023-02-09T00:03:43.789608+00:00, run_after=2023-02-10T00:03:43.789608+00:00
[2023-02-10T00:03:43.815+0000] {processor.py:175} INFO - Processing /home/airflow/.local/lib/python3.7/site-packages/airflow/example_dags/example_task_group_decorator.py took 0.136 seconds
[2023-02-10T00:04:14.062+0000] {processor.py:153} INFO - Started process (PID=3133) to work on /home/airflow/.local/lib/python3.7/site-packages/airflow/example_dags/example_task_group_decorator.py
[2023-02-10T00:04:14.063+0000] {processor.py:743} INFO - Processing file /home/airflow/.local/lib/python3.7/site-packages/airflow/example_dags/example_task_group_decorator.py for tasks to queue
[2023-02-10T00:04:14.064+0000] {logging_mixin.py:137} INFO - [2023-02-10T00:04:14.063+0000] {dagbag.py:538} INFO - Filling up the DagBag from /home/airflow/.local/lib/python3.7/site-packages/airflow/example_dags/example_task_group_decorator.py
[2023-02-10T00:04:14.100+0000] {processor.py:753} INFO - DAG(s) dict_keys(['example_task_group_decorator']) retrieved from /home/airflow/.local/lib/python3.7/site-packages/airflow/example_dags/example_task_group_decorator.py
[2023-02-10T00:04:14.135+0000] {logging_mixin.py:137} INFO - [2023-02-10T00:04:14.134+0000] {dag.py:2690} INFO - Sync 1 DAGs
[2023-02-10T00:04:14.200+0000] {logging_mixin.py:137} INFO - [2023-02-10T00:04:14.200+0000] {dag.py:3441} INFO - Setting next_dagrun for example_task_group_decorator to 2023-02-09T00:04:14.199927+00:00, run_after=2023-02-10T00:04:14.199927+00:00
[2023-02-10T00:04:14.229+0000] {processor.py:175} INFO - Processing /home/airflow/.local/lib/python3.7/site-packages/airflow/example_dags/example_task_group_decorator.py took 0.170 seconds
[2023-02-10T00:04:44.758+0000] {processor.py:153} INFO - Started process (PID=3201) to work on /home/airflow/.local/lib/python3.7/site-packages/airflow/example_dags/example_task_group_decorator.py
[2023-02-10T00:04:44.759+0000] {processor.py:743} INFO - Processing file /home/airflow/.local/lib/python3.7/site-packages/airflow/example_dags/example_task_group_decorator.py for tasks to queue
[2023-02-10T00:04:44.760+0000] {logging_mixin.py:137} INFO - [2023-02-10T00:04:44.760+0000] {dagbag.py:538} INFO - Filling up the DagBag from /home/airflow/.local/lib/python3.7/site-packages/airflow/example_dags/example_task_group_decorator.py
[2023-02-10T00:04:44.794+0000] {processor.py:753} INFO - DAG(s) dict_keys(['example_task_group_decorator']) retrieved from /home/airflow/.local/lib/python3.7/site-packages/airflow/example_dags/example_task_group_decorator.py
[2023-02-10T00:04:44.826+0000] {logging_mixin.py:137} INFO - [2023-02-10T00:04:44.826+0000] {dag.py:2690} INFO - Sync 1 DAGs
[2023-02-10T00:04:44.863+0000] {logging_mixin.py:137} INFO - [2023-02-10T00:04:44.862+0000] {dag.py:3441} INFO - Setting next_dagrun for example_task_group_decorator to 2023-02-09T00:04:44.862691+00:00, run_after=2023-02-10T00:04:44.862691+00:00
[2023-02-10T00:04:44.890+0000] {processor.py:175} INFO - Processing /home/airflow/.local/lib/python3.7/site-packages/airflow/example_dags/example_task_group_decorator.py took 0.136 seconds
[2023-02-10T00:05:15.333+0000] {processor.py:153} INFO - Started process (PID=3267) to work on /home/airflow/.local/lib/python3.7/site-packages/airflow/example_dags/example_task_group_decorator.py
[2023-02-10T00:05:15.334+0000] {processor.py:743} INFO - Processing file /home/airflow/.local/lib/python3.7/site-packages/airflow/example_dags/example_task_group_decorator.py for tasks to queue
[2023-02-10T00:05:15.335+0000] {logging_mixin.py:137} INFO - [2023-02-10T00:05:15.335+0000] {dagbag.py:538} INFO - Filling up the DagBag from /home/airflow/.local/lib/python3.7/site-packages/airflow/example_dags/example_task_group_decorator.py
[2023-02-10T00:05:15.382+0000] {processor.py:753} INFO - DAG(s) dict_keys(['example_task_group_decorator']) retrieved from /home/airflow/.local/lib/python3.7/site-packages/airflow/example_dags/example_task_group_decorator.py
[2023-02-10T00:05:15.422+0000] {logging_mixin.py:137} INFO - [2023-02-10T00:05:15.422+0000] {dag.py:2690} INFO - Sync 1 DAGs
[2023-02-10T00:05:15.470+0000] {logging_mixin.py:137} INFO - [2023-02-10T00:05:15.469+0000] {dag.py:3441} INFO - Setting next_dagrun for example_task_group_decorator to 2023-02-09T00:05:15.469529+00:00, run_after=2023-02-10T00:05:15.469529+00:00
[2023-02-10T00:05:15.508+0000] {processor.py:175} INFO - Processing /home/airflow/.local/lib/python3.7/site-packages/airflow/example_dags/example_task_group_decorator.py took 0.181 seconds
[2023-02-10T00:05:46.214+0000] {processor.py:153} INFO - Started process (PID=3351) to work on /home/airflow/.local/lib/python3.7/site-packages/airflow/example_dags/example_task_group_decorator.py
[2023-02-10T00:05:46.215+0000] {processor.py:743} INFO - Processing file /home/airflow/.local/lib/python3.7/site-packages/airflow/example_dags/example_task_group_decorator.py for tasks to queue
[2023-02-10T00:05:46.216+0000] {logging_mixin.py:137} INFO - [2023-02-10T00:05:46.216+0000] {dagbag.py:538} INFO - Filling up the DagBag from /home/airflow/.local/lib/python3.7/site-packages/airflow/example_dags/example_task_group_decorator.py
[2023-02-10T00:05:46.256+0000] {processor.py:753} INFO - DAG(s) dict_keys(['example_task_group_decorator']) retrieved from /home/airflow/.local/lib/python3.7/site-packages/airflow/example_dags/example_task_group_decorator.py
[2023-02-10T00:05:46.295+0000] {logging_mixin.py:137} INFO - [2023-02-10T00:05:46.295+0000] {dag.py:2690} INFO - Sync 1 DAGs
[2023-02-10T00:05:46.330+0000] {logging_mixin.py:137} INFO - [2023-02-10T00:05:46.330+0000] {dag.py:3441} INFO - Setting next_dagrun for example_task_group_decorator to 2023-02-09T00:05:46.330260+00:00, run_after=2023-02-10T00:05:46.330260+00:00
[2023-02-10T00:05:46.356+0000] {processor.py:175} INFO - Processing /home/airflow/.local/lib/python3.7/site-packages/airflow/example_dags/example_task_group_decorator.py took 0.145 seconds
[2023-02-10T00:06:16.913+0000] {processor.py:153} INFO - Started process (PID=3420) to work on /home/airflow/.local/lib/python3.7/site-packages/airflow/example_dags/example_task_group_decorator.py
[2023-02-10T00:06:16.914+0000] {processor.py:743} INFO - Processing file /home/airflow/.local/lib/python3.7/site-packages/airflow/example_dags/example_task_group_decorator.py for tasks to queue
[2023-02-10T00:06:16.914+0000] {logging_mixin.py:137} INFO - [2023-02-10T00:06:16.914+0000] {dagbag.py:538} INFO - Filling up the DagBag from /home/airflow/.local/lib/python3.7/site-packages/airflow/example_dags/example_task_group_decorator.py
[2023-02-10T00:06:16.961+0000] {processor.py:753} INFO - DAG(s) dict_keys(['example_task_group_decorator']) retrieved from /home/airflow/.local/lib/python3.7/site-packages/airflow/example_dags/example_task_group_decorator.py
[2023-02-10T00:06:16.995+0000] {logging_mixin.py:137} INFO - [2023-02-10T00:06:16.995+0000] {dag.py:2690} INFO - Sync 1 DAGs
[2023-02-10T00:06:17.032+0000] {logging_mixin.py:137} INFO - [2023-02-10T00:06:17.032+0000] {dag.py:3441} INFO - Setting next_dagrun for example_task_group_decorator to 2023-02-09T00:06:17.032202+00:00, run_after=2023-02-10T00:06:17.032202+00:00
[2023-02-10T00:06:17.059+0000] {processor.py:175} INFO - Processing /home/airflow/.local/lib/python3.7/site-packages/airflow/example_dags/example_task_group_decorator.py took 0.151 seconds
[2023-02-10T00:06:47.810+0000] {processor.py:153} INFO - Started process (PID=3489) to work on /home/airflow/.local/lib/python3.7/site-packages/airflow/example_dags/example_task_group_decorator.py
[2023-02-10T00:06:47.810+0000] {processor.py:743} INFO - Processing file /home/airflow/.local/lib/python3.7/site-packages/airflow/example_dags/example_task_group_decorator.py for tasks to queue
[2023-02-10T00:06:47.811+0000] {logging_mixin.py:137} INFO - [2023-02-10T00:06:47.811+0000] {dagbag.py:538} INFO - Filling up the DagBag from /home/airflow/.local/lib/python3.7/site-packages/airflow/example_dags/example_task_group_decorator.py
[2023-02-10T00:06:47.849+0000] {processor.py:753} INFO - DAG(s) dict_keys(['example_task_group_decorator']) retrieved from /home/airflow/.local/lib/python3.7/site-packages/airflow/example_dags/example_task_group_decorator.py
[2023-02-10T00:06:47.884+0000] {logging_mixin.py:137} INFO - [2023-02-10T00:06:47.884+0000] {dag.py:2690} INFO - Sync 1 DAGs
[2023-02-10T00:06:47.923+0000] {logging_mixin.py:137} INFO - [2023-02-10T00:06:47.922+0000] {dag.py:3441} INFO - Setting next_dagrun for example_task_group_decorator to 2023-02-09T00:06:47.922525+00:00, run_after=2023-02-10T00:06:47.922525+00:00
[2023-02-10T00:06:47.949+0000] {processor.py:175} INFO - Processing /home/airflow/.local/lib/python3.7/site-packages/airflow/example_dags/example_task_group_decorator.py took 0.143 seconds
[2023-02-10T00:07:18.770+0000] {processor.py:153} INFO - Started process (PID=3572) to work on /home/airflow/.local/lib/python3.7/site-packages/airflow/example_dags/example_task_group_decorator.py
[2023-02-10T00:07:18.771+0000] {processor.py:743} INFO - Processing file /home/airflow/.local/lib/python3.7/site-packages/airflow/example_dags/example_task_group_decorator.py for tasks to queue
[2023-02-10T00:07:18.772+0000] {logging_mixin.py:137} INFO - [2023-02-10T00:07:18.772+0000] {dagbag.py:538} INFO - Filling up the DagBag from /home/airflow/.local/lib/python3.7/site-packages/airflow/example_dags/example_task_group_decorator.py
[2023-02-10T00:07:18.808+0000] {processor.py:753} INFO - DAG(s) dict_keys(['example_task_group_decorator']) retrieved from /home/airflow/.local/lib/python3.7/site-packages/airflow/example_dags/example_task_group_decorator.py
[2023-02-10T00:07:18.845+0000] {logging_mixin.py:137} INFO - [2023-02-10T00:07:18.845+0000] {dag.py:2690} INFO - Sync 1 DAGs
[2023-02-10T00:07:18.880+0000] {logging_mixin.py:137} INFO - [2023-02-10T00:07:18.880+0000] {dag.py:3441} INFO - Setting next_dagrun for example_task_group_decorator to 2023-02-09T00:07:18.879991+00:00, run_after=2023-02-10T00:07:18.879991+00:00
[2023-02-10T00:07:18.907+0000] {processor.py:175} INFO - Processing /home/airflow/.local/lib/python3.7/site-packages/airflow/example_dags/example_task_group_decorator.py took 0.140 seconds
[2023-02-10T00:07:49.115+0000] {processor.py:153} INFO - Started process (PID=3640) to work on /home/airflow/.local/lib/python3.7/site-packages/airflow/example_dags/example_task_group_decorator.py
[2023-02-10T00:07:49.116+0000] {processor.py:743} INFO - Processing file /home/airflow/.local/lib/python3.7/site-packages/airflow/example_dags/example_task_group_decorator.py for tasks to queue
[2023-02-10T00:07:49.117+0000] {logging_mixin.py:137} INFO - [2023-02-10T00:07:49.116+0000] {dagbag.py:538} INFO - Filling up the DagBag from /home/airflow/.local/lib/python3.7/site-packages/airflow/example_dags/example_task_group_decorator.py
[2023-02-10T00:07:49.153+0000] {processor.py:753} INFO - DAG(s) dict_keys(['example_task_group_decorator']) retrieved from /home/airflow/.local/lib/python3.7/site-packages/airflow/example_dags/example_task_group_decorator.py
[2023-02-10T00:07:49.188+0000] {logging_mixin.py:137} INFO - [2023-02-10T00:07:49.187+0000] {dag.py:2690} INFO - Sync 1 DAGs
[2023-02-10T00:07:49.223+0000] {logging_mixin.py:137} INFO - [2023-02-10T00:07:49.223+0000] {dag.py:3441} INFO - Setting next_dagrun for example_task_group_decorator to 2023-02-09T00:07:49.222787+00:00, run_after=2023-02-10T00:07:49.222787+00:00
[2023-02-10T00:07:49.249+0000] {processor.py:175} INFO - Processing /home/airflow/.local/lib/python3.7/site-packages/airflow/example_dags/example_task_group_decorator.py took 0.136 seconds
[2023-02-10T00:08:19.616+0000] {processor.py:153} INFO - Started process (PID=3709) to work on /home/airflow/.local/lib/python3.7/site-packages/airflow/example_dags/example_task_group_decorator.py
[2023-02-10T00:08:19.617+0000] {processor.py:743} INFO - Processing file /home/airflow/.local/lib/python3.7/site-packages/airflow/example_dags/example_task_group_decorator.py for tasks to queue
[2023-02-10T00:08:19.618+0000] {logging_mixin.py:137} INFO - [2023-02-10T00:08:19.617+0000] {dagbag.py:538} INFO - Filling up the DagBag from /home/airflow/.local/lib/python3.7/site-packages/airflow/example_dags/example_task_group_decorator.py
[2023-02-10T00:08:19.655+0000] {processor.py:753} INFO - DAG(s) dict_keys(['example_task_group_decorator']) retrieved from /home/airflow/.local/lib/python3.7/site-packages/airflow/example_dags/example_task_group_decorator.py
[2023-02-10T00:08:19.693+0000] {logging_mixin.py:137} INFO - [2023-02-10T00:08:19.693+0000] {dag.py:2690} INFO - Sync 1 DAGs
[2023-02-10T00:08:19.728+0000] {logging_mixin.py:137} INFO - [2023-02-10T00:08:19.728+0000] {dag.py:3441} INFO - Setting next_dagrun for example_task_group_decorator to 2023-02-09T00:08:19.728366+00:00, run_after=2023-02-10T00:08:19.728366+00:00
[2023-02-10T00:08:19.756+0000] {processor.py:175} INFO - Processing /home/airflow/.local/lib/python3.7/site-packages/airflow/example_dags/example_task_group_decorator.py took 0.144 seconds
[2023-02-10T00:08:49.993+0000] {processor.py:153} INFO - Started process (PID=3785) to work on /home/airflow/.local/lib/python3.7/site-packages/airflow/example_dags/example_task_group_decorator.py
[2023-02-10T00:08:49.994+0000] {processor.py:743} INFO - Processing file /home/airflow/.local/lib/python3.7/site-packages/airflow/example_dags/example_task_group_decorator.py for tasks to queue
[2023-02-10T00:08:49.995+0000] {logging_mixin.py:137} INFO - [2023-02-10T00:08:49.995+0000] {dagbag.py:538} INFO - Filling up the DagBag from /home/airflow/.local/lib/python3.7/site-packages/airflow/example_dags/example_task_group_decorator.py
[2023-02-10T00:08:50.032+0000] {processor.py:753} INFO - DAG(s) dict_keys(['example_task_group_decorator']) retrieved from /home/airflow/.local/lib/python3.7/site-packages/airflow/example_dags/example_task_group_decorator.py
[2023-02-10T00:08:50.069+0000] {logging_mixin.py:137} INFO - [2023-02-10T00:08:50.069+0000] {dag.py:2690} INFO - Sync 1 DAGs
[2023-02-10T00:08:50.110+0000] {logging_mixin.py:137} INFO - [2023-02-10T00:08:50.110+0000] {dag.py:3441} INFO - Setting next_dagrun for example_task_group_decorator to 2023-02-09T00:08:50.110277+00:00, run_after=2023-02-10T00:08:50.110277+00:00
[2023-02-10T00:08:50.138+0000] {processor.py:175} INFO - Processing /home/airflow/.local/lib/python3.7/site-packages/airflow/example_dags/example_task_group_decorator.py took 0.148 seconds
[2023-02-10T00:09:20.792+0000] {processor.py:153} INFO - Started process (PID=3858) to work on /home/airflow/.local/lib/python3.7/site-packages/airflow/example_dags/example_task_group_decorator.py
[2023-02-10T00:09:20.793+0000] {processor.py:743} INFO - Processing file /home/airflow/.local/lib/python3.7/site-packages/airflow/example_dags/example_task_group_decorator.py for tasks to queue
[2023-02-10T00:09:20.794+0000] {logging_mixin.py:137} INFO - [2023-02-10T00:09:20.794+0000] {dagbag.py:538} INFO - Filling up the DagBag from /home/airflow/.local/lib/python3.7/site-packages/airflow/example_dags/example_task_group_decorator.py
[2023-02-10T00:09:20.829+0000] {processor.py:753} INFO - DAG(s) dict_keys(['example_task_group_decorator']) retrieved from /home/airflow/.local/lib/python3.7/site-packages/airflow/example_dags/example_task_group_decorator.py
[2023-02-10T00:09:20.863+0000] {logging_mixin.py:137} INFO - [2023-02-10T00:09:20.863+0000] {dag.py:2690} INFO - Sync 1 DAGs
[2023-02-10T00:09:20.897+0000] {logging_mixin.py:137} INFO - [2023-02-10T00:09:20.896+0000] {dag.py:3441} INFO - Setting next_dagrun for example_task_group_decorator to 2023-02-09T00:09:20.896572+00:00, run_after=2023-02-10T00:09:20.896572+00:00
[2023-02-10T00:09:20.924+0000] {processor.py:175} INFO - Processing /home/airflow/.local/lib/python3.7/site-packages/airflow/example_dags/example_task_group_decorator.py took 0.135 seconds
[2023-02-10T00:09:51.075+0000] {processor.py:153} INFO - Started process (PID=3925) to work on /home/airflow/.local/lib/python3.7/site-packages/airflow/example_dags/example_task_group_decorator.py
[2023-02-10T00:09:51.075+0000] {processor.py:743} INFO - Processing file /home/airflow/.local/lib/python3.7/site-packages/airflow/example_dags/example_task_group_decorator.py for tasks to queue
[2023-02-10T00:09:51.076+0000] {logging_mixin.py:137} INFO - [2023-02-10T00:09:51.076+0000] {dagbag.py:538} INFO - Filling up the DagBag from /home/airflow/.local/lib/python3.7/site-packages/airflow/example_dags/example_task_group_decorator.py
[2023-02-10T00:09:51.114+0000] {processor.py:753} INFO - DAG(s) dict_keys(['example_task_group_decorator']) retrieved from /home/airflow/.local/lib/python3.7/site-packages/airflow/example_dags/example_task_group_decorator.py
[2023-02-10T00:09:51.147+0000] {logging_mixin.py:137} INFO - [2023-02-10T00:09:51.147+0000] {dag.py:2690} INFO - Sync 1 DAGs
[2023-02-10T00:09:51.184+0000] {logging_mixin.py:137} INFO - [2023-02-10T00:09:51.183+0000] {dag.py:3441} INFO - Setting next_dagrun for example_task_group_decorator to 2023-02-09T00:09:51.183539+00:00, run_after=2023-02-10T00:09:51.183539+00:00
[2023-02-10T00:09:51.212+0000] {processor.py:175} INFO - Processing /home/airflow/.local/lib/python3.7/site-packages/airflow/example_dags/example_task_group_decorator.py took 0.141 seconds
[2023-02-10T00:10:21.774+0000] {processor.py:153} INFO - Started process (PID=3994) to work on /home/airflow/.local/lib/python3.7/site-packages/airflow/example_dags/example_task_group_decorator.py
[2023-02-10T00:10:21.775+0000] {processor.py:743} INFO - Processing file /home/airflow/.local/lib/python3.7/site-packages/airflow/example_dags/example_task_group_decorator.py for tasks to queue
[2023-02-10T00:10:21.776+0000] {logging_mixin.py:137} INFO - [2023-02-10T00:10:21.776+0000] {dagbag.py:538} INFO - Filling up the DagBag from /home/airflow/.local/lib/python3.7/site-packages/airflow/example_dags/example_task_group_decorator.py
[2023-02-10T00:10:21.818+0000] {processor.py:753} INFO - DAG(s) dict_keys(['example_task_group_decorator']) retrieved from /home/airflow/.local/lib/python3.7/site-packages/airflow/example_dags/example_task_group_decorator.py
[2023-02-10T00:10:21.856+0000] {logging_mixin.py:137} INFO - [2023-02-10T00:10:21.856+0000] {dag.py:2690} INFO - Sync 1 DAGs
[2023-02-10T00:10:21.898+0000] {logging_mixin.py:137} INFO - [2023-02-10T00:10:21.898+0000] {dag.py:3441} INFO - Setting next_dagrun for example_task_group_decorator to 2023-02-09T00:10:21.898276+00:00, run_after=2023-02-10T00:10:21.898276+00:00
[2023-02-10T00:10:21.929+0000] {processor.py:175} INFO - Processing /home/airflow/.local/lib/python3.7/site-packages/airflow/example_dags/example_task_group_decorator.py took 0.160 seconds
[2023-02-10T00:10:52.306+0000] {processor.py:153} INFO - Started process (PID=4076) to work on /home/airflow/.local/lib/python3.7/site-packages/airflow/example_dags/example_task_group_decorator.py
[2023-02-10T00:10:52.307+0000] {processor.py:743} INFO - Processing file /home/airflow/.local/lib/python3.7/site-packages/airflow/example_dags/example_task_group_decorator.py for tasks to queue
[2023-02-10T00:10:52.308+0000] {logging_mixin.py:137} INFO - [2023-02-10T00:10:52.308+0000] {dagbag.py:538} INFO - Filling up the DagBag from /home/airflow/.local/lib/python3.7/site-packages/airflow/example_dags/example_task_group_decorator.py
[2023-02-10T00:10:52.342+0000] {processor.py:753} INFO - DAG(s) dict_keys(['example_task_group_decorator']) retrieved from /home/airflow/.local/lib/python3.7/site-packages/airflow/example_dags/example_task_group_decorator.py
[2023-02-10T00:10:52.375+0000] {logging_mixin.py:137} INFO - [2023-02-10T00:10:52.374+0000] {dag.py:2690} INFO - Sync 1 DAGs
[2023-02-10T00:10:52.413+0000] {logging_mixin.py:137} INFO - [2023-02-10T00:10:52.412+0000] {dag.py:3441} INFO - Setting next_dagrun for example_task_group_decorator to 2023-02-09T00:10:52.412569+00:00, run_after=2023-02-10T00:10:52.412569+00:00
[2023-02-10T00:10:52.439+0000] {processor.py:175} INFO - Processing /home/airflow/.local/lib/python3.7/site-packages/airflow/example_dags/example_task_group_decorator.py took 0.136 seconds
[2023-02-10T00:11:22.942+0000] {processor.py:153} INFO - Started process (PID=4143) to work on /home/airflow/.local/lib/python3.7/site-packages/airflow/example_dags/example_task_group_decorator.py
[2023-02-10T00:11:22.943+0000] {processor.py:743} INFO - Processing file /home/airflow/.local/lib/python3.7/site-packages/airflow/example_dags/example_task_group_decorator.py for tasks to queue
[2023-02-10T00:11:22.944+0000] {logging_mixin.py:137} INFO - [2023-02-10T00:11:22.944+0000] {dagbag.py:538} INFO - Filling up the DagBag from /home/airflow/.local/lib/python3.7/site-packages/airflow/example_dags/example_task_group_decorator.py
[2023-02-10T00:11:22.981+0000] {processor.py:753} INFO - DAG(s) dict_keys(['example_task_group_decorator']) retrieved from /home/airflow/.local/lib/python3.7/site-packages/airflow/example_dags/example_task_group_decorator.py
[2023-02-10T00:11:23.022+0000] {logging_mixin.py:137} INFO - [2023-02-10T00:11:23.022+0000] {dag.py:2690} INFO - Sync 1 DAGs
[2023-02-10T00:11:23.062+0000] {logging_mixin.py:137} INFO - [2023-02-10T00:11:23.062+0000] {dag.py:3441} INFO - Setting next_dagrun for example_task_group_decorator to 2023-02-09T00:11:23.062242+00:00, run_after=2023-02-10T00:11:23.062242+00:00
[2023-02-10T00:11:23.091+0000] {processor.py:175} INFO - Processing /home/airflow/.local/lib/python3.7/site-packages/airflow/example_dags/example_task_group_decorator.py took 0.153 seconds
[2023-02-10T00:11:53.289+0000] {processor.py:153} INFO - Started process (PID=4212) to work on /home/airflow/.local/lib/python3.7/site-packages/airflow/example_dags/example_task_group_decorator.py
[2023-02-10T00:11:53.290+0000] {processor.py:743} INFO - Processing file /home/airflow/.local/lib/python3.7/site-packages/airflow/example_dags/example_task_group_decorator.py for tasks to queue
[2023-02-10T00:11:53.291+0000] {logging_mixin.py:137} INFO - [2023-02-10T00:11:53.291+0000] {dagbag.py:538} INFO - Filling up the DagBag from /home/airflow/.local/lib/python3.7/site-packages/airflow/example_dags/example_task_group_decorator.py
[2023-02-10T00:11:53.327+0000] {processor.py:753} INFO - DAG(s) dict_keys(['example_task_group_decorator']) retrieved from /home/airflow/.local/lib/python3.7/site-packages/airflow/example_dags/example_task_group_decorator.py
[2023-02-10T00:11:53.365+0000] {logging_mixin.py:137} INFO - [2023-02-10T00:11:53.365+0000] {dag.py:2690} INFO - Sync 1 DAGs
[2023-02-10T00:11:53.402+0000] {logging_mixin.py:137} INFO - [2023-02-10T00:11:53.402+0000] {dag.py:3441} INFO - Setting next_dagrun for example_task_group_decorator to 2023-02-09T00:11:53.401949+00:00, run_after=2023-02-10T00:11:53.401949+00:00
[2023-02-10T00:11:53.429+0000] {processor.py:175} INFO - Processing /home/airflow/.local/lib/python3.7/site-packages/airflow/example_dags/example_task_group_decorator.py took 0.143 seconds
[2023-02-10T00:12:24.097+0000] {processor.py:153} INFO - Started process (PID=4294) to work on /home/airflow/.local/lib/python3.7/site-packages/airflow/example_dags/example_task_group_decorator.py
[2023-02-10T00:12:24.098+0000] {processor.py:743} INFO - Processing file /home/airflow/.local/lib/python3.7/site-packages/airflow/example_dags/example_task_group_decorator.py for tasks to queue
[2023-02-10T00:12:24.098+0000] {logging_mixin.py:137} INFO - [2023-02-10T00:12:24.098+0000] {dagbag.py:538} INFO - Filling up the DagBag from /home/airflow/.local/lib/python3.7/site-packages/airflow/example_dags/example_task_group_decorator.py
[2023-02-10T00:12:24.134+0000] {processor.py:753} INFO - DAG(s) dict_keys(['example_task_group_decorator']) retrieved from /home/airflow/.local/lib/python3.7/site-packages/airflow/example_dags/example_task_group_decorator.py
[2023-02-10T00:12:24.170+0000] {logging_mixin.py:137} INFO - [2023-02-10T00:12:24.169+0000] {dag.py:2690} INFO - Sync 1 DAGs
[2023-02-10T00:12:24.209+0000] {logging_mixin.py:137} INFO - [2023-02-10T00:12:24.208+0000] {dag.py:3441} INFO - Setting next_dagrun for example_task_group_decorator to 2023-02-09T00:12:24.208635+00:00, run_after=2023-02-10T00:12:24.208635+00:00
[2023-02-10T00:12:24.235+0000] {processor.py:175} INFO - Processing /home/airflow/.local/lib/python3.7/site-packages/airflow/example_dags/example_task_group_decorator.py took 0.141 seconds
[2023-02-10T00:12:54.536+0000] {processor.py:153} INFO - Started process (PID=4362) to work on /home/airflow/.local/lib/python3.7/site-packages/airflow/example_dags/example_task_group_decorator.py
[2023-02-10T00:12:54.536+0000] {processor.py:743} INFO - Processing file /home/airflow/.local/lib/python3.7/site-packages/airflow/example_dags/example_task_group_decorator.py for tasks to queue
[2023-02-10T00:12:54.537+0000] {logging_mixin.py:137} INFO - [2023-02-10T00:12:54.537+0000] {dagbag.py:538} INFO - Filling up the DagBag from /home/airflow/.local/lib/python3.7/site-packages/airflow/example_dags/example_task_group_decorator.py
[2023-02-10T00:12:54.573+0000] {processor.py:753} INFO - DAG(s) dict_keys(['example_task_group_decorator']) retrieved from /home/airflow/.local/lib/python3.7/site-packages/airflow/example_dags/example_task_group_decorator.py
[2023-02-10T00:12:54.608+0000] {logging_mixin.py:137} INFO - [2023-02-10T00:12:54.608+0000] {dag.py:2690} INFO - Sync 1 DAGs
[2023-02-10T00:12:54.644+0000] {logging_mixin.py:137} INFO - [2023-02-10T00:12:54.643+0000] {dag.py:3441} INFO - Setting next_dagrun for example_task_group_decorator to 2023-02-09T00:12:54.643584+00:00, run_after=2023-02-10T00:12:54.643584+00:00
[2023-02-10T00:12:54.673+0000] {processor.py:175} INFO - Processing /home/airflow/.local/lib/python3.7/site-packages/airflow/example_dags/example_task_group_decorator.py took 0.147 seconds
[2023-02-10T00:13:25.213+0000] {processor.py:153} INFO - Started process (PID=4429) to work on /home/airflow/.local/lib/python3.7/site-packages/airflow/example_dags/example_task_group_decorator.py
[2023-02-10T00:13:25.214+0000] {processor.py:743} INFO - Processing file /home/airflow/.local/lib/python3.7/site-packages/airflow/example_dags/example_task_group_decorator.py for tasks to queue
[2023-02-10T00:13:25.215+0000] {logging_mixin.py:137} INFO - [2023-02-10T00:13:25.215+0000] {dagbag.py:538} INFO - Filling up the DagBag from /home/airflow/.local/lib/python3.7/site-packages/airflow/example_dags/example_task_group_decorator.py
[2023-02-10T00:13:25.255+0000] {processor.py:753} INFO - DAG(s) dict_keys(['example_task_group_decorator']) retrieved from /home/airflow/.local/lib/python3.7/site-packages/airflow/example_dags/example_task_group_decorator.py
[2023-02-10T00:13:25.297+0000] {logging_mixin.py:137} INFO - [2023-02-10T00:13:25.297+0000] {dag.py:2690} INFO - Sync 1 DAGs
[2023-02-10T00:13:25.335+0000] {logging_mixin.py:137} INFO - [2023-02-10T00:13:25.335+0000] {dag.py:3441} INFO - Setting next_dagrun for example_task_group_decorator to 2023-02-09T00:13:25.334784+00:00, run_after=2023-02-10T00:13:25.334784+00:00
[2023-02-10T00:13:25.366+0000] {processor.py:175} INFO - Processing /home/airflow/.local/lib/python3.7/site-packages/airflow/example_dags/example_task_group_decorator.py took 0.156 seconds
