[2023-02-10T00:00:08.914+0000] {processor.py:153} INFO - Started process (PID=2536) to work on /home/airflow/.local/lib/python3.7/site-packages/airflow/example_dags/example_external_task_marker_dag.py
[2023-02-10T00:00:08.914+0000] {processor.py:743} INFO - Processing file /home/airflow/.local/lib/python3.7/site-packages/airflow/example_dags/example_external_task_marker_dag.py for tasks to queue
[2023-02-10T00:00:08.915+0000] {logging_mixin.py:137} INFO - [2023-02-10T00:00:08.915+0000] {dagbag.py:538} INFO - Filling up the DagBag from /home/airflow/.local/lib/python3.7/site-packages/airflow/example_dags/example_external_task_marker_dag.py
[2023-02-10T00:00:08.938+0000] {processor.py:753} INFO - DAG(s) dict_keys(['example_external_task_marker_parent', 'example_external_task_marker_child']) retrieved from /home/airflow/.local/lib/python3.7/site-packages/airflow/example_dags/example_external_task_marker_dag.py
[2023-02-10T00:00:08.974+0000] {logging_mixin.py:137} INFO - [2023-02-10T00:00:08.974+0000] {dag.py:2690} INFO - Sync 2 DAGs
[2023-02-10T00:00:09.013+0000] {logging_mixin.py:137} INFO - [2023-02-10T00:00:09.012+0000] {dag.py:3441} INFO - Setting next_dagrun for example_external_task_marker_child to None, run_after=None
[2023-02-10T00:00:09.018+0000] {logging_mixin.py:137} INFO - [2023-02-10T00:00:09.018+0000] {dag.py:3441} INFO - Setting next_dagrun for example_external_task_marker_parent to None, run_after=None
[2023-02-10T00:00:09.054+0000] {processor.py:175} INFO - Processing /home/airflow/.local/lib/python3.7/site-packages/airflow/example_dags/example_external_task_marker_dag.py took 0.146 seconds
[2023-02-10T00:00:39.238+0000] {processor.py:153} INFO - Started process (PID=2602) to work on /home/airflow/.local/lib/python3.7/site-packages/airflow/example_dags/example_external_task_marker_dag.py
[2023-02-10T00:00:39.239+0000] {processor.py:743} INFO - Processing file /home/airflow/.local/lib/python3.7/site-packages/airflow/example_dags/example_external_task_marker_dag.py for tasks to queue
[2023-02-10T00:00:39.240+0000] {logging_mixin.py:137} INFO - [2023-02-10T00:00:39.240+0000] {dagbag.py:538} INFO - Filling up the DagBag from /home/airflow/.local/lib/python3.7/site-packages/airflow/example_dags/example_external_task_marker_dag.py
[2023-02-10T00:00:39.266+0000] {processor.py:753} INFO - DAG(s) dict_keys(['example_external_task_marker_child', 'example_external_task_marker_parent']) retrieved from /home/airflow/.local/lib/python3.7/site-packages/airflow/example_dags/example_external_task_marker_dag.py
[2023-02-10T00:00:39.310+0000] {logging_mixin.py:137} INFO - [2023-02-10T00:00:39.310+0000] {dag.py:2690} INFO - Sync 2 DAGs
[2023-02-10T00:00:39.353+0000] {logging_mixin.py:137} INFO - [2023-02-10T00:00:39.352+0000] {dag.py:3441} INFO - Setting next_dagrun for example_external_task_marker_child to None, run_after=None
[2023-02-10T00:00:39.359+0000] {logging_mixin.py:137} INFO - [2023-02-10T00:00:39.359+0000] {dag.py:3441} INFO - Setting next_dagrun for example_external_task_marker_parent to None, run_after=None
[2023-02-10T00:00:39.388+0000] {processor.py:175} INFO - Processing /home/airflow/.local/lib/python3.7/site-packages/airflow/example_dags/example_external_task_marker_dag.py took 0.156 seconds
[2023-02-10T00:01:10.028+0000] {processor.py:153} INFO - Started process (PID=2682) to work on /home/airflow/.local/lib/python3.7/site-packages/airflow/example_dags/example_external_task_marker_dag.py
[2023-02-10T00:01:10.034+0000] {processor.py:743} INFO - Processing file /home/airflow/.local/lib/python3.7/site-packages/airflow/example_dags/example_external_task_marker_dag.py for tasks to queue
[2023-02-10T00:01:10.036+0000] {logging_mixin.py:137} INFO - [2023-02-10T00:01:10.035+0000] {dagbag.py:538} INFO - Filling up the DagBag from /home/airflow/.local/lib/python3.7/site-packages/airflow/example_dags/example_external_task_marker_dag.py
[2023-02-10T00:01:10.055+0000] {processor.py:753} INFO - DAG(s) dict_keys(['example_external_task_marker_child', 'example_external_task_marker_parent']) retrieved from /home/airflow/.local/lib/python3.7/site-packages/airflow/example_dags/example_external_task_marker_dag.py
[2023-02-10T00:01:10.090+0000] {logging_mixin.py:137} INFO - [2023-02-10T00:01:10.090+0000] {dag.py:2690} INFO - Sync 2 DAGs
[2023-02-10T00:01:10.169+0000] {logging_mixin.py:137} INFO - [2023-02-10T00:01:10.169+0000] {dag.py:3441} INFO - Setting next_dagrun for example_external_task_marker_child to None, run_after=None
[2023-02-10T00:01:10.178+0000] {logging_mixin.py:137} INFO - [2023-02-10T00:01:10.178+0000] {dag.py:3441} INFO - Setting next_dagrun for example_external_task_marker_parent to None, run_after=None
[2023-02-10T00:01:10.212+0000] {processor.py:175} INFO - Processing /home/airflow/.local/lib/python3.7/site-packages/airflow/example_dags/example_external_task_marker_dag.py took 0.189 seconds
[2023-02-10T00:01:40.402+0000] {processor.py:153} INFO - Started process (PID=2750) to work on /home/airflow/.local/lib/python3.7/site-packages/airflow/example_dags/example_external_task_marker_dag.py
[2023-02-10T00:01:40.404+0000] {processor.py:743} INFO - Processing file /home/airflow/.local/lib/python3.7/site-packages/airflow/example_dags/example_external_task_marker_dag.py for tasks to queue
[2023-02-10T00:01:40.405+0000] {logging_mixin.py:137} INFO - [2023-02-10T00:01:40.404+0000] {dagbag.py:538} INFO - Filling up the DagBag from /home/airflow/.local/lib/python3.7/site-packages/airflow/example_dags/example_external_task_marker_dag.py
[2023-02-10T00:01:40.425+0000] {processor.py:753} INFO - DAG(s) dict_keys(['example_external_task_marker_parent', 'example_external_task_marker_child']) retrieved from /home/airflow/.local/lib/python3.7/site-packages/airflow/example_dags/example_external_task_marker_dag.py
[2023-02-10T00:01:40.482+0000] {logging_mixin.py:137} INFO - [2023-02-10T00:01:40.481+0000] {dag.py:2690} INFO - Sync 2 DAGs
[2023-02-10T00:01:40.535+0000] {logging_mixin.py:137} INFO - [2023-02-10T00:01:40.534+0000] {dag.py:3441} INFO - Setting next_dagrun for example_external_task_marker_child to None, run_after=None
[2023-02-10T00:01:40.544+0000] {logging_mixin.py:137} INFO - [2023-02-10T00:01:40.544+0000] {dag.py:3441} INFO - Setting next_dagrun for example_external_task_marker_parent to None, run_after=None
[2023-02-10T00:01:40.585+0000] {processor.py:175} INFO - Processing /home/airflow/.local/lib/python3.7/site-packages/airflow/example_dags/example_external_task_marker_dag.py took 0.189 seconds
[2023-02-10T00:02:11.039+0000] {processor.py:153} INFO - Started process (PID=2817) to work on /home/airflow/.local/lib/python3.7/site-packages/airflow/example_dags/example_external_task_marker_dag.py
[2023-02-10T00:02:11.040+0000] {processor.py:743} INFO - Processing file /home/airflow/.local/lib/python3.7/site-packages/airflow/example_dags/example_external_task_marker_dag.py for tasks to queue
[2023-02-10T00:02:11.041+0000] {logging_mixin.py:137} INFO - [2023-02-10T00:02:11.040+0000] {dagbag.py:538} INFO - Filling up the DagBag from /home/airflow/.local/lib/python3.7/site-packages/airflow/example_dags/example_external_task_marker_dag.py
[2023-02-10T00:02:11.059+0000] {processor.py:753} INFO - DAG(s) dict_keys(['example_external_task_marker_child', 'example_external_task_marker_parent']) retrieved from /home/airflow/.local/lib/python3.7/site-packages/airflow/example_dags/example_external_task_marker_dag.py
[2023-02-10T00:02:11.098+0000] {logging_mixin.py:137} INFO - [2023-02-10T00:02:11.098+0000] {dag.py:2690} INFO - Sync 2 DAGs
[2023-02-10T00:02:11.137+0000] {logging_mixin.py:137} INFO - [2023-02-10T00:02:11.136+0000] {dag.py:3441} INFO - Setting next_dagrun for example_external_task_marker_child to None, run_after=None
[2023-02-10T00:02:11.142+0000] {logging_mixin.py:137} INFO - [2023-02-10T00:02:11.142+0000] {dag.py:3441} INFO - Setting next_dagrun for example_external_task_marker_parent to None, run_after=None
[2023-02-10T00:02:11.183+0000] {processor.py:175} INFO - Processing /home/airflow/.local/lib/python3.7/site-packages/airflow/example_dags/example_external_task_marker_dag.py took 0.149 seconds
[2023-02-10T00:02:41.395+0000] {processor.py:153} INFO - Started process (PID=2895) to work on /home/airflow/.local/lib/python3.7/site-packages/airflow/example_dags/example_external_task_marker_dag.py
[2023-02-10T00:02:41.396+0000] {processor.py:743} INFO - Processing file /home/airflow/.local/lib/python3.7/site-packages/airflow/example_dags/example_external_task_marker_dag.py for tasks to queue
[2023-02-10T00:02:41.397+0000] {logging_mixin.py:137} INFO - [2023-02-10T00:02:41.397+0000] {dagbag.py:538} INFO - Filling up the DagBag from /home/airflow/.local/lib/python3.7/site-packages/airflow/example_dags/example_external_task_marker_dag.py
[2023-02-10T00:02:41.417+0000] {processor.py:753} INFO - DAG(s) dict_keys(['example_external_task_marker_child', 'example_external_task_marker_parent']) retrieved from /home/airflow/.local/lib/python3.7/site-packages/airflow/example_dags/example_external_task_marker_dag.py
[2023-02-10T00:02:41.505+0000] {logging_mixin.py:137} INFO - [2023-02-10T00:02:41.503+0000] {dag.py:2690} INFO - Sync 2 DAGs
[2023-02-10T00:02:41.599+0000] {logging_mixin.py:137} INFO - [2023-02-10T00:02:41.598+0000] {dag.py:3441} INFO - Setting next_dagrun for example_external_task_marker_child to None, run_after=None
[2023-02-10T00:02:41.604+0000] {logging_mixin.py:137} INFO - [2023-02-10T00:02:41.604+0000] {dag.py:3441} INFO - Setting next_dagrun for example_external_task_marker_parent to None, run_after=None
[2023-02-10T00:02:41.634+0000] {processor.py:175} INFO - Processing /home/airflow/.local/lib/python3.7/site-packages/airflow/example_dags/example_external_task_marker_dag.py took 0.246 seconds
[2023-02-10T00:03:11.922+0000] {processor.py:153} INFO - Started process (PID=2969) to work on /home/airflow/.local/lib/python3.7/site-packages/airflow/example_dags/example_external_task_marker_dag.py
[2023-02-10T00:03:11.924+0000] {processor.py:743} INFO - Processing file /home/airflow/.local/lib/python3.7/site-packages/airflow/example_dags/example_external_task_marker_dag.py for tasks to queue
[2023-02-10T00:03:11.926+0000] {logging_mixin.py:137} INFO - [2023-02-10T00:03:11.925+0000] {dagbag.py:538} INFO - Filling up the DagBag from /home/airflow/.local/lib/python3.7/site-packages/airflow/example_dags/example_external_task_marker_dag.py
[2023-02-10T00:03:11.951+0000] {processor.py:753} INFO - DAG(s) dict_keys(['example_external_task_marker_parent', 'example_external_task_marker_child']) retrieved from /home/airflow/.local/lib/python3.7/site-packages/airflow/example_dags/example_external_task_marker_dag.py
[2023-02-10T00:03:11.992+0000] {logging_mixin.py:137} INFO - [2023-02-10T00:03:11.992+0000] {dag.py:2690} INFO - Sync 2 DAGs
[2023-02-10T00:03:12.031+0000] {logging_mixin.py:137} INFO - [2023-02-10T00:03:12.030+0000] {dag.py:3441} INFO - Setting next_dagrun for example_external_task_marker_child to None, run_after=None
[2023-02-10T00:03:12.037+0000] {logging_mixin.py:137} INFO - [2023-02-10T00:03:12.037+0000] {dag.py:3441} INFO - Setting next_dagrun for example_external_task_marker_parent to None, run_after=None
[2023-02-10T00:03:12.076+0000] {processor.py:175} INFO - Processing /home/airflow/.local/lib/python3.7/site-packages/airflow/example_dags/example_external_task_marker_dag.py took 0.158 seconds
[2023-02-10T00:03:42.337+0000] {processor.py:153} INFO - Started process (PID=3037) to work on /home/airflow/.local/lib/python3.7/site-packages/airflow/example_dags/example_external_task_marker_dag.py
[2023-02-10T00:03:42.338+0000] {processor.py:743} INFO - Processing file /home/airflow/.local/lib/python3.7/site-packages/airflow/example_dags/example_external_task_marker_dag.py for tasks to queue
[2023-02-10T00:03:42.339+0000] {logging_mixin.py:137} INFO - [2023-02-10T00:03:42.339+0000] {dagbag.py:538} INFO - Filling up the DagBag from /home/airflow/.local/lib/python3.7/site-packages/airflow/example_dags/example_external_task_marker_dag.py
[2023-02-10T00:03:42.365+0000] {processor.py:753} INFO - DAG(s) dict_keys(['example_external_task_marker_parent', 'example_external_task_marker_child']) retrieved from /home/airflow/.local/lib/python3.7/site-packages/airflow/example_dags/example_external_task_marker_dag.py
[2023-02-10T00:03:42.405+0000] {logging_mixin.py:137} INFO - [2023-02-10T00:03:42.405+0000] {dag.py:2690} INFO - Sync 2 DAGs
[2023-02-10T00:03:42.446+0000] {logging_mixin.py:137} INFO - [2023-02-10T00:03:42.446+0000] {dag.py:3441} INFO - Setting next_dagrun for example_external_task_marker_child to None, run_after=None
[2023-02-10T00:03:42.452+0000] {logging_mixin.py:137} INFO - [2023-02-10T00:03:42.451+0000] {dag.py:3441} INFO - Setting next_dagrun for example_external_task_marker_parent to None, run_after=None
[2023-02-10T00:03:42.490+0000] {processor.py:175} INFO - Processing /home/airflow/.local/lib/python3.7/site-packages/airflow/example_dags/example_external_task_marker_dag.py took 0.158 seconds
[2023-02-10T00:04:12.774+0000] {processor.py:153} INFO - Started process (PID=3114) to work on /home/airflow/.local/lib/python3.7/site-packages/airflow/example_dags/example_external_task_marker_dag.py
[2023-02-10T00:04:12.781+0000] {processor.py:743} INFO - Processing file /home/airflow/.local/lib/python3.7/site-packages/airflow/example_dags/example_external_task_marker_dag.py for tasks to queue
[2023-02-10T00:04:12.782+0000] {logging_mixin.py:137} INFO - [2023-02-10T00:04:12.782+0000] {dagbag.py:538} INFO - Filling up the DagBag from /home/airflow/.local/lib/python3.7/site-packages/airflow/example_dags/example_external_task_marker_dag.py
[2023-02-10T00:04:12.798+0000] {processor.py:753} INFO - DAG(s) dict_keys(['example_external_task_marker_parent', 'example_external_task_marker_child']) retrieved from /home/airflow/.local/lib/python3.7/site-packages/airflow/example_dags/example_external_task_marker_dag.py
[2023-02-10T00:04:12.832+0000] {logging_mixin.py:137} INFO - [2023-02-10T00:04:12.831+0000] {dag.py:2690} INFO - Sync 2 DAGs
[2023-02-10T00:04:12.867+0000] {logging_mixin.py:137} INFO - [2023-02-10T00:04:12.867+0000] {dag.py:3441} INFO - Setting next_dagrun for example_external_task_marker_child to None, run_after=None
[2023-02-10T00:04:12.872+0000] {logging_mixin.py:137} INFO - [2023-02-10T00:04:12.872+0000] {dag.py:3441} INFO - Setting next_dagrun for example_external_task_marker_parent to None, run_after=None
[2023-02-10T00:04:12.896+0000] {processor.py:175} INFO - Processing /home/airflow/.local/lib/python3.7/site-packages/airflow/example_dags/example_external_task_marker_dag.py took 0.125 seconds
[2023-02-10T00:04:43.428+0000] {processor.py:153} INFO - Started process (PID=3187) to work on /home/airflow/.local/lib/python3.7/site-packages/airflow/example_dags/example_external_task_marker_dag.py
[2023-02-10T00:04:43.432+0000] {processor.py:743} INFO - Processing file /home/airflow/.local/lib/python3.7/site-packages/airflow/example_dags/example_external_task_marker_dag.py for tasks to queue
[2023-02-10T00:04:43.433+0000] {logging_mixin.py:137} INFO - [2023-02-10T00:04:43.433+0000] {dagbag.py:538} INFO - Filling up the DagBag from /home/airflow/.local/lib/python3.7/site-packages/airflow/example_dags/example_external_task_marker_dag.py
[2023-02-10T00:04:43.461+0000] {processor.py:753} INFO - DAG(s) dict_keys(['example_external_task_marker_child', 'example_external_task_marker_parent']) retrieved from /home/airflow/.local/lib/python3.7/site-packages/airflow/example_dags/example_external_task_marker_dag.py
[2023-02-10T00:04:43.502+0000] {logging_mixin.py:137} INFO - [2023-02-10T00:04:43.502+0000] {dag.py:2690} INFO - Sync 2 DAGs
[2023-02-10T00:04:43.542+0000] {logging_mixin.py:137} INFO - [2023-02-10T00:04:43.541+0000] {dag.py:3441} INFO - Setting next_dagrun for example_external_task_marker_child to None, run_after=None
[2023-02-10T00:04:43.550+0000] {logging_mixin.py:137} INFO - [2023-02-10T00:04:43.550+0000] {dag.py:3441} INFO - Setting next_dagrun for example_external_task_marker_parent to None, run_after=None
[2023-02-10T00:04:43.589+0000] {processor.py:175} INFO - Processing /home/airflow/.local/lib/python3.7/site-packages/airflow/example_dags/example_external_task_marker_dag.py took 0.166 seconds
[2023-02-10T00:05:13.962+0000] {processor.py:153} INFO - Started process (PID=3253) to work on /home/airflow/.local/lib/python3.7/site-packages/airflow/example_dags/example_external_task_marker_dag.py
[2023-02-10T00:05:13.967+0000] {processor.py:743} INFO - Processing file /home/airflow/.local/lib/python3.7/site-packages/airflow/example_dags/example_external_task_marker_dag.py for tasks to queue
[2023-02-10T00:05:13.968+0000] {logging_mixin.py:137} INFO - [2023-02-10T00:05:13.968+0000] {dagbag.py:538} INFO - Filling up the DagBag from /home/airflow/.local/lib/python3.7/site-packages/airflow/example_dags/example_external_task_marker_dag.py
[2023-02-10T00:05:14.016+0000] {processor.py:753} INFO - DAG(s) dict_keys(['example_external_task_marker_child', 'example_external_task_marker_parent']) retrieved from /home/airflow/.local/lib/python3.7/site-packages/airflow/example_dags/example_external_task_marker_dag.py
[2023-02-10T00:05:14.087+0000] {logging_mixin.py:137} INFO - [2023-02-10T00:05:14.087+0000] {dag.py:2690} INFO - Sync 2 DAGs
[2023-02-10T00:05:14.128+0000] {logging_mixin.py:137} INFO - [2023-02-10T00:05:14.128+0000] {dag.py:3441} INFO - Setting next_dagrun for example_external_task_marker_child to None, run_after=None
[2023-02-10T00:05:14.133+0000] {logging_mixin.py:137} INFO - [2023-02-10T00:05:14.133+0000] {dag.py:3441} INFO - Setting next_dagrun for example_external_task_marker_parent to None, run_after=None
[2023-02-10T00:05:14.164+0000] {processor.py:175} INFO - Processing /home/airflow/.local/lib/python3.7/site-packages/airflow/example_dags/example_external_task_marker_dag.py took 0.208 seconds
[2023-02-10T00:05:44.611+0000] {processor.py:153} INFO - Started process (PID=3332) to work on /home/airflow/.local/lib/python3.7/site-packages/airflow/example_dags/example_external_task_marker_dag.py
[2023-02-10T00:05:44.611+0000] {processor.py:743} INFO - Processing file /home/airflow/.local/lib/python3.7/site-packages/airflow/example_dags/example_external_task_marker_dag.py for tasks to queue
[2023-02-10T00:05:44.612+0000] {logging_mixin.py:137} INFO - [2023-02-10T00:05:44.612+0000] {dagbag.py:538} INFO - Filling up the DagBag from /home/airflow/.local/lib/python3.7/site-packages/airflow/example_dags/example_external_task_marker_dag.py
[2023-02-10T00:05:44.628+0000] {processor.py:753} INFO - DAG(s) dict_keys(['example_external_task_marker_child', 'example_external_task_marker_parent']) retrieved from /home/airflow/.local/lib/python3.7/site-packages/airflow/example_dags/example_external_task_marker_dag.py
[2023-02-10T00:05:44.670+0000] {logging_mixin.py:137} INFO - [2023-02-10T00:05:44.670+0000] {dag.py:2690} INFO - Sync 2 DAGs
[2023-02-10T00:05:44.731+0000] {logging_mixin.py:137} INFO - [2023-02-10T00:05:44.731+0000] {dag.py:3441} INFO - Setting next_dagrun for example_external_task_marker_child to None, run_after=None
[2023-02-10T00:05:44.738+0000] {logging_mixin.py:137} INFO - [2023-02-10T00:05:44.738+0000] {dag.py:3441} INFO - Setting next_dagrun for example_external_task_marker_parent to None, run_after=None
[2023-02-10T00:05:44.771+0000] {processor.py:175} INFO - Processing /home/airflow/.local/lib/python3.7/site-packages/airflow/example_dags/example_external_task_marker_dag.py took 0.164 seconds
[2023-02-10T00:06:15.518+0000] {processor.py:153} INFO - Started process (PID=3406) to work on /home/airflow/.local/lib/python3.7/site-packages/airflow/example_dags/example_external_task_marker_dag.py
[2023-02-10T00:06:15.521+0000] {processor.py:743} INFO - Processing file /home/airflow/.local/lib/python3.7/site-packages/airflow/example_dags/example_external_task_marker_dag.py for tasks to queue
[2023-02-10T00:06:15.522+0000] {logging_mixin.py:137} INFO - [2023-02-10T00:06:15.521+0000] {dagbag.py:538} INFO - Filling up the DagBag from /home/airflow/.local/lib/python3.7/site-packages/airflow/example_dags/example_external_task_marker_dag.py
[2023-02-10T00:06:15.545+0000] {processor.py:753} INFO - DAG(s) dict_keys(['example_external_task_marker_parent', 'example_external_task_marker_child']) retrieved from /home/airflow/.local/lib/python3.7/site-packages/airflow/example_dags/example_external_task_marker_dag.py
[2023-02-10T00:06:15.594+0000] {logging_mixin.py:137} INFO - [2023-02-10T00:06:15.594+0000] {dag.py:2690} INFO - Sync 2 DAGs
[2023-02-10T00:06:15.640+0000] {logging_mixin.py:137} INFO - [2023-02-10T00:06:15.640+0000] {dag.py:3441} INFO - Setting next_dagrun for example_external_task_marker_child to None, run_after=None
[2023-02-10T00:06:15.647+0000] {logging_mixin.py:137} INFO - [2023-02-10T00:06:15.647+0000] {dag.py:3441} INFO - Setting next_dagrun for example_external_task_marker_parent to None, run_after=None
[2023-02-10T00:06:15.681+0000] {processor.py:175} INFO - Processing /home/airflow/.local/lib/python3.7/site-packages/airflow/example_dags/example_external_task_marker_dag.py took 0.168 seconds
[2023-02-10T00:06:46.472+0000] {processor.py:153} INFO - Started process (PID=3475) to work on /home/airflow/.local/lib/python3.7/site-packages/airflow/example_dags/example_external_task_marker_dag.py
[2023-02-10T00:06:46.474+0000] {processor.py:743} INFO - Processing file /home/airflow/.local/lib/python3.7/site-packages/airflow/example_dags/example_external_task_marker_dag.py for tasks to queue
[2023-02-10T00:06:46.475+0000] {logging_mixin.py:137} INFO - [2023-02-10T00:06:46.475+0000] {dagbag.py:538} INFO - Filling up the DagBag from /home/airflow/.local/lib/python3.7/site-packages/airflow/example_dags/example_external_task_marker_dag.py
[2023-02-10T00:06:46.503+0000] {processor.py:753} INFO - DAG(s) dict_keys(['example_external_task_marker_parent', 'example_external_task_marker_child']) retrieved from /home/airflow/.local/lib/python3.7/site-packages/airflow/example_dags/example_external_task_marker_dag.py
[2023-02-10T00:06:46.546+0000] {logging_mixin.py:137} INFO - [2023-02-10T00:06:46.546+0000] {dag.py:2690} INFO - Sync 2 DAGs
[2023-02-10T00:06:46.586+0000] {logging_mixin.py:137} INFO - [2023-02-10T00:06:46.585+0000] {dag.py:3441} INFO - Setting next_dagrun for example_external_task_marker_child to None, run_after=None
[2023-02-10T00:06:46.591+0000] {logging_mixin.py:137} INFO - [2023-02-10T00:06:46.591+0000] {dag.py:3441} INFO - Setting next_dagrun for example_external_task_marker_parent to None, run_after=None
[2023-02-10T00:06:46.618+0000] {processor.py:175} INFO - Processing /home/airflow/.local/lib/python3.7/site-packages/airflow/example_dags/example_external_task_marker_dag.py took 0.151 seconds
[2023-02-10T00:07:17.056+0000] {processor.py:153} INFO - Started process (PID=3553) to work on /home/airflow/.local/lib/python3.7/site-packages/airflow/example_dags/example_external_task_marker_dag.py
[2023-02-10T00:07:17.058+0000] {processor.py:743} INFO - Processing file /home/airflow/.local/lib/python3.7/site-packages/airflow/example_dags/example_external_task_marker_dag.py for tasks to queue
[2023-02-10T00:07:17.059+0000] {logging_mixin.py:137} INFO - [2023-02-10T00:07:17.059+0000] {dagbag.py:538} INFO - Filling up the DagBag from /home/airflow/.local/lib/python3.7/site-packages/airflow/example_dags/example_external_task_marker_dag.py
[2023-02-10T00:07:17.085+0000] {processor.py:753} INFO - DAG(s) dict_keys(['example_external_task_marker_child', 'example_external_task_marker_parent']) retrieved from /home/airflow/.local/lib/python3.7/site-packages/airflow/example_dags/example_external_task_marker_dag.py
[2023-02-10T00:07:17.130+0000] {logging_mixin.py:137} INFO - [2023-02-10T00:07:17.130+0000] {dag.py:2690} INFO - Sync 2 DAGs
[2023-02-10T00:07:17.176+0000] {logging_mixin.py:137} INFO - [2023-02-10T00:07:17.176+0000] {dag.py:3441} INFO - Setting next_dagrun for example_external_task_marker_child to None, run_after=None
[2023-02-10T00:07:17.182+0000] {logging_mixin.py:137} INFO - [2023-02-10T00:07:17.181+0000] {dag.py:3441} INFO - Setting next_dagrun for example_external_task_marker_parent to None, run_after=None
[2023-02-10T00:07:17.210+0000] {processor.py:175} INFO - Processing /home/airflow/.local/lib/python3.7/site-packages/airflow/example_dags/example_external_task_marker_dag.py took 0.160 seconds
[2023-02-10T00:07:47.892+0000] {processor.py:153} INFO - Started process (PID=3626) to work on /home/airflow/.local/lib/python3.7/site-packages/airflow/example_dags/example_external_task_marker_dag.py
[2023-02-10T00:07:47.892+0000] {processor.py:743} INFO - Processing file /home/airflow/.local/lib/python3.7/site-packages/airflow/example_dags/example_external_task_marker_dag.py for tasks to queue
[2023-02-10T00:07:47.893+0000] {logging_mixin.py:137} INFO - [2023-02-10T00:07:47.893+0000] {dagbag.py:538} INFO - Filling up the DagBag from /home/airflow/.local/lib/python3.7/site-packages/airflow/example_dags/example_external_task_marker_dag.py
[2023-02-10T00:07:47.908+0000] {processor.py:753} INFO - DAG(s) dict_keys(['example_external_task_marker_parent', 'example_external_task_marker_child']) retrieved from /home/airflow/.local/lib/python3.7/site-packages/airflow/example_dags/example_external_task_marker_dag.py
[2023-02-10T00:07:47.950+0000] {logging_mixin.py:137} INFO - [2023-02-10T00:07:47.949+0000] {dag.py:2690} INFO - Sync 2 DAGs
[2023-02-10T00:07:47.986+0000] {logging_mixin.py:137} INFO - [2023-02-10T00:07:47.986+0000] {dag.py:3441} INFO - Setting next_dagrun for example_external_task_marker_child to None, run_after=None
[2023-02-10T00:07:47.991+0000] {logging_mixin.py:137} INFO - [2023-02-10T00:07:47.991+0000] {dag.py:3441} INFO - Setting next_dagrun for example_external_task_marker_parent to None, run_after=None
[2023-02-10T00:07:48.016+0000] {processor.py:175} INFO - Processing /home/airflow/.local/lib/python3.7/site-packages/airflow/example_dags/example_external_task_marker_dag.py took 0.128 seconds
[2023-02-10T00:08:18.121+0000] {processor.py:153} INFO - Started process (PID=3694) to work on /home/airflow/.local/lib/python3.7/site-packages/airflow/example_dags/example_external_task_marker_dag.py
[2023-02-10T00:08:18.124+0000] {processor.py:743} INFO - Processing file /home/airflow/.local/lib/python3.7/site-packages/airflow/example_dags/example_external_task_marker_dag.py for tasks to queue
[2023-02-10T00:08:18.125+0000] {logging_mixin.py:137} INFO - [2023-02-10T00:08:18.125+0000] {dagbag.py:538} INFO - Filling up the DagBag from /home/airflow/.local/lib/python3.7/site-packages/airflow/example_dags/example_external_task_marker_dag.py
[2023-02-10T00:08:18.154+0000] {processor.py:753} INFO - DAG(s) dict_keys(['example_external_task_marker_child', 'example_external_task_marker_parent']) retrieved from /home/airflow/.local/lib/python3.7/site-packages/airflow/example_dags/example_external_task_marker_dag.py
[2023-02-10T00:08:18.195+0000] {logging_mixin.py:137} INFO - [2023-02-10T00:08:18.195+0000] {dag.py:2690} INFO - Sync 2 DAGs
[2023-02-10T00:08:18.234+0000] {logging_mixin.py:137} INFO - [2023-02-10T00:08:18.233+0000] {dag.py:3441} INFO - Setting next_dagrun for example_external_task_marker_child to None, run_after=None
[2023-02-10T00:08:18.239+0000] {logging_mixin.py:137} INFO - [2023-02-10T00:08:18.239+0000] {dag.py:3441} INFO - Setting next_dagrun for example_external_task_marker_parent to None, run_after=None
[2023-02-10T00:08:18.266+0000] {processor.py:175} INFO - Processing /home/airflow/.local/lib/python3.7/site-packages/airflow/example_dags/example_external_task_marker_dag.py took 0.151 seconds
[2023-02-10T00:08:48.639+0000] {processor.py:153} INFO - Started process (PID=3762) to work on /home/airflow/.local/lib/python3.7/site-packages/airflow/example_dags/example_external_task_marker_dag.py
[2023-02-10T00:08:48.641+0000] {processor.py:743} INFO - Processing file /home/airflow/.local/lib/python3.7/site-packages/airflow/example_dags/example_external_task_marker_dag.py for tasks to queue
[2023-02-10T00:08:48.642+0000] {logging_mixin.py:137} INFO - [2023-02-10T00:08:48.642+0000] {dagbag.py:538} INFO - Filling up the DagBag from /home/airflow/.local/lib/python3.7/site-packages/airflow/example_dags/example_external_task_marker_dag.py
[2023-02-10T00:08:48.687+0000] {processor.py:753} INFO - DAG(s) dict_keys(['example_external_task_marker_parent', 'example_external_task_marker_child']) retrieved from /home/airflow/.local/lib/python3.7/site-packages/airflow/example_dags/example_external_task_marker_dag.py
[2023-02-10T00:08:48.746+0000] {logging_mixin.py:137} INFO - [2023-02-10T00:08:48.745+0000] {dag.py:2690} INFO - Sync 2 DAGs
[2023-02-10T00:08:48.799+0000] {logging_mixin.py:137} INFO - [2023-02-10T00:08:48.799+0000] {dag.py:3441} INFO - Setting next_dagrun for example_external_task_marker_child to None, run_after=None
[2023-02-10T00:08:48.806+0000] {logging_mixin.py:137} INFO - [2023-02-10T00:08:48.806+0000] {dag.py:3441} INFO - Setting next_dagrun for example_external_task_marker_parent to None, run_after=None
[2023-02-10T00:08:48.831+0000] {processor.py:175} INFO - Processing /home/airflow/.local/lib/python3.7/site-packages/airflow/example_dags/example_external_task_marker_dag.py took 0.198 seconds
[2023-02-10T00:09:19.436+0000] {processor.py:153} INFO - Started process (PID=3844) to work on /home/airflow/.local/lib/python3.7/site-packages/airflow/example_dags/example_external_task_marker_dag.py
[2023-02-10T00:09:19.437+0000] {processor.py:743} INFO - Processing file /home/airflow/.local/lib/python3.7/site-packages/airflow/example_dags/example_external_task_marker_dag.py for tasks to queue
[2023-02-10T00:09:19.438+0000] {logging_mixin.py:137} INFO - [2023-02-10T00:09:19.438+0000] {dagbag.py:538} INFO - Filling up the DagBag from /home/airflow/.local/lib/python3.7/site-packages/airflow/example_dags/example_external_task_marker_dag.py
[2023-02-10T00:09:19.465+0000] {processor.py:753} INFO - DAG(s) dict_keys(['example_external_task_marker_parent', 'example_external_task_marker_child']) retrieved from /home/airflow/.local/lib/python3.7/site-packages/airflow/example_dags/example_external_task_marker_dag.py
[2023-02-10T00:09:19.508+0000] {logging_mixin.py:137} INFO - [2023-02-10T00:09:19.507+0000] {dag.py:2690} INFO - Sync 2 DAGs
[2023-02-10T00:09:19.548+0000] {logging_mixin.py:137} INFO - [2023-02-10T00:09:19.547+0000] {dag.py:3441} INFO - Setting next_dagrun for example_external_task_marker_child to None, run_after=None
[2023-02-10T00:09:19.554+0000] {logging_mixin.py:137} INFO - [2023-02-10T00:09:19.554+0000] {dag.py:3441} INFO - Setting next_dagrun for example_external_task_marker_parent to None, run_after=None
[2023-02-10T00:09:19.580+0000] {processor.py:175} INFO - Processing /home/airflow/.local/lib/python3.7/site-packages/airflow/example_dags/example_external_task_marker_dag.py took 0.149 seconds
[2023-02-10T00:09:49.824+0000] {processor.py:153} INFO - Started process (PID=3911) to work on /home/airflow/.local/lib/python3.7/site-packages/airflow/example_dags/example_external_task_marker_dag.py
[2023-02-10T00:09:49.825+0000] {processor.py:743} INFO - Processing file /home/airflow/.local/lib/python3.7/site-packages/airflow/example_dags/example_external_task_marker_dag.py for tasks to queue
[2023-02-10T00:09:49.826+0000] {logging_mixin.py:137} INFO - [2023-02-10T00:09:49.826+0000] {dagbag.py:538} INFO - Filling up the DagBag from /home/airflow/.local/lib/python3.7/site-packages/airflow/example_dags/example_external_task_marker_dag.py
[2023-02-10T00:09:49.844+0000] {processor.py:753} INFO - DAG(s) dict_keys(['example_external_task_marker_child', 'example_external_task_marker_parent']) retrieved from /home/airflow/.local/lib/python3.7/site-packages/airflow/example_dags/example_external_task_marker_dag.py
[2023-02-10T00:09:49.880+0000] {logging_mixin.py:137} INFO - [2023-02-10T00:09:49.880+0000] {dag.py:2690} INFO - Sync 2 DAGs
[2023-02-10T00:09:49.915+0000] {logging_mixin.py:137} INFO - [2023-02-10T00:09:49.915+0000] {dag.py:3441} INFO - Setting next_dagrun for example_external_task_marker_child to None, run_after=None
[2023-02-10T00:09:49.920+0000] {logging_mixin.py:137} INFO - [2023-02-10T00:09:49.920+0000] {dag.py:3441} INFO - Setting next_dagrun for example_external_task_marker_parent to None, run_after=None
[2023-02-10T00:09:49.955+0000] {processor.py:175} INFO - Processing /home/airflow/.local/lib/python3.7/site-packages/airflow/example_dags/example_external_task_marker_dag.py took 0.135 seconds
[2023-02-10T00:10:20.088+0000] {processor.py:153} INFO - Started process (PID=3980) to work on /home/airflow/.local/lib/python3.7/site-packages/airflow/example_dags/example_external_task_marker_dag.py
[2023-02-10T00:10:20.089+0000] {processor.py:743} INFO - Processing file /home/airflow/.local/lib/python3.7/site-packages/airflow/example_dags/example_external_task_marker_dag.py for tasks to queue
[2023-02-10T00:10:20.090+0000] {logging_mixin.py:137} INFO - [2023-02-10T00:10:20.090+0000] {dagbag.py:538} INFO - Filling up the DagBag from /home/airflow/.local/lib/python3.7/site-packages/airflow/example_dags/example_external_task_marker_dag.py
[2023-02-10T00:10:20.117+0000] {processor.py:753} INFO - DAG(s) dict_keys(['example_external_task_marker_child', 'example_external_task_marker_parent']) retrieved from /home/airflow/.local/lib/python3.7/site-packages/airflow/example_dags/example_external_task_marker_dag.py
[2023-02-10T00:10:20.163+0000] {logging_mixin.py:137} INFO - [2023-02-10T00:10:20.163+0000] {dag.py:2690} INFO - Sync 2 DAGs
[2023-02-10T00:10:20.217+0000] {logging_mixin.py:137} INFO - [2023-02-10T00:10:20.216+0000] {dag.py:3441} INFO - Setting next_dagrun for example_external_task_marker_child to None, run_after=None
[2023-02-10T00:10:20.223+0000] {logging_mixin.py:137} INFO - [2023-02-10T00:10:20.222+0000] {dag.py:3441} INFO - Setting next_dagrun for example_external_task_marker_parent to None, run_after=None
[2023-02-10T00:10:20.254+0000] {processor.py:175} INFO - Processing /home/airflow/.local/lib/python3.7/site-packages/airflow/example_dags/example_external_task_marker_dag.py took 0.171 seconds
[2023-02-10T00:10:51.009+0000] {processor.py:153} INFO - Started process (PID=4062) to work on /home/airflow/.local/lib/python3.7/site-packages/airflow/example_dags/example_external_task_marker_dag.py
[2023-02-10T00:10:51.016+0000] {processor.py:743} INFO - Processing file /home/airflow/.local/lib/python3.7/site-packages/airflow/example_dags/example_external_task_marker_dag.py for tasks to queue
[2023-02-10T00:10:51.018+0000] {logging_mixin.py:137} INFO - [2023-02-10T00:10:51.017+0000] {dagbag.py:538} INFO - Filling up the DagBag from /home/airflow/.local/lib/python3.7/site-packages/airflow/example_dags/example_external_task_marker_dag.py
[2023-02-10T00:10:51.033+0000] {processor.py:753} INFO - DAG(s) dict_keys(['example_external_task_marker_parent', 'example_external_task_marker_child']) retrieved from /home/airflow/.local/lib/python3.7/site-packages/airflow/example_dags/example_external_task_marker_dag.py
[2023-02-10T00:10:51.069+0000] {logging_mixin.py:137} INFO - [2023-02-10T00:10:51.069+0000] {dag.py:2690} INFO - Sync 2 DAGs
[2023-02-10T00:10:51.107+0000] {logging_mixin.py:137} INFO - [2023-02-10T00:10:51.106+0000] {dag.py:3441} INFO - Setting next_dagrun for example_external_task_marker_child to None, run_after=None
[2023-02-10T00:10:51.114+0000] {logging_mixin.py:137} INFO - [2023-02-10T00:10:51.114+0000] {dag.py:3441} INFO - Setting next_dagrun for example_external_task_marker_parent to None, run_after=None
[2023-02-10T00:10:51.162+0000] {processor.py:175} INFO - Processing /home/airflow/.local/lib/python3.7/site-packages/airflow/example_dags/example_external_task_marker_dag.py took 0.156 seconds
[2023-02-10T00:11:21.816+0000] {processor.py:153} INFO - Started process (PID=4129) to work on /home/airflow/.local/lib/python3.7/site-packages/airflow/example_dags/example_external_task_marker_dag.py
[2023-02-10T00:11:21.816+0000] {processor.py:743} INFO - Processing file /home/airflow/.local/lib/python3.7/site-packages/airflow/example_dags/example_external_task_marker_dag.py for tasks to queue
[2023-02-10T00:11:21.817+0000] {logging_mixin.py:137} INFO - [2023-02-10T00:11:21.817+0000] {dagbag.py:538} INFO - Filling up the DagBag from /home/airflow/.local/lib/python3.7/site-packages/airflow/example_dags/example_external_task_marker_dag.py
[2023-02-10T00:11:21.834+0000] {processor.py:753} INFO - DAG(s) dict_keys(['example_external_task_marker_child', 'example_external_task_marker_parent']) retrieved from /home/airflow/.local/lib/python3.7/site-packages/airflow/example_dags/example_external_task_marker_dag.py
[2023-02-10T00:11:21.868+0000] {logging_mixin.py:137} INFO - [2023-02-10T00:11:21.868+0000] {dag.py:2690} INFO - Sync 2 DAGs
[2023-02-10T00:11:21.904+0000] {logging_mixin.py:137} INFO - [2023-02-10T00:11:21.903+0000] {dag.py:3441} INFO - Setting next_dagrun for example_external_task_marker_child to None, run_after=None
[2023-02-10T00:11:21.908+0000] {logging_mixin.py:137} INFO - [2023-02-10T00:11:21.908+0000] {dag.py:3441} INFO - Setting next_dagrun for example_external_task_marker_parent to None, run_after=None
[2023-02-10T00:11:21.933+0000] {processor.py:175} INFO - Processing /home/airflow/.local/lib/python3.7/site-packages/airflow/example_dags/example_external_task_marker_dag.py took 0.121 seconds
[2023-02-10T00:11:52.052+0000] {processor.py:153} INFO - Started process (PID=4198) to work on /home/airflow/.local/lib/python3.7/site-packages/airflow/example_dags/example_external_task_marker_dag.py
[2023-02-10T00:11:52.053+0000] {processor.py:743} INFO - Processing file /home/airflow/.local/lib/python3.7/site-packages/airflow/example_dags/example_external_task_marker_dag.py for tasks to queue
[2023-02-10T00:11:52.054+0000] {logging_mixin.py:137} INFO - [2023-02-10T00:11:52.054+0000] {dagbag.py:538} INFO - Filling up the DagBag from /home/airflow/.local/lib/python3.7/site-packages/airflow/example_dags/example_external_task_marker_dag.py
[2023-02-10T00:11:52.072+0000] {processor.py:753} INFO - DAG(s) dict_keys(['example_external_task_marker_child', 'example_external_task_marker_parent']) retrieved from /home/airflow/.local/lib/python3.7/site-packages/airflow/example_dags/example_external_task_marker_dag.py
[2023-02-10T00:11:52.118+0000] {logging_mixin.py:137} INFO - [2023-02-10T00:11:52.117+0000] {dag.py:2690} INFO - Sync 2 DAGs
[2023-02-10T00:11:52.160+0000] {logging_mixin.py:137} INFO - [2023-02-10T00:11:52.160+0000] {dag.py:3441} INFO - Setting next_dagrun for example_external_task_marker_child to None, run_after=None
[2023-02-10T00:11:52.166+0000] {logging_mixin.py:137} INFO - [2023-02-10T00:11:52.166+0000] {dag.py:3441} INFO - Setting next_dagrun for example_external_task_marker_parent to None, run_after=None
[2023-02-10T00:11:52.213+0000] {processor.py:175} INFO - Processing /home/airflow/.local/lib/python3.7/site-packages/airflow/example_dags/example_external_task_marker_dag.py took 0.168 seconds
[2023-02-10T00:12:22.764+0000] {processor.py:153} INFO - Started process (PID=4280) to work on /home/airflow/.local/lib/python3.7/site-packages/airflow/example_dags/example_external_task_marker_dag.py
[2023-02-10T00:12:22.765+0000] {processor.py:743} INFO - Processing file /home/airflow/.local/lib/python3.7/site-packages/airflow/example_dags/example_external_task_marker_dag.py for tasks to queue
[2023-02-10T00:12:22.766+0000] {logging_mixin.py:137} INFO - [2023-02-10T00:12:22.766+0000] {dagbag.py:538} INFO - Filling up the DagBag from /home/airflow/.local/lib/python3.7/site-packages/airflow/example_dags/example_external_task_marker_dag.py
[2023-02-10T00:12:22.790+0000] {processor.py:753} INFO - DAG(s) dict_keys(['example_external_task_marker_child', 'example_external_task_marker_parent']) retrieved from /home/airflow/.local/lib/python3.7/site-packages/airflow/example_dags/example_external_task_marker_dag.py
[2023-02-10T00:12:22.846+0000] {logging_mixin.py:137} INFO - [2023-02-10T00:12:22.845+0000] {dag.py:2690} INFO - Sync 2 DAGs
[2023-02-10T00:12:22.906+0000] {logging_mixin.py:137} INFO - [2023-02-10T00:12:22.905+0000] {dag.py:3441} INFO - Setting next_dagrun for example_external_task_marker_child to None, run_after=None
[2023-02-10T00:12:22.911+0000] {logging_mixin.py:137} INFO - [2023-02-10T00:12:22.911+0000] {dag.py:3441} INFO - Setting next_dagrun for example_external_task_marker_parent to None, run_after=None
[2023-02-10T00:12:22.942+0000] {processor.py:175} INFO - Processing /home/airflow/.local/lib/python3.7/site-packages/airflow/example_dags/example_external_task_marker_dag.py took 0.182 seconds
[2023-02-10T00:12:53.155+0000] {processor.py:153} INFO - Started process (PID=4348) to work on /home/airflow/.local/lib/python3.7/site-packages/airflow/example_dags/example_external_task_marker_dag.py
[2023-02-10T00:12:53.156+0000] {processor.py:743} INFO - Processing file /home/airflow/.local/lib/python3.7/site-packages/airflow/example_dags/example_external_task_marker_dag.py for tasks to queue
[2023-02-10T00:12:53.157+0000] {logging_mixin.py:137} INFO - [2023-02-10T00:12:53.157+0000] {dagbag.py:538} INFO - Filling up the DagBag from /home/airflow/.local/lib/python3.7/site-packages/airflow/example_dags/example_external_task_marker_dag.py
[2023-02-10T00:12:53.185+0000] {processor.py:753} INFO - DAG(s) dict_keys(['example_external_task_marker_parent', 'example_external_task_marker_child']) retrieved from /home/airflow/.local/lib/python3.7/site-packages/airflow/example_dags/example_external_task_marker_dag.py
[2023-02-10T00:12:53.226+0000] {logging_mixin.py:137} INFO - [2023-02-10T00:12:53.225+0000] {dag.py:2690} INFO - Sync 2 DAGs
[2023-02-10T00:12:53.265+0000] {logging_mixin.py:137} INFO - [2023-02-10T00:12:53.265+0000] {dag.py:3441} INFO - Setting next_dagrun for example_external_task_marker_child to None, run_after=None
[2023-02-10T00:12:53.271+0000] {logging_mixin.py:137} INFO - [2023-02-10T00:12:53.271+0000] {dag.py:3441} INFO - Setting next_dagrun for example_external_task_marker_parent to None, run_after=None
[2023-02-10T00:12:53.302+0000] {processor.py:175} INFO - Processing /home/airflow/.local/lib/python3.7/site-packages/airflow/example_dags/example_external_task_marker_dag.py took 0.154 seconds
[2023-02-10T00:13:23.819+0000] {processor.py:153} INFO - Started process (PID=4415) to work on /home/airflow/.local/lib/python3.7/site-packages/airflow/example_dags/example_external_task_marker_dag.py
[2023-02-10T00:13:23.823+0000] {processor.py:743} INFO - Processing file /home/airflow/.local/lib/python3.7/site-packages/airflow/example_dags/example_external_task_marker_dag.py for tasks to queue
[2023-02-10T00:13:23.824+0000] {logging_mixin.py:137} INFO - [2023-02-10T00:13:23.824+0000] {dagbag.py:538} INFO - Filling up the DagBag from /home/airflow/.local/lib/python3.7/site-packages/airflow/example_dags/example_external_task_marker_dag.py
[2023-02-10T00:13:23.846+0000] {processor.py:753} INFO - DAG(s) dict_keys(['example_external_task_marker_child', 'example_external_task_marker_parent']) retrieved from /home/airflow/.local/lib/python3.7/site-packages/airflow/example_dags/example_external_task_marker_dag.py
[2023-02-10T00:13:23.895+0000] {logging_mixin.py:137} INFO - [2023-02-10T00:13:23.895+0000] {dag.py:2690} INFO - Sync 2 DAGs
[2023-02-10T00:13:23.952+0000] {logging_mixin.py:137} INFO - [2023-02-10T00:13:23.952+0000] {dag.py:3441} INFO - Setting next_dagrun for example_external_task_marker_child to None, run_after=None
[2023-02-10T00:13:23.962+0000] {logging_mixin.py:137} INFO - [2023-02-10T00:13:23.962+0000] {dag.py:3441} INFO - Setting next_dagrun for example_external_task_marker_parent to None, run_after=None
[2023-02-10T00:13:24.008+0000] {processor.py:175} INFO - Processing /home/airflow/.local/lib/python3.7/site-packages/airflow/example_dags/example_external_task_marker_dag.py took 0.193 seconds
