[2023-02-10T00:00:08.908+0000] {processor.py:153} INFO - Started process (PID=2535) to work on /home/airflow/.local/lib/python3.7/site-packages/airflow/example_dags/example_complex.py
[2023-02-10T00:00:08.909+0000] {processor.py:743} INFO - Processing file /home/airflow/.local/lib/python3.7/site-packages/airflow/example_dags/example_complex.py for tasks to queue
[2023-02-10T00:00:08.910+0000] {logging_mixin.py:137} INFO - [2023-02-10T00:00:08.909+0000] {dagbag.py:538} INFO - Filling up the DagBag from /home/airflow/.local/lib/python3.7/site-packages/airflow/example_dags/example_complex.py
[2023-02-10T00:00:08.932+0000] {logging_mixin.py:137} INFO - [2023-02-10T00:00:08.932+0000] {taskmixin.py:205} WARNING - Dependency <Task(BashOperator): create_entry_group>, delete_entry_group already registered for DAG: example_complex
[2023-02-10T00:00:08.932+0000] {logging_mixin.py:137} INFO - [2023-02-10T00:00:08.932+0000] {taskmixin.py:205} WARNING - Dependency <Task(BashOperator): delete_entry_group>, create_entry_group already registered for DAG: example_complex
[2023-02-10T00:00:08.933+0000] {logging_mixin.py:137} INFO - [2023-02-10T00:00:08.933+0000] {taskmixin.py:205} WARNING - Dependency <Task(BashOperator): create_entry_gcs>, delete_entry already registered for DAG: example_complex
[2023-02-10T00:00:08.933+0000] {logging_mixin.py:137} INFO - [2023-02-10T00:00:08.933+0000] {taskmixin.py:205} WARNING - Dependency <Task(BashOperator): delete_entry>, create_entry_gcs already registered for DAG: example_complex
[2023-02-10T00:00:08.934+0000] {logging_mixin.py:137} INFO - [2023-02-10T00:00:08.934+0000] {taskmixin.py:205} WARNING - Dependency <Task(BashOperator): create_tag>, delete_tag already registered for DAG: example_complex
[2023-02-10T00:00:08.934+0000] {logging_mixin.py:137} INFO - [2023-02-10T00:00:08.934+0000] {taskmixin.py:205} WARNING - Dependency <Task(BashOperator): delete_tag>, create_tag already registered for DAG: example_complex
[2023-02-10T00:00:08.947+0000] {processor.py:753} INFO - DAG(s) dict_keys(['example_complex']) retrieved from /home/airflow/.local/lib/python3.7/site-packages/airflow/example_dags/example_complex.py
[2023-02-10T00:00:08.985+0000] {logging_mixin.py:137} INFO - [2023-02-10T00:00:08.985+0000] {dag.py:2690} INFO - Sync 1 DAGs
[2023-02-10T00:00:09.020+0000] {logging_mixin.py:137} INFO - [2023-02-10T00:00:09.020+0000] {dag.py:3441} INFO - Setting next_dagrun for example_complex to None, run_after=None
[2023-02-10T00:00:09.054+0000] {processor.py:175} INFO - Processing /home/airflow/.local/lib/python3.7/site-packages/airflow/example_dags/example_complex.py took 0.152 seconds
[2023-02-10T00:00:39.227+0000] {processor.py:153} INFO - Started process (PID=2601) to work on /home/airflow/.local/lib/python3.7/site-packages/airflow/example_dags/example_complex.py
[2023-02-10T00:00:39.239+0000] {processor.py:743} INFO - Processing file /home/airflow/.local/lib/python3.7/site-packages/airflow/example_dags/example_complex.py for tasks to queue
[2023-02-10T00:00:39.240+0000] {logging_mixin.py:137} INFO - [2023-02-10T00:00:39.240+0000] {dagbag.py:538} INFO - Filling up the DagBag from /home/airflow/.local/lib/python3.7/site-packages/airflow/example_dags/example_complex.py
[2023-02-10T00:00:39.261+0000] {logging_mixin.py:137} INFO - [2023-02-10T00:00:39.261+0000] {taskmixin.py:205} WARNING - Dependency <Task(BashOperator): create_entry_group>, delete_entry_group already registered for DAG: example_complex
[2023-02-10T00:00:39.262+0000] {logging_mixin.py:137} INFO - [2023-02-10T00:00:39.262+0000] {taskmixin.py:205} WARNING - Dependency <Task(BashOperator): delete_entry_group>, create_entry_group already registered for DAG: example_complex
[2023-02-10T00:00:39.262+0000] {logging_mixin.py:137} INFO - [2023-02-10T00:00:39.262+0000] {taskmixin.py:205} WARNING - Dependency <Task(BashOperator): create_entry_gcs>, delete_entry already registered for DAG: example_complex
[2023-02-10T00:00:39.262+0000] {logging_mixin.py:137} INFO - [2023-02-10T00:00:39.262+0000] {taskmixin.py:205} WARNING - Dependency <Task(BashOperator): delete_entry>, create_entry_gcs already registered for DAG: example_complex
[2023-02-10T00:00:39.263+0000] {logging_mixin.py:137} INFO - [2023-02-10T00:00:39.263+0000] {taskmixin.py:205} WARNING - Dependency <Task(BashOperator): create_tag>, delete_tag already registered for DAG: example_complex
[2023-02-10T00:00:39.263+0000] {logging_mixin.py:137} INFO - [2023-02-10T00:00:39.263+0000] {taskmixin.py:205} WARNING - Dependency <Task(BashOperator): delete_tag>, create_tag already registered for DAG: example_complex
[2023-02-10T00:00:39.275+0000] {processor.py:753} INFO - DAG(s) dict_keys(['example_complex']) retrieved from /home/airflow/.local/lib/python3.7/site-packages/airflow/example_dags/example_complex.py
[2023-02-10T00:00:39.321+0000] {logging_mixin.py:137} INFO - [2023-02-10T00:00:39.321+0000] {dag.py:2690} INFO - Sync 1 DAGs
[2023-02-10T00:00:39.363+0000] {logging_mixin.py:137} INFO - [2023-02-10T00:00:39.362+0000] {dag.py:3441} INFO - Setting next_dagrun for example_complex to None, run_after=None
[2023-02-10T00:00:39.393+0000] {processor.py:175} INFO - Processing /home/airflow/.local/lib/python3.7/site-packages/airflow/example_dags/example_complex.py took 0.172 seconds
[2023-02-10T00:01:10.023+0000] {processor.py:153} INFO - Started process (PID=2681) to work on /home/airflow/.local/lib/python3.7/site-packages/airflow/example_dags/example_complex.py
[2023-02-10T00:01:10.034+0000] {processor.py:743} INFO - Processing file /home/airflow/.local/lib/python3.7/site-packages/airflow/example_dags/example_complex.py for tasks to queue
[2023-02-10T00:01:10.035+0000] {logging_mixin.py:137} INFO - [2023-02-10T00:01:10.035+0000] {dagbag.py:538} INFO - Filling up the DagBag from /home/airflow/.local/lib/python3.7/site-packages/airflow/example_dags/example_complex.py
[2023-02-10T00:01:10.051+0000] {logging_mixin.py:137} INFO - [2023-02-10T00:01:10.051+0000] {taskmixin.py:205} WARNING - Dependency <Task(BashOperator): create_entry_group>, delete_entry_group already registered for DAG: example_complex
[2023-02-10T00:01:10.052+0000] {logging_mixin.py:137} INFO - [2023-02-10T00:01:10.052+0000] {taskmixin.py:205} WARNING - Dependency <Task(BashOperator): delete_entry_group>, create_entry_group already registered for DAG: example_complex
[2023-02-10T00:01:10.052+0000] {logging_mixin.py:137} INFO - [2023-02-10T00:01:10.052+0000] {taskmixin.py:205} WARNING - Dependency <Task(BashOperator): create_entry_gcs>, delete_entry already registered for DAG: example_complex
[2023-02-10T00:01:10.052+0000] {logging_mixin.py:137} INFO - [2023-02-10T00:01:10.052+0000] {taskmixin.py:205} WARNING - Dependency <Task(BashOperator): delete_entry>, create_entry_gcs already registered for DAG: example_complex
[2023-02-10T00:01:10.053+0000] {logging_mixin.py:137} INFO - [2023-02-10T00:01:10.052+0000] {taskmixin.py:205} WARNING - Dependency <Task(BashOperator): create_tag>, delete_tag already registered for DAG: example_complex
[2023-02-10T00:01:10.053+0000] {logging_mixin.py:137} INFO - [2023-02-10T00:01:10.053+0000] {taskmixin.py:205} WARNING - Dependency <Task(BashOperator): delete_tag>, create_tag already registered for DAG: example_complex
[2023-02-10T00:01:10.064+0000] {processor.py:753} INFO - DAG(s) dict_keys(['example_complex']) retrieved from /home/airflow/.local/lib/python3.7/site-packages/airflow/example_dags/example_complex.py
[2023-02-10T00:01:10.139+0000] {logging_mixin.py:137} INFO - [2023-02-10T00:01:10.139+0000] {dag.py:2690} INFO - Sync 1 DAGs
[2023-02-10T00:01:10.184+0000] {logging_mixin.py:137} INFO - [2023-02-10T00:01:10.183+0000] {dag.py:3441} INFO - Setting next_dagrun for example_complex to None, run_after=None
[2023-02-10T00:01:10.212+0000] {processor.py:175} INFO - Processing /home/airflow/.local/lib/python3.7/site-packages/airflow/example_dags/example_complex.py took 0.196 seconds
[2023-02-10T00:01:40.390+0000] {processor.py:153} INFO - Started process (PID=2749) to work on /home/airflow/.local/lib/python3.7/site-packages/airflow/example_dags/example_complex.py
[2023-02-10T00:01:40.391+0000] {processor.py:743} INFO - Processing file /home/airflow/.local/lib/python3.7/site-packages/airflow/example_dags/example_complex.py for tasks to queue
[2023-02-10T00:01:40.392+0000] {logging_mixin.py:137} INFO - [2023-02-10T00:01:40.392+0000] {dagbag.py:538} INFO - Filling up the DagBag from /home/airflow/.local/lib/python3.7/site-packages/airflow/example_dags/example_complex.py
[2023-02-10T00:01:40.410+0000] {logging_mixin.py:137} INFO - [2023-02-10T00:01:40.409+0000] {taskmixin.py:205} WARNING - Dependency <Task(BashOperator): create_entry_group>, delete_entry_group already registered for DAG: example_complex
[2023-02-10T00:01:40.410+0000] {logging_mixin.py:137} INFO - [2023-02-10T00:01:40.410+0000] {taskmixin.py:205} WARNING - Dependency <Task(BashOperator): delete_entry_group>, create_entry_group already registered for DAG: example_complex
[2023-02-10T00:01:40.411+0000] {logging_mixin.py:137} INFO - [2023-02-10T00:01:40.411+0000] {taskmixin.py:205} WARNING - Dependency <Task(BashOperator): create_entry_gcs>, delete_entry already registered for DAG: example_complex
[2023-02-10T00:01:40.411+0000] {logging_mixin.py:137} INFO - [2023-02-10T00:01:40.411+0000] {taskmixin.py:205} WARNING - Dependency <Task(BashOperator): delete_entry>, create_entry_gcs already registered for DAG: example_complex
[2023-02-10T00:01:40.411+0000] {logging_mixin.py:137} INFO - [2023-02-10T00:01:40.411+0000] {taskmixin.py:205} WARNING - Dependency <Task(BashOperator): create_tag>, delete_tag already registered for DAG: example_complex
[2023-02-10T00:01:40.412+0000] {logging_mixin.py:137} INFO - [2023-02-10T00:01:40.412+0000] {taskmixin.py:205} WARNING - Dependency <Task(BashOperator): delete_tag>, create_tag already registered for DAG: example_complex
[2023-02-10T00:01:40.422+0000] {processor.py:753} INFO - DAG(s) dict_keys(['example_complex']) retrieved from /home/airflow/.local/lib/python3.7/site-packages/airflow/example_dags/example_complex.py
[2023-02-10T00:01:40.484+0000] {logging_mixin.py:137} INFO - [2023-02-10T00:01:40.484+0000] {dag.py:2690} INFO - Sync 1 DAGs
[2023-02-10T00:01:40.534+0000] {logging_mixin.py:137} INFO - [2023-02-10T00:01:40.534+0000] {dag.py:3441} INFO - Setting next_dagrun for example_complex to None, run_after=None
[2023-02-10T00:01:40.583+0000] {processor.py:175} INFO - Processing /home/airflow/.local/lib/python3.7/site-packages/airflow/example_dags/example_complex.py took 0.197 seconds
[2023-02-10T00:02:11.029+0000] {processor.py:153} INFO - Started process (PID=2816) to work on /home/airflow/.local/lib/python3.7/site-packages/airflow/example_dags/example_complex.py
[2023-02-10T00:02:11.030+0000] {processor.py:743} INFO - Processing file /home/airflow/.local/lib/python3.7/site-packages/airflow/example_dags/example_complex.py for tasks to queue
[2023-02-10T00:02:11.031+0000] {logging_mixin.py:137} INFO - [2023-02-10T00:02:11.031+0000] {dagbag.py:538} INFO - Filling up the DagBag from /home/airflow/.local/lib/python3.7/site-packages/airflow/example_dags/example_complex.py
[2023-02-10T00:02:11.048+0000] {logging_mixin.py:137} INFO - [2023-02-10T00:02:11.048+0000] {taskmixin.py:205} WARNING - Dependency <Task(BashOperator): create_entry_group>, delete_entry_group already registered for DAG: example_complex
[2023-02-10T00:02:11.048+0000] {logging_mixin.py:137} INFO - [2023-02-10T00:02:11.048+0000] {taskmixin.py:205} WARNING - Dependency <Task(BashOperator): delete_entry_group>, create_entry_group already registered for DAG: example_complex
[2023-02-10T00:02:11.049+0000] {logging_mixin.py:137} INFO - [2023-02-10T00:02:11.048+0000] {taskmixin.py:205} WARNING - Dependency <Task(BashOperator): create_entry_gcs>, delete_entry already registered for DAG: example_complex
[2023-02-10T00:02:11.049+0000] {logging_mixin.py:137} INFO - [2023-02-10T00:02:11.049+0000] {taskmixin.py:205} WARNING - Dependency <Task(BashOperator): delete_entry>, create_entry_gcs already registered for DAG: example_complex
[2023-02-10T00:02:11.049+0000] {logging_mixin.py:137} INFO - [2023-02-10T00:02:11.049+0000] {taskmixin.py:205} WARNING - Dependency <Task(BashOperator): create_tag>, delete_tag already registered for DAG: example_complex
[2023-02-10T00:02:11.049+0000] {logging_mixin.py:137} INFO - [2023-02-10T00:02:11.049+0000] {taskmixin.py:205} WARNING - Dependency <Task(BashOperator): delete_tag>, create_tag already registered for DAG: example_complex
[2023-02-10T00:02:11.059+0000] {processor.py:753} INFO - DAG(s) dict_keys(['example_complex']) retrieved from /home/airflow/.local/lib/python3.7/site-packages/airflow/example_dags/example_complex.py
[2023-02-10T00:02:11.106+0000] {logging_mixin.py:137} INFO - [2023-02-10T00:02:11.106+0000] {dag.py:2690} INFO - Sync 1 DAGs
[2023-02-10T00:02:11.146+0000] {logging_mixin.py:137} INFO - [2023-02-10T00:02:11.146+0000] {dag.py:3441} INFO - Setting next_dagrun for example_complex to None, run_after=None
[2023-02-10T00:02:11.181+0000] {processor.py:175} INFO - Processing /home/airflow/.local/lib/python3.7/site-packages/airflow/example_dags/example_complex.py took 0.157 seconds
[2023-02-10T00:02:41.385+0000] {processor.py:153} INFO - Started process (PID=2894) to work on /home/airflow/.local/lib/python3.7/site-packages/airflow/example_dags/example_complex.py
[2023-02-10T00:02:41.386+0000] {processor.py:743} INFO - Processing file /home/airflow/.local/lib/python3.7/site-packages/airflow/example_dags/example_complex.py for tasks to queue
[2023-02-10T00:02:41.387+0000] {logging_mixin.py:137} INFO - [2023-02-10T00:02:41.387+0000] {dagbag.py:538} INFO - Filling up the DagBag from /home/airflow/.local/lib/python3.7/site-packages/airflow/example_dags/example_complex.py
[2023-02-10T00:02:41.443+0000] {logging_mixin.py:137} INFO - [2023-02-10T00:02:41.442+0000] {taskmixin.py:205} WARNING - Dependency <Task(BashOperator): create_entry_group>, delete_entry_group already registered for DAG: example_complex
[2023-02-10T00:02:41.443+0000] {logging_mixin.py:137} INFO - [2023-02-10T00:02:41.443+0000] {taskmixin.py:205} WARNING - Dependency <Task(BashOperator): delete_entry_group>, create_entry_group already registered for DAG: example_complex
[2023-02-10T00:02:41.443+0000] {logging_mixin.py:137} INFO - [2023-02-10T00:02:41.443+0000] {taskmixin.py:205} WARNING - Dependency <Task(BashOperator): create_entry_gcs>, delete_entry already registered for DAG: example_complex
[2023-02-10T00:02:41.443+0000] {logging_mixin.py:137} INFO - [2023-02-10T00:02:41.443+0000] {taskmixin.py:205} WARNING - Dependency <Task(BashOperator): delete_entry>, create_entry_gcs already registered for DAG: example_complex
[2023-02-10T00:02:41.444+0000] {logging_mixin.py:137} INFO - [2023-02-10T00:02:41.444+0000] {taskmixin.py:205} WARNING - Dependency <Task(BashOperator): create_tag>, delete_tag already registered for DAG: example_complex
[2023-02-10T00:02:41.444+0000] {logging_mixin.py:137} INFO - [2023-02-10T00:02:41.444+0000] {taskmixin.py:205} WARNING - Dependency <Task(BashOperator): delete_tag>, create_tag already registered for DAG: example_complex
[2023-02-10T00:02:41.472+0000] {processor.py:753} INFO - DAG(s) dict_keys(['example_complex']) retrieved from /home/airflow/.local/lib/python3.7/site-packages/airflow/example_dags/example_complex.py
[2023-02-10T00:02:41.532+0000] {logging_mixin.py:137} INFO - [2023-02-10T00:02:41.532+0000] {dag.py:2690} INFO - Sync 1 DAGs
[2023-02-10T00:02:41.590+0000] {logging_mixin.py:137} INFO - [2023-02-10T00:02:41.590+0000] {dag.py:3441} INFO - Setting next_dagrun for example_complex to None, run_after=None
[2023-02-10T00:02:41.658+0000] {processor.py:175} INFO - Processing /home/airflow/.local/lib/python3.7/site-packages/airflow/example_dags/example_complex.py took 0.279 seconds
[2023-02-10T00:03:11.913+0000] {processor.py:153} INFO - Started process (PID=2968) to work on /home/airflow/.local/lib/python3.7/site-packages/airflow/example_dags/example_complex.py
[2023-02-10T00:03:11.925+0000] {processor.py:743} INFO - Processing file /home/airflow/.local/lib/python3.7/site-packages/airflow/example_dags/example_complex.py for tasks to queue
[2023-02-10T00:03:11.926+0000] {logging_mixin.py:137} INFO - [2023-02-10T00:03:11.925+0000] {dagbag.py:538} INFO - Filling up the DagBag from /home/airflow/.local/lib/python3.7/site-packages/airflow/example_dags/example_complex.py
[2023-02-10T00:03:11.941+0000] {logging_mixin.py:137} INFO - [2023-02-10T00:03:11.941+0000] {taskmixin.py:205} WARNING - Dependency <Task(BashOperator): create_entry_group>, delete_entry_group already registered for DAG: example_complex
[2023-02-10T00:03:11.941+0000] {logging_mixin.py:137} INFO - [2023-02-10T00:03:11.941+0000] {taskmixin.py:205} WARNING - Dependency <Task(BashOperator): delete_entry_group>, create_entry_group already registered for DAG: example_complex
[2023-02-10T00:03:11.941+0000] {logging_mixin.py:137} INFO - [2023-02-10T00:03:11.941+0000] {taskmixin.py:205} WARNING - Dependency <Task(BashOperator): create_entry_gcs>, delete_entry already registered for DAG: example_complex
[2023-02-10T00:03:11.942+0000] {logging_mixin.py:137} INFO - [2023-02-10T00:03:11.942+0000] {taskmixin.py:205} WARNING - Dependency <Task(BashOperator): delete_entry>, create_entry_gcs already registered for DAG: example_complex
[2023-02-10T00:03:11.942+0000] {logging_mixin.py:137} INFO - [2023-02-10T00:03:11.942+0000] {taskmixin.py:205} WARNING - Dependency <Task(BashOperator): create_tag>, delete_tag already registered for DAG: example_complex
[2023-02-10T00:03:11.942+0000] {logging_mixin.py:137} INFO - [2023-02-10T00:03:11.942+0000] {taskmixin.py:205} WARNING - Dependency <Task(BashOperator): delete_tag>, create_tag already registered for DAG: example_complex
[2023-02-10T00:03:11.952+0000] {processor.py:753} INFO - DAG(s) dict_keys(['example_complex']) retrieved from /home/airflow/.local/lib/python3.7/site-packages/airflow/example_dags/example_complex.py
[2023-02-10T00:03:11.996+0000] {logging_mixin.py:137} INFO - [2023-02-10T00:03:11.995+0000] {dag.py:2690} INFO - Sync 1 DAGs
[2023-02-10T00:03:12.034+0000] {logging_mixin.py:137} INFO - [2023-02-10T00:03:12.034+0000] {dag.py:3441} INFO - Setting next_dagrun for example_complex to None, run_after=None
[2023-02-10T00:03:12.076+0000] {processor.py:175} INFO - Processing /home/airflow/.local/lib/python3.7/site-packages/airflow/example_dags/example_complex.py took 0.167 seconds
[2023-02-10T00:03:42.327+0000] {processor.py:153} INFO - Started process (PID=3036) to work on /home/airflow/.local/lib/python3.7/site-packages/airflow/example_dags/example_complex.py
[2023-02-10T00:03:42.328+0000] {processor.py:743} INFO - Processing file /home/airflow/.local/lib/python3.7/site-packages/airflow/example_dags/example_complex.py for tasks to queue
[2023-02-10T00:03:42.329+0000] {logging_mixin.py:137} INFO - [2023-02-10T00:03:42.329+0000] {dagbag.py:538} INFO - Filling up the DagBag from /home/airflow/.local/lib/python3.7/site-packages/airflow/example_dags/example_complex.py
[2023-02-10T00:03:42.354+0000] {logging_mixin.py:137} INFO - [2023-02-10T00:03:42.354+0000] {taskmixin.py:205} WARNING - Dependency <Task(BashOperator): create_entry_group>, delete_entry_group already registered for DAG: example_complex
[2023-02-10T00:03:42.355+0000] {logging_mixin.py:137} INFO - [2023-02-10T00:03:42.355+0000] {taskmixin.py:205} WARNING - Dependency <Task(BashOperator): delete_entry_group>, create_entry_group already registered for DAG: example_complex
[2023-02-10T00:03:42.355+0000] {logging_mixin.py:137} INFO - [2023-02-10T00:03:42.355+0000] {taskmixin.py:205} WARNING - Dependency <Task(BashOperator): create_entry_gcs>, delete_entry already registered for DAG: example_complex
[2023-02-10T00:03:42.356+0000] {logging_mixin.py:137} INFO - [2023-02-10T00:03:42.355+0000] {taskmixin.py:205} WARNING - Dependency <Task(BashOperator): delete_entry>, create_entry_gcs already registered for DAG: example_complex
[2023-02-10T00:03:42.356+0000] {logging_mixin.py:137} INFO - [2023-02-10T00:03:42.356+0000] {taskmixin.py:205} WARNING - Dependency <Task(BashOperator): create_tag>, delete_tag already registered for DAG: example_complex
[2023-02-10T00:03:42.357+0000] {logging_mixin.py:137} INFO - [2023-02-10T00:03:42.357+0000] {taskmixin.py:205} WARNING - Dependency <Task(BashOperator): delete_tag>, create_tag already registered for DAG: example_complex
[2023-02-10T00:03:42.369+0000] {processor.py:753} INFO - DAG(s) dict_keys(['example_complex']) retrieved from /home/airflow/.local/lib/python3.7/site-packages/airflow/example_dags/example_complex.py
[2023-02-10T00:03:42.409+0000] {logging_mixin.py:137} INFO - [2023-02-10T00:03:42.409+0000] {dag.py:2690} INFO - Sync 1 DAGs
[2023-02-10T00:03:42.448+0000] {logging_mixin.py:137} INFO - [2023-02-10T00:03:42.448+0000] {dag.py:3441} INFO - Setting next_dagrun for example_complex to None, run_after=None
[2023-02-10T00:03:42.491+0000] {processor.py:175} INFO - Processing /home/airflow/.local/lib/python3.7/site-packages/airflow/example_dags/example_complex.py took 0.169 seconds
[2023-02-10T00:04:12.770+0000] {processor.py:153} INFO - Started process (PID=3113) to work on /home/airflow/.local/lib/python3.7/site-packages/airflow/example_dags/example_complex.py
[2023-02-10T00:04:12.781+0000] {processor.py:743} INFO - Processing file /home/airflow/.local/lib/python3.7/site-packages/airflow/example_dags/example_complex.py for tasks to queue
[2023-02-10T00:04:12.782+0000] {logging_mixin.py:137} INFO - [2023-02-10T00:04:12.782+0000] {dagbag.py:538} INFO - Filling up the DagBag from /home/airflow/.local/lib/python3.7/site-packages/airflow/example_dags/example_complex.py
[2023-02-10T00:04:12.806+0000] {logging_mixin.py:137} INFO - [2023-02-10T00:04:12.806+0000] {taskmixin.py:205} WARNING - Dependency <Task(BashOperator): create_entry_group>, delete_entry_group already registered for DAG: example_complex
[2023-02-10T00:04:12.806+0000] {logging_mixin.py:137} INFO - [2023-02-10T00:04:12.806+0000] {taskmixin.py:205} WARNING - Dependency <Task(BashOperator): delete_entry_group>, create_entry_group already registered for DAG: example_complex
[2023-02-10T00:04:12.807+0000] {logging_mixin.py:137} INFO - [2023-02-10T00:04:12.807+0000] {taskmixin.py:205} WARNING - Dependency <Task(BashOperator): create_entry_gcs>, delete_entry already registered for DAG: example_complex
[2023-02-10T00:04:12.807+0000] {logging_mixin.py:137} INFO - [2023-02-10T00:04:12.807+0000] {taskmixin.py:205} WARNING - Dependency <Task(BashOperator): delete_entry>, create_entry_gcs already registered for DAG: example_complex
[2023-02-10T00:04:12.808+0000] {logging_mixin.py:137} INFO - [2023-02-10T00:04:12.808+0000] {taskmixin.py:205} WARNING - Dependency <Task(BashOperator): create_tag>, delete_tag already registered for DAG: example_complex
[2023-02-10T00:04:12.808+0000] {logging_mixin.py:137} INFO - [2023-02-10T00:04:12.808+0000] {taskmixin.py:205} WARNING - Dependency <Task(BashOperator): delete_tag>, create_tag already registered for DAG: example_complex
[2023-02-10T00:04:12.823+0000] {processor.py:753} INFO - DAG(s) dict_keys(['example_complex']) retrieved from /home/airflow/.local/lib/python3.7/site-packages/airflow/example_dags/example_complex.py
[2023-02-10T00:04:12.866+0000] {logging_mixin.py:137} INFO - [2023-02-10T00:04:12.866+0000] {dag.py:2690} INFO - Sync 1 DAGs
[2023-02-10T00:04:12.904+0000] {logging_mixin.py:137} INFO - [2023-02-10T00:04:12.903+0000] {dag.py:3441} INFO - Setting next_dagrun for example_complex to None, run_after=None
[2023-02-10T00:04:12.931+0000] {processor.py:175} INFO - Processing /home/airflow/.local/lib/python3.7/site-packages/airflow/example_dags/example_complex.py took 0.166 seconds
[2023-02-10T00:04:43.420+0000] {processor.py:153} INFO - Started process (PID=3186) to work on /home/airflow/.local/lib/python3.7/site-packages/airflow/example_dags/example_complex.py
[2023-02-10T00:04:43.432+0000] {processor.py:743} INFO - Processing file /home/airflow/.local/lib/python3.7/site-packages/airflow/example_dags/example_complex.py for tasks to queue
[2023-02-10T00:04:43.433+0000] {logging_mixin.py:137} INFO - [2023-02-10T00:04:43.433+0000] {dagbag.py:538} INFO - Filling up the DagBag from /home/airflow/.local/lib/python3.7/site-packages/airflow/example_dags/example_complex.py
[2023-02-10T00:04:43.454+0000] {logging_mixin.py:137} INFO - [2023-02-10T00:04:43.454+0000] {taskmixin.py:205} WARNING - Dependency <Task(BashOperator): create_entry_group>, delete_entry_group already registered for DAG: example_complex
[2023-02-10T00:04:43.455+0000] {logging_mixin.py:137} INFO - [2023-02-10T00:04:43.455+0000] {taskmixin.py:205} WARNING - Dependency <Task(BashOperator): delete_entry_group>, create_entry_group already registered for DAG: example_complex
[2023-02-10T00:04:43.455+0000] {logging_mixin.py:137} INFO - [2023-02-10T00:04:43.455+0000] {taskmixin.py:205} WARNING - Dependency <Task(BashOperator): create_entry_gcs>, delete_entry already registered for DAG: example_complex
[2023-02-10T00:04:43.455+0000] {logging_mixin.py:137} INFO - [2023-02-10T00:04:43.455+0000] {taskmixin.py:205} WARNING - Dependency <Task(BashOperator): delete_entry>, create_entry_gcs already registered for DAG: example_complex
[2023-02-10T00:04:43.456+0000] {logging_mixin.py:137} INFO - [2023-02-10T00:04:43.456+0000] {taskmixin.py:205} WARNING - Dependency <Task(BashOperator): create_tag>, delete_tag already registered for DAG: example_complex
[2023-02-10T00:04:43.456+0000] {logging_mixin.py:137} INFO - [2023-02-10T00:04:43.456+0000] {taskmixin.py:205} WARNING - Dependency <Task(BashOperator): delete_tag>, create_tag already registered for DAG: example_complex
[2023-02-10T00:04:43.468+0000] {processor.py:753} INFO - DAG(s) dict_keys(['example_complex']) retrieved from /home/airflow/.local/lib/python3.7/site-packages/airflow/example_dags/example_complex.py
[2023-02-10T00:04:43.511+0000] {logging_mixin.py:137} INFO - [2023-02-10T00:04:43.511+0000] {dag.py:2690} INFO - Sync 1 DAGs
[2023-02-10T00:04:43.553+0000] {logging_mixin.py:137} INFO - [2023-02-10T00:04:43.552+0000] {dag.py:3441} INFO - Setting next_dagrun for example_complex to None, run_after=None
[2023-02-10T00:04:43.588+0000] {processor.py:175} INFO - Processing /home/airflow/.local/lib/python3.7/site-packages/airflow/example_dags/example_complex.py took 0.174 seconds
[2023-02-10T00:05:13.964+0000] {processor.py:153} INFO - Started process (PID=3252) to work on /home/airflow/.local/lib/python3.7/site-packages/airflow/example_dags/example_complex.py
[2023-02-10T00:05:13.965+0000] {processor.py:743} INFO - Processing file /home/airflow/.local/lib/python3.7/site-packages/airflow/example_dags/example_complex.py for tasks to queue
[2023-02-10T00:05:13.966+0000] {logging_mixin.py:137} INFO - [2023-02-10T00:05:13.966+0000] {dagbag.py:538} INFO - Filling up the DagBag from /home/airflow/.local/lib/python3.7/site-packages/airflow/example_dags/example_complex.py
[2023-02-10T00:05:13.998+0000] {logging_mixin.py:137} INFO - [2023-02-10T00:05:13.998+0000] {taskmixin.py:205} WARNING - Dependency <Task(BashOperator): create_entry_group>, delete_entry_group already registered for DAG: example_complex
[2023-02-10T00:05:13.998+0000] {logging_mixin.py:137} INFO - [2023-02-10T00:05:13.998+0000] {taskmixin.py:205} WARNING - Dependency <Task(BashOperator): delete_entry_group>, create_entry_group already registered for DAG: example_complex
[2023-02-10T00:05:13.999+0000] {logging_mixin.py:137} INFO - [2023-02-10T00:05:13.999+0000] {taskmixin.py:205} WARNING - Dependency <Task(BashOperator): create_entry_gcs>, delete_entry already registered for DAG: example_complex
[2023-02-10T00:05:13.999+0000] {logging_mixin.py:137} INFO - [2023-02-10T00:05:13.999+0000] {taskmixin.py:205} WARNING - Dependency <Task(BashOperator): delete_entry>, create_entry_gcs already registered for DAG: example_complex
[2023-02-10T00:05:14.000+0000] {logging_mixin.py:137} INFO - [2023-02-10T00:05:14.000+0000] {taskmixin.py:205} WARNING - Dependency <Task(BashOperator): create_tag>, delete_tag already registered for DAG: example_complex
[2023-02-10T00:05:14.000+0000] {logging_mixin.py:137} INFO - [2023-02-10T00:05:14.000+0000] {taskmixin.py:205} WARNING - Dependency <Task(BashOperator): delete_tag>, create_tag already registered for DAG: example_complex
[2023-02-10T00:05:14.012+0000] {processor.py:753} INFO - DAG(s) dict_keys(['example_complex']) retrieved from /home/airflow/.local/lib/python3.7/site-packages/airflow/example_dags/example_complex.py
[2023-02-10T00:05:14.070+0000] {logging_mixin.py:137} INFO - [2023-02-10T00:05:14.069+0000] {dag.py:2690} INFO - Sync 1 DAGs
[2023-02-10T00:05:14.110+0000] {logging_mixin.py:137} INFO - [2023-02-10T00:05:14.110+0000] {dag.py:3441} INFO - Setting next_dagrun for example_complex to None, run_after=None
[2023-02-10T00:05:14.143+0000] {processor.py:175} INFO - Processing /home/airflow/.local/lib/python3.7/site-packages/airflow/example_dags/example_complex.py took 0.188 seconds
[2023-02-10T00:05:44.603+0000] {processor.py:153} INFO - Started process (PID=3331) to work on /home/airflow/.local/lib/python3.7/site-packages/airflow/example_dags/example_complex.py
[2023-02-10T00:05:44.604+0000] {processor.py:743} INFO - Processing file /home/airflow/.local/lib/python3.7/site-packages/airflow/example_dags/example_complex.py for tasks to queue
[2023-02-10T00:05:44.607+0000] {logging_mixin.py:137} INFO - [2023-02-10T00:05:44.606+0000] {dagbag.py:538} INFO - Filling up the DagBag from /home/airflow/.local/lib/python3.7/site-packages/airflow/example_dags/example_complex.py
[2023-02-10T00:05:44.624+0000] {logging_mixin.py:137} INFO - [2023-02-10T00:05:44.624+0000] {taskmixin.py:205} WARNING - Dependency <Task(BashOperator): create_entry_group>, delete_entry_group already registered for DAG: example_complex
[2023-02-10T00:05:44.624+0000] {logging_mixin.py:137} INFO - [2023-02-10T00:05:44.624+0000] {taskmixin.py:205} WARNING - Dependency <Task(BashOperator): delete_entry_group>, create_entry_group already registered for DAG: example_complex
[2023-02-10T00:05:44.625+0000] {logging_mixin.py:137} INFO - [2023-02-10T00:05:44.625+0000] {taskmixin.py:205} WARNING - Dependency <Task(BashOperator): create_entry_gcs>, delete_entry already registered for DAG: example_complex
[2023-02-10T00:05:44.625+0000] {logging_mixin.py:137} INFO - [2023-02-10T00:05:44.625+0000] {taskmixin.py:205} WARNING - Dependency <Task(BashOperator): delete_entry>, create_entry_gcs already registered for DAG: example_complex
[2023-02-10T00:05:44.625+0000] {logging_mixin.py:137} INFO - [2023-02-10T00:05:44.625+0000] {taskmixin.py:205} WARNING - Dependency <Task(BashOperator): create_tag>, delete_tag already registered for DAG: example_complex
[2023-02-10T00:05:44.626+0000] {logging_mixin.py:137} INFO - [2023-02-10T00:05:44.626+0000] {taskmixin.py:205} WARNING - Dependency <Task(BashOperator): delete_tag>, create_tag already registered for DAG: example_complex
[2023-02-10T00:05:44.636+0000] {processor.py:753} INFO - DAG(s) dict_keys(['example_complex']) retrieved from /home/airflow/.local/lib/python3.7/site-packages/airflow/example_dags/example_complex.py
[2023-02-10T00:05:44.685+0000] {logging_mixin.py:137} INFO - [2023-02-10T00:05:44.685+0000] {dag.py:2690} INFO - Sync 1 DAGs
[2023-02-10T00:05:44.728+0000] {logging_mixin.py:137} INFO - [2023-02-10T00:05:44.728+0000] {dag.py:3441} INFO - Setting next_dagrun for example_complex to None, run_after=None
[2023-02-10T00:05:44.771+0000] {processor.py:175} INFO - Processing /home/airflow/.local/lib/python3.7/site-packages/airflow/example_dags/example_complex.py took 0.175 seconds
[2023-02-10T00:06:15.508+0000] {processor.py:153} INFO - Started process (PID=3405) to work on /home/airflow/.local/lib/python3.7/site-packages/airflow/example_dags/example_complex.py
[2023-02-10T00:06:15.521+0000] {processor.py:743} INFO - Processing file /home/airflow/.local/lib/python3.7/site-packages/airflow/example_dags/example_complex.py for tasks to queue
[2023-02-10T00:06:15.522+0000] {logging_mixin.py:137} INFO - [2023-02-10T00:06:15.521+0000] {dagbag.py:538} INFO - Filling up the DagBag from /home/airflow/.local/lib/python3.7/site-packages/airflow/example_dags/example_complex.py
[2023-02-10T00:06:15.539+0000] {logging_mixin.py:137} INFO - [2023-02-10T00:06:15.538+0000] {taskmixin.py:205} WARNING - Dependency <Task(BashOperator): create_entry_group>, delete_entry_group already registered for DAG: example_complex
[2023-02-10T00:06:15.539+0000] {logging_mixin.py:137} INFO - [2023-02-10T00:06:15.539+0000] {taskmixin.py:205} WARNING - Dependency <Task(BashOperator): delete_entry_group>, create_entry_group already registered for DAG: example_complex
[2023-02-10T00:06:15.540+0000] {logging_mixin.py:137} INFO - [2023-02-10T00:06:15.539+0000] {taskmixin.py:205} WARNING - Dependency <Task(BashOperator): create_entry_gcs>, delete_entry already registered for DAG: example_complex
[2023-02-10T00:06:15.540+0000] {logging_mixin.py:137} INFO - [2023-02-10T00:06:15.540+0000] {taskmixin.py:205} WARNING - Dependency <Task(BashOperator): delete_entry>, create_entry_gcs already registered for DAG: example_complex
[2023-02-10T00:06:15.540+0000] {logging_mixin.py:137} INFO - [2023-02-10T00:06:15.540+0000] {taskmixin.py:205} WARNING - Dependency <Task(BashOperator): create_tag>, delete_tag already registered for DAG: example_complex
[2023-02-10T00:06:15.540+0000] {logging_mixin.py:137} INFO - [2023-02-10T00:06:15.540+0000] {taskmixin.py:205} WARNING - Dependency <Task(BashOperator): delete_tag>, create_tag already registered for DAG: example_complex
[2023-02-10T00:06:15.556+0000] {processor.py:753} INFO - DAG(s) dict_keys(['example_complex']) retrieved from /home/airflow/.local/lib/python3.7/site-packages/airflow/example_dags/example_complex.py
[2023-02-10T00:06:15.608+0000] {logging_mixin.py:137} INFO - [2023-02-10T00:06:15.608+0000] {dag.py:2690} INFO - Sync 1 DAGs
[2023-02-10T00:06:15.655+0000] {logging_mixin.py:137} INFO - [2023-02-10T00:06:15.655+0000] {dag.py:3441} INFO - Setting next_dagrun for example_complex to None, run_after=None
[2023-02-10T00:06:15.691+0000] {processor.py:175} INFO - Processing /home/airflow/.local/lib/python3.7/site-packages/airflow/example_dags/example_complex.py took 0.189 seconds
[2023-02-10T00:06:46.463+0000] {processor.py:153} INFO - Started process (PID=3474) to work on /home/airflow/.local/lib/python3.7/site-packages/airflow/example_dags/example_complex.py
[2023-02-10T00:06:46.464+0000] {processor.py:743} INFO - Processing file /home/airflow/.local/lib/python3.7/site-packages/airflow/example_dags/example_complex.py for tasks to queue
[2023-02-10T00:06:46.465+0000] {logging_mixin.py:137} INFO - [2023-02-10T00:06:46.465+0000] {dagbag.py:538} INFO - Filling up the DagBag from /home/airflow/.local/lib/python3.7/site-packages/airflow/example_dags/example_complex.py
[2023-02-10T00:06:46.490+0000] {logging_mixin.py:137} INFO - [2023-02-10T00:06:46.489+0000] {taskmixin.py:205} WARNING - Dependency <Task(BashOperator): create_entry_group>, delete_entry_group already registered for DAG: example_complex
[2023-02-10T00:06:46.490+0000] {logging_mixin.py:137} INFO - [2023-02-10T00:06:46.490+0000] {taskmixin.py:205} WARNING - Dependency <Task(BashOperator): delete_entry_group>, create_entry_group already registered for DAG: example_complex
[2023-02-10T00:06:46.491+0000] {logging_mixin.py:137} INFO - [2023-02-10T00:06:46.491+0000] {taskmixin.py:205} WARNING - Dependency <Task(BashOperator): create_entry_gcs>, delete_entry already registered for DAG: example_complex
[2023-02-10T00:06:46.491+0000] {logging_mixin.py:137} INFO - [2023-02-10T00:06:46.491+0000] {taskmixin.py:205} WARNING - Dependency <Task(BashOperator): delete_entry>, create_entry_gcs already registered for DAG: example_complex
[2023-02-10T00:06:46.492+0000] {logging_mixin.py:137} INFO - [2023-02-10T00:06:46.492+0000] {taskmixin.py:205} WARNING - Dependency <Task(BashOperator): create_tag>, delete_tag already registered for DAG: example_complex
[2023-02-10T00:06:46.492+0000] {logging_mixin.py:137} INFO - [2023-02-10T00:06:46.492+0000] {taskmixin.py:205} WARNING - Dependency <Task(BashOperator): delete_tag>, create_tag already registered for DAG: example_complex
[2023-02-10T00:06:46.505+0000] {processor.py:753} INFO - DAG(s) dict_keys(['example_complex']) retrieved from /home/airflow/.local/lib/python3.7/site-packages/airflow/example_dags/example_complex.py
[2023-02-10T00:06:46.553+0000] {logging_mixin.py:137} INFO - [2023-02-10T00:06:46.553+0000] {dag.py:2690} INFO - Sync 1 DAGs
[2023-02-10T00:06:46.592+0000] {logging_mixin.py:137} INFO - [2023-02-10T00:06:46.591+0000] {dag.py:3441} INFO - Setting next_dagrun for example_complex to None, run_after=None
[2023-02-10T00:06:46.623+0000] {processor.py:175} INFO - Processing /home/airflow/.local/lib/python3.7/site-packages/airflow/example_dags/example_complex.py took 0.166 seconds
[2023-02-10T00:07:17.046+0000] {processor.py:153} INFO - Started process (PID=3552) to work on /home/airflow/.local/lib/python3.7/site-packages/airflow/example_dags/example_complex.py
[2023-02-10T00:07:17.058+0000] {processor.py:743} INFO - Processing file /home/airflow/.local/lib/python3.7/site-packages/airflow/example_dags/example_complex.py for tasks to queue
[2023-02-10T00:07:17.059+0000] {logging_mixin.py:137} INFO - [2023-02-10T00:07:17.059+0000] {dagbag.py:538} INFO - Filling up the DagBag from /home/airflow/.local/lib/python3.7/site-packages/airflow/example_dags/example_complex.py
[2023-02-10T00:07:17.083+0000] {logging_mixin.py:137} INFO - [2023-02-10T00:07:17.083+0000] {taskmixin.py:205} WARNING - Dependency <Task(BashOperator): create_entry_group>, delete_entry_group already registered for DAG: example_complex
[2023-02-10T00:07:17.084+0000] {logging_mixin.py:137} INFO - [2023-02-10T00:07:17.083+0000] {taskmixin.py:205} WARNING - Dependency <Task(BashOperator): delete_entry_group>, create_entry_group already registered for DAG: example_complex
[2023-02-10T00:07:17.084+0000] {logging_mixin.py:137} INFO - [2023-02-10T00:07:17.084+0000] {taskmixin.py:205} WARNING - Dependency <Task(BashOperator): create_entry_gcs>, delete_entry already registered for DAG: example_complex
[2023-02-10T00:07:17.084+0000] {logging_mixin.py:137} INFO - [2023-02-10T00:07:17.084+0000] {taskmixin.py:205} WARNING - Dependency <Task(BashOperator): delete_entry>, create_entry_gcs already registered for DAG: example_complex
[2023-02-10T00:07:17.085+0000] {logging_mixin.py:137} INFO - [2023-02-10T00:07:17.085+0000] {taskmixin.py:205} WARNING - Dependency <Task(BashOperator): create_tag>, delete_tag already registered for DAG: example_complex
[2023-02-10T00:07:17.086+0000] {logging_mixin.py:137} INFO - [2023-02-10T00:07:17.085+0000] {taskmixin.py:205} WARNING - Dependency <Task(BashOperator): delete_tag>, create_tag already registered for DAG: example_complex
[2023-02-10T00:07:17.102+0000] {processor.py:753} INFO - DAG(s) dict_keys(['example_complex']) retrieved from /home/airflow/.local/lib/python3.7/site-packages/airflow/example_dags/example_complex.py
[2023-02-10T00:07:17.148+0000] {logging_mixin.py:137} INFO - [2023-02-10T00:07:17.148+0000] {dag.py:2690} INFO - Sync 1 DAGs
[2023-02-10T00:07:17.189+0000] {logging_mixin.py:137} INFO - [2023-02-10T00:07:17.189+0000] {dag.py:3441} INFO - Setting next_dagrun for example_complex to None, run_after=None
[2023-02-10T00:07:17.220+0000] {processor.py:175} INFO - Processing /home/airflow/.local/lib/python3.7/site-packages/airflow/example_dags/example_complex.py took 0.179 seconds
[2023-02-10T00:07:47.887+0000] {processor.py:153} INFO - Started process (PID=3625) to work on /home/airflow/.local/lib/python3.7/site-packages/airflow/example_dags/example_complex.py
[2023-02-10T00:07:47.888+0000] {processor.py:743} INFO - Processing file /home/airflow/.local/lib/python3.7/site-packages/airflow/example_dags/example_complex.py for tasks to queue
[2023-02-10T00:07:47.889+0000] {logging_mixin.py:137} INFO - [2023-02-10T00:07:47.889+0000] {dagbag.py:538} INFO - Filling up the DagBag from /home/airflow/.local/lib/python3.7/site-packages/airflow/example_dags/example_complex.py
[2023-02-10T00:07:47.909+0000] {logging_mixin.py:137} INFO - [2023-02-10T00:07:47.909+0000] {taskmixin.py:205} WARNING - Dependency <Task(BashOperator): create_entry_group>, delete_entry_group already registered for DAG: example_complex
[2023-02-10T00:07:47.910+0000] {logging_mixin.py:137} INFO - [2023-02-10T00:07:47.910+0000] {taskmixin.py:205} WARNING - Dependency <Task(BashOperator): delete_entry_group>, create_entry_group already registered for DAG: example_complex
[2023-02-10T00:07:47.910+0000] {logging_mixin.py:137} INFO - [2023-02-10T00:07:47.910+0000] {taskmixin.py:205} WARNING - Dependency <Task(BashOperator): create_entry_gcs>, delete_entry already registered for DAG: example_complex
[2023-02-10T00:07:47.910+0000] {logging_mixin.py:137} INFO - [2023-02-10T00:07:47.910+0000] {taskmixin.py:205} WARNING - Dependency <Task(BashOperator): delete_entry>, create_entry_gcs already registered for DAG: example_complex
[2023-02-10T00:07:47.911+0000] {logging_mixin.py:137} INFO - [2023-02-10T00:07:47.911+0000] {taskmixin.py:205} WARNING - Dependency <Task(BashOperator): create_tag>, delete_tag already registered for DAG: example_complex
[2023-02-10T00:07:47.911+0000] {logging_mixin.py:137} INFO - [2023-02-10T00:07:47.911+0000] {taskmixin.py:205} WARNING - Dependency <Task(BashOperator): delete_tag>, create_tag already registered for DAG: example_complex
[2023-02-10T00:07:47.919+0000] {processor.py:753} INFO - DAG(s) dict_keys(['example_complex']) retrieved from /home/airflow/.local/lib/python3.7/site-packages/airflow/example_dags/example_complex.py
[2023-02-10T00:07:47.959+0000] {logging_mixin.py:137} INFO - [2023-02-10T00:07:47.959+0000] {dag.py:2690} INFO - Sync 1 DAGs
[2023-02-10T00:07:47.994+0000] {logging_mixin.py:137} INFO - [2023-02-10T00:07:47.994+0000] {dag.py:3441} INFO - Setting next_dagrun for example_complex to None, run_after=None
[2023-02-10T00:07:48.020+0000] {processor.py:175} INFO - Processing /home/airflow/.local/lib/python3.7/site-packages/airflow/example_dags/example_complex.py took 0.137 seconds
[2023-02-10T00:08:18.112+0000] {processor.py:153} INFO - Started process (PID=3693) to work on /home/airflow/.local/lib/python3.7/site-packages/airflow/example_dags/example_complex.py
[2023-02-10T00:08:18.124+0000] {processor.py:743} INFO - Processing file /home/airflow/.local/lib/python3.7/site-packages/airflow/example_dags/example_complex.py for tasks to queue
[2023-02-10T00:08:18.126+0000] {logging_mixin.py:137} INFO - [2023-02-10T00:08:18.125+0000] {dagbag.py:538} INFO - Filling up the DagBag from /home/airflow/.local/lib/python3.7/site-packages/airflow/example_dags/example_complex.py
[2023-02-10T00:08:18.151+0000] {logging_mixin.py:137} INFO - [2023-02-10T00:08:18.150+0000] {taskmixin.py:205} WARNING - Dependency <Task(BashOperator): create_entry_group>, delete_entry_group already registered for DAG: example_complex
[2023-02-10T00:08:18.151+0000] {logging_mixin.py:137} INFO - [2023-02-10T00:08:18.151+0000] {taskmixin.py:205} WARNING - Dependency <Task(BashOperator): delete_entry_group>, create_entry_group already registered for DAG: example_complex
[2023-02-10T00:08:18.151+0000] {logging_mixin.py:137} INFO - [2023-02-10T00:08:18.151+0000] {taskmixin.py:205} WARNING - Dependency <Task(BashOperator): create_entry_gcs>, delete_entry already registered for DAG: example_complex
[2023-02-10T00:08:18.152+0000] {logging_mixin.py:137} INFO - [2023-02-10T00:08:18.152+0000] {taskmixin.py:205} WARNING - Dependency <Task(BashOperator): delete_entry>, create_entry_gcs already registered for DAG: example_complex
[2023-02-10T00:08:18.153+0000] {logging_mixin.py:137} INFO - [2023-02-10T00:08:18.152+0000] {taskmixin.py:205} WARNING - Dependency <Task(BashOperator): create_tag>, delete_tag already registered for DAG: example_complex
[2023-02-10T00:08:18.153+0000] {logging_mixin.py:137} INFO - [2023-02-10T00:08:18.153+0000] {taskmixin.py:205} WARNING - Dependency <Task(BashOperator): delete_tag>, create_tag already registered for DAG: example_complex
[2023-02-10T00:08:18.165+0000] {processor.py:753} INFO - DAG(s) dict_keys(['example_complex']) retrieved from /home/airflow/.local/lib/python3.7/site-packages/airflow/example_dags/example_complex.py
[2023-02-10T00:08:18.206+0000] {logging_mixin.py:137} INFO - [2023-02-10T00:08:18.206+0000] {dag.py:2690} INFO - Sync 1 DAGs
[2023-02-10T00:08:18.244+0000] {logging_mixin.py:137} INFO - [2023-02-10T00:08:18.243+0000] {dag.py:3441} INFO - Setting next_dagrun for example_complex to None, run_after=None
[2023-02-10T00:08:18.277+0000] {processor.py:175} INFO - Processing /home/airflow/.local/lib/python3.7/site-packages/airflow/example_dags/example_complex.py took 0.172 seconds
[2023-02-10T00:08:48.616+0000] {processor.py:153} INFO - Started process (PID=3761) to work on /home/airflow/.local/lib/python3.7/site-packages/airflow/example_dags/example_complex.py
[2023-02-10T00:08:48.617+0000] {processor.py:743} INFO - Processing file /home/airflow/.local/lib/python3.7/site-packages/airflow/example_dags/example_complex.py for tasks to queue
[2023-02-10T00:08:48.619+0000] {logging_mixin.py:137} INFO - [2023-02-10T00:08:48.618+0000] {dagbag.py:538} INFO - Filling up the DagBag from /home/airflow/.local/lib/python3.7/site-packages/airflow/example_dags/example_complex.py
[2023-02-10T00:08:48.637+0000] {logging_mixin.py:137} INFO - [2023-02-10T00:08:48.637+0000] {taskmixin.py:205} WARNING - Dependency <Task(BashOperator): create_entry_group>, delete_entry_group already registered for DAG: example_complex
[2023-02-10T00:08:48.638+0000] {logging_mixin.py:137} INFO - [2023-02-10T00:08:48.637+0000] {taskmixin.py:205} WARNING - Dependency <Task(BashOperator): delete_entry_group>, create_entry_group already registered for DAG: example_complex
[2023-02-10T00:08:48.638+0000] {logging_mixin.py:137} INFO - [2023-02-10T00:08:48.638+0000] {taskmixin.py:205} WARNING - Dependency <Task(BashOperator): create_entry_gcs>, delete_entry already registered for DAG: example_complex
[2023-02-10T00:08:48.638+0000] {logging_mixin.py:137} INFO - [2023-02-10T00:08:48.638+0000] {taskmixin.py:205} WARNING - Dependency <Task(BashOperator): delete_entry>, create_entry_gcs already registered for DAG: example_complex
[2023-02-10T00:08:48.639+0000] {logging_mixin.py:137} INFO - [2023-02-10T00:08:48.638+0000] {taskmixin.py:205} WARNING - Dependency <Task(BashOperator): create_tag>, delete_tag already registered for DAG: example_complex
[2023-02-10T00:08:48.639+0000] {logging_mixin.py:137} INFO - [2023-02-10T00:08:48.639+0000] {taskmixin.py:205} WARNING - Dependency <Task(BashOperator): delete_tag>, create_tag already registered for DAG: example_complex
[2023-02-10T00:08:48.650+0000] {processor.py:753} INFO - DAG(s) dict_keys(['example_complex']) retrieved from /home/airflow/.local/lib/python3.7/site-packages/airflow/example_dags/example_complex.py
[2023-02-10T00:08:48.734+0000] {logging_mixin.py:137} INFO - [2023-02-10T00:08:48.734+0000] {dag.py:2690} INFO - Sync 1 DAGs
[2023-02-10T00:08:48.789+0000] {logging_mixin.py:137} INFO - [2023-02-10T00:08:48.789+0000] {dag.py:3441} INFO - Setting next_dagrun for example_complex to None, run_after=None
[2023-02-10T00:08:48.816+0000] {processor.py:175} INFO - Processing /home/airflow/.local/lib/python3.7/site-packages/airflow/example_dags/example_complex.py took 0.204 seconds
[2023-02-10T00:09:19.428+0000] {processor.py:153} INFO - Started process (PID=3843) to work on /home/airflow/.local/lib/python3.7/site-packages/airflow/example_dags/example_complex.py
[2023-02-10T00:09:19.429+0000] {processor.py:743} INFO - Processing file /home/airflow/.local/lib/python3.7/site-packages/airflow/example_dags/example_complex.py for tasks to queue
[2023-02-10T00:09:19.430+0000] {logging_mixin.py:137} INFO - [2023-02-10T00:09:19.430+0000] {dagbag.py:538} INFO - Filling up the DagBag from /home/airflow/.local/lib/python3.7/site-packages/airflow/example_dags/example_complex.py
[2023-02-10T00:09:19.446+0000] {logging_mixin.py:137} INFO - [2023-02-10T00:09:19.445+0000] {taskmixin.py:205} WARNING - Dependency <Task(BashOperator): create_entry_group>, delete_entry_group already registered for DAG: example_complex
[2023-02-10T00:09:19.446+0000] {logging_mixin.py:137} INFO - [2023-02-10T00:09:19.446+0000] {taskmixin.py:205} WARNING - Dependency <Task(BashOperator): delete_entry_group>, create_entry_group already registered for DAG: example_complex
[2023-02-10T00:09:19.446+0000] {logging_mixin.py:137} INFO - [2023-02-10T00:09:19.446+0000] {taskmixin.py:205} WARNING - Dependency <Task(BashOperator): create_entry_gcs>, delete_entry already registered for DAG: example_complex
[2023-02-10T00:09:19.447+0000] {logging_mixin.py:137} INFO - [2023-02-10T00:09:19.446+0000] {taskmixin.py:205} WARNING - Dependency <Task(BashOperator): delete_entry>, create_entry_gcs already registered for DAG: example_complex
[2023-02-10T00:09:19.447+0000] {logging_mixin.py:137} INFO - [2023-02-10T00:09:19.447+0000] {taskmixin.py:205} WARNING - Dependency <Task(BashOperator): create_tag>, delete_tag already registered for DAG: example_complex
[2023-02-10T00:09:19.447+0000] {logging_mixin.py:137} INFO - [2023-02-10T00:09:19.447+0000] {taskmixin.py:205} WARNING - Dependency <Task(BashOperator): delete_tag>, create_tag already registered for DAG: example_complex
[2023-02-10T00:09:19.458+0000] {processor.py:753} INFO - DAG(s) dict_keys(['example_complex']) retrieved from /home/airflow/.local/lib/python3.7/site-packages/airflow/example_dags/example_complex.py
[2023-02-10T00:09:19.500+0000] {logging_mixin.py:137} INFO - [2023-02-10T00:09:19.500+0000] {dag.py:2690} INFO - Sync 1 DAGs
[2023-02-10T00:09:19.539+0000] {logging_mixin.py:137} INFO - [2023-02-10T00:09:19.539+0000] {dag.py:3441} INFO - Setting next_dagrun for example_complex to None, run_after=None
[2023-02-10T00:09:19.570+0000] {processor.py:175} INFO - Processing /home/airflow/.local/lib/python3.7/site-packages/airflow/example_dags/example_complex.py took 0.148 seconds
[2023-02-10T00:09:49.818+0000] {processor.py:153} INFO - Started process (PID=3910) to work on /home/airflow/.local/lib/python3.7/site-packages/airflow/example_dags/example_complex.py
[2023-02-10T00:09:49.819+0000] {processor.py:743} INFO - Processing file /home/airflow/.local/lib/python3.7/site-packages/airflow/example_dags/example_complex.py for tasks to queue
[2023-02-10T00:09:49.820+0000] {logging_mixin.py:137} INFO - [2023-02-10T00:09:49.819+0000] {dagbag.py:538} INFO - Filling up the DagBag from /home/airflow/.local/lib/python3.7/site-packages/airflow/example_dags/example_complex.py
[2023-02-10T00:09:49.834+0000] {logging_mixin.py:137} INFO - [2023-02-10T00:09:49.834+0000] {taskmixin.py:205} WARNING - Dependency <Task(BashOperator): create_entry_group>, delete_entry_group already registered for DAG: example_complex
[2023-02-10T00:09:49.834+0000] {logging_mixin.py:137} INFO - [2023-02-10T00:09:49.834+0000] {taskmixin.py:205} WARNING - Dependency <Task(BashOperator): delete_entry_group>, create_entry_group already registered for DAG: example_complex
[2023-02-10T00:09:49.835+0000] {logging_mixin.py:137} INFO - [2023-02-10T00:09:49.835+0000] {taskmixin.py:205} WARNING - Dependency <Task(BashOperator): create_entry_gcs>, delete_entry already registered for DAG: example_complex
[2023-02-10T00:09:49.835+0000] {logging_mixin.py:137} INFO - [2023-02-10T00:09:49.835+0000] {taskmixin.py:205} WARNING - Dependency <Task(BashOperator): delete_entry>, create_entry_gcs already registered for DAG: example_complex
[2023-02-10T00:09:49.835+0000] {logging_mixin.py:137} INFO - [2023-02-10T00:09:49.835+0000] {taskmixin.py:205} WARNING - Dependency <Task(BashOperator): create_tag>, delete_tag already registered for DAG: example_complex
[2023-02-10T00:09:49.836+0000] {logging_mixin.py:137} INFO - [2023-02-10T00:09:49.836+0000] {taskmixin.py:205} WARNING - Dependency <Task(BashOperator): delete_tag>, create_tag already registered for DAG: example_complex
[2023-02-10T00:09:49.845+0000] {processor.py:753} INFO - DAG(s) dict_keys(['example_complex']) retrieved from /home/airflow/.local/lib/python3.7/site-packages/airflow/example_dags/example_complex.py
[2023-02-10T00:09:49.889+0000] {logging_mixin.py:137} INFO - [2023-02-10T00:09:49.889+0000] {dag.py:2690} INFO - Sync 1 DAGs
[2023-02-10T00:09:49.924+0000] {logging_mixin.py:137} INFO - [2023-02-10T00:09:49.924+0000] {dag.py:3441} INFO - Setting next_dagrun for example_complex to None, run_after=None
[2023-02-10T00:09:49.955+0000] {processor.py:175} INFO - Processing /home/airflow/.local/lib/python3.7/site-packages/airflow/example_dags/example_complex.py took 0.141 seconds
[2023-02-10T00:10:20.077+0000] {processor.py:153} INFO - Started process (PID=3979) to work on /home/airflow/.local/lib/python3.7/site-packages/airflow/example_dags/example_complex.py
[2023-02-10T00:10:20.088+0000] {processor.py:743} INFO - Processing file /home/airflow/.local/lib/python3.7/site-packages/airflow/example_dags/example_complex.py for tasks to queue
[2023-02-10T00:10:20.089+0000] {logging_mixin.py:137} INFO - [2023-02-10T00:10:20.089+0000] {dagbag.py:538} INFO - Filling up the DagBag from /home/airflow/.local/lib/python3.7/site-packages/airflow/example_dags/example_complex.py
[2023-02-10T00:10:20.106+0000] {logging_mixin.py:137} INFO - [2023-02-10T00:10:20.106+0000] {taskmixin.py:205} WARNING - Dependency <Task(BashOperator): create_entry_group>, delete_entry_group already registered for DAG: example_complex
[2023-02-10T00:10:20.106+0000] {logging_mixin.py:137} INFO - [2023-02-10T00:10:20.106+0000] {taskmixin.py:205} WARNING - Dependency <Task(BashOperator): delete_entry_group>, create_entry_group already registered for DAG: example_complex
[2023-02-10T00:10:20.106+0000] {logging_mixin.py:137} INFO - [2023-02-10T00:10:20.106+0000] {taskmixin.py:205} WARNING - Dependency <Task(BashOperator): create_entry_gcs>, delete_entry already registered for DAG: example_complex
[2023-02-10T00:10:20.107+0000] {logging_mixin.py:137} INFO - [2023-02-10T00:10:20.107+0000] {taskmixin.py:205} WARNING - Dependency <Task(BashOperator): delete_entry>, create_entry_gcs already registered for DAG: example_complex
[2023-02-10T00:10:20.107+0000] {logging_mixin.py:137} INFO - [2023-02-10T00:10:20.107+0000] {taskmixin.py:205} WARNING - Dependency <Task(BashOperator): create_tag>, delete_tag already registered for DAG: example_complex
[2023-02-10T00:10:20.107+0000] {logging_mixin.py:137} INFO - [2023-02-10T00:10:20.107+0000] {taskmixin.py:205} WARNING - Dependency <Task(BashOperator): delete_tag>, create_tag already registered for DAG: example_complex
[2023-02-10T00:10:20.119+0000] {processor.py:753} INFO - DAG(s) dict_keys(['example_complex']) retrieved from /home/airflow/.local/lib/python3.7/site-packages/airflow/example_dags/example_complex.py
[2023-02-10T00:10:20.172+0000] {logging_mixin.py:137} INFO - [2023-02-10T00:10:20.172+0000] {dag.py:2690} INFO - Sync 1 DAGs
[2023-02-10T00:10:20.221+0000] {logging_mixin.py:137} INFO - [2023-02-10T00:10:20.221+0000] {dag.py:3441} INFO - Setting next_dagrun for example_complex to None, run_after=None
[2023-02-10T00:10:20.255+0000] {processor.py:175} INFO - Processing /home/airflow/.local/lib/python3.7/site-packages/airflow/example_dags/example_complex.py took 0.182 seconds
[2023-02-10T00:10:51.005+0000] {processor.py:153} INFO - Started process (PID=4061) to work on /home/airflow/.local/lib/python3.7/site-packages/airflow/example_dags/example_complex.py
[2023-02-10T00:10:51.016+0000] {processor.py:743} INFO - Processing file /home/airflow/.local/lib/python3.7/site-packages/airflow/example_dags/example_complex.py for tasks to queue
[2023-02-10T00:10:51.018+0000] {logging_mixin.py:137} INFO - [2023-02-10T00:10:51.017+0000] {dagbag.py:538} INFO - Filling up the DagBag from /home/airflow/.local/lib/python3.7/site-packages/airflow/example_dags/example_complex.py
[2023-02-10T00:10:51.042+0000] {logging_mixin.py:137} INFO - [2023-02-10T00:10:51.042+0000] {taskmixin.py:205} WARNING - Dependency <Task(BashOperator): create_entry_group>, delete_entry_group already registered for DAG: example_complex
[2023-02-10T00:10:51.042+0000] {logging_mixin.py:137} INFO - [2023-02-10T00:10:51.042+0000] {taskmixin.py:205} WARNING - Dependency <Task(BashOperator): delete_entry_group>, create_entry_group already registered for DAG: example_complex
[2023-02-10T00:10:51.043+0000] {logging_mixin.py:137} INFO - [2023-02-10T00:10:51.043+0000] {taskmixin.py:205} WARNING - Dependency <Task(BashOperator): create_entry_gcs>, delete_entry already registered for DAG: example_complex
[2023-02-10T00:10:51.044+0000] {logging_mixin.py:137} INFO - [2023-02-10T00:10:51.044+0000] {taskmixin.py:205} WARNING - Dependency <Task(BashOperator): delete_entry>, create_entry_gcs already registered for DAG: example_complex
[2023-02-10T00:10:51.045+0000] {logging_mixin.py:137} INFO - [2023-02-10T00:10:51.045+0000] {taskmixin.py:205} WARNING - Dependency <Task(BashOperator): create_tag>, delete_tag already registered for DAG: example_complex
[2023-02-10T00:10:51.045+0000] {logging_mixin.py:137} INFO - [2023-02-10T00:10:51.045+0000] {taskmixin.py:205} WARNING - Dependency <Task(BashOperator): delete_tag>, create_tag already registered for DAG: example_complex
[2023-02-10T00:10:51.059+0000] {processor.py:753} INFO - DAG(s) dict_keys(['example_complex']) retrieved from /home/airflow/.local/lib/python3.7/site-packages/airflow/example_dags/example_complex.py
[2023-02-10T00:10:51.101+0000] {logging_mixin.py:137} INFO - [2023-02-10T00:10:51.100+0000] {dag.py:2690} INFO - Sync 1 DAGs
[2023-02-10T00:10:51.138+0000] {logging_mixin.py:137} INFO - [2023-02-10T00:10:51.138+0000] {dag.py:3441} INFO - Setting next_dagrun for example_complex to None, run_after=None
[2023-02-10T00:10:51.166+0000] {processor.py:175} INFO - Processing /home/airflow/.local/lib/python3.7/site-packages/airflow/example_dags/example_complex.py took 0.166 seconds
[2023-02-10T00:11:21.812+0000] {processor.py:153} INFO - Started process (PID=4128) to work on /home/airflow/.local/lib/python3.7/site-packages/airflow/example_dags/example_complex.py
[2023-02-10T00:11:21.814+0000] {processor.py:743} INFO - Processing file /home/airflow/.local/lib/python3.7/site-packages/airflow/example_dags/example_complex.py for tasks to queue
[2023-02-10T00:11:21.815+0000] {logging_mixin.py:137} INFO - [2023-02-10T00:11:21.815+0000] {dagbag.py:538} INFO - Filling up the DagBag from /home/airflow/.local/lib/python3.7/site-packages/airflow/example_dags/example_complex.py
[2023-02-10T00:11:21.838+0000] {logging_mixin.py:137} INFO - [2023-02-10T00:11:21.837+0000] {taskmixin.py:205} WARNING - Dependency <Task(BashOperator): create_entry_group>, delete_entry_group already registered for DAG: example_complex
[2023-02-10T00:11:21.838+0000] {logging_mixin.py:137} INFO - [2023-02-10T00:11:21.838+0000] {taskmixin.py:205} WARNING - Dependency <Task(BashOperator): delete_entry_group>, create_entry_group already registered for DAG: example_complex
[2023-02-10T00:11:21.838+0000] {logging_mixin.py:137} INFO - [2023-02-10T00:11:21.838+0000] {taskmixin.py:205} WARNING - Dependency <Task(BashOperator): create_entry_gcs>, delete_entry already registered for DAG: example_complex
[2023-02-10T00:11:21.838+0000] {logging_mixin.py:137} INFO - [2023-02-10T00:11:21.838+0000] {taskmixin.py:205} WARNING - Dependency <Task(BashOperator): delete_entry>, create_entry_gcs already registered for DAG: example_complex
[2023-02-10T00:11:21.839+0000] {logging_mixin.py:137} INFO - [2023-02-10T00:11:21.839+0000] {taskmixin.py:205} WARNING - Dependency <Task(BashOperator): create_tag>, delete_tag already registered for DAG: example_complex
[2023-02-10T00:11:21.839+0000] {logging_mixin.py:137} INFO - [2023-02-10T00:11:21.839+0000] {taskmixin.py:205} WARNING - Dependency <Task(BashOperator): delete_tag>, create_tag already registered for DAG: example_complex
[2023-02-10T00:11:21.848+0000] {processor.py:753} INFO - DAG(s) dict_keys(['example_complex']) retrieved from /home/airflow/.local/lib/python3.7/site-packages/airflow/example_dags/example_complex.py
[2023-02-10T00:11:21.890+0000] {logging_mixin.py:137} INFO - [2023-02-10T00:11:21.890+0000] {dag.py:2690} INFO - Sync 1 DAGs
[2023-02-10T00:11:21.924+0000] {logging_mixin.py:137} INFO - [2023-02-10T00:11:21.924+0000] {dag.py:3441} INFO - Setting next_dagrun for example_complex to None, run_after=None
[2023-02-10T00:11:21.951+0000] {processor.py:175} INFO - Processing /home/airflow/.local/lib/python3.7/site-packages/airflow/example_dags/example_complex.py took 0.144 seconds
[2023-02-10T00:11:52.038+0000] {processor.py:153} INFO - Started process (PID=4197) to work on /home/airflow/.local/lib/python3.7/site-packages/airflow/example_dags/example_complex.py
[2023-02-10T00:11:52.039+0000] {processor.py:743} INFO - Processing file /home/airflow/.local/lib/python3.7/site-packages/airflow/example_dags/example_complex.py for tasks to queue
[2023-02-10T00:11:52.040+0000] {logging_mixin.py:137} INFO - [2023-02-10T00:11:52.040+0000] {dagbag.py:538} INFO - Filling up the DagBag from /home/airflow/.local/lib/python3.7/site-packages/airflow/example_dags/example_complex.py
[2023-02-10T00:11:52.058+0000] {logging_mixin.py:137} INFO - [2023-02-10T00:11:52.057+0000] {taskmixin.py:205} WARNING - Dependency <Task(BashOperator): create_entry_group>, delete_entry_group already registered for DAG: example_complex
[2023-02-10T00:11:52.058+0000] {logging_mixin.py:137} INFO - [2023-02-10T00:11:52.058+0000] {taskmixin.py:205} WARNING - Dependency <Task(BashOperator): delete_entry_group>, create_entry_group already registered for DAG: example_complex
[2023-02-10T00:11:52.058+0000] {logging_mixin.py:137} INFO - [2023-02-10T00:11:52.058+0000] {taskmixin.py:205} WARNING - Dependency <Task(BashOperator): create_entry_gcs>, delete_entry already registered for DAG: example_complex
[2023-02-10T00:11:52.058+0000] {logging_mixin.py:137} INFO - [2023-02-10T00:11:52.058+0000] {taskmixin.py:205} WARNING - Dependency <Task(BashOperator): delete_entry>, create_entry_gcs already registered for DAG: example_complex
[2023-02-10T00:11:52.059+0000] {logging_mixin.py:137} INFO - [2023-02-10T00:11:52.059+0000] {taskmixin.py:205} WARNING - Dependency <Task(BashOperator): create_tag>, delete_tag already registered for DAG: example_complex
[2023-02-10T00:11:52.059+0000] {logging_mixin.py:137} INFO - [2023-02-10T00:11:52.059+0000] {taskmixin.py:205} WARNING - Dependency <Task(BashOperator): delete_tag>, create_tag already registered for DAG: example_complex
[2023-02-10T00:11:52.071+0000] {processor.py:753} INFO - DAG(s) dict_keys(['example_complex']) retrieved from /home/airflow/.local/lib/python3.7/site-packages/airflow/example_dags/example_complex.py
[2023-02-10T00:11:52.128+0000] {logging_mixin.py:137} INFO - [2023-02-10T00:11:52.128+0000] {dag.py:2690} INFO - Sync 1 DAGs
[2023-02-10T00:11:52.171+0000] {logging_mixin.py:137} INFO - [2023-02-10T00:11:52.171+0000] {dag.py:3441} INFO - Setting next_dagrun for example_complex to None, run_after=None
[2023-02-10T00:11:52.201+0000] {processor.py:175} INFO - Processing /home/airflow/.local/lib/python3.7/site-packages/airflow/example_dags/example_complex.py took 0.169 seconds
[2023-02-10T00:12:22.761+0000] {processor.py:153} INFO - Started process (PID=4279) to work on /home/airflow/.local/lib/python3.7/site-packages/airflow/example_dags/example_complex.py
[2023-02-10T00:12:22.764+0000] {processor.py:743} INFO - Processing file /home/airflow/.local/lib/python3.7/site-packages/airflow/example_dags/example_complex.py for tasks to queue
[2023-02-10T00:12:22.765+0000] {logging_mixin.py:137} INFO - [2023-02-10T00:12:22.765+0000] {dagbag.py:538} INFO - Filling up the DagBag from /home/airflow/.local/lib/python3.7/site-packages/airflow/example_dags/example_complex.py
[2023-02-10T00:12:22.780+0000] {logging_mixin.py:137} INFO - [2023-02-10T00:12:22.780+0000] {taskmixin.py:205} WARNING - Dependency <Task(BashOperator): create_entry_group>, delete_entry_group already registered for DAG: example_complex
[2023-02-10T00:12:22.780+0000] {logging_mixin.py:137} INFO - [2023-02-10T00:12:22.780+0000] {taskmixin.py:205} WARNING - Dependency <Task(BashOperator): delete_entry_group>, create_entry_group already registered for DAG: example_complex
[2023-02-10T00:12:22.781+0000] {logging_mixin.py:137} INFO - [2023-02-10T00:12:22.780+0000] {taskmixin.py:205} WARNING - Dependency <Task(BashOperator): create_entry_gcs>, delete_entry already registered for DAG: example_complex
[2023-02-10T00:12:22.781+0000] {logging_mixin.py:137} INFO - [2023-02-10T00:12:22.781+0000] {taskmixin.py:205} WARNING - Dependency <Task(BashOperator): delete_entry>, create_entry_gcs already registered for DAG: example_complex
[2023-02-10T00:12:22.781+0000] {logging_mixin.py:137} INFO - [2023-02-10T00:12:22.781+0000] {taskmixin.py:205} WARNING - Dependency <Task(BashOperator): create_tag>, delete_tag already registered for DAG: example_complex
[2023-02-10T00:12:22.781+0000] {logging_mixin.py:137} INFO - [2023-02-10T00:12:22.781+0000] {taskmixin.py:205} WARNING - Dependency <Task(BashOperator): delete_tag>, create_tag already registered for DAG: example_complex
[2023-02-10T00:12:22.791+0000] {processor.py:753} INFO - DAG(s) dict_keys(['example_complex']) retrieved from /home/airflow/.local/lib/python3.7/site-packages/airflow/example_dags/example_complex.py
[2023-02-10T00:12:22.832+0000] {logging_mixin.py:137} INFO - [2023-02-10T00:12:22.832+0000] {dag.py:2690} INFO - Sync 1 DAGs
[2023-02-10T00:12:22.914+0000] {logging_mixin.py:137} INFO - [2023-02-10T00:12:22.914+0000] {dag.py:3441} INFO - Setting next_dagrun for example_complex to None, run_after=None
[2023-02-10T00:12:22.947+0000] {processor.py:175} INFO - Processing /home/airflow/.local/lib/python3.7/site-packages/airflow/example_dags/example_complex.py took 0.190 seconds
[2023-02-10T00:12:53.142+0000] {processor.py:153} INFO - Started process (PID=4347) to work on /home/airflow/.local/lib/python3.7/site-packages/airflow/example_dags/example_complex.py
[2023-02-10T00:12:53.142+0000] {processor.py:743} INFO - Processing file /home/airflow/.local/lib/python3.7/site-packages/airflow/example_dags/example_complex.py for tasks to queue
[2023-02-10T00:12:53.143+0000] {logging_mixin.py:137} INFO - [2023-02-10T00:12:53.143+0000] {dagbag.py:538} INFO - Filling up the DagBag from /home/airflow/.local/lib/python3.7/site-packages/airflow/example_dags/example_complex.py
[2023-02-10T00:12:53.159+0000] {logging_mixin.py:137} INFO - [2023-02-10T00:12:53.159+0000] {taskmixin.py:205} WARNING - Dependency <Task(BashOperator): create_entry_group>, delete_entry_group already registered for DAG: example_complex
[2023-02-10T00:12:53.160+0000] {logging_mixin.py:137} INFO - [2023-02-10T00:12:53.160+0000] {taskmixin.py:205} WARNING - Dependency <Task(BashOperator): delete_entry_group>, create_entry_group already registered for DAG: example_complex
[2023-02-10T00:12:53.160+0000] {logging_mixin.py:137} INFO - [2023-02-10T00:12:53.160+0000] {taskmixin.py:205} WARNING - Dependency <Task(BashOperator): create_entry_gcs>, delete_entry already registered for DAG: example_complex
[2023-02-10T00:12:53.160+0000] {logging_mixin.py:137} INFO - [2023-02-10T00:12:53.160+0000] {taskmixin.py:205} WARNING - Dependency <Task(BashOperator): delete_entry>, create_entry_gcs already registered for DAG: example_complex
[2023-02-10T00:12:53.161+0000] {logging_mixin.py:137} INFO - [2023-02-10T00:12:53.161+0000] {taskmixin.py:205} WARNING - Dependency <Task(BashOperator): create_tag>, delete_tag already registered for DAG: example_complex
[2023-02-10T00:12:53.161+0000] {logging_mixin.py:137} INFO - [2023-02-10T00:12:53.161+0000] {taskmixin.py:205} WARNING - Dependency <Task(BashOperator): delete_tag>, create_tag already registered for DAG: example_complex
[2023-02-10T00:12:53.172+0000] {processor.py:753} INFO - DAG(s) dict_keys(['example_complex']) retrieved from /home/airflow/.local/lib/python3.7/site-packages/airflow/example_dags/example_complex.py
[2023-02-10T00:12:53.220+0000] {logging_mixin.py:137} INFO - [2023-02-10T00:12:53.219+0000] {dag.py:2690} INFO - Sync 1 DAGs
[2023-02-10T00:12:53.260+0000] {logging_mixin.py:137} INFO - [2023-02-10T00:12:53.260+0000] {dag.py:3441} INFO - Setting next_dagrun for example_complex to None, run_after=None
[2023-02-10T00:12:53.304+0000] {processor.py:175} INFO - Processing /home/airflow/.local/lib/python3.7/site-packages/airflow/example_dags/example_complex.py took 0.166 seconds
[2023-02-10T00:13:23.811+0000] {processor.py:153} INFO - Started process (PID=4414) to work on /home/airflow/.local/lib/python3.7/site-packages/airflow/example_dags/example_complex.py
[2023-02-10T00:13:23.823+0000] {processor.py:743} INFO - Processing file /home/airflow/.local/lib/python3.7/site-packages/airflow/example_dags/example_complex.py for tasks to queue
[2023-02-10T00:13:23.825+0000] {logging_mixin.py:137} INFO - [2023-02-10T00:13:23.824+0000] {dagbag.py:538} INFO - Filling up the DagBag from /home/airflow/.local/lib/python3.7/site-packages/airflow/example_dags/example_complex.py
[2023-02-10T00:13:23.846+0000] {logging_mixin.py:137} INFO - [2023-02-10T00:13:23.846+0000] {taskmixin.py:205} WARNING - Dependency <Task(BashOperator): create_entry_group>, delete_entry_group already registered for DAG: example_complex
[2023-02-10T00:13:23.846+0000] {logging_mixin.py:137} INFO - [2023-02-10T00:13:23.846+0000] {taskmixin.py:205} WARNING - Dependency <Task(BashOperator): delete_entry_group>, create_entry_group already registered for DAG: example_complex
[2023-02-10T00:13:23.847+0000] {logging_mixin.py:137} INFO - [2023-02-10T00:13:23.847+0000] {taskmixin.py:205} WARNING - Dependency <Task(BashOperator): create_entry_gcs>, delete_entry already registered for DAG: example_complex
[2023-02-10T00:13:23.847+0000] {logging_mixin.py:137} INFO - [2023-02-10T00:13:23.847+0000] {taskmixin.py:205} WARNING - Dependency <Task(BashOperator): delete_entry>, create_entry_gcs already registered for DAG: example_complex
[2023-02-10T00:13:23.847+0000] {logging_mixin.py:137} INFO - [2023-02-10T00:13:23.847+0000] {taskmixin.py:205} WARNING - Dependency <Task(BashOperator): create_tag>, delete_tag already registered for DAG: example_complex
[2023-02-10T00:13:23.848+0000] {logging_mixin.py:137} INFO - [2023-02-10T00:13:23.848+0000] {taskmixin.py:205} WARNING - Dependency <Task(BashOperator): delete_tag>, create_tag already registered for DAG: example_complex
[2023-02-10T00:13:23.863+0000] {processor.py:753} INFO - DAG(s) dict_keys(['example_complex']) retrieved from /home/airflow/.local/lib/python3.7/site-packages/airflow/example_dags/example_complex.py
[2023-02-10T00:13:23.923+0000] {logging_mixin.py:137} INFO - [2023-02-10T00:13:23.923+0000] {dag.py:2690} INFO - Sync 1 DAGs
[2023-02-10T00:13:23.972+0000] {logging_mixin.py:137} INFO - [2023-02-10T00:13:23.972+0000] {dag.py:3441} INFO - Setting next_dagrun for example_complex to None, run_after=None
[2023-02-10T00:13:24.008+0000] {processor.py:175} INFO - Processing /home/airflow/.local/lib/python3.7/site-packages/airflow/example_dags/example_complex.py took 0.204 seconds
