[2023-02-10T00:00:09.582+0000] {processor.py:153} INFO - Started process (PID=2541) to work on /home/airflow/.local/lib/python3.7/site-packages/airflow/example_dags/example_nested_branch_dag.py
[2023-02-10T00:00:09.583+0000] {processor.py:743} INFO - Processing file /home/airflow/.local/lib/python3.7/site-packages/airflow/example_dags/example_nested_branch_dag.py for tasks to queue
[2023-02-10T00:00:09.584+0000] {logging_mixin.py:137} INFO - [2023-02-10T00:00:09.584+0000] {dagbag.py:538} INFO - Filling up the DagBag from /home/airflow/.local/lib/python3.7/site-packages/airflow/example_dags/example_nested_branch_dag.py
[2023-02-10T00:00:09.627+0000] {processor.py:753} INFO - DAG(s) dict_keys(['example_nested_branch_dag']) retrieved from /home/airflow/.local/lib/python3.7/site-packages/airflow/example_dags/example_nested_branch_dag.py
[2023-02-10T00:00:09.658+0000] {logging_mixin.py:137} INFO - [2023-02-10T00:00:09.657+0000] {dag.py:2690} INFO - Sync 1 DAGs
[2023-02-10T00:00:09.694+0000] {logging_mixin.py:137} INFO - [2023-02-10T00:00:09.694+0000] {dag.py:3441} INFO - Setting next_dagrun for example_nested_branch_dag to 2023-02-09T00:00:00+00:00, run_after=2023-02-10T00:00:00+00:00
[2023-02-10T00:00:09.720+0000] {processor.py:175} INFO - Processing /home/airflow/.local/lib/python3.7/site-packages/airflow/example_dags/example_nested_branch_dag.py took 0.143 seconds
[2023-02-10T00:00:40.041+0000] {processor.py:153} INFO - Started process (PID=2607) to work on /home/airflow/.local/lib/python3.7/site-packages/airflow/example_dags/example_nested_branch_dag.py
[2023-02-10T00:00:40.042+0000] {processor.py:743} INFO - Processing file /home/airflow/.local/lib/python3.7/site-packages/airflow/example_dags/example_nested_branch_dag.py for tasks to queue
[2023-02-10T00:00:40.043+0000] {logging_mixin.py:137} INFO - [2023-02-10T00:00:40.043+0000] {dagbag.py:538} INFO - Filling up the DagBag from /home/airflow/.local/lib/python3.7/site-packages/airflow/example_dags/example_nested_branch_dag.py
[2023-02-10T00:00:40.076+0000] {processor.py:753} INFO - DAG(s) dict_keys(['example_nested_branch_dag']) retrieved from /home/airflow/.local/lib/python3.7/site-packages/airflow/example_dags/example_nested_branch_dag.py
[2023-02-10T00:00:40.112+0000] {logging_mixin.py:137} INFO - [2023-02-10T00:00:40.112+0000] {dag.py:2690} INFO - Sync 1 DAGs
[2023-02-10T00:00:40.158+0000] {logging_mixin.py:137} INFO - [2023-02-10T00:00:40.158+0000] {dag.py:3441} INFO - Setting next_dagrun for example_nested_branch_dag to 2023-02-09T00:00:00+00:00, run_after=2023-02-10T00:00:00+00:00
[2023-02-10T00:00:40.200+0000] {processor.py:175} INFO - Processing /home/airflow/.local/lib/python3.7/site-packages/airflow/example_dags/example_nested_branch_dag.py took 0.163 seconds
[2023-02-10T00:01:10.662+0000] {processor.py:153} INFO - Started process (PID=2687) to work on /home/airflow/.local/lib/python3.7/site-packages/airflow/example_dags/example_nested_branch_dag.py
[2023-02-10T00:01:10.664+0000] {processor.py:743} INFO - Processing file /home/airflow/.local/lib/python3.7/site-packages/airflow/example_dags/example_nested_branch_dag.py for tasks to queue
[2023-02-10T00:01:10.665+0000] {logging_mixin.py:137} INFO - [2023-02-10T00:01:10.664+0000] {dagbag.py:538} INFO - Filling up the DagBag from /home/airflow/.local/lib/python3.7/site-packages/airflow/example_dags/example_nested_branch_dag.py
[2023-02-10T00:01:10.730+0000] {processor.py:753} INFO - DAG(s) dict_keys(['example_nested_branch_dag']) retrieved from /home/airflow/.local/lib/python3.7/site-packages/airflow/example_dags/example_nested_branch_dag.py
[2023-02-10T00:01:10.771+0000] {logging_mixin.py:137} INFO - [2023-02-10T00:01:10.771+0000] {dag.py:2690} INFO - Sync 1 DAGs
[2023-02-10T00:01:10.811+0000] {logging_mixin.py:137} INFO - [2023-02-10T00:01:10.810+0000] {dag.py:3441} INFO - Setting next_dagrun for example_nested_branch_dag to 2023-02-09T00:00:00+00:00, run_after=2023-02-10T00:00:00+00:00
[2023-02-10T00:01:10.839+0000] {processor.py:175} INFO - Processing /home/airflow/.local/lib/python3.7/site-packages/airflow/example_dags/example_nested_branch_dag.py took 0.192 seconds
[2023-02-10T00:01:41.293+0000] {processor.py:153} INFO - Started process (PID=2755) to work on /home/airflow/.local/lib/python3.7/site-packages/airflow/example_dags/example_nested_branch_dag.py
[2023-02-10T00:01:41.294+0000] {processor.py:743} INFO - Processing file /home/airflow/.local/lib/python3.7/site-packages/airflow/example_dags/example_nested_branch_dag.py for tasks to queue
[2023-02-10T00:01:41.295+0000] {logging_mixin.py:137} INFO - [2023-02-10T00:01:41.295+0000] {dagbag.py:538} INFO - Filling up the DagBag from /home/airflow/.local/lib/python3.7/site-packages/airflow/example_dags/example_nested_branch_dag.py
[2023-02-10T00:01:41.331+0000] {processor.py:753} INFO - DAG(s) dict_keys(['example_nested_branch_dag']) retrieved from /home/airflow/.local/lib/python3.7/site-packages/airflow/example_dags/example_nested_branch_dag.py
[2023-02-10T00:01:41.368+0000] {logging_mixin.py:137} INFO - [2023-02-10T00:01:41.367+0000] {dag.py:2690} INFO - Sync 1 DAGs
[2023-02-10T00:01:41.413+0000] {logging_mixin.py:137} INFO - [2023-02-10T00:01:41.413+0000] {dag.py:3441} INFO - Setting next_dagrun for example_nested_branch_dag to 2023-02-09T00:00:00+00:00, run_after=2023-02-10T00:00:00+00:00
[2023-02-10T00:01:41.450+0000] {processor.py:175} INFO - Processing /home/airflow/.local/lib/python3.7/site-packages/airflow/example_dags/example_nested_branch_dag.py took 0.161 seconds
[2023-02-10T00:02:11.664+0000] {processor.py:153} INFO - Started process (PID=2822) to work on /home/airflow/.local/lib/python3.7/site-packages/airflow/example_dags/example_nested_branch_dag.py
[2023-02-10T00:02:11.666+0000] {processor.py:743} INFO - Processing file /home/airflow/.local/lib/python3.7/site-packages/airflow/example_dags/example_nested_branch_dag.py for tasks to queue
[2023-02-10T00:02:11.667+0000] {logging_mixin.py:137} INFO - [2023-02-10T00:02:11.666+0000] {dagbag.py:538} INFO - Filling up the DagBag from /home/airflow/.local/lib/python3.7/site-packages/airflow/example_dags/example_nested_branch_dag.py
[2023-02-10T00:02:11.712+0000] {processor.py:753} INFO - DAG(s) dict_keys(['example_nested_branch_dag']) retrieved from /home/airflow/.local/lib/python3.7/site-packages/airflow/example_dags/example_nested_branch_dag.py
[2023-02-10T00:02:11.749+0000] {logging_mixin.py:137} INFO - [2023-02-10T00:02:11.749+0000] {dag.py:2690} INFO - Sync 1 DAGs
[2023-02-10T00:02:11.790+0000] {logging_mixin.py:137} INFO - [2023-02-10T00:02:11.790+0000] {dag.py:3441} INFO - Setting next_dagrun for example_nested_branch_dag to 2023-02-09T00:00:00+00:00, run_after=2023-02-10T00:00:00+00:00
[2023-02-10T00:02:11.832+0000] {processor.py:175} INFO - Processing /home/airflow/.local/lib/python3.7/site-packages/airflow/example_dags/example_nested_branch_dag.py took 0.174 seconds
[2023-02-10T00:02:42.117+0000] {processor.py:153} INFO - Started process (PID=2905) to work on /home/airflow/.local/lib/python3.7/site-packages/airflow/example_dags/example_nested_branch_dag.py
[2023-02-10T00:02:42.120+0000] {processor.py:743} INFO - Processing file /home/airflow/.local/lib/python3.7/site-packages/airflow/example_dags/example_nested_branch_dag.py for tasks to queue
[2023-02-10T00:02:42.120+0000] {logging_mixin.py:137} INFO - [2023-02-10T00:02:42.120+0000] {dagbag.py:538} INFO - Filling up the DagBag from /home/airflow/.local/lib/python3.7/site-packages/airflow/example_dags/example_nested_branch_dag.py
[2023-02-10T00:02:42.154+0000] {processor.py:753} INFO - DAG(s) dict_keys(['example_nested_branch_dag']) retrieved from /home/airflow/.local/lib/python3.7/site-packages/airflow/example_dags/example_nested_branch_dag.py
[2023-02-10T00:02:42.187+0000] {logging_mixin.py:137} INFO - [2023-02-10T00:02:42.187+0000] {dag.py:2690} INFO - Sync 1 DAGs
[2023-02-10T00:02:42.225+0000] {logging_mixin.py:137} INFO - [2023-02-10T00:02:42.225+0000] {dag.py:3441} INFO - Setting next_dagrun for example_nested_branch_dag to 2023-02-09T00:00:00+00:00, run_after=2023-02-10T00:00:00+00:00
[2023-02-10T00:02:42.259+0000] {processor.py:175} INFO - Processing /home/airflow/.local/lib/python3.7/site-packages/airflow/example_dags/example_nested_branch_dag.py took 0.145 seconds
[2023-02-10T00:03:12.577+0000] {processor.py:153} INFO - Started process (PID=2974) to work on /home/airflow/.local/lib/python3.7/site-packages/airflow/example_dags/example_nested_branch_dag.py
[2023-02-10T00:03:12.578+0000] {processor.py:743} INFO - Processing file /home/airflow/.local/lib/python3.7/site-packages/airflow/example_dags/example_nested_branch_dag.py for tasks to queue
[2023-02-10T00:03:12.579+0000] {logging_mixin.py:137} INFO - [2023-02-10T00:03:12.579+0000] {dagbag.py:538} INFO - Filling up the DagBag from /home/airflow/.local/lib/python3.7/site-packages/airflow/example_dags/example_nested_branch_dag.py
[2023-02-10T00:03:12.615+0000] {processor.py:753} INFO - DAG(s) dict_keys(['example_nested_branch_dag']) retrieved from /home/airflow/.local/lib/python3.7/site-packages/airflow/example_dags/example_nested_branch_dag.py
[2023-02-10T00:03:12.650+0000] {logging_mixin.py:137} INFO - [2023-02-10T00:03:12.650+0000] {dag.py:2690} INFO - Sync 1 DAGs
[2023-02-10T00:03:12.691+0000] {logging_mixin.py:137} INFO - [2023-02-10T00:03:12.691+0000] {dag.py:3441} INFO - Setting next_dagrun for example_nested_branch_dag to 2023-02-09T00:00:00+00:00, run_after=2023-02-10T00:00:00+00:00
[2023-02-10T00:03:12.721+0000] {processor.py:175} INFO - Processing /home/airflow/.local/lib/python3.7/site-packages/airflow/example_dags/example_nested_branch_dag.py took 0.148 seconds
[2023-02-10T00:03:42.973+0000] {processor.py:153} INFO - Started process (PID=3042) to work on /home/airflow/.local/lib/python3.7/site-packages/airflow/example_dags/example_nested_branch_dag.py
[2023-02-10T00:03:42.974+0000] {processor.py:743} INFO - Processing file /home/airflow/.local/lib/python3.7/site-packages/airflow/example_dags/example_nested_branch_dag.py for tasks to queue
[2023-02-10T00:03:42.975+0000] {logging_mixin.py:137} INFO - [2023-02-10T00:03:42.975+0000] {dagbag.py:538} INFO - Filling up the DagBag from /home/airflow/.local/lib/python3.7/site-packages/airflow/example_dags/example_nested_branch_dag.py
[2023-02-10T00:03:43.009+0000] {processor.py:753} INFO - DAG(s) dict_keys(['example_nested_branch_dag']) retrieved from /home/airflow/.local/lib/python3.7/site-packages/airflow/example_dags/example_nested_branch_dag.py
[2023-02-10T00:03:43.046+0000] {logging_mixin.py:137} INFO - [2023-02-10T00:03:43.045+0000] {dag.py:2690} INFO - Sync 1 DAGs
[2023-02-10T00:03:43.087+0000] {logging_mixin.py:137} INFO - [2023-02-10T00:03:43.086+0000] {dag.py:3441} INFO - Setting next_dagrun for example_nested_branch_dag to 2023-02-09T00:00:00+00:00, run_after=2023-02-10T00:00:00+00:00
[2023-02-10T00:03:43.121+0000] {processor.py:175} INFO - Processing /home/airflow/.local/lib/python3.7/site-packages/airflow/example_dags/example_nested_branch_dag.py took 0.152 seconds
[2023-02-10T00:04:13.331+0000] {processor.py:153} INFO - Started process (PID=3119) to work on /home/airflow/.local/lib/python3.7/site-packages/airflow/example_dags/example_nested_branch_dag.py
[2023-02-10T00:04:13.332+0000] {processor.py:743} INFO - Processing file /home/airflow/.local/lib/python3.7/site-packages/airflow/example_dags/example_nested_branch_dag.py for tasks to queue
[2023-02-10T00:04:13.333+0000] {logging_mixin.py:137} INFO - [2023-02-10T00:04:13.333+0000] {dagbag.py:538} INFO - Filling up the DagBag from /home/airflow/.local/lib/python3.7/site-packages/airflow/example_dags/example_nested_branch_dag.py
[2023-02-10T00:04:13.374+0000] {processor.py:753} INFO - DAG(s) dict_keys(['example_nested_branch_dag']) retrieved from /home/airflow/.local/lib/python3.7/site-packages/airflow/example_dags/example_nested_branch_dag.py
[2023-02-10T00:04:13.407+0000] {logging_mixin.py:137} INFO - [2023-02-10T00:04:13.407+0000] {dag.py:2690} INFO - Sync 1 DAGs
[2023-02-10T00:04:13.445+0000] {logging_mixin.py:137} INFO - [2023-02-10T00:04:13.445+0000] {dag.py:3441} INFO - Setting next_dagrun for example_nested_branch_dag to 2023-02-09T00:00:00+00:00, run_after=2023-02-10T00:00:00+00:00
[2023-02-10T00:04:13.475+0000] {processor.py:175} INFO - Processing /home/airflow/.local/lib/python3.7/site-packages/airflow/example_dags/example_nested_branch_dag.py took 0.149 seconds
[2023-02-10T00:04:44.048+0000] {processor.py:153} INFO - Started process (PID=3192) to work on /home/airflow/.local/lib/python3.7/site-packages/airflow/example_dags/example_nested_branch_dag.py
[2023-02-10T00:04:44.049+0000] {processor.py:743} INFO - Processing file /home/airflow/.local/lib/python3.7/site-packages/airflow/example_dags/example_nested_branch_dag.py for tasks to queue
[2023-02-10T00:04:44.050+0000] {logging_mixin.py:137} INFO - [2023-02-10T00:04:44.050+0000] {dagbag.py:538} INFO - Filling up the DagBag from /home/airflow/.local/lib/python3.7/site-packages/airflow/example_dags/example_nested_branch_dag.py
[2023-02-10T00:04:44.088+0000] {processor.py:753} INFO - DAG(s) dict_keys(['example_nested_branch_dag']) retrieved from /home/airflow/.local/lib/python3.7/site-packages/airflow/example_dags/example_nested_branch_dag.py
[2023-02-10T00:04:44.125+0000] {logging_mixin.py:137} INFO - [2023-02-10T00:04:44.125+0000] {dag.py:2690} INFO - Sync 1 DAGs
[2023-02-10T00:04:44.165+0000] {logging_mixin.py:137} INFO - [2023-02-10T00:04:44.165+0000] {dag.py:3441} INFO - Setting next_dagrun for example_nested_branch_dag to 2023-02-09T00:00:00+00:00, run_after=2023-02-10T00:00:00+00:00
[2023-02-10T00:04:44.201+0000] {processor.py:175} INFO - Processing /home/airflow/.local/lib/python3.7/site-packages/airflow/example_dags/example_nested_branch_dag.py took 0.157 seconds
[2023-02-10T00:05:14.598+0000] {processor.py:153} INFO - Started process (PID=3258) to work on /home/airflow/.local/lib/python3.7/site-packages/airflow/example_dags/example_nested_branch_dag.py
[2023-02-10T00:05:14.599+0000] {processor.py:743} INFO - Processing file /home/airflow/.local/lib/python3.7/site-packages/airflow/example_dags/example_nested_branch_dag.py for tasks to queue
[2023-02-10T00:05:14.600+0000] {logging_mixin.py:137} INFO - [2023-02-10T00:05:14.600+0000] {dagbag.py:538} INFO - Filling up the DagBag from /home/airflow/.local/lib/python3.7/site-packages/airflow/example_dags/example_nested_branch_dag.py
[2023-02-10T00:05:14.638+0000] {processor.py:753} INFO - DAG(s) dict_keys(['example_nested_branch_dag']) retrieved from /home/airflow/.local/lib/python3.7/site-packages/airflow/example_dags/example_nested_branch_dag.py
[2023-02-10T00:05:14.671+0000] {logging_mixin.py:137} INFO - [2023-02-10T00:05:14.671+0000] {dag.py:2690} INFO - Sync 1 DAGs
[2023-02-10T00:05:14.714+0000] {logging_mixin.py:137} INFO - [2023-02-10T00:05:14.714+0000] {dag.py:3441} INFO - Setting next_dagrun for example_nested_branch_dag to 2023-02-09T00:00:00+00:00, run_after=2023-02-10T00:00:00+00:00
[2023-02-10T00:05:14.745+0000] {processor.py:175} INFO - Processing /home/airflow/.local/lib/python3.7/site-packages/airflow/example_dags/example_nested_branch_dag.py took 0.150 seconds
[2023-02-10T00:05:45.367+0000] {processor.py:153} INFO - Started process (PID=3337) to work on /home/airflow/.local/lib/python3.7/site-packages/airflow/example_dags/example_nested_branch_dag.py
[2023-02-10T00:05:45.369+0000] {processor.py:743} INFO - Processing file /home/airflow/.local/lib/python3.7/site-packages/airflow/example_dags/example_nested_branch_dag.py for tasks to queue
[2023-02-10T00:05:45.369+0000] {logging_mixin.py:137} INFO - [2023-02-10T00:05:45.369+0000] {dagbag.py:538} INFO - Filling up the DagBag from /home/airflow/.local/lib/python3.7/site-packages/airflow/example_dags/example_nested_branch_dag.py
[2023-02-10T00:05:45.399+0000] {processor.py:753} INFO - DAG(s) dict_keys(['example_nested_branch_dag']) retrieved from /home/airflow/.local/lib/python3.7/site-packages/airflow/example_dags/example_nested_branch_dag.py
[2023-02-10T00:05:45.429+0000] {logging_mixin.py:137} INFO - [2023-02-10T00:05:45.429+0000] {dag.py:2690} INFO - Sync 1 DAGs
[2023-02-10T00:05:45.465+0000] {logging_mixin.py:137} INFO - [2023-02-10T00:05:45.465+0000] {dag.py:3441} INFO - Setting next_dagrun for example_nested_branch_dag to 2023-02-09T00:00:00+00:00, run_after=2023-02-10T00:00:00+00:00
[2023-02-10T00:05:45.502+0000] {processor.py:175} INFO - Processing /home/airflow/.local/lib/python3.7/site-packages/airflow/example_dags/example_nested_branch_dag.py took 0.141 seconds
[2023-02-10T00:06:16.154+0000] {processor.py:153} INFO - Started process (PID=3411) to work on /home/airflow/.local/lib/python3.7/site-packages/airflow/example_dags/example_nested_branch_dag.py
[2023-02-10T00:06:16.155+0000] {processor.py:743} INFO - Processing file /home/airflow/.local/lib/python3.7/site-packages/airflow/example_dags/example_nested_branch_dag.py for tasks to queue
[2023-02-10T00:06:16.156+0000] {logging_mixin.py:137} INFO - [2023-02-10T00:06:16.156+0000] {dagbag.py:538} INFO - Filling up the DagBag from /home/airflow/.local/lib/python3.7/site-packages/airflow/example_dags/example_nested_branch_dag.py
[2023-02-10T00:06:16.190+0000] {processor.py:753} INFO - DAG(s) dict_keys(['example_nested_branch_dag']) retrieved from /home/airflow/.local/lib/python3.7/site-packages/airflow/example_dags/example_nested_branch_dag.py
[2023-02-10T00:06:16.231+0000] {logging_mixin.py:137} INFO - [2023-02-10T00:06:16.230+0000] {dag.py:2690} INFO - Sync 1 DAGs
[2023-02-10T00:06:16.270+0000] {logging_mixin.py:137} INFO - [2023-02-10T00:06:16.270+0000] {dag.py:3441} INFO - Setting next_dagrun for example_nested_branch_dag to 2023-02-09T00:00:00+00:00, run_after=2023-02-10T00:00:00+00:00
[2023-02-10T00:06:16.297+0000] {processor.py:175} INFO - Processing /home/airflow/.local/lib/python3.7/site-packages/airflow/example_dags/example_nested_branch_dag.py took 0.148 seconds
[2023-02-10T00:06:47.075+0000] {processor.py:153} INFO - Started process (PID=3480) to work on /home/airflow/.local/lib/python3.7/site-packages/airflow/example_dags/example_nested_branch_dag.py
[2023-02-10T00:06:47.076+0000] {processor.py:743} INFO - Processing file /home/airflow/.local/lib/python3.7/site-packages/airflow/example_dags/example_nested_branch_dag.py for tasks to queue
[2023-02-10T00:06:47.077+0000] {logging_mixin.py:137} INFO - [2023-02-10T00:06:47.077+0000] {dagbag.py:538} INFO - Filling up the DagBag from /home/airflow/.local/lib/python3.7/site-packages/airflow/example_dags/example_nested_branch_dag.py
[2023-02-10T00:06:47.110+0000] {processor.py:753} INFO - DAG(s) dict_keys(['example_nested_branch_dag']) retrieved from /home/airflow/.local/lib/python3.7/site-packages/airflow/example_dags/example_nested_branch_dag.py
[2023-02-10T00:06:47.148+0000] {logging_mixin.py:137} INFO - [2023-02-10T00:06:47.148+0000] {dag.py:2690} INFO - Sync 1 DAGs
[2023-02-10T00:06:47.192+0000] {logging_mixin.py:137} INFO - [2023-02-10T00:06:47.192+0000] {dag.py:3441} INFO - Setting next_dagrun for example_nested_branch_dag to 2023-02-09T00:00:00+00:00, run_after=2023-02-10T00:00:00+00:00
[2023-02-10T00:06:47.224+0000] {processor.py:175} INFO - Processing /home/airflow/.local/lib/python3.7/site-packages/airflow/example_dags/example_nested_branch_dag.py took 0.153 seconds
[2023-02-10T00:07:17.683+0000] {processor.py:153} INFO - Started process (PID=3558) to work on /home/airflow/.local/lib/python3.7/site-packages/airflow/example_dags/example_nested_branch_dag.py
[2023-02-10T00:07:17.684+0000] {processor.py:743} INFO - Processing file /home/airflow/.local/lib/python3.7/site-packages/airflow/example_dags/example_nested_branch_dag.py for tasks to queue
[2023-02-10T00:07:17.684+0000] {logging_mixin.py:137} INFO - [2023-02-10T00:07:17.684+0000] {dagbag.py:538} INFO - Filling up the DagBag from /home/airflow/.local/lib/python3.7/site-packages/airflow/example_dags/example_nested_branch_dag.py
[2023-02-10T00:07:17.722+0000] {processor.py:753} INFO - DAG(s) dict_keys(['example_nested_branch_dag']) retrieved from /home/airflow/.local/lib/python3.7/site-packages/airflow/example_dags/example_nested_branch_dag.py
[2023-02-10T00:07:17.775+0000] {logging_mixin.py:137} INFO - [2023-02-10T00:07:17.775+0000] {dag.py:2690} INFO - Sync 1 DAGs
[2023-02-10T00:07:17.830+0000] {logging_mixin.py:137} INFO - [2023-02-10T00:07:17.830+0000] {dag.py:3441} INFO - Setting next_dagrun for example_nested_branch_dag to 2023-02-09T00:00:00+00:00, run_after=2023-02-10T00:00:00+00:00
[2023-02-10T00:07:17.858+0000] {processor.py:175} INFO - Processing /home/airflow/.local/lib/python3.7/site-packages/airflow/example_dags/example_nested_branch_dag.py took 0.179 seconds
[2023-02-10T00:07:48.453+0000] {processor.py:153} INFO - Started process (PID=3631) to work on /home/airflow/.local/lib/python3.7/site-packages/airflow/example_dags/example_nested_branch_dag.py
[2023-02-10T00:07:48.454+0000] {processor.py:743} INFO - Processing file /home/airflow/.local/lib/python3.7/site-packages/airflow/example_dags/example_nested_branch_dag.py for tasks to queue
[2023-02-10T00:07:48.454+0000] {logging_mixin.py:137} INFO - [2023-02-10T00:07:48.454+0000] {dagbag.py:538} INFO - Filling up the DagBag from /home/airflow/.local/lib/python3.7/site-packages/airflow/example_dags/example_nested_branch_dag.py
[2023-02-10T00:07:48.486+0000] {processor.py:753} INFO - DAG(s) dict_keys(['example_nested_branch_dag']) retrieved from /home/airflow/.local/lib/python3.7/site-packages/airflow/example_dags/example_nested_branch_dag.py
[2023-02-10T00:07:48.517+0000] {logging_mixin.py:137} INFO - [2023-02-10T00:07:48.516+0000] {dag.py:2690} INFO - Sync 1 DAGs
[2023-02-10T00:07:48.554+0000] {logging_mixin.py:137} INFO - [2023-02-10T00:07:48.554+0000] {dag.py:3441} INFO - Setting next_dagrun for example_nested_branch_dag to 2023-02-09T00:00:00+00:00, run_after=2023-02-10T00:00:00+00:00
[2023-02-10T00:07:48.579+0000] {processor.py:175} INFO - Processing /home/airflow/.local/lib/python3.7/site-packages/airflow/example_dags/example_nested_branch_dag.py took 0.130 seconds
[2023-02-10T00:08:18.746+0000] {processor.py:153} INFO - Started process (PID=3699) to work on /home/airflow/.local/lib/python3.7/site-packages/airflow/example_dags/example_nested_branch_dag.py
[2023-02-10T00:08:18.747+0000] {processor.py:743} INFO - Processing file /home/airflow/.local/lib/python3.7/site-packages/airflow/example_dags/example_nested_branch_dag.py for tasks to queue
[2023-02-10T00:08:18.749+0000] {logging_mixin.py:137} INFO - [2023-02-10T00:08:18.748+0000] {dagbag.py:538} INFO - Filling up the DagBag from /home/airflow/.local/lib/python3.7/site-packages/airflow/example_dags/example_nested_branch_dag.py
[2023-02-10T00:08:18.797+0000] {processor.py:753} INFO - DAG(s) dict_keys(['example_nested_branch_dag']) retrieved from /home/airflow/.local/lib/python3.7/site-packages/airflow/example_dags/example_nested_branch_dag.py
[2023-02-10T00:08:18.842+0000] {logging_mixin.py:137} INFO - [2023-02-10T00:08:18.842+0000] {dag.py:2690} INFO - Sync 1 DAGs
[2023-02-10T00:08:18.887+0000] {logging_mixin.py:137} INFO - [2023-02-10T00:08:18.886+0000] {dag.py:3441} INFO - Setting next_dagrun for example_nested_branch_dag to 2023-02-09T00:00:00+00:00, run_after=2023-02-10T00:00:00+00:00
[2023-02-10T00:08:18.922+0000] {processor.py:175} INFO - Processing /home/airflow/.local/lib/python3.7/site-packages/airflow/example_dags/example_nested_branch_dag.py took 0.180 seconds
[2023-02-10T00:08:49.195+0000] {processor.py:153} INFO - Started process (PID=3767) to work on /home/airflow/.local/lib/python3.7/site-packages/airflow/example_dags/example_nested_branch_dag.py
[2023-02-10T00:08:49.196+0000] {processor.py:743} INFO - Processing file /home/airflow/.local/lib/python3.7/site-packages/airflow/example_dags/example_nested_branch_dag.py for tasks to queue
[2023-02-10T00:08:49.197+0000] {logging_mixin.py:137} INFO - [2023-02-10T00:08:49.197+0000] {dagbag.py:538} INFO - Filling up the DagBag from /home/airflow/.local/lib/python3.7/site-packages/airflow/example_dags/example_nested_branch_dag.py
[2023-02-10T00:08:49.231+0000] {processor.py:753} INFO - DAG(s) dict_keys(['example_nested_branch_dag']) retrieved from /home/airflow/.local/lib/python3.7/site-packages/airflow/example_dags/example_nested_branch_dag.py
[2023-02-10T00:08:49.271+0000] {logging_mixin.py:137} INFO - [2023-02-10T00:08:49.271+0000] {dag.py:2690} INFO - Sync 1 DAGs
[2023-02-10T00:08:49.314+0000] {logging_mixin.py:137} INFO - [2023-02-10T00:08:49.314+0000] {dag.py:3441} INFO - Setting next_dagrun for example_nested_branch_dag to 2023-02-09T00:00:00+00:00, run_after=2023-02-10T00:00:00+00:00
[2023-02-10T00:08:49.369+0000] {processor.py:175} INFO - Processing /home/airflow/.local/lib/python3.7/site-packages/airflow/example_dags/example_nested_branch_dag.py took 0.177 seconds
[2023-02-10T00:09:19.959+0000] {processor.py:153} INFO - Started process (PID=3849) to work on /home/airflow/.local/lib/python3.7/site-packages/airflow/example_dags/example_nested_branch_dag.py
[2023-02-10T00:09:19.960+0000] {processor.py:743} INFO - Processing file /home/airflow/.local/lib/python3.7/site-packages/airflow/example_dags/example_nested_branch_dag.py for tasks to queue
[2023-02-10T00:09:19.961+0000] {logging_mixin.py:137} INFO - [2023-02-10T00:09:19.961+0000] {dagbag.py:538} INFO - Filling up the DagBag from /home/airflow/.local/lib/python3.7/site-packages/airflow/example_dags/example_nested_branch_dag.py
[2023-02-10T00:09:19.990+0000] {processor.py:753} INFO - DAG(s) dict_keys(['example_nested_branch_dag']) retrieved from /home/airflow/.local/lib/python3.7/site-packages/airflow/example_dags/example_nested_branch_dag.py
[2023-02-10T00:09:20.020+0000] {logging_mixin.py:137} INFO - [2023-02-10T00:09:20.020+0000] {dag.py:2690} INFO - Sync 1 DAGs
[2023-02-10T00:09:20.057+0000] {logging_mixin.py:137} INFO - [2023-02-10T00:09:20.057+0000] {dag.py:3441} INFO - Setting next_dagrun for example_nested_branch_dag to 2023-02-09T00:00:00+00:00, run_after=2023-02-10T00:00:00+00:00
[2023-02-10T00:09:20.081+0000] {processor.py:175} INFO - Processing /home/airflow/.local/lib/python3.7/site-packages/airflow/example_dags/example_nested_branch_dag.py took 0.125 seconds
[2023-02-10T00:09:50.393+0000] {processor.py:153} INFO - Started process (PID=3916) to work on /home/airflow/.local/lib/python3.7/site-packages/airflow/example_dags/example_nested_branch_dag.py
[2023-02-10T00:09:50.394+0000] {processor.py:743} INFO - Processing file /home/airflow/.local/lib/python3.7/site-packages/airflow/example_dags/example_nested_branch_dag.py for tasks to queue
[2023-02-10T00:09:50.395+0000] {logging_mixin.py:137} INFO - [2023-02-10T00:09:50.395+0000] {dagbag.py:538} INFO - Filling up the DagBag from /home/airflow/.local/lib/python3.7/site-packages/airflow/example_dags/example_nested_branch_dag.py
[2023-02-10T00:09:50.430+0000] {processor.py:753} INFO - DAG(s) dict_keys(['example_nested_branch_dag']) retrieved from /home/airflow/.local/lib/python3.7/site-packages/airflow/example_dags/example_nested_branch_dag.py
[2023-02-10T00:09:50.473+0000] {logging_mixin.py:137} INFO - [2023-02-10T00:09:50.472+0000] {dag.py:2690} INFO - Sync 1 DAGs
[2023-02-10T00:09:50.513+0000] {logging_mixin.py:137} INFO - [2023-02-10T00:09:50.512+0000] {dag.py:3441} INFO - Setting next_dagrun for example_nested_branch_dag to 2023-02-09T00:00:00+00:00, run_after=2023-02-10T00:00:00+00:00
[2023-02-10T00:09:50.540+0000] {processor.py:175} INFO - Processing /home/airflow/.local/lib/python3.7/site-packages/airflow/example_dags/example_nested_branch_dag.py took 0.151 seconds
[2023-02-10T00:10:20.793+0000] {processor.py:153} INFO - Started process (PID=3985) to work on /home/airflow/.local/lib/python3.7/site-packages/airflow/example_dags/example_nested_branch_dag.py
[2023-02-10T00:10:20.794+0000] {processor.py:743} INFO - Processing file /home/airflow/.local/lib/python3.7/site-packages/airflow/example_dags/example_nested_branch_dag.py for tasks to queue
[2023-02-10T00:10:20.795+0000] {logging_mixin.py:137} INFO - [2023-02-10T00:10:20.795+0000] {dagbag.py:538} INFO - Filling up the DagBag from /home/airflow/.local/lib/python3.7/site-packages/airflow/example_dags/example_nested_branch_dag.py
[2023-02-10T00:10:20.864+0000] {processor.py:753} INFO - DAG(s) dict_keys(['example_nested_branch_dag']) retrieved from /home/airflow/.local/lib/python3.7/site-packages/airflow/example_dags/example_nested_branch_dag.py
[2023-02-10T00:10:20.933+0000] {logging_mixin.py:137} INFO - [2023-02-10T00:10:20.933+0000] {dag.py:2690} INFO - Sync 1 DAGs
[2023-02-10T00:10:21.069+0000] {logging_mixin.py:137} INFO - [2023-02-10T00:10:21.069+0000] {dag.py:3441} INFO - Setting next_dagrun for example_nested_branch_dag to 2023-02-09T00:00:00+00:00, run_after=2023-02-10T00:00:00+00:00
[2023-02-10T00:10:21.122+0000] {processor.py:175} INFO - Processing /home/airflow/.local/lib/python3.7/site-packages/airflow/example_dags/example_nested_branch_dag.py took 0.350 seconds
[2023-02-10T00:10:51.619+0000] {processor.py:153} INFO - Started process (PID=4067) to work on /home/airflow/.local/lib/python3.7/site-packages/airflow/example_dags/example_nested_branch_dag.py
[2023-02-10T00:10:51.620+0000] {processor.py:743} INFO - Processing file /home/airflow/.local/lib/python3.7/site-packages/airflow/example_dags/example_nested_branch_dag.py for tasks to queue
[2023-02-10T00:10:51.621+0000] {logging_mixin.py:137} INFO - [2023-02-10T00:10:51.621+0000] {dagbag.py:538} INFO - Filling up the DagBag from /home/airflow/.local/lib/python3.7/site-packages/airflow/example_dags/example_nested_branch_dag.py
[2023-02-10T00:10:51.655+0000] {processor.py:753} INFO - DAG(s) dict_keys(['example_nested_branch_dag']) retrieved from /home/airflow/.local/lib/python3.7/site-packages/airflow/example_dags/example_nested_branch_dag.py
[2023-02-10T00:10:51.702+0000] {logging_mixin.py:137} INFO - [2023-02-10T00:10:51.702+0000] {dag.py:2690} INFO - Sync 1 DAGs
[2023-02-10T00:10:51.749+0000] {logging_mixin.py:137} INFO - [2023-02-10T00:10:51.749+0000] {dag.py:3441} INFO - Setting next_dagrun for example_nested_branch_dag to 2023-02-09T00:00:00+00:00, run_after=2023-02-10T00:00:00+00:00
[2023-02-10T00:10:51.779+0000] {processor.py:175} INFO - Processing /home/airflow/.local/lib/python3.7/site-packages/airflow/example_dags/example_nested_branch_dag.py took 0.164 seconds
[2023-02-10T00:11:22.284+0000] {processor.py:153} INFO - Started process (PID=4134) to work on /home/airflow/.local/lib/python3.7/site-packages/airflow/example_dags/example_nested_branch_dag.py
[2023-02-10T00:11:22.285+0000] {processor.py:743} INFO - Processing file /home/airflow/.local/lib/python3.7/site-packages/airflow/example_dags/example_nested_branch_dag.py for tasks to queue
[2023-02-10T00:11:22.286+0000] {logging_mixin.py:137} INFO - [2023-02-10T00:11:22.286+0000] {dagbag.py:538} INFO - Filling up the DagBag from /home/airflow/.local/lib/python3.7/site-packages/airflow/example_dags/example_nested_branch_dag.py
[2023-02-10T00:11:22.316+0000] {processor.py:753} INFO - DAG(s) dict_keys(['example_nested_branch_dag']) retrieved from /home/airflow/.local/lib/python3.7/site-packages/airflow/example_dags/example_nested_branch_dag.py
[2023-02-10T00:11:22.354+0000] {logging_mixin.py:137} INFO - [2023-02-10T00:11:22.353+0000] {dag.py:2690} INFO - Sync 1 DAGs
[2023-02-10T00:11:22.391+0000] {logging_mixin.py:137} INFO - [2023-02-10T00:11:22.390+0000] {dag.py:3441} INFO - Setting next_dagrun for example_nested_branch_dag to 2023-02-09T00:00:00+00:00, run_after=2023-02-10T00:00:00+00:00
[2023-02-10T00:11:22.416+0000] {processor.py:175} INFO - Processing /home/airflow/.local/lib/python3.7/site-packages/airflow/example_dags/example_nested_branch_dag.py took 0.135 seconds
[2023-02-10T00:11:52.608+0000] {processor.py:153} INFO - Started process (PID=4203) to work on /home/airflow/.local/lib/python3.7/site-packages/airflow/example_dags/example_nested_branch_dag.py
[2023-02-10T00:11:52.609+0000] {processor.py:743} INFO - Processing file /home/airflow/.local/lib/python3.7/site-packages/airflow/example_dags/example_nested_branch_dag.py for tasks to queue
[2023-02-10T00:11:52.610+0000] {logging_mixin.py:137} INFO - [2023-02-10T00:11:52.610+0000] {dagbag.py:538} INFO - Filling up the DagBag from /home/airflow/.local/lib/python3.7/site-packages/airflow/example_dags/example_nested_branch_dag.py
[2023-02-10T00:11:52.645+0000] {processor.py:753} INFO - DAG(s) dict_keys(['example_nested_branch_dag']) retrieved from /home/airflow/.local/lib/python3.7/site-packages/airflow/example_dags/example_nested_branch_dag.py
[2023-02-10T00:11:52.680+0000] {logging_mixin.py:137} INFO - [2023-02-10T00:11:52.680+0000] {dag.py:2690} INFO - Sync 1 DAGs
[2023-02-10T00:11:52.717+0000] {logging_mixin.py:137} INFO - [2023-02-10T00:11:52.716+0000] {dag.py:3441} INFO - Setting next_dagrun for example_nested_branch_dag to 2023-02-09T00:00:00+00:00, run_after=2023-02-10T00:00:00+00:00
[2023-02-10T00:11:52.744+0000] {processor.py:175} INFO - Processing /home/airflow/.local/lib/python3.7/site-packages/airflow/example_dags/example_nested_branch_dag.py took 0.138 seconds
[2023-02-10T00:12:23.401+0000] {processor.py:153} INFO - Started process (PID=4285) to work on /home/airflow/.local/lib/python3.7/site-packages/airflow/example_dags/example_nested_branch_dag.py
[2023-02-10T00:12:23.403+0000] {processor.py:743} INFO - Processing file /home/airflow/.local/lib/python3.7/site-packages/airflow/example_dags/example_nested_branch_dag.py for tasks to queue
[2023-02-10T00:12:23.404+0000] {logging_mixin.py:137} INFO - [2023-02-10T00:12:23.403+0000] {dagbag.py:538} INFO - Filling up the DagBag from /home/airflow/.local/lib/python3.7/site-packages/airflow/example_dags/example_nested_branch_dag.py
[2023-02-10T00:12:23.439+0000] {processor.py:753} INFO - DAG(s) dict_keys(['example_nested_branch_dag']) retrieved from /home/airflow/.local/lib/python3.7/site-packages/airflow/example_dags/example_nested_branch_dag.py
[2023-02-10T00:12:23.476+0000] {logging_mixin.py:137} INFO - [2023-02-10T00:12:23.475+0000] {dag.py:2690} INFO - Sync 1 DAGs
[2023-02-10T00:12:23.519+0000] {logging_mixin.py:137} INFO - [2023-02-10T00:12:23.518+0000] {dag.py:3441} INFO - Setting next_dagrun for example_nested_branch_dag to 2023-02-09T00:00:00+00:00, run_after=2023-02-10T00:00:00+00:00
[2023-02-10T00:12:23.547+0000] {processor.py:175} INFO - Processing /home/airflow/.local/lib/python3.7/site-packages/airflow/example_dags/example_nested_branch_dag.py took 0.149 seconds
[2023-02-10T00:12:53.791+0000] {processor.py:153} INFO - Started process (PID=4353) to work on /home/airflow/.local/lib/python3.7/site-packages/airflow/example_dags/example_nested_branch_dag.py
[2023-02-10T00:12:53.792+0000] {processor.py:743} INFO - Processing file /home/airflow/.local/lib/python3.7/site-packages/airflow/example_dags/example_nested_branch_dag.py for tasks to queue
[2023-02-10T00:12:53.792+0000] {logging_mixin.py:137} INFO - [2023-02-10T00:12:53.792+0000] {dagbag.py:538} INFO - Filling up the DagBag from /home/airflow/.local/lib/python3.7/site-packages/airflow/example_dags/example_nested_branch_dag.py
[2023-02-10T00:12:53.833+0000] {processor.py:753} INFO - DAG(s) dict_keys(['example_nested_branch_dag']) retrieved from /home/airflow/.local/lib/python3.7/site-packages/airflow/example_dags/example_nested_branch_dag.py
[2023-02-10T00:12:53.874+0000] {logging_mixin.py:137} INFO - [2023-02-10T00:12:53.873+0000] {dag.py:2690} INFO - Sync 1 DAGs
[2023-02-10T00:12:53.916+0000] {logging_mixin.py:137} INFO - [2023-02-10T00:12:53.916+0000] {dag.py:3441} INFO - Setting next_dagrun for example_nested_branch_dag to 2023-02-09T00:00:00+00:00, run_after=2023-02-10T00:00:00+00:00
[2023-02-10T00:12:53.947+0000] {processor.py:175} INFO - Processing /home/airflow/.local/lib/python3.7/site-packages/airflow/example_dags/example_nested_branch_dag.py took 0.161 seconds
[2023-02-10T00:13:24.482+0000] {processor.py:153} INFO - Started process (PID=4420) to work on /home/airflow/.local/lib/python3.7/site-packages/airflow/example_dags/example_nested_branch_dag.py
[2023-02-10T00:13:24.483+0000] {processor.py:743} INFO - Processing file /home/airflow/.local/lib/python3.7/site-packages/airflow/example_dags/example_nested_branch_dag.py for tasks to queue
[2023-02-10T00:13:24.483+0000] {logging_mixin.py:137} INFO - [2023-02-10T00:13:24.483+0000] {dagbag.py:538} INFO - Filling up the DagBag from /home/airflow/.local/lib/python3.7/site-packages/airflow/example_dags/example_nested_branch_dag.py
[2023-02-10T00:13:24.515+0000] {processor.py:753} INFO - DAG(s) dict_keys(['example_nested_branch_dag']) retrieved from /home/airflow/.local/lib/python3.7/site-packages/airflow/example_dags/example_nested_branch_dag.py
[2023-02-10T00:13:24.547+0000] {logging_mixin.py:137} INFO - [2023-02-10T00:13:24.547+0000] {dag.py:2690} INFO - Sync 1 DAGs
[2023-02-10T00:13:24.583+0000] {logging_mixin.py:137} INFO - [2023-02-10T00:13:24.583+0000] {dag.py:3441} INFO - Setting next_dagrun for example_nested_branch_dag to 2023-02-09T00:00:00+00:00, run_after=2023-02-10T00:00:00+00:00
[2023-02-10T00:13:24.613+0000] {processor.py:175} INFO - Processing /home/airflow/.local/lib/python3.7/site-packages/airflow/example_dags/example_nested_branch_dag.py took 0.134 seconds
