[2023-02-10T00:00:09.744+0000] {processor.py:153} INFO - Started process (PID=2543) to work on /home/airflow/.local/lib/python3.7/site-packages/airflow/example_dags/example_branch_operator.py
[2023-02-10T00:00:09.745+0000] {processor.py:743} INFO - Processing file /home/airflow/.local/lib/python3.7/site-packages/airflow/example_dags/example_branch_operator.py for tasks to queue
[2023-02-10T00:00:09.746+0000] {logging_mixin.py:137} INFO - [2023-02-10T00:00:09.746+0000] {dagbag.py:538} INFO - Filling up the DagBag from /home/airflow/.local/lib/python3.7/site-packages/airflow/example_dags/example_branch_operator.py
[2023-02-10T00:00:09.777+0000] {processor.py:753} INFO - DAG(s) dict_keys(['example_branch_operator']) retrieved from /home/airflow/.local/lib/python3.7/site-packages/airflow/example_dags/example_branch_operator.py
[2023-02-10T00:00:09.810+0000] {logging_mixin.py:137} INFO - [2023-02-10T00:00:09.809+0000] {dag.py:2690} INFO - Sync 1 DAGs
[2023-02-10T00:00:09.846+0000] {logging_mixin.py:137} INFO - [2023-02-10T00:00:09.846+0000] {dag.py:3441} INFO - Setting next_dagrun for example_branch_operator to 2023-02-09T00:00:00+00:00, run_after=2023-02-10T00:00:00+00:00
[2023-02-10T00:00:09.871+0000] {processor.py:175} INFO - Processing /home/airflow/.local/lib/python3.7/site-packages/airflow/example_dags/example_branch_operator.py took 0.132 seconds
[2023-02-10T00:00:40.237+0000] {processor.py:153} INFO - Started process (PID=2609) to work on /home/airflow/.local/lib/python3.7/site-packages/airflow/example_dags/example_branch_operator.py
[2023-02-10T00:00:40.239+0000] {processor.py:743} INFO - Processing file /home/airflow/.local/lib/python3.7/site-packages/airflow/example_dags/example_branch_operator.py for tasks to queue
[2023-02-10T00:00:40.240+0000] {logging_mixin.py:137} INFO - [2023-02-10T00:00:40.240+0000] {dagbag.py:538} INFO - Filling up the DagBag from /home/airflow/.local/lib/python3.7/site-packages/airflow/example_dags/example_branch_operator.py
[2023-02-10T00:00:40.278+0000] {processor.py:753} INFO - DAG(s) dict_keys(['example_branch_operator']) retrieved from /home/airflow/.local/lib/python3.7/site-packages/airflow/example_dags/example_branch_operator.py
[2023-02-10T00:00:40.315+0000] {logging_mixin.py:137} INFO - [2023-02-10T00:00:40.315+0000] {dag.py:2690} INFO - Sync 1 DAGs
[2023-02-10T00:00:40.357+0000] {logging_mixin.py:137} INFO - [2023-02-10T00:00:40.357+0000] {dag.py:3441} INFO - Setting next_dagrun for example_branch_operator to 2023-02-09T00:00:00+00:00, run_after=2023-02-10T00:00:00+00:00
[2023-02-10T00:00:40.398+0000] {processor.py:175} INFO - Processing /home/airflow/.local/lib/python3.7/site-packages/airflow/example_dags/example_branch_operator.py took 0.167 seconds
[2023-02-10T00:01:10.885+0000] {processor.py:153} INFO - Started process (PID=2689) to work on /home/airflow/.local/lib/python3.7/site-packages/airflow/example_dags/example_branch_operator.py
[2023-02-10T00:01:10.886+0000] {processor.py:743} INFO - Processing file /home/airflow/.local/lib/python3.7/site-packages/airflow/example_dags/example_branch_operator.py for tasks to queue
[2023-02-10T00:01:10.887+0000] {logging_mixin.py:137} INFO - [2023-02-10T00:01:10.887+0000] {dagbag.py:538} INFO - Filling up the DagBag from /home/airflow/.local/lib/python3.7/site-packages/airflow/example_dags/example_branch_operator.py
[2023-02-10T00:01:10.911+0000] {processor.py:753} INFO - DAG(s) dict_keys(['example_branch_operator']) retrieved from /home/airflow/.local/lib/python3.7/site-packages/airflow/example_dags/example_branch_operator.py
[2023-02-10T00:01:10.951+0000] {logging_mixin.py:137} INFO - [2023-02-10T00:01:10.950+0000] {dag.py:2690} INFO - Sync 1 DAGs
[2023-02-10T00:01:10.992+0000] {logging_mixin.py:137} INFO - [2023-02-10T00:01:10.992+0000] {dag.py:3441} INFO - Setting next_dagrun for example_branch_operator to 2023-02-09T00:00:00+00:00, run_after=2023-02-10T00:00:00+00:00
[2023-02-10T00:01:11.025+0000] {processor.py:175} INFO - Processing /home/airflow/.local/lib/python3.7/site-packages/airflow/example_dags/example_branch_operator.py took 0.143 seconds
[2023-02-10T00:01:41.474+0000] {processor.py:153} INFO - Started process (PID=2757) to work on /home/airflow/.local/lib/python3.7/site-packages/airflow/example_dags/example_branch_operator.py
[2023-02-10T00:01:41.474+0000] {processor.py:743} INFO - Processing file /home/airflow/.local/lib/python3.7/site-packages/airflow/example_dags/example_branch_operator.py for tasks to queue
[2023-02-10T00:01:41.475+0000] {logging_mixin.py:137} INFO - [2023-02-10T00:01:41.475+0000] {dagbag.py:538} INFO - Filling up the DagBag from /home/airflow/.local/lib/python3.7/site-packages/airflow/example_dags/example_branch_operator.py
[2023-02-10T00:01:41.496+0000] {processor.py:753} INFO - DAG(s) dict_keys(['example_branch_operator']) retrieved from /home/airflow/.local/lib/python3.7/site-packages/airflow/example_dags/example_branch_operator.py
[2023-02-10T00:01:41.526+0000] {logging_mixin.py:137} INFO - [2023-02-10T00:01:41.526+0000] {dag.py:2690} INFO - Sync 1 DAGs
[2023-02-10T00:01:41.564+0000] {logging_mixin.py:137} INFO - [2023-02-10T00:01:41.564+0000] {dag.py:3441} INFO - Setting next_dagrun for example_branch_operator to 2023-02-09T00:00:00+00:00, run_after=2023-02-10T00:00:00+00:00
[2023-02-10T00:01:41.591+0000] {processor.py:175} INFO - Processing /home/airflow/.local/lib/python3.7/site-packages/airflow/example_dags/example_branch_operator.py took 0.121 seconds
[2023-02-10T00:02:11.866+0000] {processor.py:153} INFO - Started process (PID=2824) to work on /home/airflow/.local/lib/python3.7/site-packages/airflow/example_dags/example_branch_operator.py
[2023-02-10T00:02:11.867+0000] {processor.py:743} INFO - Processing file /home/airflow/.local/lib/python3.7/site-packages/airflow/example_dags/example_branch_operator.py for tasks to queue
[2023-02-10T00:02:11.867+0000] {logging_mixin.py:137} INFO - [2023-02-10T00:02:11.867+0000] {dagbag.py:538} INFO - Filling up the DagBag from /home/airflow/.local/lib/python3.7/site-packages/airflow/example_dags/example_branch_operator.py
[2023-02-10T00:02:11.888+0000] {processor.py:753} INFO - DAG(s) dict_keys(['example_branch_operator']) retrieved from /home/airflow/.local/lib/python3.7/site-packages/airflow/example_dags/example_branch_operator.py
[2023-02-10T00:02:11.922+0000] {logging_mixin.py:137} INFO - [2023-02-10T00:02:11.922+0000] {dag.py:2690} INFO - Sync 1 DAGs
[2023-02-10T00:02:11.959+0000] {logging_mixin.py:137} INFO - [2023-02-10T00:02:11.959+0000] {dag.py:3441} INFO - Setting next_dagrun for example_branch_operator to 2023-02-09T00:00:00+00:00, run_after=2023-02-10T00:00:00+00:00
[2023-02-10T00:02:11.986+0000] {processor.py:175} INFO - Processing /home/airflow/.local/lib/python3.7/site-packages/airflow/example_dags/example_branch_operator.py took 0.124 seconds
[2023-02-10T00:02:42.287+0000] {processor.py:153} INFO - Started process (PID=2907) to work on /home/airflow/.local/lib/python3.7/site-packages/airflow/example_dags/example_branch_operator.py
[2023-02-10T00:02:42.288+0000] {processor.py:743} INFO - Processing file /home/airflow/.local/lib/python3.7/site-packages/airflow/example_dags/example_branch_operator.py for tasks to queue
[2023-02-10T00:02:42.289+0000] {logging_mixin.py:137} INFO - [2023-02-10T00:02:42.288+0000] {dagbag.py:538} INFO - Filling up the DagBag from /home/airflow/.local/lib/python3.7/site-packages/airflow/example_dags/example_branch_operator.py
[2023-02-10T00:02:42.314+0000] {processor.py:753} INFO - DAG(s) dict_keys(['example_branch_operator']) retrieved from /home/airflow/.local/lib/python3.7/site-packages/airflow/example_dags/example_branch_operator.py
[2023-02-10T00:02:42.356+0000] {logging_mixin.py:137} INFO - [2023-02-10T00:02:42.356+0000] {dag.py:2690} INFO - Sync 1 DAGs
[2023-02-10T00:02:42.395+0000] {logging_mixin.py:137} INFO - [2023-02-10T00:02:42.395+0000] {dag.py:3441} INFO - Setting next_dagrun for example_branch_operator to 2023-02-09T00:00:00+00:00, run_after=2023-02-10T00:00:00+00:00
[2023-02-10T00:02:42.424+0000] {processor.py:175} INFO - Processing /home/airflow/.local/lib/python3.7/site-packages/airflow/example_dags/example_branch_operator.py took 0.142 seconds
[2023-02-10T00:03:12.749+0000] {processor.py:153} INFO - Started process (PID=2976) to work on /home/airflow/.local/lib/python3.7/site-packages/airflow/example_dags/example_branch_operator.py
[2023-02-10T00:03:12.750+0000] {processor.py:743} INFO - Processing file /home/airflow/.local/lib/python3.7/site-packages/airflow/example_dags/example_branch_operator.py for tasks to queue
[2023-02-10T00:03:12.751+0000] {logging_mixin.py:137} INFO - [2023-02-10T00:03:12.751+0000] {dagbag.py:538} INFO - Filling up the DagBag from /home/airflow/.local/lib/python3.7/site-packages/airflow/example_dags/example_branch_operator.py
[2023-02-10T00:03:12.773+0000] {processor.py:753} INFO - DAG(s) dict_keys(['example_branch_operator']) retrieved from /home/airflow/.local/lib/python3.7/site-packages/airflow/example_dags/example_branch_operator.py
[2023-02-10T00:03:12.807+0000] {logging_mixin.py:137} INFO - [2023-02-10T00:03:12.807+0000] {dag.py:2690} INFO - Sync 1 DAGs
[2023-02-10T00:03:12.850+0000] {logging_mixin.py:137} INFO - [2023-02-10T00:03:12.850+0000] {dag.py:3441} INFO - Setting next_dagrun for example_branch_operator to 2023-02-09T00:00:00+00:00, run_after=2023-02-10T00:00:00+00:00
[2023-02-10T00:03:12.880+0000] {processor.py:175} INFO - Processing /home/airflow/.local/lib/python3.7/site-packages/airflow/example_dags/example_branch_operator.py took 0.135 seconds
[2023-02-10T00:03:43.166+0000] {processor.py:153} INFO - Started process (PID=3044) to work on /home/airflow/.local/lib/python3.7/site-packages/airflow/example_dags/example_branch_operator.py
[2023-02-10T00:03:43.167+0000] {processor.py:743} INFO - Processing file /home/airflow/.local/lib/python3.7/site-packages/airflow/example_dags/example_branch_operator.py for tasks to queue
[2023-02-10T00:03:43.168+0000] {logging_mixin.py:137} INFO - [2023-02-10T00:03:43.168+0000] {dagbag.py:538} INFO - Filling up the DagBag from /home/airflow/.local/lib/python3.7/site-packages/airflow/example_dags/example_branch_operator.py
[2023-02-10T00:03:43.192+0000] {processor.py:753} INFO - DAG(s) dict_keys(['example_branch_operator']) retrieved from /home/airflow/.local/lib/python3.7/site-packages/airflow/example_dags/example_branch_operator.py
[2023-02-10T00:03:43.239+0000] {logging_mixin.py:137} INFO - [2023-02-10T00:03:43.238+0000] {dag.py:2690} INFO - Sync 1 DAGs
[2023-02-10T00:03:43.286+0000] {logging_mixin.py:137} INFO - [2023-02-10T00:03:43.286+0000] {dag.py:3441} INFO - Setting next_dagrun for example_branch_operator to 2023-02-09T00:00:00+00:00, run_after=2023-02-10T00:00:00+00:00
[2023-02-10T00:03:43.324+0000] {processor.py:175} INFO - Processing /home/airflow/.local/lib/python3.7/site-packages/airflow/example_dags/example_branch_operator.py took 0.162 seconds
[2023-02-10T00:04:13.499+0000] {processor.py:153} INFO - Started process (PID=3126) to work on /home/airflow/.local/lib/python3.7/site-packages/airflow/example_dags/example_branch_operator.py
[2023-02-10T00:04:13.501+0000] {processor.py:743} INFO - Processing file /home/airflow/.local/lib/python3.7/site-packages/airflow/example_dags/example_branch_operator.py for tasks to queue
[2023-02-10T00:04:13.502+0000] {logging_mixin.py:137} INFO - [2023-02-10T00:04:13.502+0000] {dagbag.py:538} INFO - Filling up the DagBag from /home/airflow/.local/lib/python3.7/site-packages/airflow/example_dags/example_branch_operator.py
[2023-02-10T00:04:13.524+0000] {processor.py:753} INFO - DAG(s) dict_keys(['example_branch_operator']) retrieved from /home/airflow/.local/lib/python3.7/site-packages/airflow/example_dags/example_branch_operator.py
[2023-02-10T00:04:13.556+0000] {logging_mixin.py:137} INFO - [2023-02-10T00:04:13.556+0000] {dag.py:2690} INFO - Sync 1 DAGs
[2023-02-10T00:04:13.593+0000] {logging_mixin.py:137} INFO - [2023-02-10T00:04:13.592+0000] {dag.py:3441} INFO - Setting next_dagrun for example_branch_operator to 2023-02-09T00:00:00+00:00, run_after=2023-02-10T00:00:00+00:00
[2023-02-10T00:04:13.617+0000] {processor.py:175} INFO - Processing /home/airflow/.local/lib/python3.7/site-packages/airflow/example_dags/example_branch_operator.py took 0.122 seconds
[2023-02-10T00:04:44.231+0000] {processor.py:153} INFO - Started process (PID=3194) to work on /home/airflow/.local/lib/python3.7/site-packages/airflow/example_dags/example_branch_operator.py
[2023-02-10T00:04:44.232+0000] {processor.py:743} INFO - Processing file /home/airflow/.local/lib/python3.7/site-packages/airflow/example_dags/example_branch_operator.py for tasks to queue
[2023-02-10T00:04:44.233+0000] {logging_mixin.py:137} INFO - [2023-02-10T00:04:44.233+0000] {dagbag.py:538} INFO - Filling up the DagBag from /home/airflow/.local/lib/python3.7/site-packages/airflow/example_dags/example_branch_operator.py
[2023-02-10T00:04:44.257+0000] {processor.py:753} INFO - DAG(s) dict_keys(['example_branch_operator']) retrieved from /home/airflow/.local/lib/python3.7/site-packages/airflow/example_dags/example_branch_operator.py
[2023-02-10T00:04:44.294+0000] {logging_mixin.py:137} INFO - [2023-02-10T00:04:44.294+0000] {dag.py:2690} INFO - Sync 1 DAGs
[2023-02-10T00:04:44.336+0000] {logging_mixin.py:137} INFO - [2023-02-10T00:04:44.336+0000] {dag.py:3441} INFO - Setting next_dagrun for example_branch_operator to 2023-02-09T00:00:00+00:00, run_after=2023-02-10T00:00:00+00:00
[2023-02-10T00:04:44.369+0000] {processor.py:175} INFO - Processing /home/airflow/.local/lib/python3.7/site-packages/airflow/example_dags/example_branch_operator.py took 0.141 seconds
[2023-02-10T00:05:14.768+0000] {processor.py:153} INFO - Started process (PID=3260) to work on /home/airflow/.local/lib/python3.7/site-packages/airflow/example_dags/example_branch_operator.py
[2023-02-10T00:05:14.769+0000] {processor.py:743} INFO - Processing file /home/airflow/.local/lib/python3.7/site-packages/airflow/example_dags/example_branch_operator.py for tasks to queue
[2023-02-10T00:05:14.770+0000] {logging_mixin.py:137} INFO - [2023-02-10T00:05:14.770+0000] {dagbag.py:538} INFO - Filling up the DagBag from /home/airflow/.local/lib/python3.7/site-packages/airflow/example_dags/example_branch_operator.py
[2023-02-10T00:05:14.792+0000] {processor.py:753} INFO - DAG(s) dict_keys(['example_branch_operator']) retrieved from /home/airflow/.local/lib/python3.7/site-packages/airflow/example_dags/example_branch_operator.py
[2023-02-10T00:05:14.828+0000] {logging_mixin.py:137} INFO - [2023-02-10T00:05:14.827+0000] {dag.py:2690} INFO - Sync 1 DAGs
[2023-02-10T00:05:14.866+0000] {logging_mixin.py:137} INFO - [2023-02-10T00:05:14.866+0000] {dag.py:3441} INFO - Setting next_dagrun for example_branch_operator to 2023-02-09T00:00:00+00:00, run_after=2023-02-10T00:00:00+00:00
[2023-02-10T00:05:14.893+0000] {processor.py:175} INFO - Processing /home/airflow/.local/lib/python3.7/site-packages/airflow/example_dags/example_branch_operator.py took 0.128 seconds
[2023-02-10T00:05:45.525+0000] {processor.py:153} INFO - Started process (PID=3339) to work on /home/airflow/.local/lib/python3.7/site-packages/airflow/example_dags/example_branch_operator.py
[2023-02-10T00:05:45.526+0000] {processor.py:743} INFO - Processing file /home/airflow/.local/lib/python3.7/site-packages/airflow/example_dags/example_branch_operator.py for tasks to queue
[2023-02-10T00:05:45.526+0000] {logging_mixin.py:137} INFO - [2023-02-10T00:05:45.526+0000] {dagbag.py:538} INFO - Filling up the DagBag from /home/airflow/.local/lib/python3.7/site-packages/airflow/example_dags/example_branch_operator.py
[2023-02-10T00:05:45.546+0000] {processor.py:753} INFO - DAG(s) dict_keys(['example_branch_operator']) retrieved from /home/airflow/.local/lib/python3.7/site-packages/airflow/example_dags/example_branch_operator.py
[2023-02-10T00:05:45.597+0000] {logging_mixin.py:137} INFO - [2023-02-10T00:05:45.596+0000] {dag.py:2690} INFO - Sync 1 DAGs
[2023-02-10T00:05:45.634+0000] {logging_mixin.py:137} INFO - [2023-02-10T00:05:45.634+0000] {dag.py:3441} INFO - Setting next_dagrun for example_branch_operator to 2023-02-09T00:00:00+00:00, run_after=2023-02-10T00:00:00+00:00
[2023-02-10T00:05:45.670+0000] {processor.py:175} INFO - Processing /home/airflow/.local/lib/python3.7/site-packages/airflow/example_dags/example_branch_operator.py took 0.149 seconds
[2023-02-10T00:06:16.320+0000] {processor.py:153} INFO - Started process (PID=3413) to work on /home/airflow/.local/lib/python3.7/site-packages/airflow/example_dags/example_branch_operator.py
[2023-02-10T00:06:16.321+0000] {processor.py:743} INFO - Processing file /home/airflow/.local/lib/python3.7/site-packages/airflow/example_dags/example_branch_operator.py for tasks to queue
[2023-02-10T00:06:16.322+0000] {logging_mixin.py:137} INFO - [2023-02-10T00:06:16.321+0000] {dagbag.py:538} INFO - Filling up the DagBag from /home/airflow/.local/lib/python3.7/site-packages/airflow/example_dags/example_branch_operator.py
[2023-02-10T00:06:16.343+0000] {processor.py:753} INFO - DAG(s) dict_keys(['example_branch_operator']) retrieved from /home/airflow/.local/lib/python3.7/site-packages/airflow/example_dags/example_branch_operator.py
[2023-02-10T00:06:16.376+0000] {logging_mixin.py:137} INFO - [2023-02-10T00:06:16.376+0000] {dag.py:2690} INFO - Sync 1 DAGs
[2023-02-10T00:06:16.413+0000] {logging_mixin.py:137} INFO - [2023-02-10T00:06:16.413+0000] {dag.py:3441} INFO - Setting next_dagrun for example_branch_operator to 2023-02-09T00:00:00+00:00, run_after=2023-02-10T00:00:00+00:00
[2023-02-10T00:06:16.439+0000] {processor.py:175} INFO - Processing /home/airflow/.local/lib/python3.7/site-packages/airflow/example_dags/example_branch_operator.py took 0.123 seconds
[2023-02-10T00:06:47.256+0000] {processor.py:153} INFO - Started process (PID=3482) to work on /home/airflow/.local/lib/python3.7/site-packages/airflow/example_dags/example_branch_operator.py
[2023-02-10T00:06:47.258+0000] {processor.py:743} INFO - Processing file /home/airflow/.local/lib/python3.7/site-packages/airflow/example_dags/example_branch_operator.py for tasks to queue
[2023-02-10T00:06:47.259+0000] {logging_mixin.py:137} INFO - [2023-02-10T00:06:47.258+0000] {dagbag.py:538} INFO - Filling up the DagBag from /home/airflow/.local/lib/python3.7/site-packages/airflow/example_dags/example_branch_operator.py
[2023-02-10T00:06:47.294+0000] {processor.py:753} INFO - DAG(s) dict_keys(['example_branch_operator']) retrieved from /home/airflow/.local/lib/python3.7/site-packages/airflow/example_dags/example_branch_operator.py
[2023-02-10T00:06:47.332+0000] {logging_mixin.py:137} INFO - [2023-02-10T00:06:47.331+0000] {dag.py:2690} INFO - Sync 1 DAGs
[2023-02-10T00:06:47.374+0000] {logging_mixin.py:137} INFO - [2023-02-10T00:06:47.374+0000] {dag.py:3441} INFO - Setting next_dagrun for example_branch_operator to 2023-02-09T00:00:00+00:00, run_after=2023-02-10T00:00:00+00:00
[2023-02-10T00:06:47.406+0000] {processor.py:175} INFO - Processing /home/airflow/.local/lib/python3.7/site-packages/airflow/example_dags/example_branch_operator.py took 0.155 seconds
[2023-02-10T00:07:18.063+0000] {processor.py:153} INFO - Started process (PID=3560) to work on /home/airflow/.local/lib/python3.7/site-packages/airflow/example_dags/example_branch_operator.py
[2023-02-10T00:07:18.064+0000] {processor.py:743} INFO - Processing file /home/airflow/.local/lib/python3.7/site-packages/airflow/example_dags/example_branch_operator.py for tasks to queue
[2023-02-10T00:07:18.065+0000] {logging_mixin.py:137} INFO - [2023-02-10T00:07:18.065+0000] {dagbag.py:538} INFO - Filling up the DagBag from /home/airflow/.local/lib/python3.7/site-packages/airflow/example_dags/example_branch_operator.py
[2023-02-10T00:07:18.100+0000] {processor.py:753} INFO - DAG(s) dict_keys(['example_branch_operator']) retrieved from /home/airflow/.local/lib/python3.7/site-packages/airflow/example_dags/example_branch_operator.py
[2023-02-10T00:07:18.171+0000] {logging_mixin.py:137} INFO - [2023-02-10T00:07:18.170+0000] {dag.py:2690} INFO - Sync 1 DAGs
[2023-02-10T00:07:18.217+0000] {logging_mixin.py:137} INFO - [2023-02-10T00:07:18.217+0000] {dag.py:3441} INFO - Setting next_dagrun for example_branch_operator to 2023-02-09T00:00:00+00:00, run_after=2023-02-10T00:00:00+00:00
[2023-02-10T00:07:18.250+0000] {processor.py:175} INFO - Processing /home/airflow/.local/lib/python3.7/site-packages/airflow/example_dags/example_branch_operator.py took 0.192 seconds
[2023-02-10T00:07:48.603+0000] {processor.py:153} INFO - Started process (PID=3633) to work on /home/airflow/.local/lib/python3.7/site-packages/airflow/example_dags/example_branch_operator.py
[2023-02-10T00:07:48.604+0000] {processor.py:743} INFO - Processing file /home/airflow/.local/lib/python3.7/site-packages/airflow/example_dags/example_branch_operator.py for tasks to queue
[2023-02-10T00:07:48.604+0000] {logging_mixin.py:137} INFO - [2023-02-10T00:07:48.604+0000] {dagbag.py:538} INFO - Filling up the DagBag from /home/airflow/.local/lib/python3.7/site-packages/airflow/example_dags/example_branch_operator.py
[2023-02-10T00:07:48.623+0000] {processor.py:753} INFO - DAG(s) dict_keys(['example_branch_operator']) retrieved from /home/airflow/.local/lib/python3.7/site-packages/airflow/example_dags/example_branch_operator.py
[2023-02-10T00:07:48.654+0000] {logging_mixin.py:137} INFO - [2023-02-10T00:07:48.654+0000] {dag.py:2690} INFO - Sync 1 DAGs
[2023-02-10T00:07:48.694+0000] {logging_mixin.py:137} INFO - [2023-02-10T00:07:48.693+0000] {dag.py:3441} INFO - Setting next_dagrun for example_branch_operator to 2023-02-09T00:00:00+00:00, run_after=2023-02-10T00:00:00+00:00
[2023-02-10T00:07:48.720+0000] {processor.py:175} INFO - Processing /home/airflow/.local/lib/python3.7/site-packages/airflow/example_dags/example_branch_operator.py took 0.120 seconds
[2023-02-10T00:08:18.949+0000] {processor.py:153} INFO - Started process (PID=3701) to work on /home/airflow/.local/lib/python3.7/site-packages/airflow/example_dags/example_branch_operator.py
[2023-02-10T00:08:18.950+0000] {processor.py:743} INFO - Processing file /home/airflow/.local/lib/python3.7/site-packages/airflow/example_dags/example_branch_operator.py for tasks to queue
[2023-02-10T00:08:18.951+0000] {logging_mixin.py:137} INFO - [2023-02-10T00:08:18.950+0000] {dagbag.py:538} INFO - Filling up the DagBag from /home/airflow/.local/lib/python3.7/site-packages/airflow/example_dags/example_branch_operator.py
[2023-02-10T00:08:18.972+0000] {processor.py:753} INFO - DAG(s) dict_keys(['example_branch_operator']) retrieved from /home/airflow/.local/lib/python3.7/site-packages/airflow/example_dags/example_branch_operator.py
[2023-02-10T00:08:19.008+0000] {logging_mixin.py:137} INFO - [2023-02-10T00:08:19.008+0000] {dag.py:2690} INFO - Sync 1 DAGs
[2023-02-10T00:08:19.049+0000] {logging_mixin.py:137} INFO - [2023-02-10T00:08:19.049+0000] {dag.py:3441} INFO - Setting next_dagrun for example_branch_operator to 2023-02-09T00:00:00+00:00, run_after=2023-02-10T00:00:00+00:00
[2023-02-10T00:08:19.080+0000] {processor.py:175} INFO - Processing /home/airflow/.local/lib/python3.7/site-packages/airflow/example_dags/example_branch_operator.py took 0.134 seconds
[2023-02-10T00:08:49.421+0000] {processor.py:153} INFO - Started process (PID=3775) to work on /home/airflow/.local/lib/python3.7/site-packages/airflow/example_dags/example_branch_operator.py
[2023-02-10T00:08:49.423+0000] {processor.py:743} INFO - Processing file /home/airflow/.local/lib/python3.7/site-packages/airflow/example_dags/example_branch_operator.py for tasks to queue
[2023-02-10T00:08:49.428+0000] {logging_mixin.py:137} INFO - [2023-02-10T00:08:49.427+0000] {dagbag.py:538} INFO - Filling up the DagBag from /home/airflow/.local/lib/python3.7/site-packages/airflow/example_dags/example_branch_operator.py
[2023-02-10T00:08:49.458+0000] {processor.py:753} INFO - DAG(s) dict_keys(['example_branch_operator']) retrieved from /home/airflow/.local/lib/python3.7/site-packages/airflow/example_dags/example_branch_operator.py
[2023-02-10T00:08:49.510+0000] {logging_mixin.py:137} INFO - [2023-02-10T00:08:49.510+0000] {dag.py:2690} INFO - Sync 1 DAGs
[2023-02-10T00:08:49.564+0000] {logging_mixin.py:137} INFO - [2023-02-10T00:08:49.563+0000] {dag.py:3441} INFO - Setting next_dagrun for example_branch_operator to 2023-02-09T00:00:00+00:00, run_after=2023-02-10T00:00:00+00:00
[2023-02-10T00:08:49.593+0000] {processor.py:175} INFO - Processing /home/airflow/.local/lib/python3.7/site-packages/airflow/example_dags/example_branch_operator.py took 0.177 seconds
[2023-02-10T00:09:20.242+0000] {processor.py:153} INFO - Started process (PID=3851) to work on /home/airflow/.local/lib/python3.7/site-packages/airflow/example_dags/example_branch_operator.py
[2023-02-10T00:09:20.243+0000] {processor.py:743} INFO - Processing file /home/airflow/.local/lib/python3.7/site-packages/airflow/example_dags/example_branch_operator.py for tasks to queue
[2023-02-10T00:09:20.244+0000] {logging_mixin.py:137} INFO - [2023-02-10T00:09:20.243+0000] {dagbag.py:538} INFO - Filling up the DagBag from /home/airflow/.local/lib/python3.7/site-packages/airflow/example_dags/example_branch_operator.py
[2023-02-10T00:09:20.271+0000] {processor.py:753} INFO - DAG(s) dict_keys(['example_branch_operator']) retrieved from /home/airflow/.local/lib/python3.7/site-packages/airflow/example_dags/example_branch_operator.py
[2023-02-10T00:09:20.302+0000] {logging_mixin.py:137} INFO - [2023-02-10T00:09:20.301+0000] {dag.py:2690} INFO - Sync 1 DAGs
[2023-02-10T00:09:20.341+0000] {logging_mixin.py:137} INFO - [2023-02-10T00:09:20.340+0000] {dag.py:3441} INFO - Setting next_dagrun for example_branch_operator to 2023-02-09T00:00:00+00:00, run_after=2023-02-10T00:00:00+00:00
[2023-02-10T00:09:20.366+0000] {processor.py:175} INFO - Processing /home/airflow/.local/lib/python3.7/site-packages/airflow/example_dags/example_branch_operator.py took 0.131 seconds
[2023-02-10T00:09:50.563+0000] {processor.py:153} INFO - Started process (PID=3918) to work on /home/airflow/.local/lib/python3.7/site-packages/airflow/example_dags/example_branch_operator.py
[2023-02-10T00:09:50.564+0000] {processor.py:743} INFO - Processing file /home/airflow/.local/lib/python3.7/site-packages/airflow/example_dags/example_branch_operator.py for tasks to queue
[2023-02-10T00:09:50.565+0000] {logging_mixin.py:137} INFO - [2023-02-10T00:09:50.565+0000] {dagbag.py:538} INFO - Filling up the DagBag from /home/airflow/.local/lib/python3.7/site-packages/airflow/example_dags/example_branch_operator.py
[2023-02-10T00:09:50.586+0000] {processor.py:753} INFO - DAG(s) dict_keys(['example_branch_operator']) retrieved from /home/airflow/.local/lib/python3.7/site-packages/airflow/example_dags/example_branch_operator.py
[2023-02-10T00:09:50.620+0000] {logging_mixin.py:137} INFO - [2023-02-10T00:09:50.620+0000] {dag.py:2690} INFO - Sync 1 DAGs
[2023-02-10T00:09:50.661+0000] {logging_mixin.py:137} INFO - [2023-02-10T00:09:50.660+0000] {dag.py:3441} INFO - Setting next_dagrun for example_branch_operator to 2023-02-09T00:00:00+00:00, run_after=2023-02-10T00:00:00+00:00
[2023-02-10T00:09:50.688+0000] {processor.py:175} INFO - Processing /home/airflow/.local/lib/python3.7/site-packages/airflow/example_dags/example_branch_operator.py took 0.128 seconds
[2023-02-10T00:10:21.094+0000] {processor.py:153} INFO - Started process (PID=3987) to work on /home/airflow/.local/lib/python3.7/site-packages/airflow/example_dags/example_branch_operator.py
[2023-02-10T00:10:21.096+0000] {processor.py:743} INFO - Processing file /home/airflow/.local/lib/python3.7/site-packages/airflow/example_dags/example_branch_operator.py for tasks to queue
[2023-02-10T00:10:21.097+0000] {logging_mixin.py:137} INFO - [2023-02-10T00:10:21.097+0000] {dagbag.py:538} INFO - Filling up the DagBag from /home/airflow/.local/lib/python3.7/site-packages/airflow/example_dags/example_branch_operator.py
[2023-02-10T00:10:21.133+0000] {processor.py:753} INFO - DAG(s) dict_keys(['example_branch_operator']) retrieved from /home/airflow/.local/lib/python3.7/site-packages/airflow/example_dags/example_branch_operator.py
[2023-02-10T00:10:21.174+0000] {logging_mixin.py:137} INFO - [2023-02-10T00:10:21.173+0000] {dag.py:2690} INFO - Sync 1 DAGs
[2023-02-10T00:10:21.217+0000] {logging_mixin.py:137} INFO - [2023-02-10T00:10:21.217+0000] {dag.py:3441} INFO - Setting next_dagrun for example_branch_operator to 2023-02-09T00:00:00+00:00, run_after=2023-02-10T00:00:00+00:00
[2023-02-10T00:10:21.251+0000] {processor.py:175} INFO - Processing /home/airflow/.local/lib/python3.7/site-packages/airflow/example_dags/example_branch_operator.py took 0.161 seconds
[2023-02-10T00:10:51.807+0000] {processor.py:153} INFO - Started process (PID=4069) to work on /home/airflow/.local/lib/python3.7/site-packages/airflow/example_dags/example_branch_operator.py
[2023-02-10T00:10:51.808+0000] {processor.py:743} INFO - Processing file /home/airflow/.local/lib/python3.7/site-packages/airflow/example_dags/example_branch_operator.py for tasks to queue
[2023-02-10T00:10:51.808+0000] {logging_mixin.py:137} INFO - [2023-02-10T00:10:51.808+0000] {dagbag.py:538} INFO - Filling up the DagBag from /home/airflow/.local/lib/python3.7/site-packages/airflow/example_dags/example_branch_operator.py
[2023-02-10T00:10:51.829+0000] {processor.py:753} INFO - DAG(s) dict_keys(['example_branch_operator']) retrieved from /home/airflow/.local/lib/python3.7/site-packages/airflow/example_dags/example_branch_operator.py
[2023-02-10T00:10:51.863+0000] {logging_mixin.py:137} INFO - [2023-02-10T00:10:51.863+0000] {dag.py:2690} INFO - Sync 1 DAGs
[2023-02-10T00:10:51.903+0000] {logging_mixin.py:137} INFO - [2023-02-10T00:10:51.903+0000] {dag.py:3441} INFO - Setting next_dagrun for example_branch_operator to 2023-02-09T00:00:00+00:00, run_after=2023-02-10T00:00:00+00:00
[2023-02-10T00:10:51.928+0000] {processor.py:175} INFO - Processing /home/airflow/.local/lib/python3.7/site-packages/airflow/example_dags/example_branch_operator.py took 0.124 seconds
[2023-02-10T00:11:22.440+0000] {processor.py:153} INFO - Started process (PID=4136) to work on /home/airflow/.local/lib/python3.7/site-packages/airflow/example_dags/example_branch_operator.py
[2023-02-10T00:11:22.441+0000] {processor.py:743} INFO - Processing file /home/airflow/.local/lib/python3.7/site-packages/airflow/example_dags/example_branch_operator.py for tasks to queue
[2023-02-10T00:11:22.441+0000] {logging_mixin.py:137} INFO - [2023-02-10T00:11:22.441+0000] {dagbag.py:538} INFO - Filling up the DagBag from /home/airflow/.local/lib/python3.7/site-packages/airflow/example_dags/example_branch_operator.py
[2023-02-10T00:11:22.461+0000] {processor.py:753} INFO - DAG(s) dict_keys(['example_branch_operator']) retrieved from /home/airflow/.local/lib/python3.7/site-packages/airflow/example_dags/example_branch_operator.py
[2023-02-10T00:11:22.496+0000] {logging_mixin.py:137} INFO - [2023-02-10T00:11:22.496+0000] {dag.py:2690} INFO - Sync 1 DAGs
[2023-02-10T00:11:22.534+0000] {logging_mixin.py:137} INFO - [2023-02-10T00:11:22.534+0000] {dag.py:3441} INFO - Setting next_dagrun for example_branch_operator to 2023-02-09T00:00:00+00:00, run_after=2023-02-10T00:00:00+00:00
[2023-02-10T00:11:22.560+0000] {processor.py:175} INFO - Processing /home/airflow/.local/lib/python3.7/site-packages/airflow/example_dags/example_branch_operator.py took 0.124 seconds
[2023-02-10T00:11:52.767+0000] {processor.py:153} INFO - Started process (PID=4205) to work on /home/airflow/.local/lib/python3.7/site-packages/airflow/example_dags/example_branch_operator.py
[2023-02-10T00:11:52.768+0000] {processor.py:743} INFO - Processing file /home/airflow/.local/lib/python3.7/site-packages/airflow/example_dags/example_branch_operator.py for tasks to queue
[2023-02-10T00:11:52.769+0000] {logging_mixin.py:137} INFO - [2023-02-10T00:11:52.769+0000] {dagbag.py:538} INFO - Filling up the DagBag from /home/airflow/.local/lib/python3.7/site-packages/airflow/example_dags/example_branch_operator.py
[2023-02-10T00:11:52.790+0000] {processor.py:753} INFO - DAG(s) dict_keys(['example_branch_operator']) retrieved from /home/airflow/.local/lib/python3.7/site-packages/airflow/example_dags/example_branch_operator.py
[2023-02-10T00:11:52.826+0000] {logging_mixin.py:137} INFO - [2023-02-10T00:11:52.826+0000] {dag.py:2690} INFO - Sync 1 DAGs
[2023-02-10T00:11:52.863+0000] {logging_mixin.py:137} INFO - [2023-02-10T00:11:52.862+0000] {dag.py:3441} INFO - Setting next_dagrun for example_branch_operator to 2023-02-09T00:00:00+00:00, run_after=2023-02-10T00:00:00+00:00
[2023-02-10T00:11:52.891+0000] {processor.py:175} INFO - Processing /home/airflow/.local/lib/python3.7/site-packages/airflow/example_dags/example_branch_operator.py took 0.127 seconds
[2023-02-10T00:12:23.570+0000] {processor.py:153} INFO - Started process (PID=4287) to work on /home/airflow/.local/lib/python3.7/site-packages/airflow/example_dags/example_branch_operator.py
[2023-02-10T00:12:23.571+0000] {processor.py:743} INFO - Processing file /home/airflow/.local/lib/python3.7/site-packages/airflow/example_dags/example_branch_operator.py for tasks to queue
[2023-02-10T00:12:23.571+0000] {logging_mixin.py:137} INFO - [2023-02-10T00:12:23.571+0000] {dagbag.py:538} INFO - Filling up the DagBag from /home/airflow/.local/lib/python3.7/site-packages/airflow/example_dags/example_branch_operator.py
[2023-02-10T00:12:23.592+0000] {processor.py:753} INFO - DAG(s) dict_keys(['example_branch_operator']) retrieved from /home/airflow/.local/lib/python3.7/site-packages/airflow/example_dags/example_branch_operator.py
[2023-02-10T00:12:23.625+0000] {logging_mixin.py:137} INFO - [2023-02-10T00:12:23.625+0000] {dag.py:2690} INFO - Sync 1 DAGs
[2023-02-10T00:12:23.664+0000] {logging_mixin.py:137} INFO - [2023-02-10T00:12:23.664+0000] {dag.py:3441} INFO - Setting next_dagrun for example_branch_operator to 2023-02-09T00:00:00+00:00, run_after=2023-02-10T00:00:00+00:00
[2023-02-10T00:12:23.690+0000] {processor.py:175} INFO - Processing /home/airflow/.local/lib/python3.7/site-packages/airflow/example_dags/example_branch_operator.py took 0.124 seconds
[2023-02-10T00:12:53.979+0000] {processor.py:153} INFO - Started process (PID=4355) to work on /home/airflow/.local/lib/python3.7/site-packages/airflow/example_dags/example_branch_operator.py
[2023-02-10T00:12:53.979+0000] {processor.py:743} INFO - Processing file /home/airflow/.local/lib/python3.7/site-packages/airflow/example_dags/example_branch_operator.py for tasks to queue
[2023-02-10T00:12:53.980+0000] {logging_mixin.py:137} INFO - [2023-02-10T00:12:53.980+0000] {dagbag.py:538} INFO - Filling up the DagBag from /home/airflow/.local/lib/python3.7/site-packages/airflow/example_dags/example_branch_operator.py
[2023-02-10T00:12:54.004+0000] {processor.py:753} INFO - DAG(s) dict_keys(['example_branch_operator']) retrieved from /home/airflow/.local/lib/python3.7/site-packages/airflow/example_dags/example_branch_operator.py
[2023-02-10T00:12:54.044+0000] {logging_mixin.py:137} INFO - [2023-02-10T00:12:54.043+0000] {dag.py:2690} INFO - Sync 1 DAGs
[2023-02-10T00:12:54.088+0000] {logging_mixin.py:137} INFO - [2023-02-10T00:12:54.088+0000] {dag.py:3441} INFO - Setting next_dagrun for example_branch_operator to 2023-02-09T00:00:00+00:00, run_after=2023-02-10T00:00:00+00:00
[2023-02-10T00:12:54.119+0000] {processor.py:175} INFO - Processing /home/airflow/.local/lib/python3.7/site-packages/airflow/example_dags/example_branch_operator.py took 0.144 seconds
[2023-02-10T00:13:24.642+0000] {processor.py:153} INFO - Started process (PID=4422) to work on /home/airflow/.local/lib/python3.7/site-packages/airflow/example_dags/example_branch_operator.py
[2023-02-10T00:13:24.644+0000] {processor.py:743} INFO - Processing file /home/airflow/.local/lib/python3.7/site-packages/airflow/example_dags/example_branch_operator.py for tasks to queue
[2023-02-10T00:13:24.649+0000] {logging_mixin.py:137} INFO - [2023-02-10T00:13:24.648+0000] {dagbag.py:538} INFO - Filling up the DagBag from /home/airflow/.local/lib/python3.7/site-packages/airflow/example_dags/example_branch_operator.py
[2023-02-10T00:13:24.670+0000] {processor.py:753} INFO - DAG(s) dict_keys(['example_branch_operator']) retrieved from /home/airflow/.local/lib/python3.7/site-packages/airflow/example_dags/example_branch_operator.py
[2023-02-10T00:13:24.703+0000] {logging_mixin.py:137} INFO - [2023-02-10T00:13:24.702+0000] {dag.py:2690} INFO - Sync 1 DAGs
[2023-02-10T00:13:24.740+0000] {logging_mixin.py:137} INFO - [2023-02-10T00:13:24.740+0000] {dag.py:3441} INFO - Setting next_dagrun for example_branch_operator to 2023-02-09T00:00:00+00:00, run_after=2023-02-10T00:00:00+00:00
[2023-02-10T00:13:24.768+0000] {processor.py:175} INFO - Processing /home/airflow/.local/lib/python3.7/site-packages/airflow/example_dags/example_branch_operator.py took 0.129 seconds
