[2023-02-10T00:00:09.078+0000] {processor.py:153} INFO - Started process (PID=2537) to work on /home/airflow/.local/lib/python3.7/site-packages/airflow/example_dags/example_xcomargs.py
[2023-02-10T00:00:09.079+0000] {processor.py:743} INFO - Processing file /home/airflow/.local/lib/python3.7/site-packages/airflow/example_dags/example_xcomargs.py for tasks to queue
[2023-02-10T00:00:09.079+0000] {logging_mixin.py:137} INFO - [2023-02-10T00:00:09.079+0000] {dagbag.py:538} INFO - Filling up the DagBag from /home/airflow/.local/lib/python3.7/site-packages/airflow/example_dags/example_xcomargs.py
[2023-02-10T00:00:09.117+0000] {processor.py:753} INFO - DAG(s) dict_keys(['example_xcom_args_with_operators', 'example_xcom_args']) retrieved from /home/airflow/.local/lib/python3.7/site-packages/airflow/example_dags/example_xcomargs.py
[2023-02-10T00:00:09.151+0000] {logging_mixin.py:137} INFO - [2023-02-10T00:00:09.151+0000] {dag.py:2690} INFO - Sync 2 DAGs
[2023-02-10T00:00:09.186+0000] {logging_mixin.py:137} INFO - [2023-02-10T00:00:09.186+0000] {dag.py:3441} INFO - Setting next_dagrun for example_xcom_args to None, run_after=None
[2023-02-10T00:00:09.191+0000] {logging_mixin.py:137} INFO - [2023-02-10T00:00:09.191+0000] {dag.py:3441} INFO - Setting next_dagrun for example_xcom_args_with_operators to None, run_after=None
[2023-02-10T00:00:09.226+0000] {processor.py:175} INFO - Processing /home/airflow/.local/lib/python3.7/site-packages/airflow/example_dags/example_xcomargs.py took 0.153 seconds
[2023-02-10T00:00:39.416+0000] {processor.py:153} INFO - Started process (PID=2603) to work on /home/airflow/.local/lib/python3.7/site-packages/airflow/example_dags/example_xcomargs.py
[2023-02-10T00:00:39.417+0000] {processor.py:743} INFO - Processing file /home/airflow/.local/lib/python3.7/site-packages/airflow/example_dags/example_xcomargs.py for tasks to queue
[2023-02-10T00:00:39.418+0000] {logging_mixin.py:137} INFO - [2023-02-10T00:00:39.418+0000] {dagbag.py:538} INFO - Filling up the DagBag from /home/airflow/.local/lib/python3.7/site-packages/airflow/example_dags/example_xcomargs.py
[2023-02-10T00:00:39.453+0000] {processor.py:753} INFO - DAG(s) dict_keys(['example_xcom_args_with_operators', 'example_xcom_args']) retrieved from /home/airflow/.local/lib/python3.7/site-packages/airflow/example_dags/example_xcomargs.py
[2023-02-10T00:00:39.496+0000] {logging_mixin.py:137} INFO - [2023-02-10T00:00:39.496+0000] {dag.py:2690} INFO - Sync 2 DAGs
[2023-02-10T00:00:39.535+0000] {logging_mixin.py:137} INFO - [2023-02-10T00:00:39.534+0000] {dag.py:3441} INFO - Setting next_dagrun for example_xcom_args to None, run_after=None
[2023-02-10T00:00:39.541+0000] {logging_mixin.py:137} INFO - [2023-02-10T00:00:39.541+0000] {dag.py:3441} INFO - Setting next_dagrun for example_xcom_args_with_operators to None, run_after=None
[2023-02-10T00:00:39.580+0000] {processor.py:175} INFO - Processing /home/airflow/.local/lib/python3.7/site-packages/airflow/example_dags/example_xcomargs.py took 0.168 seconds
[2023-02-10T00:01:10.235+0000] {processor.py:153} INFO - Started process (PID=2683) to work on /home/airflow/.local/lib/python3.7/site-packages/airflow/example_dags/example_xcomargs.py
[2023-02-10T00:01:10.235+0000] {processor.py:743} INFO - Processing file /home/airflow/.local/lib/python3.7/site-packages/airflow/example_dags/example_xcomargs.py for tasks to queue
[2023-02-10T00:01:10.236+0000] {logging_mixin.py:137} INFO - [2023-02-10T00:01:10.236+0000] {dagbag.py:538} INFO - Filling up the DagBag from /home/airflow/.local/lib/python3.7/site-packages/airflow/example_dags/example_xcomargs.py
[2023-02-10T00:01:10.266+0000] {processor.py:753} INFO - DAG(s) dict_keys(['example_xcom_args_with_operators', 'example_xcom_args']) retrieved from /home/airflow/.local/lib/python3.7/site-packages/airflow/example_dags/example_xcomargs.py
[2023-02-10T00:01:10.305+0000] {logging_mixin.py:137} INFO - [2023-02-10T00:01:10.305+0000] {dag.py:2690} INFO - Sync 2 DAGs
[2023-02-10T00:01:10.346+0000] {logging_mixin.py:137} INFO - [2023-02-10T00:01:10.346+0000] {dag.py:3441} INFO - Setting next_dagrun for example_xcom_args to None, run_after=None
[2023-02-10T00:01:10.351+0000] {logging_mixin.py:137} INFO - [2023-02-10T00:01:10.351+0000] {dag.py:3441} INFO - Setting next_dagrun for example_xcom_args_with_operators to None, run_after=None
[2023-02-10T00:01:10.388+0000] {processor.py:175} INFO - Processing /home/airflow/.local/lib/python3.7/site-packages/airflow/example_dags/example_xcomargs.py took 0.157 seconds
[2023-02-10T00:01:40.623+0000] {processor.py:153} INFO - Started process (PID=2751) to work on /home/airflow/.local/lib/python3.7/site-packages/airflow/example_dags/example_xcomargs.py
[2023-02-10T00:01:40.625+0000] {processor.py:743} INFO - Processing file /home/airflow/.local/lib/python3.7/site-packages/airflow/example_dags/example_xcomargs.py for tasks to queue
[2023-02-10T00:01:40.626+0000] {logging_mixin.py:137} INFO - [2023-02-10T00:01:40.626+0000] {dagbag.py:538} INFO - Filling up the DagBag from /home/airflow/.local/lib/python3.7/site-packages/airflow/example_dags/example_xcomargs.py
[2023-02-10T00:01:40.675+0000] {processor.py:753} INFO - DAG(s) dict_keys(['example_xcom_args', 'example_xcom_args_with_operators']) retrieved from /home/airflow/.local/lib/python3.7/site-packages/airflow/example_dags/example_xcomargs.py
[2023-02-10T00:01:40.731+0000] {logging_mixin.py:137} INFO - [2023-02-10T00:01:40.730+0000] {dag.py:2690} INFO - Sync 2 DAGs
[2023-02-10T00:01:40.770+0000] {logging_mixin.py:137} INFO - [2023-02-10T00:01:40.770+0000] {dag.py:3441} INFO - Setting next_dagrun for example_xcom_args to None, run_after=None
[2023-02-10T00:01:40.776+0000] {logging_mixin.py:137} INFO - [2023-02-10T00:01:40.776+0000] {dag.py:3441} INFO - Setting next_dagrun for example_xcom_args_with_operators to None, run_after=None
[2023-02-10T00:01:40.815+0000] {processor.py:175} INFO - Processing /home/airflow/.local/lib/python3.7/site-packages/airflow/example_dags/example_xcomargs.py took 0.197 seconds
[2023-02-10T00:02:11.209+0000] {processor.py:153} INFO - Started process (PID=2818) to work on /home/airflow/.local/lib/python3.7/site-packages/airflow/example_dags/example_xcomargs.py
[2023-02-10T00:02:11.210+0000] {processor.py:743} INFO - Processing file /home/airflow/.local/lib/python3.7/site-packages/airflow/example_dags/example_xcomargs.py for tasks to queue
[2023-02-10T00:02:11.211+0000] {logging_mixin.py:137} INFO - [2023-02-10T00:02:11.211+0000] {dagbag.py:538} INFO - Filling up the DagBag from /home/airflow/.local/lib/python3.7/site-packages/airflow/example_dags/example_xcomargs.py
[2023-02-10T00:02:11.240+0000] {processor.py:753} INFO - DAG(s) dict_keys(['example_xcom_args', 'example_xcom_args_with_operators']) retrieved from /home/airflow/.local/lib/python3.7/site-packages/airflow/example_dags/example_xcomargs.py
[2023-02-10T00:02:11.281+0000] {logging_mixin.py:137} INFO - [2023-02-10T00:02:11.281+0000] {dag.py:2690} INFO - Sync 2 DAGs
[2023-02-10T00:02:11.320+0000] {logging_mixin.py:137} INFO - [2023-02-10T00:02:11.320+0000] {dag.py:3441} INFO - Setting next_dagrun for example_xcom_args to None, run_after=None
[2023-02-10T00:02:11.326+0000] {logging_mixin.py:137} INFO - [2023-02-10T00:02:11.326+0000] {dag.py:3441} INFO - Setting next_dagrun for example_xcom_args_with_operators to None, run_after=None
[2023-02-10T00:02:11.364+0000] {processor.py:175} INFO - Processing /home/airflow/.local/lib/python3.7/site-packages/airflow/example_dags/example_xcomargs.py took 0.158 seconds
[2023-02-10T00:02:41.679+0000] {processor.py:153} INFO - Started process (PID=2901) to work on /home/airflow/.local/lib/python3.7/site-packages/airflow/example_dags/example_xcomargs.py
[2023-02-10T00:02:41.680+0000] {processor.py:743} INFO - Processing file /home/airflow/.local/lib/python3.7/site-packages/airflow/example_dags/example_xcomargs.py for tasks to queue
[2023-02-10T00:02:41.681+0000] {logging_mixin.py:137} INFO - [2023-02-10T00:02:41.681+0000] {dagbag.py:538} INFO - Filling up the DagBag from /home/airflow/.local/lib/python3.7/site-packages/airflow/example_dags/example_xcomargs.py
[2023-02-10T00:02:41.730+0000] {processor.py:753} INFO - DAG(s) dict_keys(['example_xcom_args_with_operators', 'example_xcom_args']) retrieved from /home/airflow/.local/lib/python3.7/site-packages/airflow/example_dags/example_xcomargs.py
[2023-02-10T00:02:41.773+0000] {logging_mixin.py:137} INFO - [2023-02-10T00:02:41.773+0000] {dag.py:2690} INFO - Sync 2 DAGs
[2023-02-10T00:02:41.809+0000] {logging_mixin.py:137} INFO - [2023-02-10T00:02:41.809+0000] {dag.py:3441} INFO - Setting next_dagrun for example_xcom_args to None, run_after=None
[2023-02-10T00:02:41.815+0000] {logging_mixin.py:137} INFO - [2023-02-10T00:02:41.814+0000] {dag.py:3441} INFO - Setting next_dagrun for example_xcom_args_with_operators to None, run_after=None
[2023-02-10T00:02:41.841+0000] {processor.py:175} INFO - Processing /home/airflow/.local/lib/python3.7/site-packages/airflow/example_dags/example_xcomargs.py took 0.166 seconds
[2023-02-10T00:03:12.101+0000] {processor.py:153} INFO - Started process (PID=2970) to work on /home/airflow/.local/lib/python3.7/site-packages/airflow/example_dags/example_xcomargs.py
[2023-02-10T00:03:12.102+0000] {processor.py:743} INFO - Processing file /home/airflow/.local/lib/python3.7/site-packages/airflow/example_dags/example_xcomargs.py for tasks to queue
[2023-02-10T00:03:12.103+0000] {logging_mixin.py:137} INFO - [2023-02-10T00:03:12.103+0000] {dagbag.py:538} INFO - Filling up the DagBag from /home/airflow/.local/lib/python3.7/site-packages/airflow/example_dags/example_xcomargs.py
[2023-02-10T00:03:12.133+0000] {processor.py:753} INFO - DAG(s) dict_keys(['example_xcom_args', 'example_xcom_args_with_operators']) retrieved from /home/airflow/.local/lib/python3.7/site-packages/airflow/example_dags/example_xcomargs.py
[2023-02-10T00:03:12.173+0000] {logging_mixin.py:137} INFO - [2023-02-10T00:03:12.173+0000] {dag.py:2690} INFO - Sync 2 DAGs
[2023-02-10T00:03:12.213+0000] {logging_mixin.py:137} INFO - [2023-02-10T00:03:12.213+0000] {dag.py:3441} INFO - Setting next_dagrun for example_xcom_args to None, run_after=None
[2023-02-10T00:03:12.218+0000] {logging_mixin.py:137} INFO - [2023-02-10T00:03:12.218+0000] {dag.py:3441} INFO - Setting next_dagrun for example_xcom_args_with_operators to None, run_after=None
[2023-02-10T00:03:12.258+0000] {processor.py:175} INFO - Processing /home/airflow/.local/lib/python3.7/site-packages/airflow/example_dags/example_xcomargs.py took 0.160 seconds
[2023-02-10T00:03:42.518+0000] {processor.py:153} INFO - Started process (PID=3038) to work on /home/airflow/.local/lib/python3.7/site-packages/airflow/example_dags/example_xcomargs.py
[2023-02-10T00:03:42.519+0000] {processor.py:743} INFO - Processing file /home/airflow/.local/lib/python3.7/site-packages/airflow/example_dags/example_xcomargs.py for tasks to queue
[2023-02-10T00:03:42.520+0000] {logging_mixin.py:137} INFO - [2023-02-10T00:03:42.520+0000] {dagbag.py:538} INFO - Filling up the DagBag from /home/airflow/.local/lib/python3.7/site-packages/airflow/example_dags/example_xcomargs.py
[2023-02-10T00:03:42.549+0000] {processor.py:753} INFO - DAG(s) dict_keys(['example_xcom_args_with_operators', 'example_xcom_args']) retrieved from /home/airflow/.local/lib/python3.7/site-packages/airflow/example_dags/example_xcomargs.py
[2023-02-10T00:03:42.589+0000] {logging_mixin.py:137} INFO - [2023-02-10T00:03:42.589+0000] {dag.py:2690} INFO - Sync 2 DAGs
[2023-02-10T00:03:42.627+0000] {logging_mixin.py:137} INFO - [2023-02-10T00:03:42.627+0000] {dag.py:3441} INFO - Setting next_dagrun for example_xcom_args to None, run_after=None
[2023-02-10T00:03:42.633+0000] {logging_mixin.py:137} INFO - [2023-02-10T00:03:42.633+0000] {dag.py:3441} INFO - Setting next_dagrun for example_xcom_args_with_operators to None, run_after=None
[2023-02-10T00:03:42.672+0000] {processor.py:175} INFO - Processing /home/airflow/.local/lib/python3.7/site-packages/airflow/example_dags/example_xcomargs.py took 0.159 seconds
[2023-02-10T00:04:12.919+0000] {processor.py:153} INFO - Started process (PID=3115) to work on /home/airflow/.local/lib/python3.7/site-packages/airflow/example_dags/example_xcomargs.py
[2023-02-10T00:04:12.920+0000] {processor.py:743} INFO - Processing file /home/airflow/.local/lib/python3.7/site-packages/airflow/example_dags/example_xcomargs.py for tasks to queue
[2023-02-10T00:04:12.921+0000] {logging_mixin.py:137} INFO - [2023-02-10T00:04:12.921+0000] {dagbag.py:538} INFO - Filling up the DagBag from /home/airflow/.local/lib/python3.7/site-packages/airflow/example_dags/example_xcomargs.py
[2023-02-10T00:04:12.957+0000] {processor.py:753} INFO - DAG(s) dict_keys(['example_xcom_args_with_operators', 'example_xcom_args']) retrieved from /home/airflow/.local/lib/python3.7/site-packages/airflow/example_dags/example_xcomargs.py
[2023-02-10T00:04:12.991+0000] {logging_mixin.py:137} INFO - [2023-02-10T00:04:12.991+0000] {dag.py:2690} INFO - Sync 2 DAGs
[2023-02-10T00:04:13.027+0000] {logging_mixin.py:137} INFO - [2023-02-10T00:04:13.027+0000] {dag.py:3441} INFO - Setting next_dagrun for example_xcom_args to None, run_after=None
[2023-02-10T00:04:13.032+0000] {logging_mixin.py:137} INFO - [2023-02-10T00:04:13.032+0000] {dag.py:3441} INFO - Setting next_dagrun for example_xcom_args_with_operators to None, run_after=None
[2023-02-10T00:04:13.060+0000] {processor.py:175} INFO - Processing /home/airflow/.local/lib/python3.7/site-packages/airflow/example_dags/example_xcomargs.py took 0.145 seconds
[2023-02-10T00:04:43.618+0000] {processor.py:153} INFO - Started process (PID=3188) to work on /home/airflow/.local/lib/python3.7/site-packages/airflow/example_dags/example_xcomargs.py
[2023-02-10T00:04:43.619+0000] {processor.py:743} INFO - Processing file /home/airflow/.local/lib/python3.7/site-packages/airflow/example_dags/example_xcomargs.py for tasks to queue
[2023-02-10T00:04:43.620+0000] {logging_mixin.py:137} INFO - [2023-02-10T00:04:43.620+0000] {dagbag.py:538} INFO - Filling up the DagBag from /home/airflow/.local/lib/python3.7/site-packages/airflow/example_dags/example_xcomargs.py
[2023-02-10T00:04:43.658+0000] {processor.py:753} INFO - DAG(s) dict_keys(['example_xcom_args', 'example_xcom_args_with_operators']) retrieved from /home/airflow/.local/lib/python3.7/site-packages/airflow/example_dags/example_xcomargs.py
[2023-02-10T00:04:43.699+0000] {logging_mixin.py:137} INFO - [2023-02-10T00:04:43.699+0000] {dag.py:2690} INFO - Sync 2 DAGs
[2023-02-10T00:04:43.738+0000] {logging_mixin.py:137} INFO - [2023-02-10T00:04:43.738+0000] {dag.py:3441} INFO - Setting next_dagrun for example_xcom_args to None, run_after=None
[2023-02-10T00:04:43.744+0000] {logging_mixin.py:137} INFO - [2023-02-10T00:04:43.743+0000] {dag.py:3441} INFO - Setting next_dagrun for example_xcom_args_with_operators to None, run_after=None
[2023-02-10T00:04:43.772+0000] {processor.py:175} INFO - Processing /home/airflow/.local/lib/python3.7/site-packages/airflow/example_dags/example_xcomargs.py took 0.159 seconds
[2023-02-10T00:05:14.178+0000] {processor.py:153} INFO - Started process (PID=3254) to work on /home/airflow/.local/lib/python3.7/site-packages/airflow/example_dags/example_xcomargs.py
[2023-02-10T00:05:14.181+0000] {processor.py:743} INFO - Processing file /home/airflow/.local/lib/python3.7/site-packages/airflow/example_dags/example_xcomargs.py for tasks to queue
[2023-02-10T00:05:14.182+0000] {logging_mixin.py:137} INFO - [2023-02-10T00:05:14.182+0000] {dagbag.py:538} INFO - Filling up the DagBag from /home/airflow/.local/lib/python3.7/site-packages/airflow/example_dags/example_xcomargs.py
[2023-02-10T00:05:14.216+0000] {processor.py:753} INFO - DAG(s) dict_keys(['example_xcom_args', 'example_xcom_args_with_operators']) retrieved from /home/airflow/.local/lib/python3.7/site-packages/airflow/example_dags/example_xcomargs.py
[2023-02-10T00:05:14.276+0000] {logging_mixin.py:137} INFO - [2023-02-10T00:05:14.276+0000] {dag.py:2690} INFO - Sync 2 DAGs
[2023-02-10T00:05:14.320+0000] {logging_mixin.py:137} INFO - [2023-02-10T00:05:14.320+0000] {dag.py:3441} INFO - Setting next_dagrun for example_xcom_args to None, run_after=None
[2023-02-10T00:05:14.327+0000] {logging_mixin.py:137} INFO - [2023-02-10T00:05:14.326+0000] {dag.py:3441} INFO - Setting next_dagrun for example_xcom_args_with_operators to None, run_after=None
[2023-02-10T00:05:14.355+0000] {processor.py:175} INFO - Processing /home/airflow/.local/lib/python3.7/site-packages/airflow/example_dags/example_xcomargs.py took 0.183 seconds
[2023-02-10T00:05:44.794+0000] {processor.py:153} INFO - Started process (PID=3333) to work on /home/airflow/.local/lib/python3.7/site-packages/airflow/example_dags/example_xcomargs.py
[2023-02-10T00:05:44.794+0000] {processor.py:743} INFO - Processing file /home/airflow/.local/lib/python3.7/site-packages/airflow/example_dags/example_xcomargs.py for tasks to queue
[2023-02-10T00:05:44.795+0000] {logging_mixin.py:137} INFO - [2023-02-10T00:05:44.795+0000] {dagbag.py:538} INFO - Filling up the DagBag from /home/airflow/.local/lib/python3.7/site-packages/airflow/example_dags/example_xcomargs.py
[2023-02-10T00:05:44.823+0000] {processor.py:753} INFO - DAG(s) dict_keys(['example_xcom_args_with_operators', 'example_xcom_args']) retrieved from /home/airflow/.local/lib/python3.7/site-packages/airflow/example_dags/example_xcomargs.py
[2023-02-10T00:05:44.860+0000] {logging_mixin.py:137} INFO - [2023-02-10T00:05:44.860+0000] {dag.py:2690} INFO - Sync 2 DAGs
[2023-02-10T00:05:44.895+0000] {logging_mixin.py:137} INFO - [2023-02-10T00:05:44.895+0000] {dag.py:3441} INFO - Setting next_dagrun for example_xcom_args to None, run_after=None
[2023-02-10T00:05:44.900+0000] {logging_mixin.py:137} INFO - [2023-02-10T00:05:44.900+0000] {dag.py:3441} INFO - Setting next_dagrun for example_xcom_args_with_operators to None, run_after=None
[2023-02-10T00:05:44.924+0000] {processor.py:175} INFO - Processing /home/airflow/.local/lib/python3.7/site-packages/airflow/example_dags/example_xcomargs.py took 0.134 seconds
[2023-02-10T00:06:15.714+0000] {processor.py:153} INFO - Started process (PID=3407) to work on /home/airflow/.local/lib/python3.7/site-packages/airflow/example_dags/example_xcomargs.py
[2023-02-10T00:06:15.715+0000] {processor.py:743} INFO - Processing file /home/airflow/.local/lib/python3.7/site-packages/airflow/example_dags/example_xcomargs.py for tasks to queue
[2023-02-10T00:06:15.715+0000] {logging_mixin.py:137} INFO - [2023-02-10T00:06:15.715+0000] {dagbag.py:538} INFO - Filling up the DagBag from /home/airflow/.local/lib/python3.7/site-packages/airflow/example_dags/example_xcomargs.py
[2023-02-10T00:06:15.750+0000] {processor.py:753} INFO - DAG(s) dict_keys(['example_xcom_args', 'example_xcom_args_with_operators']) retrieved from /home/airflow/.local/lib/python3.7/site-packages/airflow/example_dags/example_xcomargs.py
[2023-02-10T00:06:15.792+0000] {logging_mixin.py:137} INFO - [2023-02-10T00:06:15.792+0000] {dag.py:2690} INFO - Sync 2 DAGs
[2023-02-10T00:06:15.833+0000] {logging_mixin.py:137} INFO - [2023-02-10T00:06:15.833+0000] {dag.py:3441} INFO - Setting next_dagrun for example_xcom_args to None, run_after=None
[2023-02-10T00:06:15.839+0000] {logging_mixin.py:137} INFO - [2023-02-10T00:06:15.839+0000] {dag.py:3441} INFO - Setting next_dagrun for example_xcom_args_with_operators to None, run_after=None
[2023-02-10T00:06:15.867+0000] {processor.py:175} INFO - Processing /home/airflow/.local/lib/python3.7/site-packages/airflow/example_dags/example_xcomargs.py took 0.158 seconds
[2023-02-10T00:06:46.646+0000] {processor.py:153} INFO - Started process (PID=3476) to work on /home/airflow/.local/lib/python3.7/site-packages/airflow/example_dags/example_xcomargs.py
[2023-02-10T00:06:46.647+0000] {processor.py:743} INFO - Processing file /home/airflow/.local/lib/python3.7/site-packages/airflow/example_dags/example_xcomargs.py for tasks to queue
[2023-02-10T00:06:46.648+0000] {logging_mixin.py:137} INFO - [2023-02-10T00:06:46.647+0000] {dagbag.py:538} INFO - Filling up the DagBag from /home/airflow/.local/lib/python3.7/site-packages/airflow/example_dags/example_xcomargs.py
[2023-02-10T00:06:46.678+0000] {processor.py:753} INFO - DAG(s) dict_keys(['example_xcom_args_with_operators', 'example_xcom_args']) retrieved from /home/airflow/.local/lib/python3.7/site-packages/airflow/example_dags/example_xcomargs.py
[2023-02-10T00:06:46.725+0000] {logging_mixin.py:137} INFO - [2023-02-10T00:06:46.725+0000] {dag.py:2690} INFO - Sync 2 DAGs
[2023-02-10T00:06:46.766+0000] {logging_mixin.py:137} INFO - [2023-02-10T00:06:46.766+0000] {dag.py:3441} INFO - Setting next_dagrun for example_xcom_args to None, run_after=None
[2023-02-10T00:06:46.772+0000] {logging_mixin.py:137} INFO - [2023-02-10T00:06:46.772+0000] {dag.py:3441} INFO - Setting next_dagrun for example_xcom_args_with_operators to None, run_after=None
[2023-02-10T00:06:46.799+0000] {processor.py:175} INFO - Processing /home/airflow/.local/lib/python3.7/site-packages/airflow/example_dags/example_xcomargs.py took 0.158 seconds
[2023-02-10T00:07:17.237+0000] {processor.py:153} INFO - Started process (PID=3554) to work on /home/airflow/.local/lib/python3.7/site-packages/airflow/example_dags/example_xcomargs.py
[2023-02-10T00:07:17.238+0000] {processor.py:743} INFO - Processing file /home/airflow/.local/lib/python3.7/site-packages/airflow/example_dags/example_xcomargs.py for tasks to queue
[2023-02-10T00:07:17.239+0000] {logging_mixin.py:137} INFO - [2023-02-10T00:07:17.239+0000] {dagbag.py:538} INFO - Filling up the DagBag from /home/airflow/.local/lib/python3.7/site-packages/airflow/example_dags/example_xcomargs.py
[2023-02-10T00:07:17.272+0000] {processor.py:753} INFO - DAG(s) dict_keys(['example_xcom_args', 'example_xcom_args_with_operators']) retrieved from /home/airflow/.local/lib/python3.7/site-packages/airflow/example_dags/example_xcomargs.py
[2023-02-10T00:07:17.314+0000] {logging_mixin.py:137} INFO - [2023-02-10T00:07:17.314+0000] {dag.py:2690} INFO - Sync 2 DAGs
[2023-02-10T00:07:17.355+0000] {logging_mixin.py:137} INFO - [2023-02-10T00:07:17.355+0000] {dag.py:3441} INFO - Setting next_dagrun for example_xcom_args to None, run_after=None
[2023-02-10T00:07:17.360+0000] {logging_mixin.py:137} INFO - [2023-02-10T00:07:17.360+0000] {dag.py:3441} INFO - Setting next_dagrun for example_xcom_args_with_operators to None, run_after=None
[2023-02-10T00:07:17.400+0000] {processor.py:175} INFO - Processing /home/airflow/.local/lib/python3.7/site-packages/airflow/example_dags/example_xcomargs.py took 0.167 seconds
[2023-02-10T00:07:48.044+0000] {processor.py:153} INFO - Started process (PID=3627) to work on /home/airflow/.local/lib/python3.7/site-packages/airflow/example_dags/example_xcomargs.py
[2023-02-10T00:07:48.044+0000] {processor.py:743} INFO - Processing file /home/airflow/.local/lib/python3.7/site-packages/airflow/example_dags/example_xcomargs.py for tasks to queue
[2023-02-10T00:07:48.045+0000] {logging_mixin.py:137} INFO - [2023-02-10T00:07:48.045+0000] {dagbag.py:538} INFO - Filling up the DagBag from /home/airflow/.local/lib/python3.7/site-packages/airflow/example_dags/example_xcomargs.py
[2023-02-10T00:07:48.084+0000] {processor.py:753} INFO - DAG(s) dict_keys(['example_xcom_args', 'example_xcom_args_with_operators']) retrieved from /home/airflow/.local/lib/python3.7/site-packages/airflow/example_dags/example_xcomargs.py
[2023-02-10T00:07:48.122+0000] {logging_mixin.py:137} INFO - [2023-02-10T00:07:48.122+0000] {dag.py:2690} INFO - Sync 2 DAGs
[2023-02-10T00:07:48.161+0000] {logging_mixin.py:137} INFO - [2023-02-10T00:07:48.161+0000] {dag.py:3441} INFO - Setting next_dagrun for example_xcom_args to None, run_after=None
[2023-02-10T00:07:48.166+0000] {logging_mixin.py:137} INFO - [2023-02-10T00:07:48.166+0000] {dag.py:3441} INFO - Setting next_dagrun for example_xcom_args_with_operators to None, run_after=None
[2023-02-10T00:07:48.190+0000] {processor.py:175} INFO - Processing /home/airflow/.local/lib/python3.7/site-packages/airflow/example_dags/example_xcomargs.py took 0.152 seconds
[2023-02-10T00:08:18.295+0000] {processor.py:153} INFO - Started process (PID=3695) to work on /home/airflow/.local/lib/python3.7/site-packages/airflow/example_dags/example_xcomargs.py
[2023-02-10T00:08:18.296+0000] {processor.py:743} INFO - Processing file /home/airflow/.local/lib/python3.7/site-packages/airflow/example_dags/example_xcomargs.py for tasks to queue
[2023-02-10T00:08:18.297+0000] {logging_mixin.py:137} INFO - [2023-02-10T00:08:18.297+0000] {dagbag.py:538} INFO - Filling up the DagBag from /home/airflow/.local/lib/python3.7/site-packages/airflow/example_dags/example_xcomargs.py
[2023-02-10T00:08:18.330+0000] {processor.py:753} INFO - DAG(s) dict_keys(['example_xcom_args', 'example_xcom_args_with_operators']) retrieved from /home/airflow/.local/lib/python3.7/site-packages/airflow/example_dags/example_xcomargs.py
[2023-02-10T00:08:18.371+0000] {logging_mixin.py:137} INFO - [2023-02-10T00:08:18.371+0000] {dag.py:2690} INFO - Sync 2 DAGs
[2023-02-10T00:08:18.408+0000] {logging_mixin.py:137} INFO - [2023-02-10T00:08:18.408+0000] {dag.py:3441} INFO - Setting next_dagrun for example_xcom_args to None, run_after=None
[2023-02-10T00:08:18.414+0000] {logging_mixin.py:137} INFO - [2023-02-10T00:08:18.414+0000] {dag.py:3441} INFO - Setting next_dagrun for example_xcom_args_with_operators to None, run_after=None
[2023-02-10T00:08:18.454+0000] {processor.py:175} INFO - Processing /home/airflow/.local/lib/python3.7/site-packages/airflow/example_dags/example_xcomargs.py took 0.164 seconds
[2023-02-10T00:08:48.840+0000] {processor.py:153} INFO - Started process (PID=3763) to work on /home/airflow/.local/lib/python3.7/site-packages/airflow/example_dags/example_xcomargs.py
[2023-02-10T00:08:48.841+0000] {processor.py:743} INFO - Processing file /home/airflow/.local/lib/python3.7/site-packages/airflow/example_dags/example_xcomargs.py for tasks to queue
[2023-02-10T00:08:48.842+0000] {logging_mixin.py:137} INFO - [2023-02-10T00:08:48.841+0000] {dagbag.py:538} INFO - Filling up the DagBag from /home/airflow/.local/lib/python3.7/site-packages/airflow/example_dags/example_xcomargs.py
[2023-02-10T00:08:48.872+0000] {processor.py:753} INFO - DAG(s) dict_keys(['example_xcom_args_with_operators', 'example_xcom_args']) retrieved from /home/airflow/.local/lib/python3.7/site-packages/airflow/example_dags/example_xcomargs.py
[2023-02-10T00:08:48.909+0000] {logging_mixin.py:137} INFO - [2023-02-10T00:08:48.909+0000] {dag.py:2690} INFO - Sync 2 DAGs
[2023-02-10T00:08:48.946+0000] {logging_mixin.py:137} INFO - [2023-02-10T00:08:48.946+0000] {dag.py:3441} INFO - Setting next_dagrun for example_xcom_args to None, run_after=None
[2023-02-10T00:08:48.951+0000] {logging_mixin.py:137} INFO - [2023-02-10T00:08:48.950+0000] {dag.py:3441} INFO - Setting next_dagrun for example_xcom_args_with_operators to None, run_after=None
[2023-02-10T00:08:48.975+0000] {processor.py:175} INFO - Processing /home/airflow/.local/lib/python3.7/site-packages/airflow/example_dags/example_xcomargs.py took 0.139 seconds
[2023-02-10T00:09:19.598+0000] {processor.py:153} INFO - Started process (PID=3845) to work on /home/airflow/.local/lib/python3.7/site-packages/airflow/example_dags/example_xcomargs.py
[2023-02-10T00:09:19.599+0000] {processor.py:743} INFO - Processing file /home/airflow/.local/lib/python3.7/site-packages/airflow/example_dags/example_xcomargs.py for tasks to queue
[2023-02-10T00:09:19.600+0000] {logging_mixin.py:137} INFO - [2023-02-10T00:09:19.599+0000] {dagbag.py:538} INFO - Filling up the DagBag from /home/airflow/.local/lib/python3.7/site-packages/airflow/example_dags/example_xcomargs.py
[2023-02-10T00:09:19.632+0000] {processor.py:753} INFO - DAG(s) dict_keys(['example_xcom_args', 'example_xcom_args_with_operators']) retrieved from /home/airflow/.local/lib/python3.7/site-packages/airflow/example_dags/example_xcomargs.py
[2023-02-10T00:09:19.675+0000] {logging_mixin.py:137} INFO - [2023-02-10T00:09:19.675+0000] {dag.py:2690} INFO - Sync 2 DAGs
[2023-02-10T00:09:19.712+0000] {logging_mixin.py:137} INFO - [2023-02-10T00:09:19.712+0000] {dag.py:3441} INFO - Setting next_dagrun for example_xcom_args to None, run_after=None
[2023-02-10T00:09:19.716+0000] {logging_mixin.py:137} INFO - [2023-02-10T00:09:19.716+0000] {dag.py:3441} INFO - Setting next_dagrun for example_xcom_args_with_operators to None, run_after=None
[2023-02-10T00:09:19.751+0000] {processor.py:175} INFO - Processing /home/airflow/.local/lib/python3.7/site-packages/airflow/example_dags/example_xcomargs.py took 0.157 seconds
[2023-02-10T00:09:49.981+0000] {processor.py:153} INFO - Started process (PID=3912) to work on /home/airflow/.local/lib/python3.7/site-packages/airflow/example_dags/example_xcomargs.py
[2023-02-10T00:09:49.981+0000] {processor.py:743} INFO - Processing file /home/airflow/.local/lib/python3.7/site-packages/airflow/example_dags/example_xcomargs.py for tasks to queue
[2023-02-10T00:09:49.982+0000] {logging_mixin.py:137} INFO - [2023-02-10T00:09:49.982+0000] {dagbag.py:538} INFO - Filling up the DagBag from /home/airflow/.local/lib/python3.7/site-packages/airflow/example_dags/example_xcomargs.py
[2023-02-10T00:09:50.011+0000] {processor.py:753} INFO - DAG(s) dict_keys(['example_xcom_args', 'example_xcom_args_with_operators']) retrieved from /home/airflow/.local/lib/python3.7/site-packages/airflow/example_dags/example_xcomargs.py
[2023-02-10T00:09:50.047+0000] {logging_mixin.py:137} INFO - [2023-02-10T00:09:50.047+0000] {dag.py:2690} INFO - Sync 2 DAGs
[2023-02-10T00:09:50.082+0000] {logging_mixin.py:137} INFO - [2023-02-10T00:09:50.082+0000] {dag.py:3441} INFO - Setting next_dagrun for example_xcom_args to None, run_after=None
[2023-02-10T00:09:50.087+0000] {logging_mixin.py:137} INFO - [2023-02-10T00:09:50.087+0000] {dag.py:3441} INFO - Setting next_dagrun for example_xcom_args_with_operators to None, run_after=None
[2023-02-10T00:09:50.110+0000] {processor.py:175} INFO - Processing /home/airflow/.local/lib/python3.7/site-packages/airflow/example_dags/example_xcomargs.py took 0.133 seconds
[2023-02-10T00:10:20.285+0000] {processor.py:153} INFO - Started process (PID=3981) to work on /home/airflow/.local/lib/python3.7/site-packages/airflow/example_dags/example_xcomargs.py
[2023-02-10T00:10:20.286+0000] {processor.py:743} INFO - Processing file /home/airflow/.local/lib/python3.7/site-packages/airflow/example_dags/example_xcomargs.py for tasks to queue
[2023-02-10T00:10:20.287+0000] {logging_mixin.py:137} INFO - [2023-02-10T00:10:20.286+0000] {dagbag.py:538} INFO - Filling up the DagBag from /home/airflow/.local/lib/python3.7/site-packages/airflow/example_dags/example_xcomargs.py
[2023-02-10T00:10:20.320+0000] {processor.py:753} INFO - DAG(s) dict_keys(['example_xcom_args', 'example_xcom_args_with_operators']) retrieved from /home/airflow/.local/lib/python3.7/site-packages/airflow/example_dags/example_xcomargs.py
[2023-02-10T00:10:20.359+0000] {logging_mixin.py:137} INFO - [2023-02-10T00:10:20.359+0000] {dag.py:2690} INFO - Sync 2 DAGs
[2023-02-10T00:10:20.399+0000] {logging_mixin.py:137} INFO - [2023-02-10T00:10:20.399+0000] {dag.py:3441} INFO - Setting next_dagrun for example_xcom_args to None, run_after=None
[2023-02-10T00:10:20.406+0000] {logging_mixin.py:137} INFO - [2023-02-10T00:10:20.406+0000] {dag.py:3441} INFO - Setting next_dagrun for example_xcom_args_with_operators to None, run_after=None
[2023-02-10T00:10:20.444+0000] {processor.py:175} INFO - Processing /home/airflow/.local/lib/python3.7/site-packages/airflow/example_dags/example_xcomargs.py took 0.165 seconds
[2023-02-10T00:10:51.183+0000] {processor.py:153} INFO - Started process (PID=4063) to work on /home/airflow/.local/lib/python3.7/site-packages/airflow/example_dags/example_xcomargs.py
[2023-02-10T00:10:51.185+0000] {processor.py:743} INFO - Processing file /home/airflow/.local/lib/python3.7/site-packages/airflow/example_dags/example_xcomargs.py for tasks to queue
[2023-02-10T00:10:51.186+0000] {logging_mixin.py:137} INFO - [2023-02-10T00:10:51.186+0000] {dagbag.py:538} INFO - Filling up the DagBag from /home/airflow/.local/lib/python3.7/site-packages/airflow/example_dags/example_xcomargs.py
[2023-02-10T00:10:51.218+0000] {processor.py:753} INFO - DAG(s) dict_keys(['example_xcom_args', 'example_xcom_args_with_operators']) retrieved from /home/airflow/.local/lib/python3.7/site-packages/airflow/example_dags/example_xcomargs.py
[2023-02-10T00:10:51.257+0000] {logging_mixin.py:137} INFO - [2023-02-10T00:10:51.257+0000] {dag.py:2690} INFO - Sync 2 DAGs
[2023-02-10T00:10:51.295+0000] {logging_mixin.py:137} INFO - [2023-02-10T00:10:51.295+0000] {dag.py:3441} INFO - Setting next_dagrun for example_xcom_args to None, run_after=None
[2023-02-10T00:10:51.300+0000] {logging_mixin.py:137} INFO - [2023-02-10T00:10:51.300+0000] {dag.py:3441} INFO - Setting next_dagrun for example_xcom_args_with_operators to None, run_after=None
[2023-02-10T00:10:51.335+0000] {processor.py:175} INFO - Processing /home/airflow/.local/lib/python3.7/site-packages/airflow/example_dags/example_xcomargs.py took 0.155 seconds
[2023-02-10T00:11:21.959+0000] {processor.py:153} INFO - Started process (PID=4130) to work on /home/airflow/.local/lib/python3.7/site-packages/airflow/example_dags/example_xcomargs.py
[2023-02-10T00:11:21.960+0000] {processor.py:743} INFO - Processing file /home/airflow/.local/lib/python3.7/site-packages/airflow/example_dags/example_xcomargs.py for tasks to queue
[2023-02-10T00:11:21.961+0000] {logging_mixin.py:137} INFO - [2023-02-10T00:11:21.961+0000] {dagbag.py:538} INFO - Filling up the DagBag from /home/airflow/.local/lib/python3.7/site-packages/airflow/example_dags/example_xcomargs.py
[2023-02-10T00:11:21.992+0000] {processor.py:753} INFO - DAG(s) dict_keys(['example_xcom_args_with_operators', 'example_xcom_args']) retrieved from /home/airflow/.local/lib/python3.7/site-packages/airflow/example_dags/example_xcomargs.py
[2023-02-10T00:11:22.030+0000] {logging_mixin.py:137} INFO - [2023-02-10T00:11:22.030+0000] {dag.py:2690} INFO - Sync 2 DAGs
[2023-02-10T00:11:22.070+0000] {logging_mixin.py:137} INFO - [2023-02-10T00:11:22.069+0000] {dag.py:3441} INFO - Setting next_dagrun for example_xcom_args to None, run_after=None
[2023-02-10T00:11:22.075+0000] {logging_mixin.py:137} INFO - [2023-02-10T00:11:22.074+0000] {dag.py:3441} INFO - Setting next_dagrun for example_xcom_args_with_operators to None, run_after=None
[2023-02-10T00:11:22.100+0000] {processor.py:175} INFO - Processing /home/airflow/.local/lib/python3.7/site-packages/airflow/example_dags/example_xcomargs.py took 0.144 seconds
[2023-02-10T00:11:52.242+0000] {processor.py:153} INFO - Started process (PID=4199) to work on /home/airflow/.local/lib/python3.7/site-packages/airflow/example_dags/example_xcomargs.py
[2023-02-10T00:11:52.243+0000] {processor.py:743} INFO - Processing file /home/airflow/.local/lib/python3.7/site-packages/airflow/example_dags/example_xcomargs.py for tasks to queue
[2023-02-10T00:11:52.244+0000] {logging_mixin.py:137} INFO - [2023-02-10T00:11:52.244+0000] {dagbag.py:538} INFO - Filling up the DagBag from /home/airflow/.local/lib/python3.7/site-packages/airflow/example_dags/example_xcomargs.py
[2023-02-10T00:11:52.276+0000] {processor.py:753} INFO - DAG(s) dict_keys(['example_xcom_args', 'example_xcom_args_with_operators']) retrieved from /home/airflow/.local/lib/python3.7/site-packages/airflow/example_dags/example_xcomargs.py
[2023-02-10T00:11:52.312+0000] {logging_mixin.py:137} INFO - [2023-02-10T00:11:52.311+0000] {dag.py:2690} INFO - Sync 2 DAGs
[2023-02-10T00:11:52.347+0000] {logging_mixin.py:137} INFO - [2023-02-10T00:11:52.347+0000] {dag.py:3441} INFO - Setting next_dagrun for example_xcom_args to None, run_after=None
[2023-02-10T00:11:52.352+0000] {logging_mixin.py:137} INFO - [2023-02-10T00:11:52.352+0000] {dag.py:3441} INFO - Setting next_dagrun for example_xcom_args_with_operators to None, run_after=None
[2023-02-10T00:11:52.378+0000] {processor.py:175} INFO - Processing /home/airflow/.local/lib/python3.7/site-packages/airflow/example_dags/example_xcomargs.py took 0.139 seconds
[2023-02-10T00:12:22.970+0000] {processor.py:153} INFO - Started process (PID=4281) to work on /home/airflow/.local/lib/python3.7/site-packages/airflow/example_dags/example_xcomargs.py
[2023-02-10T00:12:22.971+0000] {processor.py:743} INFO - Processing file /home/airflow/.local/lib/python3.7/site-packages/airflow/example_dags/example_xcomargs.py for tasks to queue
[2023-02-10T00:12:22.972+0000] {logging_mixin.py:137} INFO - [2023-02-10T00:12:22.971+0000] {dagbag.py:538} INFO - Filling up the DagBag from /home/airflow/.local/lib/python3.7/site-packages/airflow/example_dags/example_xcomargs.py
[2023-02-10T00:12:23.001+0000] {processor.py:753} INFO - DAG(s) dict_keys(['example_xcom_args_with_operators', 'example_xcom_args']) retrieved from /home/airflow/.local/lib/python3.7/site-packages/airflow/example_dags/example_xcomargs.py
[2023-02-10T00:12:23.035+0000] {logging_mixin.py:137} INFO - [2023-02-10T00:12:23.035+0000] {dag.py:2690} INFO - Sync 2 DAGs
[2023-02-10T00:12:23.072+0000] {logging_mixin.py:137} INFO - [2023-02-10T00:12:23.072+0000] {dag.py:3441} INFO - Setting next_dagrun for example_xcom_args to None, run_after=None
[2023-02-10T00:12:23.078+0000] {logging_mixin.py:137} INFO - [2023-02-10T00:12:23.078+0000] {dag.py:3441} INFO - Setting next_dagrun for example_xcom_args_with_operators to None, run_after=None
[2023-02-10T00:12:23.104+0000] {processor.py:175} INFO - Processing /home/airflow/.local/lib/python3.7/site-packages/airflow/example_dags/example_xcomargs.py took 0.138 seconds
[2023-02-10T00:12:53.330+0000] {processor.py:153} INFO - Started process (PID=4349) to work on /home/airflow/.local/lib/python3.7/site-packages/airflow/example_dags/example_xcomargs.py
[2023-02-10T00:12:53.331+0000] {processor.py:743} INFO - Processing file /home/airflow/.local/lib/python3.7/site-packages/airflow/example_dags/example_xcomargs.py for tasks to queue
[2023-02-10T00:12:53.331+0000] {logging_mixin.py:137} INFO - [2023-02-10T00:12:53.331+0000] {dagbag.py:538} INFO - Filling up the DagBag from /home/airflow/.local/lib/python3.7/site-packages/airflow/example_dags/example_xcomargs.py
[2023-02-10T00:12:53.365+0000] {processor.py:753} INFO - DAG(s) dict_keys(['example_xcom_args', 'example_xcom_args_with_operators']) retrieved from /home/airflow/.local/lib/python3.7/site-packages/airflow/example_dags/example_xcomargs.py
[2023-02-10T00:12:53.408+0000] {logging_mixin.py:137} INFO - [2023-02-10T00:12:53.408+0000] {dag.py:2690} INFO - Sync 2 DAGs
[2023-02-10T00:12:53.446+0000] {logging_mixin.py:137} INFO - [2023-02-10T00:12:53.446+0000] {dag.py:3441} INFO - Setting next_dagrun for example_xcom_args to None, run_after=None
[2023-02-10T00:12:53.452+0000] {logging_mixin.py:137} INFO - [2023-02-10T00:12:53.452+0000] {dag.py:3441} INFO - Setting next_dagrun for example_xcom_args_with_operators to None, run_after=None
[2023-02-10T00:12:53.479+0000] {processor.py:175} INFO - Processing /home/airflow/.local/lib/python3.7/site-packages/airflow/example_dags/example_xcomargs.py took 0.152 seconds
[2023-02-10T00:13:24.034+0000] {processor.py:153} INFO - Started process (PID=4416) to work on /home/airflow/.local/lib/python3.7/site-packages/airflow/example_dags/example_xcomargs.py
[2023-02-10T00:13:24.035+0000] {processor.py:743} INFO - Processing file /home/airflow/.local/lib/python3.7/site-packages/airflow/example_dags/example_xcomargs.py for tasks to queue
[2023-02-10T00:13:24.036+0000] {logging_mixin.py:137} INFO - [2023-02-10T00:13:24.036+0000] {dagbag.py:538} INFO - Filling up the DagBag from /home/airflow/.local/lib/python3.7/site-packages/airflow/example_dags/example_xcomargs.py
[2023-02-10T00:13:24.074+0000] {processor.py:753} INFO - DAG(s) dict_keys(['example_xcom_args', 'example_xcom_args_with_operators']) retrieved from /home/airflow/.local/lib/python3.7/site-packages/airflow/example_dags/example_xcomargs.py
[2023-02-10T00:13:24.120+0000] {logging_mixin.py:137} INFO - [2023-02-10T00:13:24.119+0000] {dag.py:2690} INFO - Sync 2 DAGs
[2023-02-10T00:13:24.161+0000] {logging_mixin.py:137} INFO - [2023-02-10T00:13:24.161+0000] {dag.py:3441} INFO - Setting next_dagrun for example_xcom_args to None, run_after=None
[2023-02-10T00:13:24.166+0000] {logging_mixin.py:137} INFO - [2023-02-10T00:13:24.166+0000] {dag.py:3441} INFO - Setting next_dagrun for example_xcom_args_with_operators to None, run_after=None
[2023-02-10T00:13:24.199+0000] {processor.py:175} INFO - Processing /home/airflow/.local/lib/python3.7/site-packages/airflow/example_dags/example_xcomargs.py took 0.167 seconds
