[2023-02-10T00:00:11.160+0000] {processor.py:153} INFO - Started process (PID=2561) to work on /home/airflow/.local/lib/python3.7/site-packages/airflow/example_dags/example_python_operator.py
[2023-02-10T00:00:11.160+0000] {processor.py:743} INFO - Processing file /home/airflow/.local/lib/python3.7/site-packages/airflow/example_dags/example_python_operator.py for tasks to queue
[2023-02-10T00:00:11.161+0000] {logging_mixin.py:137} INFO - [2023-02-10T00:00:11.161+0000] {dagbag.py:538} INFO - Filling up the DagBag from /home/airflow/.local/lib/python3.7/site-packages/airflow/example_dags/example_python_operator.py
[2023-02-10T00:00:11.196+0000] {logging_mixin.py:137} INFO - [2023-02-10T00:00:11.196+0000] {taskmixin.py:205} WARNING - Dependency <Task(_PythonDecoratedOperator): print_the_context>, log_sql_query already registered for DAG: example_python_operator
[2023-02-10T00:00:11.196+0000] {logging_mixin.py:137} INFO - [2023-02-10T00:00:11.196+0000] {taskmixin.py:205} WARNING - Dependency <Task(_PythonDecoratedOperator): log_sql_query>, print_the_context already registered for DAG: example_python_operator
[2023-02-10T00:00:11.197+0000] {logging_mixin.py:137} INFO - [2023-02-10T00:00:11.197+0000] {taskmixin.py:205} WARNING - Dependency <Task(_PythonDecoratedOperator): print_the_context>, log_sql_query already registered for DAG: example_python_operator
[2023-02-10T00:00:11.198+0000] {logging_mixin.py:137} INFO - [2023-02-10T00:00:11.197+0000] {taskmixin.py:205} WARNING - Dependency <Task(_PythonDecoratedOperator): log_sql_query>, print_the_context already registered for DAG: example_python_operator
[2023-02-10T00:00:11.199+0000] {logging_mixin.py:137} INFO - [2023-02-10T00:00:11.198+0000] {taskmixin.py:205} WARNING - Dependency <Task(_PythonDecoratedOperator): print_the_context>, log_sql_query already registered for DAG: example_python_operator
[2023-02-10T00:00:11.199+0000] {logging_mixin.py:137} INFO - [2023-02-10T00:00:11.199+0000] {taskmixin.py:205} WARNING - Dependency <Task(_PythonDecoratedOperator): log_sql_query>, print_the_context already registered for DAG: example_python_operator
[2023-02-10T00:00:11.200+0000] {logging_mixin.py:137} INFO - [2023-02-10T00:00:11.200+0000] {taskmixin.py:205} WARNING - Dependency <Task(_PythonDecoratedOperator): print_the_context>, log_sql_query already registered for DAG: example_python_operator
[2023-02-10T00:00:11.200+0000] {logging_mixin.py:137} INFO - [2023-02-10T00:00:11.200+0000] {taskmixin.py:205} WARNING - Dependency <Task(_PythonDecoratedOperator): log_sql_query>, print_the_context already registered for DAG: example_python_operator
[2023-02-10T00:00:11.209+0000] {processor.py:753} INFO - DAG(s) dict_keys(['example_python_operator']) retrieved from /home/airflow/.local/lib/python3.7/site-packages/airflow/example_dags/example_python_operator.py
[2023-02-10T00:00:11.243+0000] {logging_mixin.py:137} INFO - [2023-02-10T00:00:11.243+0000] {dag.py:2690} INFO - Sync 1 DAGs
[2023-02-10T00:00:11.282+0000] {logging_mixin.py:137} INFO - [2023-02-10T00:00:11.282+0000] {dag.py:3441} INFO - Setting next_dagrun for example_python_operator to None, run_after=None
[2023-02-10T00:00:11.313+0000] {processor.py:175} INFO - Processing /home/airflow/.local/lib/python3.7/site-packages/airflow/example_dags/example_python_operator.py took 0.157 seconds
[2023-02-10T00:00:41.918+0000] {processor.py:153} INFO - Started process (PID=2636) to work on /home/airflow/.local/lib/python3.7/site-packages/airflow/example_dags/example_python_operator.py
[2023-02-10T00:00:41.919+0000] {processor.py:743} INFO - Processing file /home/airflow/.local/lib/python3.7/site-packages/airflow/example_dags/example_python_operator.py for tasks to queue
[2023-02-10T00:00:41.920+0000] {logging_mixin.py:137} INFO - [2023-02-10T00:00:41.919+0000] {dagbag.py:538} INFO - Filling up the DagBag from /home/airflow/.local/lib/python3.7/site-packages/airflow/example_dags/example_python_operator.py
[2023-02-10T00:00:41.942+0000] {logging_mixin.py:137} INFO - [2023-02-10T00:00:41.942+0000] {taskmixin.py:205} WARNING - Dependency <Task(_PythonDecoratedOperator): print_the_context>, log_sql_query already registered for DAG: example_python_operator
[2023-02-10T00:00:41.942+0000] {logging_mixin.py:137} INFO - [2023-02-10T00:00:41.942+0000] {taskmixin.py:205} WARNING - Dependency <Task(_PythonDecoratedOperator): log_sql_query>, print_the_context already registered for DAG: example_python_operator
[2023-02-10T00:00:41.943+0000] {logging_mixin.py:137} INFO - [2023-02-10T00:00:41.943+0000] {taskmixin.py:205} WARNING - Dependency <Task(_PythonDecoratedOperator): print_the_context>, log_sql_query already registered for DAG: example_python_operator
[2023-02-10T00:00:41.943+0000] {logging_mixin.py:137} INFO - [2023-02-10T00:00:41.943+0000] {taskmixin.py:205} WARNING - Dependency <Task(_PythonDecoratedOperator): log_sql_query>, print_the_context already registered for DAG: example_python_operator
[2023-02-10T00:00:41.944+0000] {logging_mixin.py:137} INFO - [2023-02-10T00:00:41.944+0000] {taskmixin.py:205} WARNING - Dependency <Task(_PythonDecoratedOperator): print_the_context>, log_sql_query already registered for DAG: example_python_operator
[2023-02-10T00:00:41.944+0000] {logging_mixin.py:137} INFO - [2023-02-10T00:00:41.944+0000] {taskmixin.py:205} WARNING - Dependency <Task(_PythonDecoratedOperator): log_sql_query>, print_the_context already registered for DAG: example_python_operator
[2023-02-10T00:00:41.945+0000] {logging_mixin.py:137} INFO - [2023-02-10T00:00:41.945+0000] {taskmixin.py:205} WARNING - Dependency <Task(_PythonDecoratedOperator): print_the_context>, log_sql_query already registered for DAG: example_python_operator
[2023-02-10T00:00:41.946+0000] {logging_mixin.py:137} INFO - [2023-02-10T00:00:41.945+0000] {taskmixin.py:205} WARNING - Dependency <Task(_PythonDecoratedOperator): log_sql_query>, print_the_context already registered for DAG: example_python_operator
[2023-02-10T00:00:41.954+0000] {processor.py:753} INFO - DAG(s) dict_keys(['example_python_operator']) retrieved from /home/airflow/.local/lib/python3.7/site-packages/airflow/example_dags/example_python_operator.py
[2023-02-10T00:00:41.987+0000] {logging_mixin.py:137} INFO - [2023-02-10T00:00:41.987+0000] {dag.py:2690} INFO - Sync 1 DAGs
[2023-02-10T00:00:42.025+0000] {logging_mixin.py:137} INFO - [2023-02-10T00:00:42.025+0000] {dag.py:3441} INFO - Setting next_dagrun for example_python_operator to None, run_after=None
[2023-02-10T00:00:42.054+0000] {processor.py:175} INFO - Processing /home/airflow/.local/lib/python3.7/site-packages/airflow/example_dags/example_python_operator.py took 0.139 seconds
[2023-02-10T00:01:12.345+0000] {processor.py:153} INFO - Started process (PID=2707) to work on /home/airflow/.local/lib/python3.7/site-packages/airflow/example_dags/example_python_operator.py
[2023-02-10T00:01:12.347+0000] {processor.py:743} INFO - Processing file /home/airflow/.local/lib/python3.7/site-packages/airflow/example_dags/example_python_operator.py for tasks to queue
[2023-02-10T00:01:12.348+0000] {logging_mixin.py:137} INFO - [2023-02-10T00:01:12.348+0000] {dagbag.py:538} INFO - Filling up the DagBag from /home/airflow/.local/lib/python3.7/site-packages/airflow/example_dags/example_python_operator.py
[2023-02-10T00:01:12.380+0000] {logging_mixin.py:137} INFO - [2023-02-10T00:01:12.380+0000] {taskmixin.py:205} WARNING - Dependency <Task(_PythonDecoratedOperator): print_the_context>, log_sql_query already registered for DAG: example_python_operator
[2023-02-10T00:01:12.380+0000] {logging_mixin.py:137} INFO - [2023-02-10T00:01:12.380+0000] {taskmixin.py:205} WARNING - Dependency <Task(_PythonDecoratedOperator): log_sql_query>, print_the_context already registered for DAG: example_python_operator
[2023-02-10T00:01:12.382+0000] {logging_mixin.py:137} INFO - [2023-02-10T00:01:12.382+0000] {taskmixin.py:205} WARNING - Dependency <Task(_PythonDecoratedOperator): print_the_context>, log_sql_query already registered for DAG: example_python_operator
[2023-02-10T00:01:12.382+0000] {logging_mixin.py:137} INFO - [2023-02-10T00:01:12.382+0000] {taskmixin.py:205} WARNING - Dependency <Task(_PythonDecoratedOperator): log_sql_query>, print_the_context already registered for DAG: example_python_operator
[2023-02-10T00:01:12.383+0000] {logging_mixin.py:137} INFO - [2023-02-10T00:01:12.383+0000] {taskmixin.py:205} WARNING - Dependency <Task(_PythonDecoratedOperator): print_the_context>, log_sql_query already registered for DAG: example_python_operator
[2023-02-10T00:01:12.383+0000] {logging_mixin.py:137} INFO - [2023-02-10T00:01:12.383+0000] {taskmixin.py:205} WARNING - Dependency <Task(_PythonDecoratedOperator): log_sql_query>, print_the_context already registered for DAG: example_python_operator
[2023-02-10T00:01:12.384+0000] {logging_mixin.py:137} INFO - [2023-02-10T00:01:12.384+0000] {taskmixin.py:205} WARNING - Dependency <Task(_PythonDecoratedOperator): print_the_context>, log_sql_query already registered for DAG: example_python_operator
[2023-02-10T00:01:12.384+0000] {logging_mixin.py:137} INFO - [2023-02-10T00:01:12.384+0000] {taskmixin.py:205} WARNING - Dependency <Task(_PythonDecoratedOperator): log_sql_query>, print_the_context already registered for DAG: example_python_operator
[2023-02-10T00:01:12.393+0000] {processor.py:753} INFO - DAG(s) dict_keys(['example_python_operator']) retrieved from /home/airflow/.local/lib/python3.7/site-packages/airflow/example_dags/example_python_operator.py
[2023-02-10T00:01:12.424+0000] {logging_mixin.py:137} INFO - [2023-02-10T00:01:12.424+0000] {dag.py:2690} INFO - Sync 1 DAGs
[2023-02-10T00:01:12.460+0000] {logging_mixin.py:137} INFO - [2023-02-10T00:01:12.460+0000] {dag.py:3441} INFO - Setting next_dagrun for example_python_operator to None, run_after=None
[2023-02-10T00:01:12.487+0000] {processor.py:175} INFO - Processing /home/airflow/.local/lib/python3.7/site-packages/airflow/example_dags/example_python_operator.py took 0.146 seconds
[2023-02-10T00:01:42.913+0000] {processor.py:153} INFO - Started process (PID=2775) to work on /home/airflow/.local/lib/python3.7/site-packages/airflow/example_dags/example_python_operator.py
[2023-02-10T00:01:42.914+0000] {processor.py:743} INFO - Processing file /home/airflow/.local/lib/python3.7/site-packages/airflow/example_dags/example_python_operator.py for tasks to queue
[2023-02-10T00:01:42.915+0000] {logging_mixin.py:137} INFO - [2023-02-10T00:01:42.915+0000] {dagbag.py:538} INFO - Filling up the DagBag from /home/airflow/.local/lib/python3.7/site-packages/airflow/example_dags/example_python_operator.py
[2023-02-10T00:01:42.948+0000] {logging_mixin.py:137} INFO - [2023-02-10T00:01:42.948+0000] {taskmixin.py:205} WARNING - Dependency <Task(_PythonDecoratedOperator): print_the_context>, log_sql_query already registered for DAG: example_python_operator
[2023-02-10T00:01:42.948+0000] {logging_mixin.py:137} INFO - [2023-02-10T00:01:42.948+0000] {taskmixin.py:205} WARNING - Dependency <Task(_PythonDecoratedOperator): log_sql_query>, print_the_context already registered for DAG: example_python_operator
[2023-02-10T00:01:42.949+0000] {logging_mixin.py:137} INFO - [2023-02-10T00:01:42.949+0000] {taskmixin.py:205} WARNING - Dependency <Task(_PythonDecoratedOperator): print_the_context>, log_sql_query already registered for DAG: example_python_operator
[2023-02-10T00:01:42.950+0000] {logging_mixin.py:137} INFO - [2023-02-10T00:01:42.950+0000] {taskmixin.py:205} WARNING - Dependency <Task(_PythonDecoratedOperator): log_sql_query>, print_the_context already registered for DAG: example_python_operator
[2023-02-10T00:01:42.951+0000] {logging_mixin.py:137} INFO - [2023-02-10T00:01:42.950+0000] {taskmixin.py:205} WARNING - Dependency <Task(_PythonDecoratedOperator): print_the_context>, log_sql_query already registered for DAG: example_python_operator
[2023-02-10T00:01:42.951+0000] {logging_mixin.py:137} INFO - [2023-02-10T00:01:42.951+0000] {taskmixin.py:205} WARNING - Dependency <Task(_PythonDecoratedOperator): log_sql_query>, print_the_context already registered for DAG: example_python_operator
[2023-02-10T00:01:42.952+0000] {logging_mixin.py:137} INFO - [2023-02-10T00:01:42.952+0000] {taskmixin.py:205} WARNING - Dependency <Task(_PythonDecoratedOperator): print_the_context>, log_sql_query already registered for DAG: example_python_operator
[2023-02-10T00:01:42.952+0000] {logging_mixin.py:137} INFO - [2023-02-10T00:01:42.952+0000] {taskmixin.py:205} WARNING - Dependency <Task(_PythonDecoratedOperator): log_sql_query>, print_the_context already registered for DAG: example_python_operator
[2023-02-10T00:01:42.961+0000] {processor.py:753} INFO - DAG(s) dict_keys(['example_python_operator']) retrieved from /home/airflow/.local/lib/python3.7/site-packages/airflow/example_dags/example_python_operator.py
[2023-02-10T00:01:43.000+0000] {logging_mixin.py:137} INFO - [2023-02-10T00:01:43.000+0000] {dag.py:2690} INFO - Sync 1 DAGs
[2023-02-10T00:01:43.039+0000] {logging_mixin.py:137} INFO - [2023-02-10T00:01:43.039+0000] {dag.py:3441} INFO - Setting next_dagrun for example_python_operator to None, run_after=None
[2023-02-10T00:01:43.068+0000] {processor.py:175} INFO - Processing /home/airflow/.local/lib/python3.7/site-packages/airflow/example_dags/example_python_operator.py took 0.158 seconds
[2023-02-10T00:02:13.225+0000] {processor.py:153} INFO - Started process (PID=2842) to work on /home/airflow/.local/lib/python3.7/site-packages/airflow/example_dags/example_python_operator.py
[2023-02-10T00:02:13.226+0000] {processor.py:743} INFO - Processing file /home/airflow/.local/lib/python3.7/site-packages/airflow/example_dags/example_python_operator.py for tasks to queue
[2023-02-10T00:02:13.226+0000] {logging_mixin.py:137} INFO - [2023-02-10T00:02:13.226+0000] {dagbag.py:538} INFO - Filling up the DagBag from /home/airflow/.local/lib/python3.7/site-packages/airflow/example_dags/example_python_operator.py
[2023-02-10T00:02:13.247+0000] {logging_mixin.py:137} INFO - [2023-02-10T00:02:13.246+0000] {taskmixin.py:205} WARNING - Dependency <Task(_PythonDecoratedOperator): print_the_context>, log_sql_query already registered for DAG: example_python_operator
[2023-02-10T00:02:13.247+0000] {logging_mixin.py:137} INFO - [2023-02-10T00:02:13.247+0000] {taskmixin.py:205} WARNING - Dependency <Task(_PythonDecoratedOperator): log_sql_query>, print_the_context already registered for DAG: example_python_operator
[2023-02-10T00:02:13.248+0000] {logging_mixin.py:137} INFO - [2023-02-10T00:02:13.248+0000] {taskmixin.py:205} WARNING - Dependency <Task(_PythonDecoratedOperator): print_the_context>, log_sql_query already registered for DAG: example_python_operator
[2023-02-10T00:02:13.248+0000] {logging_mixin.py:137} INFO - [2023-02-10T00:02:13.248+0000] {taskmixin.py:205} WARNING - Dependency <Task(_PythonDecoratedOperator): log_sql_query>, print_the_context already registered for DAG: example_python_operator
[2023-02-10T00:02:13.249+0000] {logging_mixin.py:137} INFO - [2023-02-10T00:02:13.249+0000] {taskmixin.py:205} WARNING - Dependency <Task(_PythonDecoratedOperator): print_the_context>, log_sql_query already registered for DAG: example_python_operator
[2023-02-10T00:02:13.249+0000] {logging_mixin.py:137} INFO - [2023-02-10T00:02:13.249+0000] {taskmixin.py:205} WARNING - Dependency <Task(_PythonDecoratedOperator): log_sql_query>, print_the_context already registered for DAG: example_python_operator
[2023-02-10T00:02:13.250+0000] {logging_mixin.py:137} INFO - [2023-02-10T00:02:13.250+0000] {taskmixin.py:205} WARNING - Dependency <Task(_PythonDecoratedOperator): print_the_context>, log_sql_query already registered for DAG: example_python_operator
[2023-02-10T00:02:13.250+0000] {logging_mixin.py:137} INFO - [2023-02-10T00:02:13.250+0000] {taskmixin.py:205} WARNING - Dependency <Task(_PythonDecoratedOperator): log_sql_query>, print_the_context already registered for DAG: example_python_operator
[2023-02-10T00:02:13.259+0000] {processor.py:753} INFO - DAG(s) dict_keys(['example_python_operator']) retrieved from /home/airflow/.local/lib/python3.7/site-packages/airflow/example_dags/example_python_operator.py
[2023-02-10T00:02:13.291+0000] {logging_mixin.py:137} INFO - [2023-02-10T00:02:13.291+0000] {dag.py:2690} INFO - Sync 1 DAGs
[2023-02-10T00:02:13.326+0000] {logging_mixin.py:137} INFO - [2023-02-10T00:02:13.326+0000] {dag.py:3441} INFO - Setting next_dagrun for example_python_operator to None, run_after=None
[2023-02-10T00:02:13.351+0000] {processor.py:175} INFO - Processing /home/airflow/.local/lib/python3.7/site-packages/airflow/example_dags/example_python_operator.py took 0.130 seconds
[2023-02-10T00:02:43.835+0000] {processor.py:153} INFO - Started process (PID=2925) to work on /home/airflow/.local/lib/python3.7/site-packages/airflow/example_dags/example_python_operator.py
[2023-02-10T00:02:43.836+0000] {processor.py:743} INFO - Processing file /home/airflow/.local/lib/python3.7/site-packages/airflow/example_dags/example_python_operator.py for tasks to queue
[2023-02-10T00:02:43.836+0000] {logging_mixin.py:137} INFO - [2023-02-10T00:02:43.836+0000] {dagbag.py:538} INFO - Filling up the DagBag from /home/airflow/.local/lib/python3.7/site-packages/airflow/example_dags/example_python_operator.py
[2023-02-10T00:02:43.856+0000] {logging_mixin.py:137} INFO - [2023-02-10T00:02:43.856+0000] {taskmixin.py:205} WARNING - Dependency <Task(_PythonDecoratedOperator): print_the_context>, log_sql_query already registered for DAG: example_python_operator
[2023-02-10T00:02:43.856+0000] {logging_mixin.py:137} INFO - [2023-02-10T00:02:43.856+0000] {taskmixin.py:205} WARNING - Dependency <Task(_PythonDecoratedOperator): log_sql_query>, print_the_context already registered for DAG: example_python_operator
[2023-02-10T00:02:43.857+0000] {logging_mixin.py:137} INFO - [2023-02-10T00:02:43.857+0000] {taskmixin.py:205} WARNING - Dependency <Task(_PythonDecoratedOperator): print_the_context>, log_sql_query already registered for DAG: example_python_operator
[2023-02-10T00:02:43.857+0000] {logging_mixin.py:137} INFO - [2023-02-10T00:02:43.857+0000] {taskmixin.py:205} WARNING - Dependency <Task(_PythonDecoratedOperator): log_sql_query>, print_the_context already registered for DAG: example_python_operator
[2023-02-10T00:02:43.858+0000] {logging_mixin.py:137} INFO - [2023-02-10T00:02:43.858+0000] {taskmixin.py:205} WARNING - Dependency <Task(_PythonDecoratedOperator): print_the_context>, log_sql_query already registered for DAG: example_python_operator
[2023-02-10T00:02:43.858+0000] {logging_mixin.py:137} INFO - [2023-02-10T00:02:43.858+0000] {taskmixin.py:205} WARNING - Dependency <Task(_PythonDecoratedOperator): log_sql_query>, print_the_context already registered for DAG: example_python_operator
[2023-02-10T00:02:43.859+0000] {logging_mixin.py:137} INFO - [2023-02-10T00:02:43.859+0000] {taskmixin.py:205} WARNING - Dependency <Task(_PythonDecoratedOperator): print_the_context>, log_sql_query already registered for DAG: example_python_operator
[2023-02-10T00:02:43.859+0000] {logging_mixin.py:137} INFO - [2023-02-10T00:02:43.859+0000] {taskmixin.py:205} WARNING - Dependency <Task(_PythonDecoratedOperator): log_sql_query>, print_the_context already registered for DAG: example_python_operator
[2023-02-10T00:02:43.868+0000] {processor.py:753} INFO - DAG(s) dict_keys(['example_python_operator']) retrieved from /home/airflow/.local/lib/python3.7/site-packages/airflow/example_dags/example_python_operator.py
[2023-02-10T00:02:43.899+0000] {logging_mixin.py:137} INFO - [2023-02-10T00:02:43.898+0000] {dag.py:2690} INFO - Sync 1 DAGs
[2023-02-10T00:02:43.935+0000] {logging_mixin.py:137} INFO - [2023-02-10T00:02:43.935+0000] {dag.py:3441} INFO - Setting next_dagrun for example_python_operator to None, run_after=None
[2023-02-10T00:02:43.962+0000] {processor.py:175} INFO - Processing /home/airflow/.local/lib/python3.7/site-packages/airflow/example_dags/example_python_operator.py took 0.130 seconds
[2023-02-10T00:03:14.255+0000] {processor.py:153} INFO - Started process (PID=2994) to work on /home/airflow/.local/lib/python3.7/site-packages/airflow/example_dags/example_python_operator.py
[2023-02-10T00:03:14.256+0000] {processor.py:743} INFO - Processing file /home/airflow/.local/lib/python3.7/site-packages/airflow/example_dags/example_python_operator.py for tasks to queue
[2023-02-10T00:03:14.257+0000] {logging_mixin.py:137} INFO - [2023-02-10T00:03:14.257+0000] {dagbag.py:538} INFO - Filling up the DagBag from /home/airflow/.local/lib/python3.7/site-packages/airflow/example_dags/example_python_operator.py
[2023-02-10T00:03:14.276+0000] {logging_mixin.py:137} INFO - [2023-02-10T00:03:14.276+0000] {taskmixin.py:205} WARNING - Dependency <Task(_PythonDecoratedOperator): print_the_context>, log_sql_query already registered for DAG: example_python_operator
[2023-02-10T00:03:14.277+0000] {logging_mixin.py:137} INFO - [2023-02-10T00:03:14.277+0000] {taskmixin.py:205} WARNING - Dependency <Task(_PythonDecoratedOperator): log_sql_query>, print_the_context already registered for DAG: example_python_operator
[2023-02-10T00:03:14.278+0000] {logging_mixin.py:137} INFO - [2023-02-10T00:03:14.277+0000] {taskmixin.py:205} WARNING - Dependency <Task(_PythonDecoratedOperator): print_the_context>, log_sql_query already registered for DAG: example_python_operator
[2023-02-10T00:03:14.278+0000] {logging_mixin.py:137} INFO - [2023-02-10T00:03:14.278+0000] {taskmixin.py:205} WARNING - Dependency <Task(_PythonDecoratedOperator): log_sql_query>, print_the_context already registered for DAG: example_python_operator
[2023-02-10T00:03:14.279+0000] {logging_mixin.py:137} INFO - [2023-02-10T00:03:14.278+0000] {taskmixin.py:205} WARNING - Dependency <Task(_PythonDecoratedOperator): print_the_context>, log_sql_query already registered for DAG: example_python_operator
[2023-02-10T00:03:14.279+0000] {logging_mixin.py:137} INFO - [2023-02-10T00:03:14.279+0000] {taskmixin.py:205} WARNING - Dependency <Task(_PythonDecoratedOperator): log_sql_query>, print_the_context already registered for DAG: example_python_operator
[2023-02-10T00:03:14.280+0000] {logging_mixin.py:137} INFO - [2023-02-10T00:03:14.279+0000] {taskmixin.py:205} WARNING - Dependency <Task(_PythonDecoratedOperator): print_the_context>, log_sql_query already registered for DAG: example_python_operator
[2023-02-10T00:03:14.280+0000] {logging_mixin.py:137} INFO - [2023-02-10T00:03:14.280+0000] {taskmixin.py:205} WARNING - Dependency <Task(_PythonDecoratedOperator): log_sql_query>, print_the_context already registered for DAG: example_python_operator
[2023-02-10T00:03:14.288+0000] {processor.py:753} INFO - DAG(s) dict_keys(['example_python_operator']) retrieved from /home/airflow/.local/lib/python3.7/site-packages/airflow/example_dags/example_python_operator.py
[2023-02-10T00:03:14.319+0000] {logging_mixin.py:137} INFO - [2023-02-10T00:03:14.319+0000] {dag.py:2690} INFO - Sync 1 DAGs
[2023-02-10T00:03:14.354+0000] {logging_mixin.py:137} INFO - [2023-02-10T00:03:14.354+0000] {dag.py:3441} INFO - Setting next_dagrun for example_python_operator to None, run_after=None
[2023-02-10T00:03:14.378+0000] {processor.py:175} INFO - Processing /home/airflow/.local/lib/python3.7/site-packages/airflow/example_dags/example_python_operator.py took 0.126 seconds
[2023-02-10T00:03:44.629+0000] {processor.py:153} INFO - Started process (PID=3062) to work on /home/airflow/.local/lib/python3.7/site-packages/airflow/example_dags/example_python_operator.py
[2023-02-10T00:03:44.631+0000] {processor.py:743} INFO - Processing file /home/airflow/.local/lib/python3.7/site-packages/airflow/example_dags/example_python_operator.py for tasks to queue
[2023-02-10T00:03:44.632+0000] {logging_mixin.py:137} INFO - [2023-02-10T00:03:44.632+0000] {dagbag.py:538} INFO - Filling up the DagBag from /home/airflow/.local/lib/python3.7/site-packages/airflow/example_dags/example_python_operator.py
[2023-02-10T00:03:44.654+0000] {logging_mixin.py:137} INFO - [2023-02-10T00:03:44.654+0000] {taskmixin.py:205} WARNING - Dependency <Task(_PythonDecoratedOperator): print_the_context>, log_sql_query already registered for DAG: example_python_operator
[2023-02-10T00:03:44.655+0000] {logging_mixin.py:137} INFO - [2023-02-10T00:03:44.655+0000] {taskmixin.py:205} WARNING - Dependency <Task(_PythonDecoratedOperator): log_sql_query>, print_the_context already registered for DAG: example_python_operator
[2023-02-10T00:03:44.656+0000] {logging_mixin.py:137} INFO - [2023-02-10T00:03:44.655+0000] {taskmixin.py:205} WARNING - Dependency <Task(_PythonDecoratedOperator): print_the_context>, log_sql_query already registered for DAG: example_python_operator
[2023-02-10T00:03:44.656+0000] {logging_mixin.py:137} INFO - [2023-02-10T00:03:44.656+0000] {taskmixin.py:205} WARNING - Dependency <Task(_PythonDecoratedOperator): log_sql_query>, print_the_context already registered for DAG: example_python_operator
[2023-02-10T00:03:44.657+0000] {logging_mixin.py:137} INFO - [2023-02-10T00:03:44.657+0000] {taskmixin.py:205} WARNING - Dependency <Task(_PythonDecoratedOperator): print_the_context>, log_sql_query already registered for DAG: example_python_operator
[2023-02-10T00:03:44.658+0000] {logging_mixin.py:137} INFO - [2023-02-10T00:03:44.658+0000] {taskmixin.py:205} WARNING - Dependency <Task(_PythonDecoratedOperator): log_sql_query>, print_the_context already registered for DAG: example_python_operator
[2023-02-10T00:03:44.659+0000] {logging_mixin.py:137} INFO - [2023-02-10T00:03:44.659+0000] {taskmixin.py:205} WARNING - Dependency <Task(_PythonDecoratedOperator): print_the_context>, log_sql_query already registered for DAG: example_python_operator
[2023-02-10T00:03:44.659+0000] {logging_mixin.py:137} INFO - [2023-02-10T00:03:44.659+0000] {taskmixin.py:205} WARNING - Dependency <Task(_PythonDecoratedOperator): log_sql_query>, print_the_context already registered for DAG: example_python_operator
[2023-02-10T00:03:44.669+0000] {processor.py:753} INFO - DAG(s) dict_keys(['example_python_operator']) retrieved from /home/airflow/.local/lib/python3.7/site-packages/airflow/example_dags/example_python_operator.py
[2023-02-10T00:03:44.701+0000] {logging_mixin.py:137} INFO - [2023-02-10T00:03:44.700+0000] {dag.py:2690} INFO - Sync 1 DAGs
[2023-02-10T00:03:44.735+0000] {logging_mixin.py:137} INFO - [2023-02-10T00:03:44.735+0000] {dag.py:3441} INFO - Setting next_dagrun for example_python_operator to None, run_after=None
[2023-02-10T00:03:44.760+0000] {processor.py:175} INFO - Processing /home/airflow/.local/lib/python3.7/site-packages/airflow/example_dags/example_python_operator.py took 0.136 seconds
[2023-02-10T00:04:14.986+0000] {processor.py:153} INFO - Started process (PID=3144) to work on /home/airflow/.local/lib/python3.7/site-packages/airflow/example_dags/example_python_operator.py
[2023-02-10T00:04:14.987+0000] {processor.py:743} INFO - Processing file /home/airflow/.local/lib/python3.7/site-packages/airflow/example_dags/example_python_operator.py for tasks to queue
[2023-02-10T00:04:14.988+0000] {logging_mixin.py:137} INFO - [2023-02-10T00:04:14.988+0000] {dagbag.py:538} INFO - Filling up the DagBag from /home/airflow/.local/lib/python3.7/site-packages/airflow/example_dags/example_python_operator.py
[2023-02-10T00:04:15.010+0000] {logging_mixin.py:137} INFO - [2023-02-10T00:04:15.009+0000] {taskmixin.py:205} WARNING - Dependency <Task(_PythonDecoratedOperator): print_the_context>, log_sql_query already registered for DAG: example_python_operator
[2023-02-10T00:04:15.010+0000] {logging_mixin.py:137} INFO - [2023-02-10T00:04:15.010+0000] {taskmixin.py:205} WARNING - Dependency <Task(_PythonDecoratedOperator): log_sql_query>, print_the_context already registered for DAG: example_python_operator
[2023-02-10T00:04:15.012+0000] {logging_mixin.py:137} INFO - [2023-02-10T00:04:15.011+0000] {taskmixin.py:205} WARNING - Dependency <Task(_PythonDecoratedOperator): print_the_context>, log_sql_query already registered for DAG: example_python_operator
[2023-02-10T00:04:15.013+0000] {logging_mixin.py:137} INFO - [2023-02-10T00:04:15.012+0000] {taskmixin.py:205} WARNING - Dependency <Task(_PythonDecoratedOperator): log_sql_query>, print_the_context already registered for DAG: example_python_operator
[2023-02-10T00:04:15.015+0000] {logging_mixin.py:137} INFO - [2023-02-10T00:04:15.015+0000] {taskmixin.py:205} WARNING - Dependency <Task(_PythonDecoratedOperator): print_the_context>, log_sql_query already registered for DAG: example_python_operator
[2023-02-10T00:04:15.015+0000] {logging_mixin.py:137} INFO - [2023-02-10T00:04:15.015+0000] {taskmixin.py:205} WARNING - Dependency <Task(_PythonDecoratedOperator): log_sql_query>, print_the_context already registered for DAG: example_python_operator
[2023-02-10T00:04:15.016+0000] {logging_mixin.py:137} INFO - [2023-02-10T00:04:15.016+0000] {taskmixin.py:205} WARNING - Dependency <Task(_PythonDecoratedOperator): print_the_context>, log_sql_query already registered for DAG: example_python_operator
[2023-02-10T00:04:15.016+0000] {logging_mixin.py:137} INFO - [2023-02-10T00:04:15.016+0000] {taskmixin.py:205} WARNING - Dependency <Task(_PythonDecoratedOperator): log_sql_query>, print_the_context already registered for DAG: example_python_operator
[2023-02-10T00:04:15.025+0000] {processor.py:753} INFO - DAG(s) dict_keys(['example_python_operator']) retrieved from /home/airflow/.local/lib/python3.7/site-packages/airflow/example_dags/example_python_operator.py
[2023-02-10T00:04:15.066+0000] {logging_mixin.py:137} INFO - [2023-02-10T00:04:15.066+0000] {dag.py:2690} INFO - Sync 1 DAGs
[2023-02-10T00:04:15.100+0000] {logging_mixin.py:137} INFO - [2023-02-10T00:04:15.100+0000] {dag.py:3441} INFO - Setting next_dagrun for example_python_operator to None, run_after=None
[2023-02-10T00:04:15.126+0000] {processor.py:175} INFO - Processing /home/airflow/.local/lib/python3.7/site-packages/airflow/example_dags/example_python_operator.py took 0.143 seconds
[2023-02-10T00:04:45.866+0000] {processor.py:153} INFO - Started process (PID=3212) to work on /home/airflow/.local/lib/python3.7/site-packages/airflow/example_dags/example_python_operator.py
[2023-02-10T00:04:45.867+0000] {processor.py:743} INFO - Processing file /home/airflow/.local/lib/python3.7/site-packages/airflow/example_dags/example_python_operator.py for tasks to queue
[2023-02-10T00:04:45.867+0000] {logging_mixin.py:137} INFO - [2023-02-10T00:04:45.867+0000] {dagbag.py:538} INFO - Filling up the DagBag from /home/airflow/.local/lib/python3.7/site-packages/airflow/example_dags/example_python_operator.py
[2023-02-10T00:04:45.889+0000] {logging_mixin.py:137} INFO - [2023-02-10T00:04:45.888+0000] {taskmixin.py:205} WARNING - Dependency <Task(_PythonDecoratedOperator): print_the_context>, log_sql_query already registered for DAG: example_python_operator
[2023-02-10T00:04:45.889+0000] {logging_mixin.py:137} INFO - [2023-02-10T00:04:45.889+0000] {taskmixin.py:205} WARNING - Dependency <Task(_PythonDecoratedOperator): log_sql_query>, print_the_context already registered for DAG: example_python_operator
[2023-02-10T00:04:45.890+0000] {logging_mixin.py:137} INFO - [2023-02-10T00:04:45.890+0000] {taskmixin.py:205} WARNING - Dependency <Task(_PythonDecoratedOperator): print_the_context>, log_sql_query already registered for DAG: example_python_operator
[2023-02-10T00:04:45.890+0000] {logging_mixin.py:137} INFO - [2023-02-10T00:04:45.890+0000] {taskmixin.py:205} WARNING - Dependency <Task(_PythonDecoratedOperator): log_sql_query>, print_the_context already registered for DAG: example_python_operator
[2023-02-10T00:04:45.891+0000] {logging_mixin.py:137} INFO - [2023-02-10T00:04:45.891+0000] {taskmixin.py:205} WARNING - Dependency <Task(_PythonDecoratedOperator): print_the_context>, log_sql_query already registered for DAG: example_python_operator
[2023-02-10T00:04:45.891+0000] {logging_mixin.py:137} INFO - [2023-02-10T00:04:45.891+0000] {taskmixin.py:205} WARNING - Dependency <Task(_PythonDecoratedOperator): log_sql_query>, print_the_context already registered for DAG: example_python_operator
[2023-02-10T00:04:45.892+0000] {logging_mixin.py:137} INFO - [2023-02-10T00:04:45.892+0000] {taskmixin.py:205} WARNING - Dependency <Task(_PythonDecoratedOperator): print_the_context>, log_sql_query already registered for DAG: example_python_operator
[2023-02-10T00:04:45.892+0000] {logging_mixin.py:137} INFO - [2023-02-10T00:04:45.892+0000] {taskmixin.py:205} WARNING - Dependency <Task(_PythonDecoratedOperator): log_sql_query>, print_the_context already registered for DAG: example_python_operator
[2023-02-10T00:04:45.900+0000] {processor.py:753} INFO - DAG(s) dict_keys(['example_python_operator']) retrieved from /home/airflow/.local/lib/python3.7/site-packages/airflow/example_dags/example_python_operator.py
[2023-02-10T00:04:45.934+0000] {logging_mixin.py:137} INFO - [2023-02-10T00:04:45.934+0000] {dag.py:2690} INFO - Sync 1 DAGs
[2023-02-10T00:04:45.970+0000] {logging_mixin.py:137} INFO - [2023-02-10T00:04:45.970+0000] {dag.py:3441} INFO - Setting next_dagrun for example_python_operator to None, run_after=None
[2023-02-10T00:04:45.999+0000] {processor.py:175} INFO - Processing /home/airflow/.local/lib/python3.7/site-packages/airflow/example_dags/example_python_operator.py took 0.137 seconds
[2023-02-10T00:05:16.345+0000] {processor.py:153} INFO - Started process (PID=3278) to work on /home/airflow/.local/lib/python3.7/site-packages/airflow/example_dags/example_python_operator.py
[2023-02-10T00:05:16.346+0000] {processor.py:743} INFO - Processing file /home/airflow/.local/lib/python3.7/site-packages/airflow/example_dags/example_python_operator.py for tasks to queue
[2023-02-10T00:05:16.347+0000] {logging_mixin.py:137} INFO - [2023-02-10T00:05:16.346+0000] {dagbag.py:538} INFO - Filling up the DagBag from /home/airflow/.local/lib/python3.7/site-packages/airflow/example_dags/example_python_operator.py
[2023-02-10T00:05:16.369+0000] {logging_mixin.py:137} INFO - [2023-02-10T00:05:16.369+0000] {taskmixin.py:205} WARNING - Dependency <Task(_PythonDecoratedOperator): print_the_context>, log_sql_query already registered for DAG: example_python_operator
[2023-02-10T00:05:16.369+0000] {logging_mixin.py:137} INFO - [2023-02-10T00:05:16.369+0000] {taskmixin.py:205} WARNING - Dependency <Task(_PythonDecoratedOperator): log_sql_query>, print_the_context already registered for DAG: example_python_operator
[2023-02-10T00:05:16.370+0000] {logging_mixin.py:137} INFO - [2023-02-10T00:05:16.370+0000] {taskmixin.py:205} WARNING - Dependency <Task(_PythonDecoratedOperator): print_the_context>, log_sql_query already registered for DAG: example_python_operator
[2023-02-10T00:05:16.370+0000] {logging_mixin.py:137} INFO - [2023-02-10T00:05:16.370+0000] {taskmixin.py:205} WARNING - Dependency <Task(_PythonDecoratedOperator): log_sql_query>, print_the_context already registered for DAG: example_python_operator
[2023-02-10T00:05:16.371+0000] {logging_mixin.py:137} INFO - [2023-02-10T00:05:16.371+0000] {taskmixin.py:205} WARNING - Dependency <Task(_PythonDecoratedOperator): print_the_context>, log_sql_query already registered for DAG: example_python_operator
[2023-02-10T00:05:16.371+0000] {logging_mixin.py:137} INFO - [2023-02-10T00:05:16.371+0000] {taskmixin.py:205} WARNING - Dependency <Task(_PythonDecoratedOperator): log_sql_query>, print_the_context already registered for DAG: example_python_operator
[2023-02-10T00:05:16.372+0000] {logging_mixin.py:137} INFO - [2023-02-10T00:05:16.372+0000] {taskmixin.py:205} WARNING - Dependency <Task(_PythonDecoratedOperator): print_the_context>, log_sql_query already registered for DAG: example_python_operator
[2023-02-10T00:05:16.372+0000] {logging_mixin.py:137} INFO - [2023-02-10T00:05:16.372+0000] {taskmixin.py:205} WARNING - Dependency <Task(_PythonDecoratedOperator): log_sql_query>, print_the_context already registered for DAG: example_python_operator
[2023-02-10T00:05:16.382+0000] {processor.py:753} INFO - DAG(s) dict_keys(['example_python_operator']) retrieved from /home/airflow/.local/lib/python3.7/site-packages/airflow/example_dags/example_python_operator.py
[2023-02-10T00:05:16.417+0000] {logging_mixin.py:137} INFO - [2023-02-10T00:05:16.417+0000] {dag.py:2690} INFO - Sync 1 DAGs
[2023-02-10T00:05:16.453+0000] {logging_mixin.py:137} INFO - [2023-02-10T00:05:16.453+0000] {dag.py:3441} INFO - Setting next_dagrun for example_python_operator to None, run_after=None
[2023-02-10T00:05:16.479+0000] {processor.py:175} INFO - Processing /home/airflow/.local/lib/python3.7/site-packages/airflow/example_dags/example_python_operator.py took 0.138 seconds
[2023-02-10T00:05:47.332+0000] {processor.py:153} INFO - Started process (PID=3362) to work on /home/airflow/.local/lib/python3.7/site-packages/airflow/example_dags/example_python_operator.py
[2023-02-10T00:05:47.333+0000] {processor.py:743} INFO - Processing file /home/airflow/.local/lib/python3.7/site-packages/airflow/example_dags/example_python_operator.py for tasks to queue
[2023-02-10T00:05:47.333+0000] {logging_mixin.py:137} INFO - [2023-02-10T00:05:47.333+0000] {dagbag.py:538} INFO - Filling up the DagBag from /home/airflow/.local/lib/python3.7/site-packages/airflow/example_dags/example_python_operator.py
[2023-02-10T00:05:47.353+0000] {logging_mixin.py:137} INFO - [2023-02-10T00:05:47.353+0000] {taskmixin.py:205} WARNING - Dependency <Task(_PythonDecoratedOperator): print_the_context>, log_sql_query already registered for DAG: example_python_operator
[2023-02-10T00:05:47.353+0000] {logging_mixin.py:137} INFO - [2023-02-10T00:05:47.353+0000] {taskmixin.py:205} WARNING - Dependency <Task(_PythonDecoratedOperator): log_sql_query>, print_the_context already registered for DAG: example_python_operator
[2023-02-10T00:05:47.354+0000] {logging_mixin.py:137} INFO - [2023-02-10T00:05:47.354+0000] {taskmixin.py:205} WARNING - Dependency <Task(_PythonDecoratedOperator): print_the_context>, log_sql_query already registered for DAG: example_python_operator
[2023-02-10T00:05:47.354+0000] {logging_mixin.py:137} INFO - [2023-02-10T00:05:47.354+0000] {taskmixin.py:205} WARNING - Dependency <Task(_PythonDecoratedOperator): log_sql_query>, print_the_context already registered for DAG: example_python_operator
[2023-02-10T00:05:47.355+0000] {logging_mixin.py:137} INFO - [2023-02-10T00:05:47.355+0000] {taskmixin.py:205} WARNING - Dependency <Task(_PythonDecoratedOperator): print_the_context>, log_sql_query already registered for DAG: example_python_operator
[2023-02-10T00:05:47.355+0000] {logging_mixin.py:137} INFO - [2023-02-10T00:05:47.355+0000] {taskmixin.py:205} WARNING - Dependency <Task(_PythonDecoratedOperator): log_sql_query>, print_the_context already registered for DAG: example_python_operator
[2023-02-10T00:05:47.356+0000] {logging_mixin.py:137} INFO - [2023-02-10T00:05:47.356+0000] {taskmixin.py:205} WARNING - Dependency <Task(_PythonDecoratedOperator): print_the_context>, log_sql_query already registered for DAG: example_python_operator
[2023-02-10T00:05:47.356+0000] {logging_mixin.py:137} INFO - [2023-02-10T00:05:47.356+0000] {taskmixin.py:205} WARNING - Dependency <Task(_PythonDecoratedOperator): log_sql_query>, print_the_context already registered for DAG: example_python_operator
[2023-02-10T00:05:47.365+0000] {processor.py:753} INFO - DAG(s) dict_keys(['example_python_operator']) retrieved from /home/airflow/.local/lib/python3.7/site-packages/airflow/example_dags/example_python_operator.py
[2023-02-10T00:05:47.396+0000] {logging_mixin.py:137} INFO - [2023-02-10T00:05:47.395+0000] {dag.py:2690} INFO - Sync 1 DAGs
[2023-02-10T00:05:47.430+0000] {logging_mixin.py:137} INFO - [2023-02-10T00:05:47.430+0000] {dag.py:3441} INFO - Setting next_dagrun for example_python_operator to None, run_after=None
[2023-02-10T00:05:47.455+0000] {processor.py:175} INFO - Processing /home/airflow/.local/lib/python3.7/site-packages/airflow/example_dags/example_python_operator.py took 0.126 seconds
[2023-02-10T00:06:17.963+0000] {processor.py:153} INFO - Started process (PID=3431) to work on /home/airflow/.local/lib/python3.7/site-packages/airflow/example_dags/example_python_operator.py
[2023-02-10T00:06:17.964+0000] {processor.py:743} INFO - Processing file /home/airflow/.local/lib/python3.7/site-packages/airflow/example_dags/example_python_operator.py for tasks to queue
[2023-02-10T00:06:17.965+0000] {logging_mixin.py:137} INFO - [2023-02-10T00:06:17.964+0000] {dagbag.py:538} INFO - Filling up the DagBag from /home/airflow/.local/lib/python3.7/site-packages/airflow/example_dags/example_python_operator.py
[2023-02-10T00:06:17.987+0000] {logging_mixin.py:137} INFO - [2023-02-10T00:06:17.987+0000] {taskmixin.py:205} WARNING - Dependency <Task(_PythonDecoratedOperator): print_the_context>, log_sql_query already registered for DAG: example_python_operator
[2023-02-10T00:06:17.987+0000] {logging_mixin.py:137} INFO - [2023-02-10T00:06:17.987+0000] {taskmixin.py:205} WARNING - Dependency <Task(_PythonDecoratedOperator): log_sql_query>, print_the_context already registered for DAG: example_python_operator
[2023-02-10T00:06:17.988+0000] {logging_mixin.py:137} INFO - [2023-02-10T00:06:17.988+0000] {taskmixin.py:205} WARNING - Dependency <Task(_PythonDecoratedOperator): print_the_context>, log_sql_query already registered for DAG: example_python_operator
[2023-02-10T00:06:17.988+0000] {logging_mixin.py:137} INFO - [2023-02-10T00:06:17.988+0000] {taskmixin.py:205} WARNING - Dependency <Task(_PythonDecoratedOperator): log_sql_query>, print_the_context already registered for DAG: example_python_operator
[2023-02-10T00:06:17.989+0000] {logging_mixin.py:137} INFO - [2023-02-10T00:06:17.989+0000] {taskmixin.py:205} WARNING - Dependency <Task(_PythonDecoratedOperator): print_the_context>, log_sql_query already registered for DAG: example_python_operator
[2023-02-10T00:06:17.990+0000] {logging_mixin.py:137} INFO - [2023-02-10T00:06:17.989+0000] {taskmixin.py:205} WARNING - Dependency <Task(_PythonDecoratedOperator): log_sql_query>, print_the_context already registered for DAG: example_python_operator
[2023-02-10T00:06:17.991+0000] {logging_mixin.py:137} INFO - [2023-02-10T00:06:17.990+0000] {taskmixin.py:205} WARNING - Dependency <Task(_PythonDecoratedOperator): print_the_context>, log_sql_query already registered for DAG: example_python_operator
[2023-02-10T00:06:17.991+0000] {logging_mixin.py:137} INFO - [2023-02-10T00:06:17.991+0000] {taskmixin.py:205} WARNING - Dependency <Task(_PythonDecoratedOperator): log_sql_query>, print_the_context already registered for DAG: example_python_operator
[2023-02-10T00:06:18.000+0000] {processor.py:753} INFO - DAG(s) dict_keys(['example_python_operator']) retrieved from /home/airflow/.local/lib/python3.7/site-packages/airflow/example_dags/example_python_operator.py
[2023-02-10T00:06:18.034+0000] {logging_mixin.py:137} INFO - [2023-02-10T00:06:18.033+0000] {dag.py:2690} INFO - Sync 1 DAGs
[2023-02-10T00:06:18.070+0000] {logging_mixin.py:137} INFO - [2023-02-10T00:06:18.070+0000] {dag.py:3441} INFO - Setting next_dagrun for example_python_operator to None, run_after=None
[2023-02-10T00:06:18.107+0000] {processor.py:175} INFO - Processing /home/airflow/.local/lib/python3.7/site-packages/airflow/example_dags/example_python_operator.py took 0.148 seconds
[2023-02-10T00:06:48.745+0000] {processor.py:153} INFO - Started process (PID=3500) to work on /home/airflow/.local/lib/python3.7/site-packages/airflow/example_dags/example_python_operator.py
[2023-02-10T00:06:48.746+0000] {processor.py:743} INFO - Processing file /home/airflow/.local/lib/python3.7/site-packages/airflow/example_dags/example_python_operator.py for tasks to queue
[2023-02-10T00:06:48.747+0000] {logging_mixin.py:137} INFO - [2023-02-10T00:06:48.746+0000] {dagbag.py:538} INFO - Filling up the DagBag from /home/airflow/.local/lib/python3.7/site-packages/airflow/example_dags/example_python_operator.py
[2023-02-10T00:06:48.768+0000] {logging_mixin.py:137} INFO - [2023-02-10T00:06:48.767+0000] {taskmixin.py:205} WARNING - Dependency <Task(_PythonDecoratedOperator): print_the_context>, log_sql_query already registered for DAG: example_python_operator
[2023-02-10T00:06:48.768+0000] {logging_mixin.py:137} INFO - [2023-02-10T00:06:48.768+0000] {taskmixin.py:205} WARNING - Dependency <Task(_PythonDecoratedOperator): log_sql_query>, print_the_context already registered for DAG: example_python_operator
[2023-02-10T00:06:48.769+0000] {logging_mixin.py:137} INFO - [2023-02-10T00:06:48.769+0000] {taskmixin.py:205} WARNING - Dependency <Task(_PythonDecoratedOperator): print_the_context>, log_sql_query already registered for DAG: example_python_operator
[2023-02-10T00:06:48.769+0000] {logging_mixin.py:137} INFO - [2023-02-10T00:06:48.769+0000] {taskmixin.py:205} WARNING - Dependency <Task(_PythonDecoratedOperator): log_sql_query>, print_the_context already registered for DAG: example_python_operator
[2023-02-10T00:06:48.770+0000] {logging_mixin.py:137} INFO - [2023-02-10T00:06:48.770+0000] {taskmixin.py:205} WARNING - Dependency <Task(_PythonDecoratedOperator): print_the_context>, log_sql_query already registered for DAG: example_python_operator
[2023-02-10T00:06:48.770+0000] {logging_mixin.py:137} INFO - [2023-02-10T00:06:48.770+0000] {taskmixin.py:205} WARNING - Dependency <Task(_PythonDecoratedOperator): log_sql_query>, print_the_context already registered for DAG: example_python_operator
[2023-02-10T00:06:48.771+0000] {logging_mixin.py:137} INFO - [2023-02-10T00:06:48.771+0000] {taskmixin.py:205} WARNING - Dependency <Task(_PythonDecoratedOperator): print_the_context>, log_sql_query already registered for DAG: example_python_operator
[2023-02-10T00:06:48.771+0000] {logging_mixin.py:137} INFO - [2023-02-10T00:06:48.771+0000] {taskmixin.py:205} WARNING - Dependency <Task(_PythonDecoratedOperator): log_sql_query>, print_the_context already registered for DAG: example_python_operator
[2023-02-10T00:06:48.779+0000] {processor.py:753} INFO - DAG(s) dict_keys(['example_python_operator']) retrieved from /home/airflow/.local/lib/python3.7/site-packages/airflow/example_dags/example_python_operator.py
[2023-02-10T00:06:48.810+0000] {logging_mixin.py:137} INFO - [2023-02-10T00:06:48.810+0000] {dag.py:2690} INFO - Sync 1 DAGs
[2023-02-10T00:06:48.847+0000] {logging_mixin.py:137} INFO - [2023-02-10T00:06:48.846+0000] {dag.py:3441} INFO - Setting next_dagrun for example_python_operator to None, run_after=None
[2023-02-10T00:06:48.871+0000] {processor.py:175} INFO - Processing /home/airflow/.local/lib/python3.7/site-packages/airflow/example_dags/example_python_operator.py took 0.129 seconds
[2023-02-10T00:07:19.750+0000] {processor.py:153} INFO - Started process (PID=3583) to work on /home/airflow/.local/lib/python3.7/site-packages/airflow/example_dags/example_python_operator.py
[2023-02-10T00:07:19.751+0000] {processor.py:743} INFO - Processing file /home/airflow/.local/lib/python3.7/site-packages/airflow/example_dags/example_python_operator.py for tasks to queue
[2023-02-10T00:07:19.752+0000] {logging_mixin.py:137} INFO - [2023-02-10T00:07:19.752+0000] {dagbag.py:538} INFO - Filling up the DagBag from /home/airflow/.local/lib/python3.7/site-packages/airflow/example_dags/example_python_operator.py
[2023-02-10T00:07:19.774+0000] {logging_mixin.py:137} INFO - [2023-02-10T00:07:19.773+0000] {taskmixin.py:205} WARNING - Dependency <Task(_PythonDecoratedOperator): print_the_context>, log_sql_query already registered for DAG: example_python_operator
[2023-02-10T00:07:19.774+0000] {logging_mixin.py:137} INFO - [2023-02-10T00:07:19.774+0000] {taskmixin.py:205} WARNING - Dependency <Task(_PythonDecoratedOperator): log_sql_query>, print_the_context already registered for DAG: example_python_operator
[2023-02-10T00:07:19.775+0000] {logging_mixin.py:137} INFO - [2023-02-10T00:07:19.775+0000] {taskmixin.py:205} WARNING - Dependency <Task(_PythonDecoratedOperator): print_the_context>, log_sql_query already registered for DAG: example_python_operator
[2023-02-10T00:07:19.775+0000] {logging_mixin.py:137} INFO - [2023-02-10T00:07:19.775+0000] {taskmixin.py:205} WARNING - Dependency <Task(_PythonDecoratedOperator): log_sql_query>, print_the_context already registered for DAG: example_python_operator
[2023-02-10T00:07:19.776+0000] {logging_mixin.py:137} INFO - [2023-02-10T00:07:19.776+0000] {taskmixin.py:205} WARNING - Dependency <Task(_PythonDecoratedOperator): print_the_context>, log_sql_query already registered for DAG: example_python_operator
[2023-02-10T00:07:19.776+0000] {logging_mixin.py:137} INFO - [2023-02-10T00:07:19.776+0000] {taskmixin.py:205} WARNING - Dependency <Task(_PythonDecoratedOperator): log_sql_query>, print_the_context already registered for DAG: example_python_operator
[2023-02-10T00:07:19.777+0000] {logging_mixin.py:137} INFO - [2023-02-10T00:07:19.777+0000] {taskmixin.py:205} WARNING - Dependency <Task(_PythonDecoratedOperator): print_the_context>, log_sql_query already registered for DAG: example_python_operator
[2023-02-10T00:07:19.777+0000] {logging_mixin.py:137} INFO - [2023-02-10T00:07:19.777+0000] {taskmixin.py:205} WARNING - Dependency <Task(_PythonDecoratedOperator): log_sql_query>, print_the_context already registered for DAG: example_python_operator
[2023-02-10T00:07:19.786+0000] {processor.py:753} INFO - DAG(s) dict_keys(['example_python_operator']) retrieved from /home/airflow/.local/lib/python3.7/site-packages/airflow/example_dags/example_python_operator.py
[2023-02-10T00:07:19.822+0000] {logging_mixin.py:137} INFO - [2023-02-10T00:07:19.822+0000] {dag.py:2690} INFO - Sync 1 DAGs
[2023-02-10T00:07:19.857+0000] {logging_mixin.py:137} INFO - [2023-02-10T00:07:19.857+0000] {dag.py:3441} INFO - Setting next_dagrun for example_python_operator to None, run_after=None
[2023-02-10T00:07:19.882+0000] {processor.py:175} INFO - Processing /home/airflow/.local/lib/python3.7/site-packages/airflow/example_dags/example_python_operator.py took 0.135 seconds
[2023-02-10T00:07:49.970+0000] {processor.py:153} INFO - Started process (PID=3651) to work on /home/airflow/.local/lib/python3.7/site-packages/airflow/example_dags/example_python_operator.py
[2023-02-10T00:07:49.971+0000] {processor.py:743} INFO - Processing file /home/airflow/.local/lib/python3.7/site-packages/airflow/example_dags/example_python_operator.py for tasks to queue
[2023-02-10T00:07:49.971+0000] {logging_mixin.py:137} INFO - [2023-02-10T00:07:49.971+0000] {dagbag.py:538} INFO - Filling up the DagBag from /home/airflow/.local/lib/python3.7/site-packages/airflow/example_dags/example_python_operator.py
[2023-02-10T00:07:49.992+0000] {logging_mixin.py:137} INFO - [2023-02-10T00:07:49.992+0000] {taskmixin.py:205} WARNING - Dependency <Task(_PythonDecoratedOperator): print_the_context>, log_sql_query already registered for DAG: example_python_operator
[2023-02-10T00:07:49.992+0000] {logging_mixin.py:137} INFO - [2023-02-10T00:07:49.992+0000] {taskmixin.py:205} WARNING - Dependency <Task(_PythonDecoratedOperator): log_sql_query>, print_the_context already registered for DAG: example_python_operator
[2023-02-10T00:07:49.993+0000] {logging_mixin.py:137} INFO - [2023-02-10T00:07:49.993+0000] {taskmixin.py:205} WARNING - Dependency <Task(_PythonDecoratedOperator): print_the_context>, log_sql_query already registered for DAG: example_python_operator
[2023-02-10T00:07:49.994+0000] {logging_mixin.py:137} INFO - [2023-02-10T00:07:49.993+0000] {taskmixin.py:205} WARNING - Dependency <Task(_PythonDecoratedOperator): log_sql_query>, print_the_context already registered for DAG: example_python_operator
[2023-02-10T00:07:49.994+0000] {logging_mixin.py:137} INFO - [2023-02-10T00:07:49.994+0000] {taskmixin.py:205} WARNING - Dependency <Task(_PythonDecoratedOperator): print_the_context>, log_sql_query already registered for DAG: example_python_operator
[2023-02-10T00:07:49.995+0000] {logging_mixin.py:137} INFO - [2023-02-10T00:07:49.994+0000] {taskmixin.py:205} WARNING - Dependency <Task(_PythonDecoratedOperator): log_sql_query>, print_the_context already registered for DAG: example_python_operator
[2023-02-10T00:07:49.996+0000] {logging_mixin.py:137} INFO - [2023-02-10T00:07:49.995+0000] {taskmixin.py:205} WARNING - Dependency <Task(_PythonDecoratedOperator): print_the_context>, log_sql_query already registered for DAG: example_python_operator
[2023-02-10T00:07:49.996+0000] {logging_mixin.py:137} INFO - [2023-02-10T00:07:49.996+0000] {taskmixin.py:205} WARNING - Dependency <Task(_PythonDecoratedOperator): log_sql_query>, print_the_context already registered for DAG: example_python_operator
[2023-02-10T00:07:50.005+0000] {processor.py:753} INFO - DAG(s) dict_keys(['example_python_operator']) retrieved from /home/airflow/.local/lib/python3.7/site-packages/airflow/example_dags/example_python_operator.py
[2023-02-10T00:07:50.039+0000] {logging_mixin.py:137} INFO - [2023-02-10T00:07:50.039+0000] {dag.py:2690} INFO - Sync 1 DAGs
[2023-02-10T00:07:50.075+0000] {logging_mixin.py:137} INFO - [2023-02-10T00:07:50.075+0000] {dag.py:3441} INFO - Setting next_dagrun for example_python_operator to None, run_after=None
[2023-02-10T00:07:50.104+0000] {processor.py:175} INFO - Processing /home/airflow/.local/lib/python3.7/site-packages/airflow/example_dags/example_python_operator.py took 0.138 seconds
[2023-02-10T00:08:20.512+0000] {processor.py:153} INFO - Started process (PID=3720) to work on /home/airflow/.local/lib/python3.7/site-packages/airflow/example_dags/example_python_operator.py
[2023-02-10T00:08:20.512+0000] {processor.py:743} INFO - Processing file /home/airflow/.local/lib/python3.7/site-packages/airflow/example_dags/example_python_operator.py for tasks to queue
[2023-02-10T00:08:20.513+0000] {logging_mixin.py:137} INFO - [2023-02-10T00:08:20.513+0000] {dagbag.py:538} INFO - Filling up the DagBag from /home/airflow/.local/lib/python3.7/site-packages/airflow/example_dags/example_python_operator.py
[2023-02-10T00:08:20.534+0000] {logging_mixin.py:137} INFO - [2023-02-10T00:08:20.534+0000] {taskmixin.py:205} WARNING - Dependency <Task(_PythonDecoratedOperator): print_the_context>, log_sql_query already registered for DAG: example_python_operator
[2023-02-10T00:08:20.534+0000] {logging_mixin.py:137} INFO - [2023-02-10T00:08:20.534+0000] {taskmixin.py:205} WARNING - Dependency <Task(_PythonDecoratedOperator): log_sql_query>, print_the_context already registered for DAG: example_python_operator
[2023-02-10T00:08:20.535+0000] {logging_mixin.py:137} INFO - [2023-02-10T00:08:20.535+0000] {taskmixin.py:205} WARNING - Dependency <Task(_PythonDecoratedOperator): print_the_context>, log_sql_query already registered for DAG: example_python_operator
[2023-02-10T00:08:20.535+0000] {logging_mixin.py:137} INFO - [2023-02-10T00:08:20.535+0000] {taskmixin.py:205} WARNING - Dependency <Task(_PythonDecoratedOperator): log_sql_query>, print_the_context already registered for DAG: example_python_operator
[2023-02-10T00:08:20.536+0000] {logging_mixin.py:137} INFO - [2023-02-10T00:08:20.536+0000] {taskmixin.py:205} WARNING - Dependency <Task(_PythonDecoratedOperator): print_the_context>, log_sql_query already registered for DAG: example_python_operator
[2023-02-10T00:08:20.536+0000] {logging_mixin.py:137} INFO - [2023-02-10T00:08:20.536+0000] {taskmixin.py:205} WARNING - Dependency <Task(_PythonDecoratedOperator): log_sql_query>, print_the_context already registered for DAG: example_python_operator
[2023-02-10T00:08:20.537+0000] {logging_mixin.py:137} INFO - [2023-02-10T00:08:20.537+0000] {taskmixin.py:205} WARNING - Dependency <Task(_PythonDecoratedOperator): print_the_context>, log_sql_query already registered for DAG: example_python_operator
[2023-02-10T00:08:20.537+0000] {logging_mixin.py:137} INFO - [2023-02-10T00:08:20.537+0000] {taskmixin.py:205} WARNING - Dependency <Task(_PythonDecoratedOperator): log_sql_query>, print_the_context already registered for DAG: example_python_operator
[2023-02-10T00:08:20.546+0000] {processor.py:753} INFO - DAG(s) dict_keys(['example_python_operator']) retrieved from /home/airflow/.local/lib/python3.7/site-packages/airflow/example_dags/example_python_operator.py
[2023-02-10T00:08:20.583+0000] {logging_mixin.py:137} INFO - [2023-02-10T00:08:20.583+0000] {dag.py:2690} INFO - Sync 1 DAGs
[2023-02-10T00:08:20.622+0000] {logging_mixin.py:137} INFO - [2023-02-10T00:08:20.622+0000] {dag.py:3441} INFO - Setting next_dagrun for example_python_operator to None, run_after=None
[2023-02-10T00:08:20.651+0000] {processor.py:175} INFO - Processing /home/airflow/.local/lib/python3.7/site-packages/airflow/example_dags/example_python_operator.py took 0.142 seconds
[2023-02-10T00:08:51.063+0000] {processor.py:153} INFO - Started process (PID=3801) to work on /home/airflow/.local/lib/python3.7/site-packages/airflow/example_dags/example_python_operator.py
[2023-02-10T00:08:51.063+0000] {processor.py:743} INFO - Processing file /home/airflow/.local/lib/python3.7/site-packages/airflow/example_dags/example_python_operator.py for tasks to queue
[2023-02-10T00:08:51.064+0000] {logging_mixin.py:137} INFO - [2023-02-10T00:08:51.064+0000] {dagbag.py:538} INFO - Filling up the DagBag from /home/airflow/.local/lib/python3.7/site-packages/airflow/example_dags/example_python_operator.py
[2023-02-10T00:08:51.086+0000] {logging_mixin.py:137} INFO - [2023-02-10T00:08:51.086+0000] {taskmixin.py:205} WARNING - Dependency <Task(_PythonDecoratedOperator): print_the_context>, log_sql_query already registered for DAG: example_python_operator
[2023-02-10T00:08:51.087+0000] {logging_mixin.py:137} INFO - [2023-02-10T00:08:51.086+0000] {taskmixin.py:205} WARNING - Dependency <Task(_PythonDecoratedOperator): log_sql_query>, print_the_context already registered for DAG: example_python_operator
[2023-02-10T00:08:51.088+0000] {logging_mixin.py:137} INFO - [2023-02-10T00:08:51.087+0000] {taskmixin.py:205} WARNING - Dependency <Task(_PythonDecoratedOperator): print_the_context>, log_sql_query already registered for DAG: example_python_operator
[2023-02-10T00:08:51.088+0000] {logging_mixin.py:137} INFO - [2023-02-10T00:08:51.088+0000] {taskmixin.py:205} WARNING - Dependency <Task(_PythonDecoratedOperator): log_sql_query>, print_the_context already registered for DAG: example_python_operator
[2023-02-10T00:08:51.089+0000] {logging_mixin.py:137} INFO - [2023-02-10T00:08:51.089+0000] {taskmixin.py:205} WARNING - Dependency <Task(_PythonDecoratedOperator): print_the_context>, log_sql_query already registered for DAG: example_python_operator
[2023-02-10T00:08:51.089+0000] {logging_mixin.py:137} INFO - [2023-02-10T00:08:51.089+0000] {taskmixin.py:205} WARNING - Dependency <Task(_PythonDecoratedOperator): log_sql_query>, print_the_context already registered for DAG: example_python_operator
[2023-02-10T00:08:51.090+0000] {logging_mixin.py:137} INFO - [2023-02-10T00:08:51.090+0000] {taskmixin.py:205} WARNING - Dependency <Task(_PythonDecoratedOperator): print_the_context>, log_sql_query already registered for DAG: example_python_operator
[2023-02-10T00:08:51.090+0000] {logging_mixin.py:137} INFO - [2023-02-10T00:08:51.090+0000] {taskmixin.py:205} WARNING - Dependency <Task(_PythonDecoratedOperator): log_sql_query>, print_the_context already registered for DAG: example_python_operator
[2023-02-10T00:08:51.099+0000] {processor.py:753} INFO - DAG(s) dict_keys(['example_python_operator']) retrieved from /home/airflow/.local/lib/python3.7/site-packages/airflow/example_dags/example_python_operator.py
[2023-02-10T00:08:51.138+0000] {logging_mixin.py:137} INFO - [2023-02-10T00:08:51.137+0000] {dag.py:2690} INFO - Sync 1 DAGs
[2023-02-10T00:08:51.180+0000] {logging_mixin.py:137} INFO - [2023-02-10T00:08:51.180+0000] {dag.py:3441} INFO - Setting next_dagrun for example_python_operator to None, run_after=None
[2023-02-10T00:08:51.213+0000] {processor.py:175} INFO - Processing /home/airflow/.local/lib/python3.7/site-packages/airflow/example_dags/example_python_operator.py took 0.153 seconds
[2023-02-10T00:09:21.716+0000] {processor.py:153} INFO - Started process (PID=3869) to work on /home/airflow/.local/lib/python3.7/site-packages/airflow/example_dags/example_python_operator.py
[2023-02-10T00:09:21.717+0000] {processor.py:743} INFO - Processing file /home/airflow/.local/lib/python3.7/site-packages/airflow/example_dags/example_python_operator.py for tasks to queue
[2023-02-10T00:09:21.717+0000] {logging_mixin.py:137} INFO - [2023-02-10T00:09:21.717+0000] {dagbag.py:538} INFO - Filling up the DagBag from /home/airflow/.local/lib/python3.7/site-packages/airflow/example_dags/example_python_operator.py
[2023-02-10T00:09:21.740+0000] {logging_mixin.py:137} INFO - [2023-02-10T00:09:21.739+0000] {taskmixin.py:205} WARNING - Dependency <Task(_PythonDecoratedOperator): print_the_context>, log_sql_query already registered for DAG: example_python_operator
[2023-02-10T00:09:21.740+0000] {logging_mixin.py:137} INFO - [2023-02-10T00:09:21.740+0000] {taskmixin.py:205} WARNING - Dependency <Task(_PythonDecoratedOperator): log_sql_query>, print_the_context already registered for DAG: example_python_operator
[2023-02-10T00:09:21.741+0000] {logging_mixin.py:137} INFO - [2023-02-10T00:09:21.741+0000] {taskmixin.py:205} WARNING - Dependency <Task(_PythonDecoratedOperator): print_the_context>, log_sql_query already registered for DAG: example_python_operator
[2023-02-10T00:09:21.741+0000] {logging_mixin.py:137} INFO - [2023-02-10T00:09:21.741+0000] {taskmixin.py:205} WARNING - Dependency <Task(_PythonDecoratedOperator): log_sql_query>, print_the_context already registered for DAG: example_python_operator
[2023-02-10T00:09:21.742+0000] {logging_mixin.py:137} INFO - [2023-02-10T00:09:21.742+0000] {taskmixin.py:205} WARNING - Dependency <Task(_PythonDecoratedOperator): print_the_context>, log_sql_query already registered for DAG: example_python_operator
[2023-02-10T00:09:21.742+0000] {logging_mixin.py:137} INFO - [2023-02-10T00:09:21.742+0000] {taskmixin.py:205} WARNING - Dependency <Task(_PythonDecoratedOperator): log_sql_query>, print_the_context already registered for DAG: example_python_operator
[2023-02-10T00:09:21.743+0000] {logging_mixin.py:137} INFO - [2023-02-10T00:09:21.743+0000] {taskmixin.py:205} WARNING - Dependency <Task(_PythonDecoratedOperator): print_the_context>, log_sql_query already registered for DAG: example_python_operator
[2023-02-10T00:09:21.743+0000] {logging_mixin.py:137} INFO - [2023-02-10T00:09:21.743+0000] {taskmixin.py:205} WARNING - Dependency <Task(_PythonDecoratedOperator): log_sql_query>, print_the_context already registered for DAG: example_python_operator
[2023-02-10T00:09:21.752+0000] {processor.py:753} INFO - DAG(s) dict_keys(['example_python_operator']) retrieved from /home/airflow/.local/lib/python3.7/site-packages/airflow/example_dags/example_python_operator.py
[2023-02-10T00:09:21.788+0000] {logging_mixin.py:137} INFO - [2023-02-10T00:09:21.788+0000] {dag.py:2690} INFO - Sync 1 DAGs
[2023-02-10T00:09:21.823+0000] {logging_mixin.py:137} INFO - [2023-02-10T00:09:21.823+0000] {dag.py:3441} INFO - Setting next_dagrun for example_python_operator to None, run_after=None
[2023-02-10T00:09:21.852+0000] {processor.py:175} INFO - Processing /home/airflow/.local/lib/python3.7/site-packages/airflow/example_dags/example_python_operator.py took 0.139 seconds
[2023-02-10T00:09:51.989+0000] {processor.py:153} INFO - Started process (PID=3936) to work on /home/airflow/.local/lib/python3.7/site-packages/airflow/example_dags/example_python_operator.py
[2023-02-10T00:09:51.990+0000] {processor.py:743} INFO - Processing file /home/airflow/.local/lib/python3.7/site-packages/airflow/example_dags/example_python_operator.py for tasks to queue
[2023-02-10T00:09:51.991+0000] {logging_mixin.py:137} INFO - [2023-02-10T00:09:51.991+0000] {dagbag.py:538} INFO - Filling up the DagBag from /home/airflow/.local/lib/python3.7/site-packages/airflow/example_dags/example_python_operator.py
[2023-02-10T00:09:52.014+0000] {logging_mixin.py:137} INFO - [2023-02-10T00:09:52.014+0000] {taskmixin.py:205} WARNING - Dependency <Task(_PythonDecoratedOperator): print_the_context>, log_sql_query already registered for DAG: example_python_operator
[2023-02-10T00:09:52.014+0000] {logging_mixin.py:137} INFO - [2023-02-10T00:09:52.014+0000] {taskmixin.py:205} WARNING - Dependency <Task(_PythonDecoratedOperator): log_sql_query>, print_the_context already registered for DAG: example_python_operator
[2023-02-10T00:09:52.015+0000] {logging_mixin.py:137} INFO - [2023-02-10T00:09:52.015+0000] {taskmixin.py:205} WARNING - Dependency <Task(_PythonDecoratedOperator): print_the_context>, log_sql_query already registered for DAG: example_python_operator
[2023-02-10T00:09:52.015+0000] {logging_mixin.py:137} INFO - [2023-02-10T00:09:52.015+0000] {taskmixin.py:205} WARNING - Dependency <Task(_PythonDecoratedOperator): log_sql_query>, print_the_context already registered for DAG: example_python_operator
[2023-02-10T00:09:52.016+0000] {logging_mixin.py:137} INFO - [2023-02-10T00:09:52.016+0000] {taskmixin.py:205} WARNING - Dependency <Task(_PythonDecoratedOperator): print_the_context>, log_sql_query already registered for DAG: example_python_operator
[2023-02-10T00:09:52.016+0000] {logging_mixin.py:137} INFO - [2023-02-10T00:09:52.016+0000] {taskmixin.py:205} WARNING - Dependency <Task(_PythonDecoratedOperator): log_sql_query>, print_the_context already registered for DAG: example_python_operator
[2023-02-10T00:09:52.017+0000] {logging_mixin.py:137} INFO - [2023-02-10T00:09:52.017+0000] {taskmixin.py:205} WARNING - Dependency <Task(_PythonDecoratedOperator): print_the_context>, log_sql_query already registered for DAG: example_python_operator
[2023-02-10T00:09:52.017+0000] {logging_mixin.py:137} INFO - [2023-02-10T00:09:52.017+0000] {taskmixin.py:205} WARNING - Dependency <Task(_PythonDecoratedOperator): log_sql_query>, print_the_context already registered for DAG: example_python_operator
[2023-02-10T00:09:52.027+0000] {processor.py:753} INFO - DAG(s) dict_keys(['example_python_operator']) retrieved from /home/airflow/.local/lib/python3.7/site-packages/airflow/example_dags/example_python_operator.py
[2023-02-10T00:09:52.061+0000] {logging_mixin.py:137} INFO - [2023-02-10T00:09:52.061+0000] {dag.py:2690} INFO - Sync 1 DAGs
[2023-02-10T00:09:52.097+0000] {logging_mixin.py:137} INFO - [2023-02-10T00:09:52.097+0000] {dag.py:3441} INFO - Setting next_dagrun for example_python_operator to None, run_after=None
[2023-02-10T00:09:52.123+0000] {processor.py:175} INFO - Processing /home/airflow/.local/lib/python3.7/site-packages/airflow/example_dags/example_python_operator.py took 0.137 seconds
[2023-02-10T00:10:22.827+0000] {processor.py:153} INFO - Started process (PID=4014) to work on /home/airflow/.local/lib/python3.7/site-packages/airflow/example_dags/example_python_operator.py
[2023-02-10T00:10:22.828+0000] {processor.py:743} INFO - Processing file /home/airflow/.local/lib/python3.7/site-packages/airflow/example_dags/example_python_operator.py for tasks to queue
[2023-02-10T00:10:22.829+0000] {logging_mixin.py:137} INFO - [2023-02-10T00:10:22.829+0000] {dagbag.py:538} INFO - Filling up the DagBag from /home/airflow/.local/lib/python3.7/site-packages/airflow/example_dags/example_python_operator.py
[2023-02-10T00:10:22.854+0000] {logging_mixin.py:137} INFO - [2023-02-10T00:10:22.854+0000] {taskmixin.py:205} WARNING - Dependency <Task(_PythonDecoratedOperator): print_the_context>, log_sql_query already registered for DAG: example_python_operator
[2023-02-10T00:10:22.855+0000] {logging_mixin.py:137} INFO - [2023-02-10T00:10:22.854+0000] {taskmixin.py:205} WARNING - Dependency <Task(_PythonDecoratedOperator): log_sql_query>, print_the_context already registered for DAG: example_python_operator
[2023-02-10T00:10:22.855+0000] {logging_mixin.py:137} INFO - [2023-02-10T00:10:22.855+0000] {taskmixin.py:205} WARNING - Dependency <Task(_PythonDecoratedOperator): print_the_context>, log_sql_query already registered for DAG: example_python_operator
[2023-02-10T00:10:22.856+0000] {logging_mixin.py:137} INFO - [2023-02-10T00:10:22.856+0000] {taskmixin.py:205} WARNING - Dependency <Task(_PythonDecoratedOperator): log_sql_query>, print_the_context already registered for DAG: example_python_operator
[2023-02-10T00:10:22.857+0000] {logging_mixin.py:137} INFO - [2023-02-10T00:10:22.857+0000] {taskmixin.py:205} WARNING - Dependency <Task(_PythonDecoratedOperator): print_the_context>, log_sql_query already registered for DAG: example_python_operator
[2023-02-10T00:10:22.858+0000] {logging_mixin.py:137} INFO - [2023-02-10T00:10:22.857+0000] {taskmixin.py:205} WARNING - Dependency <Task(_PythonDecoratedOperator): log_sql_query>, print_the_context already registered for DAG: example_python_operator
[2023-02-10T00:10:22.859+0000] {logging_mixin.py:137} INFO - [2023-02-10T00:10:22.859+0000] {taskmixin.py:205} WARNING - Dependency <Task(_PythonDecoratedOperator): print_the_context>, log_sql_query already registered for DAG: example_python_operator
[2023-02-10T00:10:22.859+0000] {logging_mixin.py:137} INFO - [2023-02-10T00:10:22.859+0000] {taskmixin.py:205} WARNING - Dependency <Task(_PythonDecoratedOperator): log_sql_query>, print_the_context already registered for DAG: example_python_operator
[2023-02-10T00:10:22.869+0000] {processor.py:753} INFO - DAG(s) dict_keys(['example_python_operator']) retrieved from /home/airflow/.local/lib/python3.7/site-packages/airflow/example_dags/example_python_operator.py
[2023-02-10T00:10:22.938+0000] {logging_mixin.py:137} INFO - [2023-02-10T00:10:22.938+0000] {dag.py:2690} INFO - Sync 1 DAGs
[2023-02-10T00:10:22.984+0000] {logging_mixin.py:137} INFO - [2023-02-10T00:10:22.983+0000] {dag.py:3441} INFO - Setting next_dagrun for example_python_operator to None, run_after=None
[2023-02-10T00:10:23.011+0000] {processor.py:175} INFO - Processing /home/airflow/.local/lib/python3.7/site-packages/airflow/example_dags/example_python_operator.py took 0.189 seconds
[2023-02-10T00:10:53.377+0000] {processor.py:153} INFO - Started process (PID=4087) to work on /home/airflow/.local/lib/python3.7/site-packages/airflow/example_dags/example_python_operator.py
[2023-02-10T00:10:53.378+0000] {processor.py:743} INFO - Processing file /home/airflow/.local/lib/python3.7/site-packages/airflow/example_dags/example_python_operator.py for tasks to queue
[2023-02-10T00:10:53.378+0000] {logging_mixin.py:137} INFO - [2023-02-10T00:10:53.378+0000] {dagbag.py:538} INFO - Filling up the DagBag from /home/airflow/.local/lib/python3.7/site-packages/airflow/example_dags/example_python_operator.py
[2023-02-10T00:10:53.400+0000] {logging_mixin.py:137} INFO - [2023-02-10T00:10:53.399+0000] {taskmixin.py:205} WARNING - Dependency <Task(_PythonDecoratedOperator): print_the_context>, log_sql_query already registered for DAG: example_python_operator
[2023-02-10T00:10:53.400+0000] {logging_mixin.py:137} INFO - [2023-02-10T00:10:53.400+0000] {taskmixin.py:205} WARNING - Dependency <Task(_PythonDecoratedOperator): log_sql_query>, print_the_context already registered for DAG: example_python_operator
[2023-02-10T00:10:53.401+0000] {logging_mixin.py:137} INFO - [2023-02-10T00:10:53.401+0000] {taskmixin.py:205} WARNING - Dependency <Task(_PythonDecoratedOperator): print_the_context>, log_sql_query already registered for DAG: example_python_operator
[2023-02-10T00:10:53.401+0000] {logging_mixin.py:137} INFO - [2023-02-10T00:10:53.401+0000] {taskmixin.py:205} WARNING - Dependency <Task(_PythonDecoratedOperator): log_sql_query>, print_the_context already registered for DAG: example_python_operator
[2023-02-10T00:10:53.402+0000] {logging_mixin.py:137} INFO - [2023-02-10T00:10:53.402+0000] {taskmixin.py:205} WARNING - Dependency <Task(_PythonDecoratedOperator): print_the_context>, log_sql_query already registered for DAG: example_python_operator
[2023-02-10T00:10:53.403+0000] {logging_mixin.py:137} INFO - [2023-02-10T00:10:53.402+0000] {taskmixin.py:205} WARNING - Dependency <Task(_PythonDecoratedOperator): log_sql_query>, print_the_context already registered for DAG: example_python_operator
[2023-02-10T00:10:53.404+0000] {logging_mixin.py:137} INFO - [2023-02-10T00:10:53.403+0000] {taskmixin.py:205} WARNING - Dependency <Task(_PythonDecoratedOperator): print_the_context>, log_sql_query already registered for DAG: example_python_operator
[2023-02-10T00:10:53.404+0000] {logging_mixin.py:137} INFO - [2023-02-10T00:10:53.404+0000] {taskmixin.py:205} WARNING - Dependency <Task(_PythonDecoratedOperator): log_sql_query>, print_the_context already registered for DAG: example_python_operator
[2023-02-10T00:10:53.412+0000] {processor.py:753} INFO - DAG(s) dict_keys(['example_python_operator']) retrieved from /home/airflow/.local/lib/python3.7/site-packages/airflow/example_dags/example_python_operator.py
[2023-02-10T00:10:53.447+0000] {logging_mixin.py:137} INFO - [2023-02-10T00:10:53.447+0000] {dag.py:2690} INFO - Sync 1 DAGs
[2023-02-10T00:10:53.485+0000] {logging_mixin.py:137} INFO - [2023-02-10T00:10:53.485+0000] {dag.py:3441} INFO - Setting next_dagrun for example_python_operator to None, run_after=None
[2023-02-10T00:10:53.510+0000] {processor.py:175} INFO - Processing /home/airflow/.local/lib/python3.7/site-packages/airflow/example_dags/example_python_operator.py took 0.137 seconds
[2023-02-10T00:11:23.933+0000] {processor.py:153} INFO - Started process (PID=4154) to work on /home/airflow/.local/lib/python3.7/site-packages/airflow/example_dags/example_python_operator.py
[2023-02-10T00:11:23.934+0000] {processor.py:743} INFO - Processing file /home/airflow/.local/lib/python3.7/site-packages/airflow/example_dags/example_python_operator.py for tasks to queue
[2023-02-10T00:11:23.935+0000] {logging_mixin.py:137} INFO - [2023-02-10T00:11:23.935+0000] {dagbag.py:538} INFO - Filling up the DagBag from /home/airflow/.local/lib/python3.7/site-packages/airflow/example_dags/example_python_operator.py
[2023-02-10T00:11:23.957+0000] {logging_mixin.py:137} INFO - [2023-02-10T00:11:23.957+0000] {taskmixin.py:205} WARNING - Dependency <Task(_PythonDecoratedOperator): print_the_context>, log_sql_query already registered for DAG: example_python_operator
[2023-02-10T00:11:23.958+0000] {logging_mixin.py:137} INFO - [2023-02-10T00:11:23.958+0000] {taskmixin.py:205} WARNING - Dependency <Task(_PythonDecoratedOperator): log_sql_query>, print_the_context already registered for DAG: example_python_operator
[2023-02-10T00:11:23.959+0000] {logging_mixin.py:137} INFO - [2023-02-10T00:11:23.959+0000] {taskmixin.py:205} WARNING - Dependency <Task(_PythonDecoratedOperator): print_the_context>, log_sql_query already registered for DAG: example_python_operator
[2023-02-10T00:11:23.959+0000] {logging_mixin.py:137} INFO - [2023-02-10T00:11:23.959+0000] {taskmixin.py:205} WARNING - Dependency <Task(_PythonDecoratedOperator): log_sql_query>, print_the_context already registered for DAG: example_python_operator
[2023-02-10T00:11:23.960+0000] {logging_mixin.py:137} INFO - [2023-02-10T00:11:23.960+0000] {taskmixin.py:205} WARNING - Dependency <Task(_PythonDecoratedOperator): print_the_context>, log_sql_query already registered for DAG: example_python_operator
[2023-02-10T00:11:23.960+0000] {logging_mixin.py:137} INFO - [2023-02-10T00:11:23.960+0000] {taskmixin.py:205} WARNING - Dependency <Task(_PythonDecoratedOperator): log_sql_query>, print_the_context already registered for DAG: example_python_operator
[2023-02-10T00:11:23.961+0000] {logging_mixin.py:137} INFO - [2023-02-10T00:11:23.961+0000] {taskmixin.py:205} WARNING - Dependency <Task(_PythonDecoratedOperator): print_the_context>, log_sql_query already registered for DAG: example_python_operator
[2023-02-10T00:11:23.961+0000] {logging_mixin.py:137} INFO - [2023-02-10T00:11:23.961+0000] {taskmixin.py:205} WARNING - Dependency <Task(_PythonDecoratedOperator): log_sql_query>, print_the_context already registered for DAG: example_python_operator
[2023-02-10T00:11:23.970+0000] {processor.py:753} INFO - DAG(s) dict_keys(['example_python_operator']) retrieved from /home/airflow/.local/lib/python3.7/site-packages/airflow/example_dags/example_python_operator.py
[2023-02-10T00:11:24.008+0000] {logging_mixin.py:137} INFO - [2023-02-10T00:11:24.008+0000] {dag.py:2690} INFO - Sync 1 DAGs
[2023-02-10T00:11:24.044+0000] {logging_mixin.py:137} INFO - [2023-02-10T00:11:24.044+0000] {dag.py:3441} INFO - Setting next_dagrun for example_python_operator to None, run_after=None
[2023-02-10T00:11:24.079+0000] {processor.py:175} INFO - Processing /home/airflow/.local/lib/python3.7/site-packages/airflow/example_dags/example_python_operator.py took 0.148 seconds
[2023-02-10T00:11:54.444+0000] {processor.py:153} INFO - Started process (PID=4232) to work on /home/airflow/.local/lib/python3.7/site-packages/airflow/example_dags/example_python_operator.py
[2023-02-10T00:11:54.445+0000] {processor.py:743} INFO - Processing file /home/airflow/.local/lib/python3.7/site-packages/airflow/example_dags/example_python_operator.py for tasks to queue
[2023-02-10T00:11:54.446+0000] {logging_mixin.py:137} INFO - [2023-02-10T00:11:54.446+0000] {dagbag.py:538} INFO - Filling up the DagBag from /home/airflow/.local/lib/python3.7/site-packages/airflow/example_dags/example_python_operator.py
[2023-02-10T00:11:54.469+0000] {logging_mixin.py:137} INFO - [2023-02-10T00:11:54.469+0000] {taskmixin.py:205} WARNING - Dependency <Task(_PythonDecoratedOperator): print_the_context>, log_sql_query already registered for DAG: example_python_operator
[2023-02-10T00:11:54.470+0000] {logging_mixin.py:137} INFO - [2023-02-10T00:11:54.469+0000] {taskmixin.py:205} WARNING - Dependency <Task(_PythonDecoratedOperator): log_sql_query>, print_the_context already registered for DAG: example_python_operator
[2023-02-10T00:11:54.471+0000] {logging_mixin.py:137} INFO - [2023-02-10T00:11:54.470+0000] {taskmixin.py:205} WARNING - Dependency <Task(_PythonDecoratedOperator): print_the_context>, log_sql_query already registered for DAG: example_python_operator
[2023-02-10T00:11:54.471+0000] {logging_mixin.py:137} INFO - [2023-02-10T00:11:54.471+0000] {taskmixin.py:205} WARNING - Dependency <Task(_PythonDecoratedOperator): log_sql_query>, print_the_context already registered for DAG: example_python_operator
[2023-02-10T00:11:54.472+0000] {logging_mixin.py:137} INFO - [2023-02-10T00:11:54.472+0000] {taskmixin.py:205} WARNING - Dependency <Task(_PythonDecoratedOperator): print_the_context>, log_sql_query already registered for DAG: example_python_operator
[2023-02-10T00:11:54.472+0000] {logging_mixin.py:137} INFO - [2023-02-10T00:11:54.472+0000] {taskmixin.py:205} WARNING - Dependency <Task(_PythonDecoratedOperator): log_sql_query>, print_the_context already registered for DAG: example_python_operator
[2023-02-10T00:11:54.474+0000] {logging_mixin.py:137} INFO - [2023-02-10T00:11:54.473+0000] {taskmixin.py:205} WARNING - Dependency <Task(_PythonDecoratedOperator): print_the_context>, log_sql_query already registered for DAG: example_python_operator
[2023-02-10T00:11:54.474+0000] {logging_mixin.py:137} INFO - [2023-02-10T00:11:54.474+0000] {taskmixin.py:205} WARNING - Dependency <Task(_PythonDecoratedOperator): log_sql_query>, print_the_context already registered for DAG: example_python_operator
[2023-02-10T00:11:54.487+0000] {processor.py:753} INFO - DAG(s) dict_keys(['example_python_operator']) retrieved from /home/airflow/.local/lib/python3.7/site-packages/airflow/example_dags/example_python_operator.py
[2023-02-10T00:11:54.529+0000] {logging_mixin.py:137} INFO - [2023-02-10T00:11:54.529+0000] {dag.py:2690} INFO - Sync 1 DAGs
[2023-02-10T00:11:54.565+0000] {logging_mixin.py:137} INFO - [2023-02-10T00:11:54.565+0000] {dag.py:3441} INFO - Setting next_dagrun for example_python_operator to None, run_after=None
[2023-02-10T00:11:54.595+0000] {processor.py:175} INFO - Processing /home/airflow/.local/lib/python3.7/site-packages/airflow/example_dags/example_python_operator.py took 0.155 seconds
[2023-02-10T00:12:25.145+0000] {processor.py:153} INFO - Started process (PID=4305) to work on /home/airflow/.local/lib/python3.7/site-packages/airflow/example_dags/example_python_operator.py
[2023-02-10T00:12:25.145+0000] {processor.py:743} INFO - Processing file /home/airflow/.local/lib/python3.7/site-packages/airflow/example_dags/example_python_operator.py for tasks to queue
[2023-02-10T00:12:25.146+0000] {logging_mixin.py:137} INFO - [2023-02-10T00:12:25.146+0000] {dagbag.py:538} INFO - Filling up the DagBag from /home/airflow/.local/lib/python3.7/site-packages/airflow/example_dags/example_python_operator.py
[2023-02-10T00:12:25.164+0000] {logging_mixin.py:137} INFO - [2023-02-10T00:12:25.164+0000] {taskmixin.py:205} WARNING - Dependency <Task(_PythonDecoratedOperator): print_the_context>, log_sql_query already registered for DAG: example_python_operator
[2023-02-10T00:12:25.164+0000] {logging_mixin.py:137} INFO - [2023-02-10T00:12:25.164+0000] {taskmixin.py:205} WARNING - Dependency <Task(_PythonDecoratedOperator): log_sql_query>, print_the_context already registered for DAG: example_python_operator
[2023-02-10T00:12:25.165+0000] {logging_mixin.py:137} INFO - [2023-02-10T00:12:25.165+0000] {taskmixin.py:205} WARNING - Dependency <Task(_PythonDecoratedOperator): print_the_context>, log_sql_query already registered for DAG: example_python_operator
[2023-02-10T00:12:25.165+0000] {logging_mixin.py:137} INFO - [2023-02-10T00:12:25.165+0000] {taskmixin.py:205} WARNING - Dependency <Task(_PythonDecoratedOperator): log_sql_query>, print_the_context already registered for DAG: example_python_operator
[2023-02-10T00:12:25.166+0000] {logging_mixin.py:137} INFO - [2023-02-10T00:12:25.166+0000] {taskmixin.py:205} WARNING - Dependency <Task(_PythonDecoratedOperator): print_the_context>, log_sql_query already registered for DAG: example_python_operator
[2023-02-10T00:12:25.166+0000] {logging_mixin.py:137} INFO - [2023-02-10T00:12:25.166+0000] {taskmixin.py:205} WARNING - Dependency <Task(_PythonDecoratedOperator): log_sql_query>, print_the_context already registered for DAG: example_python_operator
[2023-02-10T00:12:25.167+0000] {logging_mixin.py:137} INFO - [2023-02-10T00:12:25.167+0000] {taskmixin.py:205} WARNING - Dependency <Task(_PythonDecoratedOperator): print_the_context>, log_sql_query already registered for DAG: example_python_operator
[2023-02-10T00:12:25.167+0000] {logging_mixin.py:137} INFO - [2023-02-10T00:12:25.167+0000] {taskmixin.py:205} WARNING - Dependency <Task(_PythonDecoratedOperator): log_sql_query>, print_the_context already registered for DAG: example_python_operator
[2023-02-10T00:12:25.174+0000] {processor.py:753} INFO - DAG(s) dict_keys(['example_python_operator']) retrieved from /home/airflow/.local/lib/python3.7/site-packages/airflow/example_dags/example_python_operator.py
[2023-02-10T00:12:25.204+0000] {logging_mixin.py:137} INFO - [2023-02-10T00:12:25.204+0000] {dag.py:2690} INFO - Sync 1 DAGs
[2023-02-10T00:12:25.236+0000] {logging_mixin.py:137} INFO - [2023-02-10T00:12:25.236+0000] {dag.py:3441} INFO - Setting next_dagrun for example_python_operator to None, run_after=None
[2023-02-10T00:12:25.258+0000] {processor.py:175} INFO - Processing /home/airflow/.local/lib/python3.7/site-packages/airflow/example_dags/example_python_operator.py took 0.116 seconds
[2023-02-10T00:12:55.543+0000] {processor.py:153} INFO - Started process (PID=4373) to work on /home/airflow/.local/lib/python3.7/site-packages/airflow/example_dags/example_python_operator.py
[2023-02-10T00:12:55.544+0000] {processor.py:743} INFO - Processing file /home/airflow/.local/lib/python3.7/site-packages/airflow/example_dags/example_python_operator.py for tasks to queue
[2023-02-10T00:12:55.544+0000] {logging_mixin.py:137} INFO - [2023-02-10T00:12:55.544+0000] {dagbag.py:538} INFO - Filling up the DagBag from /home/airflow/.local/lib/python3.7/site-packages/airflow/example_dags/example_python_operator.py
[2023-02-10T00:12:55.566+0000] {logging_mixin.py:137} INFO - [2023-02-10T00:12:55.566+0000] {taskmixin.py:205} WARNING - Dependency <Task(_PythonDecoratedOperator): print_the_context>, log_sql_query already registered for DAG: example_python_operator
[2023-02-10T00:12:55.567+0000] {logging_mixin.py:137} INFO - [2023-02-10T00:12:55.566+0000] {taskmixin.py:205} WARNING - Dependency <Task(_PythonDecoratedOperator): log_sql_query>, print_the_context already registered for DAG: example_python_operator
[2023-02-10T00:12:55.567+0000] {logging_mixin.py:137} INFO - [2023-02-10T00:12:55.567+0000] {taskmixin.py:205} WARNING - Dependency <Task(_PythonDecoratedOperator): print_the_context>, log_sql_query already registered for DAG: example_python_operator
[2023-02-10T00:12:55.568+0000] {logging_mixin.py:137} INFO - [2023-02-10T00:12:55.568+0000] {taskmixin.py:205} WARNING - Dependency <Task(_PythonDecoratedOperator): log_sql_query>, print_the_context already registered for DAG: example_python_operator
[2023-02-10T00:12:55.569+0000] {logging_mixin.py:137} INFO - [2023-02-10T00:12:55.568+0000] {taskmixin.py:205} WARNING - Dependency <Task(_PythonDecoratedOperator): print_the_context>, log_sql_query already registered for DAG: example_python_operator
[2023-02-10T00:12:55.569+0000] {logging_mixin.py:137} INFO - [2023-02-10T00:12:55.569+0000] {taskmixin.py:205} WARNING - Dependency <Task(_PythonDecoratedOperator): log_sql_query>, print_the_context already registered for DAG: example_python_operator
[2023-02-10T00:12:55.570+0000] {logging_mixin.py:137} INFO - [2023-02-10T00:12:55.570+0000] {taskmixin.py:205} WARNING - Dependency <Task(_PythonDecoratedOperator): print_the_context>, log_sql_query already registered for DAG: example_python_operator
[2023-02-10T00:12:55.570+0000] {logging_mixin.py:137} INFO - [2023-02-10T00:12:55.570+0000] {taskmixin.py:205} WARNING - Dependency <Task(_PythonDecoratedOperator): log_sql_query>, print_the_context already registered for DAG: example_python_operator
[2023-02-10T00:12:55.578+0000] {processor.py:753} INFO - DAG(s) dict_keys(['example_python_operator']) retrieved from /home/airflow/.local/lib/python3.7/site-packages/airflow/example_dags/example_python_operator.py
[2023-02-10T00:12:55.614+0000] {logging_mixin.py:137} INFO - [2023-02-10T00:12:55.613+0000] {dag.py:2690} INFO - Sync 1 DAGs
[2023-02-10T00:12:55.653+0000] {logging_mixin.py:137} INFO - [2023-02-10T00:12:55.653+0000] {dag.py:3441} INFO - Setting next_dagrun for example_python_operator to None, run_after=None
[2023-02-10T00:12:55.689+0000] {processor.py:175} INFO - Processing /home/airflow/.local/lib/python3.7/site-packages/airflow/example_dags/example_python_operator.py took 0.151 seconds
[2023-02-10T00:13:26.185+0000] {processor.py:153} INFO - Started process (PID=4440) to work on /home/airflow/.local/lib/python3.7/site-packages/airflow/example_dags/example_python_operator.py
[2023-02-10T00:13:26.186+0000] {processor.py:743} INFO - Processing file /home/airflow/.local/lib/python3.7/site-packages/airflow/example_dags/example_python_operator.py for tasks to queue
[2023-02-10T00:13:26.187+0000] {logging_mixin.py:137} INFO - [2023-02-10T00:13:26.187+0000] {dagbag.py:538} INFO - Filling up the DagBag from /home/airflow/.local/lib/python3.7/site-packages/airflow/example_dags/example_python_operator.py
[2023-02-10T00:13:26.208+0000] {logging_mixin.py:137} INFO - [2023-02-10T00:13:26.208+0000] {taskmixin.py:205} WARNING - Dependency <Task(_PythonDecoratedOperator): print_the_context>, log_sql_query already registered for DAG: example_python_operator
[2023-02-10T00:13:26.208+0000] {logging_mixin.py:137} INFO - [2023-02-10T00:13:26.208+0000] {taskmixin.py:205} WARNING - Dependency <Task(_PythonDecoratedOperator): log_sql_query>, print_the_context already registered for DAG: example_python_operator
[2023-02-10T00:13:26.209+0000] {logging_mixin.py:137} INFO - [2023-02-10T00:13:26.209+0000] {taskmixin.py:205} WARNING - Dependency <Task(_PythonDecoratedOperator): print_the_context>, log_sql_query already registered for DAG: example_python_operator
[2023-02-10T00:13:26.209+0000] {logging_mixin.py:137} INFO - [2023-02-10T00:13:26.209+0000] {taskmixin.py:205} WARNING - Dependency <Task(_PythonDecoratedOperator): log_sql_query>, print_the_context already registered for DAG: example_python_operator
[2023-02-10T00:13:26.210+0000] {logging_mixin.py:137} INFO - [2023-02-10T00:13:26.210+0000] {taskmixin.py:205} WARNING - Dependency <Task(_PythonDecoratedOperator): print_the_context>, log_sql_query already registered for DAG: example_python_operator
[2023-02-10T00:13:26.210+0000] {logging_mixin.py:137} INFO - [2023-02-10T00:13:26.210+0000] {taskmixin.py:205} WARNING - Dependency <Task(_PythonDecoratedOperator): log_sql_query>, print_the_context already registered for DAG: example_python_operator
[2023-02-10T00:13:26.211+0000] {logging_mixin.py:137} INFO - [2023-02-10T00:13:26.211+0000] {taskmixin.py:205} WARNING - Dependency <Task(_PythonDecoratedOperator): print_the_context>, log_sql_query already registered for DAG: example_python_operator
[2023-02-10T00:13:26.211+0000] {logging_mixin.py:137} INFO - [2023-02-10T00:13:26.211+0000] {taskmixin.py:205} WARNING - Dependency <Task(_PythonDecoratedOperator): log_sql_query>, print_the_context already registered for DAG: example_python_operator
[2023-02-10T00:13:26.220+0000] {processor.py:753} INFO - DAG(s) dict_keys(['example_python_operator']) retrieved from /home/airflow/.local/lib/python3.7/site-packages/airflow/example_dags/example_python_operator.py
[2023-02-10T00:13:26.256+0000] {logging_mixin.py:137} INFO - [2023-02-10T00:13:26.256+0000] {dag.py:2690} INFO - Sync 1 DAGs
[2023-02-10T00:13:26.292+0000] {logging_mixin.py:137} INFO - [2023-02-10T00:13:26.292+0000] {dag.py:3441} INFO - Setting next_dagrun for example_python_operator to None, run_after=None
[2023-02-10T00:13:26.322+0000] {processor.py:175} INFO - Processing /home/airflow/.local/lib/python3.7/site-packages/airflow/example_dags/example_python_operator.py took 0.140 seconds
