[2023-02-10T00:00:10.440+0000] {processor.py:153} INFO - Started process (PID=2552) to work on /home/airflow/.local/lib/python3.7/site-packages/airflow/example_dags/example_short_circuit_operator.py
[2023-02-10T00:00:10.440+0000] {processor.py:743} INFO - Processing file /home/airflow/.local/lib/python3.7/site-packages/airflow/example_dags/example_short_circuit_operator.py for tasks to queue
[2023-02-10T00:00:10.441+0000] {logging_mixin.py:137} INFO - [2023-02-10T00:00:10.441+0000] {dagbag.py:538} INFO - Filling up the DagBag from /home/airflow/.local/lib/python3.7/site-packages/airflow/example_dags/example_short_circuit_operator.py
[2023-02-10T00:00:10.459+0000] {processor.py:753} INFO - DAG(s) dict_keys(['example_short_circuit_operator']) retrieved from /home/airflow/.local/lib/python3.7/site-packages/airflow/example_dags/example_short_circuit_operator.py
[2023-02-10T00:00:10.492+0000] {logging_mixin.py:137} INFO - [2023-02-10T00:00:10.491+0000] {dag.py:2690} INFO - Sync 1 DAGs
[2023-02-10T00:00:10.526+0000] {logging_mixin.py:137} INFO - [2023-02-10T00:00:10.526+0000] {dag.py:3441} INFO - Setting next_dagrun for example_short_circuit_operator to 2023-02-09T00:00:10.526230+00:00, run_after=2023-02-10T00:00:10.526230+00:00
[2023-02-10T00:00:10.552+0000] {processor.py:175} INFO - Processing /home/airflow/.local/lib/python3.7/site-packages/airflow/example_dags/example_short_circuit_operator.py took 0.116 seconds
[2023-02-10T00:00:41.147+0000] {processor.py:153} INFO - Started process (PID=2624) to work on /home/airflow/.local/lib/python3.7/site-packages/airflow/example_dags/example_short_circuit_operator.py
[2023-02-10T00:00:41.149+0000] {processor.py:743} INFO - Processing file /home/airflow/.local/lib/python3.7/site-packages/airflow/example_dags/example_short_circuit_operator.py for tasks to queue
[2023-02-10T00:00:41.151+0000] {logging_mixin.py:137} INFO - [2023-02-10T00:00:41.150+0000] {dagbag.py:538} INFO - Filling up the DagBag from /home/airflow/.local/lib/python3.7/site-packages/airflow/example_dags/example_short_circuit_operator.py
[2023-02-10T00:00:41.176+0000] {processor.py:753} INFO - DAG(s) dict_keys(['example_short_circuit_operator']) retrieved from /home/airflow/.local/lib/python3.7/site-packages/airflow/example_dags/example_short_circuit_operator.py
[2023-02-10T00:00:41.212+0000] {logging_mixin.py:137} INFO - [2023-02-10T00:00:41.212+0000] {dag.py:2690} INFO - Sync 1 DAGs
[2023-02-10T00:00:41.247+0000] {logging_mixin.py:137} INFO - [2023-02-10T00:00:41.247+0000] {dag.py:3441} INFO - Setting next_dagrun for example_short_circuit_operator to 2023-02-09T00:00:41.247127+00:00, run_after=2023-02-10T00:00:41.247127+00:00
[2023-02-10T00:00:41.280+0000] {processor.py:175} INFO - Processing /home/airflow/.local/lib/python3.7/site-packages/airflow/example_dags/example_short_circuit_operator.py took 0.139 seconds
[2023-02-10T00:01:11.638+0000] {processor.py:153} INFO - Started process (PID=2698) to work on /home/airflow/.local/lib/python3.7/site-packages/airflow/example_dags/example_short_circuit_operator.py
[2023-02-10T00:01:11.639+0000] {processor.py:743} INFO - Processing file /home/airflow/.local/lib/python3.7/site-packages/airflow/example_dags/example_short_circuit_operator.py for tasks to queue
[2023-02-10T00:01:11.639+0000] {logging_mixin.py:137} INFO - [2023-02-10T00:01:11.639+0000] {dagbag.py:538} INFO - Filling up the DagBag from /home/airflow/.local/lib/python3.7/site-packages/airflow/example_dags/example_short_circuit_operator.py
[2023-02-10T00:01:11.657+0000] {processor.py:753} INFO - DAG(s) dict_keys(['example_short_circuit_operator']) retrieved from /home/airflow/.local/lib/python3.7/site-packages/airflow/example_dags/example_short_circuit_operator.py
[2023-02-10T00:01:11.689+0000] {logging_mixin.py:137} INFO - [2023-02-10T00:01:11.688+0000] {dag.py:2690} INFO - Sync 1 DAGs
[2023-02-10T00:01:11.724+0000] {logging_mixin.py:137} INFO - [2023-02-10T00:01:11.724+0000] {dag.py:3441} INFO - Setting next_dagrun for example_short_circuit_operator to 2023-02-09T00:01:11.724270+00:00, run_after=2023-02-10T00:01:11.724270+00:00
[2023-02-10T00:01:11.754+0000] {processor.py:175} INFO - Processing /home/airflow/.local/lib/python3.7/site-packages/airflow/example_dags/example_short_circuit_operator.py took 0.119 seconds
[2023-02-10T00:01:42.200+0000] {processor.py:153} INFO - Started process (PID=2766) to work on /home/airflow/.local/lib/python3.7/site-packages/airflow/example_dags/example_short_circuit_operator.py
[2023-02-10T00:01:42.201+0000] {processor.py:743} INFO - Processing file /home/airflow/.local/lib/python3.7/site-packages/airflow/example_dags/example_short_circuit_operator.py for tasks to queue
[2023-02-10T00:01:42.202+0000] {logging_mixin.py:137} INFO - [2023-02-10T00:01:42.202+0000] {dagbag.py:538} INFO - Filling up the DagBag from /home/airflow/.local/lib/python3.7/site-packages/airflow/example_dags/example_short_circuit_operator.py
[2023-02-10T00:01:42.222+0000] {processor.py:753} INFO - DAG(s) dict_keys(['example_short_circuit_operator']) retrieved from /home/airflow/.local/lib/python3.7/site-packages/airflow/example_dags/example_short_circuit_operator.py
[2023-02-10T00:01:42.254+0000] {logging_mixin.py:137} INFO - [2023-02-10T00:01:42.254+0000] {dag.py:2690} INFO - Sync 1 DAGs
[2023-02-10T00:01:42.290+0000] {logging_mixin.py:137} INFO - [2023-02-10T00:01:42.290+0000] {dag.py:3441} INFO - Setting next_dagrun for example_short_circuit_operator to 2023-02-09T00:01:42.290036+00:00, run_after=2023-02-10T00:01:42.290036+00:00
[2023-02-10T00:01:42.319+0000] {processor.py:175} INFO - Processing /home/airflow/.local/lib/python3.7/site-packages/airflow/example_dags/example_short_circuit_operator.py took 0.122 seconds
[2023-02-10T00:02:12.522+0000] {processor.py:153} INFO - Started process (PID=2833) to work on /home/airflow/.local/lib/python3.7/site-packages/airflow/example_dags/example_short_circuit_operator.py
[2023-02-10T00:02:12.523+0000] {processor.py:743} INFO - Processing file /home/airflow/.local/lib/python3.7/site-packages/airflow/example_dags/example_short_circuit_operator.py for tasks to queue
[2023-02-10T00:02:12.524+0000] {logging_mixin.py:137} INFO - [2023-02-10T00:02:12.523+0000] {dagbag.py:538} INFO - Filling up the DagBag from /home/airflow/.local/lib/python3.7/site-packages/airflow/example_dags/example_short_circuit_operator.py
[2023-02-10T00:02:12.542+0000] {processor.py:753} INFO - DAG(s) dict_keys(['example_short_circuit_operator']) retrieved from /home/airflow/.local/lib/python3.7/site-packages/airflow/example_dags/example_short_circuit_operator.py
[2023-02-10T00:02:12.577+0000] {logging_mixin.py:137} INFO - [2023-02-10T00:02:12.577+0000] {dag.py:2690} INFO - Sync 1 DAGs
[2023-02-10T00:02:12.613+0000] {logging_mixin.py:137} INFO - [2023-02-10T00:02:12.613+0000] {dag.py:3441} INFO - Setting next_dagrun for example_short_circuit_operator to 2023-02-09T00:02:12.613142+00:00, run_after=2023-02-10T00:02:12.613142+00:00
[2023-02-10T00:02:12.641+0000] {processor.py:175} INFO - Processing /home/airflow/.local/lib/python3.7/site-packages/airflow/example_dags/example_short_circuit_operator.py took 0.121 seconds
[2023-02-10T00:02:43.065+0000] {processor.py:153} INFO - Started process (PID=2916) to work on /home/airflow/.local/lib/python3.7/site-packages/airflow/example_dags/example_short_circuit_operator.py
[2023-02-10T00:02:43.068+0000] {processor.py:743} INFO - Processing file /home/airflow/.local/lib/python3.7/site-packages/airflow/example_dags/example_short_circuit_operator.py for tasks to queue
[2023-02-10T00:02:43.068+0000] {logging_mixin.py:137} INFO - [2023-02-10T00:02:43.068+0000] {dagbag.py:538} INFO - Filling up the DagBag from /home/airflow/.local/lib/python3.7/site-packages/airflow/example_dags/example_short_circuit_operator.py
[2023-02-10T00:02:43.092+0000] {processor.py:753} INFO - DAG(s) dict_keys(['example_short_circuit_operator']) retrieved from /home/airflow/.local/lib/python3.7/site-packages/airflow/example_dags/example_short_circuit_operator.py
[2023-02-10T00:02:43.142+0000] {logging_mixin.py:137} INFO - [2023-02-10T00:02:43.141+0000] {dag.py:2690} INFO - Sync 1 DAGs
[2023-02-10T00:02:43.191+0000] {logging_mixin.py:137} INFO - [2023-02-10T00:02:43.191+0000] {dag.py:3441} INFO - Setting next_dagrun for example_short_circuit_operator to 2023-02-09T00:02:43.191078+00:00, run_after=2023-02-10T00:02:43.191078+00:00
[2023-02-10T00:02:43.224+0000] {processor.py:175} INFO - Processing /home/airflow/.local/lib/python3.7/site-packages/airflow/example_dags/example_short_circuit_operator.py took 0.163 seconds
[2023-02-10T00:03:13.533+0000] {processor.py:153} INFO - Started process (PID=2985) to work on /home/airflow/.local/lib/python3.7/site-packages/airflow/example_dags/example_short_circuit_operator.py
[2023-02-10T00:03:13.534+0000] {processor.py:743} INFO - Processing file /home/airflow/.local/lib/python3.7/site-packages/airflow/example_dags/example_short_circuit_operator.py for tasks to queue
[2023-02-10T00:03:13.535+0000] {logging_mixin.py:137} INFO - [2023-02-10T00:03:13.535+0000] {dagbag.py:538} INFO - Filling up the DagBag from /home/airflow/.local/lib/python3.7/site-packages/airflow/example_dags/example_short_circuit_operator.py
[2023-02-10T00:03:13.567+0000] {processor.py:753} INFO - DAG(s) dict_keys(['example_short_circuit_operator']) retrieved from /home/airflow/.local/lib/python3.7/site-packages/airflow/example_dags/example_short_circuit_operator.py
[2023-02-10T00:03:13.606+0000] {logging_mixin.py:137} INFO - [2023-02-10T00:03:13.605+0000] {dag.py:2690} INFO - Sync 1 DAGs
[2023-02-10T00:03:13.646+0000] {logging_mixin.py:137} INFO - [2023-02-10T00:03:13.645+0000] {dag.py:3441} INFO - Setting next_dagrun for example_short_circuit_operator to 2023-02-09T00:03:13.645587+00:00, run_after=2023-02-10T00:03:13.645587+00:00
[2023-02-10T00:03:13.671+0000] {processor.py:175} INFO - Processing /home/airflow/.local/lib/python3.7/site-packages/airflow/example_dags/example_short_circuit_operator.py took 0.144 seconds
[2023-02-10T00:03:43.840+0000] {processor.py:153} INFO - Started process (PID=3053) to work on /home/airflow/.local/lib/python3.7/site-packages/airflow/example_dags/example_short_circuit_operator.py
[2023-02-10T00:03:43.841+0000] {processor.py:743} INFO - Processing file /home/airflow/.local/lib/python3.7/site-packages/airflow/example_dags/example_short_circuit_operator.py for tasks to queue
[2023-02-10T00:03:43.842+0000] {logging_mixin.py:137} INFO - [2023-02-10T00:03:43.842+0000] {dagbag.py:538} INFO - Filling up the DagBag from /home/airflow/.local/lib/python3.7/site-packages/airflow/example_dags/example_short_circuit_operator.py
[2023-02-10T00:03:43.860+0000] {processor.py:753} INFO - DAG(s) dict_keys(['example_short_circuit_operator']) retrieved from /home/airflow/.local/lib/python3.7/site-packages/airflow/example_dags/example_short_circuit_operator.py
[2023-02-10T00:03:43.895+0000] {logging_mixin.py:137} INFO - [2023-02-10T00:03:43.895+0000] {dag.py:2690} INFO - Sync 1 DAGs
[2023-02-10T00:03:43.932+0000] {logging_mixin.py:137} INFO - [2023-02-10T00:03:43.931+0000] {dag.py:3441} INFO - Setting next_dagrun for example_short_circuit_operator to 2023-02-09T00:03:43.931637+00:00, run_after=2023-02-10T00:03:43.931637+00:00
[2023-02-10T00:03:43.959+0000] {processor.py:175} INFO - Processing /home/airflow/.local/lib/python3.7/site-packages/airflow/example_dags/example_short_circuit_operator.py took 0.121 seconds
[2023-02-10T00:04:14.254+0000] {processor.py:153} INFO - Started process (PID=3135) to work on /home/airflow/.local/lib/python3.7/site-packages/airflow/example_dags/example_short_circuit_operator.py
[2023-02-10T00:04:14.255+0000] {processor.py:743} INFO - Processing file /home/airflow/.local/lib/python3.7/site-packages/airflow/example_dags/example_short_circuit_operator.py for tasks to queue
[2023-02-10T00:04:14.255+0000] {logging_mixin.py:137} INFO - [2023-02-10T00:04:14.255+0000] {dagbag.py:538} INFO - Filling up the DagBag from /home/airflow/.local/lib/python3.7/site-packages/airflow/example_dags/example_short_circuit_operator.py
[2023-02-10T00:04:14.274+0000] {processor.py:753} INFO - DAG(s) dict_keys(['example_short_circuit_operator']) retrieved from /home/airflow/.local/lib/python3.7/site-packages/airflow/example_dags/example_short_circuit_operator.py
[2023-02-10T00:04:14.308+0000] {logging_mixin.py:137} INFO - [2023-02-10T00:04:14.308+0000] {dag.py:2690} INFO - Sync 1 DAGs
[2023-02-10T00:04:14.344+0000] {logging_mixin.py:137} INFO - [2023-02-10T00:04:14.344+0000] {dag.py:3441} INFO - Setting next_dagrun for example_short_circuit_operator to 2023-02-09T00:04:14.344250+00:00, run_after=2023-02-10T00:04:14.344250+00:00
[2023-02-10T00:04:14.375+0000] {processor.py:175} INFO - Processing /home/airflow/.local/lib/python3.7/site-packages/airflow/example_dags/example_short_circuit_operator.py took 0.124 seconds
[2023-02-10T00:04:44.914+0000] {processor.py:153} INFO - Started process (PID=3203) to work on /home/airflow/.local/lib/python3.7/site-packages/airflow/example_dags/example_short_circuit_operator.py
[2023-02-10T00:04:44.915+0000] {processor.py:743} INFO - Processing file /home/airflow/.local/lib/python3.7/site-packages/airflow/example_dags/example_short_circuit_operator.py for tasks to queue
[2023-02-10T00:04:44.916+0000] {logging_mixin.py:137} INFO - [2023-02-10T00:04:44.915+0000] {dagbag.py:538} INFO - Filling up the DagBag from /home/airflow/.local/lib/python3.7/site-packages/airflow/example_dags/example_short_circuit_operator.py
[2023-02-10T00:04:44.933+0000] {processor.py:753} INFO - DAG(s) dict_keys(['example_short_circuit_operator']) retrieved from /home/airflow/.local/lib/python3.7/site-packages/airflow/example_dags/example_short_circuit_operator.py
[2023-02-10T00:04:44.973+0000] {logging_mixin.py:137} INFO - [2023-02-10T00:04:44.973+0000] {dag.py:2690} INFO - Sync 1 DAGs
[2023-02-10T00:04:45.011+0000] {logging_mixin.py:137} INFO - [2023-02-10T00:04:45.011+0000] {dag.py:3441} INFO - Setting next_dagrun for example_short_circuit_operator to 2023-02-09T00:04:45.011314+00:00, run_after=2023-02-10T00:04:45.011314+00:00
[2023-02-10T00:04:45.043+0000] {processor.py:175} INFO - Processing /home/airflow/.local/lib/python3.7/site-packages/airflow/example_dags/example_short_circuit_operator.py took 0.132 seconds
[2023-02-10T00:05:15.542+0000] {processor.py:153} INFO - Started process (PID=3269) to work on /home/airflow/.local/lib/python3.7/site-packages/airflow/example_dags/example_short_circuit_operator.py
[2023-02-10T00:05:15.544+0000] {processor.py:743} INFO - Processing file /home/airflow/.local/lib/python3.7/site-packages/airflow/example_dags/example_short_circuit_operator.py for tasks to queue
[2023-02-10T00:05:15.545+0000] {logging_mixin.py:137} INFO - [2023-02-10T00:05:15.545+0000] {dagbag.py:538} INFO - Filling up the DagBag from /home/airflow/.local/lib/python3.7/site-packages/airflow/example_dags/example_short_circuit_operator.py
[2023-02-10T00:05:15.569+0000] {processor.py:753} INFO - DAG(s) dict_keys(['example_short_circuit_operator']) retrieved from /home/airflow/.local/lib/python3.7/site-packages/airflow/example_dags/example_short_circuit_operator.py
[2023-02-10T00:05:15.611+0000] {logging_mixin.py:137} INFO - [2023-02-10T00:05:15.611+0000] {dag.py:2690} INFO - Sync 1 DAGs
[2023-02-10T00:05:15.649+0000] {logging_mixin.py:137} INFO - [2023-02-10T00:05:15.649+0000] {dag.py:3441} INFO - Setting next_dagrun for example_short_circuit_operator to 2023-02-09T00:05:15.649301+00:00, run_after=2023-02-10T00:05:15.649301+00:00
[2023-02-10T00:05:15.678+0000] {processor.py:175} INFO - Processing /home/airflow/.local/lib/python3.7/site-packages/airflow/example_dags/example_short_circuit_operator.py took 0.141 seconds
[2023-02-10T00:05:46.391+0000] {processor.py:153} INFO - Started process (PID=3353) to work on /home/airflow/.local/lib/python3.7/site-packages/airflow/example_dags/example_short_circuit_operator.py
[2023-02-10T00:05:46.392+0000] {processor.py:743} INFO - Processing file /home/airflow/.local/lib/python3.7/site-packages/airflow/example_dags/example_short_circuit_operator.py for tasks to queue
[2023-02-10T00:05:46.393+0000] {logging_mixin.py:137} INFO - [2023-02-10T00:05:46.393+0000] {dagbag.py:538} INFO - Filling up the DagBag from /home/airflow/.local/lib/python3.7/site-packages/airflow/example_dags/example_short_circuit_operator.py
[2023-02-10T00:05:46.415+0000] {processor.py:753} INFO - DAG(s) dict_keys(['example_short_circuit_operator']) retrieved from /home/airflow/.local/lib/python3.7/site-packages/airflow/example_dags/example_short_circuit_operator.py
[2023-02-10T00:05:46.453+0000] {logging_mixin.py:137} INFO - [2023-02-10T00:05:46.453+0000] {dag.py:2690} INFO - Sync 1 DAGs
[2023-02-10T00:05:46.488+0000] {logging_mixin.py:137} INFO - [2023-02-10T00:05:46.488+0000] {dag.py:3441} INFO - Setting next_dagrun for example_short_circuit_operator to 2023-02-09T00:05:46.487841+00:00, run_after=2023-02-10T00:05:46.487841+00:00
[2023-02-10T00:05:46.520+0000] {processor.py:175} INFO - Processing /home/airflow/.local/lib/python3.7/site-packages/airflow/example_dags/example_short_circuit_operator.py took 0.132 seconds
[2023-02-10T00:06:17.084+0000] {processor.py:153} INFO - Started process (PID=3422) to work on /home/airflow/.local/lib/python3.7/site-packages/airflow/example_dags/example_short_circuit_operator.py
[2023-02-10T00:06:17.085+0000] {processor.py:743} INFO - Processing file /home/airflow/.local/lib/python3.7/site-packages/airflow/example_dags/example_short_circuit_operator.py for tasks to queue
[2023-02-10T00:06:17.086+0000] {logging_mixin.py:137} INFO - [2023-02-10T00:06:17.085+0000] {dagbag.py:538} INFO - Filling up the DagBag from /home/airflow/.local/lib/python3.7/site-packages/airflow/example_dags/example_short_circuit_operator.py
[2023-02-10T00:06:17.105+0000] {processor.py:753} INFO - DAG(s) dict_keys(['example_short_circuit_operator']) retrieved from /home/airflow/.local/lib/python3.7/site-packages/airflow/example_dags/example_short_circuit_operator.py
[2023-02-10T00:06:17.139+0000] {logging_mixin.py:137} INFO - [2023-02-10T00:06:17.139+0000] {dag.py:2690} INFO - Sync 1 DAGs
[2023-02-10T00:06:17.176+0000] {logging_mixin.py:137} INFO - [2023-02-10T00:06:17.175+0000] {dag.py:3441} INFO - Setting next_dagrun for example_short_circuit_operator to 2023-02-09T00:06:17.175572+00:00, run_after=2023-02-10T00:06:17.175572+00:00
[2023-02-10T00:06:17.205+0000] {processor.py:175} INFO - Processing /home/airflow/.local/lib/python3.7/site-packages/airflow/example_dags/example_short_circuit_operator.py took 0.124 seconds
[2023-02-10T00:06:47.972+0000] {processor.py:153} INFO - Started process (PID=3491) to work on /home/airflow/.local/lib/python3.7/site-packages/airflow/example_dags/example_short_circuit_operator.py
[2023-02-10T00:06:47.973+0000] {processor.py:743} INFO - Processing file /home/airflow/.local/lib/python3.7/site-packages/airflow/example_dags/example_short_circuit_operator.py for tasks to queue
[2023-02-10T00:06:47.974+0000] {logging_mixin.py:137} INFO - [2023-02-10T00:06:47.973+0000] {dagbag.py:538} INFO - Filling up the DagBag from /home/airflow/.local/lib/python3.7/site-packages/airflow/example_dags/example_short_circuit_operator.py
[2023-02-10T00:06:47.992+0000] {processor.py:753} INFO - DAG(s) dict_keys(['example_short_circuit_operator']) retrieved from /home/airflow/.local/lib/python3.7/site-packages/airflow/example_dags/example_short_circuit_operator.py
[2023-02-10T00:06:48.023+0000] {logging_mixin.py:137} INFO - [2023-02-10T00:06:48.022+0000] {dag.py:2690} INFO - Sync 1 DAGs
[2023-02-10T00:06:48.062+0000] {logging_mixin.py:137} INFO - [2023-02-10T00:06:48.061+0000] {dag.py:3441} INFO - Setting next_dagrun for example_short_circuit_operator to 2023-02-09T00:06:48.061421+00:00, run_after=2023-02-10T00:06:48.061421+00:00
[2023-02-10T00:06:48.091+0000] {processor.py:175} INFO - Processing /home/airflow/.local/lib/python3.7/site-packages/airflow/example_dags/example_short_circuit_operator.py took 0.122 seconds
[2023-02-10T00:07:18.943+0000] {processor.py:153} INFO - Started process (PID=3574) to work on /home/airflow/.local/lib/python3.7/site-packages/airflow/example_dags/example_short_circuit_operator.py
[2023-02-10T00:07:18.944+0000] {processor.py:743} INFO - Processing file /home/airflow/.local/lib/python3.7/site-packages/airflow/example_dags/example_short_circuit_operator.py for tasks to queue
[2023-02-10T00:07:18.945+0000] {logging_mixin.py:137} INFO - [2023-02-10T00:07:18.945+0000] {dagbag.py:538} INFO - Filling up the DagBag from /home/airflow/.local/lib/python3.7/site-packages/airflow/example_dags/example_short_circuit_operator.py
[2023-02-10T00:07:18.973+0000] {processor.py:753} INFO - DAG(s) dict_keys(['example_short_circuit_operator']) retrieved from /home/airflow/.local/lib/python3.7/site-packages/airflow/example_dags/example_short_circuit_operator.py
[2023-02-10T00:07:19.007+0000] {logging_mixin.py:137} INFO - [2023-02-10T00:07:19.007+0000] {dag.py:2690} INFO - Sync 1 DAGs
[2023-02-10T00:07:19.049+0000] {logging_mixin.py:137} INFO - [2023-02-10T00:07:19.049+0000] {dag.py:3441} INFO - Setting next_dagrun for example_short_circuit_operator to 2023-02-09T00:07:19.049163+00:00, run_after=2023-02-10T00:07:19.049163+00:00
[2023-02-10T00:07:19.075+0000] {processor.py:175} INFO - Processing /home/airflow/.local/lib/python3.7/site-packages/airflow/example_dags/example_short_circuit_operator.py took 0.138 seconds
[2023-02-10T00:07:49.276+0000] {processor.py:153} INFO - Started process (PID=3642) to work on /home/airflow/.local/lib/python3.7/site-packages/airflow/example_dags/example_short_circuit_operator.py
[2023-02-10T00:07:49.277+0000] {processor.py:743} INFO - Processing file /home/airflow/.local/lib/python3.7/site-packages/airflow/example_dags/example_short_circuit_operator.py for tasks to queue
[2023-02-10T00:07:49.278+0000] {logging_mixin.py:137} INFO - [2023-02-10T00:07:49.278+0000] {dagbag.py:538} INFO - Filling up the DagBag from /home/airflow/.local/lib/python3.7/site-packages/airflow/example_dags/example_short_circuit_operator.py
[2023-02-10T00:07:49.307+0000] {processor.py:753} INFO - DAG(s) dict_keys(['example_short_circuit_operator']) retrieved from /home/airflow/.local/lib/python3.7/site-packages/airflow/example_dags/example_short_circuit_operator.py
[2023-02-10T00:07:49.341+0000] {logging_mixin.py:137} INFO - [2023-02-10T00:07:49.341+0000] {dag.py:2690} INFO - Sync 1 DAGs
[2023-02-10T00:07:49.387+0000] {logging_mixin.py:137} INFO - [2023-02-10T00:07:49.387+0000] {dag.py:3441} INFO - Setting next_dagrun for example_short_circuit_operator to 2023-02-09T00:07:49.387348+00:00, run_after=2023-02-10T00:07:49.387348+00:00
[2023-02-10T00:07:49.413+0000] {processor.py:175} INFO - Processing /home/airflow/.local/lib/python3.7/site-packages/airflow/example_dags/example_short_circuit_operator.py took 0.141 seconds
[2023-02-10T00:08:19.779+0000] {processor.py:153} INFO - Started process (PID=3711) to work on /home/airflow/.local/lib/python3.7/site-packages/airflow/example_dags/example_short_circuit_operator.py
[2023-02-10T00:08:19.780+0000] {processor.py:743} INFO - Processing file /home/airflow/.local/lib/python3.7/site-packages/airflow/example_dags/example_short_circuit_operator.py for tasks to queue
[2023-02-10T00:08:19.781+0000] {logging_mixin.py:137} INFO - [2023-02-10T00:08:19.780+0000] {dagbag.py:538} INFO - Filling up the DagBag from /home/airflow/.local/lib/python3.7/site-packages/airflow/example_dags/example_short_circuit_operator.py
[2023-02-10T00:08:19.799+0000] {processor.py:753} INFO - DAG(s) dict_keys(['example_short_circuit_operator']) retrieved from /home/airflow/.local/lib/python3.7/site-packages/airflow/example_dags/example_short_circuit_operator.py
[2023-02-10T00:08:19.836+0000] {logging_mixin.py:137} INFO - [2023-02-10T00:08:19.836+0000] {dag.py:2690} INFO - Sync 1 DAGs
[2023-02-10T00:08:19.872+0000] {logging_mixin.py:137} INFO - [2023-02-10T00:08:19.872+0000] {dag.py:3441} INFO - Setting next_dagrun for example_short_circuit_operator to 2023-02-09T00:08:19.872170+00:00, run_after=2023-02-10T00:08:19.872170+00:00
[2023-02-10T00:08:19.897+0000] {processor.py:175} INFO - Processing /home/airflow/.local/lib/python3.7/site-packages/airflow/example_dags/example_short_circuit_operator.py took 0.121 seconds
[2023-02-10T00:08:50.163+0000] {processor.py:153} INFO - Started process (PID=3787) to work on /home/airflow/.local/lib/python3.7/site-packages/airflow/example_dags/example_short_circuit_operator.py
[2023-02-10T00:08:50.163+0000] {processor.py:743} INFO - Processing file /home/airflow/.local/lib/python3.7/site-packages/airflow/example_dags/example_short_circuit_operator.py for tasks to queue
[2023-02-10T00:08:50.164+0000] {logging_mixin.py:137} INFO - [2023-02-10T00:08:50.164+0000] {dagbag.py:538} INFO - Filling up the DagBag from /home/airflow/.local/lib/python3.7/site-packages/airflow/example_dags/example_short_circuit_operator.py
[2023-02-10T00:08:50.184+0000] {processor.py:753} INFO - DAG(s) dict_keys(['example_short_circuit_operator']) retrieved from /home/airflow/.local/lib/python3.7/site-packages/airflow/example_dags/example_short_circuit_operator.py
[2023-02-10T00:08:50.217+0000] {logging_mixin.py:137} INFO - [2023-02-10T00:08:50.217+0000] {dag.py:2690} INFO - Sync 1 DAGs
[2023-02-10T00:08:50.254+0000] {logging_mixin.py:137} INFO - [2023-02-10T00:08:50.254+0000] {dag.py:3441} INFO - Setting next_dagrun for example_short_circuit_operator to 2023-02-09T00:08:50.254423+00:00, run_after=2023-02-10T00:08:50.254423+00:00
[2023-02-10T00:08:50.281+0000] {processor.py:175} INFO - Processing /home/airflow/.local/lib/python3.7/site-packages/airflow/example_dags/example_short_circuit_operator.py took 0.121 seconds
[2023-02-10T00:09:20.946+0000] {processor.py:153} INFO - Started process (PID=3860) to work on /home/airflow/.local/lib/python3.7/site-packages/airflow/example_dags/example_short_circuit_operator.py
[2023-02-10T00:09:20.947+0000] {processor.py:743} INFO - Processing file /home/airflow/.local/lib/python3.7/site-packages/airflow/example_dags/example_short_circuit_operator.py for tasks to queue
[2023-02-10T00:09:20.947+0000] {logging_mixin.py:137} INFO - [2023-02-10T00:09:20.947+0000] {dagbag.py:538} INFO - Filling up the DagBag from /home/airflow/.local/lib/python3.7/site-packages/airflow/example_dags/example_short_circuit_operator.py
[2023-02-10T00:09:20.967+0000] {processor.py:753} INFO - DAG(s) dict_keys(['example_short_circuit_operator']) retrieved from /home/airflow/.local/lib/python3.7/site-packages/airflow/example_dags/example_short_circuit_operator.py
[2023-02-10T00:09:20.998+0000] {logging_mixin.py:137} INFO - [2023-02-10T00:09:20.998+0000] {dag.py:2690} INFO - Sync 1 DAGs
[2023-02-10T00:09:21.034+0000] {logging_mixin.py:137} INFO - [2023-02-10T00:09:21.034+0000] {dag.py:3441} INFO - Setting next_dagrun for example_short_circuit_operator to 2023-02-09T00:09:21.033802+00:00, run_after=2023-02-10T00:09:21.033802+00:00
[2023-02-10T00:09:21.061+0000] {processor.py:175} INFO - Processing /home/airflow/.local/lib/python3.7/site-packages/airflow/example_dags/example_short_circuit_operator.py took 0.118 seconds
[2023-02-10T00:09:51.240+0000] {processor.py:153} INFO - Started process (PID=3927) to work on /home/airflow/.local/lib/python3.7/site-packages/airflow/example_dags/example_short_circuit_operator.py
[2023-02-10T00:09:51.241+0000] {processor.py:743} INFO - Processing file /home/airflow/.local/lib/python3.7/site-packages/airflow/example_dags/example_short_circuit_operator.py for tasks to queue
[2023-02-10T00:09:51.242+0000] {logging_mixin.py:137} INFO - [2023-02-10T00:09:51.242+0000] {dagbag.py:538} INFO - Filling up the DagBag from /home/airflow/.local/lib/python3.7/site-packages/airflow/example_dags/example_short_circuit_operator.py
[2023-02-10T00:09:51.262+0000] {processor.py:753} INFO - DAG(s) dict_keys(['example_short_circuit_operator']) retrieved from /home/airflow/.local/lib/python3.7/site-packages/airflow/example_dags/example_short_circuit_operator.py
[2023-02-10T00:09:51.294+0000] {logging_mixin.py:137} INFO - [2023-02-10T00:09:51.294+0000] {dag.py:2690} INFO - Sync 1 DAGs
[2023-02-10T00:09:51.330+0000] {logging_mixin.py:137} INFO - [2023-02-10T00:09:51.330+0000] {dag.py:3441} INFO - Setting next_dagrun for example_short_circuit_operator to 2023-02-09T00:09:51.330360+00:00, run_after=2023-02-10T00:09:51.330360+00:00
[2023-02-10T00:09:51.356+0000] {processor.py:175} INFO - Processing /home/airflow/.local/lib/python3.7/site-packages/airflow/example_dags/example_short_circuit_operator.py took 0.120 seconds
[2023-02-10T00:10:21.962+0000] {processor.py:153} INFO - Started process (PID=3996) to work on /home/airflow/.local/lib/python3.7/site-packages/airflow/example_dags/example_short_circuit_operator.py
[2023-02-10T00:10:21.963+0000] {processor.py:743} INFO - Processing file /home/airflow/.local/lib/python3.7/site-packages/airflow/example_dags/example_short_circuit_operator.py for tasks to queue
[2023-02-10T00:10:21.964+0000] {logging_mixin.py:137} INFO - [2023-02-10T00:10:21.964+0000] {dagbag.py:538} INFO - Filling up the DagBag from /home/airflow/.local/lib/python3.7/site-packages/airflow/example_dags/example_short_circuit_operator.py
[2023-02-10T00:10:21.985+0000] {processor.py:753} INFO - DAG(s) dict_keys(['example_short_circuit_operator']) retrieved from /home/airflow/.local/lib/python3.7/site-packages/airflow/example_dags/example_short_circuit_operator.py
[2023-02-10T00:10:22.022+0000] {logging_mixin.py:137} INFO - [2023-02-10T00:10:22.021+0000] {dag.py:2690} INFO - Sync 1 DAGs
[2023-02-10T00:10:22.058+0000] {logging_mixin.py:137} INFO - [2023-02-10T00:10:22.058+0000] {dag.py:3441} INFO - Setting next_dagrun for example_short_circuit_operator to 2023-02-09T00:10:22.058034+00:00, run_after=2023-02-10T00:10:22.058034+00:00
[2023-02-10T00:10:22.087+0000] {processor.py:175} INFO - Processing /home/airflow/.local/lib/python3.7/site-packages/airflow/example_dags/example_short_circuit_operator.py took 0.130 seconds
[2023-02-10T00:10:52.461+0000] {processor.py:153} INFO - Started process (PID=4078) to work on /home/airflow/.local/lib/python3.7/site-packages/airflow/example_dags/example_short_circuit_operator.py
[2023-02-10T00:10:52.462+0000] {processor.py:743} INFO - Processing file /home/airflow/.local/lib/python3.7/site-packages/airflow/example_dags/example_short_circuit_operator.py for tasks to queue
[2023-02-10T00:10:52.462+0000] {logging_mixin.py:137} INFO - [2023-02-10T00:10:52.462+0000] {dagbag.py:538} INFO - Filling up the DagBag from /home/airflow/.local/lib/python3.7/site-packages/airflow/example_dags/example_short_circuit_operator.py
[2023-02-10T00:10:52.481+0000] {processor.py:753} INFO - DAG(s) dict_keys(['example_short_circuit_operator']) retrieved from /home/airflow/.local/lib/python3.7/site-packages/airflow/example_dags/example_short_circuit_operator.py
[2023-02-10T00:10:52.511+0000] {logging_mixin.py:137} INFO - [2023-02-10T00:10:52.511+0000] {dag.py:2690} INFO - Sync 1 DAGs
[2023-02-10T00:10:52.548+0000] {logging_mixin.py:137} INFO - [2023-02-10T00:10:52.548+0000] {dag.py:3441} INFO - Setting next_dagrun for example_short_circuit_operator to 2023-02-09T00:10:52.547851+00:00, run_after=2023-02-10T00:10:52.547851+00:00
[2023-02-10T00:10:52.575+0000] {processor.py:175} INFO - Processing /home/airflow/.local/lib/python3.7/site-packages/airflow/example_dags/example_short_circuit_operator.py took 0.117 seconds
[2023-02-10T00:11:23.115+0000] {processor.py:153} INFO - Started process (PID=4145) to work on /home/airflow/.local/lib/python3.7/site-packages/airflow/example_dags/example_short_circuit_operator.py
[2023-02-10T00:11:23.116+0000] {processor.py:743} INFO - Processing file /home/airflow/.local/lib/python3.7/site-packages/airflow/example_dags/example_short_circuit_operator.py for tasks to queue
[2023-02-10T00:11:23.117+0000] {logging_mixin.py:137} INFO - [2023-02-10T00:11:23.117+0000] {dagbag.py:538} INFO - Filling up the DagBag from /home/airflow/.local/lib/python3.7/site-packages/airflow/example_dags/example_short_circuit_operator.py
[2023-02-10T00:11:23.137+0000] {processor.py:753} INFO - DAG(s) dict_keys(['example_short_circuit_operator']) retrieved from /home/airflow/.local/lib/python3.7/site-packages/airflow/example_dags/example_short_circuit_operator.py
[2023-02-10T00:11:23.172+0000] {logging_mixin.py:137} INFO - [2023-02-10T00:11:23.172+0000] {dag.py:2690} INFO - Sync 1 DAGs
[2023-02-10T00:11:23.208+0000] {logging_mixin.py:137} INFO - [2023-02-10T00:11:23.208+0000] {dag.py:3441} INFO - Setting next_dagrun for example_short_circuit_operator to 2023-02-09T00:11:23.207765+00:00, run_after=2023-02-10T00:11:23.207765+00:00
[2023-02-10T00:11:23.235+0000] {processor.py:175} INFO - Processing /home/airflow/.local/lib/python3.7/site-packages/airflow/example_dags/example_short_circuit_operator.py took 0.123 seconds
[2023-02-10T00:11:53.451+0000] {processor.py:153} INFO - Started process (PID=4214) to work on /home/airflow/.local/lib/python3.7/site-packages/airflow/example_dags/example_short_circuit_operator.py
[2023-02-10T00:11:53.452+0000] {processor.py:743} INFO - Processing file /home/airflow/.local/lib/python3.7/site-packages/airflow/example_dags/example_short_circuit_operator.py for tasks to queue
[2023-02-10T00:11:53.452+0000] {logging_mixin.py:137} INFO - [2023-02-10T00:11:53.452+0000] {dagbag.py:538} INFO - Filling up the DagBag from /home/airflow/.local/lib/python3.7/site-packages/airflow/example_dags/example_short_circuit_operator.py
[2023-02-10T00:11:53.472+0000] {processor.py:753} INFO - DAG(s) dict_keys(['example_short_circuit_operator']) retrieved from /home/airflow/.local/lib/python3.7/site-packages/airflow/example_dags/example_short_circuit_operator.py
[2023-02-10T00:11:53.503+0000] {logging_mixin.py:137} INFO - [2023-02-10T00:11:53.503+0000] {dag.py:2690} INFO - Sync 1 DAGs
[2023-02-10T00:11:53.540+0000] {logging_mixin.py:137} INFO - [2023-02-10T00:11:53.540+0000] {dag.py:3441} INFO - Setting next_dagrun for example_short_circuit_operator to 2023-02-09T00:11:53.540306+00:00, run_after=2023-02-10T00:11:53.540306+00:00
[2023-02-10T00:11:53.572+0000] {processor.py:175} INFO - Processing /home/airflow/.local/lib/python3.7/site-packages/airflow/example_dags/example_short_circuit_operator.py took 0.124 seconds
[2023-02-10T00:12:24.259+0000] {processor.py:153} INFO - Started process (PID=4296) to work on /home/airflow/.local/lib/python3.7/site-packages/airflow/example_dags/example_short_circuit_operator.py
[2023-02-10T00:12:24.259+0000] {processor.py:743} INFO - Processing file /home/airflow/.local/lib/python3.7/site-packages/airflow/example_dags/example_short_circuit_operator.py for tasks to queue
[2023-02-10T00:12:24.260+0000] {logging_mixin.py:137} INFO - [2023-02-10T00:12:24.260+0000] {dagbag.py:538} INFO - Filling up the DagBag from /home/airflow/.local/lib/python3.7/site-packages/airflow/example_dags/example_short_circuit_operator.py
[2023-02-10T00:12:24.279+0000] {processor.py:753} INFO - DAG(s) dict_keys(['example_short_circuit_operator']) retrieved from /home/airflow/.local/lib/python3.7/site-packages/airflow/example_dags/example_short_circuit_operator.py
[2023-02-10T00:12:24.315+0000] {logging_mixin.py:137} INFO - [2023-02-10T00:12:24.314+0000] {dag.py:2690} INFO - Sync 1 DAGs
[2023-02-10T00:12:24.360+0000] {logging_mixin.py:137} INFO - [2023-02-10T00:12:24.359+0000] {dag.py:3441} INFO - Setting next_dagrun for example_short_circuit_operator to 2023-02-09T00:12:24.359645+00:00, run_after=2023-02-10T00:12:24.359645+00:00
[2023-02-10T00:12:24.387+0000] {processor.py:175} INFO - Processing /home/airflow/.local/lib/python3.7/site-packages/airflow/example_dags/example_short_circuit_operator.py took 0.132 seconds
[2023-02-10T00:12:54.727+0000] {processor.py:153} INFO - Started process (PID=4364) to work on /home/airflow/.local/lib/python3.7/site-packages/airflow/example_dags/example_short_circuit_operator.py
[2023-02-10T00:12:54.728+0000] {processor.py:743} INFO - Processing file /home/airflow/.local/lib/python3.7/site-packages/airflow/example_dags/example_short_circuit_operator.py for tasks to queue
[2023-02-10T00:12:54.729+0000] {logging_mixin.py:137} INFO - [2023-02-10T00:12:54.729+0000] {dagbag.py:538} INFO - Filling up the DagBag from /home/airflow/.local/lib/python3.7/site-packages/airflow/example_dags/example_short_circuit_operator.py
[2023-02-10T00:12:54.754+0000] {processor.py:753} INFO - DAG(s) dict_keys(['example_short_circuit_operator']) retrieved from /home/airflow/.local/lib/python3.7/site-packages/airflow/example_dags/example_short_circuit_operator.py
[2023-02-10T00:12:54.789+0000] {logging_mixin.py:137} INFO - [2023-02-10T00:12:54.789+0000] {dag.py:2690} INFO - Sync 1 DAGs
[2023-02-10T00:12:54.829+0000] {logging_mixin.py:137} INFO - [2023-02-10T00:12:54.829+0000] {dag.py:3441} INFO - Setting next_dagrun for example_short_circuit_operator to 2023-02-09T00:12:54.828855+00:00, run_after=2023-02-10T00:12:54.828855+00:00
[2023-02-10T00:12:54.857+0000] {processor.py:175} INFO - Processing /home/airflow/.local/lib/python3.7/site-packages/airflow/example_dags/example_short_circuit_operator.py took 0.133 seconds
[2023-02-10T00:13:25.395+0000] {processor.py:153} INFO - Started process (PID=4431) to work on /home/airflow/.local/lib/python3.7/site-packages/airflow/example_dags/example_short_circuit_operator.py
[2023-02-10T00:13:25.396+0000] {processor.py:743} INFO - Processing file /home/airflow/.local/lib/python3.7/site-packages/airflow/example_dags/example_short_circuit_operator.py for tasks to queue
[2023-02-10T00:13:25.397+0000] {logging_mixin.py:137} INFO - [2023-02-10T00:13:25.396+0000] {dagbag.py:538} INFO - Filling up the DagBag from /home/airflow/.local/lib/python3.7/site-packages/airflow/example_dags/example_short_circuit_operator.py
[2023-02-10T00:13:25.418+0000] {processor.py:753} INFO - DAG(s) dict_keys(['example_short_circuit_operator']) retrieved from /home/airflow/.local/lib/python3.7/site-packages/airflow/example_dags/example_short_circuit_operator.py
[2023-02-10T00:13:25.451+0000] {logging_mixin.py:137} INFO - [2023-02-10T00:13:25.451+0000] {dag.py:2690} INFO - Sync 1 DAGs
[2023-02-10T00:13:25.487+0000] {logging_mixin.py:137} INFO - [2023-02-10T00:13:25.487+0000] {dag.py:3441} INFO - Setting next_dagrun for example_short_circuit_operator to 2023-02-09T00:13:25.487002+00:00, run_after=2023-02-10T00:13:25.487002+00:00
[2023-02-10T00:13:25.513+0000] {processor.py:175} INFO - Processing /home/airflow/.local/lib/python3.7/site-packages/airflow/example_dags/example_short_circuit_operator.py took 0.122 seconds
