[2023-02-10T00:00:11.042+0000] {processor.py:153} INFO - Started process (PID=2560) to work on /home/airflow/.local/lib/python3.7/site-packages/airflow/example_dags/example_branch_python_dop_operator_3.py
[2023-02-10T00:00:11.043+0000] {processor.py:743} INFO - Processing file /home/airflow/.local/lib/python3.7/site-packages/airflow/example_dags/example_branch_python_dop_operator_3.py for tasks to queue
[2023-02-10T00:00:11.044+0000] {logging_mixin.py:137} INFO - [2023-02-10T00:00:11.044+0000] {dagbag.py:538} INFO - Filling up the DagBag from /home/airflow/.local/lib/python3.7/site-packages/airflow/example_dags/example_branch_python_dop_operator_3.py
[2023-02-10T00:00:11.090+0000] {processor.py:753} INFO - DAG(s) dict_keys(['example_branch_dop_operator_v3']) retrieved from /home/airflow/.local/lib/python3.7/site-packages/airflow/example_dags/example_branch_python_dop_operator_3.py
[2023-02-10T00:00:11.126+0000] {logging_mixin.py:137} INFO - [2023-02-10T00:00:11.126+0000] {dag.py:2690} INFO - Sync 1 DAGs
[2023-02-10T00:00:11.177+0000] {logging_mixin.py:137} INFO - [2023-02-10T00:00:11.176+0000] {dag.py:3441} INFO - Setting next_dagrun for example_branch_dop_operator_v3 to 2023-02-09T23:59:00+00:00, run_after=2023-02-10T00:00:00+00:00
[2023-02-10T00:00:11.208+0000] {processor.py:175} INFO - Processing /home/airflow/.local/lib/python3.7/site-packages/airflow/example_dags/example_branch_python_dop_operator_3.py took 0.172 seconds
[2023-02-10T00:00:41.841+0000] {processor.py:153} INFO - Started process (PID=2635) to work on /home/airflow/.local/lib/python3.7/site-packages/airflow/example_dags/example_branch_python_dop_operator_3.py
[2023-02-10T00:00:41.843+0000] {processor.py:743} INFO - Processing file /home/airflow/.local/lib/python3.7/site-packages/airflow/example_dags/example_branch_python_dop_operator_3.py for tasks to queue
[2023-02-10T00:00:41.844+0000] {logging_mixin.py:137} INFO - [2023-02-10T00:00:41.844+0000] {dagbag.py:538} INFO - Filling up the DagBag from /home/airflow/.local/lib/python3.7/site-packages/airflow/example_dags/example_branch_python_dop_operator_3.py
[2023-02-10T00:00:41.874+0000] {processor.py:753} INFO - DAG(s) dict_keys(['example_branch_dop_operator_v3']) retrieved from /home/airflow/.local/lib/python3.7/site-packages/airflow/example_dags/example_branch_python_dop_operator_3.py
[2023-02-10T00:00:41.905+0000] {logging_mixin.py:137} INFO - [2023-02-10T00:00:41.904+0000] {dag.py:2690} INFO - Sync 1 DAGs
[2023-02-10T00:00:41.948+0000] {logging_mixin.py:137} INFO - [2023-02-10T00:00:41.948+0000] {dag.py:3441} INFO - Setting next_dagrun for example_branch_dop_operator_v3 to 2023-02-09T23:59:00+00:00, run_after=2023-02-10T00:00:00+00:00
[2023-02-10T00:00:41.974+0000] {processor.py:175} INFO - Processing /home/airflow/.local/lib/python3.7/site-packages/airflow/example_dags/example_branch_python_dop_operator_3.py took 0.135 seconds
[2023-02-10T00:01:12.226+0000] {processor.py:153} INFO - Started process (PID=2706) to work on /home/airflow/.local/lib/python3.7/site-packages/airflow/example_dags/example_branch_python_dop_operator_3.py
[2023-02-10T00:01:12.227+0000] {processor.py:743} INFO - Processing file /home/airflow/.local/lib/python3.7/site-packages/airflow/example_dags/example_branch_python_dop_operator_3.py for tasks to queue
[2023-02-10T00:01:12.228+0000] {logging_mixin.py:137} INFO - [2023-02-10T00:01:12.228+0000] {dagbag.py:538} INFO - Filling up the DagBag from /home/airflow/.local/lib/python3.7/site-packages/airflow/example_dags/example_branch_python_dop_operator_3.py
[2023-02-10T00:01:12.268+0000] {processor.py:753} INFO - DAG(s) dict_keys(['example_branch_dop_operator_v3']) retrieved from /home/airflow/.local/lib/python3.7/site-packages/airflow/example_dags/example_branch_python_dop_operator_3.py
[2023-02-10T00:01:12.300+0000] {logging_mixin.py:137} INFO - [2023-02-10T00:01:12.300+0000] {dag.py:2690} INFO - Sync 1 DAGs
[2023-02-10T00:01:12.343+0000] {logging_mixin.py:137} INFO - [2023-02-10T00:01:12.342+0000] {dag.py:3441} INFO - Setting next_dagrun for example_branch_dop_operator_v3 to 2023-02-10T00:00:00+00:00, run_after=2023-02-10T00:01:00+00:00
[2023-02-10T00:01:12.370+0000] {processor.py:175} INFO - Processing /home/airflow/.local/lib/python3.7/site-packages/airflow/example_dags/example_branch_python_dop_operator_3.py took 0.149 seconds
[2023-02-10T00:01:42.806+0000] {processor.py:153} INFO - Started process (PID=2774) to work on /home/airflow/.local/lib/python3.7/site-packages/airflow/example_dags/example_branch_python_dop_operator_3.py
[2023-02-10T00:01:42.807+0000] {processor.py:743} INFO - Processing file /home/airflow/.local/lib/python3.7/site-packages/airflow/example_dags/example_branch_python_dop_operator_3.py for tasks to queue
[2023-02-10T00:01:42.807+0000] {logging_mixin.py:137} INFO - [2023-02-10T00:01:42.807+0000] {dagbag.py:538} INFO - Filling up the DagBag from /home/airflow/.local/lib/python3.7/site-packages/airflow/example_dags/example_branch_python_dop_operator_3.py
[2023-02-10T00:01:42.837+0000] {processor.py:753} INFO - DAG(s) dict_keys(['example_branch_dop_operator_v3']) retrieved from /home/airflow/.local/lib/python3.7/site-packages/airflow/example_dags/example_branch_python_dop_operator_3.py
[2023-02-10T00:01:42.867+0000] {logging_mixin.py:137} INFO - [2023-02-10T00:01:42.867+0000] {dag.py:2690} INFO - Sync 1 DAGs
[2023-02-10T00:01:42.911+0000] {logging_mixin.py:137} INFO - [2023-02-10T00:01:42.911+0000] {dag.py:3441} INFO - Setting next_dagrun for example_branch_dop_operator_v3 to 2023-02-10T00:00:00+00:00, run_after=2023-02-10T00:01:00+00:00
[2023-02-10T00:01:42.942+0000] {processor.py:175} INFO - Processing /home/airflow/.local/lib/python3.7/site-packages/airflow/example_dags/example_branch_python_dop_operator_3.py took 0.140 seconds
[2023-02-10T00:02:13.131+0000] {processor.py:153} INFO - Started process (PID=2841) to work on /home/airflow/.local/lib/python3.7/site-packages/airflow/example_dags/example_branch_python_dop_operator_3.py
[2023-02-10T00:02:13.132+0000] {processor.py:743} INFO - Processing file /home/airflow/.local/lib/python3.7/site-packages/airflow/example_dags/example_branch_python_dop_operator_3.py for tasks to queue
[2023-02-10T00:02:13.133+0000] {logging_mixin.py:137} INFO - [2023-02-10T00:02:13.133+0000] {dagbag.py:538} INFO - Filling up the DagBag from /home/airflow/.local/lib/python3.7/site-packages/airflow/example_dags/example_branch_python_dop_operator_3.py
[2023-02-10T00:02:13.162+0000] {processor.py:753} INFO - DAG(s) dict_keys(['example_branch_dop_operator_v3']) retrieved from /home/airflow/.local/lib/python3.7/site-packages/airflow/example_dags/example_branch_python_dop_operator_3.py
[2023-02-10T00:02:13.192+0000] {logging_mixin.py:137} INFO - [2023-02-10T00:02:13.192+0000] {dag.py:2690} INFO - Sync 1 DAGs
[2023-02-10T00:02:13.235+0000] {logging_mixin.py:137} INFO - [2023-02-10T00:02:13.235+0000] {dag.py:3441} INFO - Setting next_dagrun for example_branch_dop_operator_v3 to 2023-02-10T00:01:00+00:00, run_after=2023-02-10T00:02:00+00:00
[2023-02-10T00:02:13.263+0000] {processor.py:175} INFO - Processing /home/airflow/.local/lib/python3.7/site-packages/airflow/example_dags/example_branch_python_dop_operator_3.py took 0.135 seconds
[2023-02-10T00:02:43.754+0000] {processor.py:153} INFO - Started process (PID=2924) to work on /home/airflow/.local/lib/python3.7/site-packages/airflow/example_dags/example_branch_python_dop_operator_3.py
[2023-02-10T00:02:43.755+0000] {processor.py:743} INFO - Processing file /home/airflow/.local/lib/python3.7/site-packages/airflow/example_dags/example_branch_python_dop_operator_3.py for tasks to queue
[2023-02-10T00:02:43.756+0000] {logging_mixin.py:137} INFO - [2023-02-10T00:02:43.755+0000] {dagbag.py:538} INFO - Filling up the DagBag from /home/airflow/.local/lib/python3.7/site-packages/airflow/example_dags/example_branch_python_dop_operator_3.py
[2023-02-10T00:02:43.784+0000] {processor.py:753} INFO - DAG(s) dict_keys(['example_branch_dop_operator_v3']) retrieved from /home/airflow/.local/lib/python3.7/site-packages/airflow/example_dags/example_branch_python_dop_operator_3.py
[2023-02-10T00:02:43.813+0000] {logging_mixin.py:137} INFO - [2023-02-10T00:02:43.813+0000] {dag.py:2690} INFO - Sync 1 DAGs
[2023-02-10T00:02:43.855+0000] {logging_mixin.py:137} INFO - [2023-02-10T00:02:43.855+0000] {dag.py:3441} INFO - Setting next_dagrun for example_branch_dop_operator_v3 to 2023-02-10T00:01:00+00:00, run_after=2023-02-10T00:02:00+00:00
[2023-02-10T00:02:43.883+0000] {processor.py:175} INFO - Processing /home/airflow/.local/lib/python3.7/site-packages/airflow/example_dags/example_branch_python_dop_operator_3.py took 0.132 seconds
[2023-02-10T00:03:14.197+0000] {processor.py:153} INFO - Started process (PID=2993) to work on /home/airflow/.local/lib/python3.7/site-packages/airflow/example_dags/example_branch_python_dop_operator_3.py
[2023-02-10T00:03:14.197+0000] {processor.py:743} INFO - Processing file /home/airflow/.local/lib/python3.7/site-packages/airflow/example_dags/example_branch_python_dop_operator_3.py for tasks to queue
[2023-02-10T00:03:14.198+0000] {logging_mixin.py:137} INFO - [2023-02-10T00:03:14.198+0000] {dagbag.py:538} INFO - Filling up the DagBag from /home/airflow/.local/lib/python3.7/site-packages/airflow/example_dags/example_branch_python_dop_operator_3.py
[2023-02-10T00:03:14.226+0000] {processor.py:753} INFO - DAG(s) dict_keys(['example_branch_dop_operator_v3']) retrieved from /home/airflow/.local/lib/python3.7/site-packages/airflow/example_dags/example_branch_python_dop_operator_3.py
[2023-02-10T00:03:14.255+0000] {logging_mixin.py:137} INFO - [2023-02-10T00:03:14.254+0000] {dag.py:2690} INFO - Sync 1 DAGs
[2023-02-10T00:03:14.297+0000] {logging_mixin.py:137} INFO - [2023-02-10T00:03:14.296+0000] {dag.py:3441} INFO - Setting next_dagrun for example_branch_dop_operator_v3 to 2023-02-10T00:02:00+00:00, run_after=2023-02-10T00:03:00+00:00
[2023-02-10T00:03:14.322+0000] {processor.py:175} INFO - Processing /home/airflow/.local/lib/python3.7/site-packages/airflow/example_dags/example_branch_python_dop_operator_3.py took 0.129 seconds
[2023-02-10T00:03:44.500+0000] {processor.py:153} INFO - Started process (PID=3061) to work on /home/airflow/.local/lib/python3.7/site-packages/airflow/example_dags/example_branch_python_dop_operator_3.py
[2023-02-10T00:03:44.501+0000] {processor.py:743} INFO - Processing file /home/airflow/.local/lib/python3.7/site-packages/airflow/example_dags/example_branch_python_dop_operator_3.py for tasks to queue
[2023-02-10T00:03:44.501+0000] {logging_mixin.py:137} INFO - [2023-02-10T00:03:44.501+0000] {dagbag.py:538} INFO - Filling up the DagBag from /home/airflow/.local/lib/python3.7/site-packages/airflow/example_dags/example_branch_python_dop_operator_3.py
[2023-02-10T00:03:44.536+0000] {processor.py:753} INFO - DAG(s) dict_keys(['example_branch_dop_operator_v3']) retrieved from /home/airflow/.local/lib/python3.7/site-packages/airflow/example_dags/example_branch_python_dop_operator_3.py
[2023-02-10T00:03:44.576+0000] {logging_mixin.py:137} INFO - [2023-02-10T00:03:44.575+0000] {dag.py:2690} INFO - Sync 1 DAGs
[2023-02-10T00:03:44.620+0000] {logging_mixin.py:137} INFO - [2023-02-10T00:03:44.620+0000] {dag.py:3441} INFO - Setting next_dagrun for example_branch_dop_operator_v3 to 2023-02-10T00:02:00+00:00, run_after=2023-02-10T00:03:00+00:00
[2023-02-10T00:03:44.648+0000] {processor.py:175} INFO - Processing /home/airflow/.local/lib/python3.7/site-packages/airflow/example_dags/example_branch_python_dop_operator_3.py took 0.152 seconds
[2023-02-10T00:04:14.934+0000] {processor.py:153} INFO - Started process (PID=3143) to work on /home/airflow/.local/lib/python3.7/site-packages/airflow/example_dags/example_branch_python_dop_operator_3.py
[2023-02-10T00:04:14.935+0000] {processor.py:743} INFO - Processing file /home/airflow/.local/lib/python3.7/site-packages/airflow/example_dags/example_branch_python_dop_operator_3.py for tasks to queue
[2023-02-10T00:04:14.936+0000] {logging_mixin.py:137} INFO - [2023-02-10T00:04:14.936+0000] {dagbag.py:538} INFO - Filling up the DagBag from /home/airflow/.local/lib/python3.7/site-packages/airflow/example_dags/example_branch_python_dop_operator_3.py
[2023-02-10T00:04:14.964+0000] {processor.py:753} INFO - DAG(s) dict_keys(['example_branch_dop_operator_v3']) retrieved from /home/airflow/.local/lib/python3.7/site-packages/airflow/example_dags/example_branch_python_dop_operator_3.py
[2023-02-10T00:04:14.997+0000] {logging_mixin.py:137} INFO - [2023-02-10T00:04:14.997+0000] {dag.py:2690} INFO - Sync 1 DAGs
[2023-02-10T00:04:15.046+0000] {logging_mixin.py:137} INFO - [2023-02-10T00:04:15.045+0000] {dag.py:3441} INFO - Setting next_dagrun for example_branch_dop_operator_v3 to 2023-02-10T00:03:00+00:00, run_after=2023-02-10T00:04:00+00:00
[2023-02-10T00:04:15.082+0000] {processor.py:175} INFO - Processing /home/airflow/.local/lib/python3.7/site-packages/airflow/example_dags/example_branch_python_dop_operator_3.py took 0.150 seconds
[2023-02-10T00:04:45.728+0000] {processor.py:153} INFO - Started process (PID=3211) to work on /home/airflow/.local/lib/python3.7/site-packages/airflow/example_dags/example_branch_python_dop_operator_3.py
[2023-02-10T00:04:45.729+0000] {processor.py:743} INFO - Processing file /home/airflow/.local/lib/python3.7/site-packages/airflow/example_dags/example_branch_python_dop_operator_3.py for tasks to queue
[2023-02-10T00:04:45.730+0000] {logging_mixin.py:137} INFO - [2023-02-10T00:04:45.730+0000] {dagbag.py:538} INFO - Filling up the DagBag from /home/airflow/.local/lib/python3.7/site-packages/airflow/example_dags/example_branch_python_dop_operator_3.py
[2023-02-10T00:04:45.758+0000] {processor.py:753} INFO - DAG(s) dict_keys(['example_branch_dop_operator_v3']) retrieved from /home/airflow/.local/lib/python3.7/site-packages/airflow/example_dags/example_branch_python_dop_operator_3.py
[2023-02-10T00:04:45.786+0000] {logging_mixin.py:137} INFO - [2023-02-10T00:04:45.786+0000] {dag.py:2690} INFO - Sync 1 DAGs
[2023-02-10T00:04:45.829+0000] {logging_mixin.py:137} INFO - [2023-02-10T00:04:45.829+0000] {dag.py:3441} INFO - Setting next_dagrun for example_branch_dop_operator_v3 to 2023-02-10T00:03:00+00:00, run_after=2023-02-10T00:04:00+00:00
[2023-02-10T00:04:45.856+0000] {processor.py:175} INFO - Processing /home/airflow/.local/lib/python3.7/site-packages/airflow/example_dags/example_branch_python_dop_operator_3.py took 0.130 seconds
[2023-02-10T00:05:16.227+0000] {processor.py:153} INFO - Started process (PID=3277) to work on /home/airflow/.local/lib/python3.7/site-packages/airflow/example_dags/example_branch_python_dop_operator_3.py
[2023-02-10T00:05:16.228+0000] {processor.py:743} INFO - Processing file /home/airflow/.local/lib/python3.7/site-packages/airflow/example_dags/example_branch_python_dop_operator_3.py for tasks to queue
[2023-02-10T00:05:16.229+0000] {logging_mixin.py:137} INFO - [2023-02-10T00:05:16.228+0000] {dagbag.py:538} INFO - Filling up the DagBag from /home/airflow/.local/lib/python3.7/site-packages/airflow/example_dags/example_branch_python_dop_operator_3.py
[2023-02-10T00:05:16.268+0000] {processor.py:753} INFO - DAG(s) dict_keys(['example_branch_dop_operator_v3']) retrieved from /home/airflow/.local/lib/python3.7/site-packages/airflow/example_dags/example_branch_python_dop_operator_3.py
[2023-02-10T00:05:16.303+0000] {logging_mixin.py:137} INFO - [2023-02-10T00:05:16.303+0000] {dag.py:2690} INFO - Sync 1 DAGs
[2023-02-10T00:05:16.359+0000] {logging_mixin.py:137} INFO - [2023-02-10T00:05:16.359+0000] {dag.py:3441} INFO - Setting next_dagrun for example_branch_dop_operator_v3 to 2023-02-10T00:04:00+00:00, run_after=2023-02-10T00:05:00+00:00
[2023-02-10T00:05:16.392+0000] {processor.py:175} INFO - Processing /home/airflow/.local/lib/python3.7/site-packages/airflow/example_dags/example_branch_python_dop_operator_3.py took 0.168 seconds
[2023-02-10T00:05:47.182+0000] {processor.py:153} INFO - Started process (PID=3361) to work on /home/airflow/.local/lib/python3.7/site-packages/airflow/example_dags/example_branch_python_dop_operator_3.py
[2023-02-10T00:05:47.183+0000] {processor.py:743} INFO - Processing file /home/airflow/.local/lib/python3.7/site-packages/airflow/example_dags/example_branch_python_dop_operator_3.py for tasks to queue
[2023-02-10T00:05:47.184+0000] {logging_mixin.py:137} INFO - [2023-02-10T00:05:47.184+0000] {dagbag.py:538} INFO - Filling up the DagBag from /home/airflow/.local/lib/python3.7/site-packages/airflow/example_dags/example_branch_python_dop_operator_3.py
[2023-02-10T00:05:47.220+0000] {processor.py:753} INFO - DAG(s) dict_keys(['example_branch_dop_operator_v3']) retrieved from /home/airflow/.local/lib/python3.7/site-packages/airflow/example_dags/example_branch_python_dop_operator_3.py
[2023-02-10T00:05:47.252+0000] {logging_mixin.py:137} INFO - [2023-02-10T00:05:47.250+0000] {dag.py:2690} INFO - Sync 1 DAGs
[2023-02-10T00:05:47.296+0000] {logging_mixin.py:137} INFO - [2023-02-10T00:05:47.296+0000] {dag.py:3441} INFO - Setting next_dagrun for example_branch_dop_operator_v3 to 2023-02-10T00:04:00+00:00, run_after=2023-02-10T00:05:00+00:00
[2023-02-10T00:05:47.322+0000] {processor.py:175} INFO - Processing /home/airflow/.local/lib/python3.7/site-packages/airflow/example_dags/example_branch_python_dop_operator_3.py took 0.145 seconds
[2023-02-10T00:06:17.955+0000] {processor.py:153} INFO - Started process (PID=3430) to work on /home/airflow/.local/lib/python3.7/site-packages/airflow/example_dags/example_branch_python_dop_operator_3.py
[2023-02-10T00:06:17.958+0000] {processor.py:743} INFO - Processing file /home/airflow/.local/lib/python3.7/site-packages/airflow/example_dags/example_branch_python_dop_operator_3.py for tasks to queue
[2023-02-10T00:06:17.958+0000] {logging_mixin.py:137} INFO - [2023-02-10T00:06:17.958+0000] {dagbag.py:538} INFO - Filling up the DagBag from /home/airflow/.local/lib/python3.7/site-packages/airflow/example_dags/example_branch_python_dop_operator_3.py
[2023-02-10T00:06:17.992+0000] {processor.py:753} INFO - DAG(s) dict_keys(['example_branch_dop_operator_v3']) retrieved from /home/airflow/.local/lib/python3.7/site-packages/airflow/example_dags/example_branch_python_dop_operator_3.py
[2023-02-10T00:06:18.023+0000] {logging_mixin.py:137} INFO - [2023-02-10T00:06:18.023+0000] {dag.py:2690} INFO - Sync 1 DAGs
[2023-02-10T00:06:18.065+0000] {logging_mixin.py:137} INFO - [2023-02-10T00:06:18.065+0000] {dag.py:3441} INFO - Setting next_dagrun for example_branch_dop_operator_v3 to 2023-02-10T00:05:00+00:00, run_after=2023-02-10T00:06:00+00:00
[2023-02-10T00:06:18.102+0000] {processor.py:175} INFO - Processing /home/airflow/.local/lib/python3.7/site-packages/airflow/example_dags/example_branch_python_dop_operator_3.py took 0.151 seconds
[2023-02-10T00:06:48.621+0000] {processor.py:153} INFO - Started process (PID=3499) to work on /home/airflow/.local/lib/python3.7/site-packages/airflow/example_dags/example_branch_python_dop_operator_3.py
[2023-02-10T00:06:48.622+0000] {processor.py:743} INFO - Processing file /home/airflow/.local/lib/python3.7/site-packages/airflow/example_dags/example_branch_python_dop_operator_3.py for tasks to queue
[2023-02-10T00:06:48.623+0000] {logging_mixin.py:137} INFO - [2023-02-10T00:06:48.622+0000] {dagbag.py:538} INFO - Filling up the DagBag from /home/airflow/.local/lib/python3.7/site-packages/airflow/example_dags/example_branch_python_dop_operator_3.py
[2023-02-10T00:06:48.652+0000] {processor.py:753} INFO - DAG(s) dict_keys(['example_branch_dop_operator_v3']) retrieved from /home/airflow/.local/lib/python3.7/site-packages/airflow/example_dags/example_branch_python_dop_operator_3.py
[2023-02-10T00:06:48.682+0000] {logging_mixin.py:137} INFO - [2023-02-10T00:06:48.681+0000] {dag.py:2690} INFO - Sync 1 DAGs
[2023-02-10T00:06:48.725+0000] {logging_mixin.py:137} INFO - [2023-02-10T00:06:48.725+0000] {dag.py:3441} INFO - Setting next_dagrun for example_branch_dop_operator_v3 to 2023-02-10T00:05:00+00:00, run_after=2023-02-10T00:06:00+00:00
[2023-02-10T00:06:48.751+0000] {processor.py:175} INFO - Processing /home/airflow/.local/lib/python3.7/site-packages/airflow/example_dags/example_branch_python_dop_operator_3.py took 0.134 seconds
[2023-02-10T00:07:19.666+0000] {processor.py:153} INFO - Started process (PID=3582) to work on /home/airflow/.local/lib/python3.7/site-packages/airflow/example_dags/example_branch_python_dop_operator_3.py
[2023-02-10T00:07:19.668+0000] {processor.py:743} INFO - Processing file /home/airflow/.local/lib/python3.7/site-packages/airflow/example_dags/example_branch_python_dop_operator_3.py for tasks to queue
[2023-02-10T00:07:19.669+0000] {logging_mixin.py:137} INFO - [2023-02-10T00:07:19.668+0000] {dagbag.py:538} INFO - Filling up the DagBag from /home/airflow/.local/lib/python3.7/site-packages/airflow/example_dags/example_branch_python_dop_operator_3.py
[2023-02-10T00:07:19.710+0000] {processor.py:753} INFO - DAG(s) dict_keys(['example_branch_dop_operator_v3']) retrieved from /home/airflow/.local/lib/python3.7/site-packages/airflow/example_dags/example_branch_python_dop_operator_3.py
[2023-02-10T00:07:19.742+0000] {logging_mixin.py:137} INFO - [2023-02-10T00:07:19.742+0000] {dag.py:2690} INFO - Sync 1 DAGs
[2023-02-10T00:07:19.785+0000] {logging_mixin.py:137} INFO - [2023-02-10T00:07:19.785+0000] {dag.py:3441} INFO - Setting next_dagrun for example_branch_dop_operator_v3 to 2023-02-10T00:06:00+00:00, run_after=2023-02-10T00:07:00+00:00
[2023-02-10T00:07:19.811+0000] {processor.py:175} INFO - Processing /home/airflow/.local/lib/python3.7/site-packages/airflow/example_dags/example_branch_python_dop_operator_3.py took 0.149 seconds
[2023-02-10T00:07:49.906+0000] {processor.py:153} INFO - Started process (PID=3650) to work on /home/airflow/.local/lib/python3.7/site-packages/airflow/example_dags/example_branch_python_dop_operator_3.py
[2023-02-10T00:07:49.906+0000] {processor.py:743} INFO - Processing file /home/airflow/.local/lib/python3.7/site-packages/airflow/example_dags/example_branch_python_dop_operator_3.py for tasks to queue
[2023-02-10T00:07:49.910+0000] {logging_mixin.py:137} INFO - [2023-02-10T00:07:49.909+0000] {dagbag.py:538} INFO - Filling up the DagBag from /home/airflow/.local/lib/python3.7/site-packages/airflow/example_dags/example_branch_python_dop_operator_3.py
[2023-02-10T00:07:49.942+0000] {processor.py:753} INFO - DAG(s) dict_keys(['example_branch_dop_operator_v3']) retrieved from /home/airflow/.local/lib/python3.7/site-packages/airflow/example_dags/example_branch_python_dop_operator_3.py
[2023-02-10T00:07:49.974+0000] {logging_mixin.py:137} INFO - [2023-02-10T00:07:49.974+0000] {dag.py:2690} INFO - Sync 1 DAGs
[2023-02-10T00:07:50.018+0000] {logging_mixin.py:137} INFO - [2023-02-10T00:07:50.017+0000] {dag.py:3441} INFO - Setting next_dagrun for example_branch_dop_operator_v3 to 2023-02-10T00:06:00+00:00, run_after=2023-02-10T00:07:00+00:00
[2023-02-10T00:07:50.042+0000] {processor.py:175} INFO - Processing /home/airflow/.local/lib/python3.7/site-packages/airflow/example_dags/example_branch_python_dop_operator_3.py took 0.140 seconds
[2023-02-10T00:08:20.418+0000] {processor.py:153} INFO - Started process (PID=3719) to work on /home/airflow/.local/lib/python3.7/site-packages/airflow/example_dags/example_branch_python_dop_operator_3.py
[2023-02-10T00:08:20.420+0000] {processor.py:743} INFO - Processing file /home/airflow/.local/lib/python3.7/site-packages/airflow/example_dags/example_branch_python_dop_operator_3.py for tasks to queue
[2023-02-10T00:08:20.421+0000] {logging_mixin.py:137} INFO - [2023-02-10T00:08:20.420+0000] {dagbag.py:538} INFO - Filling up the DagBag from /home/airflow/.local/lib/python3.7/site-packages/airflow/example_dags/example_branch_python_dop_operator_3.py
[2023-02-10T00:08:20.449+0000] {processor.py:753} INFO - DAG(s) dict_keys(['example_branch_dop_operator_v3']) retrieved from /home/airflow/.local/lib/python3.7/site-packages/airflow/example_dags/example_branch_python_dop_operator_3.py
[2023-02-10T00:08:20.479+0000] {logging_mixin.py:137} INFO - [2023-02-10T00:08:20.478+0000] {dag.py:2690} INFO - Sync 1 DAGs
[2023-02-10T00:08:20.520+0000] {logging_mixin.py:137} INFO - [2023-02-10T00:08:20.520+0000] {dag.py:3441} INFO - Setting next_dagrun for example_branch_dop_operator_v3 to 2023-02-10T00:07:00+00:00, run_after=2023-02-10T00:08:00+00:00
[2023-02-10T00:08:20.548+0000] {processor.py:175} INFO - Processing /home/airflow/.local/lib/python3.7/site-packages/airflow/example_dags/example_branch_python_dop_operator_3.py took 0.132 seconds
[2023-02-10T00:08:50.897+0000] {processor.py:153} INFO - Started process (PID=3795) to work on /home/airflow/.local/lib/python3.7/site-packages/airflow/example_dags/example_branch_python_dop_operator_3.py
[2023-02-10T00:08:50.898+0000] {processor.py:743} INFO - Processing file /home/airflow/.local/lib/python3.7/site-packages/airflow/example_dags/example_branch_python_dop_operator_3.py for tasks to queue
[2023-02-10T00:08:50.899+0000] {logging_mixin.py:137} INFO - [2023-02-10T00:08:50.899+0000] {dagbag.py:538} INFO - Filling up the DagBag from /home/airflow/.local/lib/python3.7/site-packages/airflow/example_dags/example_branch_python_dop_operator_3.py
[2023-02-10T00:08:50.931+0000] {processor.py:753} INFO - DAG(s) dict_keys(['example_branch_dop_operator_v3']) retrieved from /home/airflow/.local/lib/python3.7/site-packages/airflow/example_dags/example_branch_python_dop_operator_3.py
[2023-02-10T00:08:50.961+0000] {logging_mixin.py:137} INFO - [2023-02-10T00:08:50.961+0000] {dag.py:2690} INFO - Sync 1 DAGs
[2023-02-10T00:08:51.004+0000] {logging_mixin.py:137} INFO - [2023-02-10T00:08:51.004+0000] {dag.py:3441} INFO - Setting next_dagrun for example_branch_dop_operator_v3 to 2023-02-10T00:07:00+00:00, run_after=2023-02-10T00:08:00+00:00
[2023-02-10T00:08:51.035+0000] {processor.py:175} INFO - Processing /home/airflow/.local/lib/python3.7/site-packages/airflow/example_dags/example_branch_python_dop_operator_3.py took 0.142 seconds
[2023-02-10T00:09:21.611+0000] {processor.py:153} INFO - Started process (PID=3868) to work on /home/airflow/.local/lib/python3.7/site-packages/airflow/example_dags/example_branch_python_dop_operator_3.py
[2023-02-10T00:09:21.612+0000] {processor.py:743} INFO - Processing file /home/airflow/.local/lib/python3.7/site-packages/airflow/example_dags/example_branch_python_dop_operator_3.py for tasks to queue
[2023-02-10T00:09:21.612+0000] {logging_mixin.py:137} INFO - [2023-02-10T00:09:21.612+0000] {dagbag.py:538} INFO - Filling up the DagBag from /home/airflow/.local/lib/python3.7/site-packages/airflow/example_dags/example_branch_python_dop_operator_3.py
[2023-02-10T00:09:21.641+0000] {processor.py:753} INFO - DAG(s) dict_keys(['example_branch_dop_operator_v3']) retrieved from /home/airflow/.local/lib/python3.7/site-packages/airflow/example_dags/example_branch_python_dop_operator_3.py
[2023-02-10T00:09:21.673+0000] {logging_mixin.py:137} INFO - [2023-02-10T00:09:21.673+0000] {dag.py:2690} INFO - Sync 1 DAGs
[2023-02-10T00:09:21.719+0000] {logging_mixin.py:137} INFO - [2023-02-10T00:09:21.719+0000] {dag.py:3441} INFO - Setting next_dagrun for example_branch_dop_operator_v3 to 2023-02-10T00:08:00+00:00, run_after=2023-02-10T00:09:00+00:00
[2023-02-10T00:09:21.745+0000] {processor.py:175} INFO - Processing /home/airflow/.local/lib/python3.7/site-packages/airflow/example_dags/example_branch_python_dop_operator_3.py took 0.138 seconds
[2023-02-10T00:09:51.900+0000] {processor.py:153} INFO - Started process (PID=3935) to work on /home/airflow/.local/lib/python3.7/site-packages/airflow/example_dags/example_branch_python_dop_operator_3.py
[2023-02-10T00:09:51.901+0000] {processor.py:743} INFO - Processing file /home/airflow/.local/lib/python3.7/site-packages/airflow/example_dags/example_branch_python_dop_operator_3.py for tasks to queue
[2023-02-10T00:09:51.901+0000] {logging_mixin.py:137} INFO - [2023-02-10T00:09:51.901+0000] {dagbag.py:538} INFO - Filling up the DagBag from /home/airflow/.local/lib/python3.7/site-packages/airflow/example_dags/example_branch_python_dop_operator_3.py
[2023-02-10T00:09:51.933+0000] {processor.py:753} INFO - DAG(s) dict_keys(['example_branch_dop_operator_v3']) retrieved from /home/airflow/.local/lib/python3.7/site-packages/airflow/example_dags/example_branch_python_dop_operator_3.py
[2023-02-10T00:09:51.965+0000] {logging_mixin.py:137} INFO - [2023-02-10T00:09:51.965+0000] {dag.py:2690} INFO - Sync 1 DAGs
[2023-02-10T00:09:52.007+0000] {logging_mixin.py:137} INFO - [2023-02-10T00:09:52.007+0000] {dag.py:3441} INFO - Setting next_dagrun for example_branch_dop_operator_v3 to 2023-02-10T00:08:00+00:00, run_after=2023-02-10T00:09:00+00:00
[2023-02-10T00:09:52.033+0000] {processor.py:175} INFO - Processing /home/airflow/.local/lib/python3.7/site-packages/airflow/example_dags/example_branch_python_dop_operator_3.py took 0.138 seconds
[2023-02-10T00:10:22.690+0000] {processor.py:153} INFO - Started process (PID=4011) to work on /home/airflow/.local/lib/python3.7/site-packages/airflow/example_dags/example_branch_python_dop_operator_3.py
[2023-02-10T00:10:22.690+0000] {processor.py:743} INFO - Processing file /home/airflow/.local/lib/python3.7/site-packages/airflow/example_dags/example_branch_python_dop_operator_3.py for tasks to queue
[2023-02-10T00:10:22.691+0000] {logging_mixin.py:137} INFO - [2023-02-10T00:10:22.691+0000] {dagbag.py:538} INFO - Filling up the DagBag from /home/airflow/.local/lib/python3.7/site-packages/airflow/example_dags/example_branch_python_dop_operator_3.py
[2023-02-10T00:10:22.723+0000] {processor.py:753} INFO - DAG(s) dict_keys(['example_branch_dop_operator_v3']) retrieved from /home/airflow/.local/lib/python3.7/site-packages/airflow/example_dags/example_branch_python_dop_operator_3.py
[2023-02-10T00:10:22.780+0000] {logging_mixin.py:137} INFO - [2023-02-10T00:10:22.779+0000] {dag.py:2690} INFO - Sync 1 DAGs
[2023-02-10T00:10:22.836+0000] {logging_mixin.py:137} INFO - [2023-02-10T00:10:22.836+0000] {dag.py:3441} INFO - Setting next_dagrun for example_branch_dop_operator_v3 to 2023-02-10T00:09:00+00:00, run_after=2023-02-10T00:10:00+00:00
[2023-02-10T00:10:22.871+0000] {processor.py:175} INFO - Processing /home/airflow/.local/lib/python3.7/site-packages/airflow/example_dags/example_branch_python_dop_operator_3.py took 0.185 seconds
[2023-02-10T00:10:53.371+0000] {processor.py:153} INFO - Started process (PID=4086) to work on /home/airflow/.local/lib/python3.7/site-packages/airflow/example_dags/example_branch_python_dop_operator_3.py
[2023-02-10T00:10:53.372+0000] {processor.py:743} INFO - Processing file /home/airflow/.local/lib/python3.7/site-packages/airflow/example_dags/example_branch_python_dop_operator_3.py for tasks to queue
[2023-02-10T00:10:53.372+0000] {logging_mixin.py:137} INFO - [2023-02-10T00:10:53.372+0000] {dagbag.py:538} INFO - Filling up the DagBag from /home/airflow/.local/lib/python3.7/site-packages/airflow/example_dags/example_branch_python_dop_operator_3.py
[2023-02-10T00:10:53.402+0000] {processor.py:753} INFO - DAG(s) dict_keys(['example_branch_dop_operator_v3']) retrieved from /home/airflow/.local/lib/python3.7/site-packages/airflow/example_dags/example_branch_python_dop_operator_3.py
[2023-02-10T00:10:53.432+0000] {logging_mixin.py:137} INFO - [2023-02-10T00:10:53.432+0000] {dag.py:2690} INFO - Sync 1 DAGs
[2023-02-10T00:10:53.478+0000] {logging_mixin.py:137} INFO - [2023-02-10T00:10:53.478+0000] {dag.py:3441} INFO - Setting next_dagrun for example_branch_dop_operator_v3 to 2023-02-10T00:09:00+00:00, run_after=2023-02-10T00:10:00+00:00
[2023-02-10T00:10:53.505+0000] {processor.py:175} INFO - Processing /home/airflow/.local/lib/python3.7/site-packages/airflow/example_dags/example_branch_python_dop_operator_3.py took 0.138 seconds
[2023-02-10T00:11:23.809+0000] {processor.py:153} INFO - Started process (PID=4153) to work on /home/airflow/.local/lib/python3.7/site-packages/airflow/example_dags/example_branch_python_dop_operator_3.py
[2023-02-10T00:11:23.810+0000] {processor.py:743} INFO - Processing file /home/airflow/.local/lib/python3.7/site-packages/airflow/example_dags/example_branch_python_dop_operator_3.py for tasks to queue
[2023-02-10T00:11:23.811+0000] {logging_mixin.py:137} INFO - [2023-02-10T00:11:23.810+0000] {dagbag.py:538} INFO - Filling up the DagBag from /home/airflow/.local/lib/python3.7/site-packages/airflow/example_dags/example_branch_python_dop_operator_3.py
[2023-02-10T00:11:23.840+0000] {processor.py:753} INFO - DAG(s) dict_keys(['example_branch_dop_operator_v3']) retrieved from /home/airflow/.local/lib/python3.7/site-packages/airflow/example_dags/example_branch_python_dop_operator_3.py
[2023-02-10T00:11:23.872+0000] {logging_mixin.py:137} INFO - [2023-02-10T00:11:23.871+0000] {dag.py:2690} INFO - Sync 1 DAGs
[2023-02-10T00:11:23.914+0000] {logging_mixin.py:137} INFO - [2023-02-10T00:11:23.914+0000] {dag.py:3441} INFO - Setting next_dagrun for example_branch_dop_operator_v3 to 2023-02-10T00:10:00+00:00, run_after=2023-02-10T00:11:00+00:00
[2023-02-10T00:11:23.942+0000] {processor.py:175} INFO - Processing /home/airflow/.local/lib/python3.7/site-packages/airflow/example_dags/example_branch_python_dop_operator_3.py took 0.136 seconds
[2023-02-10T00:11:54.292+0000] {processor.py:153} INFO - Started process (PID=4231) to work on /home/airflow/.local/lib/python3.7/site-packages/airflow/example_dags/example_branch_python_dop_operator_3.py
[2023-02-10T00:11:54.292+0000] {processor.py:743} INFO - Processing file /home/airflow/.local/lib/python3.7/site-packages/airflow/example_dags/example_branch_python_dop_operator_3.py for tasks to queue
[2023-02-10T00:11:54.293+0000] {logging_mixin.py:137} INFO - [2023-02-10T00:11:54.293+0000] {dagbag.py:538} INFO - Filling up the DagBag from /home/airflow/.local/lib/python3.7/site-packages/airflow/example_dags/example_branch_python_dop_operator_3.py
[2023-02-10T00:11:54.349+0000] {processor.py:753} INFO - DAG(s) dict_keys(['example_branch_dop_operator_v3']) retrieved from /home/airflow/.local/lib/python3.7/site-packages/airflow/example_dags/example_branch_python_dop_operator_3.py
[2023-02-10T00:11:54.387+0000] {logging_mixin.py:137} INFO - [2023-02-10T00:11:54.387+0000] {dag.py:2690} INFO - Sync 1 DAGs
[2023-02-10T00:11:54.435+0000] {logging_mixin.py:137} INFO - [2023-02-10T00:11:54.435+0000] {dag.py:3441} INFO - Setting next_dagrun for example_branch_dop_operator_v3 to 2023-02-10T00:10:00+00:00, run_after=2023-02-10T00:11:00+00:00
[2023-02-10T00:11:54.464+0000] {processor.py:175} INFO - Processing /home/airflow/.local/lib/python3.7/site-packages/airflow/example_dags/example_branch_python_dop_operator_3.py took 0.177 seconds
[2023-02-10T00:12:25.009+0000] {processor.py:153} INFO - Started process (PID=4304) to work on /home/airflow/.local/lib/python3.7/site-packages/airflow/example_dags/example_branch_python_dop_operator_3.py
[2023-02-10T00:12:25.010+0000] {processor.py:743} INFO - Processing file /home/airflow/.local/lib/python3.7/site-packages/airflow/example_dags/example_branch_python_dop_operator_3.py for tasks to queue
[2023-02-10T00:12:25.010+0000] {logging_mixin.py:137} INFO - [2023-02-10T00:12:25.010+0000] {dagbag.py:538} INFO - Filling up the DagBag from /home/airflow/.local/lib/python3.7/site-packages/airflow/example_dags/example_branch_python_dop_operator_3.py
[2023-02-10T00:12:25.035+0000] {processor.py:753} INFO - DAG(s) dict_keys(['example_branch_dop_operator_v3']) retrieved from /home/airflow/.local/lib/python3.7/site-packages/airflow/example_dags/example_branch_python_dop_operator_3.py
[2023-02-10T00:12:25.062+0000] {logging_mixin.py:137} INFO - [2023-02-10T00:12:25.062+0000] {dag.py:2690} INFO - Sync 1 DAGs
[2023-02-10T00:12:25.101+0000] {logging_mixin.py:137} INFO - [2023-02-10T00:12:25.100+0000] {dag.py:3441} INFO - Setting next_dagrun for example_branch_dop_operator_v3 to 2023-02-10T00:11:00+00:00, run_after=2023-02-10T00:12:00+00:00
[2023-02-10T00:12:25.127+0000] {processor.py:175} INFO - Processing /home/airflow/.local/lib/python3.7/site-packages/airflow/example_dags/example_branch_python_dop_operator_3.py took 0.121 seconds
[2023-02-10T00:12:55.377+0000] {processor.py:153} INFO - Started process (PID=4372) to work on /home/airflow/.local/lib/python3.7/site-packages/airflow/example_dags/example_branch_python_dop_operator_3.py
[2023-02-10T00:12:55.377+0000] {processor.py:743} INFO - Processing file /home/airflow/.local/lib/python3.7/site-packages/airflow/example_dags/example_branch_python_dop_operator_3.py for tasks to queue
[2023-02-10T00:12:55.378+0000] {logging_mixin.py:137} INFO - [2023-02-10T00:12:55.378+0000] {dagbag.py:538} INFO - Filling up the DagBag from /home/airflow/.local/lib/python3.7/site-packages/airflow/example_dags/example_branch_python_dop_operator_3.py
[2023-02-10T00:12:55.407+0000] {processor.py:753} INFO - DAG(s) dict_keys(['example_branch_dop_operator_v3']) retrieved from /home/airflow/.local/lib/python3.7/site-packages/airflow/example_dags/example_branch_python_dop_operator_3.py
[2023-02-10T00:12:55.437+0000] {logging_mixin.py:137} INFO - [2023-02-10T00:12:55.437+0000] {dag.py:2690} INFO - Sync 1 DAGs
[2023-02-10T00:12:55.499+0000] {logging_mixin.py:137} INFO - [2023-02-10T00:12:55.499+0000] {dag.py:3441} INFO - Setting next_dagrun for example_branch_dop_operator_v3 to 2023-02-10T00:11:00+00:00, run_after=2023-02-10T00:12:00+00:00
[2023-02-10T00:12:55.527+0000] {processor.py:175} INFO - Processing /home/airflow/.local/lib/python3.7/site-packages/airflow/example_dags/example_branch_python_dop_operator_3.py took 0.154 seconds
[2023-02-10T00:13:26.145+0000] {processor.py:153} INFO - Started process (PID=4439) to work on /home/airflow/.local/lib/python3.7/site-packages/airflow/example_dags/example_branch_python_dop_operator_3.py
[2023-02-10T00:13:26.146+0000] {processor.py:743} INFO - Processing file /home/airflow/.local/lib/python3.7/site-packages/airflow/example_dags/example_branch_python_dop_operator_3.py for tasks to queue
[2023-02-10T00:13:26.147+0000] {logging_mixin.py:137} INFO - [2023-02-10T00:13:26.147+0000] {dagbag.py:538} INFO - Filling up the DagBag from /home/airflow/.local/lib/python3.7/site-packages/airflow/example_dags/example_branch_python_dop_operator_3.py
[2023-02-10T00:13:26.180+0000] {processor.py:753} INFO - DAG(s) dict_keys(['example_branch_dop_operator_v3']) retrieved from /home/airflow/.local/lib/python3.7/site-packages/airflow/example_dags/example_branch_python_dop_operator_3.py
[2023-02-10T00:13:26.210+0000] {logging_mixin.py:137} INFO - [2023-02-10T00:13:26.210+0000] {dag.py:2690} INFO - Sync 1 DAGs
[2023-02-10T00:13:26.253+0000] {logging_mixin.py:137} INFO - [2023-02-10T00:13:26.253+0000] {dag.py:3441} INFO - Setting next_dagrun for example_branch_dop_operator_v3 to 2023-02-10T00:12:00+00:00, run_after=2023-02-10T00:13:00+00:00
[2023-02-10T00:13:26.278+0000] {processor.py:175} INFO - Processing /home/airflow/.local/lib/python3.7/site-packages/airflow/example_dags/example_branch_python_dop_operator_3.py took 0.137 seconds
