[2023-02-10T00:00:11.337+0000] {processor.py:153} INFO - Started process (PID=2563) to work on /home/airflow/.local/lib/python3.7/site-packages/airflow/example_dags/example_trigger_controller_dag.py
[2023-02-10T00:00:11.339+0000] {processor.py:743} INFO - Processing file /home/airflow/.local/lib/python3.7/site-packages/airflow/example_dags/example_trigger_controller_dag.py for tasks to queue
[2023-02-10T00:00:11.340+0000] {logging_mixin.py:137} INFO - [2023-02-10T00:00:11.340+0000] {dagbag.py:538} INFO - Filling up the DagBag from /home/airflow/.local/lib/python3.7/site-packages/airflow/example_dags/example_trigger_controller_dag.py
[2023-02-10T00:00:11.354+0000] {processor.py:753} INFO - DAG(s) dict_keys(['example_trigger_controller_dag']) retrieved from /home/airflow/.local/lib/python3.7/site-packages/airflow/example_dags/example_trigger_controller_dag.py
[2023-02-10T00:00:11.385+0000] {logging_mixin.py:137} INFO - [2023-02-10T00:00:11.384+0000] {dag.py:2690} INFO - Sync 1 DAGs
[2023-02-10T00:00:11.421+0000] {logging_mixin.py:137} INFO - [2023-02-10T00:00:11.420+0000] {dag.py:3441} INFO - Setting next_dagrun for example_trigger_controller_dag to 2021-01-01T00:00:00+00:00, run_after=2021-01-01T00:00:00+00:00
[2023-02-10T00:00:11.446+0000] {processor.py:175} INFO - Processing /home/airflow/.local/lib/python3.7/site-packages/airflow/example_dags/example_trigger_controller_dag.py took 0.112 seconds
[2023-02-10T00:00:42.081+0000] {processor.py:153} INFO - Started process (PID=2638) to work on /home/airflow/.local/lib/python3.7/site-packages/airflow/example_dags/example_trigger_controller_dag.py
[2023-02-10T00:00:42.082+0000] {processor.py:743} INFO - Processing file /home/airflow/.local/lib/python3.7/site-packages/airflow/example_dags/example_trigger_controller_dag.py for tasks to queue
[2023-02-10T00:00:42.083+0000] {logging_mixin.py:137} INFO - [2023-02-10T00:00:42.083+0000] {dagbag.py:538} INFO - Filling up the DagBag from /home/airflow/.local/lib/python3.7/site-packages/airflow/example_dags/example_trigger_controller_dag.py
[2023-02-10T00:00:42.097+0000] {processor.py:753} INFO - DAG(s) dict_keys(['example_trigger_controller_dag']) retrieved from /home/airflow/.local/lib/python3.7/site-packages/airflow/example_dags/example_trigger_controller_dag.py
[2023-02-10T00:00:42.131+0000] {logging_mixin.py:137} INFO - [2023-02-10T00:00:42.130+0000] {dag.py:2690} INFO - Sync 1 DAGs
[2023-02-10T00:00:42.167+0000] {logging_mixin.py:137} INFO - [2023-02-10T00:00:42.167+0000] {dag.py:3441} INFO - Setting next_dagrun for example_trigger_controller_dag to 2021-01-01T00:00:00+00:00, run_after=2021-01-01T00:00:00+00:00
[2023-02-10T00:00:42.194+0000] {processor.py:175} INFO - Processing /home/airflow/.local/lib/python3.7/site-packages/airflow/example_dags/example_trigger_controller_dag.py took 0.116 seconds
[2023-02-10T00:01:12.511+0000] {processor.py:153} INFO - Started process (PID=2709) to work on /home/airflow/.local/lib/python3.7/site-packages/airflow/example_dags/example_trigger_controller_dag.py
[2023-02-10T00:01:12.512+0000] {processor.py:743} INFO - Processing file /home/airflow/.local/lib/python3.7/site-packages/airflow/example_dags/example_trigger_controller_dag.py for tasks to queue
[2023-02-10T00:01:12.512+0000] {logging_mixin.py:137} INFO - [2023-02-10T00:01:12.512+0000] {dagbag.py:538} INFO - Filling up the DagBag from /home/airflow/.local/lib/python3.7/site-packages/airflow/example_dags/example_trigger_controller_dag.py
[2023-02-10T00:01:12.524+0000] {processor.py:753} INFO - DAG(s) dict_keys(['example_trigger_controller_dag']) retrieved from /home/airflow/.local/lib/python3.7/site-packages/airflow/example_dags/example_trigger_controller_dag.py
[2023-02-10T00:01:12.557+0000] {logging_mixin.py:137} INFO - [2023-02-10T00:01:12.557+0000] {dag.py:2690} INFO - Sync 1 DAGs
[2023-02-10T00:01:12.592+0000] {logging_mixin.py:137} INFO - [2023-02-10T00:01:12.592+0000] {dag.py:3441} INFO - Setting next_dagrun for example_trigger_controller_dag to 2021-01-01T00:00:00+00:00, run_after=2021-01-01T00:00:00+00:00
[2023-02-10T00:01:12.618+0000] {processor.py:175} INFO - Processing /home/airflow/.local/lib/python3.7/site-packages/airflow/example_dags/example_trigger_controller_dag.py took 0.111 seconds
[2023-02-10T00:01:43.097+0000] {processor.py:153} INFO - Started process (PID=2777) to work on /home/airflow/.local/lib/python3.7/site-packages/airflow/example_dags/example_trigger_controller_dag.py
[2023-02-10T00:01:43.098+0000] {processor.py:743} INFO - Processing file /home/airflow/.local/lib/python3.7/site-packages/airflow/example_dags/example_trigger_controller_dag.py for tasks to queue
[2023-02-10T00:01:43.099+0000] {logging_mixin.py:137} INFO - [2023-02-10T00:01:43.099+0000] {dagbag.py:538} INFO - Filling up the DagBag from /home/airflow/.local/lib/python3.7/site-packages/airflow/example_dags/example_trigger_controller_dag.py
[2023-02-10T00:01:43.118+0000] {processor.py:753} INFO - DAG(s) dict_keys(['example_trigger_controller_dag']) retrieved from /home/airflow/.local/lib/python3.7/site-packages/airflow/example_dags/example_trigger_controller_dag.py
[2023-02-10T00:01:43.156+0000] {logging_mixin.py:137} INFO - [2023-02-10T00:01:43.156+0000] {dag.py:2690} INFO - Sync 1 DAGs
[2023-02-10T00:01:43.196+0000] {logging_mixin.py:137} INFO - [2023-02-10T00:01:43.196+0000] {dag.py:3441} INFO - Setting next_dagrun for example_trigger_controller_dag to 2021-01-01T00:00:00+00:00, run_after=2021-01-01T00:00:00+00:00
[2023-02-10T00:01:43.238+0000] {processor.py:175} INFO - Processing /home/airflow/.local/lib/python3.7/site-packages/airflow/example_dags/example_trigger_controller_dag.py took 0.145 seconds
[2023-02-10T00:02:13.376+0000] {processor.py:153} INFO - Started process (PID=2844) to work on /home/airflow/.local/lib/python3.7/site-packages/airflow/example_dags/example_trigger_controller_dag.py
[2023-02-10T00:02:13.377+0000] {processor.py:743} INFO - Processing file /home/airflow/.local/lib/python3.7/site-packages/airflow/example_dags/example_trigger_controller_dag.py for tasks to queue
[2023-02-10T00:02:13.378+0000] {logging_mixin.py:137} INFO - [2023-02-10T00:02:13.377+0000] {dagbag.py:538} INFO - Filling up the DagBag from /home/airflow/.local/lib/python3.7/site-packages/airflow/example_dags/example_trigger_controller_dag.py
[2023-02-10T00:02:13.389+0000] {processor.py:753} INFO - DAG(s) dict_keys(['example_trigger_controller_dag']) retrieved from /home/airflow/.local/lib/python3.7/site-packages/airflow/example_dags/example_trigger_controller_dag.py
[2023-02-10T00:02:13.420+0000] {logging_mixin.py:137} INFO - [2023-02-10T00:02:13.420+0000] {dag.py:2690} INFO - Sync 1 DAGs
[2023-02-10T00:02:13.458+0000] {logging_mixin.py:137} INFO - [2023-02-10T00:02:13.457+0000] {dag.py:3441} INFO - Setting next_dagrun for example_trigger_controller_dag to 2021-01-01T00:00:00+00:00, run_after=2021-01-01T00:00:00+00:00
[2023-02-10T00:02:13.483+0000] {processor.py:175} INFO - Processing /home/airflow/.local/lib/python3.7/site-packages/airflow/example_dags/example_trigger_controller_dag.py took 0.111 seconds
[2023-02-10T00:02:43.987+0000] {processor.py:153} INFO - Started process (PID=2927) to work on /home/airflow/.local/lib/python3.7/site-packages/airflow/example_dags/example_trigger_controller_dag.py
[2023-02-10T00:02:43.988+0000] {processor.py:743} INFO - Processing file /home/airflow/.local/lib/python3.7/site-packages/airflow/example_dags/example_trigger_controller_dag.py for tasks to queue
[2023-02-10T00:02:43.989+0000] {logging_mixin.py:137} INFO - [2023-02-10T00:02:43.989+0000] {dagbag.py:538} INFO - Filling up the DagBag from /home/airflow/.local/lib/python3.7/site-packages/airflow/example_dags/example_trigger_controller_dag.py
[2023-02-10T00:02:44.008+0000] {processor.py:753} INFO - DAG(s) dict_keys(['example_trigger_controller_dag']) retrieved from /home/airflow/.local/lib/python3.7/site-packages/airflow/example_dags/example_trigger_controller_dag.py
[2023-02-10T00:02:44.036+0000] {logging_mixin.py:137} INFO - [2023-02-10T00:02:44.036+0000] {dag.py:2690} INFO - Sync 1 DAGs
[2023-02-10T00:02:44.071+0000] {logging_mixin.py:137} INFO - [2023-02-10T00:02:44.071+0000] {dag.py:3441} INFO - Setting next_dagrun for example_trigger_controller_dag to 2021-01-01T00:00:00+00:00, run_after=2021-01-01T00:00:00+00:00
[2023-02-10T00:02:44.095+0000] {processor.py:175} INFO - Processing /home/airflow/.local/lib/python3.7/site-packages/airflow/example_dags/example_trigger_controller_dag.py took 0.113 seconds
[2023-02-10T00:03:14.401+0000] {processor.py:153} INFO - Started process (PID=2996) to work on /home/airflow/.local/lib/python3.7/site-packages/airflow/example_dags/example_trigger_controller_dag.py
[2023-02-10T00:03:14.401+0000] {processor.py:743} INFO - Processing file /home/airflow/.local/lib/python3.7/site-packages/airflow/example_dags/example_trigger_controller_dag.py for tasks to queue
[2023-02-10T00:03:14.402+0000] {logging_mixin.py:137} INFO - [2023-02-10T00:03:14.402+0000] {dagbag.py:538} INFO - Filling up the DagBag from /home/airflow/.local/lib/python3.7/site-packages/airflow/example_dags/example_trigger_controller_dag.py
[2023-02-10T00:03:14.414+0000] {processor.py:753} INFO - DAG(s) dict_keys(['example_trigger_controller_dag']) retrieved from /home/airflow/.local/lib/python3.7/site-packages/airflow/example_dags/example_trigger_controller_dag.py
[2023-02-10T00:03:14.444+0000] {logging_mixin.py:137} INFO - [2023-02-10T00:03:14.443+0000] {dag.py:2690} INFO - Sync 1 DAGs
[2023-02-10T00:03:14.479+0000] {logging_mixin.py:137} INFO - [2023-02-10T00:03:14.479+0000] {dag.py:3441} INFO - Setting next_dagrun for example_trigger_controller_dag to 2021-01-01T00:00:00+00:00, run_after=2021-01-01T00:00:00+00:00
[2023-02-10T00:03:14.504+0000] {processor.py:175} INFO - Processing /home/airflow/.local/lib/python3.7/site-packages/airflow/example_dags/example_trigger_controller_dag.py took 0.106 seconds
[2023-02-10T00:03:44.787+0000] {processor.py:153} INFO - Started process (PID=3064) to work on /home/airflow/.local/lib/python3.7/site-packages/airflow/example_dags/example_trigger_controller_dag.py
[2023-02-10T00:03:44.787+0000] {processor.py:743} INFO - Processing file /home/airflow/.local/lib/python3.7/site-packages/airflow/example_dags/example_trigger_controller_dag.py for tasks to queue
[2023-02-10T00:03:44.788+0000] {logging_mixin.py:137} INFO - [2023-02-10T00:03:44.788+0000] {dagbag.py:538} INFO - Filling up the DagBag from /home/airflow/.local/lib/python3.7/site-packages/airflow/example_dags/example_trigger_controller_dag.py
[2023-02-10T00:03:44.800+0000] {processor.py:753} INFO - DAG(s) dict_keys(['example_trigger_controller_dag']) retrieved from /home/airflow/.local/lib/python3.7/site-packages/airflow/example_dags/example_trigger_controller_dag.py
[2023-02-10T00:03:44.833+0000] {logging_mixin.py:137} INFO - [2023-02-10T00:03:44.833+0000] {dag.py:2690} INFO - Sync 1 DAGs
[2023-02-10T00:03:44.875+0000] {logging_mixin.py:137} INFO - [2023-02-10T00:03:44.875+0000] {dag.py:3441} INFO - Setting next_dagrun for example_trigger_controller_dag to 2021-01-01T00:00:00+00:00, run_after=2021-01-01T00:00:00+00:00
[2023-02-10T00:03:44.901+0000] {processor.py:175} INFO - Processing /home/airflow/.local/lib/python3.7/site-packages/airflow/example_dags/example_trigger_controller_dag.py took 0.118 seconds
[2023-02-10T00:04:15.150+0000] {processor.py:153} INFO - Started process (PID=3146) to work on /home/airflow/.local/lib/python3.7/site-packages/airflow/example_dags/example_trigger_controller_dag.py
[2023-02-10T00:04:15.151+0000] {processor.py:743} INFO - Processing file /home/airflow/.local/lib/python3.7/site-packages/airflow/example_dags/example_trigger_controller_dag.py for tasks to queue
[2023-02-10T00:04:15.152+0000] {logging_mixin.py:137} INFO - [2023-02-10T00:04:15.152+0000] {dagbag.py:538} INFO - Filling up the DagBag from /home/airflow/.local/lib/python3.7/site-packages/airflow/example_dags/example_trigger_controller_dag.py
[2023-02-10T00:04:15.165+0000] {processor.py:753} INFO - DAG(s) dict_keys(['example_trigger_controller_dag']) retrieved from /home/airflow/.local/lib/python3.7/site-packages/airflow/example_dags/example_trigger_controller_dag.py
[2023-02-10T00:04:15.199+0000] {logging_mixin.py:137} INFO - [2023-02-10T00:04:15.199+0000] {dag.py:2690} INFO - Sync 1 DAGs
[2023-02-10T00:04:15.237+0000] {logging_mixin.py:137} INFO - [2023-02-10T00:04:15.237+0000] {dag.py:3441} INFO - Setting next_dagrun for example_trigger_controller_dag to 2021-01-01T00:00:00+00:00, run_after=2021-01-01T00:00:00+00:00
[2023-02-10T00:04:15.263+0000] {processor.py:175} INFO - Processing /home/airflow/.local/lib/python3.7/site-packages/airflow/example_dags/example_trigger_controller_dag.py took 0.116 seconds
[2023-02-10T00:04:46.025+0000] {processor.py:153} INFO - Started process (PID=3214) to work on /home/airflow/.local/lib/python3.7/site-packages/airflow/example_dags/example_trigger_controller_dag.py
[2023-02-10T00:04:46.026+0000] {processor.py:743} INFO - Processing file /home/airflow/.local/lib/python3.7/site-packages/airflow/example_dags/example_trigger_controller_dag.py for tasks to queue
[2023-02-10T00:04:46.027+0000] {logging_mixin.py:137} INFO - [2023-02-10T00:04:46.027+0000] {dagbag.py:538} INFO - Filling up the DagBag from /home/airflow/.local/lib/python3.7/site-packages/airflow/example_dags/example_trigger_controller_dag.py
[2023-02-10T00:04:46.047+0000] {processor.py:753} INFO - DAG(s) dict_keys(['example_trigger_controller_dag']) retrieved from /home/airflow/.local/lib/python3.7/site-packages/airflow/example_dags/example_trigger_controller_dag.py
[2023-02-10T00:04:46.077+0000] {logging_mixin.py:137} INFO - [2023-02-10T00:04:46.077+0000] {dag.py:2690} INFO - Sync 1 DAGs
[2023-02-10T00:04:46.114+0000] {logging_mixin.py:137} INFO - [2023-02-10T00:04:46.113+0000] {dag.py:3441} INFO - Setting next_dagrun for example_trigger_controller_dag to 2021-01-01T00:00:00+00:00, run_after=2021-01-01T00:00:00+00:00
[2023-02-10T00:04:46.142+0000] {processor.py:175} INFO - Processing /home/airflow/.local/lib/python3.7/site-packages/airflow/example_dags/example_trigger_controller_dag.py took 0.122 seconds
[2023-02-10T00:05:16.504+0000] {processor.py:153} INFO - Started process (PID=3280) to work on /home/airflow/.local/lib/python3.7/site-packages/airflow/example_dags/example_trigger_controller_dag.py
[2023-02-10T00:05:16.505+0000] {processor.py:743} INFO - Processing file /home/airflow/.local/lib/python3.7/site-packages/airflow/example_dags/example_trigger_controller_dag.py for tasks to queue
[2023-02-10T00:05:16.505+0000] {logging_mixin.py:137} INFO - [2023-02-10T00:05:16.505+0000] {dagbag.py:538} INFO - Filling up the DagBag from /home/airflow/.local/lib/python3.7/site-packages/airflow/example_dags/example_trigger_controller_dag.py
[2023-02-10T00:05:16.518+0000] {processor.py:753} INFO - DAG(s) dict_keys(['example_trigger_controller_dag']) retrieved from /home/airflow/.local/lib/python3.7/site-packages/airflow/example_dags/example_trigger_controller_dag.py
[2023-02-10T00:05:16.548+0000] {logging_mixin.py:137} INFO - [2023-02-10T00:05:16.548+0000] {dag.py:2690} INFO - Sync 1 DAGs
[2023-02-10T00:05:16.594+0000] {logging_mixin.py:137} INFO - [2023-02-10T00:05:16.593+0000] {dag.py:3441} INFO - Setting next_dagrun for example_trigger_controller_dag to 2021-01-01T00:00:00+00:00, run_after=2021-01-01T00:00:00+00:00
[2023-02-10T00:05:16.635+0000] {processor.py:175} INFO - Processing /home/airflow/.local/lib/python3.7/site-packages/airflow/example_dags/example_trigger_controller_dag.py took 0.134 seconds
[2023-02-10T00:05:47.478+0000] {processor.py:153} INFO - Started process (PID=3364) to work on /home/airflow/.local/lib/python3.7/site-packages/airflow/example_dags/example_trigger_controller_dag.py
[2023-02-10T00:05:47.479+0000] {processor.py:743} INFO - Processing file /home/airflow/.local/lib/python3.7/site-packages/airflow/example_dags/example_trigger_controller_dag.py for tasks to queue
[2023-02-10T00:05:47.480+0000] {logging_mixin.py:137} INFO - [2023-02-10T00:05:47.480+0000] {dagbag.py:538} INFO - Filling up the DagBag from /home/airflow/.local/lib/python3.7/site-packages/airflow/example_dags/example_trigger_controller_dag.py
[2023-02-10T00:05:47.491+0000] {processor.py:753} INFO - DAG(s) dict_keys(['example_trigger_controller_dag']) retrieved from /home/airflow/.local/lib/python3.7/site-packages/airflow/example_dags/example_trigger_controller_dag.py
[2023-02-10T00:05:47.522+0000] {logging_mixin.py:137} INFO - [2023-02-10T00:05:47.522+0000] {dag.py:2690} INFO - Sync 1 DAGs
[2023-02-10T00:05:47.562+0000] {logging_mixin.py:137} INFO - [2023-02-10T00:05:47.561+0000] {dag.py:3441} INFO - Setting next_dagrun for example_trigger_controller_dag to 2021-01-01T00:00:00+00:00, run_after=2021-01-01T00:00:00+00:00
[2023-02-10T00:05:47.587+0000] {processor.py:175} INFO - Processing /home/airflow/.local/lib/python3.7/site-packages/airflow/example_dags/example_trigger_controller_dag.py took 0.112 seconds
[2023-02-10T00:06:18.296+0000] {processor.py:153} INFO - Started process (PID=3433) to work on /home/airflow/.local/lib/python3.7/site-packages/airflow/example_dags/example_trigger_controller_dag.py
[2023-02-10T00:06:18.296+0000] {processor.py:743} INFO - Processing file /home/airflow/.local/lib/python3.7/site-packages/airflow/example_dags/example_trigger_controller_dag.py for tasks to queue
[2023-02-10T00:06:18.297+0000] {logging_mixin.py:137} INFO - [2023-02-10T00:06:18.297+0000] {dagbag.py:538} INFO - Filling up the DagBag from /home/airflow/.local/lib/python3.7/site-packages/airflow/example_dags/example_trigger_controller_dag.py
[2023-02-10T00:06:18.310+0000] {processor.py:753} INFO - DAG(s) dict_keys(['example_trigger_controller_dag']) retrieved from /home/airflow/.local/lib/python3.7/site-packages/airflow/example_dags/example_trigger_controller_dag.py
[2023-02-10T00:06:18.345+0000] {logging_mixin.py:137} INFO - [2023-02-10T00:06:18.345+0000] {dag.py:2690} INFO - Sync 1 DAGs
[2023-02-10T00:06:18.382+0000] {logging_mixin.py:137} INFO - [2023-02-10T00:06:18.382+0000] {dag.py:3441} INFO - Setting next_dagrun for example_trigger_controller_dag to 2021-01-01T00:00:00+00:00, run_after=2021-01-01T00:00:00+00:00
[2023-02-10T00:06:18.417+0000] {processor.py:175} INFO - Processing /home/airflow/.local/lib/python3.7/site-packages/airflow/example_dags/example_trigger_controller_dag.py took 0.125 seconds
[2023-02-10T00:06:48.898+0000] {processor.py:153} INFO - Started process (PID=3502) to work on /home/airflow/.local/lib/python3.7/site-packages/airflow/example_dags/example_trigger_controller_dag.py
[2023-02-10T00:06:48.898+0000] {processor.py:743} INFO - Processing file /home/airflow/.local/lib/python3.7/site-packages/airflow/example_dags/example_trigger_controller_dag.py for tasks to queue
[2023-02-10T00:06:48.899+0000] {logging_mixin.py:137} INFO - [2023-02-10T00:06:48.899+0000] {dagbag.py:538} INFO - Filling up the DagBag from /home/airflow/.local/lib/python3.7/site-packages/airflow/example_dags/example_trigger_controller_dag.py
[2023-02-10T00:06:48.911+0000] {processor.py:753} INFO - DAG(s) dict_keys(['example_trigger_controller_dag']) retrieved from /home/airflow/.local/lib/python3.7/site-packages/airflow/example_dags/example_trigger_controller_dag.py
[2023-02-10T00:06:48.938+0000] {logging_mixin.py:137} INFO - [2023-02-10T00:06:48.938+0000] {dag.py:2690} INFO - Sync 1 DAGs
[2023-02-10T00:06:48.972+0000] {logging_mixin.py:137} INFO - [2023-02-10T00:06:48.972+0000] {dag.py:3441} INFO - Setting next_dagrun for example_trigger_controller_dag to 2021-01-01T00:00:00+00:00, run_after=2021-01-01T00:00:00+00:00
[2023-02-10T00:06:48.999+0000] {processor.py:175} INFO - Processing /home/airflow/.local/lib/python3.7/site-packages/airflow/example_dags/example_trigger_controller_dag.py took 0.105 seconds
[2023-02-10T00:07:19.904+0000] {processor.py:153} INFO - Started process (PID=3585) to work on /home/airflow/.local/lib/python3.7/site-packages/airflow/example_dags/example_trigger_controller_dag.py
[2023-02-10T00:07:19.905+0000] {processor.py:743} INFO - Processing file /home/airflow/.local/lib/python3.7/site-packages/airflow/example_dags/example_trigger_controller_dag.py for tasks to queue
[2023-02-10T00:07:19.906+0000] {logging_mixin.py:137} INFO - [2023-02-10T00:07:19.906+0000] {dagbag.py:538} INFO - Filling up the DagBag from /home/airflow/.local/lib/python3.7/site-packages/airflow/example_dags/example_trigger_controller_dag.py
[2023-02-10T00:07:19.918+0000] {processor.py:753} INFO - DAG(s) dict_keys(['example_trigger_controller_dag']) retrieved from /home/airflow/.local/lib/python3.7/site-packages/airflow/example_dags/example_trigger_controller_dag.py
[2023-02-10T00:07:19.946+0000] {logging_mixin.py:137} INFO - [2023-02-10T00:07:19.946+0000] {dag.py:2690} INFO - Sync 1 DAGs
[2023-02-10T00:07:19.983+0000] {logging_mixin.py:137} INFO - [2023-02-10T00:07:19.982+0000] {dag.py:3441} INFO - Setting next_dagrun for example_trigger_controller_dag to 2021-01-01T00:00:00+00:00, run_after=2021-01-01T00:00:00+00:00
[2023-02-10T00:07:20.009+0000] {processor.py:175} INFO - Processing /home/airflow/.local/lib/python3.7/site-packages/airflow/example_dags/example_trigger_controller_dag.py took 0.107 seconds
[2023-02-10T00:07:50.127+0000] {processor.py:153} INFO - Started process (PID=3653) to work on /home/airflow/.local/lib/python3.7/site-packages/airflow/example_dags/example_trigger_controller_dag.py
[2023-02-10T00:07:50.128+0000] {processor.py:743} INFO - Processing file /home/airflow/.local/lib/python3.7/site-packages/airflow/example_dags/example_trigger_controller_dag.py for tasks to queue
[2023-02-10T00:07:50.128+0000] {logging_mixin.py:137} INFO - [2023-02-10T00:07:50.128+0000] {dagbag.py:538} INFO - Filling up the DagBag from /home/airflow/.local/lib/python3.7/site-packages/airflow/example_dags/example_trigger_controller_dag.py
[2023-02-10T00:07:50.142+0000] {processor.py:753} INFO - DAG(s) dict_keys(['example_trigger_controller_dag']) retrieved from /home/airflow/.local/lib/python3.7/site-packages/airflow/example_dags/example_trigger_controller_dag.py
[2023-02-10T00:07:50.172+0000] {logging_mixin.py:137} INFO - [2023-02-10T00:07:50.171+0000] {dag.py:2690} INFO - Sync 1 DAGs
[2023-02-10T00:07:50.207+0000] {logging_mixin.py:137} INFO - [2023-02-10T00:07:50.207+0000] {dag.py:3441} INFO - Setting next_dagrun for example_trigger_controller_dag to 2021-01-01T00:00:00+00:00, run_after=2021-01-01T00:00:00+00:00
[2023-02-10T00:07:50.235+0000] {processor.py:175} INFO - Processing /home/airflow/.local/lib/python3.7/site-packages/airflow/example_dags/example_trigger_controller_dag.py took 0.111 seconds
[2023-02-10T00:08:20.674+0000] {processor.py:153} INFO - Started process (PID=3722) to work on /home/airflow/.local/lib/python3.7/site-packages/airflow/example_dags/example_trigger_controller_dag.py
[2023-02-10T00:08:20.675+0000] {processor.py:743} INFO - Processing file /home/airflow/.local/lib/python3.7/site-packages/airflow/example_dags/example_trigger_controller_dag.py for tasks to queue
[2023-02-10T00:08:20.676+0000] {logging_mixin.py:137} INFO - [2023-02-10T00:08:20.676+0000] {dagbag.py:538} INFO - Filling up the DagBag from /home/airflow/.local/lib/python3.7/site-packages/airflow/example_dags/example_trigger_controller_dag.py
[2023-02-10T00:08:20.687+0000] {processor.py:753} INFO - DAG(s) dict_keys(['example_trigger_controller_dag']) retrieved from /home/airflow/.local/lib/python3.7/site-packages/airflow/example_dags/example_trigger_controller_dag.py
[2023-02-10T00:08:20.715+0000] {logging_mixin.py:137} INFO - [2023-02-10T00:08:20.715+0000] {dag.py:2690} INFO - Sync 1 DAGs
[2023-02-10T00:08:20.750+0000] {logging_mixin.py:137} INFO - [2023-02-10T00:08:20.750+0000] {dag.py:3441} INFO - Setting next_dagrun for example_trigger_controller_dag to 2021-01-01T00:00:00+00:00, run_after=2021-01-01T00:00:00+00:00
[2023-02-10T00:08:20.777+0000] {processor.py:175} INFO - Processing /home/airflow/.local/lib/python3.7/site-packages/airflow/example_dags/example_trigger_controller_dag.py took 0.106 seconds
[2023-02-10T00:08:51.411+0000] {processor.py:153} INFO - Started process (PID=3803) to work on /home/airflow/.local/lib/python3.7/site-packages/airflow/example_dags/example_trigger_controller_dag.py
[2023-02-10T00:08:51.412+0000] {processor.py:743} INFO - Processing file /home/airflow/.local/lib/python3.7/site-packages/airflow/example_dags/example_trigger_controller_dag.py for tasks to queue
[2023-02-10T00:08:51.413+0000] {logging_mixin.py:137} INFO - [2023-02-10T00:08:51.413+0000] {dagbag.py:538} INFO - Filling up the DagBag from /home/airflow/.local/lib/python3.7/site-packages/airflow/example_dags/example_trigger_controller_dag.py
[2023-02-10T00:08:51.434+0000] {processor.py:753} INFO - DAG(s) dict_keys(['example_trigger_controller_dag']) retrieved from /home/airflow/.local/lib/python3.7/site-packages/airflow/example_dags/example_trigger_controller_dag.py
[2023-02-10T00:08:51.468+0000] {logging_mixin.py:137} INFO - [2023-02-10T00:08:51.468+0000] {dag.py:2690} INFO - Sync 1 DAGs
[2023-02-10T00:08:51.519+0000] {logging_mixin.py:137} INFO - [2023-02-10T00:08:51.518+0000] {dag.py:3441} INFO - Setting next_dagrun for example_trigger_controller_dag to 2021-01-01T00:00:00+00:00, run_after=2021-01-01T00:00:00+00:00
[2023-02-10T00:08:51.552+0000] {processor.py:175} INFO - Processing /home/airflow/.local/lib/python3.7/site-packages/airflow/example_dags/example_trigger_controller_dag.py took 0.147 seconds
[2023-02-10T00:09:21.874+0000] {processor.py:153} INFO - Started process (PID=3871) to work on /home/airflow/.local/lib/python3.7/site-packages/airflow/example_dags/example_trigger_controller_dag.py
[2023-02-10T00:09:21.875+0000] {processor.py:743} INFO - Processing file /home/airflow/.local/lib/python3.7/site-packages/airflow/example_dags/example_trigger_controller_dag.py for tasks to queue
[2023-02-10T00:09:21.875+0000] {logging_mixin.py:137} INFO - [2023-02-10T00:09:21.875+0000] {dagbag.py:538} INFO - Filling up the DagBag from /home/airflow/.local/lib/python3.7/site-packages/airflow/example_dags/example_trigger_controller_dag.py
[2023-02-10T00:09:21.889+0000] {processor.py:753} INFO - DAG(s) dict_keys(['example_trigger_controller_dag']) retrieved from /home/airflow/.local/lib/python3.7/site-packages/airflow/example_dags/example_trigger_controller_dag.py
[2023-02-10T00:09:21.918+0000] {logging_mixin.py:137} INFO - [2023-02-10T00:09:21.918+0000] {dag.py:2690} INFO - Sync 1 DAGs
[2023-02-10T00:09:21.955+0000] {logging_mixin.py:137} INFO - [2023-02-10T00:09:21.955+0000] {dag.py:3441} INFO - Setting next_dagrun for example_trigger_controller_dag to 2021-01-01T00:00:00+00:00, run_after=2021-01-01T00:00:00+00:00
[2023-02-10T00:09:21.982+0000] {processor.py:175} INFO - Processing /home/airflow/.local/lib/python3.7/site-packages/airflow/example_dags/example_trigger_controller_dag.py took 0.112 seconds
[2023-02-10T00:09:52.149+0000] {processor.py:153} INFO - Started process (PID=3938) to work on /home/airflow/.local/lib/python3.7/site-packages/airflow/example_dags/example_trigger_controller_dag.py
[2023-02-10T00:09:52.150+0000] {processor.py:743} INFO - Processing file /home/airflow/.local/lib/python3.7/site-packages/airflow/example_dags/example_trigger_controller_dag.py for tasks to queue
[2023-02-10T00:09:52.151+0000] {logging_mixin.py:137} INFO - [2023-02-10T00:09:52.151+0000] {dagbag.py:538} INFO - Filling up the DagBag from /home/airflow/.local/lib/python3.7/site-packages/airflow/example_dags/example_trigger_controller_dag.py
[2023-02-10T00:09:52.164+0000] {processor.py:753} INFO - DAG(s) dict_keys(['example_trigger_controller_dag']) retrieved from /home/airflow/.local/lib/python3.7/site-packages/airflow/example_dags/example_trigger_controller_dag.py
[2023-02-10T00:09:52.194+0000] {logging_mixin.py:137} INFO - [2023-02-10T00:09:52.194+0000] {dag.py:2690} INFO - Sync 1 DAGs
[2023-02-10T00:09:52.228+0000] {logging_mixin.py:137} INFO - [2023-02-10T00:09:52.228+0000] {dag.py:3441} INFO - Setting next_dagrun for example_trigger_controller_dag to 2021-01-01T00:00:00+00:00, run_after=2021-01-01T00:00:00+00:00
[2023-02-10T00:09:52.253+0000] {processor.py:175} INFO - Processing /home/airflow/.local/lib/python3.7/site-packages/airflow/example_dags/example_trigger_controller_dag.py took 0.107 seconds
[2023-02-10T00:10:23.042+0000] {processor.py:153} INFO - Started process (PID=4016) to work on /home/airflow/.local/lib/python3.7/site-packages/airflow/example_dags/example_trigger_controller_dag.py
[2023-02-10T00:10:23.043+0000] {processor.py:743} INFO - Processing file /home/airflow/.local/lib/python3.7/site-packages/airflow/example_dags/example_trigger_controller_dag.py for tasks to queue
[2023-02-10T00:10:23.044+0000] {logging_mixin.py:137} INFO - [2023-02-10T00:10:23.044+0000] {dagbag.py:538} INFO - Filling up the DagBag from /home/airflow/.local/lib/python3.7/site-packages/airflow/example_dags/example_trigger_controller_dag.py
[2023-02-10T00:10:23.058+0000] {processor.py:753} INFO - DAG(s) dict_keys(['example_trigger_controller_dag']) retrieved from /home/airflow/.local/lib/python3.7/site-packages/airflow/example_dags/example_trigger_controller_dag.py
[2023-02-10T00:10:23.087+0000] {logging_mixin.py:137} INFO - [2023-02-10T00:10:23.087+0000] {dag.py:2690} INFO - Sync 1 DAGs
[2023-02-10T00:10:23.123+0000] {logging_mixin.py:137} INFO - [2023-02-10T00:10:23.123+0000] {dag.py:3441} INFO - Setting next_dagrun for example_trigger_controller_dag to 2021-01-01T00:00:00+00:00, run_after=2021-01-01T00:00:00+00:00
[2023-02-10T00:10:23.148+0000] {processor.py:175} INFO - Processing /home/airflow/.local/lib/python3.7/site-packages/airflow/example_dags/example_trigger_controller_dag.py took 0.111 seconds
[2023-02-10T00:10:53.692+0000] {processor.py:153} INFO - Started process (PID=4089) to work on /home/airflow/.local/lib/python3.7/site-packages/airflow/example_dags/example_trigger_controller_dag.py
[2023-02-10T00:10:53.693+0000] {processor.py:743} INFO - Processing file /home/airflow/.local/lib/python3.7/site-packages/airflow/example_dags/example_trigger_controller_dag.py for tasks to queue
[2023-02-10T00:10:53.694+0000] {logging_mixin.py:137} INFO - [2023-02-10T00:10:53.694+0000] {dagbag.py:538} INFO - Filling up the DagBag from /home/airflow/.local/lib/python3.7/site-packages/airflow/example_dags/example_trigger_controller_dag.py
[2023-02-10T00:10:53.707+0000] {processor.py:753} INFO - DAG(s) dict_keys(['example_trigger_controller_dag']) retrieved from /home/airflow/.local/lib/python3.7/site-packages/airflow/example_dags/example_trigger_controller_dag.py
[2023-02-10T00:10:53.742+0000] {logging_mixin.py:137} INFO - [2023-02-10T00:10:53.742+0000] {dag.py:2690} INFO - Sync 1 DAGs
[2023-02-10T00:10:53.781+0000] {logging_mixin.py:137} INFO - [2023-02-10T00:10:53.781+0000] {dag.py:3441} INFO - Setting next_dagrun for example_trigger_controller_dag to 2021-01-01T00:00:00+00:00, run_after=2021-01-01T00:00:00+00:00
[2023-02-10T00:10:53.808+0000] {processor.py:175} INFO - Processing /home/airflow/.local/lib/python3.7/site-packages/airflow/example_dags/example_trigger_controller_dag.py took 0.119 seconds
[2023-02-10T00:11:24.108+0000] {processor.py:153} INFO - Started process (PID=4156) to work on /home/airflow/.local/lib/python3.7/site-packages/airflow/example_dags/example_trigger_controller_dag.py
[2023-02-10T00:11:24.109+0000] {processor.py:743} INFO - Processing file /home/airflow/.local/lib/python3.7/site-packages/airflow/example_dags/example_trigger_controller_dag.py for tasks to queue
[2023-02-10T00:11:24.110+0000] {logging_mixin.py:137} INFO - [2023-02-10T00:11:24.110+0000] {dagbag.py:538} INFO - Filling up the DagBag from /home/airflow/.local/lib/python3.7/site-packages/airflow/example_dags/example_trigger_controller_dag.py
[2023-02-10T00:11:24.125+0000] {processor.py:753} INFO - DAG(s) dict_keys(['example_trigger_controller_dag']) retrieved from /home/airflow/.local/lib/python3.7/site-packages/airflow/example_dags/example_trigger_controller_dag.py
[2023-02-10T00:11:24.161+0000] {logging_mixin.py:137} INFO - [2023-02-10T00:11:24.160+0000] {dag.py:2690} INFO - Sync 1 DAGs
[2023-02-10T00:11:24.196+0000] {logging_mixin.py:137} INFO - [2023-02-10T00:11:24.196+0000] {dag.py:3441} INFO - Setting next_dagrun for example_trigger_controller_dag to 2021-01-01T00:00:00+00:00, run_after=2021-01-01T00:00:00+00:00
[2023-02-10T00:11:24.223+0000] {processor.py:175} INFO - Processing /home/airflow/.local/lib/python3.7/site-packages/airflow/example_dags/example_trigger_controller_dag.py took 0.119 seconds
[2023-02-10T00:11:54.623+0000] {processor.py:153} INFO - Started process (PID=4234) to work on /home/airflow/.local/lib/python3.7/site-packages/airflow/example_dags/example_trigger_controller_dag.py
[2023-02-10T00:11:54.624+0000] {processor.py:743} INFO - Processing file /home/airflow/.local/lib/python3.7/site-packages/airflow/example_dags/example_trigger_controller_dag.py for tasks to queue
[2023-02-10T00:11:54.625+0000] {logging_mixin.py:137} INFO - [2023-02-10T00:11:54.625+0000] {dagbag.py:538} INFO - Filling up the DagBag from /home/airflow/.local/lib/python3.7/site-packages/airflow/example_dags/example_trigger_controller_dag.py
[2023-02-10T00:11:54.639+0000] {processor.py:753} INFO - DAG(s) dict_keys(['example_trigger_controller_dag']) retrieved from /home/airflow/.local/lib/python3.7/site-packages/airflow/example_dags/example_trigger_controller_dag.py
[2023-02-10T00:11:54.676+0000] {logging_mixin.py:137} INFO - [2023-02-10T00:11:54.676+0000] {dag.py:2690} INFO - Sync 1 DAGs
[2023-02-10T00:11:54.713+0000] {logging_mixin.py:137} INFO - [2023-02-10T00:11:54.713+0000] {dag.py:3441} INFO - Setting next_dagrun for example_trigger_controller_dag to 2021-01-01T00:00:00+00:00, run_after=2021-01-01T00:00:00+00:00
[2023-02-10T00:11:54.748+0000] {processor.py:175} INFO - Processing /home/airflow/.local/lib/python3.7/site-packages/airflow/example_dags/example_trigger_controller_dag.py took 0.129 seconds
[2023-02-10T00:12:25.414+0000] {processor.py:153} INFO - Started process (PID=4307) to work on /home/airflow/.local/lib/python3.7/site-packages/airflow/example_dags/example_trigger_controller_dag.py
[2023-02-10T00:12:25.415+0000] {processor.py:743} INFO - Processing file /home/airflow/.local/lib/python3.7/site-packages/airflow/example_dags/example_trigger_controller_dag.py for tasks to queue
[2023-02-10T00:12:25.416+0000] {logging_mixin.py:137} INFO - [2023-02-10T00:12:25.415+0000] {dagbag.py:538} INFO - Filling up the DagBag from /home/airflow/.local/lib/python3.7/site-packages/airflow/example_dags/example_trigger_controller_dag.py
[2023-02-10T00:12:25.426+0000] {processor.py:753} INFO - DAG(s) dict_keys(['example_trigger_controller_dag']) retrieved from /home/airflow/.local/lib/python3.7/site-packages/airflow/example_dags/example_trigger_controller_dag.py
[2023-02-10T00:12:25.450+0000] {logging_mixin.py:137} INFO - [2023-02-10T00:12:25.450+0000] {dag.py:2690} INFO - Sync 1 DAGs
[2023-02-10T00:12:25.477+0000] {logging_mixin.py:137} INFO - [2023-02-10T00:12:25.477+0000] {dag.py:3441} INFO - Setting next_dagrun for example_trigger_controller_dag to 2021-01-01T00:00:00+00:00, run_after=2021-01-01T00:00:00+00:00
[2023-02-10T00:12:25.498+0000] {processor.py:175} INFO - Processing /home/airflow/.local/lib/python3.7/site-packages/airflow/example_dags/example_trigger_controller_dag.py took 0.087 seconds
[2023-02-10T00:12:55.712+0000] {processor.py:153} INFO - Started process (PID=4375) to work on /home/airflow/.local/lib/python3.7/site-packages/airflow/example_dags/example_trigger_controller_dag.py
[2023-02-10T00:12:55.713+0000] {processor.py:743} INFO - Processing file /home/airflow/.local/lib/python3.7/site-packages/airflow/example_dags/example_trigger_controller_dag.py for tasks to queue
[2023-02-10T00:12:55.714+0000] {logging_mixin.py:137} INFO - [2023-02-10T00:12:55.714+0000] {dagbag.py:538} INFO - Filling up the DagBag from /home/airflow/.local/lib/python3.7/site-packages/airflow/example_dags/example_trigger_controller_dag.py
[2023-02-10T00:12:55.726+0000] {processor.py:753} INFO - DAG(s) dict_keys(['example_trigger_controller_dag']) retrieved from /home/airflow/.local/lib/python3.7/site-packages/airflow/example_dags/example_trigger_controller_dag.py
[2023-02-10T00:12:55.755+0000] {logging_mixin.py:137} INFO - [2023-02-10T00:12:55.755+0000] {dag.py:2690} INFO - Sync 1 DAGs
[2023-02-10T00:12:55.791+0000] {logging_mixin.py:137} INFO - [2023-02-10T00:12:55.790+0000] {dag.py:3441} INFO - Setting next_dagrun for example_trigger_controller_dag to 2021-01-01T00:00:00+00:00, run_after=2021-01-01T00:00:00+00:00
[2023-02-10T00:12:55.817+0000] {processor.py:175} INFO - Processing /home/airflow/.local/lib/python3.7/site-packages/airflow/example_dags/example_trigger_controller_dag.py took 0.108 seconds
[2023-02-10T00:13:26.346+0000] {processor.py:153} INFO - Started process (PID=4442) to work on /home/airflow/.local/lib/python3.7/site-packages/airflow/example_dags/example_trigger_controller_dag.py
[2023-02-10T00:13:26.347+0000] {processor.py:743} INFO - Processing file /home/airflow/.local/lib/python3.7/site-packages/airflow/example_dags/example_trigger_controller_dag.py for tasks to queue
[2023-02-10T00:13:26.349+0000] {logging_mixin.py:137} INFO - [2023-02-10T00:13:26.349+0000] {dagbag.py:538} INFO - Filling up the DagBag from /home/airflow/.local/lib/python3.7/site-packages/airflow/example_dags/example_trigger_controller_dag.py
[2023-02-10T00:13:26.362+0000] {processor.py:753} INFO - DAG(s) dict_keys(['example_trigger_controller_dag']) retrieved from /home/airflow/.local/lib/python3.7/site-packages/airflow/example_dags/example_trigger_controller_dag.py
[2023-02-10T00:13:26.391+0000] {logging_mixin.py:137} INFO - [2023-02-10T00:13:26.391+0000] {dag.py:2690} INFO - Sync 1 DAGs
[2023-02-10T00:13:26.426+0000] {logging_mixin.py:137} INFO - [2023-02-10T00:13:26.426+0000] {dag.py:3441} INFO - Setting next_dagrun for example_trigger_controller_dag to 2021-01-01T00:00:00+00:00, run_after=2021-01-01T00:00:00+00:00
[2023-02-10T00:13:26.452+0000] {processor.py:175} INFO - Processing /home/airflow/.local/lib/python3.7/site-packages/airflow/example_dags/example_trigger_controller_dag.py took 0.108 seconds
