[2023-02-10T00:00:11.238+0000] {processor.py:153} INFO - Started process (PID=2562) to work on /home/airflow/.local/lib/python3.7/site-packages/airflow/example_dags/example_branch_datetime_operator.py
[2023-02-10T00:00:11.238+0000] {processor.py:743} INFO - Processing file /home/airflow/.local/lib/python3.7/site-packages/airflow/example_dags/example_branch_datetime_operator.py for tasks to queue
[2023-02-10T00:00:11.239+0000] {logging_mixin.py:137} INFO - [2023-02-10T00:00:11.239+0000] {dagbag.py:538} INFO - Filling up the DagBag from /home/airflow/.local/lib/python3.7/site-packages/airflow/example_dags/example_branch_datetime_operator.py
[2023-02-10T00:00:11.262+0000] {processor.py:753} INFO - DAG(s) dict_keys(['example_branch_datetime_operator', 'example_branch_datetime_operator_2', 'example_branch_datetime_operator_3']) retrieved from /home/airflow/.local/lib/python3.7/site-packages/airflow/example_dags/example_branch_datetime_operator.py
[2023-02-10T00:00:11.301+0000] {logging_mixin.py:137} INFO - [2023-02-10T00:00:11.300+0000] {dag.py:2690} INFO - Sync 3 DAGs
[2023-02-10T00:00:11.347+0000] {logging_mixin.py:137} INFO - [2023-02-10T00:00:11.346+0000] {dag.py:3441} INFO - Setting next_dagrun for example_branch_datetime_operator to 2023-02-09T00:00:00+00:00, run_after=2023-02-10T00:00:00+00:00
[2023-02-10T00:00:11.353+0000] {logging_mixin.py:137} INFO - [2023-02-10T00:00:11.353+0000] {dag.py:3441} INFO - Setting next_dagrun for example_branch_datetime_operator_2 to 2023-02-09T00:00:00+00:00, run_after=2023-02-10T00:00:00+00:00
[2023-02-10T00:00:11.357+0000] {logging_mixin.py:137} INFO - [2023-02-10T00:00:11.357+0000] {dag.py:3441} INFO - Setting next_dagrun for example_branch_datetime_operator_3 to 2023-02-09T00:00:00+00:00, run_after=2023-02-10T00:00:00+00:00
[2023-02-10T00:00:11.381+0000] {processor.py:175} INFO - Processing /home/airflow/.local/lib/python3.7/site-packages/airflow/example_dags/example_branch_datetime_operator.py took 0.147 seconds
[2023-02-10T00:00:42.000+0000] {processor.py:153} INFO - Started process (PID=2637) to work on /home/airflow/.local/lib/python3.7/site-packages/airflow/example_dags/example_branch_datetime_operator.py
[2023-02-10T00:00:42.000+0000] {processor.py:743} INFO - Processing file /home/airflow/.local/lib/python3.7/site-packages/airflow/example_dags/example_branch_datetime_operator.py for tasks to queue
[2023-02-10T00:00:42.001+0000] {logging_mixin.py:137} INFO - [2023-02-10T00:00:42.001+0000] {dagbag.py:538} INFO - Filling up the DagBag from /home/airflow/.local/lib/python3.7/site-packages/airflow/example_dags/example_branch_datetime_operator.py
[2023-02-10T00:00:42.025+0000] {processor.py:753} INFO - DAG(s) dict_keys(['example_branch_datetime_operator_3', 'example_branch_datetime_operator', 'example_branch_datetime_operator_2']) retrieved from /home/airflow/.local/lib/python3.7/site-packages/airflow/example_dags/example_branch_datetime_operator.py
[2023-02-10T00:00:42.066+0000] {logging_mixin.py:137} INFO - [2023-02-10T00:00:42.066+0000] {dag.py:2690} INFO - Sync 3 DAGs
[2023-02-10T00:00:42.112+0000] {logging_mixin.py:137} INFO - [2023-02-10T00:00:42.112+0000] {dag.py:3441} INFO - Setting next_dagrun for example_branch_datetime_operator to 2023-02-09T00:00:00+00:00, run_after=2023-02-10T00:00:00+00:00
[2023-02-10T00:00:42.119+0000] {logging_mixin.py:137} INFO - [2023-02-10T00:00:42.119+0000] {dag.py:3441} INFO - Setting next_dagrun for example_branch_datetime_operator_2 to 2023-02-09T00:00:00+00:00, run_after=2023-02-10T00:00:00+00:00
[2023-02-10T00:00:42.123+0000] {logging_mixin.py:137} INFO - [2023-02-10T00:00:42.123+0000] {dag.py:3441} INFO - Setting next_dagrun for example_branch_datetime_operator_3 to 2023-02-09T00:00:00+00:00, run_after=2023-02-10T00:00:00+00:00
[2023-02-10T00:00:42.150+0000] {processor.py:175} INFO - Processing /home/airflow/.local/lib/python3.7/site-packages/airflow/example_dags/example_branch_datetime_operator.py took 0.153 seconds
[2023-02-10T00:01:12.395+0000] {processor.py:153} INFO - Started process (PID=2708) to work on /home/airflow/.local/lib/python3.7/site-packages/airflow/example_dags/example_branch_datetime_operator.py
[2023-02-10T00:01:12.396+0000] {processor.py:743} INFO - Processing file /home/airflow/.local/lib/python3.7/site-packages/airflow/example_dags/example_branch_datetime_operator.py for tasks to queue
[2023-02-10T00:01:12.397+0000] {logging_mixin.py:137} INFO - [2023-02-10T00:01:12.397+0000] {dagbag.py:538} INFO - Filling up the DagBag from /home/airflow/.local/lib/python3.7/site-packages/airflow/example_dags/example_branch_datetime_operator.py
[2023-02-10T00:01:12.430+0000] {processor.py:753} INFO - DAG(s) dict_keys(['example_branch_datetime_operator', 'example_branch_datetime_operator_3', 'example_branch_datetime_operator_2']) retrieved from /home/airflow/.local/lib/python3.7/site-packages/airflow/example_dags/example_branch_datetime_operator.py
[2023-02-10T00:01:12.472+0000] {logging_mixin.py:137} INFO - [2023-02-10T00:01:12.472+0000] {dag.py:2690} INFO - Sync 3 DAGs
[2023-02-10T00:01:12.511+0000] {logging_mixin.py:137} INFO - [2023-02-10T00:01:12.511+0000] {dag.py:3441} INFO - Setting next_dagrun for example_branch_datetime_operator to 2023-02-09T00:00:00+00:00, run_after=2023-02-10T00:00:00+00:00
[2023-02-10T00:01:12.519+0000] {logging_mixin.py:137} INFO - [2023-02-10T00:01:12.519+0000] {dag.py:3441} INFO - Setting next_dagrun for example_branch_datetime_operator_2 to 2023-02-09T00:00:00+00:00, run_after=2023-02-10T00:00:00+00:00
[2023-02-10T00:01:12.523+0000] {logging_mixin.py:137} INFO - [2023-02-10T00:01:12.523+0000] {dag.py:3441} INFO - Setting next_dagrun for example_branch_datetime_operator_3 to 2023-02-09T00:00:00+00:00, run_after=2023-02-10T00:00:00+00:00
[2023-02-10T00:01:12.547+0000] {processor.py:175} INFO - Processing /home/airflow/.local/lib/python3.7/site-packages/airflow/example_dags/example_branch_datetime_operator.py took 0.157 seconds
[2023-02-10T00:01:42.969+0000] {processor.py:153} INFO - Started process (PID=2776) to work on /home/airflow/.local/lib/python3.7/site-packages/airflow/example_dags/example_branch_datetime_operator.py
[2023-02-10T00:01:42.970+0000] {processor.py:743} INFO - Processing file /home/airflow/.local/lib/python3.7/site-packages/airflow/example_dags/example_branch_datetime_operator.py for tasks to queue
[2023-02-10T00:01:42.971+0000] {logging_mixin.py:137} INFO - [2023-02-10T00:01:42.971+0000] {dagbag.py:538} INFO - Filling up the DagBag from /home/airflow/.local/lib/python3.7/site-packages/airflow/example_dags/example_branch_datetime_operator.py
[2023-02-10T00:01:42.995+0000] {processor.py:753} INFO - DAG(s) dict_keys(['example_branch_datetime_operator', 'example_branch_datetime_operator_3', 'example_branch_datetime_operator_2']) retrieved from /home/airflow/.local/lib/python3.7/site-packages/airflow/example_dags/example_branch_datetime_operator.py
[2023-02-10T00:01:43.045+0000] {logging_mixin.py:137} INFO - [2023-02-10T00:01:43.044+0000] {dag.py:2690} INFO - Sync 3 DAGs
[2023-02-10T00:01:43.092+0000] {logging_mixin.py:137} INFO - [2023-02-10T00:01:43.091+0000] {dag.py:3441} INFO - Setting next_dagrun for example_branch_datetime_operator to 2023-02-09T00:00:00+00:00, run_after=2023-02-10T00:00:00+00:00
[2023-02-10T00:01:43.099+0000] {logging_mixin.py:137} INFO - [2023-02-10T00:01:43.099+0000] {dag.py:3441} INFO - Setting next_dagrun for example_branch_datetime_operator_2 to 2023-02-09T00:00:00+00:00, run_after=2023-02-10T00:00:00+00:00
[2023-02-10T00:01:43.103+0000] {logging_mixin.py:137} INFO - [2023-02-10T00:01:43.103+0000] {dag.py:3441} INFO - Setting next_dagrun for example_branch_datetime_operator_3 to 2023-02-09T00:00:00+00:00, run_after=2023-02-10T00:00:00+00:00
[2023-02-10T00:01:43.136+0000] {processor.py:175} INFO - Processing /home/airflow/.local/lib/python3.7/site-packages/airflow/example_dags/example_branch_datetime_operator.py took 0.170 seconds
[2023-02-10T00:02:13.287+0000] {processor.py:153} INFO - Started process (PID=2843) to work on /home/airflow/.local/lib/python3.7/site-packages/airflow/example_dags/example_branch_datetime_operator.py
[2023-02-10T00:02:13.288+0000] {processor.py:743} INFO - Processing file /home/airflow/.local/lib/python3.7/site-packages/airflow/example_dags/example_branch_datetime_operator.py for tasks to queue
[2023-02-10T00:02:13.288+0000] {logging_mixin.py:137} INFO - [2023-02-10T00:02:13.288+0000] {dagbag.py:538} INFO - Filling up the DagBag from /home/airflow/.local/lib/python3.7/site-packages/airflow/example_dags/example_branch_datetime_operator.py
[2023-02-10T00:02:13.309+0000] {processor.py:753} INFO - DAG(s) dict_keys(['example_branch_datetime_operator', 'example_branch_datetime_operator_3', 'example_branch_datetime_operator_2']) retrieved from /home/airflow/.local/lib/python3.7/site-packages/airflow/example_dags/example_branch_datetime_operator.py
[2023-02-10T00:02:13.349+0000] {logging_mixin.py:137} INFO - [2023-02-10T00:02:13.349+0000] {dag.py:2690} INFO - Sync 3 DAGs
[2023-02-10T00:02:13.396+0000] {logging_mixin.py:137} INFO - [2023-02-10T00:02:13.396+0000] {dag.py:3441} INFO - Setting next_dagrun for example_branch_datetime_operator to 2023-02-09T00:00:00+00:00, run_after=2023-02-10T00:00:00+00:00
[2023-02-10T00:02:13.404+0000] {logging_mixin.py:137} INFO - [2023-02-10T00:02:13.404+0000] {dag.py:3441} INFO - Setting next_dagrun for example_branch_datetime_operator_2 to 2023-02-09T00:00:00+00:00, run_after=2023-02-10T00:00:00+00:00
[2023-02-10T00:02:13.408+0000] {logging_mixin.py:137} INFO - [2023-02-10T00:02:13.408+0000] {dag.py:3441} INFO - Setting next_dagrun for example_branch_datetime_operator_3 to 2023-02-09T00:00:00+00:00, run_after=2023-02-10T00:00:00+00:00
[2023-02-10T00:02:13.430+0000] {processor.py:175} INFO - Processing /home/airflow/.local/lib/python3.7/site-packages/airflow/example_dags/example_branch_datetime_operator.py took 0.147 seconds
[2023-02-10T00:02:43.908+0000] {processor.py:153} INFO - Started process (PID=2926) to work on /home/airflow/.local/lib/python3.7/site-packages/airflow/example_dags/example_branch_datetime_operator.py
[2023-02-10T00:02:43.908+0000] {processor.py:743} INFO - Processing file /home/airflow/.local/lib/python3.7/site-packages/airflow/example_dags/example_branch_datetime_operator.py for tasks to queue
[2023-02-10T00:02:43.909+0000] {logging_mixin.py:137} INFO - [2023-02-10T00:02:43.909+0000] {dagbag.py:538} INFO - Filling up the DagBag from /home/airflow/.local/lib/python3.7/site-packages/airflow/example_dags/example_branch_datetime_operator.py
[2023-02-10T00:02:43.929+0000] {processor.py:753} INFO - DAG(s) dict_keys(['example_branch_datetime_operator', 'example_branch_datetime_operator_3', 'example_branch_datetime_operator_2']) retrieved from /home/airflow/.local/lib/python3.7/site-packages/airflow/example_dags/example_branch_datetime_operator.py
[2023-02-10T00:02:43.966+0000] {logging_mixin.py:137} INFO - [2023-02-10T00:02:43.966+0000] {dag.py:2690} INFO - Sync 3 DAGs
[2023-02-10T00:02:44.005+0000] {logging_mixin.py:137} INFO - [2023-02-10T00:02:44.004+0000] {dag.py:3441} INFO - Setting next_dagrun for example_branch_datetime_operator to 2023-02-09T00:00:00+00:00, run_after=2023-02-10T00:00:00+00:00
[2023-02-10T00:02:44.012+0000] {logging_mixin.py:137} INFO - [2023-02-10T00:02:44.012+0000] {dag.py:3441} INFO - Setting next_dagrun for example_branch_datetime_operator_2 to 2023-02-09T00:00:00+00:00, run_after=2023-02-10T00:00:00+00:00
[2023-02-10T00:02:44.016+0000] {logging_mixin.py:137} INFO - [2023-02-10T00:02:44.015+0000] {dag.py:3441} INFO - Setting next_dagrun for example_branch_datetime_operator_3 to 2023-02-09T00:00:00+00:00, run_after=2023-02-10T00:00:00+00:00
[2023-02-10T00:02:44.040+0000] {processor.py:175} INFO - Processing /home/airflow/.local/lib/python3.7/site-packages/airflow/example_dags/example_branch_datetime_operator.py took 0.136 seconds
[2023-02-10T00:03:14.348+0000] {processor.py:153} INFO - Started process (PID=2995) to work on /home/airflow/.local/lib/python3.7/site-packages/airflow/example_dags/example_branch_datetime_operator.py
[2023-02-10T00:03:14.348+0000] {processor.py:743} INFO - Processing file /home/airflow/.local/lib/python3.7/site-packages/airflow/example_dags/example_branch_datetime_operator.py for tasks to queue
[2023-02-10T00:03:14.349+0000] {logging_mixin.py:137} INFO - [2023-02-10T00:03:14.349+0000] {dagbag.py:538} INFO - Filling up the DagBag from /home/airflow/.local/lib/python3.7/site-packages/airflow/example_dags/example_branch_datetime_operator.py
[2023-02-10T00:03:14.370+0000] {processor.py:753} INFO - DAG(s) dict_keys(['example_branch_datetime_operator_3', 'example_branch_datetime_operator_2', 'example_branch_datetime_operator']) retrieved from /home/airflow/.local/lib/python3.7/site-packages/airflow/example_dags/example_branch_datetime_operator.py
[2023-02-10T00:03:14.412+0000] {logging_mixin.py:137} INFO - [2023-02-10T00:03:14.411+0000] {dag.py:2690} INFO - Sync 3 DAGs
[2023-02-10T00:03:14.450+0000] {logging_mixin.py:137} INFO - [2023-02-10T00:03:14.449+0000] {dag.py:3441} INFO - Setting next_dagrun for example_branch_datetime_operator to 2023-02-09T00:00:00+00:00, run_after=2023-02-10T00:00:00+00:00
[2023-02-10T00:03:14.456+0000] {logging_mixin.py:137} INFO - [2023-02-10T00:03:14.456+0000] {dag.py:3441} INFO - Setting next_dagrun for example_branch_datetime_operator_2 to 2023-02-09T00:00:00+00:00, run_after=2023-02-10T00:00:00+00:00
[2023-02-10T00:03:14.460+0000] {logging_mixin.py:137} INFO - [2023-02-10T00:03:14.460+0000] {dag.py:3441} INFO - Setting next_dagrun for example_branch_datetime_operator_3 to 2023-02-09T00:00:00+00:00, run_after=2023-02-10T00:00:00+00:00
[2023-02-10T00:03:14.483+0000] {processor.py:175} INFO - Processing /home/airflow/.local/lib/python3.7/site-packages/airflow/example_dags/example_branch_datetime_operator.py took 0.139 seconds
[2023-02-10T00:03:44.675+0000] {processor.py:153} INFO - Started process (PID=3063) to work on /home/airflow/.local/lib/python3.7/site-packages/airflow/example_dags/example_branch_datetime_operator.py
[2023-02-10T00:03:44.676+0000] {processor.py:743} INFO - Processing file /home/airflow/.local/lib/python3.7/site-packages/airflow/example_dags/example_branch_datetime_operator.py for tasks to queue
[2023-02-10T00:03:44.676+0000] {logging_mixin.py:137} INFO - [2023-02-10T00:03:44.676+0000] {dagbag.py:538} INFO - Filling up the DagBag from /home/airflow/.local/lib/python3.7/site-packages/airflow/example_dags/example_branch_datetime_operator.py
[2023-02-10T00:03:44.699+0000] {processor.py:753} INFO - DAG(s) dict_keys(['example_branch_datetime_operator_2', 'example_branch_datetime_operator', 'example_branch_datetime_operator_3']) retrieved from /home/airflow/.local/lib/python3.7/site-packages/airflow/example_dags/example_branch_datetime_operator.py
[2023-02-10T00:03:44.744+0000] {logging_mixin.py:137} INFO - [2023-02-10T00:03:44.744+0000] {dag.py:2690} INFO - Sync 3 DAGs
[2023-02-10T00:03:44.782+0000] {logging_mixin.py:137} INFO - [2023-02-10T00:03:44.782+0000] {dag.py:3441} INFO - Setting next_dagrun for example_branch_datetime_operator to 2023-02-09T00:00:00+00:00, run_after=2023-02-10T00:00:00+00:00
[2023-02-10T00:03:44.789+0000] {logging_mixin.py:137} INFO - [2023-02-10T00:03:44.789+0000] {dag.py:3441} INFO - Setting next_dagrun for example_branch_datetime_operator_2 to 2023-02-09T00:00:00+00:00, run_after=2023-02-10T00:00:00+00:00
[2023-02-10T00:03:44.794+0000] {logging_mixin.py:137} INFO - [2023-02-10T00:03:44.793+0000] {dag.py:3441} INFO - Setting next_dagrun for example_branch_datetime_operator_3 to 2023-02-09T00:00:00+00:00, run_after=2023-02-10T00:00:00+00:00
[2023-02-10T00:03:44.819+0000] {processor.py:175} INFO - Processing /home/airflow/.local/lib/python3.7/site-packages/airflow/example_dags/example_branch_datetime_operator.py took 0.148 seconds
[2023-02-10T00:04:15.113+0000] {processor.py:153} INFO - Started process (PID=3145) to work on /home/airflow/.local/lib/python3.7/site-packages/airflow/example_dags/example_branch_datetime_operator.py
[2023-02-10T00:04:15.114+0000] {processor.py:743} INFO - Processing file /home/airflow/.local/lib/python3.7/site-packages/airflow/example_dags/example_branch_datetime_operator.py for tasks to queue
[2023-02-10T00:04:15.115+0000] {logging_mixin.py:137} INFO - [2023-02-10T00:04:15.114+0000] {dagbag.py:538} INFO - Filling up the DagBag from /home/airflow/.local/lib/python3.7/site-packages/airflow/example_dags/example_branch_datetime_operator.py
[2023-02-10T00:04:15.138+0000] {processor.py:753} INFO - DAG(s) dict_keys(['example_branch_datetime_operator_2', 'example_branch_datetime_operator_3', 'example_branch_datetime_operator']) retrieved from /home/airflow/.local/lib/python3.7/site-packages/airflow/example_dags/example_branch_datetime_operator.py
[2023-02-10T00:04:15.180+0000] {logging_mixin.py:137} INFO - [2023-02-10T00:04:15.180+0000] {dag.py:2690} INFO - Sync 3 DAGs
[2023-02-10T00:04:15.220+0000] {logging_mixin.py:137} INFO - [2023-02-10T00:04:15.220+0000] {dag.py:3441} INFO - Setting next_dagrun for example_branch_datetime_operator to 2023-02-09T00:00:00+00:00, run_after=2023-02-10T00:00:00+00:00
[2023-02-10T00:04:15.227+0000] {logging_mixin.py:137} INFO - [2023-02-10T00:04:15.227+0000] {dag.py:3441} INFO - Setting next_dagrun for example_branch_datetime_operator_2 to 2023-02-09T00:00:00+00:00, run_after=2023-02-10T00:00:00+00:00
[2023-02-10T00:04:15.231+0000] {logging_mixin.py:137} INFO - [2023-02-10T00:04:15.231+0000] {dag.py:3441} INFO - Setting next_dagrun for example_branch_datetime_operator_3 to 2023-02-09T00:00:00+00:00, run_after=2023-02-10T00:00:00+00:00
[2023-02-10T00:04:15.256+0000] {processor.py:175} INFO - Processing /home/airflow/.local/lib/python3.7/site-packages/airflow/example_dags/example_branch_datetime_operator.py took 0.147 seconds
[2023-02-10T00:04:45.885+0000] {processor.py:153} INFO - Started process (PID=3213) to work on /home/airflow/.local/lib/python3.7/site-packages/airflow/example_dags/example_branch_datetime_operator.py
[2023-02-10T00:04:45.886+0000] {processor.py:743} INFO - Processing file /home/airflow/.local/lib/python3.7/site-packages/airflow/example_dags/example_branch_datetime_operator.py for tasks to queue
[2023-02-10T00:04:45.886+0000] {logging_mixin.py:137} INFO - [2023-02-10T00:04:45.886+0000] {dagbag.py:538} INFO - Filling up the DagBag from /home/airflow/.local/lib/python3.7/site-packages/airflow/example_dags/example_branch_datetime_operator.py
[2023-02-10T00:04:45.906+0000] {processor.py:753} INFO - DAG(s) dict_keys(['example_branch_datetime_operator_2', 'example_branch_datetime_operator_3', 'example_branch_datetime_operator']) retrieved from /home/airflow/.local/lib/python3.7/site-packages/airflow/example_dags/example_branch_datetime_operator.py
[2023-02-10T00:04:45.944+0000] {logging_mixin.py:137} INFO - [2023-02-10T00:04:45.944+0000] {dag.py:2690} INFO - Sync 3 DAGs
[2023-02-10T00:04:45.981+0000] {logging_mixin.py:137} INFO - [2023-02-10T00:04:45.980+0000] {dag.py:3441} INFO - Setting next_dagrun for example_branch_datetime_operator to 2023-02-09T00:00:00+00:00, run_after=2023-02-10T00:00:00+00:00
[2023-02-10T00:04:45.987+0000] {logging_mixin.py:137} INFO - [2023-02-10T00:04:45.987+0000] {dag.py:3441} INFO - Setting next_dagrun for example_branch_datetime_operator_2 to 2023-02-09T00:00:00+00:00, run_after=2023-02-10T00:00:00+00:00
[2023-02-10T00:04:45.991+0000] {logging_mixin.py:137} INFO - [2023-02-10T00:04:45.991+0000] {dag.py:3441} INFO - Setting next_dagrun for example_branch_datetime_operator_3 to 2023-02-09T00:00:00+00:00, run_after=2023-02-10T00:00:00+00:00
[2023-02-10T00:04:46.018+0000] {processor.py:175} INFO - Processing /home/airflow/.local/lib/python3.7/site-packages/airflow/example_dags/example_branch_datetime_operator.py took 0.137 seconds
[2023-02-10T00:05:16.417+0000] {processor.py:153} INFO - Started process (PID=3279) to work on /home/airflow/.local/lib/python3.7/site-packages/airflow/example_dags/example_branch_datetime_operator.py
[2023-02-10T00:05:16.418+0000] {processor.py:743} INFO - Processing file /home/airflow/.local/lib/python3.7/site-packages/airflow/example_dags/example_branch_datetime_operator.py for tasks to queue
[2023-02-10T00:05:16.418+0000] {logging_mixin.py:137} INFO - [2023-02-10T00:05:16.418+0000] {dagbag.py:538} INFO - Filling up the DagBag from /home/airflow/.local/lib/python3.7/site-packages/airflow/example_dags/example_branch_datetime_operator.py
[2023-02-10T00:05:16.440+0000] {processor.py:753} INFO - DAG(s) dict_keys(['example_branch_datetime_operator', 'example_branch_datetime_operator_2', 'example_branch_datetime_operator_3']) retrieved from /home/airflow/.local/lib/python3.7/site-packages/airflow/example_dags/example_branch_datetime_operator.py
[2023-02-10T00:05:16.478+0000] {logging_mixin.py:137} INFO - [2023-02-10T00:05:16.478+0000] {dag.py:2690} INFO - Sync 3 DAGs
[2023-02-10T00:05:16.517+0000] {logging_mixin.py:137} INFO - [2023-02-10T00:05:16.517+0000] {dag.py:3441} INFO - Setting next_dagrun for example_branch_datetime_operator to 2023-02-09T00:00:00+00:00, run_after=2023-02-10T00:00:00+00:00
[2023-02-10T00:05:16.524+0000] {logging_mixin.py:137} INFO - [2023-02-10T00:05:16.524+0000] {dag.py:3441} INFO - Setting next_dagrun for example_branch_datetime_operator_2 to 2023-02-09T00:00:00+00:00, run_after=2023-02-10T00:00:00+00:00
[2023-02-10T00:05:16.528+0000] {logging_mixin.py:137} INFO - [2023-02-10T00:05:16.527+0000] {dag.py:3441} INFO - Setting next_dagrun for example_branch_datetime_operator_3 to 2023-02-09T00:00:00+00:00, run_after=2023-02-10T00:00:00+00:00
[2023-02-10T00:05:16.555+0000] {processor.py:175} INFO - Processing /home/airflow/.local/lib/python3.7/site-packages/airflow/example_dags/example_branch_datetime_operator.py took 0.142 seconds
[2023-02-10T00:05:47.345+0000] {processor.py:153} INFO - Started process (PID=3363) to work on /home/airflow/.local/lib/python3.7/site-packages/airflow/example_dags/example_branch_datetime_operator.py
[2023-02-10T00:05:47.346+0000] {processor.py:743} INFO - Processing file /home/airflow/.local/lib/python3.7/site-packages/airflow/example_dags/example_branch_datetime_operator.py for tasks to queue
[2023-02-10T00:05:47.347+0000] {logging_mixin.py:137} INFO - [2023-02-10T00:05:47.347+0000] {dagbag.py:538} INFO - Filling up the DagBag from /home/airflow/.local/lib/python3.7/site-packages/airflow/example_dags/example_branch_datetime_operator.py
[2023-02-10T00:05:47.367+0000] {processor.py:753} INFO - DAG(s) dict_keys(['example_branch_datetime_operator', 'example_branch_datetime_operator_3', 'example_branch_datetime_operator_2']) retrieved from /home/airflow/.local/lib/python3.7/site-packages/airflow/example_dags/example_branch_datetime_operator.py
[2023-02-10T00:05:47.407+0000] {logging_mixin.py:137} INFO - [2023-02-10T00:05:47.406+0000] {dag.py:2690} INFO - Sync 3 DAGs
[2023-02-10T00:05:47.444+0000] {logging_mixin.py:137} INFO - [2023-02-10T00:05:47.444+0000] {dag.py:3441} INFO - Setting next_dagrun for example_branch_datetime_operator to 2023-02-09T00:00:00+00:00, run_after=2023-02-10T00:00:00+00:00
[2023-02-10T00:05:47.451+0000] {logging_mixin.py:137} INFO - [2023-02-10T00:05:47.451+0000] {dag.py:3441} INFO - Setting next_dagrun for example_branch_datetime_operator_2 to 2023-02-09T00:00:00+00:00, run_after=2023-02-10T00:00:00+00:00
[2023-02-10T00:05:47.455+0000] {logging_mixin.py:137} INFO - [2023-02-10T00:05:47.454+0000] {dag.py:3441} INFO - Setting next_dagrun for example_branch_datetime_operator_3 to 2023-02-09T00:00:00+00:00, run_after=2023-02-10T00:00:00+00:00
[2023-02-10T00:05:47.477+0000] {processor.py:175} INFO - Processing /home/airflow/.local/lib/python3.7/site-packages/airflow/example_dags/example_branch_datetime_operator.py took 0.135 seconds
[2023-02-10T00:06:18.126+0000] {processor.py:153} INFO - Started process (PID=3432) to work on /home/airflow/.local/lib/python3.7/site-packages/airflow/example_dags/example_branch_datetime_operator.py
[2023-02-10T00:06:18.127+0000] {processor.py:743} INFO - Processing file /home/airflow/.local/lib/python3.7/site-packages/airflow/example_dags/example_branch_datetime_operator.py for tasks to queue
[2023-02-10T00:06:18.127+0000] {logging_mixin.py:137} INFO - [2023-02-10T00:06:18.127+0000] {dagbag.py:538} INFO - Filling up the DagBag from /home/airflow/.local/lib/python3.7/site-packages/airflow/example_dags/example_branch_datetime_operator.py
[2023-02-10T00:06:18.148+0000] {processor.py:753} INFO - DAG(s) dict_keys(['example_branch_datetime_operator_2', 'example_branch_datetime_operator', 'example_branch_datetime_operator_3']) retrieved from /home/airflow/.local/lib/python3.7/site-packages/airflow/example_dags/example_branch_datetime_operator.py
[2023-02-10T00:06:18.189+0000] {logging_mixin.py:137} INFO - [2023-02-10T00:06:18.189+0000] {dag.py:2690} INFO - Sync 3 DAGs
[2023-02-10T00:06:18.227+0000] {logging_mixin.py:137} INFO - [2023-02-10T00:06:18.227+0000] {dag.py:3441} INFO - Setting next_dagrun for example_branch_datetime_operator to 2023-02-09T00:00:00+00:00, run_after=2023-02-10T00:00:00+00:00
[2023-02-10T00:06:18.234+0000] {logging_mixin.py:137} INFO - [2023-02-10T00:06:18.234+0000] {dag.py:3441} INFO - Setting next_dagrun for example_branch_datetime_operator_2 to 2023-02-09T00:00:00+00:00, run_after=2023-02-10T00:00:00+00:00
[2023-02-10T00:06:18.238+0000] {logging_mixin.py:137} INFO - [2023-02-10T00:06:18.238+0000] {dag.py:3441} INFO - Setting next_dagrun for example_branch_datetime_operator_3 to 2023-02-09T00:00:00+00:00, run_after=2023-02-10T00:00:00+00:00
[2023-02-10T00:06:18.273+0000] {processor.py:175} INFO - Processing /home/airflow/.local/lib/python3.7/site-packages/airflow/example_dags/example_branch_datetime_operator.py took 0.151 seconds
[2023-02-10T00:06:48.775+0000] {processor.py:153} INFO - Started process (PID=3501) to work on /home/airflow/.local/lib/python3.7/site-packages/airflow/example_dags/example_branch_datetime_operator.py
[2023-02-10T00:06:48.776+0000] {processor.py:743} INFO - Processing file /home/airflow/.local/lib/python3.7/site-packages/airflow/example_dags/example_branch_datetime_operator.py for tasks to queue
[2023-02-10T00:06:48.777+0000] {logging_mixin.py:137} INFO - [2023-02-10T00:06:48.777+0000] {dagbag.py:538} INFO - Filling up the DagBag from /home/airflow/.local/lib/python3.7/site-packages/airflow/example_dags/example_branch_datetime_operator.py
[2023-02-10T00:06:48.797+0000] {processor.py:753} INFO - DAG(s) dict_keys(['example_branch_datetime_operator_2', 'example_branch_datetime_operator', 'example_branch_datetime_operator_3']) retrieved from /home/airflow/.local/lib/python3.7/site-packages/airflow/example_dags/example_branch_datetime_operator.py
[2023-02-10T00:06:48.834+0000] {logging_mixin.py:137} INFO - [2023-02-10T00:06:48.834+0000] {dag.py:2690} INFO - Sync 3 DAGs
[2023-02-10T00:06:48.871+0000] {logging_mixin.py:137} INFO - [2023-02-10T00:06:48.871+0000] {dag.py:3441} INFO - Setting next_dagrun for example_branch_datetime_operator to 2023-02-09T00:00:00+00:00, run_after=2023-02-10T00:00:00+00:00
[2023-02-10T00:06:48.879+0000] {logging_mixin.py:137} INFO - [2023-02-10T00:06:48.879+0000] {dag.py:3441} INFO - Setting next_dagrun for example_branch_datetime_operator_2 to 2023-02-09T00:00:00+00:00, run_after=2023-02-10T00:00:00+00:00
[2023-02-10T00:06:48.883+0000] {logging_mixin.py:137} INFO - [2023-02-10T00:06:48.883+0000] {dag.py:3441} INFO - Setting next_dagrun for example_branch_datetime_operator_3 to 2023-02-09T00:00:00+00:00, run_after=2023-02-10T00:00:00+00:00
[2023-02-10T00:06:48.907+0000] {processor.py:175} INFO - Processing /home/airflow/.local/lib/python3.7/site-packages/airflow/example_dags/example_branch_datetime_operator.py took 0.135 seconds
[2023-02-10T00:07:19.834+0000] {processor.py:153} INFO - Started process (PID=3584) to work on /home/airflow/.local/lib/python3.7/site-packages/airflow/example_dags/example_branch_datetime_operator.py
[2023-02-10T00:07:19.835+0000] {processor.py:743} INFO - Processing file /home/airflow/.local/lib/python3.7/site-packages/airflow/example_dags/example_branch_datetime_operator.py for tasks to queue
[2023-02-10T00:07:19.835+0000] {logging_mixin.py:137} INFO - [2023-02-10T00:07:19.835+0000] {dagbag.py:538} INFO - Filling up the DagBag from /home/airflow/.local/lib/python3.7/site-packages/airflow/example_dags/example_branch_datetime_operator.py
[2023-02-10T00:07:19.856+0000] {processor.py:753} INFO - DAG(s) dict_keys(['example_branch_datetime_operator_2', 'example_branch_datetime_operator', 'example_branch_datetime_operator_3']) retrieved from /home/airflow/.local/lib/python3.7/site-packages/airflow/example_dags/example_branch_datetime_operator.py
[2023-02-10T00:07:19.896+0000] {logging_mixin.py:137} INFO - [2023-02-10T00:07:19.895+0000] {dag.py:2690} INFO - Sync 3 DAGs
[2023-02-10T00:07:19.934+0000] {logging_mixin.py:137} INFO - [2023-02-10T00:07:19.934+0000] {dag.py:3441} INFO - Setting next_dagrun for example_branch_datetime_operator to 2023-02-09T00:00:00+00:00, run_after=2023-02-10T00:00:00+00:00
[2023-02-10T00:07:19.941+0000] {logging_mixin.py:137} INFO - [2023-02-10T00:07:19.940+0000] {dag.py:3441} INFO - Setting next_dagrun for example_branch_datetime_operator_2 to 2023-02-09T00:00:00+00:00, run_after=2023-02-10T00:00:00+00:00
[2023-02-10T00:07:19.944+0000] {logging_mixin.py:137} INFO - [2023-02-10T00:07:19.944+0000] {dag.py:3441} INFO - Setting next_dagrun for example_branch_datetime_operator_3 to 2023-02-09T00:00:00+00:00, run_after=2023-02-10T00:00:00+00:00
[2023-02-10T00:07:19.967+0000] {processor.py:175} INFO - Processing /home/airflow/.local/lib/python3.7/site-packages/airflow/example_dags/example_branch_datetime_operator.py took 0.136 seconds
[2023-02-10T00:07:50.067+0000] {processor.py:153} INFO - Started process (PID=3652) to work on /home/airflow/.local/lib/python3.7/site-packages/airflow/example_dags/example_branch_datetime_operator.py
[2023-02-10T00:07:50.068+0000] {processor.py:743} INFO - Processing file /home/airflow/.local/lib/python3.7/site-packages/airflow/example_dags/example_branch_datetime_operator.py for tasks to queue
[2023-02-10T00:07:50.068+0000] {logging_mixin.py:137} INFO - [2023-02-10T00:07:50.068+0000] {dagbag.py:538} INFO - Filling up the DagBag from /home/airflow/.local/lib/python3.7/site-packages/airflow/example_dags/example_branch_datetime_operator.py
[2023-02-10T00:07:50.089+0000] {processor.py:753} INFO - DAG(s) dict_keys(['example_branch_datetime_operator', 'example_branch_datetime_operator_2', 'example_branch_datetime_operator_3']) retrieved from /home/airflow/.local/lib/python3.7/site-packages/airflow/example_dags/example_branch_datetime_operator.py
[2023-02-10T00:07:50.132+0000] {logging_mixin.py:137} INFO - [2023-02-10T00:07:50.132+0000] {dag.py:2690} INFO - Sync 3 DAGs
[2023-02-10T00:07:50.170+0000] {logging_mixin.py:137} INFO - [2023-02-10T00:07:50.170+0000] {dag.py:3441} INFO - Setting next_dagrun for example_branch_datetime_operator to 2023-02-09T00:00:00+00:00, run_after=2023-02-10T00:00:00+00:00
[2023-02-10T00:07:50.178+0000] {logging_mixin.py:137} INFO - [2023-02-10T00:07:50.177+0000] {dag.py:3441} INFO - Setting next_dagrun for example_branch_datetime_operator_2 to 2023-02-09T00:00:00+00:00, run_after=2023-02-10T00:00:00+00:00
[2023-02-10T00:07:50.182+0000] {logging_mixin.py:137} INFO - [2023-02-10T00:07:50.181+0000] {dag.py:3441} INFO - Setting next_dagrun for example_branch_datetime_operator_3 to 2023-02-09T00:00:00+00:00, run_after=2023-02-10T00:00:00+00:00
[2023-02-10T00:07:50.207+0000] {processor.py:175} INFO - Processing /home/airflow/.local/lib/python3.7/site-packages/airflow/example_dags/example_branch_datetime_operator.py took 0.144 seconds
[2023-02-10T00:08:20.571+0000] {processor.py:153} INFO - Started process (PID=3721) to work on /home/airflow/.local/lib/python3.7/site-packages/airflow/example_dags/example_branch_datetime_operator.py
[2023-02-10T00:08:20.572+0000] {processor.py:743} INFO - Processing file /home/airflow/.local/lib/python3.7/site-packages/airflow/example_dags/example_branch_datetime_operator.py for tasks to queue
[2023-02-10T00:08:20.573+0000] {logging_mixin.py:137} INFO - [2023-02-10T00:08:20.572+0000] {dagbag.py:538} INFO - Filling up the DagBag from /home/airflow/.local/lib/python3.7/site-packages/airflow/example_dags/example_branch_datetime_operator.py
[2023-02-10T00:08:20.594+0000] {processor.py:753} INFO - DAG(s) dict_keys(['example_branch_datetime_operator_2', 'example_branch_datetime_operator', 'example_branch_datetime_operator_3']) retrieved from /home/airflow/.local/lib/python3.7/site-packages/airflow/example_dags/example_branch_datetime_operator.py
[2023-02-10T00:08:20.634+0000] {logging_mixin.py:137} INFO - [2023-02-10T00:08:20.634+0000] {dag.py:2690} INFO - Sync 3 DAGs
[2023-02-10T00:08:20.671+0000] {logging_mixin.py:137} INFO - [2023-02-10T00:08:20.671+0000] {dag.py:3441} INFO - Setting next_dagrun for example_branch_datetime_operator to 2023-02-09T00:00:00+00:00, run_after=2023-02-10T00:00:00+00:00
[2023-02-10T00:08:20.678+0000] {logging_mixin.py:137} INFO - [2023-02-10T00:08:20.678+0000] {dag.py:3441} INFO - Setting next_dagrun for example_branch_datetime_operator_2 to 2023-02-09T00:00:00+00:00, run_after=2023-02-10T00:00:00+00:00
[2023-02-10T00:08:20.682+0000] {logging_mixin.py:137} INFO - [2023-02-10T00:08:20.682+0000] {dag.py:3441} INFO - Setting next_dagrun for example_branch_datetime_operator_3 to 2023-02-09T00:00:00+00:00, run_after=2023-02-10T00:00:00+00:00
[2023-02-10T00:08:20.705+0000] {processor.py:175} INFO - Processing /home/airflow/.local/lib/python3.7/site-packages/airflow/example_dags/example_branch_datetime_operator.py took 0.137 seconds
[2023-02-10T00:08:51.235+0000] {processor.py:153} INFO - Started process (PID=3802) to work on /home/airflow/.local/lib/python3.7/site-packages/airflow/example_dags/example_branch_datetime_operator.py
[2023-02-10T00:08:51.235+0000] {processor.py:743} INFO - Processing file /home/airflow/.local/lib/python3.7/site-packages/airflow/example_dags/example_branch_datetime_operator.py for tasks to queue
[2023-02-10T00:08:51.237+0000] {logging_mixin.py:137} INFO - [2023-02-10T00:08:51.236+0000] {dagbag.py:538} INFO - Filling up the DagBag from /home/airflow/.local/lib/python3.7/site-packages/airflow/example_dags/example_branch_datetime_operator.py
[2023-02-10T00:08:51.261+0000] {processor.py:753} INFO - DAG(s) dict_keys(['example_branch_datetime_operator_2', 'example_branch_datetime_operator_3', 'example_branch_datetime_operator']) retrieved from /home/airflow/.local/lib/python3.7/site-packages/airflow/example_dags/example_branch_datetime_operator.py
[2023-02-10T00:08:51.304+0000] {logging_mixin.py:137} INFO - [2023-02-10T00:08:51.303+0000] {dag.py:2690} INFO - Sync 3 DAGs
[2023-02-10T00:08:51.346+0000] {logging_mixin.py:137} INFO - [2023-02-10T00:08:51.346+0000] {dag.py:3441} INFO - Setting next_dagrun for example_branch_datetime_operator to 2023-02-09T00:00:00+00:00, run_after=2023-02-10T00:00:00+00:00
[2023-02-10T00:08:51.353+0000] {logging_mixin.py:137} INFO - [2023-02-10T00:08:51.353+0000] {dag.py:3441} INFO - Setting next_dagrun for example_branch_datetime_operator_2 to 2023-02-09T00:00:00+00:00, run_after=2023-02-10T00:00:00+00:00
[2023-02-10T00:08:51.357+0000] {logging_mixin.py:137} INFO - [2023-02-10T00:08:51.357+0000] {dag.py:3441} INFO - Setting next_dagrun for example_branch_datetime_operator_3 to 2023-02-09T00:00:00+00:00, run_after=2023-02-10T00:00:00+00:00
[2023-02-10T00:08:51.382+0000] {processor.py:175} INFO - Processing /home/airflow/.local/lib/python3.7/site-packages/airflow/example_dags/example_branch_datetime_operator.py took 0.150 seconds
[2023-02-10T00:09:21.771+0000] {processor.py:153} INFO - Started process (PID=3870) to work on /home/airflow/.local/lib/python3.7/site-packages/airflow/example_dags/example_branch_datetime_operator.py
[2023-02-10T00:09:21.771+0000] {processor.py:743} INFO - Processing file /home/airflow/.local/lib/python3.7/site-packages/airflow/example_dags/example_branch_datetime_operator.py for tasks to queue
[2023-02-10T00:09:21.772+0000] {logging_mixin.py:137} INFO - [2023-02-10T00:09:21.772+0000] {dagbag.py:538} INFO - Filling up the DagBag from /home/airflow/.local/lib/python3.7/site-packages/airflow/example_dags/example_branch_datetime_operator.py
[2023-02-10T00:09:21.795+0000] {processor.py:753} INFO - DAG(s) dict_keys(['example_branch_datetime_operator', 'example_branch_datetime_operator_2', 'example_branch_datetime_operator_3']) retrieved from /home/airflow/.local/lib/python3.7/site-packages/airflow/example_dags/example_branch_datetime_operator.py
[2023-02-10T00:09:21.835+0000] {logging_mixin.py:137} INFO - [2023-02-10T00:09:21.834+0000] {dag.py:2690} INFO - Sync 3 DAGs
[2023-02-10T00:09:21.874+0000] {logging_mixin.py:137} INFO - [2023-02-10T00:09:21.874+0000] {dag.py:3441} INFO - Setting next_dagrun for example_branch_datetime_operator to 2023-02-09T00:00:00+00:00, run_after=2023-02-10T00:00:00+00:00
[2023-02-10T00:09:21.882+0000] {logging_mixin.py:137} INFO - [2023-02-10T00:09:21.882+0000] {dag.py:3441} INFO - Setting next_dagrun for example_branch_datetime_operator_2 to 2023-02-09T00:00:00+00:00, run_after=2023-02-10T00:00:00+00:00
[2023-02-10T00:09:21.886+0000] {logging_mixin.py:137} INFO - [2023-02-10T00:09:21.886+0000] {dag.py:3441} INFO - Setting next_dagrun for example_branch_datetime_operator_3 to 2023-02-09T00:00:00+00:00, run_after=2023-02-10T00:00:00+00:00
[2023-02-10T00:09:21.912+0000] {processor.py:175} INFO - Processing /home/airflow/.local/lib/python3.7/site-packages/airflow/example_dags/example_branch_datetime_operator.py took 0.145 seconds
[2023-02-10T00:09:52.057+0000] {processor.py:153} INFO - Started process (PID=3937) to work on /home/airflow/.local/lib/python3.7/site-packages/airflow/example_dags/example_branch_datetime_operator.py
[2023-02-10T00:09:52.058+0000] {processor.py:743} INFO - Processing file /home/airflow/.local/lib/python3.7/site-packages/airflow/example_dags/example_branch_datetime_operator.py for tasks to queue
[2023-02-10T00:09:52.059+0000] {logging_mixin.py:137} INFO - [2023-02-10T00:09:52.059+0000] {dagbag.py:538} INFO - Filling up the DagBag from /home/airflow/.local/lib/python3.7/site-packages/airflow/example_dags/example_branch_datetime_operator.py
[2023-02-10T00:09:52.081+0000] {processor.py:753} INFO - DAG(s) dict_keys(['example_branch_datetime_operator', 'example_branch_datetime_operator_2', 'example_branch_datetime_operator_3']) retrieved from /home/airflow/.local/lib/python3.7/site-packages/airflow/example_dags/example_branch_datetime_operator.py
[2023-02-10T00:09:52.121+0000] {logging_mixin.py:137} INFO - [2023-02-10T00:09:52.120+0000] {dag.py:2690} INFO - Sync 3 DAGs
[2023-02-10T00:09:52.161+0000] {logging_mixin.py:137} INFO - [2023-02-10T00:09:52.161+0000] {dag.py:3441} INFO - Setting next_dagrun for example_branch_datetime_operator to 2023-02-09T00:00:00+00:00, run_after=2023-02-10T00:00:00+00:00
[2023-02-10T00:09:52.168+0000] {logging_mixin.py:137} INFO - [2023-02-10T00:09:52.168+0000] {dag.py:3441} INFO - Setting next_dagrun for example_branch_datetime_operator_2 to 2023-02-09T00:00:00+00:00, run_after=2023-02-10T00:00:00+00:00
[2023-02-10T00:09:52.172+0000] {logging_mixin.py:137} INFO - [2023-02-10T00:09:52.172+0000] {dag.py:3441} INFO - Setting next_dagrun for example_branch_datetime_operator_3 to 2023-02-09T00:00:00+00:00, run_after=2023-02-10T00:00:00+00:00
[2023-02-10T00:09:52.197+0000] {processor.py:175} INFO - Processing /home/airflow/.local/lib/python3.7/site-packages/airflow/example_dags/example_branch_datetime_operator.py took 0.144 seconds
[2023-02-10T00:10:22.939+0000] {processor.py:153} INFO - Started process (PID=4015) to work on /home/airflow/.local/lib/python3.7/site-packages/airflow/example_dags/example_branch_datetime_operator.py
[2023-02-10T00:10:22.942+0000] {processor.py:743} INFO - Processing file /home/airflow/.local/lib/python3.7/site-packages/airflow/example_dags/example_branch_datetime_operator.py for tasks to queue
[2023-02-10T00:10:22.943+0000] {logging_mixin.py:137} INFO - [2023-02-10T00:10:22.943+0000] {dagbag.py:538} INFO - Filling up the DagBag from /home/airflow/.local/lib/python3.7/site-packages/airflow/example_dags/example_branch_datetime_operator.py
[2023-02-10T00:10:22.969+0000] {processor.py:753} INFO - DAG(s) dict_keys(['example_branch_datetime_operator_2', 'example_branch_datetime_operator', 'example_branch_datetime_operator_3']) retrieved from /home/airflow/.local/lib/python3.7/site-packages/airflow/example_dags/example_branch_datetime_operator.py
[2023-02-10T00:10:23.008+0000] {logging_mixin.py:137} INFO - [2023-02-10T00:10:23.008+0000] {dag.py:2690} INFO - Sync 3 DAGs
[2023-02-10T00:10:23.047+0000] {logging_mixin.py:137} INFO - [2023-02-10T00:10:23.046+0000] {dag.py:3441} INFO - Setting next_dagrun for example_branch_datetime_operator to 2023-02-09T00:00:00+00:00, run_after=2023-02-10T00:00:00+00:00
[2023-02-10T00:10:23.053+0000] {logging_mixin.py:137} INFO - [2023-02-10T00:10:23.053+0000] {dag.py:3441} INFO - Setting next_dagrun for example_branch_datetime_operator_2 to 2023-02-09T00:00:00+00:00, run_after=2023-02-10T00:00:00+00:00
[2023-02-10T00:10:23.058+0000] {logging_mixin.py:137} INFO - [2023-02-10T00:10:23.057+0000] {dag.py:3441} INFO - Setting next_dagrun for example_branch_datetime_operator_3 to 2023-02-09T00:00:00+00:00, run_after=2023-02-10T00:00:00+00:00
[2023-02-10T00:10:23.086+0000] {processor.py:175} INFO - Processing /home/airflow/.local/lib/python3.7/site-packages/airflow/example_dags/example_branch_datetime_operator.py took 0.151 seconds
[2023-02-10T00:10:53.529+0000] {processor.py:153} INFO - Started process (PID=4088) to work on /home/airflow/.local/lib/python3.7/site-packages/airflow/example_dags/example_branch_datetime_operator.py
[2023-02-10T00:10:53.529+0000] {processor.py:743} INFO - Processing file /home/airflow/.local/lib/python3.7/site-packages/airflow/example_dags/example_branch_datetime_operator.py for tasks to queue
[2023-02-10T00:10:53.530+0000] {logging_mixin.py:137} INFO - [2023-02-10T00:10:53.530+0000] {dagbag.py:538} INFO - Filling up the DagBag from /home/airflow/.local/lib/python3.7/site-packages/airflow/example_dags/example_branch_datetime_operator.py
[2023-02-10T00:10:53.551+0000] {processor.py:753} INFO - DAG(s) dict_keys(['example_branch_datetime_operator', 'example_branch_datetime_operator_2', 'example_branch_datetime_operator_3']) retrieved from /home/airflow/.local/lib/python3.7/site-packages/airflow/example_dags/example_branch_datetime_operator.py
[2023-02-10T00:10:53.588+0000] {logging_mixin.py:137} INFO - [2023-02-10T00:10:53.588+0000] {dag.py:2690} INFO - Sync 3 DAGs
[2023-02-10T00:10:53.627+0000] {logging_mixin.py:137} INFO - [2023-02-10T00:10:53.626+0000] {dag.py:3441} INFO - Setting next_dagrun for example_branch_datetime_operator to 2023-02-09T00:00:00+00:00, run_after=2023-02-10T00:00:00+00:00
[2023-02-10T00:10:53.633+0000] {logging_mixin.py:137} INFO - [2023-02-10T00:10:53.633+0000] {dag.py:3441} INFO - Setting next_dagrun for example_branch_datetime_operator_2 to 2023-02-09T00:00:00+00:00, run_after=2023-02-10T00:00:00+00:00
[2023-02-10T00:10:53.637+0000] {logging_mixin.py:137} INFO - [2023-02-10T00:10:53.637+0000] {dag.py:3441} INFO - Setting next_dagrun for example_branch_datetime_operator_3 to 2023-02-09T00:00:00+00:00, run_after=2023-02-10T00:00:00+00:00
[2023-02-10T00:10:53.671+0000] {processor.py:175} INFO - Processing /home/airflow/.local/lib/python3.7/site-packages/airflow/example_dags/example_branch_datetime_operator.py took 0.145 seconds
[2023-02-10T00:11:23.967+0000] {processor.py:153} INFO - Started process (PID=4155) to work on /home/airflow/.local/lib/python3.7/site-packages/airflow/example_dags/example_branch_datetime_operator.py
[2023-02-10T00:11:23.968+0000] {processor.py:743} INFO - Processing file /home/airflow/.local/lib/python3.7/site-packages/airflow/example_dags/example_branch_datetime_operator.py for tasks to queue
[2023-02-10T00:11:23.969+0000] {logging_mixin.py:137} INFO - [2023-02-10T00:11:23.969+0000] {dagbag.py:538} INFO - Filling up the DagBag from /home/airflow/.local/lib/python3.7/site-packages/airflow/example_dags/example_branch_datetime_operator.py
[2023-02-10T00:11:23.992+0000] {processor.py:753} INFO - DAG(s) dict_keys(['example_branch_datetime_operator', 'example_branch_datetime_operator_2', 'example_branch_datetime_operator_3']) retrieved from /home/airflow/.local/lib/python3.7/site-packages/airflow/example_dags/example_branch_datetime_operator.py
[2023-02-10T00:11:24.034+0000] {logging_mixin.py:137} INFO - [2023-02-10T00:11:24.034+0000] {dag.py:2690} INFO - Sync 3 DAGs
[2023-02-10T00:11:24.075+0000] {logging_mixin.py:137} INFO - [2023-02-10T00:11:24.075+0000] {dag.py:3441} INFO - Setting next_dagrun for example_branch_datetime_operator to 2023-02-09T00:00:00+00:00, run_after=2023-02-10T00:00:00+00:00
[2023-02-10T00:11:24.082+0000] {logging_mixin.py:137} INFO - [2023-02-10T00:11:24.082+0000] {dag.py:3441} INFO - Setting next_dagrun for example_branch_datetime_operator_2 to 2023-02-09T00:00:00+00:00, run_after=2023-02-10T00:00:00+00:00
[2023-02-10T00:11:24.086+0000] {logging_mixin.py:137} INFO - [2023-02-10T00:11:24.086+0000] {dag.py:3441} INFO - Setting next_dagrun for example_branch_datetime_operator_3 to 2023-02-09T00:00:00+00:00, run_after=2023-02-10T00:00:00+00:00
[2023-02-10T00:11:24.115+0000] {processor.py:175} INFO - Processing /home/airflow/.local/lib/python3.7/site-packages/airflow/example_dags/example_branch_datetime_operator.py took 0.152 seconds
[2023-02-10T00:11:54.495+0000] {processor.py:153} INFO - Started process (PID=4233) to work on /home/airflow/.local/lib/python3.7/site-packages/airflow/example_dags/example_branch_datetime_operator.py
[2023-02-10T00:11:54.496+0000] {processor.py:743} INFO - Processing file /home/airflow/.local/lib/python3.7/site-packages/airflow/example_dags/example_branch_datetime_operator.py for tasks to queue
[2023-02-10T00:11:54.497+0000] {logging_mixin.py:137} INFO - [2023-02-10T00:11:54.497+0000] {dagbag.py:538} INFO - Filling up the DagBag from /home/airflow/.local/lib/python3.7/site-packages/airflow/example_dags/example_branch_datetime_operator.py
[2023-02-10T00:11:54.531+0000] {processor.py:753} INFO - DAG(s) dict_keys(['example_branch_datetime_operator_2', 'example_branch_datetime_operator_3', 'example_branch_datetime_operator']) retrieved from /home/airflow/.local/lib/python3.7/site-packages/airflow/example_dags/example_branch_datetime_operator.py
[2023-02-10T00:11:54.595+0000] {logging_mixin.py:137} INFO - [2023-02-10T00:11:54.595+0000] {dag.py:2690} INFO - Sync 3 DAGs
[2023-02-10T00:11:54.646+0000] {logging_mixin.py:137} INFO - [2023-02-10T00:11:54.646+0000] {dag.py:3441} INFO - Setting next_dagrun for example_branch_datetime_operator to 2023-02-09T00:00:00+00:00, run_after=2023-02-10T00:00:00+00:00
[2023-02-10T00:11:54.653+0000] {logging_mixin.py:137} INFO - [2023-02-10T00:11:54.653+0000] {dag.py:3441} INFO - Setting next_dagrun for example_branch_datetime_operator_2 to 2023-02-09T00:00:00+00:00, run_after=2023-02-10T00:00:00+00:00
[2023-02-10T00:11:54.659+0000] {logging_mixin.py:137} INFO - [2023-02-10T00:11:54.659+0000] {dag.py:3441} INFO - Setting next_dagrun for example_branch_datetime_operator_3 to 2023-02-09T00:00:00+00:00, run_after=2023-02-10T00:00:00+00:00
[2023-02-10T00:11:54.689+0000] {processor.py:175} INFO - Processing /home/airflow/.local/lib/python3.7/site-packages/airflow/example_dags/example_branch_datetime_operator.py took 0.198 seconds
[2023-02-10T00:12:25.281+0000] {processor.py:153} INFO - Started process (PID=4306) to work on /home/airflow/.local/lib/python3.7/site-packages/airflow/example_dags/example_branch_datetime_operator.py
[2023-02-10T00:12:25.281+0000] {processor.py:743} INFO - Processing file /home/airflow/.local/lib/python3.7/site-packages/airflow/example_dags/example_branch_datetime_operator.py for tasks to queue
[2023-02-10T00:12:25.282+0000] {logging_mixin.py:137} INFO - [2023-02-10T00:12:25.282+0000] {dagbag.py:538} INFO - Filling up the DagBag from /home/airflow/.local/lib/python3.7/site-packages/airflow/example_dags/example_branch_datetime_operator.py
[2023-02-10T00:12:25.299+0000] {processor.py:753} INFO - DAG(s) dict_keys(['example_branch_datetime_operator_2', 'example_branch_datetime_operator', 'example_branch_datetime_operator_3']) retrieved from /home/airflow/.local/lib/python3.7/site-packages/airflow/example_dags/example_branch_datetime_operator.py
[2023-02-10T00:12:25.332+0000] {logging_mixin.py:137} INFO - [2023-02-10T00:12:25.332+0000] {dag.py:2690} INFO - Sync 3 DAGs
[2023-02-10T00:12:25.364+0000] {logging_mixin.py:137} INFO - [2023-02-10T00:12:25.364+0000] {dag.py:3441} INFO - Setting next_dagrun for example_branch_datetime_operator to 2023-02-09T00:00:00+00:00, run_after=2023-02-10T00:00:00+00:00
[2023-02-10T00:12:25.369+0000] {logging_mixin.py:137} INFO - [2023-02-10T00:12:25.369+0000] {dag.py:3441} INFO - Setting next_dagrun for example_branch_datetime_operator_2 to 2023-02-09T00:00:00+00:00, run_after=2023-02-10T00:00:00+00:00
[2023-02-10T00:12:25.372+0000] {logging_mixin.py:137} INFO - [2023-02-10T00:12:25.372+0000] {dag.py:3441} INFO - Setting next_dagrun for example_branch_datetime_operator_3 to 2023-02-09T00:00:00+00:00, run_after=2023-02-10T00:00:00+00:00
[2023-02-10T00:12:25.395+0000] {processor.py:175} INFO - Processing /home/airflow/.local/lib/python3.7/site-packages/airflow/example_dags/example_branch_datetime_operator.py took 0.117 seconds
[2023-02-10T00:12:55.555+0000] {processor.py:153} INFO - Started process (PID=4374) to work on /home/airflow/.local/lib/python3.7/site-packages/airflow/example_dags/example_branch_datetime_operator.py
[2023-02-10T00:12:55.555+0000] {processor.py:743} INFO - Processing file /home/airflow/.local/lib/python3.7/site-packages/airflow/example_dags/example_branch_datetime_operator.py for tasks to queue
[2023-02-10T00:12:55.556+0000] {logging_mixin.py:137} INFO - [2023-02-10T00:12:55.556+0000] {dagbag.py:538} INFO - Filling up the DagBag from /home/airflow/.local/lib/python3.7/site-packages/airflow/example_dags/example_branch_datetime_operator.py
[2023-02-10T00:12:55.579+0000] {processor.py:753} INFO - DAG(s) dict_keys(['example_branch_datetime_operator_3', 'example_branch_datetime_operator_2', 'example_branch_datetime_operator']) retrieved from /home/airflow/.local/lib/python3.7/site-packages/airflow/example_dags/example_branch_datetime_operator.py
[2023-02-10T00:12:55.624+0000] {logging_mixin.py:137} INFO - [2023-02-10T00:12:55.624+0000] {dag.py:2690} INFO - Sync 3 DAGs
[2023-02-10T00:12:55.663+0000] {logging_mixin.py:137} INFO - [2023-02-10T00:12:55.663+0000] {dag.py:3441} INFO - Setting next_dagrun for example_branch_datetime_operator to 2023-02-09T00:00:00+00:00, run_after=2023-02-10T00:00:00+00:00
[2023-02-10T00:12:55.670+0000] {logging_mixin.py:137} INFO - [2023-02-10T00:12:55.670+0000] {dag.py:3441} INFO - Setting next_dagrun for example_branch_datetime_operator_2 to 2023-02-09T00:00:00+00:00, run_after=2023-02-10T00:00:00+00:00
[2023-02-10T00:12:55.674+0000] {logging_mixin.py:137} INFO - [2023-02-10T00:12:55.674+0000] {dag.py:3441} INFO - Setting next_dagrun for example_branch_datetime_operator_3 to 2023-02-09T00:00:00+00:00, run_after=2023-02-10T00:00:00+00:00
[2023-02-10T00:12:55.697+0000] {processor.py:175} INFO - Processing /home/airflow/.local/lib/python3.7/site-packages/airflow/example_dags/example_branch_datetime_operator.py took 0.146 seconds
[2023-02-10T00:13:26.301+0000] {processor.py:153} INFO - Started process (PID=4441) to work on /home/airflow/.local/lib/python3.7/site-packages/airflow/example_dags/example_branch_datetime_operator.py
[2023-02-10T00:13:26.302+0000] {processor.py:743} INFO - Processing file /home/airflow/.local/lib/python3.7/site-packages/airflow/example_dags/example_branch_datetime_operator.py for tasks to queue
[2023-02-10T00:13:26.302+0000] {logging_mixin.py:137} INFO - [2023-02-10T00:13:26.302+0000] {dagbag.py:538} INFO - Filling up the DagBag from /home/airflow/.local/lib/python3.7/site-packages/airflow/example_dags/example_branch_datetime_operator.py
[2023-02-10T00:13:26.326+0000] {processor.py:753} INFO - DAG(s) dict_keys(['example_branch_datetime_operator_3', 'example_branch_datetime_operator_2', 'example_branch_datetime_operator']) retrieved from /home/airflow/.local/lib/python3.7/site-packages/airflow/example_dags/example_branch_datetime_operator.py
[2023-02-10T00:13:26.369+0000] {logging_mixin.py:137} INFO - [2023-02-10T00:13:26.369+0000] {dag.py:2690} INFO - Sync 3 DAGs
[2023-02-10T00:13:26.406+0000] {logging_mixin.py:137} INFO - [2023-02-10T00:13:26.406+0000] {dag.py:3441} INFO - Setting next_dagrun for example_branch_datetime_operator to 2023-02-09T00:00:00+00:00, run_after=2023-02-10T00:00:00+00:00
[2023-02-10T00:13:26.413+0000] {logging_mixin.py:137} INFO - [2023-02-10T00:13:26.413+0000] {dag.py:3441} INFO - Setting next_dagrun for example_branch_datetime_operator_2 to 2023-02-09T00:00:00+00:00, run_after=2023-02-10T00:00:00+00:00
[2023-02-10T00:13:26.417+0000] {logging_mixin.py:137} INFO - [2023-02-10T00:13:26.417+0000] {dag.py:3441} INFO - Setting next_dagrun for example_branch_datetime_operator_3 to 2023-02-09T00:00:00+00:00, run_after=2023-02-10T00:00:00+00:00
[2023-02-10T00:13:26.443+0000] {processor.py:175} INFO - Processing /home/airflow/.local/lib/python3.7/site-packages/airflow/example_dags/example_branch_datetime_operator.py took 0.146 seconds
