[2023-02-10T00:00:09.653+0000] {processor.py:153} INFO - Started process (PID=2542) to work on /home/airflow/.local/lib/python3.7/site-packages/airflow/example_dags/example_branch_labels.py
[2023-02-10T00:00:09.654+0000] {processor.py:743} INFO - Processing file /home/airflow/.local/lib/python3.7/site-packages/airflow/example_dags/example_branch_labels.py for tasks to queue
[2023-02-10T00:00:09.654+0000] {logging_mixin.py:137} INFO - [2023-02-10T00:00:09.654+0000] {dagbag.py:538} INFO - Filling up the DagBag from /home/airflow/.local/lib/python3.7/site-packages/airflow/example_dags/example_branch_labels.py
[2023-02-10T00:00:09.670+0000] {processor.py:753} INFO - DAG(s) dict_keys(['example_branch_labels']) retrieved from /home/airflow/.local/lib/python3.7/site-packages/airflow/example_dags/example_branch_labels.py
[2023-02-10T00:00:09.700+0000] {logging_mixin.py:137} INFO - [2023-02-10T00:00:09.700+0000] {dag.py:2690} INFO - Sync 1 DAGs
[2023-02-10T00:00:09.736+0000] {logging_mixin.py:137} INFO - [2023-02-10T00:00:09.736+0000] {dag.py:3441} INFO - Setting next_dagrun for example_branch_labels to 2023-02-09T00:00:00+00:00, run_after=2023-02-10T00:00:00+00:00
[2023-02-10T00:00:09.761+0000] {processor.py:175} INFO - Processing /home/airflow/.local/lib/python3.7/site-packages/airflow/example_dags/example_branch_labels.py took 0.111 seconds
[2023-02-10T00:00:40.051+0000] {processor.py:153} INFO - Started process (PID=2608) to work on /home/airflow/.local/lib/python3.7/site-packages/airflow/example_dags/example_branch_labels.py
[2023-02-10T00:00:40.052+0000] {processor.py:743} INFO - Processing file /home/airflow/.local/lib/python3.7/site-packages/airflow/example_dags/example_branch_labels.py for tasks to queue
[2023-02-10T00:00:40.054+0000] {logging_mixin.py:137} INFO - [2023-02-10T00:00:40.053+0000] {dagbag.py:538} INFO - Filling up the DagBag from /home/airflow/.local/lib/python3.7/site-packages/airflow/example_dags/example_branch_labels.py
[2023-02-10T00:00:40.082+0000] {processor.py:753} INFO - DAG(s) dict_keys(['example_branch_labels']) retrieved from /home/airflow/.local/lib/python3.7/site-packages/airflow/example_dags/example_branch_labels.py
[2023-02-10T00:00:40.135+0000] {logging_mixin.py:137} INFO - [2023-02-10T00:00:40.135+0000] {dag.py:2690} INFO - Sync 1 DAGs
[2023-02-10T00:00:40.175+0000] {logging_mixin.py:137} INFO - [2023-02-10T00:00:40.175+0000] {dag.py:3441} INFO - Setting next_dagrun for example_branch_labels to 2023-02-09T00:00:00+00:00, run_after=2023-02-10T00:00:00+00:00
[2023-02-10T00:00:40.206+0000] {processor.py:175} INFO - Processing /home/airflow/.local/lib/python3.7/site-packages/airflow/example_dags/example_branch_labels.py took 0.160 seconds
[2023-02-10T00:01:10.866+0000] {processor.py:153} INFO - Started process (PID=2688) to work on /home/airflow/.local/lib/python3.7/site-packages/airflow/example_dags/example_branch_labels.py
[2023-02-10T00:01:10.867+0000] {processor.py:743} INFO - Processing file /home/airflow/.local/lib/python3.7/site-packages/airflow/example_dags/example_branch_labels.py for tasks to queue
[2023-02-10T00:01:10.868+0000] {logging_mixin.py:137} INFO - [2023-02-10T00:01:10.868+0000] {dagbag.py:538} INFO - Filling up the DagBag from /home/airflow/.local/lib/python3.7/site-packages/airflow/example_dags/example_branch_labels.py
[2023-02-10T00:01:10.886+0000] {processor.py:753} INFO - DAG(s) dict_keys(['example_branch_labels']) retrieved from /home/airflow/.local/lib/python3.7/site-packages/airflow/example_dags/example_branch_labels.py
[2023-02-10T00:01:10.917+0000] {logging_mixin.py:137} INFO - [2023-02-10T00:01:10.917+0000] {dag.py:2690} INFO - Sync 1 DAGs
[2023-02-10T00:01:10.954+0000] {logging_mixin.py:137} INFO - [2023-02-10T00:01:10.954+0000] {dag.py:3441} INFO - Setting next_dagrun for example_branch_labels to 2023-02-09T00:00:00+00:00, run_after=2023-02-10T00:00:00+00:00
[2023-02-10T00:01:10.987+0000] {processor.py:175} INFO - Processing /home/airflow/.local/lib/python3.7/site-packages/airflow/example_dags/example_branch_labels.py took 0.124 seconds
[2023-02-10T00:01:41.301+0000] {processor.py:153} INFO - Started process (PID=2756) to work on /home/airflow/.local/lib/python3.7/site-packages/airflow/example_dags/example_branch_labels.py
[2023-02-10T00:01:41.302+0000] {processor.py:743} INFO - Processing file /home/airflow/.local/lib/python3.7/site-packages/airflow/example_dags/example_branch_labels.py for tasks to queue
[2023-02-10T00:01:41.303+0000] {logging_mixin.py:137} INFO - [2023-02-10T00:01:41.303+0000] {dagbag.py:538} INFO - Filling up the DagBag from /home/airflow/.local/lib/python3.7/site-packages/airflow/example_dags/example_branch_labels.py
[2023-02-10T00:01:41.323+0000] {processor.py:753} INFO - DAG(s) dict_keys(['example_branch_labels']) retrieved from /home/airflow/.local/lib/python3.7/site-packages/airflow/example_dags/example_branch_labels.py
[2023-02-10T00:01:41.366+0000] {logging_mixin.py:137} INFO - [2023-02-10T00:01:41.365+0000] {dag.py:2690} INFO - Sync 1 DAGs
[2023-02-10T00:01:41.412+0000] {logging_mixin.py:137} INFO - [2023-02-10T00:01:41.412+0000] {dag.py:3441} INFO - Setting next_dagrun for example_branch_labels to 2023-02-09T00:00:00+00:00, run_after=2023-02-10T00:00:00+00:00
[2023-02-10T00:01:41.450+0000] {processor.py:175} INFO - Processing /home/airflow/.local/lib/python3.7/site-packages/airflow/example_dags/example_branch_labels.py took 0.154 seconds
[2023-02-10T00:02:11.777+0000] {processor.py:153} INFO - Started process (PID=2823) to work on /home/airflow/.local/lib/python3.7/site-packages/airflow/example_dags/example_branch_labels.py
[2023-02-10T00:02:11.778+0000] {processor.py:743} INFO - Processing file /home/airflow/.local/lib/python3.7/site-packages/airflow/example_dags/example_branch_labels.py for tasks to queue
[2023-02-10T00:02:11.779+0000] {logging_mixin.py:137} INFO - [2023-02-10T00:02:11.779+0000] {dagbag.py:538} INFO - Filling up the DagBag from /home/airflow/.local/lib/python3.7/site-packages/airflow/example_dags/example_branch_labels.py
[2023-02-10T00:02:11.800+0000] {processor.py:753} INFO - DAG(s) dict_keys(['example_branch_labels']) retrieved from /home/airflow/.local/lib/python3.7/site-packages/airflow/example_dags/example_branch_labels.py
[2023-02-10T00:02:11.850+0000] {logging_mixin.py:137} INFO - [2023-02-10T00:02:11.850+0000] {dag.py:2690} INFO - Sync 1 DAGs
[2023-02-10T00:02:11.889+0000] {logging_mixin.py:137} INFO - [2023-02-10T00:02:11.889+0000] {dag.py:3441} INFO - Setting next_dagrun for example_branch_labels to 2023-02-09T00:00:00+00:00, run_after=2023-02-10T00:00:00+00:00
[2023-02-10T00:02:11.915+0000] {processor.py:175} INFO - Processing /home/airflow/.local/lib/python3.7/site-packages/airflow/example_dags/example_branch_labels.py took 0.142 seconds
[2023-02-10T00:02:42.208+0000] {processor.py:153} INFO - Started process (PID=2906) to work on /home/airflow/.local/lib/python3.7/site-packages/airflow/example_dags/example_branch_labels.py
[2023-02-10T00:02:42.209+0000] {processor.py:743} INFO - Processing file /home/airflow/.local/lib/python3.7/site-packages/airflow/example_dags/example_branch_labels.py for tasks to queue
[2023-02-10T00:02:42.210+0000] {logging_mixin.py:137} INFO - [2023-02-10T00:02:42.210+0000] {dagbag.py:538} INFO - Filling up the DagBag from /home/airflow/.local/lib/python3.7/site-packages/airflow/example_dags/example_branch_labels.py
[2023-02-10T00:02:42.230+0000] {processor.py:753} INFO - DAG(s) dict_keys(['example_branch_labels']) retrieved from /home/airflow/.local/lib/python3.7/site-packages/airflow/example_dags/example_branch_labels.py
[2023-02-10T00:02:42.266+0000] {logging_mixin.py:137} INFO - [2023-02-10T00:02:42.266+0000] {dag.py:2690} INFO - Sync 1 DAGs
[2023-02-10T00:02:42.305+0000] {logging_mixin.py:137} INFO - [2023-02-10T00:02:42.305+0000] {dag.py:3441} INFO - Setting next_dagrun for example_branch_labels to 2023-02-09T00:00:00+00:00, run_after=2023-02-10T00:00:00+00:00
[2023-02-10T00:02:42.342+0000] {processor.py:175} INFO - Processing /home/airflow/.local/lib/python3.7/site-packages/airflow/example_dags/example_branch_labels.py took 0.138 seconds
[2023-02-10T00:03:12.682+0000] {processor.py:153} INFO - Started process (PID=2975) to work on /home/airflow/.local/lib/python3.7/site-packages/airflow/example_dags/example_branch_labels.py
[2023-02-10T00:03:12.683+0000] {processor.py:743} INFO - Processing file /home/airflow/.local/lib/python3.7/site-packages/airflow/example_dags/example_branch_labels.py for tasks to queue
[2023-02-10T00:03:12.684+0000] {logging_mixin.py:137} INFO - [2023-02-10T00:03:12.684+0000] {dagbag.py:538} INFO - Filling up the DagBag from /home/airflow/.local/lib/python3.7/site-packages/airflow/example_dags/example_branch_labels.py
[2023-02-10T00:03:12.702+0000] {processor.py:753} INFO - DAG(s) dict_keys(['example_branch_labels']) retrieved from /home/airflow/.local/lib/python3.7/site-packages/airflow/example_dags/example_branch_labels.py
[2023-02-10T00:03:12.737+0000] {logging_mixin.py:137} INFO - [2023-02-10T00:03:12.737+0000] {dag.py:2690} INFO - Sync 1 DAGs
[2023-02-10T00:03:12.778+0000] {logging_mixin.py:137} INFO - [2023-02-10T00:03:12.778+0000] {dag.py:3441} INFO - Setting next_dagrun for example_branch_labels to 2023-02-09T00:00:00+00:00, run_after=2023-02-10T00:00:00+00:00
[2023-02-10T00:03:12.809+0000] {processor.py:175} INFO - Processing /home/airflow/.local/lib/python3.7/site-packages/airflow/example_dags/example_branch_labels.py took 0.130 seconds
[2023-02-10T00:03:43.058+0000] {processor.py:153} INFO - Started process (PID=3043) to work on /home/airflow/.local/lib/python3.7/site-packages/airflow/example_dags/example_branch_labels.py
[2023-02-10T00:03:43.059+0000] {processor.py:743} INFO - Processing file /home/airflow/.local/lib/python3.7/site-packages/airflow/example_dags/example_branch_labels.py for tasks to queue
[2023-02-10T00:03:43.060+0000] {logging_mixin.py:137} INFO - [2023-02-10T00:03:43.059+0000] {dagbag.py:538} INFO - Filling up the DagBag from /home/airflow/.local/lib/python3.7/site-packages/airflow/example_dags/example_branch_labels.py
[2023-02-10T00:03:43.077+0000] {processor.py:753} INFO - DAG(s) dict_keys(['example_branch_labels']) retrieved from /home/airflow/.local/lib/python3.7/site-packages/airflow/example_dags/example_branch_labels.py
[2023-02-10T00:03:43.111+0000] {logging_mixin.py:137} INFO - [2023-02-10T00:03:43.111+0000] {dag.py:2690} INFO - Sync 1 DAGs
[2023-02-10T00:03:43.161+0000] {logging_mixin.py:137} INFO - [2023-02-10T00:03:43.161+0000] {dag.py:3441} INFO - Setting next_dagrun for example_branch_labels to 2023-02-09T00:00:00+00:00, run_after=2023-02-10T00:00:00+00:00
[2023-02-10T00:03:43.198+0000] {processor.py:175} INFO - Processing /home/airflow/.local/lib/python3.7/site-packages/airflow/example_dags/example_branch_labels.py took 0.144 seconds
[2023-02-10T00:04:13.344+0000] {processor.py:153} INFO - Started process (PID=3120) to work on /home/airflow/.local/lib/python3.7/site-packages/airflow/example_dags/example_branch_labels.py
[2023-02-10T00:04:13.345+0000] {processor.py:743} INFO - Processing file /home/airflow/.local/lib/python3.7/site-packages/airflow/example_dags/example_branch_labels.py for tasks to queue
[2023-02-10T00:04:13.346+0000] {logging_mixin.py:137} INFO - [2023-02-10T00:04:13.346+0000] {dagbag.py:538} INFO - Filling up the DagBag from /home/airflow/.local/lib/python3.7/site-packages/airflow/example_dags/example_branch_labels.py
[2023-02-10T00:04:13.364+0000] {processor.py:753} INFO - DAG(s) dict_keys(['example_branch_labels']) retrieved from /home/airflow/.local/lib/python3.7/site-packages/airflow/example_dags/example_branch_labels.py
[2023-02-10T00:04:13.402+0000] {logging_mixin.py:137} INFO - [2023-02-10T00:04:13.402+0000] {dag.py:2690} INFO - Sync 1 DAGs
[2023-02-10T00:04:13.439+0000] {logging_mixin.py:137} INFO - [2023-02-10T00:04:13.438+0000] {dag.py:3441} INFO - Setting next_dagrun for example_branch_labels to 2023-02-09T00:00:00+00:00, run_after=2023-02-10T00:00:00+00:00
[2023-02-10T00:04:13.464+0000] {processor.py:175} INFO - Processing /home/airflow/.local/lib/python3.7/site-packages/airflow/example_dags/example_branch_labels.py took 0.123 seconds
[2023-02-10T00:04:44.159+0000] {processor.py:153} INFO - Started process (PID=3193) to work on /home/airflow/.local/lib/python3.7/site-packages/airflow/example_dags/example_branch_labels.py
[2023-02-10T00:04:44.160+0000] {processor.py:743} INFO - Processing file /home/airflow/.local/lib/python3.7/site-packages/airflow/example_dags/example_branch_labels.py for tasks to queue
[2023-02-10T00:04:44.161+0000] {logging_mixin.py:137} INFO - [2023-02-10T00:04:44.161+0000] {dagbag.py:538} INFO - Filling up the DagBag from /home/airflow/.local/lib/python3.7/site-packages/airflow/example_dags/example_branch_labels.py
[2023-02-10T00:04:44.190+0000] {processor.py:753} INFO - DAG(s) dict_keys(['example_branch_labels']) retrieved from /home/airflow/.local/lib/python3.7/site-packages/airflow/example_dags/example_branch_labels.py
[2023-02-10T00:04:44.230+0000] {logging_mixin.py:137} INFO - [2023-02-10T00:04:44.229+0000] {dag.py:2690} INFO - Sync 1 DAGs
[2023-02-10T00:04:44.270+0000] {logging_mixin.py:137} INFO - [2023-02-10T00:04:44.270+0000] {dag.py:3441} INFO - Setting next_dagrun for example_branch_labels to 2023-02-09T00:00:00+00:00, run_after=2023-02-10T00:00:00+00:00
[2023-02-10T00:04:44.301+0000] {processor.py:175} INFO - Processing /home/airflow/.local/lib/python3.7/site-packages/airflow/example_dags/example_branch_labels.py took 0.148 seconds
[2023-02-10T00:05:14.632+0000] {processor.py:153} INFO - Started process (PID=3259) to work on /home/airflow/.local/lib/python3.7/site-packages/airflow/example_dags/example_branch_labels.py
[2023-02-10T00:05:14.633+0000] {processor.py:743} INFO - Processing file /home/airflow/.local/lib/python3.7/site-packages/airflow/example_dags/example_branch_labels.py for tasks to queue
[2023-02-10T00:05:14.634+0000] {logging_mixin.py:137} INFO - [2023-02-10T00:05:14.634+0000] {dagbag.py:538} INFO - Filling up the DagBag from /home/airflow/.local/lib/python3.7/site-packages/airflow/example_dags/example_branch_labels.py
[2023-02-10T00:05:14.657+0000] {processor.py:753} INFO - DAG(s) dict_keys(['example_branch_labels']) retrieved from /home/airflow/.local/lib/python3.7/site-packages/airflow/example_dags/example_branch_labels.py
[2023-02-10T00:05:14.694+0000] {logging_mixin.py:137} INFO - [2023-02-10T00:05:14.693+0000] {dag.py:2690} INFO - Sync 1 DAGs
[2023-02-10T00:05:14.743+0000] {logging_mixin.py:137} INFO - [2023-02-10T00:05:14.742+0000] {dag.py:3441} INFO - Setting next_dagrun for example_branch_labels to 2023-02-09T00:00:00+00:00, run_after=2023-02-10T00:00:00+00:00
[2023-02-10T00:05:14.772+0000] {processor.py:175} INFO - Processing /home/airflow/.local/lib/python3.7/site-packages/airflow/example_dags/example_branch_labels.py took 0.145 seconds
[2023-02-10T00:05:45.363+0000] {processor.py:153} INFO - Started process (PID=3338) to work on /home/airflow/.local/lib/python3.7/site-packages/airflow/example_dags/example_branch_labels.py
[2023-02-10T00:05:45.364+0000] {processor.py:743} INFO - Processing file /home/airflow/.local/lib/python3.7/site-packages/airflow/example_dags/example_branch_labels.py for tasks to queue
[2023-02-10T00:05:45.365+0000] {logging_mixin.py:137} INFO - [2023-02-10T00:05:45.365+0000] {dagbag.py:538} INFO - Filling up the DagBag from /home/airflow/.local/lib/python3.7/site-packages/airflow/example_dags/example_branch_labels.py
[2023-02-10T00:05:45.390+0000] {processor.py:753} INFO - DAG(s) dict_keys(['example_branch_labels']) retrieved from /home/airflow/.local/lib/python3.7/site-packages/airflow/example_dags/example_branch_labels.py
[2023-02-10T00:05:45.428+0000] {logging_mixin.py:137} INFO - [2023-02-10T00:05:45.427+0000] {dag.py:2690} INFO - Sync 1 DAGs
[2023-02-10T00:05:45.465+0000] {logging_mixin.py:137} INFO - [2023-02-10T00:05:45.465+0000] {dag.py:3441} INFO - Setting next_dagrun for example_branch_labels to 2023-02-09T00:00:00+00:00, run_after=2023-02-10T00:00:00+00:00
[2023-02-10T00:05:45.505+0000] {processor.py:175} INFO - Processing /home/airflow/.local/lib/python3.7/site-packages/airflow/example_dags/example_branch_labels.py took 0.144 seconds
[2023-02-10T00:06:16.245+0000] {processor.py:153} INFO - Started process (PID=3412) to work on /home/airflow/.local/lib/python3.7/site-packages/airflow/example_dags/example_branch_labels.py
[2023-02-10T00:06:16.246+0000] {processor.py:743} INFO - Processing file /home/airflow/.local/lib/python3.7/site-packages/airflow/example_dags/example_branch_labels.py for tasks to queue
[2023-02-10T00:06:16.247+0000] {logging_mixin.py:137} INFO - [2023-02-10T00:06:16.247+0000] {dagbag.py:538} INFO - Filling up the DagBag from /home/airflow/.local/lib/python3.7/site-packages/airflow/example_dags/example_branch_labels.py
[2023-02-10T00:06:16.268+0000] {processor.py:753} INFO - DAG(s) dict_keys(['example_branch_labels']) retrieved from /home/airflow/.local/lib/python3.7/site-packages/airflow/example_dags/example_branch_labels.py
[2023-02-10T00:06:16.307+0000] {logging_mixin.py:137} INFO - [2023-02-10T00:06:16.307+0000] {dag.py:2690} INFO - Sync 1 DAGs
[2023-02-10T00:06:16.344+0000] {logging_mixin.py:137} INFO - [2023-02-10T00:06:16.344+0000] {dag.py:3441} INFO - Setting next_dagrun for example_branch_labels to 2023-02-09T00:00:00+00:00, run_after=2023-02-10T00:00:00+00:00
[2023-02-10T00:06:16.370+0000] {processor.py:175} INFO - Processing /home/airflow/.local/lib/python3.7/site-packages/airflow/example_dags/example_branch_labels.py took 0.129 seconds
[2023-02-10T00:06:47.200+0000] {processor.py:153} INFO - Started process (PID=3481) to work on /home/airflow/.local/lib/python3.7/site-packages/airflow/example_dags/example_branch_labels.py
[2023-02-10T00:06:47.201+0000] {processor.py:743} INFO - Processing file /home/airflow/.local/lib/python3.7/site-packages/airflow/example_dags/example_branch_labels.py for tasks to queue
[2023-02-10T00:06:47.202+0000] {logging_mixin.py:137} INFO - [2023-02-10T00:06:47.202+0000] {dagbag.py:538} INFO - Filling up the DagBag from /home/airflow/.local/lib/python3.7/site-packages/airflow/example_dags/example_branch_labels.py
[2023-02-10T00:06:47.222+0000] {processor.py:753} INFO - DAG(s) dict_keys(['example_branch_labels']) retrieved from /home/airflow/.local/lib/python3.7/site-packages/airflow/example_dags/example_branch_labels.py
[2023-02-10T00:06:47.259+0000] {logging_mixin.py:137} INFO - [2023-02-10T00:06:47.259+0000] {dag.py:2690} INFO - Sync 1 DAGs
[2023-02-10T00:06:47.301+0000] {logging_mixin.py:137} INFO - [2023-02-10T00:06:47.301+0000] {dag.py:3441} INFO - Setting next_dagrun for example_branch_labels to 2023-02-09T00:00:00+00:00, run_after=2023-02-10T00:00:00+00:00
[2023-02-10T00:06:47.332+0000] {processor.py:175} INFO - Processing /home/airflow/.local/lib/python3.7/site-packages/airflow/example_dags/example_branch_labels.py took 0.137 seconds
[2023-02-10T00:07:17.892+0000] {processor.py:153} INFO - Started process (PID=3559) to work on /home/airflow/.local/lib/python3.7/site-packages/airflow/example_dags/example_branch_labels.py
[2023-02-10T00:07:17.893+0000] {processor.py:743} INFO - Processing file /home/airflow/.local/lib/python3.7/site-packages/airflow/example_dags/example_branch_labels.py for tasks to queue
[2023-02-10T00:07:17.894+0000] {logging_mixin.py:137} INFO - [2023-02-10T00:07:17.894+0000] {dagbag.py:538} INFO - Filling up the DagBag from /home/airflow/.local/lib/python3.7/site-packages/airflow/example_dags/example_branch_labels.py
[2023-02-10T00:07:17.913+0000] {processor.py:753} INFO - DAG(s) dict_keys(['example_branch_labels']) retrieved from /home/airflow/.local/lib/python3.7/site-packages/airflow/example_dags/example_branch_labels.py
[2023-02-10T00:07:17.947+0000] {logging_mixin.py:137} INFO - [2023-02-10T00:07:17.947+0000] {dag.py:2690} INFO - Sync 1 DAGs
[2023-02-10T00:07:17.987+0000] {logging_mixin.py:137} INFO - [2023-02-10T00:07:17.986+0000] {dag.py:3441} INFO - Setting next_dagrun for example_branch_labels to 2023-02-09T00:00:00+00:00, run_after=2023-02-10T00:00:00+00:00
[2023-02-10T00:07:18.030+0000] {processor.py:175} INFO - Processing /home/airflow/.local/lib/python3.7/site-packages/airflow/example_dags/example_branch_labels.py took 0.142 seconds
[2023-02-10T00:07:48.540+0000] {processor.py:153} INFO - Started process (PID=3632) to work on /home/airflow/.local/lib/python3.7/site-packages/airflow/example_dags/example_branch_labels.py
[2023-02-10T00:07:48.541+0000] {processor.py:743} INFO - Processing file /home/airflow/.local/lib/python3.7/site-packages/airflow/example_dags/example_branch_labels.py for tasks to queue
[2023-02-10T00:07:48.541+0000] {logging_mixin.py:137} INFO - [2023-02-10T00:07:48.541+0000] {dagbag.py:538} INFO - Filling up the DagBag from /home/airflow/.local/lib/python3.7/site-packages/airflow/example_dags/example_branch_labels.py
[2023-02-10T00:07:48.559+0000] {processor.py:753} INFO - DAG(s) dict_keys(['example_branch_labels']) retrieved from /home/airflow/.local/lib/python3.7/site-packages/airflow/example_dags/example_branch_labels.py
[2023-02-10T00:07:48.590+0000] {logging_mixin.py:137} INFO - [2023-02-10T00:07:48.590+0000] {dag.py:2690} INFO - Sync 1 DAGs
[2023-02-10T00:07:48.628+0000] {logging_mixin.py:137} INFO - [2023-02-10T00:07:48.628+0000] {dag.py:3441} INFO - Setting next_dagrun for example_branch_labels to 2023-02-09T00:00:00+00:00, run_after=2023-02-10T00:00:00+00:00
[2023-02-10T00:07:48.651+0000] {processor.py:175} INFO - Processing /home/airflow/.local/lib/python3.7/site-packages/airflow/example_dags/example_branch_labels.py took 0.115 seconds
[2023-02-10T00:08:18.867+0000] {processor.py:153} INFO - Started process (PID=3700) to work on /home/airflow/.local/lib/python3.7/site-packages/airflow/example_dags/example_branch_labels.py
[2023-02-10T00:08:18.868+0000] {processor.py:743} INFO - Processing file /home/airflow/.local/lib/python3.7/site-packages/airflow/example_dags/example_branch_labels.py for tasks to queue
[2023-02-10T00:08:18.869+0000] {logging_mixin.py:137} INFO - [2023-02-10T00:08:18.869+0000] {dagbag.py:538} INFO - Filling up the DagBag from /home/airflow/.local/lib/python3.7/site-packages/airflow/example_dags/example_branch_labels.py
[2023-02-10T00:08:18.888+0000] {processor.py:753} INFO - DAG(s) dict_keys(['example_branch_labels']) retrieved from /home/airflow/.local/lib/python3.7/site-packages/airflow/example_dags/example_branch_labels.py
[2023-02-10T00:08:18.925+0000] {logging_mixin.py:137} INFO - [2023-02-10T00:08:18.925+0000] {dag.py:2690} INFO - Sync 1 DAGs
[2023-02-10T00:08:18.966+0000] {logging_mixin.py:137} INFO - [2023-02-10T00:08:18.966+0000] {dag.py:3441} INFO - Setting next_dagrun for example_branch_labels to 2023-02-09T00:00:00+00:00, run_after=2023-02-10T00:00:00+00:00
[2023-02-10T00:08:18.995+0000] {processor.py:175} INFO - Processing /home/airflow/.local/lib/python3.7/site-packages/airflow/example_dags/example_branch_labels.py took 0.132 seconds
[2023-02-10T00:08:49.226+0000] {processor.py:153} INFO - Started process (PID=3768) to work on /home/airflow/.local/lib/python3.7/site-packages/airflow/example_dags/example_branch_labels.py
[2023-02-10T00:08:49.227+0000] {processor.py:743} INFO - Processing file /home/airflow/.local/lib/python3.7/site-packages/airflow/example_dags/example_branch_labels.py for tasks to queue
[2023-02-10T00:08:49.228+0000] {logging_mixin.py:137} INFO - [2023-02-10T00:08:49.227+0000] {dagbag.py:538} INFO - Filling up the DagBag from /home/airflow/.local/lib/python3.7/site-packages/airflow/example_dags/example_branch_labels.py
[2023-02-10T00:08:49.247+0000] {processor.py:753} INFO - DAG(s) dict_keys(['example_branch_labels']) retrieved from /home/airflow/.local/lib/python3.7/site-packages/airflow/example_dags/example_branch_labels.py
[2023-02-10T00:08:49.284+0000] {logging_mixin.py:137} INFO - [2023-02-10T00:08:49.284+0000] {dag.py:2690} INFO - Sync 1 DAGs
[2023-02-10T00:08:49.376+0000] {logging_mixin.py:137} INFO - [2023-02-10T00:08:49.375+0000] {dag.py:3441} INFO - Setting next_dagrun for example_branch_labels to 2023-02-09T00:00:00+00:00, run_after=2023-02-10T00:00:00+00:00
[2023-02-10T00:08:49.410+0000] {processor.py:175} INFO - Processing /home/airflow/.local/lib/python3.7/site-packages/airflow/example_dags/example_branch_labels.py took 0.187 seconds
[2023-02-10T00:09:20.106+0000] {processor.py:153} INFO - Started process (PID=3850) to work on /home/airflow/.local/lib/python3.7/site-packages/airflow/example_dags/example_branch_labels.py
[2023-02-10T00:09:20.106+0000] {processor.py:743} INFO - Processing file /home/airflow/.local/lib/python3.7/site-packages/airflow/example_dags/example_branch_labels.py for tasks to queue
[2023-02-10T00:09:20.107+0000] {logging_mixin.py:137} INFO - [2023-02-10T00:09:20.107+0000] {dagbag.py:538} INFO - Filling up the DagBag from /home/airflow/.local/lib/python3.7/site-packages/airflow/example_dags/example_branch_labels.py
[2023-02-10T00:09:20.123+0000] {processor.py:753} INFO - DAG(s) dict_keys(['example_branch_labels']) retrieved from /home/airflow/.local/lib/python3.7/site-packages/airflow/example_dags/example_branch_labels.py
[2023-02-10T00:09:20.154+0000] {logging_mixin.py:137} INFO - [2023-02-10T00:09:20.154+0000] {dag.py:2690} INFO - Sync 1 DAGs
[2023-02-10T00:09:20.192+0000] {logging_mixin.py:137} INFO - [2023-02-10T00:09:20.192+0000] {dag.py:3441} INFO - Setting next_dagrun for example_branch_labels to 2023-02-09T00:00:00+00:00, run_after=2023-02-10T00:00:00+00:00
[2023-02-10T00:09:20.216+0000] {processor.py:175} INFO - Processing /home/airflow/.local/lib/python3.7/site-packages/airflow/example_dags/example_branch_labels.py took 0.114 seconds
[2023-02-10T00:09:50.484+0000] {processor.py:153} INFO - Started process (PID=3917) to work on /home/airflow/.local/lib/python3.7/site-packages/airflow/example_dags/example_branch_labels.py
[2023-02-10T00:09:50.485+0000] {processor.py:743} INFO - Processing file /home/airflow/.local/lib/python3.7/site-packages/airflow/example_dags/example_branch_labels.py for tasks to queue
[2023-02-10T00:09:50.486+0000] {logging_mixin.py:137} INFO - [2023-02-10T00:09:50.485+0000] {dagbag.py:538} INFO - Filling up the DagBag from /home/airflow/.local/lib/python3.7/site-packages/airflow/example_dags/example_branch_labels.py
[2023-02-10T00:09:50.503+0000] {processor.py:753} INFO - DAG(s) dict_keys(['example_branch_labels']) retrieved from /home/airflow/.local/lib/python3.7/site-packages/airflow/example_dags/example_branch_labels.py
[2023-02-10T00:09:50.535+0000] {logging_mixin.py:137} INFO - [2023-02-10T00:09:50.534+0000] {dag.py:2690} INFO - Sync 1 DAGs
[2023-02-10T00:09:50.572+0000] {logging_mixin.py:137} INFO - [2023-02-10T00:09:50.572+0000] {dag.py:3441} INFO - Setting next_dagrun for example_branch_labels to 2023-02-09T00:00:00+00:00, run_after=2023-02-10T00:00:00+00:00
[2023-02-10T00:09:50.598+0000] {processor.py:175} INFO - Processing /home/airflow/.local/lib/python3.7/site-packages/airflow/example_dags/example_branch_labels.py took 0.117 seconds
[2023-02-10T00:10:20.877+0000] {processor.py:153} INFO - Started process (PID=3986) to work on /home/airflow/.local/lib/python3.7/site-packages/airflow/example_dags/example_branch_labels.py
[2023-02-10T00:10:20.878+0000] {processor.py:743} INFO - Processing file /home/airflow/.local/lib/python3.7/site-packages/airflow/example_dags/example_branch_labels.py for tasks to queue
[2023-02-10T00:10:20.879+0000] {logging_mixin.py:137} INFO - [2023-02-10T00:10:20.879+0000] {dagbag.py:538} INFO - Filling up the DagBag from /home/airflow/.local/lib/python3.7/site-packages/airflow/example_dags/example_branch_labels.py
[2023-02-10T00:10:20.910+0000] {processor.py:753} INFO - DAG(s) dict_keys(['example_branch_labels']) retrieved from /home/airflow/.local/lib/python3.7/site-packages/airflow/example_dags/example_branch_labels.py
[2023-02-10T00:10:20.962+0000] {logging_mixin.py:137} INFO - [2023-02-10T00:10:20.962+0000] {dag.py:2690} INFO - Sync 1 DAGs
[2023-02-10T00:10:21.012+0000] {logging_mixin.py:137} INFO - [2023-02-10T00:10:21.012+0000] {dag.py:3441} INFO - Setting next_dagrun for example_branch_labels to 2023-02-09T00:00:00+00:00, run_after=2023-02-10T00:00:00+00:00
[2023-02-10T00:10:21.048+0000] {processor.py:175} INFO - Processing /home/airflow/.local/lib/python3.7/site-packages/airflow/example_dags/example_branch_labels.py took 0.181 seconds
[2023-02-10T00:10:51.725+0000] {processor.py:153} INFO - Started process (PID=4068) to work on /home/airflow/.local/lib/python3.7/site-packages/airflow/example_dags/example_branch_labels.py
[2023-02-10T00:10:51.726+0000] {processor.py:743} INFO - Processing file /home/airflow/.local/lib/python3.7/site-packages/airflow/example_dags/example_branch_labels.py for tasks to queue
[2023-02-10T00:10:51.729+0000] {logging_mixin.py:137} INFO - [2023-02-10T00:10:51.728+0000] {dagbag.py:538} INFO - Filling up the DagBag from /home/airflow/.local/lib/python3.7/site-packages/airflow/example_dags/example_branch_labels.py
[2023-02-10T00:10:51.749+0000] {processor.py:753} INFO - DAG(s) dict_keys(['example_branch_labels']) retrieved from /home/airflow/.local/lib/python3.7/site-packages/airflow/example_dags/example_branch_labels.py
[2023-02-10T00:10:51.787+0000] {logging_mixin.py:137} INFO - [2023-02-10T00:10:51.787+0000] {dag.py:2690} INFO - Sync 1 DAGs
[2023-02-10T00:10:51.831+0000] {logging_mixin.py:137} INFO - [2023-02-10T00:10:51.830+0000] {dag.py:3441} INFO - Setting next_dagrun for example_branch_labels to 2023-02-09T00:00:00+00:00, run_after=2023-02-10T00:00:00+00:00
[2023-02-10T00:10:51.860+0000] {processor.py:175} INFO - Processing /home/airflow/.local/lib/python3.7/site-packages/airflow/example_dags/example_branch_labels.py took 0.138 seconds
[2023-02-10T00:11:22.352+0000] {processor.py:153} INFO - Started process (PID=4135) to work on /home/airflow/.local/lib/python3.7/site-packages/airflow/example_dags/example_branch_labels.py
[2023-02-10T00:11:22.353+0000] {processor.py:743} INFO - Processing file /home/airflow/.local/lib/python3.7/site-packages/airflow/example_dags/example_branch_labels.py for tasks to queue
[2023-02-10T00:11:22.353+0000] {logging_mixin.py:137} INFO - [2023-02-10T00:11:22.353+0000] {dagbag.py:538} INFO - Filling up the DagBag from /home/airflow/.local/lib/python3.7/site-packages/airflow/example_dags/example_branch_labels.py
[2023-02-10T00:11:22.371+0000] {processor.py:753} INFO - DAG(s) dict_keys(['example_branch_labels']) retrieved from /home/airflow/.local/lib/python3.7/site-packages/airflow/example_dags/example_branch_labels.py
[2023-02-10T00:11:22.404+0000] {logging_mixin.py:137} INFO - [2023-02-10T00:11:22.403+0000] {dag.py:2690} INFO - Sync 1 DAGs
[2023-02-10T00:11:22.441+0000] {logging_mixin.py:137} INFO - [2023-02-10T00:11:22.441+0000] {dag.py:3441} INFO - Setting next_dagrun for example_branch_labels to 2023-02-09T00:00:00+00:00, run_after=2023-02-10T00:00:00+00:00
[2023-02-10T00:11:22.468+0000] {processor.py:175} INFO - Processing /home/airflow/.local/lib/python3.7/site-packages/airflow/example_dags/example_branch_labels.py took 0.119 seconds
[2023-02-10T00:11:52.654+0000] {processor.py:153} INFO - Started process (PID=4204) to work on /home/airflow/.local/lib/python3.7/site-packages/airflow/example_dags/example_branch_labels.py
[2023-02-10T00:11:52.655+0000] {processor.py:743} INFO - Processing file /home/airflow/.local/lib/python3.7/site-packages/airflow/example_dags/example_branch_labels.py for tasks to queue
[2023-02-10T00:11:52.656+0000] {logging_mixin.py:137} INFO - [2023-02-10T00:11:52.656+0000] {dagbag.py:538} INFO - Filling up the DagBag from /home/airflow/.local/lib/python3.7/site-packages/airflow/example_dags/example_branch_labels.py
[2023-02-10T00:11:52.681+0000] {processor.py:753} INFO - DAG(s) dict_keys(['example_branch_labels']) retrieved from /home/airflow/.local/lib/python3.7/site-packages/airflow/example_dags/example_branch_labels.py
[2023-02-10T00:11:52.719+0000] {logging_mixin.py:137} INFO - [2023-02-10T00:11:52.719+0000] {dag.py:2690} INFO - Sync 1 DAGs
[2023-02-10T00:11:52.756+0000] {logging_mixin.py:137} INFO - [2023-02-10T00:11:52.756+0000] {dag.py:3441} INFO - Setting next_dagrun for example_branch_labels to 2023-02-09T00:00:00+00:00, run_after=2023-02-10T00:00:00+00:00
[2023-02-10T00:11:52.781+0000] {processor.py:175} INFO - Processing /home/airflow/.local/lib/python3.7/site-packages/airflow/example_dags/example_branch_labels.py took 0.133 seconds
[2023-02-10T00:12:23.499+0000] {processor.py:153} INFO - Started process (PID=4286) to work on /home/airflow/.local/lib/python3.7/site-packages/airflow/example_dags/example_branch_labels.py
[2023-02-10T00:12:23.501+0000] {processor.py:743} INFO - Processing file /home/airflow/.local/lib/python3.7/site-packages/airflow/example_dags/example_branch_labels.py for tasks to queue
[2023-02-10T00:12:23.502+0000] {logging_mixin.py:137} INFO - [2023-02-10T00:12:23.502+0000] {dagbag.py:538} INFO - Filling up the DagBag from /home/airflow/.local/lib/python3.7/site-packages/airflow/example_dags/example_branch_labels.py
[2023-02-10T00:12:23.526+0000] {processor.py:753} INFO - DAG(s) dict_keys(['example_branch_labels']) retrieved from /home/airflow/.local/lib/python3.7/site-packages/airflow/example_dags/example_branch_labels.py
[2023-02-10T00:12:23.564+0000] {logging_mixin.py:137} INFO - [2023-02-10T00:12:23.564+0000] {dag.py:2690} INFO - Sync 1 DAGs
[2023-02-10T00:12:23.606+0000] {logging_mixin.py:137} INFO - [2023-02-10T00:12:23.606+0000] {dag.py:3441} INFO - Setting next_dagrun for example_branch_labels to 2023-02-09T00:00:00+00:00, run_after=2023-02-10T00:00:00+00:00
[2023-02-10T00:12:23.638+0000] {processor.py:175} INFO - Processing /home/airflow/.local/lib/python3.7/site-packages/airflow/example_dags/example_branch_labels.py took 0.142 seconds
[2023-02-10T00:12:53.911+0000] {processor.py:153} INFO - Started process (PID=4354) to work on /home/airflow/.local/lib/python3.7/site-packages/airflow/example_dags/example_branch_labels.py
[2023-02-10T00:12:53.912+0000] {processor.py:743} INFO - Processing file /home/airflow/.local/lib/python3.7/site-packages/airflow/example_dags/example_branch_labels.py for tasks to queue
[2023-02-10T00:12:53.913+0000] {logging_mixin.py:137} INFO - [2023-02-10T00:12:53.912+0000] {dagbag.py:538} INFO - Filling up the DagBag from /home/airflow/.local/lib/python3.7/site-packages/airflow/example_dags/example_branch_labels.py
[2023-02-10T00:12:53.933+0000] {processor.py:753} INFO - DAG(s) dict_keys(['example_branch_labels']) retrieved from /home/airflow/.local/lib/python3.7/site-packages/airflow/example_dags/example_branch_labels.py
[2023-02-10T00:12:53.970+0000] {logging_mixin.py:137} INFO - [2023-02-10T00:12:53.969+0000] {dag.py:2690} INFO - Sync 1 DAGs
[2023-02-10T00:12:54.013+0000] {logging_mixin.py:137} INFO - [2023-02-10T00:12:54.013+0000] {dag.py:3441} INFO - Setting next_dagrun for example_branch_labels to 2023-02-09T00:00:00+00:00, run_after=2023-02-10T00:00:00+00:00
[2023-02-10T00:12:54.047+0000] {processor.py:175} INFO - Processing /home/airflow/.local/lib/python3.7/site-packages/airflow/example_dags/example_branch_labels.py took 0.140 seconds
[2023-02-10T00:13:24.593+0000] {processor.py:153} INFO - Started process (PID=4421) to work on /home/airflow/.local/lib/python3.7/site-packages/airflow/example_dags/example_branch_labels.py
[2023-02-10T00:13:24.594+0000] {processor.py:743} INFO - Processing file /home/airflow/.local/lib/python3.7/site-packages/airflow/example_dags/example_branch_labels.py for tasks to queue
[2023-02-10T00:13:24.595+0000] {logging_mixin.py:137} INFO - [2023-02-10T00:13:24.595+0000] {dagbag.py:538} INFO - Filling up the DagBag from /home/airflow/.local/lib/python3.7/site-packages/airflow/example_dags/example_branch_labels.py
[2023-02-10T00:13:24.620+0000] {processor.py:753} INFO - DAG(s) dict_keys(['example_branch_labels']) retrieved from /home/airflow/.local/lib/python3.7/site-packages/airflow/example_dags/example_branch_labels.py
[2023-02-10T00:13:24.655+0000] {logging_mixin.py:137} INFO - [2023-02-10T00:13:24.655+0000] {dag.py:2690} INFO - Sync 1 DAGs
[2023-02-10T00:13:24.695+0000] {logging_mixin.py:137} INFO - [2023-02-10T00:13:24.695+0000] {dag.py:3441} INFO - Setting next_dagrun for example_branch_labels to 2023-02-09T00:00:00+00:00, run_after=2023-02-10T00:00:00+00:00
[2023-02-10T00:13:24.720+0000] {processor.py:175} INFO - Processing /home/airflow/.local/lib/python3.7/site-packages/airflow/example_dags/example_branch_labels.py took 0.130 seconds
