[2023-02-10T00:00:11.776+0000] {processor.py:153} INFO - Started process (PID=2569) to work on /home/airflow/.local/lib/python3.7/site-packages/airflow/example_dags/example_latest_only_with_trigger.py
[2023-02-10T00:00:11.777+0000] {processor.py:743} INFO - Processing file /home/airflow/.local/lib/python3.7/site-packages/airflow/example_dags/example_latest_only_with_trigger.py for tasks to queue
[2023-02-10T00:00:11.777+0000] {logging_mixin.py:137} INFO - [2023-02-10T00:00:11.777+0000] {dagbag.py:538} INFO - Filling up the DagBag from /home/airflow/.local/lib/python3.7/site-packages/airflow/example_dags/example_latest_only_with_trigger.py
[2023-02-10T00:00:11.792+0000] {processor.py:753} INFO - DAG(s) dict_keys(['latest_only_with_trigger']) retrieved from /home/airflow/.local/lib/python3.7/site-packages/airflow/example_dags/example_latest_only_with_trigger.py
[2023-02-10T00:00:11.821+0000] {logging_mixin.py:137} INFO - [2023-02-10T00:00:11.821+0000] {dag.py:2690} INFO - Sync 1 DAGs
[2023-02-10T00:00:11.852+0000] {logging_mixin.py:137} INFO - [2023-02-10T00:00:11.851+0000] {dag.py:3441} INFO - Setting next_dagrun for latest_only_with_trigger to 2023-02-09T20:00:11.851566+00:00, run_after=2023-02-10T00:00:11.851566+00:00
[2023-02-10T00:00:11.884+0000] {processor.py:175} INFO - Processing /home/airflow/.local/lib/python3.7/site-packages/airflow/example_dags/example_latest_only_with_trigger.py took 0.111 seconds
[2023-02-10T00:00:42.564+0000] {processor.py:153} INFO - Started process (PID=2644) to work on /home/airflow/.local/lib/python3.7/site-packages/airflow/example_dags/example_latest_only_with_trigger.py
[2023-02-10T00:00:42.565+0000] {processor.py:743} INFO - Processing file /home/airflow/.local/lib/python3.7/site-packages/airflow/example_dags/example_latest_only_with_trigger.py for tasks to queue
[2023-02-10T00:00:42.566+0000] {logging_mixin.py:137} INFO - [2023-02-10T00:00:42.566+0000] {dagbag.py:538} INFO - Filling up the DagBag from /home/airflow/.local/lib/python3.7/site-packages/airflow/example_dags/example_latest_only_with_trigger.py
[2023-02-10T00:00:42.582+0000] {processor.py:753} INFO - DAG(s) dict_keys(['latest_only_with_trigger']) retrieved from /home/airflow/.local/lib/python3.7/site-packages/airflow/example_dags/example_latest_only_with_trigger.py
[2023-02-10T00:00:42.614+0000] {logging_mixin.py:137} INFO - [2023-02-10T00:00:42.614+0000] {dag.py:2690} INFO - Sync 1 DAGs
[2023-02-10T00:00:42.652+0000] {logging_mixin.py:137} INFO - [2023-02-10T00:00:42.652+0000] {dag.py:3441} INFO - Setting next_dagrun for latest_only_with_trigger to 2023-02-09T20:00:42.652477+00:00, run_after=2023-02-10T00:00:42.652477+00:00
[2023-02-10T00:00:42.681+0000] {processor.py:175} INFO - Processing /home/airflow/.local/lib/python3.7/site-packages/airflow/example_dags/example_latest_only_with_trigger.py took 0.120 seconds
[2023-02-10T00:01:12.938+0000] {processor.py:153} INFO - Started process (PID=2715) to work on /home/airflow/.local/lib/python3.7/site-packages/airflow/example_dags/example_latest_only_with_trigger.py
[2023-02-10T00:01:12.939+0000] {processor.py:743} INFO - Processing file /home/airflow/.local/lib/python3.7/site-packages/airflow/example_dags/example_latest_only_with_trigger.py for tasks to queue
[2023-02-10T00:01:12.940+0000] {logging_mixin.py:137} INFO - [2023-02-10T00:01:12.940+0000] {dagbag.py:538} INFO - Filling up the DagBag from /home/airflow/.local/lib/python3.7/site-packages/airflow/example_dags/example_latest_only_with_trigger.py
[2023-02-10T00:01:12.965+0000] {processor.py:753} INFO - DAG(s) dict_keys(['latest_only_with_trigger']) retrieved from /home/airflow/.local/lib/python3.7/site-packages/airflow/example_dags/example_latest_only_with_trigger.py
[2023-02-10T00:01:13.006+0000] {logging_mixin.py:137} INFO - [2023-02-10T00:01:13.006+0000] {dag.py:2690} INFO - Sync 1 DAGs
[2023-02-10T00:01:13.042+0000] {logging_mixin.py:137} INFO - [2023-02-10T00:01:13.042+0000] {dag.py:3441} INFO - Setting next_dagrun for latest_only_with_trigger to 2023-02-09T20:01:13.042375+00:00, run_after=2023-02-10T00:01:13.042375+00:00
[2023-02-10T00:01:13.069+0000] {processor.py:175} INFO - Processing /home/airflow/.local/lib/python3.7/site-packages/airflow/example_dags/example_latest_only_with_trigger.py took 0.135 seconds
[2023-02-10T00:01:43.557+0000] {processor.py:153} INFO - Started process (PID=2783) to work on /home/airflow/.local/lib/python3.7/site-packages/airflow/example_dags/example_latest_only_with_trigger.py
[2023-02-10T00:01:43.558+0000] {processor.py:743} INFO - Processing file /home/airflow/.local/lib/python3.7/site-packages/airflow/example_dags/example_latest_only_with_trigger.py for tasks to queue
[2023-02-10T00:01:43.559+0000] {logging_mixin.py:137} INFO - [2023-02-10T00:01:43.559+0000] {dagbag.py:538} INFO - Filling up the DagBag from /home/airflow/.local/lib/python3.7/site-packages/airflow/example_dags/example_latest_only_with_trigger.py
[2023-02-10T00:01:43.575+0000] {processor.py:753} INFO - DAG(s) dict_keys(['latest_only_with_trigger']) retrieved from /home/airflow/.local/lib/python3.7/site-packages/airflow/example_dags/example_latest_only_with_trigger.py
[2023-02-10T00:01:43.604+0000] {logging_mixin.py:137} INFO - [2023-02-10T00:01:43.604+0000] {dag.py:2690} INFO - Sync 1 DAGs
[2023-02-10T00:01:43.640+0000] {logging_mixin.py:137} INFO - [2023-02-10T00:01:43.640+0000] {dag.py:3441} INFO - Setting next_dagrun for latest_only_with_trigger to 2023-02-09T20:01:43.640333+00:00, run_after=2023-02-10T00:01:43.640333+00:00
[2023-02-10T00:01:43.666+0000] {processor.py:175} INFO - Processing /home/airflow/.local/lib/python3.7/site-packages/airflow/example_dags/example_latest_only_with_trigger.py took 0.112 seconds
[2023-02-10T00:02:13.842+0000] {processor.py:153} INFO - Started process (PID=2850) to work on /home/airflow/.local/lib/python3.7/site-packages/airflow/example_dags/example_latest_only_with_trigger.py
[2023-02-10T00:02:13.844+0000] {processor.py:743} INFO - Processing file /home/airflow/.local/lib/python3.7/site-packages/airflow/example_dags/example_latest_only_with_trigger.py for tasks to queue
[2023-02-10T00:02:13.844+0000] {logging_mixin.py:137} INFO - [2023-02-10T00:02:13.844+0000] {dagbag.py:538} INFO - Filling up the DagBag from /home/airflow/.local/lib/python3.7/site-packages/airflow/example_dags/example_latest_only_with_trigger.py
[2023-02-10T00:02:13.860+0000] {processor.py:753} INFO - DAG(s) dict_keys(['latest_only_with_trigger']) retrieved from /home/airflow/.local/lib/python3.7/site-packages/airflow/example_dags/example_latest_only_with_trigger.py
[2023-02-10T00:02:13.936+0000] {logging_mixin.py:137} INFO - [2023-02-10T00:02:13.934+0000] {dag.py:2690} INFO - Sync 1 DAGs
[2023-02-10T00:02:13.972+0000] {logging_mixin.py:137} INFO - [2023-02-10T00:02:13.972+0000] {dag.py:3441} INFO - Setting next_dagrun for latest_only_with_trigger to 2023-02-09T20:02:13.972497+00:00, run_after=2023-02-10T00:02:13.972497+00:00
[2023-02-10T00:02:14.000+0000] {processor.py:175} INFO - Processing /home/airflow/.local/lib/python3.7/site-packages/airflow/example_dags/example_latest_only_with_trigger.py took 0.161 seconds
[2023-02-10T00:02:44.397+0000] {processor.py:153} INFO - Started process (PID=2933) to work on /home/airflow/.local/lib/python3.7/site-packages/airflow/example_dags/example_latest_only_with_trigger.py
[2023-02-10T00:02:44.398+0000] {processor.py:743} INFO - Processing file /home/airflow/.local/lib/python3.7/site-packages/airflow/example_dags/example_latest_only_with_trigger.py for tasks to queue
[2023-02-10T00:02:44.399+0000] {logging_mixin.py:137} INFO - [2023-02-10T00:02:44.399+0000] {dagbag.py:538} INFO - Filling up the DagBag from /home/airflow/.local/lib/python3.7/site-packages/airflow/example_dags/example_latest_only_with_trigger.py
[2023-02-10T00:02:44.414+0000] {processor.py:753} INFO - DAG(s) dict_keys(['latest_only_with_trigger']) retrieved from /home/airflow/.local/lib/python3.7/site-packages/airflow/example_dags/example_latest_only_with_trigger.py
[2023-02-10T00:02:44.442+0000] {logging_mixin.py:137} INFO - [2023-02-10T00:02:44.442+0000] {dag.py:2690} INFO - Sync 1 DAGs
[2023-02-10T00:02:44.477+0000] {logging_mixin.py:137} INFO - [2023-02-10T00:02:44.477+0000] {dag.py:3441} INFO - Setting next_dagrun for latest_only_with_trigger to 2023-02-09T20:02:44.477013+00:00, run_after=2023-02-10T00:02:44.477013+00:00
[2023-02-10T00:02:44.502+0000] {processor.py:175} INFO - Processing /home/airflow/.local/lib/python3.7/site-packages/airflow/example_dags/example_latest_only_with_trigger.py took 0.108 seconds
[2023-02-10T00:03:14.828+0000] {processor.py:153} INFO - Started process (PID=3002) to work on /home/airflow/.local/lib/python3.7/site-packages/airflow/example_dags/example_latest_only_with_trigger.py
[2023-02-10T00:03:14.829+0000] {processor.py:743} INFO - Processing file /home/airflow/.local/lib/python3.7/site-packages/airflow/example_dags/example_latest_only_with_trigger.py for tasks to queue
[2023-02-10T00:03:14.830+0000] {logging_mixin.py:137} INFO - [2023-02-10T00:03:14.830+0000] {dagbag.py:538} INFO - Filling up the DagBag from /home/airflow/.local/lib/python3.7/site-packages/airflow/example_dags/example_latest_only_with_trigger.py
[2023-02-10T00:03:14.853+0000] {processor.py:753} INFO - DAG(s) dict_keys(['latest_only_with_trigger']) retrieved from /home/airflow/.local/lib/python3.7/site-packages/airflow/example_dags/example_latest_only_with_trigger.py
[2023-02-10T00:03:14.896+0000] {logging_mixin.py:137} INFO - [2023-02-10T00:03:14.895+0000] {dag.py:2690} INFO - Sync 1 DAGs
[2023-02-10T00:03:14.932+0000] {logging_mixin.py:137} INFO - [2023-02-10T00:03:14.932+0000] {dag.py:3441} INFO - Setting next_dagrun for latest_only_with_trigger to 2023-02-09T20:03:14.931902+00:00, run_after=2023-02-10T00:03:14.931902+00:00
[2023-02-10T00:03:14.956+0000] {processor.py:175} INFO - Processing /home/airflow/.local/lib/python3.7/site-packages/airflow/example_dags/example_latest_only_with_trigger.py took 0.134 seconds
[2023-02-10T00:03:45.235+0000] {processor.py:153} INFO - Started process (PID=3070) to work on /home/airflow/.local/lib/python3.7/site-packages/airflow/example_dags/example_latest_only_with_trigger.py
[2023-02-10T00:03:45.236+0000] {processor.py:743} INFO - Processing file /home/airflow/.local/lib/python3.7/site-packages/airflow/example_dags/example_latest_only_with_trigger.py for tasks to queue
[2023-02-10T00:03:45.237+0000] {logging_mixin.py:137} INFO - [2023-02-10T00:03:45.236+0000] {dagbag.py:538} INFO - Filling up the DagBag from /home/airflow/.local/lib/python3.7/site-packages/airflow/example_dags/example_latest_only_with_trigger.py
[2023-02-10T00:03:45.252+0000] {processor.py:753} INFO - DAG(s) dict_keys(['latest_only_with_trigger']) retrieved from /home/airflow/.local/lib/python3.7/site-packages/airflow/example_dags/example_latest_only_with_trigger.py
[2023-02-10T00:03:45.282+0000] {logging_mixin.py:137} INFO - [2023-02-10T00:03:45.282+0000] {dag.py:2690} INFO - Sync 1 DAGs
[2023-02-10T00:03:45.316+0000] {logging_mixin.py:137} INFO - [2023-02-10T00:03:45.316+0000] {dag.py:3441} INFO - Setting next_dagrun for latest_only_with_trigger to 2023-02-09T20:03:45.316350+00:00, run_after=2023-02-10T00:03:45.316350+00:00
[2023-02-10T00:03:45.343+0000] {processor.py:175} INFO - Processing /home/airflow/.local/lib/python3.7/site-packages/airflow/example_dags/example_latest_only_with_trigger.py took 0.110 seconds
[2023-02-10T00:04:15.857+0000] {processor.py:153} INFO - Started process (PID=3152) to work on /home/airflow/.local/lib/python3.7/site-packages/airflow/example_dags/example_latest_only_with_trigger.py
[2023-02-10T00:04:15.858+0000] {processor.py:743} INFO - Processing file /home/airflow/.local/lib/python3.7/site-packages/airflow/example_dags/example_latest_only_with_trigger.py for tasks to queue
[2023-02-10T00:04:15.859+0000] {logging_mixin.py:137} INFO - [2023-02-10T00:04:15.859+0000] {dagbag.py:538} INFO - Filling up the DagBag from /home/airflow/.local/lib/python3.7/site-packages/airflow/example_dags/example_latest_only_with_trigger.py
[2023-02-10T00:04:15.884+0000] {processor.py:753} INFO - DAG(s) dict_keys(['latest_only_with_trigger']) retrieved from /home/airflow/.local/lib/python3.7/site-packages/airflow/example_dags/example_latest_only_with_trigger.py
[2023-02-10T00:04:15.914+0000] {logging_mixin.py:137} INFO - [2023-02-10T00:04:15.914+0000] {dag.py:2690} INFO - Sync 1 DAGs
[2023-02-10T00:04:15.949+0000] {logging_mixin.py:137} INFO - [2023-02-10T00:04:15.948+0000] {dag.py:3441} INFO - Setting next_dagrun for latest_only_with_trigger to 2023-02-09T20:04:15.948696+00:00, run_after=2023-02-10T00:04:15.948696+00:00
[2023-02-10T00:04:15.973+0000] {processor.py:175} INFO - Processing /home/airflow/.local/lib/python3.7/site-packages/airflow/example_dags/example_latest_only_with_trigger.py took 0.120 seconds
[2023-02-10T00:04:46.451+0000] {processor.py:153} INFO - Started process (PID=3220) to work on /home/airflow/.local/lib/python3.7/site-packages/airflow/example_dags/example_latest_only_with_trigger.py
[2023-02-10T00:04:46.452+0000] {processor.py:743} INFO - Processing file /home/airflow/.local/lib/python3.7/site-packages/airflow/example_dags/example_latest_only_with_trigger.py for tasks to queue
[2023-02-10T00:04:46.453+0000] {logging_mixin.py:137} INFO - [2023-02-10T00:04:46.453+0000] {dagbag.py:538} INFO - Filling up the DagBag from /home/airflow/.local/lib/python3.7/site-packages/airflow/example_dags/example_latest_only_with_trigger.py
[2023-02-10T00:04:46.468+0000] {processor.py:753} INFO - DAG(s) dict_keys(['latest_only_with_trigger']) retrieved from /home/airflow/.local/lib/python3.7/site-packages/airflow/example_dags/example_latest_only_with_trigger.py
[2023-02-10T00:04:46.501+0000] {logging_mixin.py:137} INFO - [2023-02-10T00:04:46.501+0000] {dag.py:2690} INFO - Sync 1 DAGs
[2023-02-10T00:04:46.541+0000] {logging_mixin.py:137} INFO - [2023-02-10T00:04:46.541+0000] {dag.py:3441} INFO - Setting next_dagrun for latest_only_with_trigger to 2023-02-09T20:04:46.541296+00:00, run_after=2023-02-10T00:04:46.541296+00:00
[2023-02-10T00:04:46.575+0000] {processor.py:175} INFO - Processing /home/airflow/.local/lib/python3.7/site-packages/airflow/example_dags/example_latest_only_with_trigger.py took 0.127 seconds
[2023-02-10T00:05:16.955+0000] {processor.py:153} INFO - Started process (PID=3286) to work on /home/airflow/.local/lib/python3.7/site-packages/airflow/example_dags/example_latest_only_with_trigger.py
[2023-02-10T00:05:16.955+0000] {processor.py:743} INFO - Processing file /home/airflow/.local/lib/python3.7/site-packages/airflow/example_dags/example_latest_only_with_trigger.py for tasks to queue
[2023-02-10T00:05:16.956+0000] {logging_mixin.py:137} INFO - [2023-02-10T00:05:16.956+0000] {dagbag.py:538} INFO - Filling up the DagBag from /home/airflow/.local/lib/python3.7/site-packages/airflow/example_dags/example_latest_only_with_trigger.py
[2023-02-10T00:05:16.971+0000] {processor.py:753} INFO - DAG(s) dict_keys(['latest_only_with_trigger']) retrieved from /home/airflow/.local/lib/python3.7/site-packages/airflow/example_dags/example_latest_only_with_trigger.py
[2023-02-10T00:05:17.003+0000] {logging_mixin.py:137} INFO - [2023-02-10T00:05:17.002+0000] {dag.py:2690} INFO - Sync 1 DAGs
[2023-02-10T00:05:17.038+0000] {logging_mixin.py:137} INFO - [2023-02-10T00:05:17.037+0000] {dag.py:3441} INFO - Setting next_dagrun for latest_only_with_trigger to 2023-02-09T20:05:17.037657+00:00, run_after=2023-02-10T00:05:17.037657+00:00
[2023-02-10T00:05:17.075+0000] {processor.py:175} INFO - Processing /home/airflow/.local/lib/python3.7/site-packages/airflow/example_dags/example_latest_only_with_trigger.py took 0.124 seconds
[2023-02-10T00:05:47.905+0000] {processor.py:153} INFO - Started process (PID=3370) to work on /home/airflow/.local/lib/python3.7/site-packages/airflow/example_dags/example_latest_only_with_trigger.py
[2023-02-10T00:05:47.906+0000] {processor.py:743} INFO - Processing file /home/airflow/.local/lib/python3.7/site-packages/airflow/example_dags/example_latest_only_with_trigger.py for tasks to queue
[2023-02-10T00:05:47.907+0000] {logging_mixin.py:137} INFO - [2023-02-10T00:05:47.907+0000] {dagbag.py:538} INFO - Filling up the DagBag from /home/airflow/.local/lib/python3.7/site-packages/airflow/example_dags/example_latest_only_with_trigger.py
[2023-02-10T00:05:47.931+0000] {processor.py:753} INFO - DAG(s) dict_keys(['latest_only_with_trigger']) retrieved from /home/airflow/.local/lib/python3.7/site-packages/airflow/example_dags/example_latest_only_with_trigger.py
[2023-02-10T00:05:47.962+0000] {logging_mixin.py:137} INFO - [2023-02-10T00:05:47.961+0000] {dag.py:2690} INFO - Sync 1 DAGs
[2023-02-10T00:05:47.997+0000] {logging_mixin.py:137} INFO - [2023-02-10T00:05:47.997+0000] {dag.py:3441} INFO - Setting next_dagrun for latest_only_with_trigger to 2023-02-09T20:05:47.997463+00:00, run_after=2023-02-10T00:05:47.997463+00:00
[2023-02-10T00:05:48.024+0000] {processor.py:175} INFO - Processing /home/airflow/.local/lib/python3.7/site-packages/airflow/example_dags/example_latest_only_with_trigger.py took 0.123 seconds
[2023-02-10T00:06:18.900+0000] {processor.py:153} INFO - Started process (PID=3439) to work on /home/airflow/.local/lib/python3.7/site-packages/airflow/example_dags/example_latest_only_with_trigger.py
[2023-02-10T00:06:18.901+0000] {processor.py:743} INFO - Processing file /home/airflow/.local/lib/python3.7/site-packages/airflow/example_dags/example_latest_only_with_trigger.py for tasks to queue
[2023-02-10T00:06:18.902+0000] {logging_mixin.py:137} INFO - [2023-02-10T00:06:18.902+0000] {dagbag.py:538} INFO - Filling up the DagBag from /home/airflow/.local/lib/python3.7/site-packages/airflow/example_dags/example_latest_only_with_trigger.py
[2023-02-10T00:06:18.920+0000] {processor.py:753} INFO - DAG(s) dict_keys(['latest_only_with_trigger']) retrieved from /home/airflow/.local/lib/python3.7/site-packages/airflow/example_dags/example_latest_only_with_trigger.py
[2023-02-10T00:06:18.951+0000] {logging_mixin.py:137} INFO - [2023-02-10T00:06:18.951+0000] {dag.py:2690} INFO - Sync 1 DAGs
[2023-02-10T00:06:18.992+0000] {logging_mixin.py:137} INFO - [2023-02-10T00:06:18.992+0000] {dag.py:3441} INFO - Setting next_dagrun for latest_only_with_trigger to 2023-02-09T20:06:18.992114+00:00, run_after=2023-02-10T00:06:18.992114+00:00
[2023-02-10T00:06:19.024+0000] {processor.py:175} INFO - Processing /home/airflow/.local/lib/python3.7/site-packages/airflow/example_dags/example_latest_only_with_trigger.py took 0.127 seconds
[2023-02-10T00:06:49.328+0000] {processor.py:153} INFO - Started process (PID=3508) to work on /home/airflow/.local/lib/python3.7/site-packages/airflow/example_dags/example_latest_only_with_trigger.py
[2023-02-10T00:06:49.329+0000] {processor.py:743} INFO - Processing file /home/airflow/.local/lib/python3.7/site-packages/airflow/example_dags/example_latest_only_with_trigger.py for tasks to queue
[2023-02-10T00:06:49.330+0000] {logging_mixin.py:137} INFO - [2023-02-10T00:06:49.330+0000] {dagbag.py:538} INFO - Filling up the DagBag from /home/airflow/.local/lib/python3.7/site-packages/airflow/example_dags/example_latest_only_with_trigger.py
[2023-02-10T00:06:49.354+0000] {processor.py:753} INFO - DAG(s) dict_keys(['latest_only_with_trigger']) retrieved from /home/airflow/.local/lib/python3.7/site-packages/airflow/example_dags/example_latest_only_with_trigger.py
[2023-02-10T00:06:49.391+0000] {logging_mixin.py:137} INFO - [2023-02-10T00:06:49.391+0000] {dag.py:2690} INFO - Sync 1 DAGs
[2023-02-10T00:06:49.426+0000] {logging_mixin.py:137} INFO - [2023-02-10T00:06:49.425+0000] {dag.py:3441} INFO - Setting next_dagrun for latest_only_with_trigger to 2023-02-09T20:06:49.425698+00:00, run_after=2023-02-10T00:06:49.425698+00:00
[2023-02-10T00:06:49.452+0000] {processor.py:175} INFO - Processing /home/airflow/.local/lib/python3.7/site-packages/airflow/example_dags/example_latest_only_with_trigger.py took 0.129 seconds
[2023-02-10T00:07:20.316+0000] {processor.py:153} INFO - Started process (PID=3591) to work on /home/airflow/.local/lib/python3.7/site-packages/airflow/example_dags/example_latest_only_with_trigger.py
[2023-02-10T00:07:20.317+0000] {processor.py:743} INFO - Processing file /home/airflow/.local/lib/python3.7/site-packages/airflow/example_dags/example_latest_only_with_trigger.py for tasks to queue
[2023-02-10T00:07:20.318+0000] {logging_mixin.py:137} INFO - [2023-02-10T00:07:20.318+0000] {dagbag.py:538} INFO - Filling up the DagBag from /home/airflow/.local/lib/python3.7/site-packages/airflow/example_dags/example_latest_only_with_trigger.py
[2023-02-10T00:07:20.343+0000] {processor.py:753} INFO - DAG(s) dict_keys(['latest_only_with_trigger']) retrieved from /home/airflow/.local/lib/python3.7/site-packages/airflow/example_dags/example_latest_only_with_trigger.py
[2023-02-10T00:07:20.371+0000] {logging_mixin.py:137} INFO - [2023-02-10T00:07:20.371+0000] {dag.py:2690} INFO - Sync 1 DAGs
[2023-02-10T00:07:20.407+0000] {logging_mixin.py:137} INFO - [2023-02-10T00:07:20.406+0000] {dag.py:3441} INFO - Setting next_dagrun for latest_only_with_trigger to 2023-02-09T20:07:20.406582+00:00, run_after=2023-02-10T00:07:20.406582+00:00
[2023-02-10T00:07:20.433+0000] {processor.py:175} INFO - Processing /home/airflow/.local/lib/python3.7/site-packages/airflow/example_dags/example_latest_only_with_trigger.py took 0.121 seconds
[2023-02-10T00:07:50.557+0000] {processor.py:153} INFO - Started process (PID=3659) to work on /home/airflow/.local/lib/python3.7/site-packages/airflow/example_dags/example_latest_only_with_trigger.py
[2023-02-10T00:07:50.558+0000] {processor.py:743} INFO - Processing file /home/airflow/.local/lib/python3.7/site-packages/airflow/example_dags/example_latest_only_with_trigger.py for tasks to queue
[2023-02-10T00:07:50.559+0000] {logging_mixin.py:137} INFO - [2023-02-10T00:07:50.559+0000] {dagbag.py:538} INFO - Filling up the DagBag from /home/airflow/.local/lib/python3.7/site-packages/airflow/example_dags/example_latest_only_with_trigger.py
[2023-02-10T00:07:50.583+0000] {processor.py:753} INFO - DAG(s) dict_keys(['latest_only_with_trigger']) retrieved from /home/airflow/.local/lib/python3.7/site-packages/airflow/example_dags/example_latest_only_with_trigger.py
[2023-02-10T00:07:50.615+0000] {logging_mixin.py:137} INFO - [2023-02-10T00:07:50.615+0000] {dag.py:2690} INFO - Sync 1 DAGs
[2023-02-10T00:07:50.650+0000] {logging_mixin.py:137} INFO - [2023-02-10T00:07:50.650+0000] {dag.py:3441} INFO - Setting next_dagrun for latest_only_with_trigger to 2023-02-09T20:07:50.650263+00:00, run_after=2023-02-10T00:07:50.650263+00:00
[2023-02-10T00:07:50.676+0000] {processor.py:175} INFO - Processing /home/airflow/.local/lib/python3.7/site-packages/airflow/example_dags/example_latest_only_with_trigger.py took 0.124 seconds
[2023-02-10T00:08:21.091+0000] {processor.py:153} INFO - Started process (PID=3728) to work on /home/airflow/.local/lib/python3.7/site-packages/airflow/example_dags/example_latest_only_with_trigger.py
[2023-02-10T00:08:21.093+0000] {processor.py:743} INFO - Processing file /home/airflow/.local/lib/python3.7/site-packages/airflow/example_dags/example_latest_only_with_trigger.py for tasks to queue
[2023-02-10T00:08:21.094+0000] {logging_mixin.py:137} INFO - [2023-02-10T00:08:21.094+0000] {dagbag.py:538} INFO - Filling up the DagBag from /home/airflow/.local/lib/python3.7/site-packages/airflow/example_dags/example_latest_only_with_trigger.py
[2023-02-10T00:08:21.112+0000] {processor.py:753} INFO - DAG(s) dict_keys(['latest_only_with_trigger']) retrieved from /home/airflow/.local/lib/python3.7/site-packages/airflow/example_dags/example_latest_only_with_trigger.py
[2023-02-10T00:08:21.158+0000] {logging_mixin.py:137} INFO - [2023-02-10T00:08:21.158+0000] {dag.py:2690} INFO - Sync 1 DAGs
[2023-02-10T00:08:21.196+0000] {logging_mixin.py:137} INFO - [2023-02-10T00:08:21.195+0000] {dag.py:3441} INFO - Setting next_dagrun for latest_only_with_trigger to 2023-02-09T20:08:21.195536+00:00, run_after=2023-02-10T00:08:21.195536+00:00
[2023-02-10T00:08:21.222+0000] {processor.py:175} INFO - Processing /home/airflow/.local/lib/python3.7/site-packages/airflow/example_dags/example_latest_only_with_trigger.py took 0.135 seconds
[2023-02-10T00:08:51.911+0000] {processor.py:153} INFO - Started process (PID=3809) to work on /home/airflow/.local/lib/python3.7/site-packages/airflow/example_dags/example_latest_only_with_trigger.py
[2023-02-10T00:08:51.912+0000] {processor.py:743} INFO - Processing file /home/airflow/.local/lib/python3.7/site-packages/airflow/example_dags/example_latest_only_with_trigger.py for tasks to queue
[2023-02-10T00:08:51.912+0000] {logging_mixin.py:137} INFO - [2023-02-10T00:08:51.912+0000] {dagbag.py:538} INFO - Filling up the DagBag from /home/airflow/.local/lib/python3.7/site-packages/airflow/example_dags/example_latest_only_with_trigger.py
[2023-02-10T00:08:51.929+0000] {processor.py:753} INFO - DAG(s) dict_keys(['latest_only_with_trigger']) retrieved from /home/airflow/.local/lib/python3.7/site-packages/airflow/example_dags/example_latest_only_with_trigger.py
[2023-02-10T00:08:51.961+0000] {logging_mixin.py:137} INFO - [2023-02-10T00:08:51.961+0000] {dag.py:2690} INFO - Sync 1 DAGs
[2023-02-10T00:08:51.998+0000] {logging_mixin.py:137} INFO - [2023-02-10T00:08:51.998+0000] {dag.py:3441} INFO - Setting next_dagrun for latest_only_with_trigger to 2023-02-09T20:08:51.998138+00:00, run_after=2023-02-10T00:08:51.998138+00:00
[2023-02-10T00:08:52.031+0000] {processor.py:175} INFO - Processing /home/airflow/.local/lib/python3.7/site-packages/airflow/example_dags/example_latest_only_with_trigger.py took 0.124 seconds
[2023-02-10T00:09:22.320+0000] {processor.py:153} INFO - Started process (PID=3877) to work on /home/airflow/.local/lib/python3.7/site-packages/airflow/example_dags/example_latest_only_with_trigger.py
[2023-02-10T00:09:22.321+0000] {processor.py:743} INFO - Processing file /home/airflow/.local/lib/python3.7/site-packages/airflow/example_dags/example_latest_only_with_trigger.py for tasks to queue
[2023-02-10T00:09:22.322+0000] {logging_mixin.py:137} INFO - [2023-02-10T00:09:22.321+0000] {dagbag.py:538} INFO - Filling up the DagBag from /home/airflow/.local/lib/python3.7/site-packages/airflow/example_dags/example_latest_only_with_trigger.py
[2023-02-10T00:09:22.337+0000] {processor.py:753} INFO - DAG(s) dict_keys(['latest_only_with_trigger']) retrieved from /home/airflow/.local/lib/python3.7/site-packages/airflow/example_dags/example_latest_only_with_trigger.py
[2023-02-10T00:09:22.372+0000] {logging_mixin.py:137} INFO - [2023-02-10T00:09:22.372+0000] {dag.py:2690} INFO - Sync 1 DAGs
[2023-02-10T00:09:22.409+0000] {logging_mixin.py:137} INFO - [2023-02-10T00:09:22.409+0000] {dag.py:3441} INFO - Setting next_dagrun for latest_only_with_trigger to 2023-02-09T20:09:22.408788+00:00, run_after=2023-02-10T00:09:22.408788+00:00
[2023-02-10T00:09:22.436+0000] {processor.py:175} INFO - Processing /home/airflow/.local/lib/python3.7/site-packages/airflow/example_dags/example_latest_only_with_trigger.py took 0.120 seconds
[2023-02-10T00:09:52.563+0000] {processor.py:153} INFO - Started process (PID=3944) to work on /home/airflow/.local/lib/python3.7/site-packages/airflow/example_dags/example_latest_only_with_trigger.py
[2023-02-10T00:09:52.564+0000] {processor.py:743} INFO - Processing file /home/airflow/.local/lib/python3.7/site-packages/airflow/example_dags/example_latest_only_with_trigger.py for tasks to queue
[2023-02-10T00:09:52.565+0000] {logging_mixin.py:137} INFO - [2023-02-10T00:09:52.565+0000] {dagbag.py:538} INFO - Filling up the DagBag from /home/airflow/.local/lib/python3.7/site-packages/airflow/example_dags/example_latest_only_with_trigger.py
[2023-02-10T00:09:52.590+0000] {processor.py:753} INFO - DAG(s) dict_keys(['latest_only_with_trigger']) retrieved from /home/airflow/.local/lib/python3.7/site-packages/airflow/example_dags/example_latest_only_with_trigger.py
[2023-02-10T00:09:52.644+0000] {logging_mixin.py:137} INFO - [2023-02-10T00:09:52.643+0000] {dag.py:2690} INFO - Sync 1 DAGs
[2023-02-10T00:09:52.682+0000] {logging_mixin.py:137} INFO - [2023-02-10T00:09:52.682+0000] {dag.py:3441} INFO - Setting next_dagrun for latest_only_with_trigger to 2023-02-09T20:09:52.682168+00:00, run_after=2023-02-10T00:09:52.682168+00:00
[2023-02-10T00:09:52.709+0000] {processor.py:175} INFO - Processing /home/airflow/.local/lib/python3.7/site-packages/airflow/example_dags/example_latest_only_with_trigger.py took 0.149 seconds
[2023-02-10T00:10:23.494+0000] {processor.py:153} INFO - Started process (PID=4022) to work on /home/airflow/.local/lib/python3.7/site-packages/airflow/example_dags/example_latest_only_with_trigger.py
[2023-02-10T00:10:23.495+0000] {processor.py:743} INFO - Processing file /home/airflow/.local/lib/python3.7/site-packages/airflow/example_dags/example_latest_only_with_trigger.py for tasks to queue
[2023-02-10T00:10:23.495+0000] {logging_mixin.py:137} INFO - [2023-02-10T00:10:23.495+0000] {dagbag.py:538} INFO - Filling up the DagBag from /home/airflow/.local/lib/python3.7/site-packages/airflow/example_dags/example_latest_only_with_trigger.py
[2023-02-10T00:10:23.511+0000] {processor.py:753} INFO - DAG(s) dict_keys(['latest_only_with_trigger']) retrieved from /home/airflow/.local/lib/python3.7/site-packages/airflow/example_dags/example_latest_only_with_trigger.py
[2023-02-10T00:10:23.540+0000] {logging_mixin.py:137} INFO - [2023-02-10T00:10:23.540+0000] {dag.py:2690} INFO - Sync 1 DAGs
[2023-02-10T00:10:23.578+0000] {logging_mixin.py:137} INFO - [2023-02-10T00:10:23.577+0000] {dag.py:3441} INFO - Setting next_dagrun for latest_only_with_trigger to 2023-02-09T20:10:23.577333+00:00, run_after=2023-02-10T00:10:23.577333+00:00
[2023-02-10T00:10:23.605+0000] {processor.py:175} INFO - Processing /home/airflow/.local/lib/python3.7/site-packages/airflow/example_dags/example_latest_only_with_trigger.py took 0.114 seconds
[2023-02-10T00:10:54.304+0000] {processor.py:153} INFO - Started process (PID=4095) to work on /home/airflow/.local/lib/python3.7/site-packages/airflow/example_dags/example_latest_only_with_trigger.py
[2023-02-10T00:10:54.306+0000] {processor.py:743} INFO - Processing file /home/airflow/.local/lib/python3.7/site-packages/airflow/example_dags/example_latest_only_with_trigger.py for tasks to queue
[2023-02-10T00:10:54.306+0000] {logging_mixin.py:137} INFO - [2023-02-10T00:10:54.306+0000] {dagbag.py:538} INFO - Filling up the DagBag from /home/airflow/.local/lib/python3.7/site-packages/airflow/example_dags/example_latest_only_with_trigger.py
[2023-02-10T00:10:54.331+0000] {processor.py:753} INFO - DAG(s) dict_keys(['latest_only_with_trigger']) retrieved from /home/airflow/.local/lib/python3.7/site-packages/airflow/example_dags/example_latest_only_with_trigger.py
[2023-02-10T00:10:54.372+0000] {logging_mixin.py:137} INFO - [2023-02-10T00:10:54.371+0000] {dag.py:2690} INFO - Sync 1 DAGs
[2023-02-10T00:10:54.412+0000] {logging_mixin.py:137} INFO - [2023-02-10T00:10:54.411+0000] {dag.py:3441} INFO - Setting next_dagrun for latest_only_with_trigger to 2023-02-09T20:10:54.411538+00:00, run_after=2023-02-10T00:10:54.411538+00:00
[2023-02-10T00:10:54.438+0000] {processor.py:175} INFO - Processing /home/airflow/.local/lib/python3.7/site-packages/airflow/example_dags/example_latest_only_with_trigger.py took 0.143 seconds
[2023-02-10T00:11:24.556+0000] {processor.py:153} INFO - Started process (PID=4162) to work on /home/airflow/.local/lib/python3.7/site-packages/airflow/example_dags/example_latest_only_with_trigger.py
[2023-02-10T00:11:24.557+0000] {processor.py:743} INFO - Processing file /home/airflow/.local/lib/python3.7/site-packages/airflow/example_dags/example_latest_only_with_trigger.py for tasks to queue
[2023-02-10T00:11:24.557+0000] {logging_mixin.py:137} INFO - [2023-02-10T00:11:24.557+0000] {dagbag.py:538} INFO - Filling up the DagBag from /home/airflow/.local/lib/python3.7/site-packages/airflow/example_dags/example_latest_only_with_trigger.py
[2023-02-10T00:11:24.574+0000] {processor.py:753} INFO - DAG(s) dict_keys(['latest_only_with_trigger']) retrieved from /home/airflow/.local/lib/python3.7/site-packages/airflow/example_dags/example_latest_only_with_trigger.py
[2023-02-10T00:11:24.606+0000] {logging_mixin.py:137} INFO - [2023-02-10T00:11:24.606+0000] {dag.py:2690} INFO - Sync 1 DAGs
[2023-02-10T00:11:24.643+0000] {logging_mixin.py:137} INFO - [2023-02-10T00:11:24.643+0000] {dag.py:3441} INFO - Setting next_dagrun for latest_only_with_trigger to 2023-02-09T20:11:24.643092+00:00, run_after=2023-02-10T00:11:24.643092+00:00
[2023-02-10T00:11:24.675+0000] {processor.py:175} INFO - Processing /home/airflow/.local/lib/python3.7/site-packages/airflow/example_dags/example_latest_only_with_trigger.py took 0.123 seconds
[2023-02-10T00:11:55.152+0000] {processor.py:153} INFO - Started process (PID=4240) to work on /home/airflow/.local/lib/python3.7/site-packages/airflow/example_dags/example_latest_only_with_trigger.py
[2023-02-10T00:11:55.153+0000] {processor.py:743} INFO - Processing file /home/airflow/.local/lib/python3.7/site-packages/airflow/example_dags/example_latest_only_with_trigger.py for tasks to queue
[2023-02-10T00:11:55.154+0000] {logging_mixin.py:137} INFO - [2023-02-10T00:11:55.154+0000] {dagbag.py:538} INFO - Filling up the DagBag from /home/airflow/.local/lib/python3.7/site-packages/airflow/example_dags/example_latest_only_with_trigger.py
[2023-02-10T00:11:55.204+0000] {processor.py:753} INFO - DAG(s) dict_keys(['latest_only_with_trigger']) retrieved from /home/airflow/.local/lib/python3.7/site-packages/airflow/example_dags/example_latest_only_with_trigger.py
[2023-02-10T00:11:55.270+0000] {logging_mixin.py:137} INFO - [2023-02-10T00:11:55.270+0000] {dag.py:2690} INFO - Sync 1 DAGs
[2023-02-10T00:11:55.306+0000] {logging_mixin.py:137} INFO - [2023-02-10T00:11:55.306+0000] {dag.py:3441} INFO - Setting next_dagrun for latest_only_with_trigger to 2023-02-09T20:11:55.306020+00:00, run_after=2023-02-10T00:11:55.306020+00:00
[2023-02-10T00:11:55.333+0000] {processor.py:175} INFO - Processing /home/airflow/.local/lib/python3.7/site-packages/airflow/example_dags/example_latest_only_with_trigger.py took 0.184 seconds
[2023-02-10T00:12:25.748+0000] {processor.py:153} INFO - Started process (PID=4313) to work on /home/airflow/.local/lib/python3.7/site-packages/airflow/example_dags/example_latest_only_with_trigger.py
[2023-02-10T00:12:25.748+0000] {processor.py:743} INFO - Processing file /home/airflow/.local/lib/python3.7/site-packages/airflow/example_dags/example_latest_only_with_trigger.py for tasks to queue
[2023-02-10T00:12:25.749+0000] {logging_mixin.py:137} INFO - [2023-02-10T00:12:25.749+0000] {dagbag.py:538} INFO - Filling up the DagBag from /home/airflow/.local/lib/python3.7/site-packages/airflow/example_dags/example_latest_only_with_trigger.py
[2023-02-10T00:12:25.761+0000] {processor.py:753} INFO - DAG(s) dict_keys(['latest_only_with_trigger']) retrieved from /home/airflow/.local/lib/python3.7/site-packages/airflow/example_dags/example_latest_only_with_trigger.py
[2023-02-10T00:12:25.784+0000] {logging_mixin.py:137} INFO - [2023-02-10T00:12:25.784+0000] {dag.py:2690} INFO - Sync 1 DAGs
[2023-02-10T00:12:25.809+0000] {logging_mixin.py:137} INFO - [2023-02-10T00:12:25.809+0000] {dag.py:3441} INFO - Setting next_dagrun for latest_only_with_trigger to 2023-02-09T20:12:25.809129+00:00, run_after=2023-02-10T00:12:25.809129+00:00
[2023-02-10T00:12:25.830+0000] {processor.py:175} INFO - Processing /home/airflow/.local/lib/python3.7/site-packages/airflow/example_dags/example_latest_only_with_trigger.py took 0.085 seconds
[2023-02-10T00:12:56.266+0000] {processor.py:153} INFO - Started process (PID=4381) to work on /home/airflow/.local/lib/python3.7/site-packages/airflow/example_dags/example_latest_only_with_trigger.py
[2023-02-10T00:12:56.266+0000] {processor.py:743} INFO - Processing file /home/airflow/.local/lib/python3.7/site-packages/airflow/example_dags/example_latest_only_with_trigger.py for tasks to queue
[2023-02-10T00:12:56.267+0000] {logging_mixin.py:137} INFO - [2023-02-10T00:12:56.267+0000] {dagbag.py:538} INFO - Filling up the DagBag from /home/airflow/.local/lib/python3.7/site-packages/airflow/example_dags/example_latest_only_with_trigger.py
[2023-02-10T00:12:56.283+0000] {processor.py:753} INFO - DAG(s) dict_keys(['latest_only_with_trigger']) retrieved from /home/airflow/.local/lib/python3.7/site-packages/airflow/example_dags/example_latest_only_with_trigger.py
[2023-02-10T00:12:56.312+0000] {logging_mixin.py:137} INFO - [2023-02-10T00:12:56.311+0000] {dag.py:2690} INFO - Sync 1 DAGs
[2023-02-10T00:12:56.350+0000] {logging_mixin.py:137} INFO - [2023-02-10T00:12:56.350+0000] {dag.py:3441} INFO - Setting next_dagrun for latest_only_with_trigger to 2023-02-09T20:12:56.350456+00:00, run_after=2023-02-10T00:12:56.350456+00:00
[2023-02-10T00:12:56.376+0000] {processor.py:175} INFO - Processing /home/airflow/.local/lib/python3.7/site-packages/airflow/example_dags/example_latest_only_with_trigger.py took 0.113 seconds
[2023-02-10T00:13:27.005+0000] {processor.py:153} INFO - Started process (PID=4458) to work on /home/airflow/.local/lib/python3.7/site-packages/airflow/example_dags/example_latest_only_with_trigger.py
[2023-02-10T00:13:27.006+0000] {processor.py:743} INFO - Processing file /home/airflow/.local/lib/python3.7/site-packages/airflow/example_dags/example_latest_only_with_trigger.py for tasks to queue
[2023-02-10T00:13:27.007+0000] {logging_mixin.py:137} INFO - [2023-02-10T00:13:27.007+0000] {dagbag.py:538} INFO - Filling up the DagBag from /home/airflow/.local/lib/python3.7/site-packages/airflow/example_dags/example_latest_only_with_trigger.py
[2023-02-10T00:13:27.024+0000] {processor.py:753} INFO - DAG(s) dict_keys(['latest_only_with_trigger']) retrieved from /home/airflow/.local/lib/python3.7/site-packages/airflow/example_dags/example_latest_only_with_trigger.py
[2023-02-10T00:13:27.059+0000] {logging_mixin.py:137} INFO - [2023-02-10T00:13:27.059+0000] {dag.py:2690} INFO - Sync 1 DAGs
[2023-02-10T00:13:27.095+0000] {logging_mixin.py:137} INFO - [2023-02-10T00:13:27.095+0000] {dag.py:3441} INFO - Setting next_dagrun for latest_only_with_trigger to 2023-02-09T20:13:27.095213+00:00, run_after=2023-02-10T00:13:27.095213+00:00
[2023-02-10T00:13:27.126+0000] {processor.py:175} INFO - Processing /home/airflow/.local/lib/python3.7/site-packages/airflow/example_dags/example_latest_only_with_trigger.py took 0.124 seconds
