[2023-02-10T00:00:11.959+0000] {processor.py:153} INFO - Started process (PID=2572) to work on /home/airflow/.local/lib/python3.7/site-packages/airflow/example_dags/example_kubernetes_executor.py
[2023-02-10T00:00:11.959+0000] {processor.py:743} INFO - Processing file /home/airflow/.local/lib/python3.7/site-packages/airflow/example_dags/example_kubernetes_executor.py for tasks to queue
[2023-02-10T00:00:11.960+0000] {logging_mixin.py:137} INFO - [2023-02-10T00:00:11.960+0000] {dagbag.py:538} INFO - Filling up the DagBag from /home/airflow/.local/lib/python3.7/site-packages/airflow/example_dags/example_kubernetes_executor.py
[2023-02-10T00:00:11.996+0000] {processor.py:753} INFO - DAG(s) dict_keys(['example_kubernetes_executor']) retrieved from /home/airflow/.local/lib/python3.7/site-packages/airflow/example_dags/example_kubernetes_executor.py
[2023-02-10T00:00:12.034+0000] {logging_mixin.py:137} INFO - [2023-02-10T00:00:12.034+0000] {dag.py:2690} INFO - Sync 1 DAGs
[2023-02-10T00:00:12.064+0000] {logging_mixin.py:137} INFO - [2023-02-10T00:00:12.064+0000] {dag.py:3441} INFO - Setting next_dagrun for example_kubernetes_executor to None, run_after=None
[2023-02-10T00:00:12.086+0000] {processor.py:175} INFO - Processing /home/airflow/.local/lib/python3.7/site-packages/airflow/example_dags/example_kubernetes_executor.py took 0.130 seconds
[2023-02-10T00:00:42.752+0000] {processor.py:153} INFO - Started process (PID=2652) to work on /home/airflow/.local/lib/python3.7/site-packages/airflow/example_dags/example_kubernetes_executor.py
[2023-02-10T00:00:42.756+0000] {processor.py:743} INFO - Processing file /home/airflow/.local/lib/python3.7/site-packages/airflow/example_dags/example_kubernetes_executor.py for tasks to queue
[2023-02-10T00:00:42.757+0000] {logging_mixin.py:137} INFO - [2023-02-10T00:00:42.757+0000] {dagbag.py:538} INFO - Filling up the DagBag from /home/airflow/.local/lib/python3.7/site-packages/airflow/example_dags/example_kubernetes_executor.py
[2023-02-10T00:00:42.803+0000] {processor.py:753} INFO - DAG(s) dict_keys(['example_kubernetes_executor']) retrieved from /home/airflow/.local/lib/python3.7/site-packages/airflow/example_dags/example_kubernetes_executor.py
[2023-02-10T00:00:42.837+0000] {logging_mixin.py:137} INFO - [2023-02-10T00:00:42.836+0000] {dag.py:2690} INFO - Sync 1 DAGs
[2023-02-10T00:00:42.873+0000] {logging_mixin.py:137} INFO - [2023-02-10T00:00:42.873+0000] {dag.py:3441} INFO - Setting next_dagrun for example_kubernetes_executor to None, run_after=None
[2023-02-10T00:00:42.901+0000] {processor.py:175} INFO - Processing /home/airflow/.local/lib/python3.7/site-packages/airflow/example_dags/example_kubernetes_executor.py took 0.157 seconds
[2023-02-10T00:01:13.115+0000] {processor.py:153} INFO - Started process (PID=2718) to work on /home/airflow/.local/lib/python3.7/site-packages/airflow/example_dags/example_kubernetes_executor.py
[2023-02-10T00:01:13.116+0000] {processor.py:743} INFO - Processing file /home/airflow/.local/lib/python3.7/site-packages/airflow/example_dags/example_kubernetes_executor.py for tasks to queue
[2023-02-10T00:01:13.116+0000] {logging_mixin.py:137} INFO - [2023-02-10T00:01:13.116+0000] {dagbag.py:538} INFO - Filling up the DagBag from /home/airflow/.local/lib/python3.7/site-packages/airflow/example_dags/example_kubernetes_executor.py
[2023-02-10T00:01:13.151+0000] {processor.py:753} INFO - DAG(s) dict_keys(['example_kubernetes_executor']) retrieved from /home/airflow/.local/lib/python3.7/site-packages/airflow/example_dags/example_kubernetes_executor.py
[2023-02-10T00:01:13.186+0000] {logging_mixin.py:137} INFO - [2023-02-10T00:01:13.186+0000] {dag.py:2690} INFO - Sync 1 DAGs
[2023-02-10T00:01:13.222+0000] {logging_mixin.py:137} INFO - [2023-02-10T00:01:13.222+0000] {dag.py:3441} INFO - Setting next_dagrun for example_kubernetes_executor to None, run_after=None
[2023-02-10T00:01:13.247+0000] {processor.py:175} INFO - Processing /home/airflow/.local/lib/python3.7/site-packages/airflow/example_dags/example_kubernetes_executor.py took 0.135 seconds
[2023-02-10T00:01:43.690+0000] {processor.py:153} INFO - Started process (PID=2785) to work on /home/airflow/.local/lib/python3.7/site-packages/airflow/example_dags/example_kubernetes_executor.py
[2023-02-10T00:01:43.691+0000] {processor.py:743} INFO - Processing file /home/airflow/.local/lib/python3.7/site-packages/airflow/example_dags/example_kubernetes_executor.py for tasks to queue
[2023-02-10T00:01:43.692+0000] {logging_mixin.py:137} INFO - [2023-02-10T00:01:43.692+0000] {dagbag.py:538} INFO - Filling up the DagBag from /home/airflow/.local/lib/python3.7/site-packages/airflow/example_dags/example_kubernetes_executor.py
[2023-02-10T00:01:43.727+0000] {processor.py:753} INFO - DAG(s) dict_keys(['example_kubernetes_executor']) retrieved from /home/airflow/.local/lib/python3.7/site-packages/airflow/example_dags/example_kubernetes_executor.py
[2023-02-10T00:01:43.764+0000] {logging_mixin.py:137} INFO - [2023-02-10T00:01:43.764+0000] {dag.py:2690} INFO - Sync 1 DAGs
[2023-02-10T00:01:43.800+0000] {logging_mixin.py:137} INFO - [2023-02-10T00:01:43.800+0000] {dag.py:3441} INFO - Setting next_dagrun for example_kubernetes_executor to None, run_after=None
[2023-02-10T00:01:43.827+0000] {processor.py:175} INFO - Processing /home/airflow/.local/lib/python3.7/site-packages/airflow/example_dags/example_kubernetes_executor.py took 0.140 seconds
[2023-02-10T00:02:14.118+0000] {processor.py:153} INFO - Started process (PID=2862) to work on /home/airflow/.local/lib/python3.7/site-packages/airflow/example_dags/example_kubernetes_executor.py
[2023-02-10T00:02:14.119+0000] {processor.py:743} INFO - Processing file /home/airflow/.local/lib/python3.7/site-packages/airflow/example_dags/example_kubernetes_executor.py for tasks to queue
[2023-02-10T00:02:14.120+0000] {logging_mixin.py:137} INFO - [2023-02-10T00:02:14.120+0000] {dagbag.py:538} INFO - Filling up the DagBag from /home/airflow/.local/lib/python3.7/site-packages/airflow/example_dags/example_kubernetes_executor.py
[2023-02-10T00:02:14.155+0000] {processor.py:753} INFO - DAG(s) dict_keys(['example_kubernetes_executor']) retrieved from /home/airflow/.local/lib/python3.7/site-packages/airflow/example_dags/example_kubernetes_executor.py
[2023-02-10T00:02:14.193+0000] {logging_mixin.py:137} INFO - [2023-02-10T00:02:14.193+0000] {dag.py:2690} INFO - Sync 1 DAGs
[2023-02-10T00:02:14.229+0000] {logging_mixin.py:137} INFO - [2023-02-10T00:02:14.229+0000] {dag.py:3441} INFO - Setting next_dagrun for example_kubernetes_executor to None, run_after=None
[2023-02-10T00:02:14.258+0000] {processor.py:175} INFO - Processing /home/airflow/.local/lib/python3.7/site-packages/airflow/example_dags/example_kubernetes_executor.py took 0.143 seconds
[2023-02-10T00:02:44.525+0000] {processor.py:153} INFO - Started process (PID=2935) to work on /home/airflow/.local/lib/python3.7/site-packages/airflow/example_dags/example_kubernetes_executor.py
[2023-02-10T00:02:44.526+0000] {processor.py:743} INFO - Processing file /home/airflow/.local/lib/python3.7/site-packages/airflow/example_dags/example_kubernetes_executor.py for tasks to queue
[2023-02-10T00:02:44.527+0000] {logging_mixin.py:137} INFO - [2023-02-10T00:02:44.527+0000] {dagbag.py:538} INFO - Filling up the DagBag from /home/airflow/.local/lib/python3.7/site-packages/airflow/example_dags/example_kubernetes_executor.py
[2023-02-10T00:02:44.561+0000] {processor.py:753} INFO - DAG(s) dict_keys(['example_kubernetes_executor']) retrieved from /home/airflow/.local/lib/python3.7/site-packages/airflow/example_dags/example_kubernetes_executor.py
[2023-02-10T00:02:44.595+0000] {logging_mixin.py:137} INFO - [2023-02-10T00:02:44.595+0000] {dag.py:2690} INFO - Sync 1 DAGs
[2023-02-10T00:02:44.631+0000] {logging_mixin.py:137} INFO - [2023-02-10T00:02:44.630+0000] {dag.py:3441} INFO - Setting next_dagrun for example_kubernetes_executor to None, run_after=None
[2023-02-10T00:02:44.657+0000] {processor.py:175} INFO - Processing /home/airflow/.local/lib/python3.7/site-packages/airflow/example_dags/example_kubernetes_executor.py took 0.134 seconds
[2023-02-10T00:03:14.979+0000] {processor.py:153} INFO - Started process (PID=3004) to work on /home/airflow/.local/lib/python3.7/site-packages/airflow/example_dags/example_kubernetes_executor.py
[2023-02-10T00:03:14.979+0000] {processor.py:743} INFO - Processing file /home/airflow/.local/lib/python3.7/site-packages/airflow/example_dags/example_kubernetes_executor.py for tasks to queue
[2023-02-10T00:03:14.980+0000] {logging_mixin.py:137} INFO - [2023-02-10T00:03:14.980+0000] {dagbag.py:538} INFO - Filling up the DagBag from /home/airflow/.local/lib/python3.7/site-packages/airflow/example_dags/example_kubernetes_executor.py
[2023-02-10T00:03:15.013+0000] {processor.py:753} INFO - DAG(s) dict_keys(['example_kubernetes_executor']) retrieved from /home/airflow/.local/lib/python3.7/site-packages/airflow/example_dags/example_kubernetes_executor.py
[2023-02-10T00:03:15.050+0000] {logging_mixin.py:137} INFO - [2023-02-10T00:03:15.050+0000] {dag.py:2690} INFO - Sync 1 DAGs
[2023-02-10T00:03:15.085+0000] {logging_mixin.py:137} INFO - [2023-02-10T00:03:15.085+0000] {dag.py:3441} INFO - Setting next_dagrun for example_kubernetes_executor to None, run_after=None
[2023-02-10T00:03:15.110+0000] {processor.py:175} INFO - Processing /home/airflow/.local/lib/python3.7/site-packages/airflow/example_dags/example_kubernetes_executor.py took 0.135 seconds
[2023-02-10T00:03:45.366+0000] {processor.py:153} INFO - Started process (PID=3073) to work on /home/airflow/.local/lib/python3.7/site-packages/airflow/example_dags/example_kubernetes_executor.py
[2023-02-10T00:03:45.367+0000] {processor.py:743} INFO - Processing file /home/airflow/.local/lib/python3.7/site-packages/airflow/example_dags/example_kubernetes_executor.py for tasks to queue
[2023-02-10T00:03:45.367+0000] {logging_mixin.py:137} INFO - [2023-02-10T00:03:45.367+0000] {dagbag.py:538} INFO - Filling up the DagBag from /home/airflow/.local/lib/python3.7/site-packages/airflow/example_dags/example_kubernetes_executor.py
[2023-02-10T00:03:45.401+0000] {processor.py:753} INFO - DAG(s) dict_keys(['example_kubernetes_executor']) retrieved from /home/airflow/.local/lib/python3.7/site-packages/airflow/example_dags/example_kubernetes_executor.py
[2023-02-10T00:03:45.439+0000] {logging_mixin.py:137} INFO - [2023-02-10T00:03:45.439+0000] {dag.py:2690} INFO - Sync 1 DAGs
[2023-02-10T00:03:45.475+0000] {logging_mixin.py:137} INFO - [2023-02-10T00:03:45.475+0000] {dag.py:3441} INFO - Setting next_dagrun for example_kubernetes_executor to None, run_after=None
[2023-02-10T00:03:45.508+0000] {processor.py:175} INFO - Processing /home/airflow/.local/lib/python3.7/site-packages/airflow/example_dags/example_kubernetes_executor.py took 0.145 seconds
[2023-02-10T00:04:15.993+0000] {processor.py:153} INFO - Started process (PID=3154) to work on /home/airflow/.local/lib/python3.7/site-packages/airflow/example_dags/example_kubernetes_executor.py
[2023-02-10T00:04:15.993+0000] {processor.py:743} INFO - Processing file /home/airflow/.local/lib/python3.7/site-packages/airflow/example_dags/example_kubernetes_executor.py for tasks to queue
[2023-02-10T00:04:15.994+0000] {logging_mixin.py:137} INFO - [2023-02-10T00:04:15.994+0000] {dagbag.py:538} INFO - Filling up the DagBag from /home/airflow/.local/lib/python3.7/site-packages/airflow/example_dags/example_kubernetes_executor.py
[2023-02-10T00:04:16.029+0000] {processor.py:753} INFO - DAG(s) dict_keys(['example_kubernetes_executor']) retrieved from /home/airflow/.local/lib/python3.7/site-packages/airflow/example_dags/example_kubernetes_executor.py
[2023-02-10T00:04:16.064+0000] {logging_mixin.py:137} INFO - [2023-02-10T00:04:16.063+0000] {dag.py:2690} INFO - Sync 1 DAGs
[2023-02-10T00:04:16.098+0000] {logging_mixin.py:137} INFO - [2023-02-10T00:04:16.098+0000] {dag.py:3441} INFO - Setting next_dagrun for example_kubernetes_executor to None, run_after=None
[2023-02-10T00:04:16.125+0000] {processor.py:175} INFO - Processing /home/airflow/.local/lib/python3.7/site-packages/airflow/example_dags/example_kubernetes_executor.py took 0.135 seconds
[2023-02-10T00:04:46.599+0000] {processor.py:153} INFO - Started process (PID=3222) to work on /home/airflow/.local/lib/python3.7/site-packages/airflow/example_dags/example_kubernetes_executor.py
[2023-02-10T00:04:46.600+0000] {processor.py:743} INFO - Processing file /home/airflow/.local/lib/python3.7/site-packages/airflow/example_dags/example_kubernetes_executor.py for tasks to queue
[2023-02-10T00:04:46.601+0000] {logging_mixin.py:137} INFO - [2023-02-10T00:04:46.601+0000] {dagbag.py:538} INFO - Filling up the DagBag from /home/airflow/.local/lib/python3.7/site-packages/airflow/example_dags/example_kubernetes_executor.py
[2023-02-10T00:04:46.635+0000] {processor.py:753} INFO - DAG(s) dict_keys(['example_kubernetes_executor']) retrieved from /home/airflow/.local/lib/python3.7/site-packages/airflow/example_dags/example_kubernetes_executor.py
[2023-02-10T00:04:46.668+0000] {logging_mixin.py:137} INFO - [2023-02-10T00:04:46.668+0000] {dag.py:2690} INFO - Sync 1 DAGs
[2023-02-10T00:04:46.705+0000] {logging_mixin.py:137} INFO - [2023-02-10T00:04:46.705+0000] {dag.py:3441} INFO - Setting next_dagrun for example_kubernetes_executor to None, run_after=None
[2023-02-10T00:04:46.731+0000] {processor.py:175} INFO - Processing /home/airflow/.local/lib/python3.7/site-packages/airflow/example_dags/example_kubernetes_executor.py took 0.135 seconds
[2023-02-10T00:05:17.105+0000] {processor.py:153} INFO - Started process (PID=3288) to work on /home/airflow/.local/lib/python3.7/site-packages/airflow/example_dags/example_kubernetes_executor.py
[2023-02-10T00:05:17.106+0000] {processor.py:743} INFO - Processing file /home/airflow/.local/lib/python3.7/site-packages/airflow/example_dags/example_kubernetes_executor.py for tasks to queue
[2023-02-10T00:05:17.106+0000] {logging_mixin.py:137} INFO - [2023-02-10T00:05:17.106+0000] {dagbag.py:538} INFO - Filling up the DagBag from /home/airflow/.local/lib/python3.7/site-packages/airflow/example_dags/example_kubernetes_executor.py
[2023-02-10T00:05:17.144+0000] {processor.py:753} INFO - DAG(s) dict_keys(['example_kubernetes_executor']) retrieved from /home/airflow/.local/lib/python3.7/site-packages/airflow/example_dags/example_kubernetes_executor.py
[2023-02-10T00:05:17.187+0000] {logging_mixin.py:137} INFO - [2023-02-10T00:05:17.187+0000] {dag.py:2690} INFO - Sync 1 DAGs
[2023-02-10T00:05:17.225+0000] {logging_mixin.py:137} INFO - [2023-02-10T00:05:17.224+0000] {dag.py:3441} INFO - Setting next_dagrun for example_kubernetes_executor to None, run_after=None
[2023-02-10T00:05:17.256+0000] {processor.py:175} INFO - Processing /home/airflow/.local/lib/python3.7/site-packages/airflow/example_dags/example_kubernetes_executor.py took 0.155 seconds
[2023-02-10T00:05:48.167+0000] {processor.py:153} INFO - Started process (PID=3372) to work on /home/airflow/.local/lib/python3.7/site-packages/airflow/example_dags/example_kubernetes_executor.py
[2023-02-10T00:05:48.167+0000] {processor.py:743} INFO - Processing file /home/airflow/.local/lib/python3.7/site-packages/airflow/example_dags/example_kubernetes_executor.py for tasks to queue
[2023-02-10T00:05:48.168+0000] {logging_mixin.py:137} INFO - [2023-02-10T00:05:48.168+0000] {dagbag.py:538} INFO - Filling up the DagBag from /home/airflow/.local/lib/python3.7/site-packages/airflow/example_dags/example_kubernetes_executor.py
[2023-02-10T00:05:48.203+0000] {processor.py:753} INFO - DAG(s) dict_keys(['example_kubernetes_executor']) retrieved from /home/airflow/.local/lib/python3.7/site-packages/airflow/example_dags/example_kubernetes_executor.py
[2023-02-10T00:05:48.239+0000] {logging_mixin.py:137} INFO - [2023-02-10T00:05:48.239+0000] {dag.py:2690} INFO - Sync 1 DAGs
[2023-02-10T00:05:48.273+0000] {logging_mixin.py:137} INFO - [2023-02-10T00:05:48.273+0000] {dag.py:3441} INFO - Setting next_dagrun for example_kubernetes_executor to None, run_after=None
[2023-02-10T00:05:48.296+0000] {processor.py:175} INFO - Processing /home/airflow/.local/lib/python3.7/site-packages/airflow/example_dags/example_kubernetes_executor.py took 0.132 seconds
[2023-02-10T00:06:19.048+0000] {processor.py:153} INFO - Started process (PID=3441) to work on /home/airflow/.local/lib/python3.7/site-packages/airflow/example_dags/example_kubernetes_executor.py
[2023-02-10T00:06:19.049+0000] {processor.py:743} INFO - Processing file /home/airflow/.local/lib/python3.7/site-packages/airflow/example_dags/example_kubernetes_executor.py for tasks to queue
[2023-02-10T00:06:19.049+0000] {logging_mixin.py:137} INFO - [2023-02-10T00:06:19.049+0000] {dagbag.py:538} INFO - Filling up the DagBag from /home/airflow/.local/lib/python3.7/site-packages/airflow/example_dags/example_kubernetes_executor.py
[2023-02-10T00:06:19.084+0000] {processor.py:753} INFO - DAG(s) dict_keys(['example_kubernetes_executor']) retrieved from /home/airflow/.local/lib/python3.7/site-packages/airflow/example_dags/example_kubernetes_executor.py
[2023-02-10T00:06:19.120+0000] {logging_mixin.py:137} INFO - [2023-02-10T00:06:19.120+0000] {dag.py:2690} INFO - Sync 1 DAGs
[2023-02-10T00:06:19.157+0000] {logging_mixin.py:137} INFO - [2023-02-10T00:06:19.157+0000] {dag.py:3441} INFO - Setting next_dagrun for example_kubernetes_executor to None, run_after=None
[2023-02-10T00:06:19.184+0000] {processor.py:175} INFO - Processing /home/airflow/.local/lib/python3.7/site-packages/airflow/example_dags/example_kubernetes_executor.py took 0.139 seconds
[2023-02-10T00:06:49.482+0000] {processor.py:153} INFO - Started process (PID=3510) to work on /home/airflow/.local/lib/python3.7/site-packages/airflow/example_dags/example_kubernetes_executor.py
[2023-02-10T00:06:49.483+0000] {processor.py:743} INFO - Processing file /home/airflow/.local/lib/python3.7/site-packages/airflow/example_dags/example_kubernetes_executor.py for tasks to queue
[2023-02-10T00:06:49.484+0000] {logging_mixin.py:137} INFO - [2023-02-10T00:06:49.484+0000] {dagbag.py:538} INFO - Filling up the DagBag from /home/airflow/.local/lib/python3.7/site-packages/airflow/example_dags/example_kubernetes_executor.py
[2023-02-10T00:06:49.531+0000] {processor.py:753} INFO - DAG(s) dict_keys(['example_kubernetes_executor']) retrieved from /home/airflow/.local/lib/python3.7/site-packages/airflow/example_dags/example_kubernetes_executor.py
[2023-02-10T00:06:49.567+0000] {logging_mixin.py:137} INFO - [2023-02-10T00:06:49.566+0000] {dag.py:2690} INFO - Sync 1 DAGs
[2023-02-10T00:06:49.602+0000] {logging_mixin.py:137} INFO - [2023-02-10T00:06:49.602+0000] {dag.py:3441} INFO - Setting next_dagrun for example_kubernetes_executor to None, run_after=None
[2023-02-10T00:06:49.628+0000] {processor.py:175} INFO - Processing /home/airflow/.local/lib/python3.7/site-packages/airflow/example_dags/example_kubernetes_executor.py took 0.151 seconds
[2023-02-10T00:07:20.455+0000] {processor.py:153} INFO - Started process (PID=3593) to work on /home/airflow/.local/lib/python3.7/site-packages/airflow/example_dags/example_kubernetes_executor.py
[2023-02-10T00:07:20.456+0000] {processor.py:743} INFO - Processing file /home/airflow/.local/lib/python3.7/site-packages/airflow/example_dags/example_kubernetes_executor.py for tasks to queue
[2023-02-10T00:07:20.457+0000] {logging_mixin.py:137} INFO - [2023-02-10T00:07:20.456+0000] {dagbag.py:538} INFO - Filling up the DagBag from /home/airflow/.local/lib/python3.7/site-packages/airflow/example_dags/example_kubernetes_executor.py
[2023-02-10T00:07:20.491+0000] {processor.py:753} INFO - DAG(s) dict_keys(['example_kubernetes_executor']) retrieved from /home/airflow/.local/lib/python3.7/site-packages/airflow/example_dags/example_kubernetes_executor.py
[2023-02-10T00:07:20.527+0000] {logging_mixin.py:137} INFO - [2023-02-10T00:07:20.527+0000] {dag.py:2690} INFO - Sync 1 DAGs
[2023-02-10T00:07:20.563+0000] {logging_mixin.py:137} INFO - [2023-02-10T00:07:20.563+0000] {dag.py:3441} INFO - Setting next_dagrun for example_kubernetes_executor to None, run_after=None
[2023-02-10T00:07:20.590+0000] {processor.py:175} INFO - Processing /home/airflow/.local/lib/python3.7/site-packages/airflow/example_dags/example_kubernetes_executor.py took 0.138 seconds
[2023-02-10T00:07:50.703+0000] {processor.py:153} INFO - Started process (PID=3661) to work on /home/airflow/.local/lib/python3.7/site-packages/airflow/example_dags/example_kubernetes_executor.py
[2023-02-10T00:07:50.704+0000] {processor.py:743} INFO - Processing file /home/airflow/.local/lib/python3.7/site-packages/airflow/example_dags/example_kubernetes_executor.py for tasks to queue
[2023-02-10T00:07:50.704+0000] {logging_mixin.py:137} INFO - [2023-02-10T00:07:50.704+0000] {dagbag.py:538} INFO - Filling up the DagBag from /home/airflow/.local/lib/python3.7/site-packages/airflow/example_dags/example_kubernetes_executor.py
[2023-02-10T00:07:50.739+0000] {processor.py:753} INFO - DAG(s) dict_keys(['example_kubernetes_executor']) retrieved from /home/airflow/.local/lib/python3.7/site-packages/airflow/example_dags/example_kubernetes_executor.py
[2023-02-10T00:07:50.775+0000] {logging_mixin.py:137} INFO - [2023-02-10T00:07:50.774+0000] {dag.py:2690} INFO - Sync 1 DAGs
[2023-02-10T00:07:50.810+0000] {logging_mixin.py:137} INFO - [2023-02-10T00:07:50.810+0000] {dag.py:3441} INFO - Setting next_dagrun for example_kubernetes_executor to None, run_after=None
[2023-02-10T00:07:50.835+0000] {processor.py:175} INFO - Processing /home/airflow/.local/lib/python3.7/site-packages/airflow/example_dags/example_kubernetes_executor.py took 0.135 seconds
[2023-02-10T00:08:21.245+0000] {processor.py:153} INFO - Started process (PID=3730) to work on /home/airflow/.local/lib/python3.7/site-packages/airflow/example_dags/example_kubernetes_executor.py
[2023-02-10T00:08:21.246+0000] {processor.py:743} INFO - Processing file /home/airflow/.local/lib/python3.7/site-packages/airflow/example_dags/example_kubernetes_executor.py for tasks to queue
[2023-02-10T00:08:21.246+0000] {logging_mixin.py:137} INFO - [2023-02-10T00:08:21.246+0000] {dagbag.py:538} INFO - Filling up the DagBag from /home/airflow/.local/lib/python3.7/site-packages/airflow/example_dags/example_kubernetes_executor.py
[2023-02-10T00:08:21.280+0000] {processor.py:753} INFO - DAG(s) dict_keys(['example_kubernetes_executor']) retrieved from /home/airflow/.local/lib/python3.7/site-packages/airflow/example_dags/example_kubernetes_executor.py
[2023-02-10T00:08:21.316+0000] {logging_mixin.py:137} INFO - [2023-02-10T00:08:21.316+0000] {dag.py:2690} INFO - Sync 1 DAGs
[2023-02-10T00:08:21.354+0000] {logging_mixin.py:137} INFO - [2023-02-10T00:08:21.354+0000] {dag.py:3441} INFO - Setting next_dagrun for example_kubernetes_executor to None, run_after=None
[2023-02-10T00:08:21.380+0000] {processor.py:175} INFO - Processing /home/airflow/.local/lib/python3.7/site-packages/airflow/example_dags/example_kubernetes_executor.py took 0.138 seconds
[2023-02-10T00:08:52.059+0000] {processor.py:153} INFO - Started process (PID=3811) to work on /home/airflow/.local/lib/python3.7/site-packages/airflow/example_dags/example_kubernetes_executor.py
[2023-02-10T00:08:52.060+0000] {processor.py:743} INFO - Processing file /home/airflow/.local/lib/python3.7/site-packages/airflow/example_dags/example_kubernetes_executor.py for tasks to queue
[2023-02-10T00:08:52.061+0000] {logging_mixin.py:137} INFO - [2023-02-10T00:08:52.061+0000] {dagbag.py:538} INFO - Filling up the DagBag from /home/airflow/.local/lib/python3.7/site-packages/airflow/example_dags/example_kubernetes_executor.py
[2023-02-10T00:08:52.104+0000] {processor.py:753} INFO - DAG(s) dict_keys(['example_kubernetes_executor']) retrieved from /home/airflow/.local/lib/python3.7/site-packages/airflow/example_dags/example_kubernetes_executor.py
[2023-02-10T00:08:52.143+0000] {logging_mixin.py:137} INFO - [2023-02-10T00:08:52.143+0000] {dag.py:2690} INFO - Sync 1 DAGs
[2023-02-10T00:08:52.181+0000] {logging_mixin.py:137} INFO - [2023-02-10T00:08:52.181+0000] {dag.py:3441} INFO - Setting next_dagrun for example_kubernetes_executor to None, run_after=None
[2023-02-10T00:08:52.209+0000] {processor.py:175} INFO - Processing /home/airflow/.local/lib/python3.7/site-packages/airflow/example_dags/example_kubernetes_executor.py took 0.153 seconds
[2023-02-10T00:09:22.461+0000] {processor.py:153} INFO - Started process (PID=3879) to work on /home/airflow/.local/lib/python3.7/site-packages/airflow/example_dags/example_kubernetes_executor.py
[2023-02-10T00:09:22.462+0000] {processor.py:743} INFO - Processing file /home/airflow/.local/lib/python3.7/site-packages/airflow/example_dags/example_kubernetes_executor.py for tasks to queue
[2023-02-10T00:09:22.462+0000] {logging_mixin.py:137} INFO - [2023-02-10T00:09:22.462+0000] {dagbag.py:538} INFO - Filling up the DagBag from /home/airflow/.local/lib/python3.7/site-packages/airflow/example_dags/example_kubernetes_executor.py
[2023-02-10T00:09:22.499+0000] {processor.py:753} INFO - DAG(s) dict_keys(['example_kubernetes_executor']) retrieved from /home/airflow/.local/lib/python3.7/site-packages/airflow/example_dags/example_kubernetes_executor.py
[2023-02-10T00:09:22.535+0000] {logging_mixin.py:137} INFO - [2023-02-10T00:09:22.535+0000] {dag.py:2690} INFO - Sync 1 DAGs
[2023-02-10T00:09:22.571+0000] {logging_mixin.py:137} INFO - [2023-02-10T00:09:22.571+0000] {dag.py:3441} INFO - Setting next_dagrun for example_kubernetes_executor to None, run_after=None
[2023-02-10T00:09:22.599+0000] {processor.py:175} INFO - Processing /home/airflow/.local/lib/python3.7/site-packages/airflow/example_dags/example_kubernetes_executor.py took 0.141 seconds
[2023-02-10T00:09:52.733+0000] {processor.py:153} INFO - Started process (PID=3946) to work on /home/airflow/.local/lib/python3.7/site-packages/airflow/example_dags/example_kubernetes_executor.py
[2023-02-10T00:09:52.734+0000] {processor.py:743} INFO - Processing file /home/airflow/.local/lib/python3.7/site-packages/airflow/example_dags/example_kubernetes_executor.py for tasks to queue
[2023-02-10T00:09:52.734+0000] {logging_mixin.py:137} INFO - [2023-02-10T00:09:52.734+0000] {dagbag.py:538} INFO - Filling up the DagBag from /home/airflow/.local/lib/python3.7/site-packages/airflow/example_dags/example_kubernetes_executor.py
[2023-02-10T00:09:52.771+0000] {processor.py:753} INFO - DAG(s) dict_keys(['example_kubernetes_executor']) retrieved from /home/airflow/.local/lib/python3.7/site-packages/airflow/example_dags/example_kubernetes_executor.py
[2023-02-10T00:09:52.809+0000] {logging_mixin.py:137} INFO - [2023-02-10T00:09:52.808+0000] {dag.py:2690} INFO - Sync 1 DAGs
[2023-02-10T00:09:52.844+0000] {logging_mixin.py:137} INFO - [2023-02-10T00:09:52.843+0000] {dag.py:3441} INFO - Setting next_dagrun for example_kubernetes_executor to None, run_after=None
[2023-02-10T00:09:52.874+0000] {processor.py:175} INFO - Processing /home/airflow/.local/lib/python3.7/site-packages/airflow/example_dags/example_kubernetes_executor.py took 0.144 seconds
[2023-02-10T00:10:23.627+0000] {processor.py:153} INFO - Started process (PID=4024) to work on /home/airflow/.local/lib/python3.7/site-packages/airflow/example_dags/example_kubernetes_executor.py
[2023-02-10T00:10:23.628+0000] {processor.py:743} INFO - Processing file /home/airflow/.local/lib/python3.7/site-packages/airflow/example_dags/example_kubernetes_executor.py for tasks to queue
[2023-02-10T00:10:23.629+0000] {logging_mixin.py:137} INFO - [2023-02-10T00:10:23.629+0000] {dagbag.py:538} INFO - Filling up the DagBag from /home/airflow/.local/lib/python3.7/site-packages/airflow/example_dags/example_kubernetes_executor.py
[2023-02-10T00:10:23.664+0000] {processor.py:753} INFO - DAG(s) dict_keys(['example_kubernetes_executor']) retrieved from /home/airflow/.local/lib/python3.7/site-packages/airflow/example_dags/example_kubernetes_executor.py
[2023-02-10T00:10:23.702+0000] {logging_mixin.py:137} INFO - [2023-02-10T00:10:23.702+0000] {dag.py:2690} INFO - Sync 1 DAGs
[2023-02-10T00:10:23.739+0000] {logging_mixin.py:137} INFO - [2023-02-10T00:10:23.738+0000] {dag.py:3441} INFO - Setting next_dagrun for example_kubernetes_executor to None, run_after=None
[2023-02-10T00:10:23.766+0000] {processor.py:175} INFO - Processing /home/airflow/.local/lib/python3.7/site-packages/airflow/example_dags/example_kubernetes_executor.py took 0.141 seconds
[2023-02-10T00:10:54.463+0000] {processor.py:153} INFO - Started process (PID=4097) to work on /home/airflow/.local/lib/python3.7/site-packages/airflow/example_dags/example_kubernetes_executor.py
[2023-02-10T00:10:54.464+0000] {processor.py:743} INFO - Processing file /home/airflow/.local/lib/python3.7/site-packages/airflow/example_dags/example_kubernetes_executor.py for tasks to queue
[2023-02-10T00:10:54.465+0000] {logging_mixin.py:137} INFO - [2023-02-10T00:10:54.465+0000] {dagbag.py:538} INFO - Filling up the DagBag from /home/airflow/.local/lib/python3.7/site-packages/airflow/example_dags/example_kubernetes_executor.py
[2023-02-10T00:10:54.502+0000] {processor.py:753} INFO - DAG(s) dict_keys(['example_kubernetes_executor']) retrieved from /home/airflow/.local/lib/python3.7/site-packages/airflow/example_dags/example_kubernetes_executor.py
[2023-02-10T00:10:54.542+0000] {logging_mixin.py:137} INFO - [2023-02-10T00:10:54.542+0000] {dag.py:2690} INFO - Sync 1 DAGs
[2023-02-10T00:10:54.580+0000] {logging_mixin.py:137} INFO - [2023-02-10T00:10:54.579+0000] {dag.py:3441} INFO - Setting next_dagrun for example_kubernetes_executor to None, run_after=None
[2023-02-10T00:10:54.607+0000] {processor.py:175} INFO - Processing /home/airflow/.local/lib/python3.7/site-packages/airflow/example_dags/example_kubernetes_executor.py took 0.147 seconds
[2023-02-10T00:11:24.718+0000] {processor.py:153} INFO - Started process (PID=4165) to work on /home/airflow/.local/lib/python3.7/site-packages/airflow/example_dags/example_kubernetes_executor.py
[2023-02-10T00:11:24.718+0000] {processor.py:743} INFO - Processing file /home/airflow/.local/lib/python3.7/site-packages/airflow/example_dags/example_kubernetes_executor.py for tasks to queue
[2023-02-10T00:11:24.719+0000] {logging_mixin.py:137} INFO - [2023-02-10T00:11:24.719+0000] {dagbag.py:538} INFO - Filling up the DagBag from /home/airflow/.local/lib/python3.7/site-packages/airflow/example_dags/example_kubernetes_executor.py
[2023-02-10T00:11:24.758+0000] {processor.py:753} INFO - DAG(s) dict_keys(['example_kubernetes_executor']) retrieved from /home/airflow/.local/lib/python3.7/site-packages/airflow/example_dags/example_kubernetes_executor.py
[2023-02-10T00:11:24.796+0000] {logging_mixin.py:137} INFO - [2023-02-10T00:11:24.796+0000] {dag.py:2690} INFO - Sync 1 DAGs
[2023-02-10T00:11:24.830+0000] {logging_mixin.py:137} INFO - [2023-02-10T00:11:24.830+0000] {dag.py:3441} INFO - Setting next_dagrun for example_kubernetes_executor to None, run_after=None
[2023-02-10T00:11:24.857+0000] {processor.py:175} INFO - Processing /home/airflow/.local/lib/python3.7/site-packages/airflow/example_dags/example_kubernetes_executor.py took 0.142 seconds
[2023-02-10T00:11:55.357+0000] {processor.py:153} INFO - Started process (PID=4247) to work on /home/airflow/.local/lib/python3.7/site-packages/airflow/example_dags/example_kubernetes_executor.py
[2023-02-10T00:11:55.358+0000] {processor.py:743} INFO - Processing file /home/airflow/.local/lib/python3.7/site-packages/airflow/example_dags/example_kubernetes_executor.py for tasks to queue
[2023-02-10T00:11:55.359+0000] {logging_mixin.py:137} INFO - [2023-02-10T00:11:55.359+0000] {dagbag.py:538} INFO - Filling up the DagBag from /home/airflow/.local/lib/python3.7/site-packages/airflow/example_dags/example_kubernetes_executor.py
[2023-02-10T00:11:55.396+0000] {processor.py:753} INFO - DAG(s) dict_keys(['example_kubernetes_executor']) retrieved from /home/airflow/.local/lib/python3.7/site-packages/airflow/example_dags/example_kubernetes_executor.py
[2023-02-10T00:11:55.432+0000] {logging_mixin.py:137} INFO - [2023-02-10T00:11:55.432+0000] {dag.py:2690} INFO - Sync 1 DAGs
[2023-02-10T00:11:55.470+0000] {logging_mixin.py:137} INFO - [2023-02-10T00:11:55.470+0000] {dag.py:3441} INFO - Setting next_dagrun for example_kubernetes_executor to None, run_after=None
[2023-02-10T00:11:55.504+0000] {processor.py:175} INFO - Processing /home/airflow/.local/lib/python3.7/site-packages/airflow/example_dags/example_kubernetes_executor.py took 0.149 seconds
[2023-02-10T00:12:25.849+0000] {processor.py:153} INFO - Started process (PID=4315) to work on /home/airflow/.local/lib/python3.7/site-packages/airflow/example_dags/example_kubernetes_executor.py
[2023-02-10T00:12:25.849+0000] {processor.py:743} INFO - Processing file /home/airflow/.local/lib/python3.7/site-packages/airflow/example_dags/example_kubernetes_executor.py for tasks to queue
[2023-02-10T00:12:25.850+0000] {logging_mixin.py:137} INFO - [2023-02-10T00:12:25.850+0000] {dagbag.py:538} INFO - Filling up the DagBag from /home/airflow/.local/lib/python3.7/site-packages/airflow/example_dags/example_kubernetes_executor.py
[2023-02-10T00:12:25.875+0000] {processor.py:753} INFO - DAG(s) dict_keys(['example_kubernetes_executor']) retrieved from /home/airflow/.local/lib/python3.7/site-packages/airflow/example_dags/example_kubernetes_executor.py
[2023-02-10T00:12:25.900+0000] {logging_mixin.py:137} INFO - [2023-02-10T00:12:25.900+0000] {dag.py:2690} INFO - Sync 1 DAGs
[2023-02-10T00:12:25.926+0000] {logging_mixin.py:137} INFO - [2023-02-10T00:12:25.926+0000] {dag.py:3441} INFO - Setting next_dagrun for example_kubernetes_executor to None, run_after=None
[2023-02-10T00:12:25.944+0000] {processor.py:175} INFO - Processing /home/airflow/.local/lib/python3.7/site-packages/airflow/example_dags/example_kubernetes_executor.py took 0.098 seconds
[2023-02-10T00:12:56.409+0000] {processor.py:153} INFO - Started process (PID=4383) to work on /home/airflow/.local/lib/python3.7/site-packages/airflow/example_dags/example_kubernetes_executor.py
[2023-02-10T00:12:56.409+0000] {processor.py:743} INFO - Processing file /home/airflow/.local/lib/python3.7/site-packages/airflow/example_dags/example_kubernetes_executor.py for tasks to queue
[2023-02-10T00:12:56.410+0000] {logging_mixin.py:137} INFO - [2023-02-10T00:12:56.410+0000] {dagbag.py:538} INFO - Filling up the DagBag from /home/airflow/.local/lib/python3.7/site-packages/airflow/example_dags/example_kubernetes_executor.py
[2023-02-10T00:12:56.462+0000] {processor.py:753} INFO - DAG(s) dict_keys(['example_kubernetes_executor']) retrieved from /home/airflow/.local/lib/python3.7/site-packages/airflow/example_dags/example_kubernetes_executor.py
[2023-02-10T00:12:56.501+0000] {logging_mixin.py:137} INFO - [2023-02-10T00:12:56.501+0000] {dag.py:2690} INFO - Sync 1 DAGs
[2023-02-10T00:12:56.539+0000] {logging_mixin.py:137} INFO - [2023-02-10T00:12:56.538+0000] {dag.py:3441} INFO - Setting next_dagrun for example_kubernetes_executor to None, run_after=None
[2023-02-10T00:12:56.566+0000] {processor.py:175} INFO - Processing /home/airflow/.local/lib/python3.7/site-packages/airflow/example_dags/example_kubernetes_executor.py took 0.162 seconds
[2023-02-10T00:13:27.156+0000] {processor.py:153} INFO - Started process (PID=4460) to work on /home/airflow/.local/lib/python3.7/site-packages/airflow/example_dags/example_kubernetes_executor.py
[2023-02-10T00:13:27.156+0000] {processor.py:743} INFO - Processing file /home/airflow/.local/lib/python3.7/site-packages/airflow/example_dags/example_kubernetes_executor.py for tasks to queue
[2023-02-10T00:13:27.157+0000] {logging_mixin.py:137} INFO - [2023-02-10T00:13:27.157+0000] {dagbag.py:538} INFO - Filling up the DagBag from /home/airflow/.local/lib/python3.7/site-packages/airflow/example_dags/example_kubernetes_executor.py
[2023-02-10T00:13:27.193+0000] {processor.py:753} INFO - DAG(s) dict_keys(['example_kubernetes_executor']) retrieved from /home/airflow/.local/lib/python3.7/site-packages/airflow/example_dags/example_kubernetes_executor.py
[2023-02-10T00:13:27.234+0000] {logging_mixin.py:137} INFO - [2023-02-10T00:13:27.234+0000] {dag.py:2690} INFO - Sync 1 DAGs
[2023-02-10T00:13:27.273+0000] {logging_mixin.py:137} INFO - [2023-02-10T00:13:27.273+0000] {dag.py:3441} INFO - Setting next_dagrun for example_kubernetes_executor to None, run_after=None
[2023-02-10T00:13:27.304+0000] {processor.py:175} INFO - Processing /home/airflow/.local/lib/python3.7/site-packages/airflow/example_dags/example_kubernetes_executor.py took 0.153 seconds
