[2023-02-10T00:00:09.425+0000] {processor.py:153} INFO - Started process (PID=2539) to work on /home/airflow/.local/lib/python3.7/site-packages/airflow/example_dags/example_dag_decorator.py
[2023-02-10T00:00:09.426+0000] {processor.py:743} INFO - Processing file /home/airflow/.local/lib/python3.7/site-packages/airflow/example_dags/example_dag_decorator.py for tasks to queue
[2023-02-10T00:00:09.427+0000] {logging_mixin.py:137} INFO - [2023-02-10T00:00:09.427+0000] {dagbag.py:538} INFO - Filling up the DagBag from /home/airflow/.local/lib/python3.7/site-packages/airflow/example_dags/example_dag_decorator.py
[2023-02-10T00:00:09.458+0000] {logging_mixin.py:137} INFO - [2023-02-10T00:00:09.458+0000] {taskmixin.py:205} WARNING - Dependency <Task(_PythonDecoratedOperator): prepare_email>, send_email already registered for DAG: example_dag_decorator
[2023-02-10T00:00:09.459+0000] {logging_mixin.py:137} INFO - [2023-02-10T00:00:09.458+0000] {taskmixin.py:205} WARNING - Dependency <Task(EmailOperator): send_email>, prepare_email already registered for DAG: example_dag_decorator
[2023-02-10T00:00:09.474+0000] {processor.py:753} INFO - DAG(s) dict_keys(['example_dag_decorator']) retrieved from /home/airflow/.local/lib/python3.7/site-packages/airflow/example_dags/example_dag_decorator.py
[2023-02-10T00:00:09.564+0000] {logging_mixin.py:137} INFO - [2023-02-10T00:00:09.564+0000] {dag.py:2690} INFO - Sync 1 DAGs
[2023-02-10T00:00:09.600+0000] {logging_mixin.py:137} INFO - [2023-02-10T00:00:09.600+0000] {dag.py:3441} INFO - Setting next_dagrun for example_dag_decorator to None, run_after=None
[2023-02-10T00:00:09.627+0000] {processor.py:175} INFO - Processing /home/airflow/.local/lib/python3.7/site-packages/airflow/example_dags/example_dag_decorator.py took 0.207 seconds
[2023-02-10T00:00:39.788+0000] {processor.py:153} INFO - Started process (PID=2606) to work on /home/airflow/.local/lib/python3.7/site-packages/airflow/example_dags/example_dag_decorator.py
[2023-02-10T00:00:39.790+0000] {processor.py:743} INFO - Processing file /home/airflow/.local/lib/python3.7/site-packages/airflow/example_dags/example_dag_decorator.py for tasks to queue
[2023-02-10T00:00:39.791+0000] {logging_mixin.py:137} INFO - [2023-02-10T00:00:39.790+0000] {dagbag.py:538} INFO - Filling up the DagBag from /home/airflow/.local/lib/python3.7/site-packages/airflow/example_dags/example_dag_decorator.py
[2023-02-10T00:00:39.825+0000] {logging_mixin.py:137} INFO - [2023-02-10T00:00:39.824+0000] {taskmixin.py:205} WARNING - Dependency <Task(_PythonDecoratedOperator): prepare_email>, send_email already registered for DAG: example_dag_decorator
[2023-02-10T00:00:39.825+0000] {logging_mixin.py:137} INFO - [2023-02-10T00:00:39.825+0000] {taskmixin.py:205} WARNING - Dependency <Task(EmailOperator): send_email>, prepare_email already registered for DAG: example_dag_decorator
[2023-02-10T00:00:39.842+0000] {processor.py:753} INFO - DAG(s) dict_keys(['example_dag_decorator']) retrieved from /home/airflow/.local/lib/python3.7/site-packages/airflow/example_dags/example_dag_decorator.py
[2023-02-10T00:00:39.942+0000] {logging_mixin.py:137} INFO - [2023-02-10T00:00:39.942+0000] {dag.py:2690} INFO - Sync 1 DAGs
[2023-02-10T00:00:39.980+0000] {logging_mixin.py:137} INFO - [2023-02-10T00:00:39.980+0000] {dag.py:3441} INFO - Setting next_dagrun for example_dag_decorator to None, run_after=None
[2023-02-10T00:00:40.013+0000] {processor.py:175} INFO - Processing /home/airflow/.local/lib/python3.7/site-packages/airflow/example_dags/example_dag_decorator.py took 0.230 seconds
[2023-02-10T00:01:10.629+0000] {processor.py:153} INFO - Started process (PID=2686) to work on /home/airflow/.local/lib/python3.7/site-packages/airflow/example_dags/example_dag_decorator.py
[2023-02-10T00:01:10.630+0000] {processor.py:743} INFO - Processing file /home/airflow/.local/lib/python3.7/site-packages/airflow/example_dags/example_dag_decorator.py for tasks to queue
[2023-02-10T00:01:10.631+0000] {logging_mixin.py:137} INFO - [2023-02-10T00:01:10.631+0000] {dagbag.py:538} INFO - Filling up the DagBag from /home/airflow/.local/lib/python3.7/site-packages/airflow/example_dags/example_dag_decorator.py
[2023-02-10T00:01:10.664+0000] {logging_mixin.py:137} INFO - [2023-02-10T00:01:10.664+0000] {taskmixin.py:205} WARNING - Dependency <Task(_PythonDecoratedOperator): prepare_email>, send_email already registered for DAG: example_dag_decorator
[2023-02-10T00:01:10.664+0000] {logging_mixin.py:137} INFO - [2023-02-10T00:01:10.664+0000] {taskmixin.py:205} WARNING - Dependency <Task(EmailOperator): send_email>, prepare_email already registered for DAG: example_dag_decorator
[2023-02-10T00:01:10.687+0000] {processor.py:753} INFO - DAG(s) dict_keys(['example_dag_decorator']) retrieved from /home/airflow/.local/lib/python3.7/site-packages/airflow/example_dags/example_dag_decorator.py
[2023-02-10T00:01:10.789+0000] {logging_mixin.py:137} INFO - [2023-02-10T00:01:10.789+0000] {dag.py:2690} INFO - Sync 1 DAGs
[2023-02-10T00:01:10.822+0000] {logging_mixin.py:137} INFO - [2023-02-10T00:01:10.822+0000] {dag.py:3441} INFO - Setting next_dagrun for example_dag_decorator to None, run_after=None
[2023-02-10T00:01:10.853+0000] {processor.py:175} INFO - Processing /home/airflow/.local/lib/python3.7/site-packages/airflow/example_dags/example_dag_decorator.py took 0.227 seconds
[2023-02-10T00:01:41.040+0000] {processor.py:153} INFO - Started process (PID=2754) to work on /home/airflow/.local/lib/python3.7/site-packages/airflow/example_dags/example_dag_decorator.py
[2023-02-10T00:01:41.041+0000] {processor.py:743} INFO - Processing file /home/airflow/.local/lib/python3.7/site-packages/airflow/example_dags/example_dag_decorator.py for tasks to queue
[2023-02-10T00:01:41.042+0000] {logging_mixin.py:137} INFO - [2023-02-10T00:01:41.041+0000] {dagbag.py:538} INFO - Filling up the DagBag from /home/airflow/.local/lib/python3.7/site-packages/airflow/example_dags/example_dag_decorator.py
[2023-02-10T00:01:41.066+0000] {logging_mixin.py:137} INFO - [2023-02-10T00:01:41.066+0000] {taskmixin.py:205} WARNING - Dependency <Task(_PythonDecoratedOperator): prepare_email>, send_email already registered for DAG: example_dag_decorator
[2023-02-10T00:01:41.066+0000] {logging_mixin.py:137} INFO - [2023-02-10T00:01:41.066+0000] {taskmixin.py:205} WARNING - Dependency <Task(EmailOperator): send_email>, prepare_email already registered for DAG: example_dag_decorator
[2023-02-10T00:01:41.083+0000] {processor.py:753} INFO - DAG(s) dict_keys(['example_dag_decorator']) retrieved from /home/airflow/.local/lib/python3.7/site-packages/airflow/example_dags/example_dag_decorator.py
[2023-02-10T00:01:41.185+0000] {logging_mixin.py:137} INFO - [2023-02-10T00:01:41.185+0000] {dag.py:2690} INFO - Sync 1 DAGs
[2023-02-10T00:01:41.221+0000] {logging_mixin.py:137} INFO - [2023-02-10T00:01:41.221+0000] {dag.py:3441} INFO - Setting next_dagrun for example_dag_decorator to None, run_after=None
[2023-02-10T00:01:41.264+0000] {processor.py:175} INFO - Processing /home/airflow/.local/lib/python3.7/site-packages/airflow/example_dags/example_dag_decorator.py took 0.228 seconds
[2023-02-10T00:02:11.407+0000] {processor.py:153} INFO - Started process (PID=2820) to work on /home/airflow/.local/lib/python3.7/site-packages/airflow/example_dags/example_dag_decorator.py
[2023-02-10T00:02:11.409+0000] {processor.py:743} INFO - Processing file /home/airflow/.local/lib/python3.7/site-packages/airflow/example_dags/example_dag_decorator.py for tasks to queue
[2023-02-10T00:02:11.410+0000] {logging_mixin.py:137} INFO - [2023-02-10T00:02:11.409+0000] {dagbag.py:538} INFO - Filling up the DagBag from /home/airflow/.local/lib/python3.7/site-packages/airflow/example_dags/example_dag_decorator.py
[2023-02-10T00:02:11.442+0000] {logging_mixin.py:137} INFO - [2023-02-10T00:02:11.442+0000] {taskmixin.py:205} WARNING - Dependency <Task(_PythonDecoratedOperator): prepare_email>, send_email already registered for DAG: example_dag_decorator
[2023-02-10T00:02:11.443+0000] {logging_mixin.py:137} INFO - [2023-02-10T00:02:11.442+0000] {taskmixin.py:205} WARNING - Dependency <Task(EmailOperator): send_email>, prepare_email already registered for DAG: example_dag_decorator
[2023-02-10T00:02:11.461+0000] {processor.py:753} INFO - DAG(s) dict_keys(['example_dag_decorator']) retrieved from /home/airflow/.local/lib/python3.7/site-packages/airflow/example_dags/example_dag_decorator.py
[2023-02-10T00:02:11.561+0000] {logging_mixin.py:137} INFO - [2023-02-10T00:02:11.561+0000] {dag.py:2690} INFO - Sync 1 DAGs
[2023-02-10T00:02:11.598+0000] {logging_mixin.py:137} INFO - [2023-02-10T00:02:11.597+0000] {dag.py:3441} INFO - Setting next_dagrun for example_dag_decorator to None, run_after=None
[2023-02-10T00:02:11.631+0000] {processor.py:175} INFO - Processing /home/airflow/.local/lib/python3.7/site-packages/airflow/example_dags/example_dag_decorator.py took 0.230 seconds
[2023-02-10T00:02:41.875+0000] {processor.py:153} INFO - Started process (PID=2903) to work on /home/airflow/.local/lib/python3.7/site-packages/airflow/example_dags/example_dag_decorator.py
[2023-02-10T00:02:41.876+0000] {processor.py:743} INFO - Processing file /home/airflow/.local/lib/python3.7/site-packages/airflow/example_dags/example_dag_decorator.py for tasks to queue
[2023-02-10T00:02:41.877+0000] {logging_mixin.py:137} INFO - [2023-02-10T00:02:41.876+0000] {dagbag.py:538} INFO - Filling up the DagBag from /home/airflow/.local/lib/python3.7/site-packages/airflow/example_dags/example_dag_decorator.py
[2023-02-10T00:02:41.899+0000] {logging_mixin.py:137} INFO - [2023-02-10T00:02:41.899+0000] {taskmixin.py:205} WARNING - Dependency <Task(_PythonDecoratedOperator): prepare_email>, send_email already registered for DAG: example_dag_decorator
[2023-02-10T00:02:41.899+0000] {logging_mixin.py:137} INFO - [2023-02-10T00:02:41.899+0000] {taskmixin.py:205} WARNING - Dependency <Task(EmailOperator): send_email>, prepare_email already registered for DAG: example_dag_decorator
[2023-02-10T00:02:41.914+0000] {processor.py:753} INFO - DAG(s) dict_keys(['example_dag_decorator']) retrieved from /home/airflow/.local/lib/python3.7/site-packages/airflow/example_dags/example_dag_decorator.py
[2023-02-10T00:02:42.015+0000] {logging_mixin.py:137} INFO - [2023-02-10T00:02:42.015+0000] {dag.py:2690} INFO - Sync 1 DAGs
[2023-02-10T00:02:42.056+0000] {logging_mixin.py:137} INFO - [2023-02-10T00:02:42.055+0000] {dag.py:3441} INFO - Setting next_dagrun for example_dag_decorator to None, run_after=None
[2023-02-10T00:02:42.087+0000] {processor.py:175} INFO - Processing /home/airflow/.local/lib/python3.7/site-packages/airflow/example_dags/example_dag_decorator.py took 0.216 seconds
[2023-02-10T00:03:12.301+0000] {processor.py:153} INFO - Started process (PID=2972) to work on /home/airflow/.local/lib/python3.7/site-packages/airflow/example_dags/example_dag_decorator.py
[2023-02-10T00:03:12.302+0000] {processor.py:743} INFO - Processing file /home/airflow/.local/lib/python3.7/site-packages/airflow/example_dags/example_dag_decorator.py for tasks to queue
[2023-02-10T00:03:12.303+0000] {logging_mixin.py:137} INFO - [2023-02-10T00:03:12.303+0000] {dagbag.py:538} INFO - Filling up the DagBag from /home/airflow/.local/lib/python3.7/site-packages/airflow/example_dags/example_dag_decorator.py
[2023-02-10T00:03:12.339+0000] {logging_mixin.py:137} INFO - [2023-02-10T00:03:12.339+0000] {taskmixin.py:205} WARNING - Dependency <Task(_PythonDecoratedOperator): prepare_email>, send_email already registered for DAG: example_dag_decorator
[2023-02-10T00:03:12.339+0000] {logging_mixin.py:137} INFO - [2023-02-10T00:03:12.339+0000] {taskmixin.py:205} WARNING - Dependency <Task(EmailOperator): send_email>, prepare_email already registered for DAG: example_dag_decorator
[2023-02-10T00:03:12.355+0000] {processor.py:753} INFO - DAG(s) dict_keys(['example_dag_decorator']) retrieved from /home/airflow/.local/lib/python3.7/site-packages/airflow/example_dags/example_dag_decorator.py
[2023-02-10T00:03:12.466+0000] {logging_mixin.py:137} INFO - [2023-02-10T00:03:12.465+0000] {dag.py:2690} INFO - Sync 1 DAGs
[2023-02-10T00:03:12.502+0000] {logging_mixin.py:137} INFO - [2023-02-10T00:03:12.501+0000] {dag.py:3441} INFO - Setting next_dagrun for example_dag_decorator to None, run_after=None
[2023-02-10T00:03:12.545+0000] {processor.py:175} INFO - Processing /home/airflow/.local/lib/python3.7/site-packages/airflow/example_dags/example_dag_decorator.py took 0.250 seconds
[2023-02-10T00:03:42.716+0000] {processor.py:153} INFO - Started process (PID=3040) to work on /home/airflow/.local/lib/python3.7/site-packages/airflow/example_dags/example_dag_decorator.py
[2023-02-10T00:03:42.718+0000] {processor.py:743} INFO - Processing file /home/airflow/.local/lib/python3.7/site-packages/airflow/example_dags/example_dag_decorator.py for tasks to queue
[2023-02-10T00:03:42.719+0000] {logging_mixin.py:137} INFO - [2023-02-10T00:03:42.719+0000] {dagbag.py:538} INFO - Filling up the DagBag from /home/airflow/.local/lib/python3.7/site-packages/airflow/example_dags/example_dag_decorator.py
[2023-02-10T00:03:42.744+0000] {logging_mixin.py:137} INFO - [2023-02-10T00:03:42.743+0000] {taskmixin.py:205} WARNING - Dependency <Task(_PythonDecoratedOperator): prepare_email>, send_email already registered for DAG: example_dag_decorator
[2023-02-10T00:03:42.744+0000] {logging_mixin.py:137} INFO - [2023-02-10T00:03:42.744+0000] {taskmixin.py:205} WARNING - Dependency <Task(EmailOperator): send_email>, prepare_email already registered for DAG: example_dag_decorator
[2023-02-10T00:03:42.760+0000] {processor.py:753} INFO - DAG(s) dict_keys(['example_dag_decorator']) retrieved from /home/airflow/.local/lib/python3.7/site-packages/airflow/example_dags/example_dag_decorator.py
[2023-02-10T00:03:42.863+0000] {logging_mixin.py:137} INFO - [2023-02-10T00:03:42.863+0000] {dag.py:2690} INFO - Sync 1 DAGs
[2023-02-10T00:03:42.899+0000] {logging_mixin.py:137} INFO - [2023-02-10T00:03:42.899+0000] {dag.py:3441} INFO - Setting next_dagrun for example_dag_decorator to None, run_after=None
[2023-02-10T00:03:42.936+0000] {processor.py:175} INFO - Processing /home/airflow/.local/lib/python3.7/site-packages/airflow/example_dags/example_dag_decorator.py took 0.227 seconds
[2023-02-10T00:04:13.088+0000] {processor.py:153} INFO - Started process (PID=3117) to work on /home/airflow/.local/lib/python3.7/site-packages/airflow/example_dags/example_dag_decorator.py
[2023-02-10T00:04:13.089+0000] {processor.py:743} INFO - Processing file /home/airflow/.local/lib/python3.7/site-packages/airflow/example_dags/example_dag_decorator.py for tasks to queue
[2023-02-10T00:04:13.090+0000] {logging_mixin.py:137} INFO - [2023-02-10T00:04:13.090+0000] {dagbag.py:538} INFO - Filling up the DagBag from /home/airflow/.local/lib/python3.7/site-packages/airflow/example_dags/example_dag_decorator.py
[2023-02-10T00:04:13.112+0000] {logging_mixin.py:137} INFO - [2023-02-10T00:04:13.112+0000] {taskmixin.py:205} WARNING - Dependency <Task(_PythonDecoratedOperator): prepare_email>, send_email already registered for DAG: example_dag_decorator
[2023-02-10T00:04:13.112+0000] {logging_mixin.py:137} INFO - [2023-02-10T00:04:13.112+0000] {taskmixin.py:205} WARNING - Dependency <Task(EmailOperator): send_email>, prepare_email already registered for DAG: example_dag_decorator
[2023-02-10T00:04:13.133+0000] {processor.py:753} INFO - DAG(s) dict_keys(['example_dag_decorator']) retrieved from /home/airflow/.local/lib/python3.7/site-packages/airflow/example_dags/example_dag_decorator.py
[2023-02-10T00:04:13.242+0000] {logging_mixin.py:137} INFO - [2023-02-10T00:04:13.242+0000] {dag.py:2690} INFO - Sync 1 DAGs
[2023-02-10T00:04:13.284+0000] {logging_mixin.py:137} INFO - [2023-02-10T00:04:13.284+0000] {dag.py:3441} INFO - Setting next_dagrun for example_dag_decorator to None, run_after=None
[2023-02-10T00:04:13.320+0000] {processor.py:175} INFO - Processing /home/airflow/.local/lib/python3.7/site-packages/airflow/example_dags/example_dag_decorator.py took 0.235 seconds
[2023-02-10T00:04:43.808+0000] {processor.py:153} INFO - Started process (PID=3190) to work on /home/airflow/.local/lib/python3.7/site-packages/airflow/example_dags/example_dag_decorator.py
[2023-02-10T00:04:43.809+0000] {processor.py:743} INFO - Processing file /home/airflow/.local/lib/python3.7/site-packages/airflow/example_dags/example_dag_decorator.py for tasks to queue
[2023-02-10T00:04:43.809+0000] {logging_mixin.py:137} INFO - [2023-02-10T00:04:43.809+0000] {dagbag.py:538} INFO - Filling up the DagBag from /home/airflow/.local/lib/python3.7/site-packages/airflow/example_dags/example_dag_decorator.py
[2023-02-10T00:04:43.832+0000] {logging_mixin.py:137} INFO - [2023-02-10T00:04:43.832+0000] {taskmixin.py:205} WARNING - Dependency <Task(_PythonDecoratedOperator): prepare_email>, send_email already registered for DAG: example_dag_decorator
[2023-02-10T00:04:43.832+0000] {logging_mixin.py:137} INFO - [2023-02-10T00:04:43.832+0000] {taskmixin.py:205} WARNING - Dependency <Task(EmailOperator): send_email>, prepare_email already registered for DAG: example_dag_decorator
[2023-02-10T00:04:43.848+0000] {processor.py:753} INFO - DAG(s) dict_keys(['example_dag_decorator']) retrieved from /home/airflow/.local/lib/python3.7/site-packages/airflow/example_dags/example_dag_decorator.py
[2023-02-10T00:04:43.950+0000] {logging_mixin.py:137} INFO - [2023-02-10T00:04:43.950+0000] {dag.py:2690} INFO - Sync 1 DAGs
[2023-02-10T00:04:43.987+0000] {logging_mixin.py:137} INFO - [2023-02-10T00:04:43.987+0000] {dag.py:3441} INFO - Setting next_dagrun for example_dag_decorator to None, run_after=None
[2023-02-10T00:04:44.020+0000] {processor.py:175} INFO - Processing /home/airflow/.local/lib/python3.7/site-packages/airflow/example_dags/example_dag_decorator.py took 0.216 seconds
[2023-02-10T00:05:14.388+0000] {processor.py:153} INFO - Started process (PID=3256) to work on /home/airflow/.local/lib/python3.7/site-packages/airflow/example_dags/example_dag_decorator.py
[2023-02-10T00:05:14.390+0000] {processor.py:743} INFO - Processing file /home/airflow/.local/lib/python3.7/site-packages/airflow/example_dags/example_dag_decorator.py for tasks to queue
[2023-02-10T00:05:14.391+0000] {logging_mixin.py:137} INFO - [2023-02-10T00:05:14.390+0000] {dagbag.py:538} INFO - Filling up the DagBag from /home/airflow/.local/lib/python3.7/site-packages/airflow/example_dags/example_dag_decorator.py
[2023-02-10T00:05:14.417+0000] {logging_mixin.py:137} INFO - [2023-02-10T00:05:14.416+0000] {taskmixin.py:205} WARNING - Dependency <Task(_PythonDecoratedOperator): prepare_email>, send_email already registered for DAG: example_dag_decorator
[2023-02-10T00:05:14.417+0000] {logging_mixin.py:137} INFO - [2023-02-10T00:05:14.417+0000] {taskmixin.py:205} WARNING - Dependency <Task(EmailOperator): send_email>, prepare_email already registered for DAG: example_dag_decorator
[2023-02-10T00:05:14.433+0000] {processor.py:753} INFO - DAG(s) dict_keys(['example_dag_decorator']) retrieved from /home/airflow/.local/lib/python3.7/site-packages/airflow/example_dags/example_dag_decorator.py
[2023-02-10T00:05:14.534+0000] {logging_mixin.py:137} INFO - [2023-02-10T00:05:14.534+0000] {dag.py:2690} INFO - Sync 1 DAGs
[2023-02-10T00:05:14.568+0000] {logging_mixin.py:137} INFO - [2023-02-10T00:05:14.568+0000] {dag.py:3441} INFO - Setting next_dagrun for example_dag_decorator to None, run_after=None
[2023-02-10T00:05:14.603+0000] {processor.py:175} INFO - Processing /home/airflow/.local/lib/python3.7/site-packages/airflow/example_dags/example_dag_decorator.py took 0.218 seconds
[2023-02-10T00:05:45.129+0000] {processor.py:153} INFO - Started process (PID=3336) to work on /home/airflow/.local/lib/python3.7/site-packages/airflow/example_dags/example_dag_decorator.py
[2023-02-10T00:05:45.130+0000] {processor.py:743} INFO - Processing file /home/airflow/.local/lib/python3.7/site-packages/airflow/example_dags/example_dag_decorator.py for tasks to queue
[2023-02-10T00:05:45.131+0000] {logging_mixin.py:137} INFO - [2023-02-10T00:05:45.130+0000] {dagbag.py:538} INFO - Filling up the DagBag from /home/airflow/.local/lib/python3.7/site-packages/airflow/example_dags/example_dag_decorator.py
[2023-02-10T00:05:45.150+0000] {logging_mixin.py:137} INFO - [2023-02-10T00:05:45.150+0000] {taskmixin.py:205} WARNING - Dependency <Task(_PythonDecoratedOperator): prepare_email>, send_email already registered for DAG: example_dag_decorator
[2023-02-10T00:05:45.150+0000] {logging_mixin.py:137} INFO - [2023-02-10T00:05:45.150+0000] {taskmixin.py:205} WARNING - Dependency <Task(EmailOperator): send_email>, prepare_email already registered for DAG: example_dag_decorator
[2023-02-10T00:05:45.165+0000] {processor.py:753} INFO - DAG(s) dict_keys(['example_dag_decorator']) retrieved from /home/airflow/.local/lib/python3.7/site-packages/airflow/example_dags/example_dag_decorator.py
[2023-02-10T00:05:45.259+0000] {logging_mixin.py:137} INFO - [2023-02-10T00:05:45.259+0000] {dag.py:2690} INFO - Sync 1 DAGs
[2023-02-10T00:05:45.294+0000] {logging_mixin.py:137} INFO - [2023-02-10T00:05:45.294+0000] {dag.py:3441} INFO - Setting next_dagrun for example_dag_decorator to None, run_after=None
[2023-02-10T00:05:45.334+0000] {processor.py:175} INFO - Processing /home/airflow/.local/lib/python3.7/site-packages/airflow/example_dags/example_dag_decorator.py took 0.208 seconds
[2023-02-10T00:06:15.904+0000] {processor.py:153} INFO - Started process (PID=3409) to work on /home/airflow/.local/lib/python3.7/site-packages/airflow/example_dags/example_dag_decorator.py
[2023-02-10T00:06:15.905+0000] {processor.py:743} INFO - Processing file /home/airflow/.local/lib/python3.7/site-packages/airflow/example_dags/example_dag_decorator.py for tasks to queue
[2023-02-10T00:06:15.906+0000] {logging_mixin.py:137} INFO - [2023-02-10T00:06:15.906+0000] {dagbag.py:538} INFO - Filling up the DagBag from /home/airflow/.local/lib/python3.7/site-packages/airflow/example_dags/example_dag_decorator.py
[2023-02-10T00:06:15.931+0000] {logging_mixin.py:137} INFO - [2023-02-10T00:06:15.931+0000] {taskmixin.py:205} WARNING - Dependency <Task(_PythonDecoratedOperator): prepare_email>, send_email already registered for DAG: example_dag_decorator
[2023-02-10T00:06:15.932+0000] {logging_mixin.py:137} INFO - [2023-02-10T00:06:15.931+0000] {taskmixin.py:205} WARNING - Dependency <Task(EmailOperator): send_email>, prepare_email already registered for DAG: example_dag_decorator
[2023-02-10T00:06:15.948+0000] {processor.py:753} INFO - DAG(s) dict_keys(['example_dag_decorator']) retrieved from /home/airflow/.local/lib/python3.7/site-packages/airflow/example_dags/example_dag_decorator.py
[2023-02-10T00:06:16.058+0000] {logging_mixin.py:137} INFO - [2023-02-10T00:06:16.058+0000] {dag.py:2690} INFO - Sync 1 DAGs
[2023-02-10T00:06:16.099+0000] {logging_mixin.py:137} INFO - [2023-02-10T00:06:16.098+0000] {dag.py:3441} INFO - Setting next_dagrun for example_dag_decorator to None, run_after=None
[2023-02-10T00:06:16.125+0000] {processor.py:175} INFO - Processing /home/airflow/.local/lib/python3.7/site-packages/airflow/example_dags/example_dag_decorator.py took 0.225 seconds
[2023-02-10T00:06:46.833+0000] {processor.py:153} INFO - Started process (PID=3478) to work on /home/airflow/.local/lib/python3.7/site-packages/airflow/example_dags/example_dag_decorator.py
[2023-02-10T00:06:46.834+0000] {processor.py:743} INFO - Processing file /home/airflow/.local/lib/python3.7/site-packages/airflow/example_dags/example_dag_decorator.py for tasks to queue
[2023-02-10T00:06:46.835+0000] {logging_mixin.py:137} INFO - [2023-02-10T00:06:46.834+0000] {dagbag.py:538} INFO - Filling up the DagBag from /home/airflow/.local/lib/python3.7/site-packages/airflow/example_dags/example_dag_decorator.py
[2023-02-10T00:06:46.857+0000] {logging_mixin.py:137} INFO - [2023-02-10T00:06:46.857+0000] {taskmixin.py:205} WARNING - Dependency <Task(_PythonDecoratedOperator): prepare_email>, send_email already registered for DAG: example_dag_decorator
[2023-02-10T00:06:46.858+0000] {logging_mixin.py:137} INFO - [2023-02-10T00:06:46.857+0000] {taskmixin.py:205} WARNING - Dependency <Task(EmailOperator): send_email>, prepare_email already registered for DAG: example_dag_decorator
[2023-02-10T00:06:46.874+0000] {processor.py:753} INFO - DAG(s) dict_keys(['example_dag_decorator']) retrieved from /home/airflow/.local/lib/python3.7/site-packages/airflow/example_dags/example_dag_decorator.py
[2023-02-10T00:06:46.976+0000] {logging_mixin.py:137} INFO - [2023-02-10T00:06:46.976+0000] {dag.py:2690} INFO - Sync 1 DAGs
[2023-02-10T00:06:47.014+0000] {logging_mixin.py:137} INFO - [2023-02-10T00:06:47.014+0000] {dag.py:3441} INFO - Setting next_dagrun for example_dag_decorator to None, run_after=None
[2023-02-10T00:06:47.046+0000] {processor.py:175} INFO - Processing /home/airflow/.local/lib/python3.7/site-packages/airflow/example_dags/example_dag_decorator.py took 0.217 seconds
[2023-02-10T00:07:17.430+0000] {processor.py:153} INFO - Started process (PID=3556) to work on /home/airflow/.local/lib/python3.7/site-packages/airflow/example_dags/example_dag_decorator.py
[2023-02-10T00:07:17.431+0000] {processor.py:743} INFO - Processing file /home/airflow/.local/lib/python3.7/site-packages/airflow/example_dags/example_dag_decorator.py for tasks to queue
[2023-02-10T00:07:17.432+0000] {logging_mixin.py:137} INFO - [2023-02-10T00:07:17.432+0000] {dagbag.py:538} INFO - Filling up the DagBag from /home/airflow/.local/lib/python3.7/site-packages/airflow/example_dags/example_dag_decorator.py
[2023-02-10T00:07:17.455+0000] {logging_mixin.py:137} INFO - [2023-02-10T00:07:17.454+0000] {taskmixin.py:205} WARNING - Dependency <Task(_PythonDecoratedOperator): prepare_email>, send_email already registered for DAG: example_dag_decorator
[2023-02-10T00:07:17.455+0000] {logging_mixin.py:137} INFO - [2023-02-10T00:07:17.455+0000] {taskmixin.py:205} WARNING - Dependency <Task(EmailOperator): send_email>, prepare_email already registered for DAG: example_dag_decorator
[2023-02-10T00:07:17.471+0000] {processor.py:753} INFO - DAG(s) dict_keys(['example_dag_decorator']) retrieved from /home/airflow/.local/lib/python3.7/site-packages/airflow/example_dags/example_dag_decorator.py
[2023-02-10T00:07:17.573+0000] {logging_mixin.py:137} INFO - [2023-02-10T00:07:17.573+0000] {dag.py:2690} INFO - Sync 1 DAGs
[2023-02-10T00:07:17.611+0000] {logging_mixin.py:137} INFO - [2023-02-10T00:07:17.610+0000] {dag.py:3441} INFO - Setting next_dagrun for example_dag_decorator to None, run_after=None
[2023-02-10T00:07:17.644+0000] {processor.py:175} INFO - Processing /home/airflow/.local/lib/python3.7/site-packages/airflow/example_dags/example_dag_decorator.py took 0.218 seconds
[2023-02-10T00:07:48.225+0000] {processor.py:153} INFO - Started process (PID=3629) to work on /home/airflow/.local/lib/python3.7/site-packages/airflow/example_dags/example_dag_decorator.py
[2023-02-10T00:07:48.226+0000] {processor.py:743} INFO - Processing file /home/airflow/.local/lib/python3.7/site-packages/airflow/example_dags/example_dag_decorator.py for tasks to queue
[2023-02-10T00:07:48.227+0000] {logging_mixin.py:137} INFO - [2023-02-10T00:07:48.227+0000] {dagbag.py:538} INFO - Filling up the DagBag from /home/airflow/.local/lib/python3.7/site-packages/airflow/example_dags/example_dag_decorator.py
[2023-02-10T00:07:48.258+0000] {logging_mixin.py:137} INFO - [2023-02-10T00:07:48.257+0000] {taskmixin.py:205} WARNING - Dependency <Task(_PythonDecoratedOperator): prepare_email>, send_email already registered for DAG: example_dag_decorator
[2023-02-10T00:07:48.258+0000] {logging_mixin.py:137} INFO - [2023-02-10T00:07:48.258+0000] {taskmixin.py:205} WARNING - Dependency <Task(EmailOperator): send_email>, prepare_email already registered for DAG: example_dag_decorator
[2023-02-10T00:07:48.275+0000] {processor.py:753} INFO - DAG(s) dict_keys(['example_dag_decorator']) retrieved from /home/airflow/.local/lib/python3.7/site-packages/airflow/example_dags/example_dag_decorator.py
[2023-02-10T00:07:48.367+0000] {logging_mixin.py:137} INFO - [2023-02-10T00:07:48.366+0000] {dag.py:2690} INFO - Sync 1 DAGs
[2023-02-10T00:07:48.402+0000] {logging_mixin.py:137} INFO - [2023-02-10T00:07:48.402+0000] {dag.py:3441} INFO - Setting next_dagrun for example_dag_decorator to None, run_after=None
[2023-02-10T00:07:48.430+0000] {processor.py:175} INFO - Processing /home/airflow/.local/lib/python3.7/site-packages/airflow/example_dags/example_dag_decorator.py took 0.211 seconds
[2023-02-10T00:08:18.494+0000] {processor.py:153} INFO - Started process (PID=3697) to work on /home/airflow/.local/lib/python3.7/site-packages/airflow/example_dags/example_dag_decorator.py
[2023-02-10T00:08:18.496+0000] {processor.py:743} INFO - Processing file /home/airflow/.local/lib/python3.7/site-packages/airflow/example_dags/example_dag_decorator.py for tasks to queue
[2023-02-10T00:08:18.497+0000] {logging_mixin.py:137} INFO - [2023-02-10T00:08:18.497+0000] {dagbag.py:538} INFO - Filling up the DagBag from /home/airflow/.local/lib/python3.7/site-packages/airflow/example_dags/example_dag_decorator.py
[2023-02-10T00:08:18.524+0000] {logging_mixin.py:137} INFO - [2023-02-10T00:08:18.523+0000] {taskmixin.py:205} WARNING - Dependency <Task(_PythonDecoratedOperator): prepare_email>, send_email already registered for DAG: example_dag_decorator
[2023-02-10T00:08:18.524+0000] {logging_mixin.py:137} INFO - [2023-02-10T00:08:18.524+0000] {taskmixin.py:205} WARNING - Dependency <Task(EmailOperator): send_email>, prepare_email already registered for DAG: example_dag_decorator
[2023-02-10T00:08:18.540+0000] {processor.py:753} INFO - DAG(s) dict_keys(['example_dag_decorator']) retrieved from /home/airflow/.local/lib/python3.7/site-packages/airflow/example_dags/example_dag_decorator.py
[2023-02-10T00:08:18.646+0000] {logging_mixin.py:137} INFO - [2023-02-10T00:08:18.646+0000] {dag.py:2690} INFO - Sync 1 DAGs
[2023-02-10T00:08:18.682+0000] {logging_mixin.py:137} INFO - [2023-02-10T00:08:18.682+0000] {dag.py:3441} INFO - Setting next_dagrun for example_dag_decorator to None, run_after=None
[2023-02-10T00:08:18.713+0000] {processor.py:175} INFO - Processing /home/airflow/.local/lib/python3.7/site-packages/airflow/example_dags/example_dag_decorator.py took 0.224 seconds
[2023-02-10T00:08:48.999+0000] {processor.py:153} INFO - Started process (PID=3765) to work on /home/airflow/.local/lib/python3.7/site-packages/airflow/example_dags/example_dag_decorator.py
[2023-02-10T00:08:49.000+0000] {processor.py:743} INFO - Processing file /home/airflow/.local/lib/python3.7/site-packages/airflow/example_dags/example_dag_decorator.py for tasks to queue
[2023-02-10T00:08:49.001+0000] {logging_mixin.py:137} INFO - [2023-02-10T00:08:49.001+0000] {dagbag.py:538} INFO - Filling up the DagBag from /home/airflow/.local/lib/python3.7/site-packages/airflow/example_dags/example_dag_decorator.py
[2023-02-10T00:08:49.023+0000] {logging_mixin.py:137} INFO - [2023-02-10T00:08:49.023+0000] {taskmixin.py:205} WARNING - Dependency <Task(_PythonDecoratedOperator): prepare_email>, send_email already registered for DAG: example_dag_decorator
[2023-02-10T00:08:49.023+0000] {logging_mixin.py:137} INFO - [2023-02-10T00:08:49.023+0000] {taskmixin.py:205} WARNING - Dependency <Task(EmailOperator): send_email>, prepare_email already registered for DAG: example_dag_decorator
[2023-02-10T00:08:49.040+0000] {processor.py:753} INFO - DAG(s) dict_keys(['example_dag_decorator']) retrieved from /home/airflow/.local/lib/python3.7/site-packages/airflow/example_dags/example_dag_decorator.py
[2023-02-10T00:08:49.140+0000] {logging_mixin.py:137} INFO - [2023-02-10T00:08:49.140+0000] {dag.py:2690} INFO - Sync 1 DAGs
[2023-02-10T00:08:49.172+0000] {logging_mixin.py:137} INFO - [2023-02-10T00:08:49.172+0000] {dag.py:3441} INFO - Setting next_dagrun for example_dag_decorator to None, run_after=None
[2023-02-10T00:08:49.201+0000] {processor.py:175} INFO - Processing /home/airflow/.local/lib/python3.7/site-packages/airflow/example_dags/example_dag_decorator.py took 0.204 seconds
[2023-02-10T00:09:19.786+0000] {processor.py:153} INFO - Started process (PID=3847) to work on /home/airflow/.local/lib/python3.7/site-packages/airflow/example_dags/example_dag_decorator.py
[2023-02-10T00:09:19.787+0000] {processor.py:743} INFO - Processing file /home/airflow/.local/lib/python3.7/site-packages/airflow/example_dags/example_dag_decorator.py for tasks to queue
[2023-02-10T00:09:19.788+0000] {logging_mixin.py:137} INFO - [2023-02-10T00:09:19.788+0000] {dagbag.py:538} INFO - Filling up the DagBag from /home/airflow/.local/lib/python3.7/site-packages/airflow/example_dags/example_dag_decorator.py
[2023-02-10T00:09:19.819+0000] {logging_mixin.py:137} INFO - [2023-02-10T00:09:19.819+0000] {taskmixin.py:205} WARNING - Dependency <Task(_PythonDecoratedOperator): prepare_email>, send_email already registered for DAG: example_dag_decorator
[2023-02-10T00:09:19.820+0000] {logging_mixin.py:137} INFO - [2023-02-10T00:09:19.820+0000] {taskmixin.py:205} WARNING - Dependency <Task(EmailOperator): send_email>, prepare_email already registered for DAG: example_dag_decorator
[2023-02-10T00:09:19.836+0000] {processor.py:753} INFO - DAG(s) dict_keys(['example_dag_decorator']) retrieved from /home/airflow/.local/lib/python3.7/site-packages/airflow/example_dags/example_dag_decorator.py
[2023-02-10T00:09:19.875+0000] {logging_mixin.py:137} INFO - [2023-02-10T00:09:19.875+0000] {dag.py:2690} INFO - Sync 1 DAGs
[2023-02-10T00:09:19.909+0000] {logging_mixin.py:137} INFO - [2023-02-10T00:09:19.909+0000] {dag.py:3441} INFO - Setting next_dagrun for example_dag_decorator to None, run_after=None
[2023-02-10T00:09:19.934+0000] {processor.py:175} INFO - Processing /home/airflow/.local/lib/python3.7/site-packages/airflow/example_dags/example_dag_decorator.py took 0.154 seconds
[2023-02-10T00:09:50.140+0000] {processor.py:153} INFO - Started process (PID=3914) to work on /home/airflow/.local/lib/python3.7/site-packages/airflow/example_dags/example_dag_decorator.py
[2023-02-10T00:09:50.141+0000] {processor.py:743} INFO - Processing file /home/airflow/.local/lib/python3.7/site-packages/airflow/example_dags/example_dag_decorator.py for tasks to queue
[2023-02-10T00:09:50.142+0000] {logging_mixin.py:137} INFO - [2023-02-10T00:09:50.141+0000] {dagbag.py:538} INFO - Filling up the DagBag from /home/airflow/.local/lib/python3.7/site-packages/airflow/example_dags/example_dag_decorator.py
[2023-02-10T00:09:50.162+0000] {logging_mixin.py:137} INFO - [2023-02-10T00:09:50.162+0000] {taskmixin.py:205} WARNING - Dependency <Task(_PythonDecoratedOperator): prepare_email>, send_email already registered for DAG: example_dag_decorator
[2023-02-10T00:09:50.163+0000] {logging_mixin.py:137} INFO - [2023-02-10T00:09:50.163+0000] {taskmixin.py:205} WARNING - Dependency <Task(EmailOperator): send_email>, prepare_email already registered for DAG: example_dag_decorator
[2023-02-10T00:09:50.179+0000] {processor.py:753} INFO - DAG(s) dict_keys(['example_dag_decorator']) retrieved from /home/airflow/.local/lib/python3.7/site-packages/airflow/example_dags/example_dag_decorator.py
[2023-02-10T00:09:50.281+0000] {logging_mixin.py:137} INFO - [2023-02-10T00:09:50.281+0000] {dag.py:2690} INFO - Sync 1 DAGs
[2023-02-10T00:09:50.322+0000] {logging_mixin.py:137} INFO - [2023-02-10T00:09:50.322+0000] {dag.py:3441} INFO - Setting next_dagrun for example_dag_decorator to None, run_after=None
[2023-02-10T00:09:50.355+0000] {processor.py:175} INFO - Processing /home/airflow/.local/lib/python3.7/site-packages/airflow/example_dags/example_dag_decorator.py took 0.219 seconds
[2023-02-10T00:10:20.483+0000] {processor.py:153} INFO - Started process (PID=3983) to work on /home/airflow/.local/lib/python3.7/site-packages/airflow/example_dags/example_dag_decorator.py
[2023-02-10T00:10:20.484+0000] {processor.py:743} INFO - Processing file /home/airflow/.local/lib/python3.7/site-packages/airflow/example_dags/example_dag_decorator.py for tasks to queue
[2023-02-10T00:10:20.485+0000] {logging_mixin.py:137} INFO - [2023-02-10T00:10:20.485+0000] {dagbag.py:538} INFO - Filling up the DagBag from /home/airflow/.local/lib/python3.7/site-packages/airflow/example_dags/example_dag_decorator.py
[2023-02-10T00:10:20.518+0000] {logging_mixin.py:137} INFO - [2023-02-10T00:10:20.518+0000] {taskmixin.py:205} WARNING - Dependency <Task(_PythonDecoratedOperator): prepare_email>, send_email already registered for DAG: example_dag_decorator
[2023-02-10T00:10:20.519+0000] {logging_mixin.py:137} INFO - [2023-02-10T00:10:20.519+0000] {taskmixin.py:205} WARNING - Dependency <Task(EmailOperator): send_email>, prepare_email already registered for DAG: example_dag_decorator
[2023-02-10T00:10:20.536+0000] {processor.py:753} INFO - DAG(s) dict_keys(['example_dag_decorator']) retrieved from /home/airflow/.local/lib/python3.7/site-packages/airflow/example_dags/example_dag_decorator.py
[2023-02-10T00:10:20.658+0000] {logging_mixin.py:137} INFO - [2023-02-10T00:10:20.658+0000] {dag.py:2690} INFO - Sync 1 DAGs
[2023-02-10T00:10:20.696+0000] {logging_mixin.py:137} INFO - [2023-02-10T00:10:20.696+0000] {dag.py:3441} INFO - Setting next_dagrun for example_dag_decorator to None, run_after=None
[2023-02-10T00:10:20.741+0000] {processor.py:175} INFO - Processing /home/airflow/.local/lib/python3.7/site-packages/airflow/example_dags/example_dag_decorator.py took 0.264 seconds
[2023-02-10T00:10:51.364+0000] {processor.py:153} INFO - Started process (PID=4065) to work on /home/airflow/.local/lib/python3.7/site-packages/airflow/example_dags/example_dag_decorator.py
[2023-02-10T00:10:51.366+0000] {processor.py:743} INFO - Processing file /home/airflow/.local/lib/python3.7/site-packages/airflow/example_dags/example_dag_decorator.py for tasks to queue
[2023-02-10T00:10:51.367+0000] {logging_mixin.py:137} INFO - [2023-02-10T00:10:51.367+0000] {dagbag.py:538} INFO - Filling up the DagBag from /home/airflow/.local/lib/python3.7/site-packages/airflow/example_dags/example_dag_decorator.py
[2023-02-10T00:10:51.394+0000] {logging_mixin.py:137} INFO - [2023-02-10T00:10:51.393+0000] {taskmixin.py:205} WARNING - Dependency <Task(_PythonDecoratedOperator): prepare_email>, send_email already registered for DAG: example_dag_decorator
[2023-02-10T00:10:51.394+0000] {logging_mixin.py:137} INFO - [2023-02-10T00:10:51.394+0000] {taskmixin.py:205} WARNING - Dependency <Task(EmailOperator): send_email>, prepare_email already registered for DAG: example_dag_decorator
[2023-02-10T00:10:51.408+0000] {processor.py:753} INFO - DAG(s) dict_keys(['example_dag_decorator']) retrieved from /home/airflow/.local/lib/python3.7/site-packages/airflow/example_dags/example_dag_decorator.py
[2023-02-10T00:10:51.516+0000] {logging_mixin.py:137} INFO - [2023-02-10T00:10:51.516+0000] {dag.py:2690} INFO - Sync 1 DAGs
[2023-02-10T00:10:51.554+0000] {logging_mixin.py:137} INFO - [2023-02-10T00:10:51.554+0000] {dag.py:3441} INFO - Setting next_dagrun for example_dag_decorator to None, run_after=None
[2023-02-10T00:10:51.590+0000] {processor.py:175} INFO - Processing /home/airflow/.local/lib/python3.7/site-packages/airflow/example_dags/example_dag_decorator.py took 0.229 seconds
[2023-02-10T00:11:22.124+0000] {processor.py:153} INFO - Started process (PID=4132) to work on /home/airflow/.local/lib/python3.7/site-packages/airflow/example_dags/example_dag_decorator.py
[2023-02-10T00:11:22.125+0000] {processor.py:743} INFO - Processing file /home/airflow/.local/lib/python3.7/site-packages/airflow/example_dags/example_dag_decorator.py for tasks to queue
[2023-02-10T00:11:22.125+0000] {logging_mixin.py:137} INFO - [2023-02-10T00:11:22.125+0000] {dagbag.py:538} INFO - Filling up the DagBag from /home/airflow/.local/lib/python3.7/site-packages/airflow/example_dags/example_dag_decorator.py
[2023-02-10T00:11:22.146+0000] {logging_mixin.py:137} INFO - [2023-02-10T00:11:22.146+0000] {taskmixin.py:205} WARNING - Dependency <Task(_PythonDecoratedOperator): prepare_email>, send_email already registered for DAG: example_dag_decorator
[2023-02-10T00:11:22.146+0000] {logging_mixin.py:137} INFO - [2023-02-10T00:11:22.146+0000] {taskmixin.py:205} WARNING - Dependency <Task(EmailOperator): send_email>, prepare_email already registered for DAG: example_dag_decorator
[2023-02-10T00:11:22.160+0000] {processor.py:753} INFO - DAG(s) dict_keys(['example_dag_decorator']) retrieved from /home/airflow/.local/lib/python3.7/site-packages/airflow/example_dags/example_dag_decorator.py
[2023-02-10T00:11:22.256+0000] {logging_mixin.py:137} INFO - [2023-02-10T00:11:22.256+0000] {dag.py:2690} INFO - Sync 1 DAGs
[2023-02-10T00:11:22.290+0000] {logging_mixin.py:137} INFO - [2023-02-10T00:11:22.290+0000] {dag.py:3441} INFO - Setting next_dagrun for example_dag_decorator to None, run_after=None
[2023-02-10T00:11:22.325+0000] {processor.py:175} INFO - Processing /home/airflow/.local/lib/python3.7/site-packages/airflow/example_dags/example_dag_decorator.py took 0.204 seconds
[2023-02-10T00:11:52.407+0000] {processor.py:153} INFO - Started process (PID=4201) to work on /home/airflow/.local/lib/python3.7/site-packages/airflow/example_dags/example_dag_decorator.py
[2023-02-10T00:11:52.408+0000] {processor.py:743} INFO - Processing file /home/airflow/.local/lib/python3.7/site-packages/airflow/example_dags/example_dag_decorator.py for tasks to queue
[2023-02-10T00:11:52.409+0000] {logging_mixin.py:137} INFO - [2023-02-10T00:11:52.409+0000] {dagbag.py:538} INFO - Filling up the DagBag from /home/airflow/.local/lib/python3.7/site-packages/airflow/example_dags/example_dag_decorator.py
[2023-02-10T00:11:52.435+0000] {logging_mixin.py:137} INFO - [2023-02-10T00:11:52.434+0000] {taskmixin.py:205} WARNING - Dependency <Task(_PythonDecoratedOperator): prepare_email>, send_email already registered for DAG: example_dag_decorator
[2023-02-10T00:11:52.435+0000] {logging_mixin.py:137} INFO - [2023-02-10T00:11:52.435+0000] {taskmixin.py:205} WARNING - Dependency <Task(EmailOperator): send_email>, prepare_email already registered for DAG: example_dag_decorator
[2023-02-10T00:11:52.451+0000] {processor.py:753} INFO - DAG(s) dict_keys(['example_dag_decorator']) retrieved from /home/airflow/.local/lib/python3.7/site-packages/airflow/example_dags/example_dag_decorator.py
[2023-02-10T00:11:52.555+0000] {logging_mixin.py:137} INFO - [2023-02-10T00:11:52.554+0000] {dag.py:2690} INFO - Sync 1 DAGs
[2023-02-10T00:11:52.591+0000] {logging_mixin.py:137} INFO - [2023-02-10T00:11:52.591+0000] {dag.py:3441} INFO - Setting next_dagrun for example_dag_decorator to None, run_after=None
[2023-02-10T00:11:52.625+0000] {processor.py:175} INFO - Processing /home/airflow/.local/lib/python3.7/site-packages/airflow/example_dags/example_dag_decorator.py took 0.221 seconds
[2023-02-10T00:12:23.135+0000] {processor.py:153} INFO - Started process (PID=4283) to work on /home/airflow/.local/lib/python3.7/site-packages/airflow/example_dags/example_dag_decorator.py
[2023-02-10T00:12:23.137+0000] {processor.py:743} INFO - Processing file /home/airflow/.local/lib/python3.7/site-packages/airflow/example_dags/example_dag_decorator.py for tasks to queue
[2023-02-10T00:12:23.139+0000] {logging_mixin.py:137} INFO - [2023-02-10T00:12:23.138+0000] {dagbag.py:538} INFO - Filling up the DagBag from /home/airflow/.local/lib/python3.7/site-packages/airflow/example_dags/example_dag_decorator.py
[2023-02-10T00:12:23.161+0000] {logging_mixin.py:137} INFO - [2023-02-10T00:12:23.161+0000] {taskmixin.py:205} WARNING - Dependency <Task(_PythonDecoratedOperator): prepare_email>, send_email already registered for DAG: example_dag_decorator
[2023-02-10T00:12:23.161+0000] {logging_mixin.py:137} INFO - [2023-02-10T00:12:23.161+0000] {taskmixin.py:205} WARNING - Dependency <Task(EmailOperator): send_email>, prepare_email already registered for DAG: example_dag_decorator
[2023-02-10T00:12:23.178+0000] {processor.py:753} INFO - DAG(s) dict_keys(['example_dag_decorator']) retrieved from /home/airflow/.local/lib/python3.7/site-packages/airflow/example_dags/example_dag_decorator.py
[2023-02-10T00:12:23.292+0000] {logging_mixin.py:137} INFO - [2023-02-10T00:12:23.292+0000] {dag.py:2690} INFO - Sync 1 DAGs
[2023-02-10T00:12:23.331+0000] {logging_mixin.py:137} INFO - [2023-02-10T00:12:23.331+0000] {dag.py:3441} INFO - Setting next_dagrun for example_dag_decorator to None, run_after=None
[2023-02-10T00:12:23.369+0000] {processor.py:175} INFO - Processing /home/airflow/.local/lib/python3.7/site-packages/airflow/example_dags/example_dag_decorator.py took 0.239 seconds
[2023-02-10T00:12:53.517+0000] {processor.py:153} INFO - Started process (PID=4351) to work on /home/airflow/.local/lib/python3.7/site-packages/airflow/example_dags/example_dag_decorator.py
[2023-02-10T00:12:53.518+0000] {processor.py:743} INFO - Processing file /home/airflow/.local/lib/python3.7/site-packages/airflow/example_dags/example_dag_decorator.py for tasks to queue
[2023-02-10T00:12:53.519+0000] {logging_mixin.py:137} INFO - [2023-02-10T00:12:53.519+0000] {dagbag.py:538} INFO - Filling up the DagBag from /home/airflow/.local/lib/python3.7/site-packages/airflow/example_dags/example_dag_decorator.py
[2023-02-10T00:12:53.543+0000] {logging_mixin.py:137} INFO - [2023-02-10T00:12:53.543+0000] {taskmixin.py:205} WARNING - Dependency <Task(_PythonDecoratedOperator): prepare_email>, send_email already registered for DAG: example_dag_decorator
[2023-02-10T00:12:53.544+0000] {logging_mixin.py:137} INFO - [2023-02-10T00:12:53.543+0000] {taskmixin.py:205} WARNING - Dependency <Task(EmailOperator): send_email>, prepare_email already registered for DAG: example_dag_decorator
[2023-02-10T00:12:53.560+0000] {processor.py:753} INFO - DAG(s) dict_keys(['example_dag_decorator']) retrieved from /home/airflow/.local/lib/python3.7/site-packages/airflow/example_dags/example_dag_decorator.py
[2023-02-10T00:12:53.674+0000] {logging_mixin.py:137} INFO - [2023-02-10T00:12:53.674+0000] {dag.py:2690} INFO - Sync 1 DAGs
[2023-02-10T00:12:53.714+0000] {logging_mixin.py:137} INFO - [2023-02-10T00:12:53.714+0000] {dag.py:3441} INFO - Setting next_dagrun for example_dag_decorator to None, run_after=None
[2023-02-10T00:12:53.757+0000] {processor.py:175} INFO - Processing /home/airflow/.local/lib/python3.7/site-packages/airflow/example_dags/example_dag_decorator.py took 0.244 seconds
[2023-02-10T00:13:24.234+0000] {processor.py:153} INFO - Started process (PID=4418) to work on /home/airflow/.local/lib/python3.7/site-packages/airflow/example_dags/example_dag_decorator.py
[2023-02-10T00:13:24.235+0000] {processor.py:743} INFO - Processing file /home/airflow/.local/lib/python3.7/site-packages/airflow/example_dags/example_dag_decorator.py for tasks to queue
[2023-02-10T00:13:24.236+0000] {logging_mixin.py:137} INFO - [2023-02-10T00:13:24.235+0000] {dagbag.py:538} INFO - Filling up the DagBag from /home/airflow/.local/lib/python3.7/site-packages/airflow/example_dags/example_dag_decorator.py
[2023-02-10T00:13:24.261+0000] {logging_mixin.py:137} INFO - [2023-02-10T00:13:24.260+0000] {taskmixin.py:205} WARNING - Dependency <Task(_PythonDecoratedOperator): prepare_email>, send_email already registered for DAG: example_dag_decorator
[2023-02-10T00:13:24.261+0000] {logging_mixin.py:137} INFO - [2023-02-10T00:13:24.261+0000] {taskmixin.py:205} WARNING - Dependency <Task(EmailOperator): send_email>, prepare_email already registered for DAG: example_dag_decorator
[2023-02-10T00:13:24.280+0000] {processor.py:753} INFO - DAG(s) dict_keys(['example_dag_decorator']) retrieved from /home/airflow/.local/lib/python3.7/site-packages/airflow/example_dags/example_dag_decorator.py
[2023-02-10T00:13:24.385+0000] {logging_mixin.py:137} INFO - [2023-02-10T00:13:24.385+0000] {dag.py:2690} INFO - Sync 1 DAGs
[2023-02-10T00:13:24.424+0000] {logging_mixin.py:137} INFO - [2023-02-10T00:13:24.424+0000] {dag.py:3441} INFO - Setting next_dagrun for example_dag_decorator to None, run_after=None
[2023-02-10T00:13:24.455+0000] {processor.py:175} INFO - Processing /home/airflow/.local/lib/python3.7/site-packages/airflow/example_dags/example_dag_decorator.py took 0.225 seconds
