[2023-02-10T00:00:11.474+0000] {processor.py:153} INFO - Started process (PID=2565) to work on /home/airflow/.local/lib/python3.7/site-packages/airflow/example_dags/example_short_circuit_decorator.py
[2023-02-10T00:00:11.474+0000] {processor.py:743} INFO - Processing file /home/airflow/.local/lib/python3.7/site-packages/airflow/example_dags/example_short_circuit_decorator.py for tasks to queue
[2023-02-10T00:00:11.475+0000] {logging_mixin.py:137} INFO - [2023-02-10T00:00:11.475+0000] {dagbag.py:538} INFO - Filling up the DagBag from /home/airflow/.local/lib/python3.7/site-packages/airflow/example_dags/example_short_circuit_decorator.py
[2023-02-10T00:00:11.506+0000] {processor.py:753} INFO - DAG(s) dict_keys(['example_short_circuit_decorator']) retrieved from /home/airflow/.local/lib/python3.7/site-packages/airflow/example_dags/example_short_circuit_decorator.py
[2023-02-10T00:00:11.540+0000] {logging_mixin.py:137} INFO - [2023-02-10T00:00:11.540+0000] {dag.py:2690} INFO - Sync 1 DAGs
[2023-02-10T00:00:11.576+0000] {logging_mixin.py:137} INFO - [2023-02-10T00:00:11.576+0000] {dag.py:3441} INFO - Setting next_dagrun for example_short_circuit_decorator to 2023-02-09T00:00:11.575892+00:00, run_after=2023-02-10T00:00:11.575892+00:00
[2023-02-10T00:00:11.602+0000] {processor.py:175} INFO - Processing /home/airflow/.local/lib/python3.7/site-packages/airflow/example_dags/example_short_circuit_decorator.py took 0.132 seconds
[2023-02-10T00:00:42.220+0000] {processor.py:153} INFO - Started process (PID=2640) to work on /home/airflow/.local/lib/python3.7/site-packages/airflow/example_dags/example_short_circuit_decorator.py
[2023-02-10T00:00:42.221+0000] {processor.py:743} INFO - Processing file /home/airflow/.local/lib/python3.7/site-packages/airflow/example_dags/example_short_circuit_decorator.py for tasks to queue
[2023-02-10T00:00:42.222+0000] {logging_mixin.py:137} INFO - [2023-02-10T00:00:42.221+0000] {dagbag.py:538} INFO - Filling up the DagBag from /home/airflow/.local/lib/python3.7/site-packages/airflow/example_dags/example_short_circuit_decorator.py
[2023-02-10T00:00:42.252+0000] {processor.py:753} INFO - DAG(s) dict_keys(['example_short_circuit_decorator']) retrieved from /home/airflow/.local/lib/python3.7/site-packages/airflow/example_dags/example_short_circuit_decorator.py
[2023-02-10T00:00:42.284+0000] {logging_mixin.py:137} INFO - [2023-02-10T00:00:42.283+0000] {dag.py:2690} INFO - Sync 1 DAGs
[2023-02-10T00:00:42.321+0000] {logging_mixin.py:137} INFO - [2023-02-10T00:00:42.320+0000] {dag.py:3441} INFO - Setting next_dagrun for example_short_circuit_decorator to 2023-02-09T00:00:42.320730+00:00, run_after=2023-02-10T00:00:42.320730+00:00
[2023-02-10T00:00:42.358+0000] {processor.py:175} INFO - Processing /home/airflow/.local/lib/python3.7/site-packages/airflow/example_dags/example_short_circuit_decorator.py took 0.141 seconds
[2023-02-10T00:01:12.640+0000] {processor.py:153} INFO - Started process (PID=2711) to work on /home/airflow/.local/lib/python3.7/site-packages/airflow/example_dags/example_short_circuit_decorator.py
[2023-02-10T00:01:12.641+0000] {processor.py:743} INFO - Processing file /home/airflow/.local/lib/python3.7/site-packages/airflow/example_dags/example_short_circuit_decorator.py for tasks to queue
[2023-02-10T00:01:12.641+0000] {logging_mixin.py:137} INFO - [2023-02-10T00:01:12.641+0000] {dagbag.py:538} INFO - Filling up the DagBag from /home/airflow/.local/lib/python3.7/site-packages/airflow/example_dags/example_short_circuit_decorator.py
[2023-02-10T00:01:12.670+0000] {processor.py:753} INFO - DAG(s) dict_keys(['example_short_circuit_decorator']) retrieved from /home/airflow/.local/lib/python3.7/site-packages/airflow/example_dags/example_short_circuit_decorator.py
[2023-02-10T00:01:12.702+0000] {logging_mixin.py:137} INFO - [2023-02-10T00:01:12.702+0000] {dag.py:2690} INFO - Sync 1 DAGs
[2023-02-10T00:01:12.738+0000] {logging_mixin.py:137} INFO - [2023-02-10T00:01:12.738+0000] {dag.py:3441} INFO - Setting next_dagrun for example_short_circuit_decorator to 2023-02-09T00:01:12.738173+00:00, run_after=2023-02-10T00:01:12.738173+00:00
[2023-02-10T00:01:12.764+0000] {processor.py:175} INFO - Processing /home/airflow/.local/lib/python3.7/site-packages/airflow/example_dags/example_short_circuit_decorator.py took 0.127 seconds
[2023-02-10T00:01:43.261+0000] {processor.py:153} INFO - Started process (PID=2779) to work on /home/airflow/.local/lib/python3.7/site-packages/airflow/example_dags/example_short_circuit_decorator.py
[2023-02-10T00:01:43.262+0000] {processor.py:743} INFO - Processing file /home/airflow/.local/lib/python3.7/site-packages/airflow/example_dags/example_short_circuit_decorator.py for tasks to queue
[2023-02-10T00:01:43.263+0000] {logging_mixin.py:137} INFO - [2023-02-10T00:01:43.263+0000] {dagbag.py:538} INFO - Filling up the DagBag from /home/airflow/.local/lib/python3.7/site-packages/airflow/example_dags/example_short_circuit_decorator.py
[2023-02-10T00:01:43.294+0000] {processor.py:753} INFO - DAG(s) dict_keys(['example_short_circuit_decorator']) retrieved from /home/airflow/.local/lib/python3.7/site-packages/airflow/example_dags/example_short_circuit_decorator.py
[2023-02-10T00:01:43.329+0000] {logging_mixin.py:137} INFO - [2023-02-10T00:01:43.329+0000] {dag.py:2690} INFO - Sync 1 DAGs
[2023-02-10T00:01:43.364+0000] {logging_mixin.py:137} INFO - [2023-02-10T00:01:43.364+0000] {dag.py:3441} INFO - Setting next_dagrun for example_short_circuit_decorator to 2023-02-09T00:01:43.364420+00:00, run_after=2023-02-10T00:01:43.364420+00:00
[2023-02-10T00:01:43.393+0000] {processor.py:175} INFO - Processing /home/airflow/.local/lib/python3.7/site-packages/airflow/example_dags/example_short_circuit_decorator.py took 0.135 seconds
[2023-02-10T00:02:13.510+0000] {processor.py:153} INFO - Started process (PID=2846) to work on /home/airflow/.local/lib/python3.7/site-packages/airflow/example_dags/example_short_circuit_decorator.py
[2023-02-10T00:02:13.511+0000] {processor.py:743} INFO - Processing file /home/airflow/.local/lib/python3.7/site-packages/airflow/example_dags/example_short_circuit_decorator.py for tasks to queue
[2023-02-10T00:02:13.512+0000] {logging_mixin.py:137} INFO - [2023-02-10T00:02:13.512+0000] {dagbag.py:538} INFO - Filling up the DagBag from /home/airflow/.local/lib/python3.7/site-packages/airflow/example_dags/example_short_circuit_decorator.py
[2023-02-10T00:02:13.541+0000] {processor.py:753} INFO - DAG(s) dict_keys(['example_short_circuit_decorator']) retrieved from /home/airflow/.local/lib/python3.7/site-packages/airflow/example_dags/example_short_circuit_decorator.py
[2023-02-10T00:02:13.573+0000] {logging_mixin.py:137} INFO - [2023-02-10T00:02:13.572+0000] {dag.py:2690} INFO - Sync 1 DAGs
[2023-02-10T00:02:13.610+0000] {logging_mixin.py:137} INFO - [2023-02-10T00:02:13.610+0000] {dag.py:3441} INFO - Setting next_dagrun for example_short_circuit_decorator to 2023-02-09T00:02:13.610114+00:00, run_after=2023-02-10T00:02:13.610114+00:00
[2023-02-10T00:02:13.637+0000] {processor.py:175} INFO - Processing /home/airflow/.local/lib/python3.7/site-packages/airflow/example_dags/example_short_circuit_decorator.py took 0.130 seconds
[2023-02-10T00:02:44.118+0000] {processor.py:153} INFO - Started process (PID=2929) to work on /home/airflow/.local/lib/python3.7/site-packages/airflow/example_dags/example_short_circuit_decorator.py
[2023-02-10T00:02:44.118+0000] {processor.py:743} INFO - Processing file /home/airflow/.local/lib/python3.7/site-packages/airflow/example_dags/example_short_circuit_decorator.py for tasks to queue
[2023-02-10T00:02:44.119+0000] {logging_mixin.py:137} INFO - [2023-02-10T00:02:44.119+0000] {dagbag.py:538} INFO - Filling up the DagBag from /home/airflow/.local/lib/python3.7/site-packages/airflow/example_dags/example_short_circuit_decorator.py
[2023-02-10T00:02:44.149+0000] {processor.py:753} INFO - DAG(s) dict_keys(['example_short_circuit_decorator']) retrieved from /home/airflow/.local/lib/python3.7/site-packages/airflow/example_dags/example_short_circuit_decorator.py
[2023-02-10T00:02:44.181+0000] {logging_mixin.py:137} INFO - [2023-02-10T00:02:44.181+0000] {dag.py:2690} INFO - Sync 1 DAGs
[2023-02-10T00:02:44.216+0000] {logging_mixin.py:137} INFO - [2023-02-10T00:02:44.216+0000] {dag.py:3441} INFO - Setting next_dagrun for example_short_circuit_decorator to 2023-02-09T00:02:44.215897+00:00, run_after=2023-02-10T00:02:44.215897+00:00
[2023-02-10T00:02:44.242+0000] {processor.py:175} INFO - Processing /home/airflow/.local/lib/python3.7/site-packages/airflow/example_dags/example_short_circuit_decorator.py took 0.128 seconds
[2023-02-10T00:03:14.529+0000] {processor.py:153} INFO - Started process (PID=2998) to work on /home/airflow/.local/lib/python3.7/site-packages/airflow/example_dags/example_short_circuit_decorator.py
[2023-02-10T00:03:14.529+0000] {processor.py:743} INFO - Processing file /home/airflow/.local/lib/python3.7/site-packages/airflow/example_dags/example_short_circuit_decorator.py for tasks to queue
[2023-02-10T00:03:14.530+0000] {logging_mixin.py:137} INFO - [2023-02-10T00:03:14.530+0000] {dagbag.py:538} INFO - Filling up the DagBag from /home/airflow/.local/lib/python3.7/site-packages/airflow/example_dags/example_short_circuit_decorator.py
[2023-02-10T00:03:14.558+0000] {processor.py:753} INFO - DAG(s) dict_keys(['example_short_circuit_decorator']) retrieved from /home/airflow/.local/lib/python3.7/site-packages/airflow/example_dags/example_short_circuit_decorator.py
[2023-02-10T00:03:14.588+0000] {logging_mixin.py:137} INFO - [2023-02-10T00:03:14.587+0000] {dag.py:2690} INFO - Sync 1 DAGs
[2023-02-10T00:03:14.625+0000] {logging_mixin.py:137} INFO - [2023-02-10T00:03:14.625+0000] {dag.py:3441} INFO - Setting next_dagrun for example_short_circuit_decorator to 2023-02-09T00:03:14.624902+00:00, run_after=2023-02-10T00:03:14.624902+00:00
[2023-02-10T00:03:14.651+0000] {processor.py:175} INFO - Processing /home/airflow/.local/lib/python3.7/site-packages/airflow/example_dags/example_short_circuit_decorator.py took 0.125 seconds
[2023-02-10T00:03:44.924+0000] {processor.py:153} INFO - Started process (PID=3066) to work on /home/airflow/.local/lib/python3.7/site-packages/airflow/example_dags/example_short_circuit_decorator.py
[2023-02-10T00:03:44.925+0000] {processor.py:743} INFO - Processing file /home/airflow/.local/lib/python3.7/site-packages/airflow/example_dags/example_short_circuit_decorator.py for tasks to queue
[2023-02-10T00:03:44.926+0000] {logging_mixin.py:137} INFO - [2023-02-10T00:03:44.926+0000] {dagbag.py:538} INFO - Filling up the DagBag from /home/airflow/.local/lib/python3.7/site-packages/airflow/example_dags/example_short_circuit_decorator.py
[2023-02-10T00:03:44.955+0000] {processor.py:753} INFO - DAG(s) dict_keys(['example_short_circuit_decorator']) retrieved from /home/airflow/.local/lib/python3.7/site-packages/airflow/example_dags/example_short_circuit_decorator.py
[2023-02-10T00:03:44.988+0000] {logging_mixin.py:137} INFO - [2023-02-10T00:03:44.988+0000] {dag.py:2690} INFO - Sync 1 DAGs
[2023-02-10T00:03:45.034+0000] {logging_mixin.py:137} INFO - [2023-02-10T00:03:45.034+0000] {dag.py:3441} INFO - Setting next_dagrun for example_short_circuit_decorator to 2023-02-09T00:03:45.034504+00:00, run_after=2023-02-10T00:03:45.034504+00:00
[2023-02-10T00:03:45.062+0000] {processor.py:175} INFO - Processing /home/airflow/.local/lib/python3.7/site-packages/airflow/example_dags/example_short_circuit_decorator.py took 0.142 seconds
[2023-02-10T00:04:15.413+0000] {processor.py:153} INFO - Started process (PID=3148) to work on /home/airflow/.local/lib/python3.7/site-packages/airflow/example_dags/example_short_circuit_decorator.py
[2023-02-10T00:04:15.414+0000] {processor.py:743} INFO - Processing file /home/airflow/.local/lib/python3.7/site-packages/airflow/example_dags/example_short_circuit_decorator.py for tasks to queue
[2023-02-10T00:04:15.415+0000] {logging_mixin.py:137} INFO - [2023-02-10T00:04:15.415+0000] {dagbag.py:538} INFO - Filling up the DagBag from /home/airflow/.local/lib/python3.7/site-packages/airflow/example_dags/example_short_circuit_decorator.py
[2023-02-10T00:04:15.443+0000] {processor.py:753} INFO - DAG(s) dict_keys(['example_short_circuit_decorator']) retrieved from /home/airflow/.local/lib/python3.7/site-packages/airflow/example_dags/example_short_circuit_decorator.py
[2023-02-10T00:04:15.474+0000] {logging_mixin.py:137} INFO - [2023-02-10T00:04:15.474+0000] {dag.py:2690} INFO - Sync 1 DAGs
[2023-02-10T00:04:15.519+0000] {logging_mixin.py:137} INFO - [2023-02-10T00:04:15.519+0000] {dag.py:3441} INFO - Setting next_dagrun for example_short_circuit_decorator to 2023-02-09T00:04:15.518851+00:00, run_after=2023-02-10T00:04:15.518851+00:00
[2023-02-10T00:04:15.556+0000] {processor.py:175} INFO - Processing /home/airflow/.local/lib/python3.7/site-packages/airflow/example_dags/example_short_circuit_decorator.py took 0.146 seconds
[2023-02-10T00:04:46.167+0000] {processor.py:153} INFO - Started process (PID=3216) to work on /home/airflow/.local/lib/python3.7/site-packages/airflow/example_dags/example_short_circuit_decorator.py
[2023-02-10T00:04:46.169+0000] {processor.py:743} INFO - Processing file /home/airflow/.local/lib/python3.7/site-packages/airflow/example_dags/example_short_circuit_decorator.py for tasks to queue
[2023-02-10T00:04:46.170+0000] {logging_mixin.py:137} INFO - [2023-02-10T00:04:46.169+0000] {dagbag.py:538} INFO - Filling up the DagBag from /home/airflow/.local/lib/python3.7/site-packages/airflow/example_dags/example_short_circuit_decorator.py
[2023-02-10T00:04:46.205+0000] {processor.py:753} INFO - DAG(s) dict_keys(['example_short_circuit_decorator']) retrieved from /home/airflow/.local/lib/python3.7/site-packages/airflow/example_dags/example_short_circuit_decorator.py
[2023-02-10T00:04:46.235+0000] {logging_mixin.py:137} INFO - [2023-02-10T00:04:46.235+0000] {dag.py:2690} INFO - Sync 1 DAGs
[2023-02-10T00:04:46.270+0000] {logging_mixin.py:137} INFO - [2023-02-10T00:04:46.270+0000] {dag.py:3441} INFO - Setting next_dagrun for example_short_circuit_decorator to 2023-02-09T00:04:46.270505+00:00, run_after=2023-02-10T00:04:46.270505+00:00
[2023-02-10T00:04:46.296+0000] {processor.py:175} INFO - Processing /home/airflow/.local/lib/python3.7/site-packages/airflow/example_dags/example_short_circuit_decorator.py took 0.133 seconds
[2023-02-10T00:05:16.665+0000] {processor.py:153} INFO - Started process (PID=3282) to work on /home/airflow/.local/lib/python3.7/site-packages/airflow/example_dags/example_short_circuit_decorator.py
[2023-02-10T00:05:16.666+0000] {processor.py:743} INFO - Processing file /home/airflow/.local/lib/python3.7/site-packages/airflow/example_dags/example_short_circuit_decorator.py for tasks to queue
[2023-02-10T00:05:16.667+0000] {logging_mixin.py:137} INFO - [2023-02-10T00:05:16.667+0000] {dagbag.py:538} INFO - Filling up the DagBag from /home/airflow/.local/lib/python3.7/site-packages/airflow/example_dags/example_short_circuit_decorator.py
[2023-02-10T00:05:16.699+0000] {processor.py:753} INFO - DAG(s) dict_keys(['example_short_circuit_decorator']) retrieved from /home/airflow/.local/lib/python3.7/site-packages/airflow/example_dags/example_short_circuit_decorator.py
[2023-02-10T00:05:16.731+0000] {logging_mixin.py:137} INFO - [2023-02-10T00:05:16.731+0000] {dag.py:2690} INFO - Sync 1 DAGs
[2023-02-10T00:05:16.768+0000] {logging_mixin.py:137} INFO - [2023-02-10T00:05:16.767+0000] {dag.py:3441} INFO - Setting next_dagrun for example_short_circuit_decorator to 2023-02-09T00:05:16.767658+00:00, run_after=2023-02-10T00:05:16.767658+00:00
[2023-02-10T00:05:16.793+0000] {processor.py:175} INFO - Processing /home/airflow/.local/lib/python3.7/site-packages/airflow/example_dags/example_short_circuit_decorator.py took 0.133 seconds
[2023-02-10T00:05:47.610+0000] {processor.py:153} INFO - Started process (PID=3366) to work on /home/airflow/.local/lib/python3.7/site-packages/airflow/example_dags/example_short_circuit_decorator.py
[2023-02-10T00:05:47.610+0000] {processor.py:743} INFO - Processing file /home/airflow/.local/lib/python3.7/site-packages/airflow/example_dags/example_short_circuit_decorator.py for tasks to queue
[2023-02-10T00:05:47.611+0000] {logging_mixin.py:137} INFO - [2023-02-10T00:05:47.611+0000] {dagbag.py:538} INFO - Filling up the DagBag from /home/airflow/.local/lib/python3.7/site-packages/airflow/example_dags/example_short_circuit_decorator.py
[2023-02-10T00:05:47.639+0000] {processor.py:753} INFO - DAG(s) dict_keys(['example_short_circuit_decorator']) retrieved from /home/airflow/.local/lib/python3.7/site-packages/airflow/example_dags/example_short_circuit_decorator.py
[2023-02-10T00:05:47.670+0000] {logging_mixin.py:137} INFO - [2023-02-10T00:05:47.670+0000] {dag.py:2690} INFO - Sync 1 DAGs
[2023-02-10T00:05:47.706+0000] {logging_mixin.py:137} INFO - [2023-02-10T00:05:47.705+0000] {dag.py:3441} INFO - Setting next_dagrun for example_short_circuit_decorator to 2023-02-09T00:05:47.705637+00:00, run_after=2023-02-10T00:05:47.705637+00:00
[2023-02-10T00:05:47.733+0000] {processor.py:175} INFO - Processing /home/airflow/.local/lib/python3.7/site-packages/airflow/example_dags/example_short_circuit_decorator.py took 0.127 seconds
[2023-02-10T00:06:18.444+0000] {processor.py:153} INFO - Started process (PID=3435) to work on /home/airflow/.local/lib/python3.7/site-packages/airflow/example_dags/example_short_circuit_decorator.py
[2023-02-10T00:06:18.444+0000] {processor.py:743} INFO - Processing file /home/airflow/.local/lib/python3.7/site-packages/airflow/example_dags/example_short_circuit_decorator.py for tasks to queue
[2023-02-10T00:06:18.445+0000] {logging_mixin.py:137} INFO - [2023-02-10T00:06:18.445+0000] {dagbag.py:538} INFO - Filling up the DagBag from /home/airflow/.local/lib/python3.7/site-packages/airflow/example_dags/example_short_circuit_decorator.py
[2023-02-10T00:06:18.485+0000] {processor.py:753} INFO - DAG(s) dict_keys(['example_short_circuit_decorator']) retrieved from /home/airflow/.local/lib/python3.7/site-packages/airflow/example_dags/example_short_circuit_decorator.py
[2023-02-10T00:06:18.521+0000] {logging_mixin.py:137} INFO - [2023-02-10T00:06:18.521+0000] {dag.py:2690} INFO - Sync 1 DAGs
[2023-02-10T00:06:18.557+0000] {logging_mixin.py:137} INFO - [2023-02-10T00:06:18.557+0000] {dag.py:3441} INFO - Setting next_dagrun for example_short_circuit_decorator to 2023-02-09T00:06:18.557342+00:00, run_after=2023-02-10T00:06:18.557342+00:00
[2023-02-10T00:06:18.584+0000] {processor.py:175} INFO - Processing /home/airflow/.local/lib/python3.7/site-packages/airflow/example_dags/example_short_circuit_decorator.py took 0.144 seconds
[2023-02-10T00:06:49.021+0000] {processor.py:153} INFO - Started process (PID=3504) to work on /home/airflow/.local/lib/python3.7/site-packages/airflow/example_dags/example_short_circuit_decorator.py
[2023-02-10T00:06:49.021+0000] {processor.py:743} INFO - Processing file /home/airflow/.local/lib/python3.7/site-packages/airflow/example_dags/example_short_circuit_decorator.py for tasks to queue
[2023-02-10T00:06:49.022+0000] {logging_mixin.py:137} INFO - [2023-02-10T00:06:49.022+0000] {dagbag.py:538} INFO - Filling up the DagBag from /home/airflow/.local/lib/python3.7/site-packages/airflow/example_dags/example_short_circuit_decorator.py
[2023-02-10T00:06:49.052+0000] {processor.py:753} INFO - DAG(s) dict_keys(['example_short_circuit_decorator']) retrieved from /home/airflow/.local/lib/python3.7/site-packages/airflow/example_dags/example_short_circuit_decorator.py
[2023-02-10T00:06:49.083+0000] {logging_mixin.py:137} INFO - [2023-02-10T00:06:49.082+0000] {dag.py:2690} INFO - Sync 1 DAGs
[2023-02-10T00:06:49.119+0000] {logging_mixin.py:137} INFO - [2023-02-10T00:06:49.119+0000] {dag.py:3441} INFO - Setting next_dagrun for example_short_circuit_decorator to 2023-02-09T00:06:49.119067+00:00, run_after=2023-02-10T00:06:49.119067+00:00
[2023-02-10T00:06:49.147+0000] {processor.py:175} INFO - Processing /home/airflow/.local/lib/python3.7/site-packages/airflow/example_dags/example_short_circuit_decorator.py took 0.129 seconds
[2023-02-10T00:07:20.036+0000] {processor.py:153} INFO - Started process (PID=3587) to work on /home/airflow/.local/lib/python3.7/site-packages/airflow/example_dags/example_short_circuit_decorator.py
[2023-02-10T00:07:20.036+0000] {processor.py:743} INFO - Processing file /home/airflow/.local/lib/python3.7/site-packages/airflow/example_dags/example_short_circuit_decorator.py for tasks to queue
[2023-02-10T00:07:20.037+0000] {logging_mixin.py:137} INFO - [2023-02-10T00:07:20.037+0000] {dagbag.py:538} INFO - Filling up the DagBag from /home/airflow/.local/lib/python3.7/site-packages/airflow/example_dags/example_short_circuit_decorator.py
[2023-02-10T00:07:20.066+0000] {processor.py:753} INFO - DAG(s) dict_keys(['example_short_circuit_decorator']) retrieved from /home/airflow/.local/lib/python3.7/site-packages/airflow/example_dags/example_short_circuit_decorator.py
[2023-02-10T00:07:20.097+0000] {logging_mixin.py:137} INFO - [2023-02-10T00:07:20.097+0000] {dag.py:2690} INFO - Sync 1 DAGs
[2023-02-10T00:07:20.131+0000] {logging_mixin.py:137} INFO - [2023-02-10T00:07:20.131+0000] {dag.py:3441} INFO - Setting next_dagrun for example_short_circuit_decorator to 2023-02-09T00:07:20.130874+00:00, run_after=2023-02-10T00:07:20.130874+00:00
[2023-02-10T00:07:20.155+0000] {processor.py:175} INFO - Processing /home/airflow/.local/lib/python3.7/site-packages/airflow/example_dags/example_short_circuit_decorator.py took 0.123 seconds
[2023-02-10T00:07:50.260+0000] {processor.py:153} INFO - Started process (PID=3655) to work on /home/airflow/.local/lib/python3.7/site-packages/airflow/example_dags/example_short_circuit_decorator.py
[2023-02-10T00:07:50.261+0000] {processor.py:743} INFO - Processing file /home/airflow/.local/lib/python3.7/site-packages/airflow/example_dags/example_short_circuit_decorator.py for tasks to queue
[2023-02-10T00:07:50.261+0000] {logging_mixin.py:137} INFO - [2023-02-10T00:07:50.261+0000] {dagbag.py:538} INFO - Filling up the DagBag from /home/airflow/.local/lib/python3.7/site-packages/airflow/example_dags/example_short_circuit_decorator.py
[2023-02-10T00:07:50.291+0000] {processor.py:753} INFO - DAG(s) dict_keys(['example_short_circuit_decorator']) retrieved from /home/airflow/.local/lib/python3.7/site-packages/airflow/example_dags/example_short_circuit_decorator.py
[2023-02-10T00:07:50.321+0000] {logging_mixin.py:137} INFO - [2023-02-10T00:07:50.320+0000] {dag.py:2690} INFO - Sync 1 DAGs
[2023-02-10T00:07:50.353+0000] {logging_mixin.py:137} INFO - [2023-02-10T00:07:50.353+0000] {dag.py:3441} INFO - Setting next_dagrun for example_short_circuit_decorator to 2023-02-09T00:07:50.353330+00:00, run_after=2023-02-10T00:07:50.353330+00:00
[2023-02-10T00:07:50.377+0000] {processor.py:175} INFO - Processing /home/airflow/.local/lib/python3.7/site-packages/airflow/example_dags/example_short_circuit_decorator.py took 0.120 seconds
[2023-02-10T00:08:20.802+0000] {processor.py:153} INFO - Started process (PID=3724) to work on /home/airflow/.local/lib/python3.7/site-packages/airflow/example_dags/example_short_circuit_decorator.py
[2023-02-10T00:08:20.803+0000] {processor.py:743} INFO - Processing file /home/airflow/.local/lib/python3.7/site-packages/airflow/example_dags/example_short_circuit_decorator.py for tasks to queue
[2023-02-10T00:08:20.804+0000] {logging_mixin.py:137} INFO - [2023-02-10T00:08:20.803+0000] {dagbag.py:538} INFO - Filling up the DagBag from /home/airflow/.local/lib/python3.7/site-packages/airflow/example_dags/example_short_circuit_decorator.py
[2023-02-10T00:08:20.832+0000] {processor.py:753} INFO - DAG(s) dict_keys(['example_short_circuit_decorator']) retrieved from /home/airflow/.local/lib/python3.7/site-packages/airflow/example_dags/example_short_circuit_decorator.py
[2023-02-10T00:08:20.863+0000] {logging_mixin.py:137} INFO - [2023-02-10T00:08:20.863+0000] {dag.py:2690} INFO - Sync 1 DAGs
[2023-02-10T00:08:20.898+0000] {logging_mixin.py:137} INFO - [2023-02-10T00:08:20.898+0000] {dag.py:3441} INFO - Setting next_dagrun for example_short_circuit_decorator to 2023-02-09T00:08:20.898451+00:00, run_after=2023-02-10T00:08:20.898451+00:00
[2023-02-10T00:08:20.931+0000] {processor.py:175} INFO - Processing /home/airflow/.local/lib/python3.7/site-packages/airflow/example_dags/example_short_circuit_decorator.py took 0.132 seconds
[2023-02-10T00:08:51.579+0000] {processor.py:153} INFO - Started process (PID=3805) to work on /home/airflow/.local/lib/python3.7/site-packages/airflow/example_dags/example_short_circuit_decorator.py
[2023-02-10T00:08:51.580+0000] {processor.py:743} INFO - Processing file /home/airflow/.local/lib/python3.7/site-packages/airflow/example_dags/example_short_circuit_decorator.py for tasks to queue
[2023-02-10T00:08:51.581+0000] {logging_mixin.py:137} INFO - [2023-02-10T00:08:51.580+0000] {dagbag.py:538} INFO - Filling up the DagBag from /home/airflow/.local/lib/python3.7/site-packages/airflow/example_dags/example_short_circuit_decorator.py
[2023-02-10T00:08:51.613+0000] {processor.py:753} INFO - DAG(s) dict_keys(['example_short_circuit_decorator']) retrieved from /home/airflow/.local/lib/python3.7/site-packages/airflow/example_dags/example_short_circuit_decorator.py
[2023-02-10T00:08:51.649+0000] {logging_mixin.py:137} INFO - [2023-02-10T00:08:51.649+0000] {dag.py:2690} INFO - Sync 1 DAGs
[2023-02-10T00:08:51.698+0000] {logging_mixin.py:137} INFO - [2023-02-10T00:08:51.698+0000] {dag.py:3441} INFO - Setting next_dagrun for example_short_circuit_decorator to 2023-02-09T00:08:51.697936+00:00, run_after=2023-02-10T00:08:51.697936+00:00
[2023-02-10T00:08:51.734+0000] {processor.py:175} INFO - Processing /home/airflow/.local/lib/python3.7/site-packages/airflow/example_dags/example_short_circuit_decorator.py took 0.159 seconds
[2023-02-10T00:09:22.006+0000] {processor.py:153} INFO - Started process (PID=3873) to work on /home/airflow/.local/lib/python3.7/site-packages/airflow/example_dags/example_short_circuit_decorator.py
[2023-02-10T00:09:22.007+0000] {processor.py:743} INFO - Processing file /home/airflow/.local/lib/python3.7/site-packages/airflow/example_dags/example_short_circuit_decorator.py for tasks to queue
[2023-02-10T00:09:22.008+0000] {logging_mixin.py:137} INFO - [2023-02-10T00:09:22.007+0000] {dagbag.py:538} INFO - Filling up the DagBag from /home/airflow/.local/lib/python3.7/site-packages/airflow/example_dags/example_short_circuit_decorator.py
[2023-02-10T00:09:22.039+0000] {processor.py:753} INFO - DAG(s) dict_keys(['example_short_circuit_decorator']) retrieved from /home/airflow/.local/lib/python3.7/site-packages/airflow/example_dags/example_short_circuit_decorator.py
[2023-02-10T00:09:22.075+0000] {logging_mixin.py:137} INFO - [2023-02-10T00:09:22.074+0000] {dag.py:2690} INFO - Sync 1 DAGs
[2023-02-10T00:09:22.111+0000] {logging_mixin.py:137} INFO - [2023-02-10T00:09:22.111+0000] {dag.py:3441} INFO - Setting next_dagrun for example_short_circuit_decorator to 2023-02-09T00:09:22.111119+00:00, run_after=2023-02-10T00:09:22.111119+00:00
[2023-02-10T00:09:22.138+0000] {processor.py:175} INFO - Processing /home/airflow/.local/lib/python3.7/site-packages/airflow/example_dags/example_short_circuit_decorator.py took 0.135 seconds
[2023-02-10T00:09:52.278+0000] {processor.py:153} INFO - Started process (PID=3940) to work on /home/airflow/.local/lib/python3.7/site-packages/airflow/example_dags/example_short_circuit_decorator.py
[2023-02-10T00:09:52.279+0000] {processor.py:743} INFO - Processing file /home/airflow/.local/lib/python3.7/site-packages/airflow/example_dags/example_short_circuit_decorator.py for tasks to queue
[2023-02-10T00:09:52.280+0000] {logging_mixin.py:137} INFO - [2023-02-10T00:09:52.279+0000] {dagbag.py:538} INFO - Filling up the DagBag from /home/airflow/.local/lib/python3.7/site-packages/airflow/example_dags/example_short_circuit_decorator.py
[2023-02-10T00:09:52.310+0000] {processor.py:753} INFO - DAG(s) dict_keys(['example_short_circuit_decorator']) retrieved from /home/airflow/.local/lib/python3.7/site-packages/airflow/example_dags/example_short_circuit_decorator.py
[2023-02-10T00:09:52.341+0000] {logging_mixin.py:137} INFO - [2023-02-10T00:09:52.341+0000] {dag.py:2690} INFO - Sync 1 DAGs
[2023-02-10T00:09:52.375+0000] {logging_mixin.py:137} INFO - [2023-02-10T00:09:52.375+0000] {dag.py:3441} INFO - Setting next_dagrun for example_short_circuit_decorator to 2023-02-09T00:09:52.375434+00:00, run_after=2023-02-10T00:09:52.375434+00:00
[2023-02-10T00:09:52.401+0000] {processor.py:175} INFO - Processing /home/airflow/.local/lib/python3.7/site-packages/airflow/example_dags/example_short_circuit_decorator.py took 0.126 seconds
[2023-02-10T00:10:23.178+0000] {processor.py:153} INFO - Started process (PID=4018) to work on /home/airflow/.local/lib/python3.7/site-packages/airflow/example_dags/example_short_circuit_decorator.py
[2023-02-10T00:10:23.178+0000] {processor.py:743} INFO - Processing file /home/airflow/.local/lib/python3.7/site-packages/airflow/example_dags/example_short_circuit_decorator.py for tasks to queue
[2023-02-10T00:10:23.179+0000] {logging_mixin.py:137} INFO - [2023-02-10T00:10:23.179+0000] {dagbag.py:538} INFO - Filling up the DagBag from /home/airflow/.local/lib/python3.7/site-packages/airflow/example_dags/example_short_circuit_decorator.py
[2023-02-10T00:10:23.219+0000] {processor.py:753} INFO - DAG(s) dict_keys(['example_short_circuit_decorator']) retrieved from /home/airflow/.local/lib/python3.7/site-packages/airflow/example_dags/example_short_circuit_decorator.py
[2023-02-10T00:10:23.253+0000] {logging_mixin.py:137} INFO - [2023-02-10T00:10:23.253+0000] {dag.py:2690} INFO - Sync 1 DAGs
[2023-02-10T00:10:23.291+0000] {logging_mixin.py:137} INFO - [2023-02-10T00:10:23.290+0000] {dag.py:3441} INFO - Setting next_dagrun for example_short_circuit_decorator to 2023-02-09T00:10:23.290575+00:00, run_after=2023-02-10T00:10:23.290575+00:00
[2023-02-10T00:10:23.317+0000] {processor.py:175} INFO - Processing /home/airflow/.local/lib/python3.7/site-packages/airflow/example_dags/example_short_circuit_decorator.py took 0.143 seconds
[2023-02-10T00:10:53.832+0000] {processor.py:153} INFO - Started process (PID=4091) to work on /home/airflow/.local/lib/python3.7/site-packages/airflow/example_dags/example_short_circuit_decorator.py
[2023-02-10T00:10:53.833+0000] {processor.py:743} INFO - Processing file /home/airflow/.local/lib/python3.7/site-packages/airflow/example_dags/example_short_circuit_decorator.py for tasks to queue
[2023-02-10T00:10:53.834+0000] {logging_mixin.py:137} INFO - [2023-02-10T00:10:53.834+0000] {dagbag.py:538} INFO - Filling up the DagBag from /home/airflow/.local/lib/python3.7/site-packages/airflow/example_dags/example_short_circuit_decorator.py
[2023-02-10T00:10:53.866+0000] {processor.py:753} INFO - DAG(s) dict_keys(['example_short_circuit_decorator']) retrieved from /home/airflow/.local/lib/python3.7/site-packages/airflow/example_dags/example_short_circuit_decorator.py
[2023-02-10T00:10:53.898+0000] {logging_mixin.py:137} INFO - [2023-02-10T00:10:53.898+0000] {dag.py:2690} INFO - Sync 1 DAGs
[2023-02-10T00:10:53.934+0000] {logging_mixin.py:137} INFO - [2023-02-10T00:10:53.934+0000] {dag.py:3441} INFO - Setting next_dagrun for example_short_circuit_decorator to 2023-02-09T00:10:53.934058+00:00, run_after=2023-02-10T00:10:53.934058+00:00
[2023-02-10T00:10:53.959+0000] {processor.py:175} INFO - Processing /home/airflow/.local/lib/python3.7/site-packages/airflow/example_dags/example_short_circuit_decorator.py took 0.130 seconds
[2023-02-10T00:11:24.246+0000] {processor.py:153} INFO - Started process (PID=4158) to work on /home/airflow/.local/lib/python3.7/site-packages/airflow/example_dags/example_short_circuit_decorator.py
[2023-02-10T00:11:24.247+0000] {processor.py:743} INFO - Processing file /home/airflow/.local/lib/python3.7/site-packages/airflow/example_dags/example_short_circuit_decorator.py for tasks to queue
[2023-02-10T00:11:24.248+0000] {logging_mixin.py:137} INFO - [2023-02-10T00:11:24.247+0000] {dagbag.py:538} INFO - Filling up the DagBag from /home/airflow/.local/lib/python3.7/site-packages/airflow/example_dags/example_short_circuit_decorator.py
[2023-02-10T00:11:24.279+0000] {processor.py:753} INFO - DAG(s) dict_keys(['example_short_circuit_decorator']) retrieved from /home/airflow/.local/lib/python3.7/site-packages/airflow/example_dags/example_short_circuit_decorator.py
[2023-02-10T00:11:24.313+0000] {logging_mixin.py:137} INFO - [2023-02-10T00:11:24.312+0000] {dag.py:2690} INFO - Sync 1 DAGs
[2023-02-10T00:11:24.348+0000] {logging_mixin.py:137} INFO - [2023-02-10T00:11:24.348+0000] {dag.py:3441} INFO - Setting next_dagrun for example_short_circuit_decorator to 2023-02-09T00:11:24.348243+00:00, run_after=2023-02-10T00:11:24.348243+00:00
[2023-02-10T00:11:24.377+0000] {processor.py:175} INFO - Processing /home/airflow/.local/lib/python3.7/site-packages/airflow/example_dags/example_short_circuit_decorator.py took 0.134 seconds
[2023-02-10T00:11:54.787+0000] {processor.py:153} INFO - Started process (PID=4236) to work on /home/airflow/.local/lib/python3.7/site-packages/airflow/example_dags/example_short_circuit_decorator.py
[2023-02-10T00:11:54.789+0000] {processor.py:743} INFO - Processing file /home/airflow/.local/lib/python3.7/site-packages/airflow/example_dags/example_short_circuit_decorator.py for tasks to queue
[2023-02-10T00:11:54.789+0000] {logging_mixin.py:137} INFO - [2023-02-10T00:11:54.789+0000] {dagbag.py:538} INFO - Filling up the DagBag from /home/airflow/.local/lib/python3.7/site-packages/airflow/example_dags/example_short_circuit_decorator.py
[2023-02-10T00:11:54.829+0000] {processor.py:753} INFO - DAG(s) dict_keys(['example_short_circuit_decorator']) retrieved from /home/airflow/.local/lib/python3.7/site-packages/airflow/example_dags/example_short_circuit_decorator.py
[2023-02-10T00:11:54.881+0000] {logging_mixin.py:137} INFO - [2023-02-10T00:11:54.881+0000] {dag.py:2690} INFO - Sync 1 DAGs
[2023-02-10T00:11:54.923+0000] {logging_mixin.py:137} INFO - [2023-02-10T00:11:54.923+0000] {dag.py:3441} INFO - Setting next_dagrun for example_short_circuit_decorator to 2023-02-09T00:11:54.922947+00:00, run_after=2023-02-10T00:11:54.922947+00:00
[2023-02-10T00:11:54.953+0000] {processor.py:175} INFO - Processing /home/airflow/.local/lib/python3.7/site-packages/airflow/example_dags/example_short_circuit_decorator.py took 0.170 seconds
[2023-02-10T00:12:25.517+0000] {processor.py:153} INFO - Started process (PID=4309) to work on /home/airflow/.local/lib/python3.7/site-packages/airflow/example_dags/example_short_circuit_decorator.py
[2023-02-10T00:12:25.518+0000] {processor.py:743} INFO - Processing file /home/airflow/.local/lib/python3.7/site-packages/airflow/example_dags/example_short_circuit_decorator.py for tasks to queue
[2023-02-10T00:12:25.519+0000] {logging_mixin.py:137} INFO - [2023-02-10T00:12:25.518+0000] {dagbag.py:538} INFO - Filling up the DagBag from /home/airflow/.local/lib/python3.7/site-packages/airflow/example_dags/example_short_circuit_decorator.py
[2023-02-10T00:12:25.543+0000] {processor.py:753} INFO - DAG(s) dict_keys(['example_short_circuit_decorator']) retrieved from /home/airflow/.local/lib/python3.7/site-packages/airflow/example_dags/example_short_circuit_decorator.py
[2023-02-10T00:12:25.568+0000] {logging_mixin.py:137} INFO - [2023-02-10T00:12:25.568+0000] {dag.py:2690} INFO - Sync 1 DAGs
[2023-02-10T00:12:25.597+0000] {logging_mixin.py:137} INFO - [2023-02-10T00:12:25.597+0000] {dag.py:3441} INFO - Setting next_dagrun for example_short_circuit_decorator to 2023-02-09T00:12:25.597025+00:00, run_after=2023-02-10T00:12:25.597025+00:00
[2023-02-10T00:12:25.616+0000] {processor.py:175} INFO - Processing /home/airflow/.local/lib/python3.7/site-packages/airflow/example_dags/example_short_circuit_decorator.py took 0.102 seconds
[2023-02-10T00:12:55.968+0000] {processor.py:153} INFO - Started process (PID=4377) to work on /home/airflow/.local/lib/python3.7/site-packages/airflow/example_dags/example_short_circuit_decorator.py
[2023-02-10T00:12:55.969+0000] {processor.py:743} INFO - Processing file /home/airflow/.local/lib/python3.7/site-packages/airflow/example_dags/example_short_circuit_decorator.py for tasks to queue
[2023-02-10T00:12:55.970+0000] {logging_mixin.py:137} INFO - [2023-02-10T00:12:55.969+0000] {dagbag.py:538} INFO - Filling up the DagBag from /home/airflow/.local/lib/python3.7/site-packages/airflow/example_dags/example_short_circuit_decorator.py
[2023-02-10T00:12:56.003+0000] {processor.py:753} INFO - DAG(s) dict_keys(['example_short_circuit_decorator']) retrieved from /home/airflow/.local/lib/python3.7/site-packages/airflow/example_dags/example_short_circuit_decorator.py
[2023-02-10T00:12:56.040+0000] {logging_mixin.py:137} INFO - [2023-02-10T00:12:56.039+0000] {dag.py:2690} INFO - Sync 1 DAGs
[2023-02-10T00:12:56.078+0000] {logging_mixin.py:137} INFO - [2023-02-10T00:12:56.078+0000] {dag.py:3441} INFO - Setting next_dagrun for example_short_circuit_decorator to 2023-02-09T00:12:56.077660+00:00, run_after=2023-02-10T00:12:56.077660+00:00
[2023-02-10T00:12:56.105+0000] {processor.py:175} INFO - Processing /home/airflow/.local/lib/python3.7/site-packages/airflow/example_dags/example_short_circuit_decorator.py took 0.141 seconds
[2023-02-10T00:13:26.639+0000] {processor.py:153} INFO - Started process (PID=4452) to work on /home/airflow/.local/lib/python3.7/site-packages/airflow/example_dags/example_short_circuit_decorator.py
[2023-02-10T00:13:26.640+0000] {processor.py:743} INFO - Processing file /home/airflow/.local/lib/python3.7/site-packages/airflow/example_dags/example_short_circuit_decorator.py for tasks to queue
[2023-02-10T00:13:26.641+0000] {logging_mixin.py:137} INFO - [2023-02-10T00:13:26.641+0000] {dagbag.py:538} INFO - Filling up the DagBag from /home/airflow/.local/lib/python3.7/site-packages/airflow/example_dags/example_short_circuit_decorator.py
[2023-02-10T00:13:26.673+0000] {processor.py:753} INFO - DAG(s) dict_keys(['example_short_circuit_decorator']) retrieved from /home/airflow/.local/lib/python3.7/site-packages/airflow/example_dags/example_short_circuit_decorator.py
[2023-02-10T00:13:26.707+0000] {logging_mixin.py:137} INFO - [2023-02-10T00:13:26.707+0000] {dag.py:2690} INFO - Sync 1 DAGs
[2023-02-10T00:13:26.746+0000] {logging_mixin.py:137} INFO - [2023-02-10T00:13:26.745+0000] {dag.py:3441} INFO - Setting next_dagrun for example_short_circuit_decorator to 2023-02-09T00:13:26.745577+00:00, run_after=2023-02-10T00:13:26.745577+00:00
[2023-02-10T00:13:26.783+0000] {processor.py:175} INFO - Processing /home/airflow/.local/lib/python3.7/site-packages/airflow/example_dags/example_short_circuit_decorator.py took 0.147 seconds
