[2023-02-10T00:00:10.579+0000] {processor.py:153} INFO - Started process (PID=2554) to work on /home/airflow/.local/lib/python3.7/site-packages/airflow/example_dags/example_subdag_operator.py
[2023-02-10T00:00:10.579+0000] {processor.py:743} INFO - Processing file /home/airflow/.local/lib/python3.7/site-packages/airflow/example_dags/example_subdag_operator.py for tasks to queue
[2023-02-10T00:00:10.580+0000] {logging_mixin.py:137} INFO - [2023-02-10T00:00:10.580+0000] {dagbag.py:538} INFO - Filling up the DagBag from /home/airflow/.local/lib/python3.7/site-packages/airflow/example_dags/example_subdag_operator.py
[2023-02-10T00:00:10.615+0000] {processor.py:753} INFO - DAG(s) dict_keys(['example_subdag_operator.section-1', 'example_subdag_operator.section-2', 'example_subdag_operator']) retrieved from /home/airflow/.local/lib/python3.7/site-packages/airflow/example_dags/example_subdag_operator.py
[2023-02-10T00:00:10.638+0000] {logging_mixin.py:137} INFO - [2023-02-10T00:00:10.638+0000] {dag.py:2690} INFO - Sync 3 DAGs
[2023-02-10T00:00:10.672+0000] {logging_mixin.py:137} INFO - [2023-02-10T00:00:10.672+0000] {dag.py:3441} INFO - Setting next_dagrun for example_subdag_operator to 2022-01-01T00:00:00+00:00, run_after=2022-01-01T00:00:00+00:00
[2023-02-10T00:00:10.677+0000] {logging_mixin.py:137} INFO - [2023-02-10T00:00:10.677+0000] {dag.py:3441} INFO - Setting next_dagrun for example_subdag_operator.section-1 to None, run_after=None
[2023-02-10T00:00:10.679+0000] {logging_mixin.py:137} INFO - [2023-02-10T00:00:10.679+0000] {dag.py:3441} INFO - Setting next_dagrun for example_subdag_operator.section-2 to None, run_after=None
[2023-02-10T00:00:10.689+0000] {logging_mixin.py:137} INFO - [2023-02-10T00:00:10.689+0000] {dag.py:2690} INFO - Sync 2 DAGs
[2023-02-10T00:00:10.697+0000] {logging_mixin.py:137} INFO - [2023-02-10T00:00:10.697+0000] {dag.py:3441} INFO - Setting next_dagrun for example_subdag_operator.section-1 to None, run_after=None
[2023-02-10T00:00:10.697+0000] {logging_mixin.py:137} INFO - [2023-02-10T00:00:10.697+0000] {dag.py:3441} INFO - Setting next_dagrun for example_subdag_operator.section-2 to None, run_after=None
[2023-02-10T00:00:10.712+0000] {processor.py:175} INFO - Processing /home/airflow/.local/lib/python3.7/site-packages/airflow/example_dags/example_subdag_operator.py took 0.136 seconds
[2023-02-10T00:00:41.307+0000] {processor.py:153} INFO - Started process (PID=2627) to work on /home/airflow/.local/lib/python3.7/site-packages/airflow/example_dags/example_subdag_operator.py
[2023-02-10T00:00:41.308+0000] {processor.py:743} INFO - Processing file /home/airflow/.local/lib/python3.7/site-packages/airflow/example_dags/example_subdag_operator.py for tasks to queue
[2023-02-10T00:00:41.309+0000] {logging_mixin.py:137} INFO - [2023-02-10T00:00:41.308+0000] {dagbag.py:538} INFO - Filling up the DagBag from /home/airflow/.local/lib/python3.7/site-packages/airflow/example_dags/example_subdag_operator.py
[2023-02-10T00:00:41.362+0000] {processor.py:753} INFO - DAG(s) dict_keys(['example_subdag_operator.section-1', 'example_subdag_operator.section-2', 'example_subdag_operator']) retrieved from /home/airflow/.local/lib/python3.7/site-packages/airflow/example_dags/example_subdag_operator.py
[2023-02-10T00:00:41.387+0000] {logging_mixin.py:137} INFO - [2023-02-10T00:00:41.387+0000] {dag.py:2690} INFO - Sync 3 DAGs
[2023-02-10T00:00:41.424+0000] {logging_mixin.py:137} INFO - [2023-02-10T00:00:41.423+0000] {dag.py:3441} INFO - Setting next_dagrun for example_subdag_operator to 2022-01-01T00:00:00+00:00, run_after=2022-01-01T00:00:00+00:00
[2023-02-10T00:00:41.429+0000] {logging_mixin.py:137} INFO - [2023-02-10T00:00:41.429+0000] {dag.py:3441} INFO - Setting next_dagrun for example_subdag_operator.section-1 to None, run_after=None
[2023-02-10T00:00:41.431+0000] {logging_mixin.py:137} INFO - [2023-02-10T00:00:41.431+0000] {dag.py:3441} INFO - Setting next_dagrun for example_subdag_operator.section-2 to None, run_after=None
[2023-02-10T00:00:41.442+0000] {logging_mixin.py:137} INFO - [2023-02-10T00:00:41.442+0000] {dag.py:2690} INFO - Sync 2 DAGs
[2023-02-10T00:00:41.452+0000] {logging_mixin.py:137} INFO - [2023-02-10T00:00:41.452+0000] {dag.py:3441} INFO - Setting next_dagrun for example_subdag_operator.section-1 to None, run_after=None
[2023-02-10T00:00:41.452+0000] {logging_mixin.py:137} INFO - [2023-02-10T00:00:41.452+0000] {dag.py:3441} INFO - Setting next_dagrun for example_subdag_operator.section-2 to None, run_after=None
[2023-02-10T00:00:41.472+0000] {processor.py:175} INFO - Processing /home/airflow/.local/lib/python3.7/site-packages/airflow/example_dags/example_subdag_operator.py took 0.169 seconds
[2023-02-10T00:01:11.778+0000] {processor.py:153} INFO - Started process (PID=2700) to work on /home/airflow/.local/lib/python3.7/site-packages/airflow/example_dags/example_subdag_operator.py
[2023-02-10T00:01:11.778+0000] {processor.py:743} INFO - Processing file /home/airflow/.local/lib/python3.7/site-packages/airflow/example_dags/example_subdag_operator.py for tasks to queue
[2023-02-10T00:01:11.779+0000] {logging_mixin.py:137} INFO - [2023-02-10T00:01:11.779+0000] {dagbag.py:538} INFO - Filling up the DagBag from /home/airflow/.local/lib/python3.7/site-packages/airflow/example_dags/example_subdag_operator.py
[2023-02-10T00:01:11.814+0000] {processor.py:753} INFO - DAG(s) dict_keys(['example_subdag_operator.section-1', 'example_subdag_operator.section-2', 'example_subdag_operator']) retrieved from /home/airflow/.local/lib/python3.7/site-packages/airflow/example_dags/example_subdag_operator.py
[2023-02-10T00:01:11.836+0000] {logging_mixin.py:137} INFO - [2023-02-10T00:01:11.836+0000] {dag.py:2690} INFO - Sync 3 DAGs
[2023-02-10T00:01:11.871+0000] {logging_mixin.py:137} INFO - [2023-02-10T00:01:11.871+0000] {dag.py:3441} INFO - Setting next_dagrun for example_subdag_operator to 2022-01-01T00:00:00+00:00, run_after=2022-01-01T00:00:00+00:00
[2023-02-10T00:01:11.878+0000] {logging_mixin.py:137} INFO - [2023-02-10T00:01:11.877+0000] {dag.py:3441} INFO - Setting next_dagrun for example_subdag_operator.section-1 to None, run_after=None
[2023-02-10T00:01:11.880+0000] {logging_mixin.py:137} INFO - [2023-02-10T00:01:11.880+0000] {dag.py:3441} INFO - Setting next_dagrun for example_subdag_operator.section-2 to None, run_after=None
[2023-02-10T00:01:11.891+0000] {logging_mixin.py:137} INFO - [2023-02-10T00:01:11.891+0000] {dag.py:2690} INFO - Sync 2 DAGs
[2023-02-10T00:01:11.900+0000] {logging_mixin.py:137} INFO - [2023-02-10T00:01:11.900+0000] {dag.py:3441} INFO - Setting next_dagrun for example_subdag_operator.section-1 to None, run_after=None
[2023-02-10T00:01:11.901+0000] {logging_mixin.py:137} INFO - [2023-02-10T00:01:11.900+0000] {dag.py:3441} INFO - Setting next_dagrun for example_subdag_operator.section-2 to None, run_after=None
[2023-02-10T00:01:11.915+0000] {processor.py:175} INFO - Processing /home/airflow/.local/lib/python3.7/site-packages/airflow/example_dags/example_subdag_operator.py took 0.141 seconds
[2023-02-10T00:01:42.343+0000] {processor.py:153} INFO - Started process (PID=2768) to work on /home/airflow/.local/lib/python3.7/site-packages/airflow/example_dags/example_subdag_operator.py
[2023-02-10T00:01:42.344+0000] {processor.py:743} INFO - Processing file /home/airflow/.local/lib/python3.7/site-packages/airflow/example_dags/example_subdag_operator.py for tasks to queue
[2023-02-10T00:01:42.344+0000] {logging_mixin.py:137} INFO - [2023-02-10T00:01:42.344+0000] {dagbag.py:538} INFO - Filling up the DagBag from /home/airflow/.local/lib/python3.7/site-packages/airflow/example_dags/example_subdag_operator.py
[2023-02-10T00:01:42.383+0000] {processor.py:753} INFO - DAG(s) dict_keys(['example_subdag_operator.section-1', 'example_subdag_operator.section-2', 'example_subdag_operator']) retrieved from /home/airflow/.local/lib/python3.7/site-packages/airflow/example_dags/example_subdag_operator.py
[2023-02-10T00:01:42.406+0000] {logging_mixin.py:137} INFO - [2023-02-10T00:01:42.406+0000] {dag.py:2690} INFO - Sync 3 DAGs
[2023-02-10T00:01:42.442+0000] {logging_mixin.py:137} INFO - [2023-02-10T00:01:42.442+0000] {dag.py:3441} INFO - Setting next_dagrun for example_subdag_operator to 2022-01-01T00:00:00+00:00, run_after=2022-01-01T00:00:00+00:00
[2023-02-10T00:01:42.447+0000] {logging_mixin.py:137} INFO - [2023-02-10T00:01:42.447+0000] {dag.py:3441} INFO - Setting next_dagrun for example_subdag_operator.section-1 to None, run_after=None
[2023-02-10T00:01:42.449+0000] {logging_mixin.py:137} INFO - [2023-02-10T00:01:42.449+0000] {dag.py:3441} INFO - Setting next_dagrun for example_subdag_operator.section-2 to None, run_after=None
[2023-02-10T00:01:42.459+0000] {logging_mixin.py:137} INFO - [2023-02-10T00:01:42.459+0000] {dag.py:2690} INFO - Sync 2 DAGs
[2023-02-10T00:01:42.469+0000] {logging_mixin.py:137} INFO - [2023-02-10T00:01:42.468+0000] {dag.py:3441} INFO - Setting next_dagrun for example_subdag_operator.section-1 to None, run_after=None
[2023-02-10T00:01:42.469+0000] {logging_mixin.py:137} INFO - [2023-02-10T00:01:42.469+0000] {dag.py:3441} INFO - Setting next_dagrun for example_subdag_operator.section-2 to None, run_after=None
[2023-02-10T00:01:42.484+0000] {processor.py:175} INFO - Processing /home/airflow/.local/lib/python3.7/site-packages/airflow/example_dags/example_subdag_operator.py took 0.145 seconds
[2023-02-10T00:02:12.668+0000] {processor.py:153} INFO - Started process (PID=2835) to work on /home/airflow/.local/lib/python3.7/site-packages/airflow/example_dags/example_subdag_operator.py
[2023-02-10T00:02:12.669+0000] {processor.py:743} INFO - Processing file /home/airflow/.local/lib/python3.7/site-packages/airflow/example_dags/example_subdag_operator.py for tasks to queue
[2023-02-10T00:02:12.669+0000] {logging_mixin.py:137} INFO - [2023-02-10T00:02:12.669+0000] {dagbag.py:538} INFO - Filling up the DagBag from /home/airflow/.local/lib/python3.7/site-packages/airflow/example_dags/example_subdag_operator.py
[2023-02-10T00:02:12.707+0000] {processor.py:753} INFO - DAG(s) dict_keys(['example_subdag_operator.section-1', 'example_subdag_operator.section-2', 'example_subdag_operator']) retrieved from /home/airflow/.local/lib/python3.7/site-packages/airflow/example_dags/example_subdag_operator.py
[2023-02-10T00:02:12.729+0000] {logging_mixin.py:137} INFO - [2023-02-10T00:02:12.729+0000] {dag.py:2690} INFO - Sync 3 DAGs
[2023-02-10T00:02:12.765+0000] {logging_mixin.py:137} INFO - [2023-02-10T00:02:12.765+0000] {dag.py:3441} INFO - Setting next_dagrun for example_subdag_operator to 2022-01-01T00:00:00+00:00, run_after=2022-01-01T00:00:00+00:00
[2023-02-10T00:02:12.770+0000] {logging_mixin.py:137} INFO - [2023-02-10T00:02:12.770+0000] {dag.py:3441} INFO - Setting next_dagrun for example_subdag_operator.section-1 to None, run_after=None
[2023-02-10T00:02:12.772+0000] {logging_mixin.py:137} INFO - [2023-02-10T00:02:12.771+0000] {dag.py:3441} INFO - Setting next_dagrun for example_subdag_operator.section-2 to None, run_after=None
[2023-02-10T00:02:12.782+0000] {logging_mixin.py:137} INFO - [2023-02-10T00:02:12.781+0000] {dag.py:2690} INFO - Sync 2 DAGs
[2023-02-10T00:02:12.791+0000] {logging_mixin.py:137} INFO - [2023-02-10T00:02:12.791+0000] {dag.py:3441} INFO - Setting next_dagrun for example_subdag_operator.section-1 to None, run_after=None
[2023-02-10T00:02:12.791+0000] {logging_mixin.py:137} INFO - [2023-02-10T00:02:12.791+0000] {dag.py:3441} INFO - Setting next_dagrun for example_subdag_operator.section-2 to None, run_after=None
[2023-02-10T00:02:12.805+0000] {processor.py:175} INFO - Processing /home/airflow/.local/lib/python3.7/site-packages/airflow/example_dags/example_subdag_operator.py took 0.141 seconds
[2023-02-10T00:02:43.258+0000] {processor.py:153} INFO - Started process (PID=2918) to work on /home/airflow/.local/lib/python3.7/site-packages/airflow/example_dags/example_subdag_operator.py
[2023-02-10T00:02:43.259+0000] {processor.py:743} INFO - Processing file /home/airflow/.local/lib/python3.7/site-packages/airflow/example_dags/example_subdag_operator.py for tasks to queue
[2023-02-10T00:02:43.260+0000] {logging_mixin.py:137} INFO - [2023-02-10T00:02:43.259+0000] {dagbag.py:538} INFO - Filling up the DagBag from /home/airflow/.local/lib/python3.7/site-packages/airflow/example_dags/example_subdag_operator.py
[2023-02-10T00:02:43.301+0000] {processor.py:753} INFO - DAG(s) dict_keys(['example_subdag_operator.section-1', 'example_subdag_operator.section-2', 'example_subdag_operator']) retrieved from /home/airflow/.local/lib/python3.7/site-packages/airflow/example_dags/example_subdag_operator.py
[2023-02-10T00:02:43.325+0000] {logging_mixin.py:137} INFO - [2023-02-10T00:02:43.324+0000] {dag.py:2690} INFO - Sync 3 DAGs
[2023-02-10T00:02:43.361+0000] {logging_mixin.py:137} INFO - [2023-02-10T00:02:43.361+0000] {dag.py:3441} INFO - Setting next_dagrun for example_subdag_operator to 2022-01-01T00:00:00+00:00, run_after=2022-01-01T00:00:00+00:00
[2023-02-10T00:02:43.366+0000] {logging_mixin.py:137} INFO - [2023-02-10T00:02:43.366+0000] {dag.py:3441} INFO - Setting next_dagrun for example_subdag_operator.section-1 to None, run_after=None
[2023-02-10T00:02:43.368+0000] {logging_mixin.py:137} INFO - [2023-02-10T00:02:43.368+0000] {dag.py:3441} INFO - Setting next_dagrun for example_subdag_operator.section-2 to None, run_after=None
[2023-02-10T00:02:43.381+0000] {logging_mixin.py:137} INFO - [2023-02-10T00:02:43.381+0000] {dag.py:2690} INFO - Sync 2 DAGs
[2023-02-10T00:02:43.390+0000] {logging_mixin.py:137} INFO - [2023-02-10T00:02:43.390+0000] {dag.py:3441} INFO - Setting next_dagrun for example_subdag_operator.section-1 to None, run_after=None
[2023-02-10T00:02:43.391+0000] {logging_mixin.py:137} INFO - [2023-02-10T00:02:43.391+0000] {dag.py:3441} INFO - Setting next_dagrun for example_subdag_operator.section-2 to None, run_after=None
[2023-02-10T00:02:43.406+0000] {processor.py:175} INFO - Processing /home/airflow/.local/lib/python3.7/site-packages/airflow/example_dags/example_subdag_operator.py took 0.153 seconds
[2023-02-10T00:03:13.694+0000] {processor.py:153} INFO - Started process (PID=2987) to work on /home/airflow/.local/lib/python3.7/site-packages/airflow/example_dags/example_subdag_operator.py
[2023-02-10T00:03:13.695+0000] {processor.py:743} INFO - Processing file /home/airflow/.local/lib/python3.7/site-packages/airflow/example_dags/example_subdag_operator.py for tasks to queue
[2023-02-10T00:03:13.695+0000] {logging_mixin.py:137} INFO - [2023-02-10T00:03:13.695+0000] {dagbag.py:538} INFO - Filling up the DagBag from /home/airflow/.local/lib/python3.7/site-packages/airflow/example_dags/example_subdag_operator.py
[2023-02-10T00:03:13.737+0000] {processor.py:753} INFO - DAG(s) dict_keys(['example_subdag_operator.section-1', 'example_subdag_operator.section-2', 'example_subdag_operator']) retrieved from /home/airflow/.local/lib/python3.7/site-packages/airflow/example_dags/example_subdag_operator.py
[2023-02-10T00:03:13.768+0000] {logging_mixin.py:137} INFO - [2023-02-10T00:03:13.768+0000] {dag.py:2690} INFO - Sync 3 DAGs
[2023-02-10T00:03:13.807+0000] {logging_mixin.py:137} INFO - [2023-02-10T00:03:13.807+0000] {dag.py:3441} INFO - Setting next_dagrun for example_subdag_operator to 2022-01-01T00:00:00+00:00, run_after=2022-01-01T00:00:00+00:00
[2023-02-10T00:03:13.812+0000] {logging_mixin.py:137} INFO - [2023-02-10T00:03:13.812+0000] {dag.py:3441} INFO - Setting next_dagrun for example_subdag_operator.section-1 to None, run_after=None
[2023-02-10T00:03:13.814+0000] {logging_mixin.py:137} INFO - [2023-02-10T00:03:13.814+0000] {dag.py:3441} INFO - Setting next_dagrun for example_subdag_operator.section-2 to None, run_after=None
[2023-02-10T00:03:13.827+0000] {logging_mixin.py:137} INFO - [2023-02-10T00:03:13.827+0000] {dag.py:2690} INFO - Sync 2 DAGs
[2023-02-10T00:03:13.837+0000] {logging_mixin.py:137} INFO - [2023-02-10T00:03:13.837+0000] {dag.py:3441} INFO - Setting next_dagrun for example_subdag_operator.section-1 to None, run_after=None
[2023-02-10T00:03:13.838+0000] {logging_mixin.py:137} INFO - [2023-02-10T00:03:13.837+0000] {dag.py:3441} INFO - Setting next_dagrun for example_subdag_operator.section-2 to None, run_after=None
[2023-02-10T00:03:13.853+0000] {processor.py:175} INFO - Processing /home/airflow/.local/lib/python3.7/site-packages/airflow/example_dags/example_subdag_operator.py took 0.163 seconds
[2023-02-10T00:03:44.003+0000] {processor.py:153} INFO - Started process (PID=3055) to work on /home/airflow/.local/lib/python3.7/site-packages/airflow/example_dags/example_subdag_operator.py
[2023-02-10T00:03:44.003+0000] {processor.py:743} INFO - Processing file /home/airflow/.local/lib/python3.7/site-packages/airflow/example_dags/example_subdag_operator.py for tasks to queue
[2023-02-10T00:03:44.004+0000] {logging_mixin.py:137} INFO - [2023-02-10T00:03:44.004+0000] {dagbag.py:538} INFO - Filling up the DagBag from /home/airflow/.local/lib/python3.7/site-packages/airflow/example_dags/example_subdag_operator.py
[2023-02-10T00:03:44.045+0000] {processor.py:753} INFO - DAG(s) dict_keys(['example_subdag_operator.section-1', 'example_subdag_operator.section-2', 'example_subdag_operator']) retrieved from /home/airflow/.local/lib/python3.7/site-packages/airflow/example_dags/example_subdag_operator.py
[2023-02-10T00:03:44.069+0000] {logging_mixin.py:137} INFO - [2023-02-10T00:03:44.069+0000] {dag.py:2690} INFO - Sync 3 DAGs
[2023-02-10T00:03:44.106+0000] {logging_mixin.py:137} INFO - [2023-02-10T00:03:44.106+0000] {dag.py:3441} INFO - Setting next_dagrun for example_subdag_operator to 2022-01-01T00:00:00+00:00, run_after=2022-01-01T00:00:00+00:00
[2023-02-10T00:03:44.111+0000] {logging_mixin.py:137} INFO - [2023-02-10T00:03:44.111+0000] {dag.py:3441} INFO - Setting next_dagrun for example_subdag_operator.section-1 to None, run_after=None
[2023-02-10T00:03:44.113+0000] {logging_mixin.py:137} INFO - [2023-02-10T00:03:44.113+0000] {dag.py:3441} INFO - Setting next_dagrun for example_subdag_operator.section-2 to None, run_after=None
[2023-02-10T00:03:44.126+0000] {logging_mixin.py:137} INFO - [2023-02-10T00:03:44.126+0000] {dag.py:2690} INFO - Sync 2 DAGs
[2023-02-10T00:03:44.135+0000] {logging_mixin.py:137} INFO - [2023-02-10T00:03:44.134+0000] {dag.py:3441} INFO - Setting next_dagrun for example_subdag_operator.section-1 to None, run_after=None
[2023-02-10T00:03:44.135+0000] {logging_mixin.py:137} INFO - [2023-02-10T00:03:44.135+0000] {dag.py:3441} INFO - Setting next_dagrun for example_subdag_operator.section-2 to None, run_after=None
[2023-02-10T00:03:44.150+0000] {processor.py:175} INFO - Processing /home/airflow/.local/lib/python3.7/site-packages/airflow/example_dags/example_subdag_operator.py took 0.150 seconds
[2023-02-10T00:04:14.397+0000] {processor.py:153} INFO - Started process (PID=3137) to work on /home/airflow/.local/lib/python3.7/site-packages/airflow/example_dags/example_subdag_operator.py
[2023-02-10T00:04:14.398+0000] {processor.py:743} INFO - Processing file /home/airflow/.local/lib/python3.7/site-packages/airflow/example_dags/example_subdag_operator.py for tasks to queue
[2023-02-10T00:04:14.398+0000] {logging_mixin.py:137} INFO - [2023-02-10T00:04:14.398+0000] {dagbag.py:538} INFO - Filling up the DagBag from /home/airflow/.local/lib/python3.7/site-packages/airflow/example_dags/example_subdag_operator.py
[2023-02-10T00:04:14.439+0000] {processor.py:753} INFO - DAG(s) dict_keys(['example_subdag_operator.section-1', 'example_subdag_operator.section-2', 'example_subdag_operator']) retrieved from /home/airflow/.local/lib/python3.7/site-packages/airflow/example_dags/example_subdag_operator.py
[2023-02-10T00:04:14.463+0000] {logging_mixin.py:137} INFO - [2023-02-10T00:04:14.463+0000] {dag.py:2690} INFO - Sync 3 DAGs
[2023-02-10T00:04:14.507+0000] {logging_mixin.py:137} INFO - [2023-02-10T00:04:14.507+0000] {dag.py:3441} INFO - Setting next_dagrun for example_subdag_operator to 2022-01-01T00:00:00+00:00, run_after=2022-01-01T00:00:00+00:00
[2023-02-10T00:04:14.514+0000] {logging_mixin.py:137} INFO - [2023-02-10T00:04:14.514+0000] {dag.py:3441} INFO - Setting next_dagrun for example_subdag_operator.section-1 to None, run_after=None
[2023-02-10T00:04:14.531+0000] {logging_mixin.py:137} INFO - [2023-02-10T00:04:14.530+0000] {dag.py:3441} INFO - Setting next_dagrun for example_subdag_operator.section-2 to None, run_after=None
[2023-02-10T00:04:14.543+0000] {logging_mixin.py:137} INFO - [2023-02-10T00:04:14.542+0000] {dag.py:2690} INFO - Sync 2 DAGs
[2023-02-10T00:04:14.553+0000] {logging_mixin.py:137} INFO - [2023-02-10T00:04:14.553+0000] {dag.py:3441} INFO - Setting next_dagrun for example_subdag_operator.section-1 to None, run_after=None
[2023-02-10T00:04:14.553+0000] {logging_mixin.py:137} INFO - [2023-02-10T00:04:14.553+0000] {dag.py:3441} INFO - Setting next_dagrun for example_subdag_operator.section-2 to None, run_after=None
[2023-02-10T00:04:14.576+0000] {processor.py:175} INFO - Processing /home/airflow/.local/lib/python3.7/site-packages/airflow/example_dags/example_subdag_operator.py took 0.182 seconds
[2023-02-10T00:04:45.225+0000] {processor.py:153} INFO - Started process (PID=3205) to work on /home/airflow/.local/lib/python3.7/site-packages/airflow/example_dags/example_subdag_operator.py
[2023-02-10T00:04:45.227+0000] {processor.py:743} INFO - Processing file /home/airflow/.local/lib/python3.7/site-packages/airflow/example_dags/example_subdag_operator.py for tasks to queue
[2023-02-10T00:04:45.228+0000] {logging_mixin.py:137} INFO - [2023-02-10T00:04:45.227+0000] {dagbag.py:538} INFO - Filling up the DagBag from /home/airflow/.local/lib/python3.7/site-packages/airflow/example_dags/example_subdag_operator.py
[2023-02-10T00:04:45.272+0000] {processor.py:753} INFO - DAG(s) dict_keys(['example_subdag_operator.section-1', 'example_subdag_operator.section-2', 'example_subdag_operator']) retrieved from /home/airflow/.local/lib/python3.7/site-packages/airflow/example_dags/example_subdag_operator.py
[2023-02-10T00:04:45.299+0000] {logging_mixin.py:137} INFO - [2023-02-10T00:04:45.298+0000] {dag.py:2690} INFO - Sync 3 DAGs
[2023-02-10T00:04:45.333+0000] {logging_mixin.py:137} INFO - [2023-02-10T00:04:45.333+0000] {dag.py:3441} INFO - Setting next_dagrun for example_subdag_operator to 2022-01-01T00:00:00+00:00, run_after=2022-01-01T00:00:00+00:00
[2023-02-10T00:04:45.338+0000] {logging_mixin.py:137} INFO - [2023-02-10T00:04:45.338+0000] {dag.py:3441} INFO - Setting next_dagrun for example_subdag_operator.section-1 to None, run_after=None
[2023-02-10T00:04:45.340+0000] {logging_mixin.py:137} INFO - [2023-02-10T00:04:45.339+0000] {dag.py:3441} INFO - Setting next_dagrun for example_subdag_operator.section-2 to None, run_after=None
[2023-02-10T00:04:45.351+0000] {logging_mixin.py:137} INFO - [2023-02-10T00:04:45.350+0000] {dag.py:2690} INFO - Sync 2 DAGs
[2023-02-10T00:04:45.359+0000] {logging_mixin.py:137} INFO - [2023-02-10T00:04:45.359+0000] {dag.py:3441} INFO - Setting next_dagrun for example_subdag_operator.section-1 to None, run_after=None
[2023-02-10T00:04:45.359+0000] {logging_mixin.py:137} INFO - [2023-02-10T00:04:45.359+0000] {dag.py:3441} INFO - Setting next_dagrun for example_subdag_operator.section-2 to None, run_after=None
[2023-02-10T00:04:45.385+0000] {processor.py:175} INFO - Processing /home/airflow/.local/lib/python3.7/site-packages/airflow/example_dags/example_subdag_operator.py took 0.164 seconds
[2023-02-10T00:05:15.724+0000] {processor.py:153} INFO - Started process (PID=3271) to work on /home/airflow/.local/lib/python3.7/site-packages/airflow/example_dags/example_subdag_operator.py
[2023-02-10T00:05:15.724+0000] {processor.py:743} INFO - Processing file /home/airflow/.local/lib/python3.7/site-packages/airflow/example_dags/example_subdag_operator.py for tasks to queue
[2023-02-10T00:05:15.725+0000] {logging_mixin.py:137} INFO - [2023-02-10T00:05:15.725+0000] {dagbag.py:538} INFO - Filling up the DagBag from /home/airflow/.local/lib/python3.7/site-packages/airflow/example_dags/example_subdag_operator.py
[2023-02-10T00:05:15.761+0000] {processor.py:753} INFO - DAG(s) dict_keys(['example_subdag_operator.section-1', 'example_subdag_operator.section-2', 'example_subdag_operator']) retrieved from /home/airflow/.local/lib/python3.7/site-packages/airflow/example_dags/example_subdag_operator.py
[2023-02-10T00:05:15.783+0000] {logging_mixin.py:137} INFO - [2023-02-10T00:05:15.783+0000] {dag.py:2690} INFO - Sync 3 DAGs
[2023-02-10T00:05:15.819+0000] {logging_mixin.py:137} INFO - [2023-02-10T00:05:15.819+0000] {dag.py:3441} INFO - Setting next_dagrun for example_subdag_operator to 2022-01-01T00:00:00+00:00, run_after=2022-01-01T00:00:00+00:00
[2023-02-10T00:05:15.824+0000] {logging_mixin.py:137} INFO - [2023-02-10T00:05:15.823+0000] {dag.py:3441} INFO - Setting next_dagrun for example_subdag_operator.section-1 to None, run_after=None
[2023-02-10T00:05:15.826+0000] {logging_mixin.py:137} INFO - [2023-02-10T00:05:15.825+0000] {dag.py:3441} INFO - Setting next_dagrun for example_subdag_operator.section-2 to None, run_after=None
[2023-02-10T00:05:15.836+0000] {logging_mixin.py:137} INFO - [2023-02-10T00:05:15.836+0000] {dag.py:2690} INFO - Sync 2 DAGs
[2023-02-10T00:05:15.846+0000] {logging_mixin.py:137} INFO - [2023-02-10T00:05:15.846+0000] {dag.py:3441} INFO - Setting next_dagrun for example_subdag_operator.section-1 to None, run_after=None
[2023-02-10T00:05:15.847+0000] {logging_mixin.py:137} INFO - [2023-02-10T00:05:15.846+0000] {dag.py:3441} INFO - Setting next_dagrun for example_subdag_operator.section-2 to None, run_after=None
[2023-02-10T00:05:15.863+0000] {processor.py:175} INFO - Processing /home/airflow/.local/lib/python3.7/site-packages/airflow/example_dags/example_subdag_operator.py took 0.143 seconds
[2023-02-10T00:05:46.615+0000] {processor.py:153} INFO - Started process (PID=3355) to work on /home/airflow/.local/lib/python3.7/site-packages/airflow/example_dags/example_subdag_operator.py
[2023-02-10T00:05:46.616+0000] {processor.py:743} INFO - Processing file /home/airflow/.local/lib/python3.7/site-packages/airflow/example_dags/example_subdag_operator.py for tasks to queue
[2023-02-10T00:05:46.616+0000] {logging_mixin.py:137} INFO - [2023-02-10T00:05:46.616+0000] {dagbag.py:538} INFO - Filling up the DagBag from /home/airflow/.local/lib/python3.7/site-packages/airflow/example_dags/example_subdag_operator.py
[2023-02-10T00:05:46.654+0000] {processor.py:753} INFO - DAG(s) dict_keys(['example_subdag_operator.section-1', 'example_subdag_operator.section-2', 'example_subdag_operator']) retrieved from /home/airflow/.local/lib/python3.7/site-packages/airflow/example_dags/example_subdag_operator.py
[2023-02-10T00:05:46.680+0000] {logging_mixin.py:137} INFO - [2023-02-10T00:05:46.680+0000] {dag.py:2690} INFO - Sync 3 DAGs
[2023-02-10T00:05:46.720+0000] {logging_mixin.py:137} INFO - [2023-02-10T00:05:46.719+0000] {dag.py:3441} INFO - Setting next_dagrun for example_subdag_operator to 2022-01-01T00:00:00+00:00, run_after=2022-01-01T00:00:00+00:00
[2023-02-10T00:05:46.725+0000] {logging_mixin.py:137} INFO - [2023-02-10T00:05:46.725+0000] {dag.py:3441} INFO - Setting next_dagrun for example_subdag_operator.section-1 to None, run_after=None
[2023-02-10T00:05:46.727+0000] {logging_mixin.py:137} INFO - [2023-02-10T00:05:46.727+0000] {dag.py:3441} INFO - Setting next_dagrun for example_subdag_operator.section-2 to None, run_after=None
[2023-02-10T00:05:46.740+0000] {logging_mixin.py:137} INFO - [2023-02-10T00:05:46.739+0000] {dag.py:2690} INFO - Sync 2 DAGs
[2023-02-10T00:05:46.749+0000] {logging_mixin.py:137} INFO - [2023-02-10T00:05:46.749+0000] {dag.py:3441} INFO - Setting next_dagrun for example_subdag_operator.section-1 to None, run_after=None
[2023-02-10T00:05:46.749+0000] {logging_mixin.py:137} INFO - [2023-02-10T00:05:46.749+0000] {dag.py:3441} INFO - Setting next_dagrun for example_subdag_operator.section-2 to None, run_after=None
[2023-02-10T00:05:46.785+0000] {processor.py:175} INFO - Processing /home/airflow/.local/lib/python3.7/site-packages/airflow/example_dags/example_subdag_operator.py took 0.173 seconds
[2023-02-10T00:06:17.230+0000] {processor.py:153} INFO - Started process (PID=3424) to work on /home/airflow/.local/lib/python3.7/site-packages/airflow/example_dags/example_subdag_operator.py
[2023-02-10T00:06:17.232+0000] {processor.py:743} INFO - Processing file /home/airflow/.local/lib/python3.7/site-packages/airflow/example_dags/example_subdag_operator.py for tasks to queue
[2023-02-10T00:06:17.233+0000] {logging_mixin.py:137} INFO - [2023-02-10T00:06:17.233+0000] {dagbag.py:538} INFO - Filling up the DagBag from /home/airflow/.local/lib/python3.7/site-packages/airflow/example_dags/example_subdag_operator.py
[2023-02-10T00:06:17.287+0000] {processor.py:753} INFO - DAG(s) dict_keys(['example_subdag_operator.section-1', 'example_subdag_operator.section-2', 'example_subdag_operator']) retrieved from /home/airflow/.local/lib/python3.7/site-packages/airflow/example_dags/example_subdag_operator.py
[2023-02-10T00:06:17.313+0000] {logging_mixin.py:137} INFO - [2023-02-10T00:06:17.313+0000] {dag.py:2690} INFO - Sync 3 DAGs
[2023-02-10T00:06:17.351+0000] {logging_mixin.py:137} INFO - [2023-02-10T00:06:17.351+0000] {dag.py:3441} INFO - Setting next_dagrun for example_subdag_operator to 2022-01-01T00:00:00+00:00, run_after=2022-01-01T00:00:00+00:00
[2023-02-10T00:06:17.356+0000] {logging_mixin.py:137} INFO - [2023-02-10T00:06:17.356+0000] {dag.py:3441} INFO - Setting next_dagrun for example_subdag_operator.section-1 to None, run_after=None
[2023-02-10T00:06:17.358+0000] {logging_mixin.py:137} INFO - [2023-02-10T00:06:17.358+0000] {dag.py:3441} INFO - Setting next_dagrun for example_subdag_operator.section-2 to None, run_after=None
[2023-02-10T00:06:17.370+0000] {logging_mixin.py:137} INFO - [2023-02-10T00:06:17.369+0000] {dag.py:2690} INFO - Sync 2 DAGs
[2023-02-10T00:06:17.380+0000] {logging_mixin.py:137} INFO - [2023-02-10T00:06:17.380+0000] {dag.py:3441} INFO - Setting next_dagrun for example_subdag_operator.section-1 to None, run_after=None
[2023-02-10T00:06:17.380+0000] {logging_mixin.py:137} INFO - [2023-02-10T00:06:17.380+0000] {dag.py:3441} INFO - Setting next_dagrun for example_subdag_operator.section-2 to None, run_after=None
[2023-02-10T00:06:17.403+0000] {processor.py:175} INFO - Processing /home/airflow/.local/lib/python3.7/site-packages/airflow/example_dags/example_subdag_operator.py took 0.174 seconds
[2023-02-10T00:06:48.118+0000] {processor.py:153} INFO - Started process (PID=3493) to work on /home/airflow/.local/lib/python3.7/site-packages/airflow/example_dags/example_subdag_operator.py
[2023-02-10T00:06:48.119+0000] {processor.py:743} INFO - Processing file /home/airflow/.local/lib/python3.7/site-packages/airflow/example_dags/example_subdag_operator.py for tasks to queue
[2023-02-10T00:06:48.120+0000] {logging_mixin.py:137} INFO - [2023-02-10T00:06:48.119+0000] {dagbag.py:538} INFO - Filling up the DagBag from /home/airflow/.local/lib/python3.7/site-packages/airflow/example_dags/example_subdag_operator.py
[2023-02-10T00:06:48.173+0000] {processor.py:753} INFO - DAG(s) dict_keys(['example_subdag_operator.section-1', 'example_subdag_operator.section-2', 'example_subdag_operator']) retrieved from /home/airflow/.local/lib/python3.7/site-packages/airflow/example_dags/example_subdag_operator.py
[2023-02-10T00:06:48.198+0000] {logging_mixin.py:137} INFO - [2023-02-10T00:06:48.198+0000] {dag.py:2690} INFO - Sync 3 DAGs
[2023-02-10T00:06:48.233+0000] {logging_mixin.py:137} INFO - [2023-02-10T00:06:48.233+0000] {dag.py:3441} INFO - Setting next_dagrun for example_subdag_operator to 2022-01-01T00:00:00+00:00, run_after=2022-01-01T00:00:00+00:00
[2023-02-10T00:06:48.241+0000] {logging_mixin.py:137} INFO - [2023-02-10T00:06:48.240+0000] {dag.py:3441} INFO - Setting next_dagrun for example_subdag_operator.section-1 to None, run_after=None
[2023-02-10T00:06:48.243+0000] {logging_mixin.py:137} INFO - [2023-02-10T00:06:48.243+0000] {dag.py:3441} INFO - Setting next_dagrun for example_subdag_operator.section-2 to None, run_after=None
[2023-02-10T00:06:48.254+0000] {logging_mixin.py:137} INFO - [2023-02-10T00:06:48.254+0000] {dag.py:2690} INFO - Sync 2 DAGs
[2023-02-10T00:06:48.263+0000] {logging_mixin.py:137} INFO - [2023-02-10T00:06:48.263+0000] {dag.py:3441} INFO - Setting next_dagrun for example_subdag_operator.section-1 to None, run_after=None
[2023-02-10T00:06:48.263+0000] {logging_mixin.py:137} INFO - [2023-02-10T00:06:48.263+0000] {dag.py:3441} INFO - Setting next_dagrun for example_subdag_operator.section-2 to None, run_after=None
[2023-02-10T00:06:48.281+0000] {processor.py:175} INFO - Processing /home/airflow/.local/lib/python3.7/site-packages/airflow/example_dags/example_subdag_operator.py took 0.166 seconds
[2023-02-10T00:07:19.136+0000] {processor.py:153} INFO - Started process (PID=3576) to work on /home/airflow/.local/lib/python3.7/site-packages/airflow/example_dags/example_subdag_operator.py
[2023-02-10T00:07:19.137+0000] {processor.py:743} INFO - Processing file /home/airflow/.local/lib/python3.7/site-packages/airflow/example_dags/example_subdag_operator.py for tasks to queue
[2023-02-10T00:07:19.137+0000] {logging_mixin.py:137} INFO - [2023-02-10T00:07:19.137+0000] {dagbag.py:538} INFO - Filling up the DagBag from /home/airflow/.local/lib/python3.7/site-packages/airflow/example_dags/example_subdag_operator.py
[2023-02-10T00:07:19.179+0000] {processor.py:753} INFO - DAG(s) dict_keys(['example_subdag_operator.section-1', 'example_subdag_operator.section-2', 'example_subdag_operator']) retrieved from /home/airflow/.local/lib/python3.7/site-packages/airflow/example_dags/example_subdag_operator.py
[2023-02-10T00:07:19.206+0000] {logging_mixin.py:137} INFO - [2023-02-10T00:07:19.206+0000] {dag.py:2690} INFO - Sync 3 DAGs
[2023-02-10T00:07:19.247+0000] {logging_mixin.py:137} INFO - [2023-02-10T00:07:19.246+0000] {dag.py:3441} INFO - Setting next_dagrun for example_subdag_operator to 2022-01-01T00:00:00+00:00, run_after=2022-01-01T00:00:00+00:00
[2023-02-10T00:07:19.252+0000] {logging_mixin.py:137} INFO - [2023-02-10T00:07:19.252+0000] {dag.py:3441} INFO - Setting next_dagrun for example_subdag_operator.section-1 to None, run_after=None
[2023-02-10T00:07:19.254+0000] {logging_mixin.py:137} INFO - [2023-02-10T00:07:19.254+0000] {dag.py:3441} INFO - Setting next_dagrun for example_subdag_operator.section-2 to None, run_after=None
[2023-02-10T00:07:19.266+0000] {logging_mixin.py:137} INFO - [2023-02-10T00:07:19.266+0000] {dag.py:2690} INFO - Sync 2 DAGs
[2023-02-10T00:07:19.275+0000] {logging_mixin.py:137} INFO - [2023-02-10T00:07:19.275+0000] {dag.py:3441} INFO - Setting next_dagrun for example_subdag_operator.section-1 to None, run_after=None
[2023-02-10T00:07:19.276+0000] {logging_mixin.py:137} INFO - [2023-02-10T00:07:19.275+0000] {dag.py:3441} INFO - Setting next_dagrun for example_subdag_operator.section-2 to None, run_after=None
[2023-02-10T00:07:19.293+0000] {processor.py:175} INFO - Processing /home/airflow/.local/lib/python3.7/site-packages/airflow/example_dags/example_subdag_operator.py took 0.161 seconds
[2023-02-10T00:07:49.436+0000] {processor.py:153} INFO - Started process (PID=3644) to work on /home/airflow/.local/lib/python3.7/site-packages/airflow/example_dags/example_subdag_operator.py
[2023-02-10T00:07:49.437+0000] {processor.py:743} INFO - Processing file /home/airflow/.local/lib/python3.7/site-packages/airflow/example_dags/example_subdag_operator.py for tasks to queue
[2023-02-10T00:07:49.438+0000] {logging_mixin.py:137} INFO - [2023-02-10T00:07:49.437+0000] {dagbag.py:538} INFO - Filling up the DagBag from /home/airflow/.local/lib/python3.7/site-packages/airflow/example_dags/example_subdag_operator.py
[2023-02-10T00:07:49.472+0000] {processor.py:753} INFO - DAG(s) dict_keys(['example_subdag_operator.section-1', 'example_subdag_operator.section-2', 'example_subdag_operator']) retrieved from /home/airflow/.local/lib/python3.7/site-packages/airflow/example_dags/example_subdag_operator.py
[2023-02-10T00:07:49.496+0000] {logging_mixin.py:137} INFO - [2023-02-10T00:07:49.496+0000] {dag.py:2690} INFO - Sync 3 DAGs
[2023-02-10T00:07:49.531+0000] {logging_mixin.py:137} INFO - [2023-02-10T00:07:49.531+0000] {dag.py:3441} INFO - Setting next_dagrun for example_subdag_operator to 2022-01-01T00:00:00+00:00, run_after=2022-01-01T00:00:00+00:00
[2023-02-10T00:07:49.536+0000] {logging_mixin.py:137} INFO - [2023-02-10T00:07:49.536+0000] {dag.py:3441} INFO - Setting next_dagrun for example_subdag_operator.section-1 to None, run_after=None
[2023-02-10T00:07:49.537+0000] {logging_mixin.py:137} INFO - [2023-02-10T00:07:49.537+0000] {dag.py:3441} INFO - Setting next_dagrun for example_subdag_operator.section-2 to None, run_after=None
[2023-02-10T00:07:49.547+0000] {logging_mixin.py:137} INFO - [2023-02-10T00:07:49.547+0000] {dag.py:2690} INFO - Sync 2 DAGs
[2023-02-10T00:07:49.557+0000] {logging_mixin.py:137} INFO - [2023-02-10T00:07:49.556+0000] {dag.py:3441} INFO - Setting next_dagrun for example_subdag_operator.section-1 to None, run_after=None
[2023-02-10T00:07:49.557+0000] {logging_mixin.py:137} INFO - [2023-02-10T00:07:49.557+0000] {dag.py:3441} INFO - Setting next_dagrun for example_subdag_operator.section-2 to None, run_after=None
[2023-02-10T00:07:49.573+0000] {processor.py:175} INFO - Processing /home/airflow/.local/lib/python3.7/site-packages/airflow/example_dags/example_subdag_operator.py took 0.140 seconds
[2023-02-10T00:08:19.964+0000] {processor.py:153} INFO - Started process (PID=3713) to work on /home/airflow/.local/lib/python3.7/site-packages/airflow/example_dags/example_subdag_operator.py
[2023-02-10T00:08:19.965+0000] {processor.py:743} INFO - Processing file /home/airflow/.local/lib/python3.7/site-packages/airflow/example_dags/example_subdag_operator.py for tasks to queue
[2023-02-10T00:08:19.966+0000] {logging_mixin.py:137} INFO - [2023-02-10T00:08:19.966+0000] {dagbag.py:538} INFO - Filling up the DagBag from /home/airflow/.local/lib/python3.7/site-packages/airflow/example_dags/example_subdag_operator.py
[2023-02-10T00:08:20.006+0000] {processor.py:753} INFO - DAG(s) dict_keys(['example_subdag_operator.section-1', 'example_subdag_operator.section-2', 'example_subdag_operator']) retrieved from /home/airflow/.local/lib/python3.7/site-packages/airflow/example_dags/example_subdag_operator.py
[2023-02-10T00:08:20.031+0000] {logging_mixin.py:137} INFO - [2023-02-10T00:08:20.030+0000] {dag.py:2690} INFO - Sync 3 DAGs
[2023-02-10T00:08:20.066+0000] {logging_mixin.py:137} INFO - [2023-02-10T00:08:20.065+0000] {dag.py:3441} INFO - Setting next_dagrun for example_subdag_operator to 2022-01-01T00:00:00+00:00, run_after=2022-01-01T00:00:00+00:00
[2023-02-10T00:08:20.071+0000] {logging_mixin.py:137} INFO - [2023-02-10T00:08:20.070+0000] {dag.py:3441} INFO - Setting next_dagrun for example_subdag_operator.section-1 to None, run_after=None
[2023-02-10T00:08:20.072+0000] {logging_mixin.py:137} INFO - [2023-02-10T00:08:20.072+0000] {dag.py:3441} INFO - Setting next_dagrun for example_subdag_operator.section-2 to None, run_after=None
[2023-02-10T00:08:20.083+0000] {logging_mixin.py:137} INFO - [2023-02-10T00:08:20.083+0000] {dag.py:2690} INFO - Sync 2 DAGs
[2023-02-10T00:08:20.092+0000] {logging_mixin.py:137} INFO - [2023-02-10T00:08:20.091+0000] {dag.py:3441} INFO - Setting next_dagrun for example_subdag_operator.section-1 to None, run_after=None
[2023-02-10T00:08:20.092+0000] {logging_mixin.py:137} INFO - [2023-02-10T00:08:20.092+0000] {dag.py:3441} INFO - Setting next_dagrun for example_subdag_operator.section-2 to None, run_after=None
[2023-02-10T00:08:20.108+0000] {processor.py:175} INFO - Processing /home/airflow/.local/lib/python3.7/site-packages/airflow/example_dags/example_subdag_operator.py took 0.150 seconds
[2023-02-10T00:08:50.351+0000] {processor.py:153} INFO - Started process (PID=3789) to work on /home/airflow/.local/lib/python3.7/site-packages/airflow/example_dags/example_subdag_operator.py
[2023-02-10T00:08:50.352+0000] {processor.py:743} INFO - Processing file /home/airflow/.local/lib/python3.7/site-packages/airflow/example_dags/example_subdag_operator.py for tasks to queue
[2023-02-10T00:08:50.353+0000] {logging_mixin.py:137} INFO - [2023-02-10T00:08:50.353+0000] {dagbag.py:538} INFO - Filling up the DagBag from /home/airflow/.local/lib/python3.7/site-packages/airflow/example_dags/example_subdag_operator.py
[2023-02-10T00:08:50.395+0000] {processor.py:753} INFO - DAG(s) dict_keys(['example_subdag_operator.section-1', 'example_subdag_operator.section-2', 'example_subdag_operator']) retrieved from /home/airflow/.local/lib/python3.7/site-packages/airflow/example_dags/example_subdag_operator.py
[2023-02-10T00:08:50.422+0000] {logging_mixin.py:137} INFO - [2023-02-10T00:08:50.422+0000] {dag.py:2690} INFO - Sync 3 DAGs
[2023-02-10T00:08:50.460+0000] {logging_mixin.py:137} INFO - [2023-02-10T00:08:50.460+0000] {dag.py:3441} INFO - Setting next_dagrun for example_subdag_operator to 2022-01-01T00:00:00+00:00, run_after=2022-01-01T00:00:00+00:00
[2023-02-10T00:08:50.465+0000] {logging_mixin.py:137} INFO - [2023-02-10T00:08:50.465+0000] {dag.py:3441} INFO - Setting next_dagrun for example_subdag_operator.section-1 to None, run_after=None
[2023-02-10T00:08:50.467+0000] {logging_mixin.py:137} INFO - [2023-02-10T00:08:50.467+0000] {dag.py:3441} INFO - Setting next_dagrun for example_subdag_operator.section-2 to None, run_after=None
[2023-02-10T00:08:50.477+0000] {logging_mixin.py:137} INFO - [2023-02-10T00:08:50.477+0000] {dag.py:2690} INFO - Sync 2 DAGs
[2023-02-10T00:08:50.486+0000] {logging_mixin.py:137} INFO - [2023-02-10T00:08:50.486+0000] {dag.py:3441} INFO - Setting next_dagrun for example_subdag_operator.section-1 to None, run_after=None
[2023-02-10T00:08:50.487+0000] {logging_mixin.py:137} INFO - [2023-02-10T00:08:50.486+0000] {dag.py:3441} INFO - Setting next_dagrun for example_subdag_operator.section-2 to None, run_after=None
[2023-02-10T00:08:50.502+0000] {processor.py:175} INFO - Processing /home/airflow/.local/lib/python3.7/site-packages/airflow/example_dags/example_subdag_operator.py took 0.154 seconds
[2023-02-10T00:09:21.086+0000] {processor.py:153} INFO - Started process (PID=3862) to work on /home/airflow/.local/lib/python3.7/site-packages/airflow/example_dags/example_subdag_operator.py
[2023-02-10T00:09:21.086+0000] {processor.py:743} INFO - Processing file /home/airflow/.local/lib/python3.7/site-packages/airflow/example_dags/example_subdag_operator.py for tasks to queue
[2023-02-10T00:09:21.087+0000] {logging_mixin.py:137} INFO - [2023-02-10T00:09:21.087+0000] {dagbag.py:538} INFO - Filling up the DagBag from /home/airflow/.local/lib/python3.7/site-packages/airflow/example_dags/example_subdag_operator.py
[2023-02-10T00:09:21.130+0000] {processor.py:753} INFO - DAG(s) dict_keys(['example_subdag_operator.section-1', 'example_subdag_operator.section-2', 'example_subdag_operator']) retrieved from /home/airflow/.local/lib/python3.7/site-packages/airflow/example_dags/example_subdag_operator.py
[2023-02-10T00:09:21.157+0000] {logging_mixin.py:137} INFO - [2023-02-10T00:09:21.157+0000] {dag.py:2690} INFO - Sync 3 DAGs
[2023-02-10T00:09:21.202+0000] {logging_mixin.py:137} INFO - [2023-02-10T00:09:21.202+0000] {dag.py:3441} INFO - Setting next_dagrun for example_subdag_operator to 2022-01-01T00:00:00+00:00, run_after=2022-01-01T00:00:00+00:00
[2023-02-10T00:09:21.207+0000] {logging_mixin.py:137} INFO - [2023-02-10T00:09:21.207+0000] {dag.py:3441} INFO - Setting next_dagrun for example_subdag_operator.section-1 to None, run_after=None
[2023-02-10T00:09:21.210+0000] {logging_mixin.py:137} INFO - [2023-02-10T00:09:21.209+0000] {dag.py:3441} INFO - Setting next_dagrun for example_subdag_operator.section-2 to None, run_after=None
[2023-02-10T00:09:21.222+0000] {logging_mixin.py:137} INFO - [2023-02-10T00:09:21.222+0000] {dag.py:2690} INFO - Sync 2 DAGs
[2023-02-10T00:09:21.238+0000] {logging_mixin.py:137} INFO - [2023-02-10T00:09:21.238+0000] {dag.py:3441} INFO - Setting next_dagrun for example_subdag_operator.section-1 to None, run_after=None
[2023-02-10T00:09:21.238+0000] {logging_mixin.py:137} INFO - [2023-02-10T00:09:21.238+0000] {dag.py:3441} INFO - Setting next_dagrun for example_subdag_operator.section-2 to None, run_after=None
[2023-02-10T00:09:21.262+0000] {processor.py:175} INFO - Processing /home/airflow/.local/lib/python3.7/site-packages/airflow/example_dags/example_subdag_operator.py took 0.179 seconds
[2023-02-10T00:09:51.418+0000] {processor.py:153} INFO - Started process (PID=3929) to work on /home/airflow/.local/lib/python3.7/site-packages/airflow/example_dags/example_subdag_operator.py
[2023-02-10T00:09:51.419+0000] {processor.py:743} INFO - Processing file /home/airflow/.local/lib/python3.7/site-packages/airflow/example_dags/example_subdag_operator.py for tasks to queue
[2023-02-10T00:09:51.420+0000] {logging_mixin.py:137} INFO - [2023-02-10T00:09:51.420+0000] {dagbag.py:538} INFO - Filling up the DagBag from /home/airflow/.local/lib/python3.7/site-packages/airflow/example_dags/example_subdag_operator.py
[2023-02-10T00:09:51.462+0000] {processor.py:753} INFO - DAG(s) dict_keys(['example_subdag_operator.section-1', 'example_subdag_operator.section-2', 'example_subdag_operator']) retrieved from /home/airflow/.local/lib/python3.7/site-packages/airflow/example_dags/example_subdag_operator.py
[2023-02-10T00:09:51.486+0000] {logging_mixin.py:137} INFO - [2023-02-10T00:09:51.486+0000] {dag.py:2690} INFO - Sync 3 DAGs
[2023-02-10T00:09:51.522+0000] {logging_mixin.py:137} INFO - [2023-02-10T00:09:51.521+0000] {dag.py:3441} INFO - Setting next_dagrun for example_subdag_operator to 2022-01-01T00:00:00+00:00, run_after=2022-01-01T00:00:00+00:00
[2023-02-10T00:09:51.527+0000] {logging_mixin.py:137} INFO - [2023-02-10T00:09:51.527+0000] {dag.py:3441} INFO - Setting next_dagrun for example_subdag_operator.section-1 to None, run_after=None
[2023-02-10T00:09:51.529+0000] {logging_mixin.py:137} INFO - [2023-02-10T00:09:51.528+0000] {dag.py:3441} INFO - Setting next_dagrun for example_subdag_operator.section-2 to None, run_after=None
[2023-02-10T00:09:51.539+0000] {logging_mixin.py:137} INFO - [2023-02-10T00:09:51.539+0000] {dag.py:2690} INFO - Sync 2 DAGs
[2023-02-10T00:09:51.548+0000] {logging_mixin.py:137} INFO - [2023-02-10T00:09:51.548+0000] {dag.py:3441} INFO - Setting next_dagrun for example_subdag_operator.section-1 to None, run_after=None
[2023-02-10T00:09:51.549+0000] {logging_mixin.py:137} INFO - [2023-02-10T00:09:51.549+0000] {dag.py:3441} INFO - Setting next_dagrun for example_subdag_operator.section-2 to None, run_after=None
[2023-02-10T00:09:51.568+0000] {processor.py:175} INFO - Processing /home/airflow/.local/lib/python3.7/site-packages/airflow/example_dags/example_subdag_operator.py took 0.153 seconds
[2023-02-10T00:10:22.131+0000] {processor.py:153} INFO - Started process (PID=3998) to work on /home/airflow/.local/lib/python3.7/site-packages/airflow/example_dags/example_subdag_operator.py
[2023-02-10T00:10:22.131+0000] {processor.py:743} INFO - Processing file /home/airflow/.local/lib/python3.7/site-packages/airflow/example_dags/example_subdag_operator.py for tasks to queue
[2023-02-10T00:10:22.132+0000] {logging_mixin.py:137} INFO - [2023-02-10T00:10:22.132+0000] {dagbag.py:538} INFO - Filling up the DagBag from /home/airflow/.local/lib/python3.7/site-packages/airflow/example_dags/example_subdag_operator.py
[2023-02-10T00:10:22.178+0000] {processor.py:753} INFO - DAG(s) dict_keys(['example_subdag_operator.section-1', 'example_subdag_operator.section-2', 'example_subdag_operator']) retrieved from /home/airflow/.local/lib/python3.7/site-packages/airflow/example_dags/example_subdag_operator.py
[2023-02-10T00:10:22.202+0000] {logging_mixin.py:137} INFO - [2023-02-10T00:10:22.201+0000] {dag.py:2690} INFO - Sync 3 DAGs
[2023-02-10T00:10:22.235+0000] {logging_mixin.py:137} INFO - [2023-02-10T00:10:22.235+0000] {dag.py:3441} INFO - Setting next_dagrun for example_subdag_operator to 2022-01-01T00:00:00+00:00, run_after=2022-01-01T00:00:00+00:00
[2023-02-10T00:10:22.240+0000] {logging_mixin.py:137} INFO - [2023-02-10T00:10:22.240+0000] {dag.py:3441} INFO - Setting next_dagrun for example_subdag_operator.section-1 to None, run_after=None
[2023-02-10T00:10:22.242+0000] {logging_mixin.py:137} INFO - [2023-02-10T00:10:22.242+0000] {dag.py:3441} INFO - Setting next_dagrun for example_subdag_operator.section-2 to None, run_after=None
[2023-02-10T00:10:22.252+0000] {logging_mixin.py:137} INFO - [2023-02-10T00:10:22.251+0000] {dag.py:2690} INFO - Sync 2 DAGs
[2023-02-10T00:10:22.262+0000] {logging_mixin.py:137} INFO - [2023-02-10T00:10:22.262+0000] {dag.py:3441} INFO - Setting next_dagrun for example_subdag_operator.section-1 to None, run_after=None
[2023-02-10T00:10:22.263+0000] {logging_mixin.py:137} INFO - [2023-02-10T00:10:22.263+0000] {dag.py:3441} INFO - Setting next_dagrun for example_subdag_operator.section-2 to None, run_after=None
[2023-02-10T00:10:22.279+0000] {processor.py:175} INFO - Processing /home/airflow/.local/lib/python3.7/site-packages/airflow/example_dags/example_subdag_operator.py took 0.152 seconds
[2023-02-10T00:10:52.726+0000] {processor.py:153} INFO - Started process (PID=4080) to work on /home/airflow/.local/lib/python3.7/site-packages/airflow/example_dags/example_subdag_operator.py
[2023-02-10T00:10:52.727+0000] {processor.py:743} INFO - Processing file /home/airflow/.local/lib/python3.7/site-packages/airflow/example_dags/example_subdag_operator.py for tasks to queue
[2023-02-10T00:10:52.728+0000] {logging_mixin.py:137} INFO - [2023-02-10T00:10:52.727+0000] {dagbag.py:538} INFO - Filling up the DagBag from /home/airflow/.local/lib/python3.7/site-packages/airflow/example_dags/example_subdag_operator.py
[2023-02-10T00:10:52.764+0000] {processor.py:753} INFO - DAG(s) dict_keys(['example_subdag_operator.section-1', 'example_subdag_operator.section-2', 'example_subdag_operator']) retrieved from /home/airflow/.local/lib/python3.7/site-packages/airflow/example_dags/example_subdag_operator.py
[2023-02-10T00:10:52.788+0000] {logging_mixin.py:137} INFO - [2023-02-10T00:10:52.788+0000] {dag.py:2690} INFO - Sync 3 DAGs
[2023-02-10T00:10:52.823+0000] {logging_mixin.py:137} INFO - [2023-02-10T00:10:52.823+0000] {dag.py:3441} INFO - Setting next_dagrun for example_subdag_operator to 2022-01-01T00:00:00+00:00, run_after=2022-01-01T00:00:00+00:00
[2023-02-10T00:10:52.828+0000] {logging_mixin.py:137} INFO - [2023-02-10T00:10:52.828+0000] {dag.py:3441} INFO - Setting next_dagrun for example_subdag_operator.section-1 to None, run_after=None
[2023-02-10T00:10:52.830+0000] {logging_mixin.py:137} INFO - [2023-02-10T00:10:52.830+0000] {dag.py:3441} INFO - Setting next_dagrun for example_subdag_operator.section-2 to None, run_after=None
[2023-02-10T00:10:52.840+0000] {logging_mixin.py:137} INFO - [2023-02-10T00:10:52.840+0000] {dag.py:2690} INFO - Sync 2 DAGs
[2023-02-10T00:10:52.849+0000] {logging_mixin.py:137} INFO - [2023-02-10T00:10:52.848+0000] {dag.py:3441} INFO - Setting next_dagrun for example_subdag_operator.section-1 to None, run_after=None
[2023-02-10T00:10:52.849+0000] {logging_mixin.py:137} INFO - [2023-02-10T00:10:52.849+0000] {dag.py:3441} INFO - Setting next_dagrun for example_subdag_operator.section-2 to None, run_after=None
[2023-02-10T00:10:52.863+0000] {processor.py:175} INFO - Processing /home/airflow/.local/lib/python3.7/site-packages/airflow/example_dags/example_subdag_operator.py took 0.140 seconds
[2023-02-10T00:11:23.287+0000] {processor.py:153} INFO - Started process (PID=4147) to work on /home/airflow/.local/lib/python3.7/site-packages/airflow/example_dags/example_subdag_operator.py
[2023-02-10T00:11:23.288+0000] {processor.py:743} INFO - Processing file /home/airflow/.local/lib/python3.7/site-packages/airflow/example_dags/example_subdag_operator.py for tasks to queue
[2023-02-10T00:11:23.289+0000] {logging_mixin.py:137} INFO - [2023-02-10T00:11:23.289+0000] {dagbag.py:538} INFO - Filling up the DagBag from /home/airflow/.local/lib/python3.7/site-packages/airflow/example_dags/example_subdag_operator.py
[2023-02-10T00:11:23.329+0000] {processor.py:753} INFO - DAG(s) dict_keys(['example_subdag_operator.section-1', 'example_subdag_operator.section-2', 'example_subdag_operator']) retrieved from /home/airflow/.local/lib/python3.7/site-packages/airflow/example_dags/example_subdag_operator.py
[2023-02-10T00:11:23.355+0000] {logging_mixin.py:137} INFO - [2023-02-10T00:11:23.354+0000] {dag.py:2690} INFO - Sync 3 DAGs
[2023-02-10T00:11:23.392+0000] {logging_mixin.py:137} INFO - [2023-02-10T00:11:23.391+0000] {dag.py:3441} INFO - Setting next_dagrun for example_subdag_operator to 2022-01-01T00:00:00+00:00, run_after=2022-01-01T00:00:00+00:00
[2023-02-10T00:11:23.396+0000] {logging_mixin.py:137} INFO - [2023-02-10T00:11:23.396+0000] {dag.py:3441} INFO - Setting next_dagrun for example_subdag_operator.section-1 to None, run_after=None
[2023-02-10T00:11:23.399+0000] {logging_mixin.py:137} INFO - [2023-02-10T00:11:23.398+0000] {dag.py:3441} INFO - Setting next_dagrun for example_subdag_operator.section-2 to None, run_after=None
[2023-02-10T00:11:23.411+0000] {logging_mixin.py:137} INFO - [2023-02-10T00:11:23.411+0000] {dag.py:2690} INFO - Sync 2 DAGs
[2023-02-10T00:11:23.421+0000] {logging_mixin.py:137} INFO - [2023-02-10T00:11:23.420+0000] {dag.py:3441} INFO - Setting next_dagrun for example_subdag_operator.section-1 to None, run_after=None
[2023-02-10T00:11:23.421+0000] {logging_mixin.py:137} INFO - [2023-02-10T00:11:23.421+0000] {dag.py:3441} INFO - Setting next_dagrun for example_subdag_operator.section-2 to None, run_after=None
[2023-02-10T00:11:23.440+0000] {processor.py:175} INFO - Processing /home/airflow/.local/lib/python3.7/site-packages/airflow/example_dags/example_subdag_operator.py took 0.156 seconds
[2023-02-10T00:11:53.643+0000] {processor.py:153} INFO - Started process (PID=4223) to work on /home/airflow/.local/lib/python3.7/site-packages/airflow/example_dags/example_subdag_operator.py
[2023-02-10T00:11:53.644+0000] {processor.py:743} INFO - Processing file /home/airflow/.local/lib/python3.7/site-packages/airflow/example_dags/example_subdag_operator.py for tasks to queue
[2023-02-10T00:11:53.644+0000] {logging_mixin.py:137} INFO - [2023-02-10T00:11:53.644+0000] {dagbag.py:538} INFO - Filling up the DagBag from /home/airflow/.local/lib/python3.7/site-packages/airflow/example_dags/example_subdag_operator.py
[2023-02-10T00:11:53.685+0000] {processor.py:753} INFO - DAG(s) dict_keys(['example_subdag_operator.section-1', 'example_subdag_operator.section-2', 'example_subdag_operator']) retrieved from /home/airflow/.local/lib/python3.7/site-packages/airflow/example_dags/example_subdag_operator.py
[2023-02-10T00:11:53.711+0000] {logging_mixin.py:137} INFO - [2023-02-10T00:11:53.710+0000] {dag.py:2690} INFO - Sync 3 DAGs
[2023-02-10T00:11:53.751+0000] {logging_mixin.py:137} INFO - [2023-02-10T00:11:53.750+0000] {dag.py:3441} INFO - Setting next_dagrun for example_subdag_operator to 2022-01-01T00:00:00+00:00, run_after=2022-01-01T00:00:00+00:00
[2023-02-10T00:11:53.756+0000] {logging_mixin.py:137} INFO - [2023-02-10T00:11:53.756+0000] {dag.py:3441} INFO - Setting next_dagrun for example_subdag_operator.section-1 to None, run_after=None
[2023-02-10T00:11:53.759+0000] {logging_mixin.py:137} INFO - [2023-02-10T00:11:53.758+0000] {dag.py:3441} INFO - Setting next_dagrun for example_subdag_operator.section-2 to None, run_after=None
[2023-02-10T00:11:53.771+0000] {logging_mixin.py:137} INFO - [2023-02-10T00:11:53.771+0000] {dag.py:2690} INFO - Sync 2 DAGs
[2023-02-10T00:11:53.792+0000] {logging_mixin.py:137} INFO - [2023-02-10T00:11:53.792+0000] {dag.py:3441} INFO - Setting next_dagrun for example_subdag_operator.section-1 to None, run_after=None
[2023-02-10T00:11:53.793+0000] {logging_mixin.py:137} INFO - [2023-02-10T00:11:53.793+0000] {dag.py:3441} INFO - Setting next_dagrun for example_subdag_operator.section-2 to None, run_after=None
[2023-02-10T00:11:53.811+0000] {processor.py:175} INFO - Processing /home/airflow/.local/lib/python3.7/site-packages/airflow/example_dags/example_subdag_operator.py took 0.172 seconds
[2023-02-10T00:12:24.547+0000] {processor.py:153} INFO - Started process (PID=4298) to work on /home/airflow/.local/lib/python3.7/site-packages/airflow/example_dags/example_subdag_operator.py
[2023-02-10T00:12:24.548+0000] {processor.py:743} INFO - Processing file /home/airflow/.local/lib/python3.7/site-packages/airflow/example_dags/example_subdag_operator.py for tasks to queue
[2023-02-10T00:12:24.548+0000] {logging_mixin.py:137} INFO - [2023-02-10T00:12:24.548+0000] {dagbag.py:538} INFO - Filling up the DagBag from /home/airflow/.local/lib/python3.7/site-packages/airflow/example_dags/example_subdag_operator.py
[2023-02-10T00:12:24.587+0000] {processor.py:753} INFO - DAG(s) dict_keys(['example_subdag_operator.section-1', 'example_subdag_operator.section-2', 'example_subdag_operator']) retrieved from /home/airflow/.local/lib/python3.7/site-packages/airflow/example_dags/example_subdag_operator.py
[2023-02-10T00:12:24.614+0000] {logging_mixin.py:137} INFO - [2023-02-10T00:12:24.614+0000] {dag.py:2690} INFO - Sync 3 DAGs
[2023-02-10T00:12:24.652+0000] {logging_mixin.py:137} INFO - [2023-02-10T00:12:24.652+0000] {dag.py:3441} INFO - Setting next_dagrun for example_subdag_operator to 2022-01-01T00:00:00+00:00, run_after=2022-01-01T00:00:00+00:00
[2023-02-10T00:12:24.658+0000] {logging_mixin.py:137} INFO - [2023-02-10T00:12:24.658+0000] {dag.py:3441} INFO - Setting next_dagrun for example_subdag_operator.section-1 to None, run_after=None
[2023-02-10T00:12:24.660+0000] {logging_mixin.py:137} INFO - [2023-02-10T00:12:24.660+0000] {dag.py:3441} INFO - Setting next_dagrun for example_subdag_operator.section-2 to None, run_after=None
[2023-02-10T00:12:24.670+0000] {logging_mixin.py:137} INFO - [2023-02-10T00:12:24.670+0000] {dag.py:2690} INFO - Sync 2 DAGs
[2023-02-10T00:12:24.680+0000] {logging_mixin.py:137} INFO - [2023-02-10T00:12:24.679+0000] {dag.py:3441} INFO - Setting next_dagrun for example_subdag_operator.section-1 to None, run_after=None
[2023-02-10T00:12:24.680+0000] {logging_mixin.py:137} INFO - [2023-02-10T00:12:24.680+0000] {dag.py:3441} INFO - Setting next_dagrun for example_subdag_operator.section-2 to None, run_after=None
[2023-02-10T00:12:24.697+0000] {processor.py:175} INFO - Processing /home/airflow/.local/lib/python3.7/site-packages/airflow/example_dags/example_subdag_operator.py took 0.154 seconds
[2023-02-10T00:12:54.882+0000] {processor.py:153} INFO - Started process (PID=4366) to work on /home/airflow/.local/lib/python3.7/site-packages/airflow/example_dags/example_subdag_operator.py
[2023-02-10T00:12:54.883+0000] {processor.py:743} INFO - Processing file /home/airflow/.local/lib/python3.7/site-packages/airflow/example_dags/example_subdag_operator.py for tasks to queue
[2023-02-10T00:12:54.884+0000] {logging_mixin.py:137} INFO - [2023-02-10T00:12:54.884+0000] {dagbag.py:538} INFO - Filling up the DagBag from /home/airflow/.local/lib/python3.7/site-packages/airflow/example_dags/example_subdag_operator.py
[2023-02-10T00:12:54.925+0000] {processor.py:753} INFO - DAG(s) dict_keys(['example_subdag_operator.section-1', 'example_subdag_operator.section-2', 'example_subdag_operator']) retrieved from /home/airflow/.local/lib/python3.7/site-packages/airflow/example_dags/example_subdag_operator.py
[2023-02-10T00:12:54.950+0000] {logging_mixin.py:137} INFO - [2023-02-10T00:12:54.949+0000] {dag.py:2690} INFO - Sync 3 DAGs
[2023-02-10T00:12:54.987+0000] {logging_mixin.py:137} INFO - [2023-02-10T00:12:54.987+0000] {dag.py:3441} INFO - Setting next_dagrun for example_subdag_operator to 2022-01-01T00:00:00+00:00, run_after=2022-01-01T00:00:00+00:00
[2023-02-10T00:12:54.993+0000] {logging_mixin.py:137} INFO - [2023-02-10T00:12:54.992+0000] {dag.py:3441} INFO - Setting next_dagrun for example_subdag_operator.section-1 to None, run_after=None
[2023-02-10T00:12:54.994+0000] {logging_mixin.py:137} INFO - [2023-02-10T00:12:54.994+0000] {dag.py:3441} INFO - Setting next_dagrun for example_subdag_operator.section-2 to None, run_after=None
[2023-02-10T00:12:55.005+0000] {logging_mixin.py:137} INFO - [2023-02-10T00:12:55.005+0000] {dag.py:2690} INFO - Sync 2 DAGs
[2023-02-10T00:12:55.016+0000] {logging_mixin.py:137} INFO - [2023-02-10T00:12:55.015+0000] {dag.py:3441} INFO - Setting next_dagrun for example_subdag_operator.section-1 to None, run_after=None
[2023-02-10T00:12:55.016+0000] {logging_mixin.py:137} INFO - [2023-02-10T00:12:55.016+0000] {dag.py:3441} INFO - Setting next_dagrun for example_subdag_operator.section-2 to None, run_after=None
[2023-02-10T00:12:55.034+0000] {processor.py:175} INFO - Processing /home/airflow/.local/lib/python3.7/site-packages/airflow/example_dags/example_subdag_operator.py took 0.155 seconds
[2023-02-10T00:13:25.663+0000] {processor.py:153} INFO - Started process (PID=4433) to work on /home/airflow/.local/lib/python3.7/site-packages/airflow/example_dags/example_subdag_operator.py
[2023-02-10T00:13:25.664+0000] {processor.py:743} INFO - Processing file /home/airflow/.local/lib/python3.7/site-packages/airflow/example_dags/example_subdag_operator.py for tasks to queue
[2023-02-10T00:13:25.665+0000] {logging_mixin.py:137} INFO - [2023-02-10T00:13:25.665+0000] {dagbag.py:538} INFO - Filling up the DagBag from /home/airflow/.local/lib/python3.7/site-packages/airflow/example_dags/example_subdag_operator.py
[2023-02-10T00:13:25.706+0000] {processor.py:753} INFO - DAG(s) dict_keys(['example_subdag_operator.section-1', 'example_subdag_operator.section-2', 'example_subdag_operator']) retrieved from /home/airflow/.local/lib/python3.7/site-packages/airflow/example_dags/example_subdag_operator.py
[2023-02-10T00:13:25.734+0000] {logging_mixin.py:137} INFO - [2023-02-10T00:13:25.734+0000] {dag.py:2690} INFO - Sync 3 DAGs
[2023-02-10T00:13:25.773+0000] {logging_mixin.py:137} INFO - [2023-02-10T00:13:25.773+0000] {dag.py:3441} INFO - Setting next_dagrun for example_subdag_operator to 2022-01-01T00:00:00+00:00, run_after=2022-01-01T00:00:00+00:00
[2023-02-10T00:13:25.778+0000] {logging_mixin.py:137} INFO - [2023-02-10T00:13:25.778+0000] {dag.py:3441} INFO - Setting next_dagrun for example_subdag_operator.section-1 to None, run_after=None
[2023-02-10T00:13:25.780+0000] {logging_mixin.py:137} INFO - [2023-02-10T00:13:25.780+0000] {dag.py:3441} INFO - Setting next_dagrun for example_subdag_operator.section-2 to None, run_after=None
[2023-02-10T00:13:25.796+0000] {logging_mixin.py:137} INFO - [2023-02-10T00:13:25.796+0000] {dag.py:2690} INFO - Sync 2 DAGs
[2023-02-10T00:13:25.809+0000] {logging_mixin.py:137} INFO - [2023-02-10T00:13:25.809+0000] {dag.py:3441} INFO - Setting next_dagrun for example_subdag_operator.section-1 to None, run_after=None
[2023-02-10T00:13:25.809+0000] {logging_mixin.py:137} INFO - [2023-02-10T00:13:25.809+0000] {dag.py:3441} INFO - Setting next_dagrun for example_subdag_operator.section-2 to None, run_after=None
[2023-02-10T00:13:25.834+0000] {processor.py:175} INFO - Processing /home/airflow/.local/lib/python3.7/site-packages/airflow/example_dags/example_subdag_operator.py took 0.175 seconds
