[2023-02-10T00:00:10.043+0000] {processor.py:153} INFO - Started process (PID=2547) to work on /home/airflow/.local/lib/python3.7/site-packages/airflow/example_dags/example_bash_operator.py
[2023-02-10T00:00:10.044+0000] {processor.py:743} INFO - Processing file /home/airflow/.local/lib/python3.7/site-packages/airflow/example_dags/example_bash_operator.py for tasks to queue
[2023-02-10T00:00:10.045+0000] {logging_mixin.py:137} INFO - [2023-02-10T00:00:10.045+0000] {dagbag.py:538} INFO - Filling up the DagBag from /home/airflow/.local/lib/python3.7/site-packages/airflow/example_dags/example_bash_operator.py
[2023-02-10T00:00:10.069+0000] {processor.py:753} INFO - DAG(s) dict_keys(['example_bash_operator']) retrieved from /home/airflow/.local/lib/python3.7/site-packages/airflow/example_dags/example_bash_operator.py
[2023-02-10T00:00:10.118+0000] {logging_mixin.py:137} INFO - [2023-02-10T00:00:10.118+0000] {dag.py:2690} INFO - Sync 1 DAGs
[2023-02-10T00:00:10.157+0000] {logging_mixin.py:137} INFO - [2023-02-10T00:00:10.157+0000] {dag.py:3441} INFO - Setting next_dagrun for example_bash_operator to 2023-02-09T00:00:00+00:00, run_after=2023-02-10T00:00:00+00:00
[2023-02-10T00:00:10.182+0000] {processor.py:175} INFO - Processing /home/airflow/.local/lib/python3.7/site-packages/airflow/example_dags/example_bash_operator.py took 0.142 seconds
[2023-02-10T00:00:40.629+0000] {processor.py:153} INFO - Started process (PID=2613) to work on /home/airflow/.local/lib/python3.7/site-packages/airflow/example_dags/example_bash_operator.py
[2023-02-10T00:00:40.630+0000] {processor.py:743} INFO - Processing file /home/airflow/.local/lib/python3.7/site-packages/airflow/example_dags/example_bash_operator.py for tasks to queue
[2023-02-10T00:00:40.631+0000] {logging_mixin.py:137} INFO - [2023-02-10T00:00:40.631+0000] {dagbag.py:538} INFO - Filling up the DagBag from /home/airflow/.local/lib/python3.7/site-packages/airflow/example_dags/example_bash_operator.py
[2023-02-10T00:00:40.664+0000] {processor.py:753} INFO - DAG(s) dict_keys(['example_bash_operator']) retrieved from /home/airflow/.local/lib/python3.7/site-packages/airflow/example_dags/example_bash_operator.py
[2023-02-10T00:00:40.722+0000] {logging_mixin.py:137} INFO - [2023-02-10T00:00:40.721+0000] {dag.py:2690} INFO - Sync 1 DAGs
[2023-02-10T00:00:40.761+0000] {logging_mixin.py:137} INFO - [2023-02-10T00:00:40.761+0000] {dag.py:3441} INFO - Setting next_dagrun for example_bash_operator to 2023-02-09T00:00:00+00:00, run_after=2023-02-10T00:00:00+00:00
[2023-02-10T00:00:40.792+0000] {processor.py:175} INFO - Processing /home/airflow/.local/lib/python3.7/site-packages/airflow/example_dags/example_bash_operator.py took 0.167 seconds
[2023-02-10T00:01:11.185+0000] {processor.py:153} INFO - Started process (PID=2693) to work on /home/airflow/.local/lib/python3.7/site-packages/airflow/example_dags/example_bash_operator.py
[2023-02-10T00:01:11.186+0000] {processor.py:743} INFO - Processing file /home/airflow/.local/lib/python3.7/site-packages/airflow/example_dags/example_bash_operator.py for tasks to queue
[2023-02-10T00:01:11.186+0000] {logging_mixin.py:137} INFO - [2023-02-10T00:01:11.186+0000] {dagbag.py:538} INFO - Filling up the DagBag from /home/airflow/.local/lib/python3.7/site-packages/airflow/example_dags/example_bash_operator.py
[2023-02-10T00:01:11.212+0000] {processor.py:753} INFO - DAG(s) dict_keys(['example_bash_operator']) retrieved from /home/airflow/.local/lib/python3.7/site-packages/airflow/example_dags/example_bash_operator.py
[2023-02-10T00:01:11.266+0000] {logging_mixin.py:137} INFO - [2023-02-10T00:01:11.265+0000] {dag.py:2690} INFO - Sync 1 DAGs
[2023-02-10T00:01:11.323+0000] {logging_mixin.py:137} INFO - [2023-02-10T00:01:11.323+0000] {dag.py:3441} INFO - Setting next_dagrun for example_bash_operator to 2023-02-09T00:00:00+00:00, run_after=2023-02-10T00:00:00+00:00
[2023-02-10T00:01:11.353+0000] {processor.py:175} INFO - Processing /home/airflow/.local/lib/python3.7/site-packages/airflow/example_dags/example_bash_operator.py took 0.171 seconds
[2023-02-10T00:01:41.766+0000] {processor.py:153} INFO - Started process (PID=2761) to work on /home/airflow/.local/lib/python3.7/site-packages/airflow/example_dags/example_bash_operator.py
[2023-02-10T00:01:41.767+0000] {processor.py:743} INFO - Processing file /home/airflow/.local/lib/python3.7/site-packages/airflow/example_dags/example_bash_operator.py for tasks to queue
[2023-02-10T00:01:41.768+0000] {logging_mixin.py:137} INFO - [2023-02-10T00:01:41.767+0000] {dagbag.py:538} INFO - Filling up the DagBag from /home/airflow/.local/lib/python3.7/site-packages/airflow/example_dags/example_bash_operator.py
[2023-02-10T00:01:41.793+0000] {processor.py:753} INFO - DAG(s) dict_keys(['example_bash_operator']) retrieved from /home/airflow/.local/lib/python3.7/site-packages/airflow/example_dags/example_bash_operator.py
[2023-02-10T00:01:41.843+0000] {logging_mixin.py:137} INFO - [2023-02-10T00:01:41.842+0000] {dag.py:2690} INFO - Sync 1 DAGs
[2023-02-10T00:01:41.883+0000] {logging_mixin.py:137} INFO - [2023-02-10T00:01:41.883+0000] {dag.py:3441} INFO - Setting next_dagrun for example_bash_operator to 2023-02-09T00:00:00+00:00, run_after=2023-02-10T00:00:00+00:00
[2023-02-10T00:01:41.912+0000] {processor.py:175} INFO - Processing /home/airflow/.local/lib/python3.7/site-packages/airflow/example_dags/example_bash_operator.py took 0.149 seconds
[2023-02-10T00:02:12.140+0000] {processor.py:153} INFO - Started process (PID=2828) to work on /home/airflow/.local/lib/python3.7/site-packages/airflow/example_dags/example_bash_operator.py
[2023-02-10T00:02:12.141+0000] {processor.py:743} INFO - Processing file /home/airflow/.local/lib/python3.7/site-packages/airflow/example_dags/example_bash_operator.py for tasks to queue
[2023-02-10T00:02:12.141+0000] {logging_mixin.py:137} INFO - [2023-02-10T00:02:12.141+0000] {dagbag.py:538} INFO - Filling up the DagBag from /home/airflow/.local/lib/python3.7/site-packages/airflow/example_dags/example_bash_operator.py
[2023-02-10T00:02:12.167+0000] {processor.py:753} INFO - DAG(s) dict_keys(['example_bash_operator']) retrieved from /home/airflow/.local/lib/python3.7/site-packages/airflow/example_dags/example_bash_operator.py
[2023-02-10T00:02:12.218+0000] {logging_mixin.py:137} INFO - [2023-02-10T00:02:12.218+0000] {dag.py:2690} INFO - Sync 1 DAGs
[2023-02-10T00:02:12.254+0000] {logging_mixin.py:137} INFO - [2023-02-10T00:02:12.254+0000] {dag.py:3441} INFO - Setting next_dagrun for example_bash_operator to 2023-02-09T00:00:00+00:00, run_after=2023-02-10T00:00:00+00:00
[2023-02-10T00:02:12.279+0000] {processor.py:175} INFO - Processing /home/airflow/.local/lib/python3.7/site-packages/airflow/example_dags/example_bash_operator.py took 0.142 seconds
[2023-02-10T00:02:42.608+0000] {processor.py:153} INFO - Started process (PID=2911) to work on /home/airflow/.local/lib/python3.7/site-packages/airflow/example_dags/example_bash_operator.py
[2023-02-10T00:02:42.609+0000] {processor.py:743} INFO - Processing file /home/airflow/.local/lib/python3.7/site-packages/airflow/example_dags/example_bash_operator.py for tasks to queue
[2023-02-10T00:02:42.610+0000] {logging_mixin.py:137} INFO - [2023-02-10T00:02:42.610+0000] {dagbag.py:538} INFO - Filling up the DagBag from /home/airflow/.local/lib/python3.7/site-packages/airflow/example_dags/example_bash_operator.py
[2023-02-10T00:02:42.641+0000] {processor.py:753} INFO - DAG(s) dict_keys(['example_bash_operator']) retrieved from /home/airflow/.local/lib/python3.7/site-packages/airflow/example_dags/example_bash_operator.py
[2023-02-10T00:02:42.702+0000] {logging_mixin.py:137} INFO - [2023-02-10T00:02:42.702+0000] {dag.py:2690} INFO - Sync 1 DAGs
[2023-02-10T00:02:42.744+0000] {logging_mixin.py:137} INFO - [2023-02-10T00:02:42.744+0000] {dag.py:3441} INFO - Setting next_dagrun for example_bash_operator to 2023-02-09T00:00:00+00:00, run_after=2023-02-10T00:00:00+00:00
[2023-02-10T00:02:42.782+0000] {processor.py:175} INFO - Processing /home/airflow/.local/lib/python3.7/site-packages/airflow/example_dags/example_bash_operator.py took 0.176 seconds
[2023-02-10T00:03:13.057+0000] {processor.py:153} INFO - Started process (PID=2980) to work on /home/airflow/.local/lib/python3.7/site-packages/airflow/example_dags/example_bash_operator.py
[2023-02-10T00:03:13.058+0000] {processor.py:743} INFO - Processing file /home/airflow/.local/lib/python3.7/site-packages/airflow/example_dags/example_bash_operator.py for tasks to queue
[2023-02-10T00:03:13.059+0000] {logging_mixin.py:137} INFO - [2023-02-10T00:03:13.059+0000] {dagbag.py:538} INFO - Filling up the DagBag from /home/airflow/.local/lib/python3.7/site-packages/airflow/example_dags/example_bash_operator.py
[2023-02-10T00:03:13.086+0000] {processor.py:753} INFO - DAG(s) dict_keys(['example_bash_operator']) retrieved from /home/airflow/.local/lib/python3.7/site-packages/airflow/example_dags/example_bash_operator.py
[2023-02-10T00:03:13.140+0000] {logging_mixin.py:137} INFO - [2023-02-10T00:03:13.139+0000] {dag.py:2690} INFO - Sync 1 DAGs
[2023-02-10T00:03:13.182+0000] {logging_mixin.py:137} INFO - [2023-02-10T00:03:13.182+0000] {dag.py:3441} INFO - Setting next_dagrun for example_bash_operator to 2023-02-09T00:00:00+00:00, run_after=2023-02-10T00:00:00+00:00
[2023-02-10T00:03:13.211+0000] {processor.py:175} INFO - Processing /home/airflow/.local/lib/python3.7/site-packages/airflow/example_dags/example_bash_operator.py took 0.157 seconds
[2023-02-10T00:03:43.490+0000] {processor.py:153} INFO - Started process (PID=3048) to work on /home/airflow/.local/lib/python3.7/site-packages/airflow/example_dags/example_bash_operator.py
[2023-02-10T00:03:43.492+0000] {processor.py:743} INFO - Processing file /home/airflow/.local/lib/python3.7/site-packages/airflow/example_dags/example_bash_operator.py for tasks to queue
[2023-02-10T00:03:43.492+0000] {logging_mixin.py:137} INFO - [2023-02-10T00:03:43.492+0000] {dagbag.py:538} INFO - Filling up the DagBag from /home/airflow/.local/lib/python3.7/site-packages/airflow/example_dags/example_bash_operator.py
[2023-02-10T00:03:43.524+0000] {processor.py:753} INFO - DAG(s) dict_keys(['example_bash_operator']) retrieved from /home/airflow/.local/lib/python3.7/site-packages/airflow/example_dags/example_bash_operator.py
[2023-02-10T00:03:43.580+0000] {logging_mixin.py:137} INFO - [2023-02-10T00:03:43.580+0000] {dag.py:2690} INFO - Sync 1 DAGs
[2023-02-10T00:03:43.617+0000] {logging_mixin.py:137} INFO - [2023-02-10T00:03:43.617+0000] {dag.py:3441} INFO - Setting next_dagrun for example_bash_operator to 2023-02-09T00:00:00+00:00, run_after=2023-02-10T00:00:00+00:00
[2023-02-10T00:03:43.642+0000] {processor.py:175} INFO - Processing /home/airflow/.local/lib/python3.7/site-packages/airflow/example_dags/example_bash_operator.py took 0.155 seconds
[2023-02-10T00:04:13.793+0000] {processor.py:153} INFO - Started process (PID=3130) to work on /home/airflow/.local/lib/python3.7/site-packages/airflow/example_dags/example_bash_operator.py
[2023-02-10T00:04:13.794+0000] {processor.py:743} INFO - Processing file /home/airflow/.local/lib/python3.7/site-packages/airflow/example_dags/example_bash_operator.py for tasks to queue
[2023-02-10T00:04:13.795+0000] {logging_mixin.py:137} INFO - [2023-02-10T00:04:13.795+0000] {dagbag.py:538} INFO - Filling up the DagBag from /home/airflow/.local/lib/python3.7/site-packages/airflow/example_dags/example_bash_operator.py
[2023-02-10T00:04:13.820+0000] {processor.py:753} INFO - DAG(s) dict_keys(['example_bash_operator']) retrieved from /home/airflow/.local/lib/python3.7/site-packages/airflow/example_dags/example_bash_operator.py
[2023-02-10T00:04:13.870+0000] {logging_mixin.py:137} INFO - [2023-02-10T00:04:13.870+0000] {dag.py:2690} INFO - Sync 1 DAGs
[2023-02-10T00:04:13.909+0000] {logging_mixin.py:137} INFO - [2023-02-10T00:04:13.909+0000] {dag.py:3441} INFO - Setting next_dagrun for example_bash_operator to 2023-02-09T00:00:00+00:00, run_after=2023-02-10T00:00:00+00:00
[2023-02-10T00:04:13.935+0000] {processor.py:175} INFO - Processing /home/airflow/.local/lib/python3.7/site-packages/airflow/example_dags/example_bash_operator.py took 0.145 seconds
[2023-02-10T00:04:44.524+0000] {processor.py:153} INFO - Started process (PID=3198) to work on /home/airflow/.local/lib/python3.7/site-packages/airflow/example_dags/example_bash_operator.py
[2023-02-10T00:04:44.525+0000] {processor.py:743} INFO - Processing file /home/airflow/.local/lib/python3.7/site-packages/airflow/example_dags/example_bash_operator.py for tasks to queue
[2023-02-10T00:04:44.525+0000] {logging_mixin.py:137} INFO - [2023-02-10T00:04:44.525+0000] {dagbag.py:538} INFO - Filling up the DagBag from /home/airflow/.local/lib/python3.7/site-packages/airflow/example_dags/example_bash_operator.py
[2023-02-10T00:04:44.550+0000] {processor.py:753} INFO - DAG(s) dict_keys(['example_bash_operator']) retrieved from /home/airflow/.local/lib/python3.7/site-packages/airflow/example_dags/example_bash_operator.py
[2023-02-10T00:04:44.601+0000] {logging_mixin.py:137} INFO - [2023-02-10T00:04:44.601+0000] {dag.py:2690} INFO - Sync 1 DAGs
[2023-02-10T00:04:44.638+0000] {logging_mixin.py:137} INFO - [2023-02-10T00:04:44.638+0000] {dag.py:3441} INFO - Setting next_dagrun for example_bash_operator to 2023-02-09T00:00:00+00:00, run_after=2023-02-10T00:00:00+00:00
[2023-02-10T00:04:44.667+0000] {processor.py:175} INFO - Processing /home/airflow/.local/lib/python3.7/site-packages/airflow/example_dags/example_bash_operator.py took 0.146 seconds
[2023-02-10T00:05:15.071+0000] {processor.py:153} INFO - Started process (PID=3264) to work on /home/airflow/.local/lib/python3.7/site-packages/airflow/example_dags/example_bash_operator.py
[2023-02-10T00:05:15.072+0000] {processor.py:743} INFO - Processing file /home/airflow/.local/lib/python3.7/site-packages/airflow/example_dags/example_bash_operator.py for tasks to queue
[2023-02-10T00:05:15.073+0000] {logging_mixin.py:137} INFO - [2023-02-10T00:05:15.073+0000] {dagbag.py:538} INFO - Filling up the DagBag from /home/airflow/.local/lib/python3.7/site-packages/airflow/example_dags/example_bash_operator.py
[2023-02-10T00:05:15.108+0000] {processor.py:753} INFO - DAG(s) dict_keys(['example_bash_operator']) retrieved from /home/airflow/.local/lib/python3.7/site-packages/airflow/example_dags/example_bash_operator.py
[2023-02-10T00:05:15.168+0000] {logging_mixin.py:137} INFO - [2023-02-10T00:05:15.167+0000] {dag.py:2690} INFO - Sync 1 DAGs
[2023-02-10T00:05:15.220+0000] {logging_mixin.py:137} INFO - [2023-02-10T00:05:15.219+0000] {dag.py:3441} INFO - Setting next_dagrun for example_bash_operator to 2023-02-09T00:00:00+00:00, run_after=2023-02-10T00:00:00+00:00
[2023-02-10T00:05:15.253+0000] {processor.py:175} INFO - Processing /home/airflow/.local/lib/python3.7/site-packages/airflow/example_dags/example_bash_operator.py took 0.185 seconds
[2023-02-10T00:05:45.857+0000] {processor.py:153} INFO - Started process (PID=3348) to work on /home/airflow/.local/lib/python3.7/site-packages/airflow/example_dags/example_bash_operator.py
[2023-02-10T00:05:45.858+0000] {processor.py:743} INFO - Processing file /home/airflow/.local/lib/python3.7/site-packages/airflow/example_dags/example_bash_operator.py for tasks to queue
[2023-02-10T00:05:45.859+0000] {logging_mixin.py:137} INFO - [2023-02-10T00:05:45.859+0000] {dagbag.py:538} INFO - Filling up the DagBag from /home/airflow/.local/lib/python3.7/site-packages/airflow/example_dags/example_bash_operator.py
[2023-02-10T00:05:45.886+0000] {processor.py:753} INFO - DAG(s) dict_keys(['example_bash_operator']) retrieved from /home/airflow/.local/lib/python3.7/site-packages/airflow/example_dags/example_bash_operator.py
[2023-02-10T00:05:45.974+0000] {logging_mixin.py:137} INFO - [2023-02-10T00:05:45.974+0000] {dag.py:2690} INFO - Sync 1 DAGs
[2023-02-10T00:05:46.011+0000] {logging_mixin.py:137} INFO - [2023-02-10T00:05:46.011+0000] {dag.py:3441} INFO - Setting next_dagrun for example_bash_operator to 2023-02-09T00:00:00+00:00, run_after=2023-02-10T00:00:00+00:00
[2023-02-10T00:05:46.040+0000] {processor.py:175} INFO - Processing /home/airflow/.local/lib/python3.7/site-packages/airflow/example_dags/example_bash_operator.py took 0.186 seconds
[2023-02-10T00:06:16.594+0000] {processor.py:153} INFO - Started process (PID=3417) to work on /home/airflow/.local/lib/python3.7/site-packages/airflow/example_dags/example_bash_operator.py
[2023-02-10T00:06:16.595+0000] {processor.py:743} INFO - Processing file /home/airflow/.local/lib/python3.7/site-packages/airflow/example_dags/example_bash_operator.py for tasks to queue
[2023-02-10T00:06:16.596+0000] {logging_mixin.py:137} INFO - [2023-02-10T00:06:16.596+0000] {dagbag.py:538} INFO - Filling up the DagBag from /home/airflow/.local/lib/python3.7/site-packages/airflow/example_dags/example_bash_operator.py
[2023-02-10T00:06:16.637+0000] {processor.py:753} INFO - DAG(s) dict_keys(['example_bash_operator']) retrieved from /home/airflow/.local/lib/python3.7/site-packages/airflow/example_dags/example_bash_operator.py
[2023-02-10T00:06:16.696+0000] {logging_mixin.py:137} INFO - [2023-02-10T00:06:16.696+0000] {dag.py:2690} INFO - Sync 1 DAGs
[2023-02-10T00:06:16.738+0000] {logging_mixin.py:137} INFO - [2023-02-10T00:06:16.737+0000] {dag.py:3441} INFO - Setting next_dagrun for example_bash_operator to 2023-02-09T00:00:00+00:00, run_after=2023-02-10T00:00:00+00:00
[2023-02-10T00:06:16.778+0000] {processor.py:175} INFO - Processing /home/airflow/.local/lib/python3.7/site-packages/airflow/example_dags/example_bash_operator.py took 0.188 seconds
[2023-02-10T00:06:47.560+0000] {processor.py:153} INFO - Started process (PID=3486) to work on /home/airflow/.local/lib/python3.7/site-packages/airflow/example_dags/example_bash_operator.py
[2023-02-10T00:06:47.560+0000] {processor.py:743} INFO - Processing file /home/airflow/.local/lib/python3.7/site-packages/airflow/example_dags/example_bash_operator.py for tasks to queue
[2023-02-10T00:06:47.561+0000] {logging_mixin.py:137} INFO - [2023-02-10T00:06:47.561+0000] {dagbag.py:538} INFO - Filling up the DagBag from /home/airflow/.local/lib/python3.7/site-packages/airflow/example_dags/example_bash_operator.py
[2023-02-10T00:06:47.587+0000] {processor.py:753} INFO - DAG(s) dict_keys(['example_bash_operator']) retrieved from /home/airflow/.local/lib/python3.7/site-packages/airflow/example_dags/example_bash_operator.py
[2023-02-10T00:06:47.639+0000] {logging_mixin.py:137} INFO - [2023-02-10T00:06:47.638+0000] {dag.py:2690} INFO - Sync 1 DAGs
[2023-02-10T00:06:47.680+0000] {logging_mixin.py:137} INFO - [2023-02-10T00:06:47.679+0000] {dag.py:3441} INFO - Setting next_dagrun for example_bash_operator to 2023-02-09T00:00:00+00:00, run_after=2023-02-10T00:00:00+00:00
[2023-02-10T00:06:47.709+0000] {processor.py:175} INFO - Processing /home/airflow/.local/lib/python3.7/site-packages/airflow/example_dags/example_bash_operator.py took 0.153 seconds
[2023-02-10T00:07:18.399+0000] {processor.py:153} INFO - Started process (PID=3569) to work on /home/airflow/.local/lib/python3.7/site-packages/airflow/example_dags/example_bash_operator.py
[2023-02-10T00:07:18.400+0000] {processor.py:743} INFO - Processing file /home/airflow/.local/lib/python3.7/site-packages/airflow/example_dags/example_bash_operator.py for tasks to queue
[2023-02-10T00:07:18.401+0000] {logging_mixin.py:137} INFO - [2023-02-10T00:07:18.401+0000] {dagbag.py:538} INFO - Filling up the DagBag from /home/airflow/.local/lib/python3.7/site-packages/airflow/example_dags/example_bash_operator.py
[2023-02-10T00:07:18.439+0000] {processor.py:753} INFO - DAG(s) dict_keys(['example_bash_operator']) retrieved from /home/airflow/.local/lib/python3.7/site-packages/airflow/example_dags/example_bash_operator.py
[2023-02-10T00:07:18.491+0000] {logging_mixin.py:137} INFO - [2023-02-10T00:07:18.491+0000] {dag.py:2690} INFO - Sync 1 DAGs
[2023-02-10T00:07:18.528+0000] {logging_mixin.py:137} INFO - [2023-02-10T00:07:18.528+0000] {dag.py:3441} INFO - Setting next_dagrun for example_bash_operator to 2023-02-09T00:00:00+00:00, run_after=2023-02-10T00:00:00+00:00
[2023-02-10T00:07:18.571+0000] {processor.py:175} INFO - Processing /home/airflow/.local/lib/python3.7/site-packages/airflow/example_dags/example_bash_operator.py took 0.177 seconds
[2023-02-10T00:07:48.884+0000] {processor.py:153} INFO - Started process (PID=3637) to work on /home/airflow/.local/lib/python3.7/site-packages/airflow/example_dags/example_bash_operator.py
[2023-02-10T00:07:48.885+0000] {processor.py:743} INFO - Processing file /home/airflow/.local/lib/python3.7/site-packages/airflow/example_dags/example_bash_operator.py for tasks to queue
[2023-02-10T00:07:48.885+0000] {logging_mixin.py:137} INFO - [2023-02-10T00:07:48.885+0000] {dagbag.py:538} INFO - Filling up the DagBag from /home/airflow/.local/lib/python3.7/site-packages/airflow/example_dags/example_bash_operator.py
[2023-02-10T00:07:48.911+0000] {processor.py:753} INFO - DAG(s) dict_keys(['example_bash_operator']) retrieved from /home/airflow/.local/lib/python3.7/site-packages/airflow/example_dags/example_bash_operator.py
[2023-02-10T00:07:48.960+0000] {logging_mixin.py:137} INFO - [2023-02-10T00:07:48.959+0000] {dag.py:2690} INFO - Sync 1 DAGs
[2023-02-10T00:07:48.996+0000] {logging_mixin.py:137} INFO - [2023-02-10T00:07:48.996+0000] {dag.py:3441} INFO - Setting next_dagrun for example_bash_operator to 2023-02-09T00:00:00+00:00, run_after=2023-02-10T00:00:00+00:00
[2023-02-10T00:07:49.021+0000] {processor.py:175} INFO - Processing /home/airflow/.local/lib/python3.7/site-packages/airflow/example_dags/example_bash_operator.py took 0.140 seconds
[2023-02-10T00:08:19.265+0000] {processor.py:153} INFO - Started process (PID=3705) to work on /home/airflow/.local/lib/python3.7/site-packages/airflow/example_dags/example_bash_operator.py
[2023-02-10T00:08:19.266+0000] {processor.py:743} INFO - Processing file /home/airflow/.local/lib/python3.7/site-packages/airflow/example_dags/example_bash_operator.py for tasks to queue
[2023-02-10T00:08:19.266+0000] {logging_mixin.py:137} INFO - [2023-02-10T00:08:19.266+0000] {dagbag.py:538} INFO - Filling up the DagBag from /home/airflow/.local/lib/python3.7/site-packages/airflow/example_dags/example_bash_operator.py
[2023-02-10T00:08:19.298+0000] {processor.py:753} INFO - DAG(s) dict_keys(['example_bash_operator']) retrieved from /home/airflow/.local/lib/python3.7/site-packages/airflow/example_dags/example_bash_operator.py
[2023-02-10T00:08:19.354+0000] {logging_mixin.py:137} INFO - [2023-02-10T00:08:19.354+0000] {dag.py:2690} INFO - Sync 1 DAGs
[2023-02-10T00:08:19.393+0000] {logging_mixin.py:137} INFO - [2023-02-10T00:08:19.393+0000] {dag.py:3441} INFO - Setting next_dagrun for example_bash_operator to 2023-02-09T00:00:00+00:00, run_after=2023-02-10T00:00:00+00:00
[2023-02-10T00:08:19.424+0000] {processor.py:175} INFO - Processing /home/airflow/.local/lib/python3.7/site-packages/airflow/example_dags/example_bash_operator.py took 0.163 seconds
[2023-02-10T00:08:49.808+0000] {processor.py:153} INFO - Started process (PID=3780) to work on /home/airflow/.local/lib/python3.7/site-packages/airflow/example_dags/example_bash_operator.py
[2023-02-10T00:08:49.809+0000] {processor.py:743} INFO - Processing file /home/airflow/.local/lib/python3.7/site-packages/airflow/example_dags/example_bash_operator.py for tasks to queue
[2023-02-10T00:08:49.810+0000] {logging_mixin.py:137} INFO - [2023-02-10T00:08:49.809+0000] {dagbag.py:538} INFO - Filling up the DagBag from /home/airflow/.local/lib/python3.7/site-packages/airflow/example_dags/example_bash_operator.py
[2023-02-10T00:08:49.841+0000] {processor.py:753} INFO - DAG(s) dict_keys(['example_bash_operator']) retrieved from /home/airflow/.local/lib/python3.7/site-packages/airflow/example_dags/example_bash_operator.py
[2023-02-10T00:08:49.895+0000] {logging_mixin.py:137} INFO - [2023-02-10T00:08:49.895+0000] {dag.py:2690} INFO - Sync 1 DAGs
[2023-02-10T00:08:49.935+0000] {logging_mixin.py:137} INFO - [2023-02-10T00:08:49.934+0000] {dag.py:3441} INFO - Setting next_dagrun for example_bash_operator to 2023-02-09T00:00:00+00:00, run_after=2023-02-10T00:00:00+00:00
[2023-02-10T00:08:49.962+0000] {processor.py:175} INFO - Processing /home/airflow/.local/lib/python3.7/site-packages/airflow/example_dags/example_bash_operator.py took 0.161 seconds
[2023-02-10T00:09:20.521+0000] {processor.py:153} INFO - Started process (PID=3855) to work on /home/airflow/.local/lib/python3.7/site-packages/airflow/example_dags/example_bash_operator.py
[2023-02-10T00:09:20.522+0000] {processor.py:743} INFO - Processing file /home/airflow/.local/lib/python3.7/site-packages/airflow/example_dags/example_bash_operator.py for tasks to queue
[2023-02-10T00:09:20.523+0000] {logging_mixin.py:137} INFO - [2023-02-10T00:09:20.522+0000] {dagbag.py:538} INFO - Filling up the DagBag from /home/airflow/.local/lib/python3.7/site-packages/airflow/example_dags/example_bash_operator.py
[2023-02-10T00:09:20.548+0000] {processor.py:753} INFO - DAG(s) dict_keys(['example_bash_operator']) retrieved from /home/airflow/.local/lib/python3.7/site-packages/airflow/example_dags/example_bash_operator.py
[2023-02-10T00:09:20.599+0000] {logging_mixin.py:137} INFO - [2023-02-10T00:09:20.599+0000] {dag.py:2690} INFO - Sync 1 DAGs
[2023-02-10T00:09:20.636+0000] {logging_mixin.py:137} INFO - [2023-02-10T00:09:20.636+0000] {dag.py:3441} INFO - Setting next_dagrun for example_bash_operator to 2023-02-09T00:00:00+00:00, run_after=2023-02-10T00:00:00+00:00
[2023-02-10T00:09:20.664+0000] {processor.py:175} INFO - Processing /home/airflow/.local/lib/python3.7/site-packages/airflow/example_dags/example_bash_operator.py took 0.146 seconds
[2023-02-10T00:09:50.865+0000] {processor.py:153} INFO - Started process (PID=3922) to work on /home/airflow/.local/lib/python3.7/site-packages/airflow/example_dags/example_bash_operator.py
[2023-02-10T00:09:50.866+0000] {processor.py:743} INFO - Processing file /home/airflow/.local/lib/python3.7/site-packages/airflow/example_dags/example_bash_operator.py for tasks to queue
[2023-02-10T00:09:50.867+0000] {logging_mixin.py:137} INFO - [2023-02-10T00:09:50.867+0000] {dagbag.py:538} INFO - Filling up the DagBag from /home/airflow/.local/lib/python3.7/site-packages/airflow/example_dags/example_bash_operator.py
[2023-02-10T00:09:50.906+0000] {processor.py:753} INFO - DAG(s) dict_keys(['example_bash_operator']) retrieved from /home/airflow/.local/lib/python3.7/site-packages/airflow/example_dags/example_bash_operator.py
[2023-02-10T00:09:50.970+0000] {logging_mixin.py:137} INFO - [2023-02-10T00:09:50.970+0000] {dag.py:2690} INFO - Sync 1 DAGs
[2023-02-10T00:09:51.010+0000] {logging_mixin.py:137} INFO - [2023-02-10T00:09:51.010+0000] {dag.py:3441} INFO - Setting next_dagrun for example_bash_operator to 2023-02-09T00:00:00+00:00, run_after=2023-02-10T00:00:00+00:00
[2023-02-10T00:09:51.035+0000] {processor.py:175} INFO - Processing /home/airflow/.local/lib/python3.7/site-packages/airflow/example_dags/example_bash_operator.py took 0.173 seconds
[2023-02-10T00:10:21.480+0000] {processor.py:153} INFO - Started process (PID=3991) to work on /home/airflow/.local/lib/python3.7/site-packages/airflow/example_dags/example_bash_operator.py
[2023-02-10T00:10:21.481+0000] {processor.py:743} INFO - Processing file /home/airflow/.local/lib/python3.7/site-packages/airflow/example_dags/example_bash_operator.py for tasks to queue
[2023-02-10T00:10:21.482+0000] {logging_mixin.py:137} INFO - [2023-02-10T00:10:21.482+0000] {dagbag.py:538} INFO - Filling up the DagBag from /home/airflow/.local/lib/python3.7/site-packages/airflow/example_dags/example_bash_operator.py
[2023-02-10T00:10:21.526+0000] {processor.py:753} INFO - DAG(s) dict_keys(['example_bash_operator']) retrieved from /home/airflow/.local/lib/python3.7/site-packages/airflow/example_dags/example_bash_operator.py
[2023-02-10T00:10:21.592+0000] {logging_mixin.py:137} INFO - [2023-02-10T00:10:21.591+0000] {dag.py:2690} INFO - Sync 1 DAGs
[2023-02-10T00:10:21.639+0000] {logging_mixin.py:137} INFO - [2023-02-10T00:10:21.639+0000] {dag.py:3441} INFO - Setting next_dagrun for example_bash_operator to 2023-02-09T00:00:00+00:00, run_after=2023-02-10T00:00:00+00:00
[2023-02-10T00:10:21.679+0000] {processor.py:175} INFO - Processing /home/airflow/.local/lib/python3.7/site-packages/airflow/example_dags/example_bash_operator.py took 0.203 seconds
[2023-02-10T00:10:52.086+0000] {processor.py:153} INFO - Started process (PID=4073) to work on /home/airflow/.local/lib/python3.7/site-packages/airflow/example_dags/example_bash_operator.py
[2023-02-10T00:10:52.087+0000] {processor.py:743} INFO - Processing file /home/airflow/.local/lib/python3.7/site-packages/airflow/example_dags/example_bash_operator.py for tasks to queue
[2023-02-10T00:10:52.088+0000] {logging_mixin.py:137} INFO - [2023-02-10T00:10:52.088+0000] {dagbag.py:538} INFO - Filling up the DagBag from /home/airflow/.local/lib/python3.7/site-packages/airflow/example_dags/example_bash_operator.py
[2023-02-10T00:10:52.112+0000] {processor.py:753} INFO - DAG(s) dict_keys(['example_bash_operator']) retrieved from /home/airflow/.local/lib/python3.7/site-packages/airflow/example_dags/example_bash_operator.py
[2023-02-10T00:10:52.162+0000] {logging_mixin.py:137} INFO - [2023-02-10T00:10:52.162+0000] {dag.py:2690} INFO - Sync 1 DAGs
[2023-02-10T00:10:52.200+0000] {logging_mixin.py:137} INFO - [2023-02-10T00:10:52.200+0000] {dag.py:3441} INFO - Setting next_dagrun for example_bash_operator to 2023-02-09T00:00:00+00:00, run_after=2023-02-10T00:00:00+00:00
[2023-02-10T00:10:52.225+0000] {processor.py:175} INFO - Processing /home/airflow/.local/lib/python3.7/site-packages/airflow/example_dags/example_bash_operator.py took 0.143 seconds
[2023-02-10T00:11:22.722+0000] {processor.py:153} INFO - Started process (PID=4140) to work on /home/airflow/.local/lib/python3.7/site-packages/airflow/example_dags/example_bash_operator.py
[2023-02-10T00:11:22.723+0000] {processor.py:743} INFO - Processing file /home/airflow/.local/lib/python3.7/site-packages/airflow/example_dags/example_bash_operator.py for tasks to queue
[2023-02-10T00:11:22.724+0000] {logging_mixin.py:137} INFO - [2023-02-10T00:11:22.723+0000] {dagbag.py:538} INFO - Filling up the DagBag from /home/airflow/.local/lib/python3.7/site-packages/airflow/example_dags/example_bash_operator.py
[2023-02-10T00:11:22.755+0000] {processor.py:753} INFO - DAG(s) dict_keys(['example_bash_operator']) retrieved from /home/airflow/.local/lib/python3.7/site-packages/airflow/example_dags/example_bash_operator.py
[2023-02-10T00:11:22.815+0000] {logging_mixin.py:137} INFO - [2023-02-10T00:11:22.815+0000] {dag.py:2690} INFO - Sync 1 DAGs
[2023-02-10T00:11:22.853+0000] {logging_mixin.py:137} INFO - [2023-02-10T00:11:22.853+0000] {dag.py:3441} INFO - Setting next_dagrun for example_bash_operator to 2023-02-09T00:00:00+00:00, run_after=2023-02-10T00:00:00+00:00
[2023-02-10T00:11:22.879+0000] {processor.py:175} INFO - Processing /home/airflow/.local/lib/python3.7/site-packages/airflow/example_dags/example_bash_operator.py took 0.161 seconds
[2023-02-10T00:11:53.062+0000] {processor.py:153} INFO - Started process (PID=4209) to work on /home/airflow/.local/lib/python3.7/site-packages/airflow/example_dags/example_bash_operator.py
[2023-02-10T00:11:53.063+0000] {processor.py:743} INFO - Processing file /home/airflow/.local/lib/python3.7/site-packages/airflow/example_dags/example_bash_operator.py for tasks to queue
[2023-02-10T00:11:53.064+0000] {logging_mixin.py:137} INFO - [2023-02-10T00:11:53.064+0000] {dagbag.py:538} INFO - Filling up the DagBag from /home/airflow/.local/lib/python3.7/site-packages/airflow/example_dags/example_bash_operator.py
[2023-02-10T00:11:53.095+0000] {processor.py:753} INFO - DAG(s) dict_keys(['example_bash_operator']) retrieved from /home/airflow/.local/lib/python3.7/site-packages/airflow/example_dags/example_bash_operator.py
[2023-02-10T00:11:53.147+0000] {logging_mixin.py:137} INFO - [2023-02-10T00:11:53.146+0000] {dag.py:2690} INFO - Sync 1 DAGs
[2023-02-10T00:11:53.185+0000] {logging_mixin.py:137} INFO - [2023-02-10T00:11:53.184+0000] {dag.py:3441} INFO - Setting next_dagrun for example_bash_operator to 2023-02-09T00:00:00+00:00, run_after=2023-02-10T00:00:00+00:00
[2023-02-10T00:11:53.213+0000] {processor.py:175} INFO - Processing /home/airflow/.local/lib/python3.7/site-packages/airflow/example_dags/example_bash_operator.py took 0.154 seconds
[2023-02-10T00:12:23.851+0000] {processor.py:153} INFO - Started process (PID=4291) to work on /home/airflow/.local/lib/python3.7/site-packages/airflow/example_dags/example_bash_operator.py
[2023-02-10T00:12:23.852+0000] {processor.py:743} INFO - Processing file /home/airflow/.local/lib/python3.7/site-packages/airflow/example_dags/example_bash_operator.py for tasks to queue
[2023-02-10T00:12:23.853+0000] {logging_mixin.py:137} INFO - [2023-02-10T00:12:23.853+0000] {dagbag.py:538} INFO - Filling up the DagBag from /home/airflow/.local/lib/python3.7/site-packages/airflow/example_dags/example_bash_operator.py
[2023-02-10T00:12:23.894+0000] {processor.py:753} INFO - DAG(s) dict_keys(['example_bash_operator']) retrieved from /home/airflow/.local/lib/python3.7/site-packages/airflow/example_dags/example_bash_operator.py
[2023-02-10T00:12:23.943+0000] {logging_mixin.py:137} INFO - [2023-02-10T00:12:23.943+0000] {dag.py:2690} INFO - Sync 1 DAGs
[2023-02-10T00:12:23.981+0000] {logging_mixin.py:137} INFO - [2023-02-10T00:12:23.981+0000] {dag.py:3441} INFO - Setting next_dagrun for example_bash_operator to 2023-02-09T00:00:00+00:00, run_after=2023-02-10T00:00:00+00:00
[2023-02-10T00:12:24.006+0000] {processor.py:175} INFO - Processing /home/airflow/.local/lib/python3.7/site-packages/airflow/example_dags/example_bash_operator.py took 0.160 seconds
[2023-02-10T00:12:54.285+0000] {processor.py:153} INFO - Started process (PID=4359) to work on /home/airflow/.local/lib/python3.7/site-packages/airflow/example_dags/example_bash_operator.py
[2023-02-10T00:12:54.285+0000] {processor.py:743} INFO - Processing file /home/airflow/.local/lib/python3.7/site-packages/airflow/example_dags/example_bash_operator.py for tasks to queue
[2023-02-10T00:12:54.286+0000] {logging_mixin.py:137} INFO - [2023-02-10T00:12:54.286+0000] {dagbag.py:538} INFO - Filling up the DagBag from /home/airflow/.local/lib/python3.7/site-packages/airflow/example_dags/example_bash_operator.py
[2023-02-10T00:12:54.312+0000] {processor.py:753} INFO - DAG(s) dict_keys(['example_bash_operator']) retrieved from /home/airflow/.local/lib/python3.7/site-packages/airflow/example_dags/example_bash_operator.py
[2023-02-10T00:12:54.362+0000] {logging_mixin.py:137} INFO - [2023-02-10T00:12:54.362+0000] {dag.py:2690} INFO - Sync 1 DAGs
[2023-02-10T00:12:54.399+0000] {logging_mixin.py:137} INFO - [2023-02-10T00:12:54.399+0000] {dag.py:3441} INFO - Setting next_dagrun for example_bash_operator to 2023-02-09T00:00:00+00:00, run_after=2023-02-10T00:00:00+00:00
[2023-02-10T00:12:54.425+0000] {processor.py:175} INFO - Processing /home/airflow/.local/lib/python3.7/site-packages/airflow/example_dags/example_bash_operator.py took 0.143 seconds
[2023-02-10T00:13:24.932+0000] {processor.py:153} INFO - Started process (PID=4426) to work on /home/airflow/.local/lib/python3.7/site-packages/airflow/example_dags/example_bash_operator.py
[2023-02-10T00:13:24.933+0000] {processor.py:743} INFO - Processing file /home/airflow/.local/lib/python3.7/site-packages/airflow/example_dags/example_bash_operator.py for tasks to queue
[2023-02-10T00:13:24.934+0000] {logging_mixin.py:137} INFO - [2023-02-10T00:13:24.934+0000] {dagbag.py:538} INFO - Filling up the DagBag from /home/airflow/.local/lib/python3.7/site-packages/airflow/example_dags/example_bash_operator.py
[2023-02-10T00:13:24.961+0000] {processor.py:753} INFO - DAG(s) dict_keys(['example_bash_operator']) retrieved from /home/airflow/.local/lib/python3.7/site-packages/airflow/example_dags/example_bash_operator.py
[2023-02-10T00:13:25.030+0000] {logging_mixin.py:137} INFO - [2023-02-10T00:13:25.030+0000] {dag.py:2690} INFO - Sync 1 DAGs
[2023-02-10T00:13:25.071+0000] {logging_mixin.py:137} INFO - [2023-02-10T00:13:25.071+0000] {dag.py:3441} INFO - Setting next_dagrun for example_bash_operator to 2023-02-09T00:00:00+00:00, run_after=2023-02-10T00:00:00+00:00
[2023-02-10T00:13:25.101+0000] {processor.py:175} INFO - Processing /home/airflow/.local/lib/python3.7/site-packages/airflow/example_dags/example_bash_operator.py took 0.173 seconds
