[2023-02-10T00:00:11.405+0000] {processor.py:153} INFO - Started process (PID=2564) to work on /home/airflow/.local/lib/python3.7/site-packages/airflow/example_dags/tutorial_dag.py
[2023-02-10T00:00:11.406+0000] {processor.py:743} INFO - Processing file /home/airflow/.local/lib/python3.7/site-packages/airflow/example_dags/tutorial_dag.py for tasks to queue
[2023-02-10T00:00:11.406+0000] {logging_mixin.py:137} INFO - [2023-02-10T00:00:11.406+0000] {dagbag.py:538} INFO - Filling up the DagBag from /home/airflow/.local/lib/python3.7/site-packages/airflow/example_dags/tutorial_dag.py
[2023-02-10T00:00:11.422+0000] {processor.py:753} INFO - DAG(s) dict_keys(['tutorial_dag']) retrieved from /home/airflow/.local/lib/python3.7/site-packages/airflow/example_dags/tutorial_dag.py
[2023-02-10T00:00:11.461+0000] {logging_mixin.py:137} INFO - [2023-02-10T00:00:11.461+0000] {dag.py:2690} INFO - Sync 1 DAGs
[2023-02-10T00:00:11.497+0000] {logging_mixin.py:137} INFO - [2023-02-10T00:00:11.497+0000] {dag.py:3441} INFO - Setting next_dagrun for tutorial_dag to None, run_after=None
[2023-02-10T00:00:11.535+0000] {processor.py:175} INFO - Processing /home/airflow/.local/lib/python3.7/site-packages/airflow/example_dags/tutorial_dag.py took 0.133 seconds
[2023-02-10T00:00:42.176+0000] {processor.py:153} INFO - Started process (PID=2639) to work on /home/airflow/.local/lib/python3.7/site-packages/airflow/example_dags/tutorial_dag.py
[2023-02-10T00:00:42.177+0000] {processor.py:743} INFO - Processing file /home/airflow/.local/lib/python3.7/site-packages/airflow/example_dags/tutorial_dag.py for tasks to queue
[2023-02-10T00:00:42.178+0000] {logging_mixin.py:137} INFO - [2023-02-10T00:00:42.178+0000] {dagbag.py:538} INFO - Filling up the DagBag from /home/airflow/.local/lib/python3.7/site-packages/airflow/example_dags/tutorial_dag.py
[2023-02-10T00:00:42.197+0000] {processor.py:753} INFO - DAG(s) dict_keys(['tutorial_dag']) retrieved from /home/airflow/.local/lib/python3.7/site-packages/airflow/example_dags/tutorial_dag.py
[2023-02-10T00:00:42.231+0000] {logging_mixin.py:137} INFO - [2023-02-10T00:00:42.230+0000] {dag.py:2690} INFO - Sync 1 DAGs
[2023-02-10T00:00:42.265+0000] {logging_mixin.py:137} INFO - [2023-02-10T00:00:42.265+0000] {dag.py:3441} INFO - Setting next_dagrun for tutorial_dag to None, run_after=None
[2023-02-10T00:00:42.291+0000] {processor.py:175} INFO - Processing /home/airflow/.local/lib/python3.7/site-packages/airflow/example_dags/tutorial_dag.py took 0.118 seconds
[2023-02-10T00:01:12.575+0000] {processor.py:153} INFO - Started process (PID=2710) to work on /home/airflow/.local/lib/python3.7/site-packages/airflow/example_dags/tutorial_dag.py
[2023-02-10T00:01:12.576+0000] {processor.py:743} INFO - Processing file /home/airflow/.local/lib/python3.7/site-packages/airflow/example_dags/tutorial_dag.py for tasks to queue
[2023-02-10T00:01:12.577+0000] {logging_mixin.py:137} INFO - [2023-02-10T00:01:12.577+0000] {dagbag.py:538} INFO - Filling up the DagBag from /home/airflow/.local/lib/python3.7/site-packages/airflow/example_dags/tutorial_dag.py
[2023-02-10T00:01:12.592+0000] {processor.py:753} INFO - DAG(s) dict_keys(['tutorial_dag']) retrieved from /home/airflow/.local/lib/python3.7/site-packages/airflow/example_dags/tutorial_dag.py
[2023-02-10T00:01:12.622+0000] {logging_mixin.py:137} INFO - [2023-02-10T00:01:12.621+0000] {dag.py:2690} INFO - Sync 1 DAGs
[2023-02-10T00:01:12.657+0000] {logging_mixin.py:137} INFO - [2023-02-10T00:01:12.656+0000] {dag.py:3441} INFO - Setting next_dagrun for tutorial_dag to None, run_after=None
[2023-02-10T00:01:12.684+0000] {processor.py:175} INFO - Processing /home/airflow/.local/lib/python3.7/site-packages/airflow/example_dags/tutorial_dag.py took 0.115 seconds
[2023-02-10T00:01:43.172+0000] {processor.py:153} INFO - Started process (PID=2778) to work on /home/airflow/.local/lib/python3.7/site-packages/airflow/example_dags/tutorial_dag.py
[2023-02-10T00:01:43.173+0000] {processor.py:743} INFO - Processing file /home/airflow/.local/lib/python3.7/site-packages/airflow/example_dags/tutorial_dag.py for tasks to queue
[2023-02-10T00:01:43.174+0000] {logging_mixin.py:137} INFO - [2023-02-10T00:01:43.174+0000] {dagbag.py:538} INFO - Filling up the DagBag from /home/airflow/.local/lib/python3.7/site-packages/airflow/example_dags/tutorial_dag.py
[2023-02-10T00:01:43.191+0000] {processor.py:753} INFO - DAG(s) dict_keys(['tutorial_dag']) retrieved from /home/airflow/.local/lib/python3.7/site-packages/airflow/example_dags/tutorial_dag.py
[2023-02-10T00:01:43.234+0000] {logging_mixin.py:137} INFO - [2023-02-10T00:01:43.234+0000] {dag.py:2690} INFO - Sync 1 DAGs
[2023-02-10T00:01:43.270+0000] {logging_mixin.py:137} INFO - [2023-02-10T00:01:43.270+0000] {dag.py:3441} INFO - Setting next_dagrun for tutorial_dag to None, run_after=None
[2023-02-10T00:01:43.300+0000] {processor.py:175} INFO - Processing /home/airflow/.local/lib/python3.7/site-packages/airflow/example_dags/tutorial_dag.py took 0.132 seconds
[2023-02-10T00:02:13.458+0000] {processor.py:153} INFO - Started process (PID=2845) to work on /home/airflow/.local/lib/python3.7/site-packages/airflow/example_dags/tutorial_dag.py
[2023-02-10T00:02:13.459+0000] {processor.py:743} INFO - Processing file /home/airflow/.local/lib/python3.7/site-packages/airflow/example_dags/tutorial_dag.py for tasks to queue
[2023-02-10T00:02:13.460+0000] {logging_mixin.py:137} INFO - [2023-02-10T00:02:13.460+0000] {dagbag.py:538} INFO - Filling up the DagBag from /home/airflow/.local/lib/python3.7/site-packages/airflow/example_dags/tutorial_dag.py
[2023-02-10T00:02:13.479+0000] {processor.py:753} INFO - DAG(s) dict_keys(['tutorial_dag']) retrieved from /home/airflow/.local/lib/python3.7/site-packages/airflow/example_dags/tutorial_dag.py
[2023-02-10T00:02:13.516+0000] {logging_mixin.py:137} INFO - [2023-02-10T00:02:13.516+0000] {dag.py:2690} INFO - Sync 1 DAGs
[2023-02-10T00:02:13.551+0000] {logging_mixin.py:137} INFO - [2023-02-10T00:02:13.551+0000] {dag.py:3441} INFO - Setting next_dagrun for tutorial_dag to None, run_after=None
[2023-02-10T00:02:13.577+0000] {processor.py:175} INFO - Processing /home/airflow/.local/lib/python3.7/site-packages/airflow/example_dags/tutorial_dag.py took 0.124 seconds
[2023-02-10T00:02:44.063+0000] {processor.py:153} INFO - Started process (PID=2928) to work on /home/airflow/.local/lib/python3.7/site-packages/airflow/example_dags/tutorial_dag.py
[2023-02-10T00:02:44.064+0000] {processor.py:743} INFO - Processing file /home/airflow/.local/lib/python3.7/site-packages/airflow/example_dags/tutorial_dag.py for tasks to queue
[2023-02-10T00:02:44.064+0000] {logging_mixin.py:137} INFO - [2023-02-10T00:02:44.064+0000] {dagbag.py:538} INFO - Filling up the DagBag from /home/airflow/.local/lib/python3.7/site-packages/airflow/example_dags/tutorial_dag.py
[2023-02-10T00:02:44.078+0000] {processor.py:753} INFO - DAG(s) dict_keys(['tutorial_dag']) retrieved from /home/airflow/.local/lib/python3.7/site-packages/airflow/example_dags/tutorial_dag.py
[2023-02-10T00:02:44.110+0000] {logging_mixin.py:137} INFO - [2023-02-10T00:02:44.110+0000] {dag.py:2690} INFO - Sync 1 DAGs
[2023-02-10T00:02:44.144+0000] {logging_mixin.py:137} INFO - [2023-02-10T00:02:44.144+0000] {dag.py:3441} INFO - Setting next_dagrun for tutorial_dag to None, run_after=None
[2023-02-10T00:02:44.171+0000] {processor.py:175} INFO - Processing /home/airflow/.local/lib/python3.7/site-packages/airflow/example_dags/tutorial_dag.py took 0.111 seconds
[2023-02-10T00:03:14.505+0000] {processor.py:153} INFO - Started process (PID=2997) to work on /home/airflow/.local/lib/python3.7/site-packages/airflow/example_dags/tutorial_dag.py
[2023-02-10T00:03:14.506+0000] {processor.py:743} INFO - Processing file /home/airflow/.local/lib/python3.7/site-packages/airflow/example_dags/tutorial_dag.py for tasks to queue
[2023-02-10T00:03:14.506+0000] {logging_mixin.py:137} INFO - [2023-02-10T00:03:14.506+0000] {dagbag.py:538} INFO - Filling up the DagBag from /home/airflow/.local/lib/python3.7/site-packages/airflow/example_dags/tutorial_dag.py
[2023-02-10T00:03:14.520+0000] {processor.py:753} INFO - DAG(s) dict_keys(['tutorial_dag']) retrieved from /home/airflow/.local/lib/python3.7/site-packages/airflow/example_dags/tutorial_dag.py
[2023-02-10T00:03:14.548+0000] {logging_mixin.py:137} INFO - [2023-02-10T00:03:14.548+0000] {dag.py:2690} INFO - Sync 1 DAGs
[2023-02-10T00:03:14.584+0000] {logging_mixin.py:137} INFO - [2023-02-10T00:03:14.583+0000] {dag.py:3441} INFO - Setting next_dagrun for tutorial_dag to None, run_after=None
[2023-02-10T00:03:14.609+0000] {processor.py:175} INFO - Processing /home/airflow/.local/lib/python3.7/site-packages/airflow/example_dags/tutorial_dag.py took 0.108 seconds
[2023-02-10T00:03:44.844+0000] {processor.py:153} INFO - Started process (PID=3065) to work on /home/airflow/.local/lib/python3.7/site-packages/airflow/example_dags/tutorial_dag.py
[2023-02-10T00:03:44.845+0000] {processor.py:743} INFO - Processing file /home/airflow/.local/lib/python3.7/site-packages/airflow/example_dags/tutorial_dag.py for tasks to queue
[2023-02-10T00:03:44.846+0000] {logging_mixin.py:137} INFO - [2023-02-10T00:03:44.846+0000] {dagbag.py:538} INFO - Filling up the DagBag from /home/airflow/.local/lib/python3.7/site-packages/airflow/example_dags/tutorial_dag.py
[2023-02-10T00:03:44.860+0000] {processor.py:753} INFO - DAG(s) dict_keys(['tutorial_dag']) retrieved from /home/airflow/.local/lib/python3.7/site-packages/airflow/example_dags/tutorial_dag.py
[2023-02-10T00:03:44.891+0000] {logging_mixin.py:137} INFO - [2023-02-10T00:03:44.891+0000] {dag.py:2690} INFO - Sync 1 DAGs
[2023-02-10T00:03:44.927+0000] {logging_mixin.py:137} INFO - [2023-02-10T00:03:44.927+0000] {dag.py:3441} INFO - Setting next_dagrun for tutorial_dag to None, run_after=None
[2023-02-10T00:03:44.967+0000] {processor.py:175} INFO - Processing /home/airflow/.local/lib/python3.7/site-packages/airflow/example_dags/tutorial_dag.py took 0.127 seconds
[2023-02-10T00:04:15.280+0000] {processor.py:153} INFO - Started process (PID=3147) to work on /home/airflow/.local/lib/python3.7/site-packages/airflow/example_dags/tutorial_dag.py
[2023-02-10T00:04:15.281+0000] {processor.py:743} INFO - Processing file /home/airflow/.local/lib/python3.7/site-packages/airflow/example_dags/tutorial_dag.py for tasks to queue
[2023-02-10T00:04:15.281+0000] {logging_mixin.py:137} INFO - [2023-02-10T00:04:15.281+0000] {dagbag.py:538} INFO - Filling up the DagBag from /home/airflow/.local/lib/python3.7/site-packages/airflow/example_dags/tutorial_dag.py
[2023-02-10T00:04:15.296+0000] {processor.py:753} INFO - DAG(s) dict_keys(['tutorial_dag']) retrieved from /home/airflow/.local/lib/python3.7/site-packages/airflow/example_dags/tutorial_dag.py
[2023-02-10T00:04:15.331+0000] {logging_mixin.py:137} INFO - [2023-02-10T00:04:15.330+0000] {dag.py:2690} INFO - Sync 1 DAGs
[2023-02-10T00:04:15.365+0000] {logging_mixin.py:137} INFO - [2023-02-10T00:04:15.365+0000] {dag.py:3441} INFO - Setting next_dagrun for tutorial_dag to None, run_after=None
[2023-02-10T00:04:15.393+0000] {processor.py:175} INFO - Processing /home/airflow/.local/lib/python3.7/site-packages/airflow/example_dags/tutorial_dag.py took 0.116 seconds
[2023-02-10T00:04:46.051+0000] {processor.py:153} INFO - Started process (PID=3215) to work on /home/airflow/.local/lib/python3.7/site-packages/airflow/example_dags/tutorial_dag.py
[2023-02-10T00:04:46.052+0000] {processor.py:743} INFO - Processing file /home/airflow/.local/lib/python3.7/site-packages/airflow/example_dags/tutorial_dag.py for tasks to queue
[2023-02-10T00:04:46.053+0000] {logging_mixin.py:137} INFO - [2023-02-10T00:04:46.053+0000] {dagbag.py:538} INFO - Filling up the DagBag from /home/airflow/.local/lib/python3.7/site-packages/airflow/example_dags/tutorial_dag.py
[2023-02-10T00:04:46.076+0000] {processor.py:753} INFO - DAG(s) dict_keys(['tutorial_dag']) retrieved from /home/airflow/.local/lib/python3.7/site-packages/airflow/example_dags/tutorial_dag.py
[2023-02-10T00:04:46.110+0000] {logging_mixin.py:137} INFO - [2023-02-10T00:04:46.110+0000] {dag.py:2690} INFO - Sync 1 DAGs
[2023-02-10T00:04:46.147+0000] {logging_mixin.py:137} INFO - [2023-02-10T00:04:46.147+0000] {dag.py:3441} INFO - Setting next_dagrun for tutorial_dag to None, run_after=None
[2023-02-10T00:04:46.174+0000] {processor.py:175} INFO - Processing /home/airflow/.local/lib/python3.7/site-packages/airflow/example_dags/tutorial_dag.py took 0.127 seconds
[2023-02-10T00:05:16.581+0000] {processor.py:153} INFO - Started process (PID=3281) to work on /home/airflow/.local/lib/python3.7/site-packages/airflow/example_dags/tutorial_dag.py
[2023-02-10T00:05:16.582+0000] {processor.py:743} INFO - Processing file /home/airflow/.local/lib/python3.7/site-packages/airflow/example_dags/tutorial_dag.py for tasks to queue
[2023-02-10T00:05:16.583+0000] {logging_mixin.py:137} INFO - [2023-02-10T00:05:16.583+0000] {dagbag.py:538} INFO - Filling up the DagBag from /home/airflow/.local/lib/python3.7/site-packages/airflow/example_dags/tutorial_dag.py
[2023-02-10T00:05:16.600+0000] {processor.py:753} INFO - DAG(s) dict_keys(['tutorial_dag']) retrieved from /home/airflow/.local/lib/python3.7/site-packages/airflow/example_dags/tutorial_dag.py
[2023-02-10T00:05:16.639+0000] {logging_mixin.py:137} INFO - [2023-02-10T00:05:16.638+0000] {dag.py:2690} INFO - Sync 1 DAGs
[2023-02-10T00:05:16.678+0000] {logging_mixin.py:137} INFO - [2023-02-10T00:05:16.677+0000] {dag.py:3441} INFO - Setting next_dagrun for tutorial_dag to None, run_after=None
[2023-02-10T00:05:16.706+0000] {processor.py:175} INFO - Processing /home/airflow/.local/lib/python3.7/site-packages/airflow/example_dags/tutorial_dag.py took 0.129 seconds
[2023-02-10T00:05:47.504+0000] {processor.py:153} INFO - Started process (PID=3365) to work on /home/airflow/.local/lib/python3.7/site-packages/airflow/example_dags/tutorial_dag.py
[2023-02-10T00:05:47.506+0000] {processor.py:743} INFO - Processing file /home/airflow/.local/lib/python3.7/site-packages/airflow/example_dags/tutorial_dag.py for tasks to queue
[2023-02-10T00:05:47.507+0000] {logging_mixin.py:137} INFO - [2023-02-10T00:05:47.506+0000] {dagbag.py:538} INFO - Filling up the DagBag from /home/airflow/.local/lib/python3.7/site-packages/airflow/example_dags/tutorial_dag.py
[2023-02-10T00:05:47.520+0000] {processor.py:753} INFO - DAG(s) dict_keys(['tutorial_dag']) retrieved from /home/airflow/.local/lib/python3.7/site-packages/airflow/example_dags/tutorial_dag.py
[2023-02-10T00:05:47.550+0000] {logging_mixin.py:137} INFO - [2023-02-10T00:05:47.550+0000] {dag.py:2690} INFO - Sync 1 DAGs
[2023-02-10T00:05:47.584+0000] {logging_mixin.py:137} INFO - [2023-02-10T00:05:47.584+0000] {dag.py:3441} INFO - Setting next_dagrun for tutorial_dag to None, run_after=None
[2023-02-10T00:05:47.610+0000] {processor.py:175} INFO - Processing /home/airflow/.local/lib/python3.7/site-packages/airflow/example_dags/tutorial_dag.py took 0.111 seconds
[2023-02-10T00:06:18.301+0000] {processor.py:153} INFO - Started process (PID=3434) to work on /home/airflow/.local/lib/python3.7/site-packages/airflow/example_dags/tutorial_dag.py
[2023-02-10T00:06:18.302+0000] {processor.py:743} INFO - Processing file /home/airflow/.local/lib/python3.7/site-packages/airflow/example_dags/tutorial_dag.py for tasks to queue
[2023-02-10T00:06:18.303+0000] {logging_mixin.py:137} INFO - [2023-02-10T00:06:18.303+0000] {dagbag.py:538} INFO - Filling up the DagBag from /home/airflow/.local/lib/python3.7/site-packages/airflow/example_dags/tutorial_dag.py
[2023-02-10T00:06:18.317+0000] {processor.py:753} INFO - DAG(s) dict_keys(['tutorial_dag']) retrieved from /home/airflow/.local/lib/python3.7/site-packages/airflow/example_dags/tutorial_dag.py
[2023-02-10T00:06:18.348+0000] {logging_mixin.py:137} INFO - [2023-02-10T00:06:18.348+0000] {dag.py:2690} INFO - Sync 1 DAGs
[2023-02-10T00:06:18.384+0000] {logging_mixin.py:137} INFO - [2023-02-10T00:06:18.384+0000] {dag.py:3441} INFO - Setting next_dagrun for tutorial_dag to None, run_after=None
[2023-02-10T00:06:18.418+0000] {processor.py:175} INFO - Processing /home/airflow/.local/lib/python3.7/site-packages/airflow/example_dags/tutorial_dag.py took 0.120 seconds
[2023-02-10T00:06:48.932+0000] {processor.py:153} INFO - Started process (PID=3503) to work on /home/airflow/.local/lib/python3.7/site-packages/airflow/example_dags/tutorial_dag.py
[2023-02-10T00:06:48.932+0000] {processor.py:743} INFO - Processing file /home/airflow/.local/lib/python3.7/site-packages/airflow/example_dags/tutorial_dag.py for tasks to queue
[2023-02-10T00:06:48.933+0000] {logging_mixin.py:137} INFO - [2023-02-10T00:06:48.933+0000] {dagbag.py:538} INFO - Filling up the DagBag from /home/airflow/.local/lib/python3.7/site-packages/airflow/example_dags/tutorial_dag.py
[2023-02-10T00:06:48.946+0000] {processor.py:753} INFO - DAG(s) dict_keys(['tutorial_dag']) retrieved from /home/airflow/.local/lib/python3.7/site-packages/airflow/example_dags/tutorial_dag.py
[2023-02-10T00:06:48.976+0000] {logging_mixin.py:137} INFO - [2023-02-10T00:06:48.976+0000] {dag.py:2690} INFO - Sync 1 DAGs
[2023-02-10T00:06:49.011+0000] {logging_mixin.py:137} INFO - [2023-02-10T00:06:49.011+0000] {dag.py:3441} INFO - Setting next_dagrun for tutorial_dag to None, run_after=None
[2023-02-10T00:06:49.039+0000] {processor.py:175} INFO - Processing /home/airflow/.local/lib/python3.7/site-packages/airflow/example_dags/tutorial_dag.py took 0.110 seconds
[2023-02-10T00:07:19.989+0000] {processor.py:153} INFO - Started process (PID=3586) to work on /home/airflow/.local/lib/python3.7/site-packages/airflow/example_dags/tutorial_dag.py
[2023-02-10T00:07:19.990+0000] {processor.py:743} INFO - Processing file /home/airflow/.local/lib/python3.7/site-packages/airflow/example_dags/tutorial_dag.py for tasks to queue
[2023-02-10T00:07:19.990+0000] {logging_mixin.py:137} INFO - [2023-02-10T00:07:19.990+0000] {dagbag.py:538} INFO - Filling up the DagBag from /home/airflow/.local/lib/python3.7/site-packages/airflow/example_dags/tutorial_dag.py
[2023-02-10T00:07:20.004+0000] {processor.py:753} INFO - DAG(s) dict_keys(['tutorial_dag']) retrieved from /home/airflow/.local/lib/python3.7/site-packages/airflow/example_dags/tutorial_dag.py
[2023-02-10T00:07:20.032+0000] {logging_mixin.py:137} INFO - [2023-02-10T00:07:20.032+0000] {dag.py:2690} INFO - Sync 1 DAGs
[2023-02-10T00:07:20.068+0000] {logging_mixin.py:137} INFO - [2023-02-10T00:07:20.068+0000] {dag.py:3441} INFO - Setting next_dagrun for tutorial_dag to None, run_after=None
[2023-02-10T00:07:20.093+0000] {processor.py:175} INFO - Processing /home/airflow/.local/lib/python3.7/site-packages/airflow/example_dags/tutorial_dag.py took 0.107 seconds
[2023-02-10T00:07:50.248+0000] {processor.py:153} INFO - Started process (PID=3654) to work on /home/airflow/.local/lib/python3.7/site-packages/airflow/example_dags/tutorial_dag.py
[2023-02-10T00:07:50.249+0000] {processor.py:743} INFO - Processing file /home/airflow/.local/lib/python3.7/site-packages/airflow/example_dags/tutorial_dag.py for tasks to queue
[2023-02-10T00:07:50.250+0000] {logging_mixin.py:137} INFO - [2023-02-10T00:07:50.249+0000] {dagbag.py:538} INFO - Filling up the DagBag from /home/airflow/.local/lib/python3.7/site-packages/airflow/example_dags/tutorial_dag.py
[2023-02-10T00:07:50.264+0000] {processor.py:753} INFO - DAG(s) dict_keys(['tutorial_dag']) retrieved from /home/airflow/.local/lib/python3.7/site-packages/airflow/example_dags/tutorial_dag.py
[2023-02-10T00:07:50.297+0000] {logging_mixin.py:137} INFO - [2023-02-10T00:07:50.296+0000] {dag.py:2690} INFO - Sync 1 DAGs
[2023-02-10T00:07:50.330+0000] {logging_mixin.py:137} INFO - [2023-02-10T00:07:50.330+0000] {dag.py:3441} INFO - Setting next_dagrun for tutorial_dag to None, run_after=None
[2023-02-10T00:07:50.356+0000] {processor.py:175} INFO - Processing /home/airflow/.local/lib/python3.7/site-packages/airflow/example_dags/tutorial_dag.py took 0.112 seconds
[2023-02-10T00:08:20.730+0000] {processor.py:153} INFO - Started process (PID=3723) to work on /home/airflow/.local/lib/python3.7/site-packages/airflow/example_dags/tutorial_dag.py
[2023-02-10T00:08:20.731+0000] {processor.py:743} INFO - Processing file /home/airflow/.local/lib/python3.7/site-packages/airflow/example_dags/tutorial_dag.py for tasks to queue
[2023-02-10T00:08:20.732+0000] {logging_mixin.py:137} INFO - [2023-02-10T00:08:20.732+0000] {dagbag.py:538} INFO - Filling up the DagBag from /home/airflow/.local/lib/python3.7/site-packages/airflow/example_dags/tutorial_dag.py
[2023-02-10T00:08:20.746+0000] {processor.py:753} INFO - DAG(s) dict_keys(['tutorial_dag']) retrieved from /home/airflow/.local/lib/python3.7/site-packages/airflow/example_dags/tutorial_dag.py
[2023-02-10T00:08:20.780+0000] {logging_mixin.py:137} INFO - [2023-02-10T00:08:20.780+0000] {dag.py:2690} INFO - Sync 1 DAGs
[2023-02-10T00:08:20.815+0000] {logging_mixin.py:137} INFO - [2023-02-10T00:08:20.814+0000] {dag.py:3441} INFO - Setting next_dagrun for tutorial_dag to None, run_after=None
[2023-02-10T00:08:20.839+0000] {processor.py:175} INFO - Processing /home/airflow/.local/lib/python3.7/site-packages/airflow/example_dags/tutorial_dag.py took 0.112 seconds
[2023-02-10T00:08:51.417+0000] {processor.py:153} INFO - Started process (PID=3804) to work on /home/airflow/.local/lib/python3.7/site-packages/airflow/example_dags/tutorial_dag.py
[2023-02-10T00:08:51.418+0000] {processor.py:743} INFO - Processing file /home/airflow/.local/lib/python3.7/site-packages/airflow/example_dags/tutorial_dag.py for tasks to queue
[2023-02-10T00:08:51.419+0000] {logging_mixin.py:137} INFO - [2023-02-10T00:08:51.419+0000] {dagbag.py:538} INFO - Filling up the DagBag from /home/airflow/.local/lib/python3.7/site-packages/airflow/example_dags/tutorial_dag.py
[2023-02-10T00:08:51.435+0000] {processor.py:753} INFO - DAG(s) dict_keys(['tutorial_dag']) retrieved from /home/airflow/.local/lib/python3.7/site-packages/airflow/example_dags/tutorial_dag.py
[2023-02-10T00:08:51.481+0000] {logging_mixin.py:137} INFO - [2023-02-10T00:08:51.480+0000] {dag.py:2690} INFO - Sync 1 DAGs
[2023-02-10T00:08:51.541+0000] {logging_mixin.py:137} INFO - [2023-02-10T00:08:51.540+0000] {dag.py:3441} INFO - Setting next_dagrun for tutorial_dag to None, run_after=None
[2023-02-10T00:08:51.568+0000] {processor.py:175} INFO - Processing /home/airflow/.local/lib/python3.7/site-packages/airflow/example_dags/tutorial_dag.py took 0.154 seconds
[2023-02-10T00:09:21.936+0000] {processor.py:153} INFO - Started process (PID=3872) to work on /home/airflow/.local/lib/python3.7/site-packages/airflow/example_dags/tutorial_dag.py
[2023-02-10T00:09:21.936+0000] {processor.py:743} INFO - Processing file /home/airflow/.local/lib/python3.7/site-packages/airflow/example_dags/tutorial_dag.py for tasks to queue
[2023-02-10T00:09:21.937+0000] {logging_mixin.py:137} INFO - [2023-02-10T00:09:21.937+0000] {dagbag.py:538} INFO - Filling up the DagBag from /home/airflow/.local/lib/python3.7/site-packages/airflow/example_dags/tutorial_dag.py
[2023-02-10T00:09:21.952+0000] {processor.py:753} INFO - DAG(s) dict_keys(['tutorial_dag']) retrieved from /home/airflow/.local/lib/python3.7/site-packages/airflow/example_dags/tutorial_dag.py
[2023-02-10T00:09:21.986+0000] {logging_mixin.py:137} INFO - [2023-02-10T00:09:21.986+0000] {dag.py:2690} INFO - Sync 1 DAGs
[2023-02-10T00:09:22.022+0000] {logging_mixin.py:137} INFO - [2023-02-10T00:09:22.022+0000] {dag.py:3441} INFO - Setting next_dagrun for tutorial_dag to None, run_after=None
[2023-02-10T00:09:22.049+0000] {processor.py:175} INFO - Processing /home/airflow/.local/lib/python3.7/site-packages/airflow/example_dags/tutorial_dag.py took 0.117 seconds
[2023-02-10T00:09:52.222+0000] {processor.py:153} INFO - Started process (PID=3939) to work on /home/airflow/.local/lib/python3.7/site-packages/airflow/example_dags/tutorial_dag.py
[2023-02-10T00:09:52.223+0000] {processor.py:743} INFO - Processing file /home/airflow/.local/lib/python3.7/site-packages/airflow/example_dags/tutorial_dag.py for tasks to queue
[2023-02-10T00:09:52.224+0000] {logging_mixin.py:137} INFO - [2023-02-10T00:09:52.224+0000] {dagbag.py:538} INFO - Filling up the DagBag from /home/airflow/.local/lib/python3.7/site-packages/airflow/example_dags/tutorial_dag.py
[2023-02-10T00:09:52.239+0000] {processor.py:753} INFO - DAG(s) dict_keys(['tutorial_dag']) retrieved from /home/airflow/.local/lib/python3.7/site-packages/airflow/example_dags/tutorial_dag.py
[2023-02-10T00:09:52.269+0000] {logging_mixin.py:137} INFO - [2023-02-10T00:09:52.269+0000] {dag.py:2690} INFO - Sync 1 DAGs
[2023-02-10T00:09:52.304+0000] {logging_mixin.py:137} INFO - [2023-02-10T00:09:52.304+0000] {dag.py:3441} INFO - Setting next_dagrun for tutorial_dag to None, run_after=None
[2023-02-10T00:09:52.329+0000] {processor.py:175} INFO - Processing /home/airflow/.local/lib/python3.7/site-packages/airflow/example_dags/tutorial_dag.py took 0.110 seconds
[2023-02-10T00:10:23.114+0000] {processor.py:153} INFO - Started process (PID=4017) to work on /home/airflow/.local/lib/python3.7/site-packages/airflow/example_dags/tutorial_dag.py
[2023-02-10T00:10:23.115+0000] {processor.py:743} INFO - Processing file /home/airflow/.local/lib/python3.7/site-packages/airflow/example_dags/tutorial_dag.py for tasks to queue
[2023-02-10T00:10:23.116+0000] {logging_mixin.py:137} INFO - [2023-02-10T00:10:23.115+0000] {dagbag.py:538} INFO - Filling up the DagBag from /home/airflow/.local/lib/python3.7/site-packages/airflow/example_dags/tutorial_dag.py
[2023-02-10T00:10:23.131+0000] {processor.py:753} INFO - DAG(s) dict_keys(['tutorial_dag']) retrieved from /home/airflow/.local/lib/python3.7/site-packages/airflow/example_dags/tutorial_dag.py
[2023-02-10T00:10:23.163+0000] {logging_mixin.py:137} INFO - [2023-02-10T00:10:23.163+0000] {dag.py:2690} INFO - Sync 1 DAGs
[2023-02-10T00:10:23.201+0000] {logging_mixin.py:137} INFO - [2023-02-10T00:10:23.201+0000] {dag.py:3441} INFO - Setting next_dagrun for tutorial_dag to None, run_after=None
[2023-02-10T00:10:23.235+0000] {processor.py:175} INFO - Processing /home/airflow/.local/lib/python3.7/site-packages/airflow/example_dags/tutorial_dag.py took 0.125 seconds
[2023-02-10T00:10:53.698+0000] {processor.py:153} INFO - Started process (PID=4090) to work on /home/airflow/.local/lib/python3.7/site-packages/airflow/example_dags/tutorial_dag.py
[2023-02-10T00:10:53.699+0000] {processor.py:743} INFO - Processing file /home/airflow/.local/lib/python3.7/site-packages/airflow/example_dags/tutorial_dag.py for tasks to queue
[2023-02-10T00:10:53.699+0000] {logging_mixin.py:137} INFO - [2023-02-10T00:10:53.699+0000] {dagbag.py:538} INFO - Filling up the DagBag from /home/airflow/.local/lib/python3.7/site-packages/airflow/example_dags/tutorial_dag.py
[2023-02-10T00:10:53.714+0000] {processor.py:753} INFO - DAG(s) dict_keys(['tutorial_dag']) retrieved from /home/airflow/.local/lib/python3.7/site-packages/airflow/example_dags/tutorial_dag.py
[2023-02-10T00:10:53.745+0000] {logging_mixin.py:137} INFO - [2023-02-10T00:10:53.745+0000] {dag.py:2690} INFO - Sync 1 DAGs
[2023-02-10T00:10:53.782+0000] {logging_mixin.py:137} INFO - [2023-02-10T00:10:53.782+0000] {dag.py:3441} INFO - Setting next_dagrun for tutorial_dag to None, run_after=None
[2023-02-10T00:10:53.816+0000] {processor.py:175} INFO - Processing /home/airflow/.local/lib/python3.7/site-packages/airflow/example_dags/tutorial_dag.py took 0.121 seconds
[2023-02-10T00:11:24.150+0000] {processor.py:153} INFO - Started process (PID=4157) to work on /home/airflow/.local/lib/python3.7/site-packages/airflow/example_dags/tutorial_dag.py
[2023-02-10T00:11:24.151+0000] {processor.py:743} INFO - Processing file /home/airflow/.local/lib/python3.7/site-packages/airflow/example_dags/tutorial_dag.py for tasks to queue
[2023-02-10T00:11:24.152+0000] {logging_mixin.py:137} INFO - [2023-02-10T00:11:24.151+0000] {dagbag.py:538} INFO - Filling up the DagBag from /home/airflow/.local/lib/python3.7/site-packages/airflow/example_dags/tutorial_dag.py
[2023-02-10T00:11:24.167+0000] {processor.py:753} INFO - DAG(s) dict_keys(['tutorial_dag']) retrieved from /home/airflow/.local/lib/python3.7/site-packages/airflow/example_dags/tutorial_dag.py
[2023-02-10T00:11:24.198+0000] {logging_mixin.py:137} INFO - [2023-02-10T00:11:24.198+0000] {dag.py:2690} INFO - Sync 1 DAGs
[2023-02-10T00:11:24.233+0000] {logging_mixin.py:137} INFO - [2023-02-10T00:11:24.233+0000] {dag.py:3441} INFO - Setting next_dagrun for tutorial_dag to None, run_after=None
[2023-02-10T00:11:24.260+0000] {processor.py:175} INFO - Processing /home/airflow/.local/lib/python3.7/site-packages/airflow/example_dags/tutorial_dag.py took 0.116 seconds
[2023-02-10T00:11:54.719+0000] {processor.py:153} INFO - Started process (PID=4235) to work on /home/airflow/.local/lib/python3.7/site-packages/airflow/example_dags/tutorial_dag.py
[2023-02-10T00:11:54.720+0000] {processor.py:743} INFO - Processing file /home/airflow/.local/lib/python3.7/site-packages/airflow/example_dags/tutorial_dag.py for tasks to queue
[2023-02-10T00:11:54.720+0000] {logging_mixin.py:137} INFO - [2023-02-10T00:11:54.720+0000] {dagbag.py:538} INFO - Filling up the DagBag from /home/airflow/.local/lib/python3.7/site-packages/airflow/example_dags/tutorial_dag.py
[2023-02-10T00:11:54.736+0000] {processor.py:753} INFO - DAG(s) dict_keys(['tutorial_dag']) retrieved from /home/airflow/.local/lib/python3.7/site-packages/airflow/example_dags/tutorial_dag.py
[2023-02-10T00:11:54.797+0000] {logging_mixin.py:137} INFO - [2023-02-10T00:11:54.796+0000] {dag.py:2690} INFO - Sync 1 DAGs
[2023-02-10T00:11:54.842+0000] {logging_mixin.py:137} INFO - [2023-02-10T00:11:54.842+0000] {dag.py:3441} INFO - Setting next_dagrun for tutorial_dag to None, run_after=None
[2023-02-10T00:11:54.871+0000] {processor.py:175} INFO - Processing /home/airflow/.local/lib/python3.7/site-packages/airflow/example_dags/tutorial_dag.py took 0.156 seconds
[2023-02-10T00:12:25.419+0000] {processor.py:153} INFO - Started process (PID=4308) to work on /home/airflow/.local/lib/python3.7/site-packages/airflow/example_dags/tutorial_dag.py
[2023-02-10T00:12:25.420+0000] {processor.py:743} INFO - Processing file /home/airflow/.local/lib/python3.7/site-packages/airflow/example_dags/tutorial_dag.py for tasks to queue
[2023-02-10T00:12:25.421+0000] {logging_mixin.py:137} INFO - [2023-02-10T00:12:25.420+0000] {dagbag.py:538} INFO - Filling up the DagBag from /home/airflow/.local/lib/python3.7/site-packages/airflow/example_dags/tutorial_dag.py
[2023-02-10T00:12:25.433+0000] {processor.py:753} INFO - DAG(s) dict_keys(['tutorial_dag']) retrieved from /home/airflow/.local/lib/python3.7/site-packages/airflow/example_dags/tutorial_dag.py
[2023-02-10T00:12:25.460+0000] {logging_mixin.py:137} INFO - [2023-02-10T00:12:25.460+0000] {dag.py:2690} INFO - Sync 1 DAGs
[2023-02-10T00:12:25.490+0000] {logging_mixin.py:137} INFO - [2023-02-10T00:12:25.490+0000] {dag.py:3441} INFO - Setting next_dagrun for tutorial_dag to None, run_after=None
[2023-02-10T00:12:25.512+0000] {processor.py:175} INFO - Processing /home/airflow/.local/lib/python3.7/site-packages/airflow/example_dags/tutorial_dag.py took 0.095 seconds
[2023-02-10T00:12:55.839+0000] {processor.py:153} INFO - Started process (PID=4376) to work on /home/airflow/.local/lib/python3.7/site-packages/airflow/example_dags/tutorial_dag.py
[2023-02-10T00:12:55.839+0000] {processor.py:743} INFO - Processing file /home/airflow/.local/lib/python3.7/site-packages/airflow/example_dags/tutorial_dag.py for tasks to queue
[2023-02-10T00:12:55.840+0000] {logging_mixin.py:137} INFO - [2023-02-10T00:12:55.840+0000] {dagbag.py:538} INFO - Filling up the DagBag from /home/airflow/.local/lib/python3.7/site-packages/airflow/example_dags/tutorial_dag.py
[2023-02-10T00:12:55.854+0000] {processor.py:753} INFO - DAG(s) dict_keys(['tutorial_dag']) retrieved from /home/airflow/.local/lib/python3.7/site-packages/airflow/example_dags/tutorial_dag.py
[2023-02-10T00:12:55.884+0000] {logging_mixin.py:137} INFO - [2023-02-10T00:12:55.883+0000] {dag.py:2690} INFO - Sync 1 DAGs
[2023-02-10T00:12:55.919+0000] {logging_mixin.py:137} INFO - [2023-02-10T00:12:55.919+0000] {dag.py:3441} INFO - Setting next_dagrun for tutorial_dag to None, run_after=None
[2023-02-10T00:12:55.945+0000] {processor.py:175} INFO - Processing /home/airflow/.local/lib/python3.7/site-packages/airflow/example_dags/tutorial_dag.py took 0.110 seconds
[2023-02-10T00:13:26.492+0000] {processor.py:153} INFO - Started process (PID=4443) to work on /home/airflow/.local/lib/python3.7/site-packages/airflow/example_dags/tutorial_dag.py
[2023-02-10T00:13:26.492+0000] {processor.py:743} INFO - Processing file /home/airflow/.local/lib/python3.7/site-packages/airflow/example_dags/tutorial_dag.py for tasks to queue
[2023-02-10T00:13:26.493+0000] {logging_mixin.py:137} INFO - [2023-02-10T00:13:26.493+0000] {dagbag.py:538} INFO - Filling up the DagBag from /home/airflow/.local/lib/python3.7/site-packages/airflow/example_dags/tutorial_dag.py
[2023-02-10T00:13:26.515+0000] {processor.py:753} INFO - DAG(s) dict_keys(['tutorial_dag']) retrieved from /home/airflow/.local/lib/python3.7/site-packages/airflow/example_dags/tutorial_dag.py
[2023-02-10T00:13:26.548+0000] {logging_mixin.py:137} INFO - [2023-02-10T00:13:26.548+0000] {dag.py:2690} INFO - Sync 1 DAGs
[2023-02-10T00:13:26.587+0000] {logging_mixin.py:137} INFO - [2023-02-10T00:13:26.586+0000] {dag.py:3441} INFO - Setting next_dagrun for tutorial_dag to None, run_after=None
[2023-02-10T00:13:26.615+0000] {processor.py:175} INFO - Processing /home/airflow/.local/lib/python3.7/site-packages/airflow/example_dags/tutorial_dag.py took 0.126 seconds
