[2023-02-10T00:00:09.945+0000] {processor.py:153} INFO - Started process (PID=2546) to work on /home/airflow/.local/lib/python3.7/site-packages/airflow/example_dags/tutorial.py
[2023-02-10T00:00:09.946+0000] {processor.py:743} INFO - Processing file /home/airflow/.local/lib/python3.7/site-packages/airflow/example_dags/tutorial.py for tasks to queue
[2023-02-10T00:00:09.947+0000] {logging_mixin.py:137} INFO - [2023-02-10T00:00:09.947+0000] {dagbag.py:538} INFO - Filling up the DagBag from /home/airflow/.local/lib/python3.7/site-packages/airflow/example_dags/tutorial.py
[2023-02-10T00:00:09.975+0000] {processor.py:753} INFO - DAG(s) dict_keys(['tutorial']) retrieved from /home/airflow/.local/lib/python3.7/site-packages/airflow/example_dags/tutorial.py
[2023-02-10T00:00:10.030+0000] {logging_mixin.py:137} INFO - [2023-02-10T00:00:10.030+0000] {dag.py:2690} INFO - Sync 1 DAGs
[2023-02-10T00:00:10.066+0000] {logging_mixin.py:137} INFO - [2023-02-10T00:00:10.065+0000] {dag.py:3441} INFO - Setting next_dagrun for tutorial to 2023-02-09T00:00:10.065548+00:00, run_after=2023-02-10T00:00:10.065548+00:00
[2023-02-10T00:00:10.091+0000] {processor.py:175} INFO - Processing /home/airflow/.local/lib/python3.7/site-packages/airflow/example_dags/tutorial.py took 0.151 seconds
[2023-02-10T00:00:40.603+0000] {processor.py:153} INFO - Started process (PID=2612) to work on /home/airflow/.local/lib/python3.7/site-packages/airflow/example_dags/tutorial.py
[2023-02-10T00:00:40.604+0000] {processor.py:743} INFO - Processing file /home/airflow/.local/lib/python3.7/site-packages/airflow/example_dags/tutorial.py for tasks to queue
[2023-02-10T00:00:40.605+0000] {logging_mixin.py:137} INFO - [2023-02-10T00:00:40.605+0000] {dagbag.py:538} INFO - Filling up the DagBag from /home/airflow/.local/lib/python3.7/site-packages/airflow/example_dags/tutorial.py
[2023-02-10T00:00:40.630+0000] {processor.py:753} INFO - DAG(s) dict_keys(['tutorial']) retrieved from /home/airflow/.local/lib/python3.7/site-packages/airflow/example_dags/tutorial.py
[2023-02-10T00:00:40.684+0000] {logging_mixin.py:137} INFO - [2023-02-10T00:00:40.683+0000] {dag.py:2690} INFO - Sync 1 DAGs
[2023-02-10T00:00:40.722+0000] {logging_mixin.py:137} INFO - [2023-02-10T00:00:40.721+0000] {dag.py:3441} INFO - Setting next_dagrun for tutorial to 2023-02-09T00:00:40.721658+00:00, run_after=2023-02-10T00:00:40.721658+00:00
[2023-02-10T00:00:40.753+0000] {processor.py:175} INFO - Processing /home/airflow/.local/lib/python3.7/site-packages/airflow/example_dags/tutorial.py took 0.154 seconds
[2023-02-10T00:01:11.161+0000] {processor.py:153} INFO - Started process (PID=2692) to work on /home/airflow/.local/lib/python3.7/site-packages/airflow/example_dags/tutorial.py
[2023-02-10T00:01:11.162+0000] {processor.py:743} INFO - Processing file /home/airflow/.local/lib/python3.7/site-packages/airflow/example_dags/tutorial.py for tasks to queue
[2023-02-10T00:01:11.163+0000] {logging_mixin.py:137} INFO - [2023-02-10T00:01:11.162+0000] {dagbag.py:538} INFO - Filling up the DagBag from /home/airflow/.local/lib/python3.7/site-packages/airflow/example_dags/tutorial.py
[2023-02-10T00:01:11.178+0000] {processor.py:753} INFO - DAG(s) dict_keys(['tutorial']) retrieved from /home/airflow/.local/lib/python3.7/site-packages/airflow/example_dags/tutorial.py
[2023-02-10T00:01:11.208+0000] {logging_mixin.py:137} INFO - [2023-02-10T00:01:11.208+0000] {dag.py:2690} INFO - Sync 1 DAGs
[2023-02-10T00:01:11.243+0000] {logging_mixin.py:137} INFO - [2023-02-10T00:01:11.243+0000] {dag.py:3441} INFO - Setting next_dagrun for tutorial to 2023-02-09T00:01:11.242752+00:00, run_after=2023-02-10T00:01:11.242752+00:00
[2023-02-10T00:01:11.272+0000] {processor.py:175} INFO - Processing /home/airflow/.local/lib/python3.7/site-packages/airflow/example_dags/tutorial.py took 0.114 seconds
[2023-02-10T00:01:41.751+0000] {processor.py:153} INFO - Started process (PID=2760) to work on /home/airflow/.local/lib/python3.7/site-packages/airflow/example_dags/tutorial.py
[2023-02-10T00:01:41.752+0000] {processor.py:743} INFO - Processing file /home/airflow/.local/lib/python3.7/site-packages/airflow/example_dags/tutorial.py for tasks to queue
[2023-02-10T00:01:41.753+0000] {logging_mixin.py:137} INFO - [2023-02-10T00:01:41.753+0000] {dagbag.py:538} INFO - Filling up the DagBag from /home/airflow/.local/lib/python3.7/site-packages/airflow/example_dags/tutorial.py
[2023-02-10T00:01:41.769+0000] {processor.py:753} INFO - DAG(s) dict_keys(['tutorial']) retrieved from /home/airflow/.local/lib/python3.7/site-packages/airflow/example_dags/tutorial.py
[2023-02-10T00:01:41.798+0000] {logging_mixin.py:137} INFO - [2023-02-10T00:01:41.798+0000] {dag.py:2690} INFO - Sync 1 DAGs
[2023-02-10T00:01:41.834+0000] {logging_mixin.py:137} INFO - [2023-02-10T00:01:41.834+0000] {dag.py:3441} INFO - Setting next_dagrun for tutorial to 2023-02-09T00:01:41.834520+00:00, run_after=2023-02-10T00:01:41.834520+00:00
[2023-02-10T00:01:41.863+0000] {processor.py:175} INFO - Processing /home/airflow/.local/lib/python3.7/site-packages/airflow/example_dags/tutorial.py took 0.116 seconds
[2023-02-10T00:02:12.092+0000] {processor.py:153} INFO - Started process (PID=2827) to work on /home/airflow/.local/lib/python3.7/site-packages/airflow/example_dags/tutorial.py
[2023-02-10T00:02:12.093+0000] {processor.py:743} INFO - Processing file /home/airflow/.local/lib/python3.7/site-packages/airflow/example_dags/tutorial.py for tasks to queue
[2023-02-10T00:02:12.094+0000] {logging_mixin.py:137} INFO - [2023-02-10T00:02:12.094+0000] {dagbag.py:538} INFO - Filling up the DagBag from /home/airflow/.local/lib/python3.7/site-packages/airflow/example_dags/tutorial.py
[2023-02-10T00:02:12.109+0000] {processor.py:753} INFO - DAG(s) dict_keys(['tutorial']) retrieved from /home/airflow/.local/lib/python3.7/site-packages/airflow/example_dags/tutorial.py
[2023-02-10T00:02:12.140+0000] {logging_mixin.py:137} INFO - [2023-02-10T00:02:12.140+0000] {dag.py:2690} INFO - Sync 1 DAGs
[2023-02-10T00:02:12.177+0000] {logging_mixin.py:137} INFO - [2023-02-10T00:02:12.177+0000] {dag.py:3441} INFO - Setting next_dagrun for tutorial to 2023-02-09T00:02:12.176874+00:00, run_after=2023-02-10T00:02:12.176874+00:00
[2023-02-10T00:02:12.203+0000] {processor.py:175} INFO - Processing /home/airflow/.local/lib/python3.7/site-packages/airflow/example_dags/tutorial.py took 0.113 seconds
[2023-02-10T00:02:42.546+0000] {processor.py:153} INFO - Started process (PID=2910) to work on /home/airflow/.local/lib/python3.7/site-packages/airflow/example_dags/tutorial.py
[2023-02-10T00:02:42.547+0000] {processor.py:743} INFO - Processing file /home/airflow/.local/lib/python3.7/site-packages/airflow/example_dags/tutorial.py for tasks to queue
[2023-02-10T00:02:42.548+0000] {logging_mixin.py:137} INFO - [2023-02-10T00:02:42.548+0000] {dagbag.py:538} INFO - Filling up the DagBag from /home/airflow/.local/lib/python3.7/site-packages/airflow/example_dags/tutorial.py
[2023-02-10T00:02:42.564+0000] {processor.py:753} INFO - DAG(s) dict_keys(['tutorial']) retrieved from /home/airflow/.local/lib/python3.7/site-packages/airflow/example_dags/tutorial.py
[2023-02-10T00:02:42.603+0000] {logging_mixin.py:137} INFO - [2023-02-10T00:02:42.603+0000] {dag.py:2690} INFO - Sync 1 DAGs
[2023-02-10T00:02:42.645+0000] {logging_mixin.py:137} INFO - [2023-02-10T00:02:42.644+0000] {dag.py:3441} INFO - Setting next_dagrun for tutorial to 2023-02-09T00:02:42.644688+00:00, run_after=2023-02-10T00:02:42.644688+00:00
[2023-02-10T00:02:42.672+0000] {processor.py:175} INFO - Processing /home/airflow/.local/lib/python3.7/site-packages/airflow/example_dags/tutorial.py took 0.128 seconds
[2023-02-10T00:03:13.012+0000] {processor.py:153} INFO - Started process (PID=2979) to work on /home/airflow/.local/lib/python3.7/site-packages/airflow/example_dags/tutorial.py
[2023-02-10T00:03:13.014+0000] {processor.py:743} INFO - Processing file /home/airflow/.local/lib/python3.7/site-packages/airflow/example_dags/tutorial.py for tasks to queue
[2023-02-10T00:03:13.015+0000] {logging_mixin.py:137} INFO - [2023-02-10T00:03:13.014+0000] {dagbag.py:538} INFO - Filling up the DagBag from /home/airflow/.local/lib/python3.7/site-packages/airflow/example_dags/tutorial.py
[2023-02-10T00:03:13.039+0000] {processor.py:753} INFO - DAG(s) dict_keys(['tutorial']) retrieved from /home/airflow/.local/lib/python3.7/site-packages/airflow/example_dags/tutorial.py
[2023-02-10T00:03:13.080+0000] {logging_mixin.py:137} INFO - [2023-02-10T00:03:13.080+0000] {dag.py:2690} INFO - Sync 1 DAGs
[2023-02-10T00:03:13.119+0000] {logging_mixin.py:137} INFO - [2023-02-10T00:03:13.119+0000] {dag.py:3441} INFO - Setting next_dagrun for tutorial to 2023-02-09T00:03:13.119439+00:00, run_after=2023-02-10T00:03:13.119439+00:00
[2023-02-10T00:03:13.148+0000] {processor.py:175} INFO - Processing /home/airflow/.local/lib/python3.7/site-packages/airflow/example_dags/tutorial.py took 0.142 seconds
[2023-02-10T00:03:43.404+0000] {processor.py:153} INFO - Started process (PID=3047) to work on /home/airflow/.local/lib/python3.7/site-packages/airflow/example_dags/tutorial.py
[2023-02-10T00:03:43.404+0000] {processor.py:743} INFO - Processing file /home/airflow/.local/lib/python3.7/site-packages/airflow/example_dags/tutorial.py for tasks to queue
[2023-02-10T00:03:43.405+0000] {logging_mixin.py:137} INFO - [2023-02-10T00:03:43.405+0000] {dagbag.py:538} INFO - Filling up the DagBag from /home/airflow/.local/lib/python3.7/site-packages/airflow/example_dags/tutorial.py
[2023-02-10T00:03:43.420+0000] {processor.py:753} INFO - DAG(s) dict_keys(['tutorial']) retrieved from /home/airflow/.local/lib/python3.7/site-packages/airflow/example_dags/tutorial.py
[2023-02-10T00:03:43.451+0000] {logging_mixin.py:137} INFO - [2023-02-10T00:03:43.451+0000] {dag.py:2690} INFO - Sync 1 DAGs
[2023-02-10T00:03:43.487+0000] {logging_mixin.py:137} INFO - [2023-02-10T00:03:43.487+0000] {dag.py:3441} INFO - Setting next_dagrun for tutorial to 2023-02-09T00:03:43.487378+00:00, run_after=2023-02-10T00:03:43.487378+00:00
[2023-02-10T00:03:43.513+0000] {processor.py:175} INFO - Processing /home/airflow/.local/lib/python3.7/site-packages/airflow/example_dags/tutorial.py took 0.112 seconds
[2023-02-10T00:04:13.782+0000] {processor.py:153} INFO - Started process (PID=3129) to work on /home/airflow/.local/lib/python3.7/site-packages/airflow/example_dags/tutorial.py
[2023-02-10T00:04:13.782+0000] {processor.py:743} INFO - Processing file /home/airflow/.local/lib/python3.7/site-packages/airflow/example_dags/tutorial.py for tasks to queue
[2023-02-10T00:04:13.783+0000] {logging_mixin.py:137} INFO - [2023-02-10T00:04:13.783+0000] {dagbag.py:538} INFO - Filling up the DagBag from /home/airflow/.local/lib/python3.7/site-packages/airflow/example_dags/tutorial.py
[2023-02-10T00:04:13.798+0000] {processor.py:753} INFO - DAG(s) dict_keys(['tutorial']) retrieved from /home/airflow/.local/lib/python3.7/site-packages/airflow/example_dags/tutorial.py
[2023-02-10T00:04:13.827+0000] {logging_mixin.py:137} INFO - [2023-02-10T00:04:13.827+0000] {dag.py:2690} INFO - Sync 1 DAGs
[2023-02-10T00:04:13.860+0000] {logging_mixin.py:137} INFO - [2023-02-10T00:04:13.860+0000] {dag.py:3441} INFO - Setting next_dagrun for tutorial to 2023-02-09T00:04:13.859988+00:00, run_after=2023-02-10T00:04:13.859988+00:00
[2023-02-10T00:04:13.885+0000] {processor.py:175} INFO - Processing /home/airflow/.local/lib/python3.7/site-packages/airflow/example_dags/tutorial.py took 0.106 seconds
[2023-02-10T00:04:44.478+0000] {processor.py:153} INFO - Started process (PID=3197) to work on /home/airflow/.local/lib/python3.7/site-packages/airflow/example_dags/tutorial.py
[2023-02-10T00:04:44.479+0000] {processor.py:743} INFO - Processing file /home/airflow/.local/lib/python3.7/site-packages/airflow/example_dags/tutorial.py for tasks to queue
[2023-02-10T00:04:44.480+0000] {logging_mixin.py:137} INFO - [2023-02-10T00:04:44.480+0000] {dagbag.py:538} INFO - Filling up the DagBag from /home/airflow/.local/lib/python3.7/site-packages/airflow/example_dags/tutorial.py
[2023-02-10T00:04:44.495+0000] {processor.py:753} INFO - DAG(s) dict_keys(['tutorial']) retrieved from /home/airflow/.local/lib/python3.7/site-packages/airflow/example_dags/tutorial.py
[2023-02-10T00:04:44.526+0000] {logging_mixin.py:137} INFO - [2023-02-10T00:04:44.525+0000] {dag.py:2690} INFO - Sync 1 DAGs
[2023-02-10T00:04:44.562+0000] {logging_mixin.py:137} INFO - [2023-02-10T00:04:44.562+0000] {dag.py:3441} INFO - Setting next_dagrun for tutorial to 2023-02-09T00:04:44.561920+00:00, run_after=2023-02-10T00:04:44.561920+00:00
[2023-02-10T00:04:44.590+0000] {processor.py:175} INFO - Processing /home/airflow/.local/lib/python3.7/site-packages/airflow/example_dags/tutorial.py took 0.115 seconds
[2023-02-10T00:05:14.961+0000] {processor.py:153} INFO - Started process (PID=3263) to work on /home/airflow/.local/lib/python3.7/site-packages/airflow/example_dags/tutorial.py
[2023-02-10T00:05:14.962+0000] {processor.py:743} INFO - Processing file /home/airflow/.local/lib/python3.7/site-packages/airflow/example_dags/tutorial.py for tasks to queue
[2023-02-10T00:05:14.962+0000] {logging_mixin.py:137} INFO - [2023-02-10T00:05:14.962+0000] {dagbag.py:538} INFO - Filling up the DagBag from /home/airflow/.local/lib/python3.7/site-packages/airflow/example_dags/tutorial.py
[2023-02-10T00:05:14.978+0000] {processor.py:753} INFO - DAG(s) dict_keys(['tutorial']) retrieved from /home/airflow/.local/lib/python3.7/site-packages/airflow/example_dags/tutorial.py
[2023-02-10T00:05:15.012+0000] {logging_mixin.py:137} INFO - [2023-02-10T00:05:15.011+0000] {dag.py:2690} INFO - Sync 1 DAGs
[2023-02-10T00:05:15.064+0000] {logging_mixin.py:137} INFO - [2023-02-10T00:05:15.063+0000] {dag.py:3441} INFO - Setting next_dagrun for tutorial to 2023-02-09T00:05:15.063484+00:00, run_after=2023-02-10T00:05:15.063484+00:00
[2023-02-10T00:05:15.096+0000] {processor.py:175} INFO - Processing /home/airflow/.local/lib/python3.7/site-packages/airflow/example_dags/tutorial.py took 0.140 seconds
[2023-02-10T00:05:45.839+0000] {processor.py:153} INFO - Started process (PID=3347) to work on /home/airflow/.local/lib/python3.7/site-packages/airflow/example_dags/tutorial.py
[2023-02-10T00:05:45.840+0000] {processor.py:743} INFO - Processing file /home/airflow/.local/lib/python3.7/site-packages/airflow/example_dags/tutorial.py for tasks to queue
[2023-02-10T00:05:45.840+0000] {logging_mixin.py:137} INFO - [2023-02-10T00:05:45.840+0000] {dagbag.py:538} INFO - Filling up the DagBag from /home/airflow/.local/lib/python3.7/site-packages/airflow/example_dags/tutorial.py
[2023-02-10T00:05:45.858+0000] {processor.py:753} INFO - DAG(s) dict_keys(['tutorial']) retrieved from /home/airflow/.local/lib/python3.7/site-packages/airflow/example_dags/tutorial.py
[2023-02-10T00:05:45.896+0000] {logging_mixin.py:137} INFO - [2023-02-10T00:05:45.895+0000] {dag.py:2690} INFO - Sync 1 DAGs
[2023-02-10T00:05:45.949+0000] {logging_mixin.py:137} INFO - [2023-02-10T00:05:45.949+0000] {dag.py:3441} INFO - Setting next_dagrun for tutorial to 2023-02-09T00:05:45.936434+00:00, run_after=2023-02-10T00:05:45.936434+00:00
[2023-02-10T00:05:46.003+0000] {processor.py:175} INFO - Processing /home/airflow/.local/lib/python3.7/site-packages/airflow/example_dags/tutorial.py took 0.167 seconds
[2023-02-10T00:06:16.550+0000] {processor.py:153} INFO - Started process (PID=3416) to work on /home/airflow/.local/lib/python3.7/site-packages/airflow/example_dags/tutorial.py
[2023-02-10T00:06:16.551+0000] {processor.py:743} INFO - Processing file /home/airflow/.local/lib/python3.7/site-packages/airflow/example_dags/tutorial.py for tasks to queue
[2023-02-10T00:06:16.552+0000] {logging_mixin.py:137} INFO - [2023-02-10T00:06:16.551+0000] {dagbag.py:538} INFO - Filling up the DagBag from /home/airflow/.local/lib/python3.7/site-packages/airflow/example_dags/tutorial.py
[2023-02-10T00:06:16.576+0000] {processor.py:753} INFO - DAG(s) dict_keys(['tutorial']) retrieved from /home/airflow/.local/lib/python3.7/site-packages/airflow/example_dags/tutorial.py
[2023-02-10T00:06:16.608+0000] {logging_mixin.py:137} INFO - [2023-02-10T00:06:16.607+0000] {dag.py:2690} INFO - Sync 1 DAGs
[2023-02-10T00:06:16.649+0000] {logging_mixin.py:137} INFO - [2023-02-10T00:06:16.648+0000] {dag.py:3441} INFO - Setting next_dagrun for tutorial to 2023-02-09T00:06:16.648687+00:00, run_after=2023-02-10T00:06:16.648687+00:00
[2023-02-10T00:06:16.682+0000] {processor.py:175} INFO - Processing /home/airflow/.local/lib/python3.7/site-packages/airflow/example_dags/tutorial.py took 0.137 seconds
[2023-02-10T00:06:47.522+0000] {processor.py:153} INFO - Started process (PID=3485) to work on /home/airflow/.local/lib/python3.7/site-packages/airflow/example_dags/tutorial.py
[2023-02-10T00:06:47.523+0000] {processor.py:743} INFO - Processing file /home/airflow/.local/lib/python3.7/site-packages/airflow/example_dags/tutorial.py for tasks to queue
[2023-02-10T00:06:47.524+0000] {logging_mixin.py:137} INFO - [2023-02-10T00:06:47.524+0000] {dagbag.py:538} INFO - Filling up the DagBag from /home/airflow/.local/lib/python3.7/site-packages/airflow/example_dags/tutorial.py
[2023-02-10T00:06:47.539+0000] {processor.py:753} INFO - DAG(s) dict_keys(['tutorial']) retrieved from /home/airflow/.local/lib/python3.7/site-packages/airflow/example_dags/tutorial.py
[2023-02-10T00:06:47.569+0000] {logging_mixin.py:137} INFO - [2023-02-10T00:06:47.569+0000] {dag.py:2690} INFO - Sync 1 DAGs
[2023-02-10T00:06:47.605+0000] {logging_mixin.py:137} INFO - [2023-02-10T00:06:47.605+0000] {dag.py:3441} INFO - Setting next_dagrun for tutorial to 2023-02-09T00:06:47.604310+00:00, run_after=2023-02-10T00:06:47.604310+00:00
[2023-02-10T00:06:47.634+0000] {processor.py:175} INFO - Processing /home/airflow/.local/lib/python3.7/site-packages/airflow/example_dags/tutorial.py took 0.115 seconds
[2023-02-10T00:07:18.280+0000] {processor.py:153} INFO - Started process (PID=3568) to work on /home/airflow/.local/lib/python3.7/site-packages/airflow/example_dags/tutorial.py
[2023-02-10T00:07:18.281+0000] {processor.py:743} INFO - Processing file /home/airflow/.local/lib/python3.7/site-packages/airflow/example_dags/tutorial.py for tasks to queue
[2023-02-10T00:07:18.282+0000] {logging_mixin.py:137} INFO - [2023-02-10T00:07:18.282+0000] {dagbag.py:538} INFO - Filling up the DagBag from /home/airflow/.local/lib/python3.7/site-packages/airflow/example_dags/tutorial.py
[2023-02-10T00:07:18.300+0000] {processor.py:753} INFO - DAG(s) dict_keys(['tutorial']) retrieved from /home/airflow/.local/lib/python3.7/site-packages/airflow/example_dags/tutorial.py
[2023-02-10T00:07:18.339+0000] {logging_mixin.py:137} INFO - [2023-02-10T00:07:18.338+0000] {dag.py:2690} INFO - Sync 1 DAGs
[2023-02-10T00:07:18.376+0000] {logging_mixin.py:137} INFO - [2023-02-10T00:07:18.376+0000] {dag.py:3441} INFO - Setting next_dagrun for tutorial to 2023-02-09T00:07:18.376113+00:00, run_after=2023-02-10T00:07:18.376113+00:00
[2023-02-10T00:07:18.405+0000] {processor.py:175} INFO - Processing /home/airflow/.local/lib/python3.7/site-packages/airflow/example_dags/tutorial.py took 0.128 seconds
[2023-02-10T00:07:48.820+0000] {processor.py:153} INFO - Started process (PID=3636) to work on /home/airflow/.local/lib/python3.7/site-packages/airflow/example_dags/tutorial.py
[2023-02-10T00:07:48.821+0000] {processor.py:743} INFO - Processing file /home/airflow/.local/lib/python3.7/site-packages/airflow/example_dags/tutorial.py for tasks to queue
[2023-02-10T00:07:48.822+0000] {logging_mixin.py:137} INFO - [2023-02-10T00:07:48.822+0000] {dagbag.py:538} INFO - Filling up the DagBag from /home/airflow/.local/lib/python3.7/site-packages/airflow/example_dags/tutorial.py
[2023-02-10T00:07:48.845+0000] {processor.py:753} INFO - DAG(s) dict_keys(['tutorial']) retrieved from /home/airflow/.local/lib/python3.7/site-packages/airflow/example_dags/tutorial.py
[2023-02-10T00:07:48.886+0000] {logging_mixin.py:137} INFO - [2023-02-10T00:07:48.885+0000] {dag.py:2690} INFO - Sync 1 DAGs
[2023-02-10T00:07:48.921+0000] {logging_mixin.py:137} INFO - [2023-02-10T00:07:48.921+0000] {dag.py:3441} INFO - Setting next_dagrun for tutorial to 2023-02-09T00:07:48.921379+00:00, run_after=2023-02-10T00:07:48.921379+00:00
[2023-02-10T00:07:48.948+0000] {processor.py:175} INFO - Processing /home/airflow/.local/lib/python3.7/site-packages/airflow/example_dags/tutorial.py took 0.133 seconds
[2023-02-10T00:08:19.197+0000] {processor.py:153} INFO - Started process (PID=3704) to work on /home/airflow/.local/lib/python3.7/site-packages/airflow/example_dags/tutorial.py
[2023-02-10T00:08:19.198+0000] {processor.py:743} INFO - Processing file /home/airflow/.local/lib/python3.7/site-packages/airflow/example_dags/tutorial.py for tasks to queue
[2023-02-10T00:08:19.199+0000] {logging_mixin.py:137} INFO - [2023-02-10T00:08:19.199+0000] {dagbag.py:538} INFO - Filling up the DagBag from /home/airflow/.local/lib/python3.7/site-packages/airflow/example_dags/tutorial.py
[2023-02-10T00:08:19.218+0000] {processor.py:753} INFO - DAG(s) dict_keys(['tutorial']) retrieved from /home/airflow/.local/lib/python3.7/site-packages/airflow/example_dags/tutorial.py
[2023-02-10T00:08:19.251+0000] {logging_mixin.py:137} INFO - [2023-02-10T00:08:19.250+0000] {dag.py:2690} INFO - Sync 1 DAGs
[2023-02-10T00:08:19.292+0000] {logging_mixin.py:137} INFO - [2023-02-10T00:08:19.291+0000] {dag.py:3441} INFO - Setting next_dagrun for tutorial to 2023-02-09T00:08:19.291396+00:00, run_after=2023-02-10T00:08:19.291396+00:00
[2023-02-10T00:08:19.322+0000] {processor.py:175} INFO - Processing /home/airflow/.local/lib/python3.7/site-packages/airflow/example_dags/tutorial.py took 0.128 seconds
[2023-02-10T00:08:49.650+0000] {processor.py:153} INFO - Started process (PID=3779) to work on /home/airflow/.local/lib/python3.7/site-packages/airflow/example_dags/tutorial.py
[2023-02-10T00:08:49.651+0000] {processor.py:743} INFO - Processing file /home/airflow/.local/lib/python3.7/site-packages/airflow/example_dags/tutorial.py for tasks to queue
[2023-02-10T00:08:49.652+0000] {logging_mixin.py:137} INFO - [2023-02-10T00:08:49.651+0000] {dagbag.py:538} INFO - Filling up the DagBag from /home/airflow/.local/lib/python3.7/site-packages/airflow/example_dags/tutorial.py
[2023-02-10T00:08:49.668+0000] {processor.py:753} INFO - DAG(s) dict_keys(['tutorial']) retrieved from /home/airflow/.local/lib/python3.7/site-packages/airflow/example_dags/tutorial.py
[2023-02-10T00:08:49.701+0000] {logging_mixin.py:137} INFO - [2023-02-10T00:08:49.701+0000] {dag.py:2690} INFO - Sync 1 DAGs
[2023-02-10T00:08:49.738+0000] {logging_mixin.py:137} INFO - [2023-02-10T00:08:49.738+0000] {dag.py:3441} INFO - Setting next_dagrun for tutorial to 2023-02-09T00:08:49.738148+00:00, run_after=2023-02-10T00:08:49.738148+00:00
[2023-02-10T00:08:49.769+0000] {processor.py:175} INFO - Processing /home/airflow/.local/lib/python3.7/site-packages/airflow/example_dags/tutorial.py took 0.123 seconds
[2023-02-10T00:09:20.514+0000] {processor.py:153} INFO - Started process (PID=3854) to work on /home/airflow/.local/lib/python3.7/site-packages/airflow/example_dags/tutorial.py
[2023-02-10T00:09:20.515+0000] {processor.py:743} INFO - Processing file /home/airflow/.local/lib/python3.7/site-packages/airflow/example_dags/tutorial.py for tasks to queue
[2023-02-10T00:09:20.516+0000] {logging_mixin.py:137} INFO - [2023-02-10T00:09:20.516+0000] {dagbag.py:538} INFO - Filling up the DagBag from /home/airflow/.local/lib/python3.7/site-packages/airflow/example_dags/tutorial.py
[2023-02-10T00:09:20.531+0000] {processor.py:753} INFO - DAG(s) dict_keys(['tutorial']) retrieved from /home/airflow/.local/lib/python3.7/site-packages/airflow/example_dags/tutorial.py
[2023-02-10T00:09:20.560+0000] {logging_mixin.py:137} INFO - [2023-02-10T00:09:20.560+0000] {dag.py:2690} INFO - Sync 1 DAGs
[2023-02-10T00:09:20.596+0000] {logging_mixin.py:137} INFO - [2023-02-10T00:09:20.596+0000] {dag.py:3441} INFO - Setting next_dagrun for tutorial to 2023-02-09T00:09:20.596463+00:00, run_after=2023-02-10T00:09:20.596463+00:00
[2023-02-10T00:09:20.625+0000] {processor.py:175} INFO - Processing /home/airflow/.local/lib/python3.7/site-packages/airflow/example_dags/tutorial.py took 0.113 seconds
[2023-02-10T00:09:50.775+0000] {processor.py:153} INFO - Started process (PID=3921) to work on /home/airflow/.local/lib/python3.7/site-packages/airflow/example_dags/tutorial.py
[2023-02-10T00:09:50.775+0000] {processor.py:743} INFO - Processing file /home/airflow/.local/lib/python3.7/site-packages/airflow/example_dags/tutorial.py for tasks to queue
[2023-02-10T00:09:50.776+0000] {logging_mixin.py:137} INFO - [2023-02-10T00:09:50.776+0000] {dagbag.py:538} INFO - Filling up the DagBag from /home/airflow/.local/lib/python3.7/site-packages/airflow/example_dags/tutorial.py
[2023-02-10T00:09:50.792+0000] {processor.py:753} INFO - DAG(s) dict_keys(['tutorial']) retrieved from /home/airflow/.local/lib/python3.7/site-packages/airflow/example_dags/tutorial.py
[2023-02-10T00:09:50.822+0000] {logging_mixin.py:137} INFO - [2023-02-10T00:09:50.821+0000] {dag.py:2690} INFO - Sync 1 DAGs
[2023-02-10T00:09:50.862+0000] {logging_mixin.py:137} INFO - [2023-02-10T00:09:50.862+0000] {dag.py:3441} INFO - Setting next_dagrun for tutorial to 2023-02-09T00:09:50.862177+00:00, run_after=2023-02-10T00:09:50.862177+00:00
[2023-02-10T00:09:50.892+0000] {processor.py:175} INFO - Processing /home/airflow/.local/lib/python3.7/site-packages/airflow/example_dags/tutorial.py took 0.121 seconds
[2023-02-10T00:10:21.406+0000] {processor.py:153} INFO - Started process (PID=3990) to work on /home/airflow/.local/lib/python3.7/site-packages/airflow/example_dags/tutorial.py
[2023-02-10T00:10:21.407+0000] {processor.py:743} INFO - Processing file /home/airflow/.local/lib/python3.7/site-packages/airflow/example_dags/tutorial.py for tasks to queue
[2023-02-10T00:10:21.408+0000] {logging_mixin.py:137} INFO - [2023-02-10T00:10:21.408+0000] {dagbag.py:538} INFO - Filling up the DagBag from /home/airflow/.local/lib/python3.7/site-packages/airflow/example_dags/tutorial.py
[2023-02-10T00:10:21.429+0000] {processor.py:753} INFO - DAG(s) dict_keys(['tutorial']) retrieved from /home/airflow/.local/lib/python3.7/site-packages/airflow/example_dags/tutorial.py
[2023-02-10T00:10:21.469+0000] {logging_mixin.py:137} INFO - [2023-02-10T00:10:21.469+0000] {dag.py:2690} INFO - Sync 1 DAGs
[2023-02-10T00:10:21.512+0000] {logging_mixin.py:137} INFO - [2023-02-10T00:10:21.512+0000] {dag.py:3441} INFO - Setting next_dagrun for tutorial to 2023-02-09T00:10:21.512164+00:00, run_after=2023-02-10T00:10:21.512164+00:00
[2023-02-10T00:10:21.548+0000] {processor.py:175} INFO - Processing /home/airflow/.local/lib/python3.7/site-packages/airflow/example_dags/tutorial.py took 0.147 seconds
[2023-02-10T00:10:52.031+0000] {processor.py:153} INFO - Started process (PID=4072) to work on /home/airflow/.local/lib/python3.7/site-packages/airflow/example_dags/tutorial.py
[2023-02-10T00:10:52.032+0000] {processor.py:743} INFO - Processing file /home/airflow/.local/lib/python3.7/site-packages/airflow/example_dags/tutorial.py for tasks to queue
[2023-02-10T00:10:52.032+0000] {logging_mixin.py:137} INFO - [2023-02-10T00:10:52.032+0000] {dagbag.py:538} INFO - Filling up the DagBag from /home/airflow/.local/lib/python3.7/site-packages/airflow/example_dags/tutorial.py
[2023-02-10T00:10:52.048+0000] {processor.py:753} INFO - DAG(s) dict_keys(['tutorial']) retrieved from /home/airflow/.local/lib/python3.7/site-packages/airflow/example_dags/tutorial.py
[2023-02-10T00:10:52.079+0000] {logging_mixin.py:137} INFO - [2023-02-10T00:10:52.078+0000] {dag.py:2690} INFO - Sync 1 DAGs
[2023-02-10T00:10:52.116+0000] {logging_mixin.py:137} INFO - [2023-02-10T00:10:52.116+0000] {dag.py:3441} INFO - Setting next_dagrun for tutorial to 2023-02-09T00:10:52.116153+00:00, run_after=2023-02-10T00:10:52.116153+00:00
[2023-02-10T00:10:52.141+0000] {processor.py:175} INFO - Processing /home/airflow/.local/lib/python3.7/site-packages/airflow/example_dags/tutorial.py took 0.115 seconds
[2023-02-10T00:11:22.643+0000] {processor.py:153} INFO - Started process (PID=4139) to work on /home/airflow/.local/lib/python3.7/site-packages/airflow/example_dags/tutorial.py
[2023-02-10T00:11:22.643+0000] {processor.py:743} INFO - Processing file /home/airflow/.local/lib/python3.7/site-packages/airflow/example_dags/tutorial.py for tasks to queue
[2023-02-10T00:11:22.644+0000] {logging_mixin.py:137} INFO - [2023-02-10T00:11:22.644+0000] {dagbag.py:538} INFO - Filling up the DagBag from /home/airflow/.local/lib/python3.7/site-packages/airflow/example_dags/tutorial.py
[2023-02-10T00:11:22.660+0000] {processor.py:753} INFO - DAG(s) dict_keys(['tutorial']) retrieved from /home/airflow/.local/lib/python3.7/site-packages/airflow/example_dags/tutorial.py
[2023-02-10T00:11:22.691+0000] {logging_mixin.py:137} INFO - [2023-02-10T00:11:22.691+0000] {dag.py:2690} INFO - Sync 1 DAGs
[2023-02-10T00:11:22.728+0000] {logging_mixin.py:137} INFO - [2023-02-10T00:11:22.728+0000] {dag.py:3441} INFO - Setting next_dagrun for tutorial to 2023-02-09T00:11:22.727976+00:00, run_after=2023-02-10T00:11:22.727976+00:00
[2023-02-10T00:11:22.756+0000] {processor.py:175} INFO - Processing /home/airflow/.local/lib/python3.7/site-packages/airflow/example_dags/tutorial.py took 0.117 seconds
[2023-02-10T00:11:52.967+0000] {processor.py:153} INFO - Started process (PID=4208) to work on /home/airflow/.local/lib/python3.7/site-packages/airflow/example_dags/tutorial.py
[2023-02-10T00:11:52.968+0000] {processor.py:743} INFO - Processing file /home/airflow/.local/lib/python3.7/site-packages/airflow/example_dags/tutorial.py for tasks to queue
[2023-02-10T00:11:52.969+0000] {logging_mixin.py:137} INFO - [2023-02-10T00:11:52.969+0000] {dagbag.py:538} INFO - Filling up the DagBag from /home/airflow/.local/lib/python3.7/site-packages/airflow/example_dags/tutorial.py
[2023-02-10T00:11:52.986+0000] {processor.py:753} INFO - DAG(s) dict_keys(['tutorial']) retrieved from /home/airflow/.local/lib/python3.7/site-packages/airflow/example_dags/tutorial.py
[2023-02-10T00:11:53.019+0000] {logging_mixin.py:137} INFO - [2023-02-10T00:11:53.019+0000] {dag.py:2690} INFO - Sync 1 DAGs
[2023-02-10T00:11:53.056+0000] {logging_mixin.py:137} INFO - [2023-02-10T00:11:53.056+0000] {dag.py:3441} INFO - Setting next_dagrun for tutorial to 2023-02-09T00:11:53.056416+00:00, run_after=2023-02-10T00:11:53.056416+00:00
[2023-02-10T00:11:53.087+0000] {processor.py:175} INFO - Processing /home/airflow/.local/lib/python3.7/site-packages/airflow/example_dags/tutorial.py took 0.124 seconds
[2023-02-10T00:12:23.816+0000] {processor.py:153} INFO - Started process (PID=4290) to work on /home/airflow/.local/lib/python3.7/site-packages/airflow/example_dags/tutorial.py
[2023-02-10T00:12:23.817+0000] {processor.py:743} INFO - Processing file /home/airflow/.local/lib/python3.7/site-packages/airflow/example_dags/tutorial.py for tasks to queue
[2023-02-10T00:12:23.817+0000] {logging_mixin.py:137} INFO - [2023-02-10T00:12:23.817+0000] {dagbag.py:538} INFO - Filling up the DagBag from /home/airflow/.local/lib/python3.7/site-packages/airflow/example_dags/tutorial.py
[2023-02-10T00:12:23.833+0000] {processor.py:753} INFO - DAG(s) dict_keys(['tutorial']) retrieved from /home/airflow/.local/lib/python3.7/site-packages/airflow/example_dags/tutorial.py
[2023-02-10T00:12:23.862+0000] {logging_mixin.py:137} INFO - [2023-02-10T00:12:23.862+0000] {dag.py:2690} INFO - Sync 1 DAGs
[2023-02-10T00:12:23.900+0000] {logging_mixin.py:137} INFO - [2023-02-10T00:12:23.899+0000] {dag.py:3441} INFO - Setting next_dagrun for tutorial to 2023-02-09T00:12:23.899516+00:00, run_after=2023-02-10T00:12:23.899516+00:00
[2023-02-10T00:12:23.930+0000] {processor.py:175} INFO - Processing /home/airflow/.local/lib/python3.7/site-packages/airflow/example_dags/tutorial.py took 0.117 seconds
[2023-02-10T00:12:54.244+0000] {processor.py:153} INFO - Started process (PID=4358) to work on /home/airflow/.local/lib/python3.7/site-packages/airflow/example_dags/tutorial.py
[2023-02-10T00:12:54.244+0000] {processor.py:743} INFO - Processing file /home/airflow/.local/lib/python3.7/site-packages/airflow/example_dags/tutorial.py for tasks to queue
[2023-02-10T00:12:54.245+0000] {logging_mixin.py:137} INFO - [2023-02-10T00:12:54.245+0000] {dagbag.py:538} INFO - Filling up the DagBag from /home/airflow/.local/lib/python3.7/site-packages/airflow/example_dags/tutorial.py
[2023-02-10T00:12:54.260+0000] {processor.py:753} INFO - DAG(s) dict_keys(['tutorial']) retrieved from /home/airflow/.local/lib/python3.7/site-packages/airflow/example_dags/tutorial.py
[2023-02-10T00:12:54.291+0000] {logging_mixin.py:137} INFO - [2023-02-10T00:12:54.291+0000] {dag.py:2690} INFO - Sync 1 DAGs
[2023-02-10T00:12:54.332+0000] {logging_mixin.py:137} INFO - [2023-02-10T00:12:54.331+0000] {dag.py:3441} INFO - Setting next_dagrun for tutorial to 2023-02-09T00:12:54.331712+00:00, run_after=2023-02-10T00:12:54.331712+00:00
[2023-02-10T00:12:54.358+0000] {processor.py:175} INFO - Processing /home/airflow/.local/lib/python3.7/site-packages/airflow/example_dags/tutorial.py took 0.117 seconds
[2023-02-10T00:13:24.898+0000] {processor.py:153} INFO - Started process (PID=4425) to work on /home/airflow/.local/lib/python3.7/site-packages/airflow/example_dags/tutorial.py
[2023-02-10T00:13:24.899+0000] {processor.py:743} INFO - Processing file /home/airflow/.local/lib/python3.7/site-packages/airflow/example_dags/tutorial.py for tasks to queue
[2023-02-10T00:13:24.900+0000] {logging_mixin.py:137} INFO - [2023-02-10T00:13:24.900+0000] {dagbag.py:538} INFO - Filling up the DagBag from /home/airflow/.local/lib/python3.7/site-packages/airflow/example_dags/tutorial.py
[2023-02-10T00:13:24.918+0000] {processor.py:753} INFO - DAG(s) dict_keys(['tutorial']) retrieved from /home/airflow/.local/lib/python3.7/site-packages/airflow/example_dags/tutorial.py
[2023-02-10T00:13:24.949+0000] {logging_mixin.py:137} INFO - [2023-02-10T00:13:24.949+0000] {dag.py:2690} INFO - Sync 1 DAGs
[2023-02-10T00:13:24.985+0000] {logging_mixin.py:137} INFO - [2023-02-10T00:13:24.985+0000] {dag.py:3441} INFO - Setting next_dagrun for tutorial to 2023-02-09T00:13:24.985090+00:00, run_after=2023-02-10T00:13:24.985090+00:00
[2023-02-10T00:13:25.019+0000] {processor.py:175} INFO - Processing /home/airflow/.local/lib/python3.7/site-packages/airflow/example_dags/tutorial.py took 0.124 seconds
