[2023-02-10T00:36:06.568+0000] {taskinstance.py:1083} INFO - Dependencies all met for <TaskInstance: our_first_dagv2.first_task scheduled__2023-02-09T00:36:00+00:00 [queued]>
[2023-02-10T00:36:06.578+0000] {taskinstance.py:1083} INFO - Dependencies all met for <TaskInstance: our_first_dagv2.first_task scheduled__2023-02-09T00:36:00+00:00 [queued]>
[2023-02-10T00:36:06.578+0000] {taskinstance.py:1279} INFO - 
--------------------------------------------------------------------------------
[2023-02-10T00:36:06.578+0000] {taskinstance.py:1280} INFO - Starting attempt 1 of 6
[2023-02-10T00:36:06.578+0000] {taskinstance.py:1281} INFO - 
--------------------------------------------------------------------------------
[2023-02-10T00:36:06.590+0000] {taskinstance.py:1300} INFO - Executing <Task(BashOperator): first_task> on 2023-02-09 00:36:00+00:00
[2023-02-10T00:36:06.596+0000] {standard_task_runner.py:55} INFO - Started process 1420 to run task
[2023-02-10T00:36:06.599+0000] {standard_task_runner.py:82} INFO - Running: ['***', 'tasks', 'run', 'our_first_dagv2', 'first_task', 'scheduled__2023-02-09T00:36:00+00:00', '--job-id', '10', '--raw', '--subdir', 'DAGS_FOLDER/hello.py', '--cfg-path', '/tmp/tmpnwgrb87d']
[2023-02-10T00:36:06.599+0000] {standard_task_runner.py:83} INFO - Job 10: Subtask first_task
[2023-02-10T00:36:06.652+0000] {task_command.py:388} INFO - Running <TaskInstance: our_first_dagv2.first_task scheduled__2023-02-09T00:36:00+00:00 [running]> on host aaaa5399c063
[2023-02-10T00:36:06.717+0000] {taskinstance.py:1509} INFO - Exporting the following env vars:
AIRFLOW_CTX_DAG_OWNER=naufal
AIRFLOW_CTX_DAG_ID=our_first_dagv2
AIRFLOW_CTX_TASK_ID=first_task
AIRFLOW_CTX_EXECUTION_DATE=2023-02-09T00:36:00+00:00
AIRFLOW_CTX_TRY_NUMBER=1
AIRFLOW_CTX_DAG_RUN_ID=scheduled__2023-02-09T00:36:00+00:00
[2023-02-10T00:36:06.720+0000] {subprocess.py:63} INFO - Tmp dir root location: 
 /tmp
[2023-02-10T00:36:06.720+0000] {subprocess.py:75} INFO - Running command: ['/bin/bash', '-c', 'echo hello, i am the first task']
[2023-02-10T00:36:06.733+0000] {subprocess.py:86} INFO - Output:
[2023-02-10T00:36:06.736+0000] {subprocess.py:93} INFO - hello, i am the first task
[2023-02-10T00:36:06.737+0000] {subprocess.py:97} INFO - Command exited with return code 0
[2023-02-10T00:36:06.762+0000] {taskinstance.py:1323} INFO - Marking task as SUCCESS. dag_id=our_first_dagv2, task_id=first_task, execution_date=20230209T003600, start_date=20230210T003606, end_date=20230210T003606
[2023-02-10T00:36:06.810+0000] {local_task_job.py:208} INFO - Task exited with return code 0
[2023-02-10T00:36:06.831+0000] {taskinstance.py:2578} INFO - 2 downstream tasks scheduled from follow-on schedule check
