[2023-02-12T04:00:09.068+0000] {taskinstance.py:1083} INFO - Dependencies all met for <TaskInstance: dag_taskflow_apiv1.greeting scheduled__2023-02-10T15:52:00+00:00 [queued]>
[2023-02-12T04:00:09.077+0000] {taskinstance.py:1083} INFO - Dependencies all met for <TaskInstance: dag_taskflow_apiv1.greeting scheduled__2023-02-10T15:52:00+00:00 [queued]>
[2023-02-12T04:00:09.078+0000] {taskinstance.py:1279} INFO - 
--------------------------------------------------------------------------------
[2023-02-12T04:00:09.078+0000] {taskinstance.py:1280} INFO - Starting attempt 1 of 6
[2023-02-12T04:00:09.078+0000] {taskinstance.py:1281} INFO - 
--------------------------------------------------------------------------------
[2023-02-12T04:00:09.090+0000] {taskinstance.py:1300} INFO - Executing <Task(_PythonDecoratedOperator): greeting> on 2023-02-10 15:52:00+00:00
[2023-02-12T04:00:09.094+0000] {standard_task_runner.py:55} INFO - Started process 58 to run task
[2023-02-12T04:00:09.096+0000] {standard_task_runner.py:82} INFO - Running: ['***', 'tasks', 'run', 'dag_taskflow_apiv1', 'greeting', 'scheduled__2023-02-10T15:52:00+00:00', '--job-id', '91', '--raw', '--subdir', 'DAGS_FOLDER/dag_taskflow_api.py', '--cfg-path', '/tmp/tmpy0qiztaw']
[2023-02-12T04:00:09.096+0000] {standard_task_runner.py:83} INFO - Job 91: Subtask greeting
[2023-02-12T04:00:09.154+0000] {task_command.py:388} INFO - Running <TaskInstance: dag_taskflow_apiv1.greeting scheduled__2023-02-10T15:52:00+00:00 [running]> on host 227aa417ae8e
[2023-02-12T04:00:09.273+0000] {taskinstance.py:1509} INFO - Exporting the following env vars:
AIRFLOW_CTX_DAG_OWNER=naufal
AIRFLOW_CTX_DAG_ID=dag_taskflow_apiv1
AIRFLOW_CTX_TASK_ID=greeting
AIRFLOW_CTX_EXECUTION_DATE=2023-02-10T15:52:00+00:00
AIRFLOW_CTX_TRY_NUMBER=1
AIRFLOW_CTX_DAG_RUN_ID=scheduled__2023-02-10T15:52:00+00:00
[2023-02-12T04:00:09.274+0000] {logging_mixin.py:137} INFO - Hello Jeffrey Bezoz, Your age is 59
[2023-02-12T04:00:09.274+0000] {python.py:177} INFO - Done. Returned value was: None
[2023-02-12T04:00:09.288+0000] {taskinstance.py:1323} INFO - Marking task as SUCCESS. dag_id=dag_taskflow_apiv1, task_id=greeting, execution_date=20230210T155200, start_date=20230212T040009, end_date=20230212T040009
[2023-02-12T04:00:09.312+0000] {local_task_job.py:208} INFO - Task exited with return code 0
[2023-02-12T04:00:09.348+0000] {taskinstance.py:2578} INFO - 0 downstream tasks scheduled from follow-on schedule check
