[2023-02-10T15:33:25.389+0000] {taskinstance.py:1083} INFO - Dependencies all met for <TaskInstance: dag_taskflow_apiv1.get_name scheduled__2023-02-09T15:33:00+00:00 [queued]>
[2023-02-10T15:33:25.412+0000] {taskinstance.py:1083} INFO - Dependencies all met for <TaskInstance: dag_taskflow_apiv1.get_name scheduled__2023-02-09T15:33:00+00:00 [queued]>
[2023-02-10T15:33:25.412+0000] {taskinstance.py:1279} INFO - 
--------------------------------------------------------------------------------
[2023-02-10T15:33:25.412+0000] {taskinstance.py:1280} INFO - Starting attempt 1 of 6
[2023-02-10T15:33:25.413+0000] {taskinstance.py:1281} INFO - 
--------------------------------------------------------------------------------
[2023-02-10T15:33:25.442+0000] {taskinstance.py:1300} INFO - Executing <Task(_PythonDecoratedOperator): get_name> on 2023-02-09 15:33:00+00:00
[2023-02-10T15:33:25.455+0000] {standard_task_runner.py:55} INFO - Started process 112 to run task
[2023-02-10T15:33:25.459+0000] {standard_task_runner.py:82} INFO - Running: ['***', 'tasks', 'run', 'dag_taskflow_apiv1', 'get_name', 'scheduled__2023-02-09T15:33:00+00:00', '--job-id', '32', '--raw', '--subdir', 'DAGS_FOLDER/dag_taskflow_api.py', '--cfg-path', '/tmp/tmp74oaaz2m']
[2023-02-10T15:33:25.462+0000] {standard_task_runner.py:83} INFO - Job 32: Subtask get_name
[2023-02-10T15:33:25.609+0000] {task_command.py:388} INFO - Running <TaskInstance: dag_taskflow_apiv1.get_name scheduled__2023-02-09T15:33:00+00:00 [running]> on host 7ea2dc2d8d86
[2023-02-10T15:33:25.752+0000] {taskinstance.py:1509} INFO - Exporting the following env vars:
AIRFLOW_CTX_DAG_OWNER=naufal
AIRFLOW_CTX_DAG_ID=dag_taskflow_apiv1
AIRFLOW_CTX_TASK_ID=get_name
AIRFLOW_CTX_EXECUTION_DATE=2023-02-09T15:33:00+00:00
AIRFLOW_CTX_TRY_NUMBER=1
AIRFLOW_CTX_DAG_RUN_ID=scheduled__2023-02-09T15:33:00+00:00
[2023-02-10T15:33:25.754+0000] {python.py:177} INFO - Done. Returned value was: Jeffrey Bezoz
[2023-02-10T15:33:25.793+0000] {taskinstance.py:1323} INFO - Marking task as SUCCESS. dag_id=dag_taskflow_apiv1, task_id=get_name, execution_date=20230209T153300, start_date=20230210T153325, end_date=20230210T153325
[2023-02-10T15:33:25.835+0000] {local_task_job.py:208} INFO - Task exited with return code 0
[2023-02-10T15:33:25.866+0000] {taskinstance.py:2578} INFO - 1 downstream tasks scheduled from follow-on schedule check
