[2023-02-12T04:00:08.485+0000] {taskinstance.py:1083} INFO - Dependencies all met for <TaskInstance: dag_taskflow_apiv1.get_name scheduled__2023-02-10T15:52:00+00:00 [queued]>
[2023-02-12T04:00:08.494+0000] {taskinstance.py:1083} INFO - Dependencies all met for <TaskInstance: dag_taskflow_apiv1.get_name scheduled__2023-02-10T15:52:00+00:00 [queued]>
[2023-02-12T04:00:08.494+0000] {taskinstance.py:1279} INFO - 
--------------------------------------------------------------------------------
[2023-02-12T04:00:08.494+0000] {taskinstance.py:1280} INFO - Starting attempt 1 of 6
[2023-02-12T04:00:08.494+0000] {taskinstance.py:1281} INFO - 
--------------------------------------------------------------------------------
[2023-02-12T04:00:08.507+0000] {taskinstance.py:1300} INFO - Executing <Task(_PythonDecoratedOperator): get_name> on 2023-02-10 15:52:00+00:00
[2023-02-12T04:00:08.511+0000] {standard_task_runner.py:55} INFO - Started process 55 to run task
[2023-02-12T04:00:08.514+0000] {standard_task_runner.py:82} INFO - Running: ['***', 'tasks', 'run', 'dag_taskflow_apiv1', 'get_name', 'scheduled__2023-02-10T15:52:00+00:00', '--job-id', '89', '--raw', '--subdir', 'DAGS_FOLDER/dag_taskflow_api.py', '--cfg-path', '/tmp/tmpkpmxt6eh']
[2023-02-12T04:00:08.514+0000] {standard_task_runner.py:83} INFO - Job 89: Subtask get_name
[2023-02-12T04:00:08.567+0000] {task_command.py:388} INFO - Running <TaskInstance: dag_taskflow_apiv1.get_name scheduled__2023-02-10T15:52:00+00:00 [running]> on host 227aa417ae8e
[2023-02-12T04:00:08.642+0000] {taskinstance.py:1509} INFO - Exporting the following env vars:
AIRFLOW_CTX_DAG_OWNER=naufal
AIRFLOW_CTX_DAG_ID=dag_taskflow_apiv1
AIRFLOW_CTX_TASK_ID=get_name
AIRFLOW_CTX_EXECUTION_DATE=2023-02-10T15:52:00+00:00
AIRFLOW_CTX_TRY_NUMBER=1
AIRFLOW_CTX_DAG_RUN_ID=scheduled__2023-02-10T15:52:00+00:00
[2023-02-12T04:00:08.643+0000] {python.py:177} INFO - Done. Returned value was: {'first_name': 'Jeffrey', 'last_name': 'Bezoz'}
[2023-02-12T04:00:08.689+0000] {taskinstance.py:1323} INFO - Marking task as SUCCESS. dag_id=dag_taskflow_apiv1, task_id=get_name, execution_date=20230210T155200, start_date=20230212T040008, end_date=20230212T040008
[2023-02-12T04:00:08.725+0000] {local_task_job.py:208} INFO - Task exited with return code 0
[2023-02-12T04:00:08.752+0000] {taskinstance.py:2578} INFO - 0 downstream tasks scheduled from follow-on schedule check
