[2023-02-10T00:23:03.345+0000] {taskinstance.py:1083} INFO - Dependencies all met for <TaskInstance: our_first_dag.third_task scheduled__2023-02-09T00:21:00+00:00 [queued]>
[2023-02-10T00:23:03.357+0000] {taskinstance.py:1083} INFO - Dependencies all met for <TaskInstance: our_first_dag.third_task scheduled__2023-02-09T00:21:00+00:00 [queued]>
[2023-02-10T00:23:03.357+0000] {taskinstance.py:1279} INFO - 
--------------------------------------------------------------------------------
[2023-02-10T00:23:03.357+0000] {taskinstance.py:1280} INFO - Starting attempt 1 of 6
[2023-02-10T00:23:03.357+0000] {taskinstance.py:1281} INFO - 
--------------------------------------------------------------------------------
[2023-02-10T00:23:03.370+0000] {taskinstance.py:1300} INFO - Executing <Task(BashOperator): third_task> on 2023-02-09 00:21:00+00:00
[2023-02-10T00:23:03.377+0000] {standard_task_runner.py:55} INFO - Started process 493 to run task
[2023-02-10T00:23:03.380+0000] {standard_task_runner.py:82} INFO - Running: ['***', 'tasks', 'run', 'our_first_dag', 'third_task', 'scheduled__2023-02-09T00:21:00+00:00', '--job-id', '9', '--raw', '--subdir', 'DAGS_FOLDER/hello.py', '--cfg-path', '/tmp/tmp05pqd76x']
[2023-02-10T00:23:03.380+0000] {standard_task_runner.py:83} INFO - Job 9: Subtask third_task
[2023-02-10T00:23:03.447+0000] {task_command.py:388} INFO - Running <TaskInstance: our_first_dag.third_task scheduled__2023-02-09T00:21:00+00:00 [running]> on host aaaa5399c063
[2023-02-10T00:23:03.526+0000] {taskinstance.py:1509} INFO - Exporting the following env vars:
AIRFLOW_CTX_DAG_OWNER=naufal
AIRFLOW_CTX_DAG_ID=our_first_dag
AIRFLOW_CTX_TASK_ID=third_task
AIRFLOW_CTX_EXECUTION_DATE=2023-02-09T00:21:00+00:00
AIRFLOW_CTX_TRY_NUMBER=1
AIRFLOW_CTX_DAG_RUN_ID=scheduled__2023-02-09T00:21:00+00:00
[2023-02-10T00:23:03.527+0000] {subprocess.py:63} INFO - Tmp dir root location: 
 /tmp
[2023-02-10T00:23:03.527+0000] {subprocess.py:75} INFO - Running command: ['/bin/bash', '-c', 'echo hello, i am the third task']
[2023-02-10T00:23:03.539+0000] {subprocess.py:86} INFO - Output:
[2023-02-10T00:23:03.541+0000] {subprocess.py:93} INFO - hello, i am the third task
[2023-02-10T00:23:03.541+0000] {subprocess.py:97} INFO - Command exited with return code 0
[2023-02-10T00:23:03.565+0000] {taskinstance.py:1323} INFO - Marking task as SUCCESS. dag_id=our_first_dag, task_id=third_task, execution_date=20230209T002100, start_date=20230210T002303, end_date=20230210T002303
[2023-02-10T00:23:03.591+0000] {local_task_job.py:208} INFO - Task exited with return code 0
[2023-02-10T00:23:03.608+0000] {taskinstance.py:2578} INFO - 0 downstream tasks scheduled from follow-on schedule check
