[2023-02-10T02:36:00.868+0000] {taskinstance.py:1083} INFO - Dependencies all met for <TaskInstance: dag_with_xcom.name_admin scheduled__2023-02-09T02:36:00+00:00 [queued]>
[2023-02-10T02:36:00.879+0000] {taskinstance.py:1083} INFO - Dependencies all met for <TaskInstance: dag_with_xcom.name_admin scheduled__2023-02-09T02:36:00+00:00 [queued]>
[2023-02-10T02:36:00.879+0000] {taskinstance.py:1279} INFO - 
--------------------------------------------------------------------------------
[2023-02-10T02:36:00.879+0000] {taskinstance.py:1280} INFO - Starting attempt 1 of 6
[2023-02-10T02:36:00.879+0000] {taskinstance.py:1281} INFO - 
--------------------------------------------------------------------------------
[2023-02-10T02:36:00.892+0000] {taskinstance.py:1300} INFO - Executing <Task(PythonOperator): name_admin> on 2023-02-09 02:36:00+00:00
[2023-02-10T02:36:00.898+0000] {standard_task_runner.py:55} INFO - Started process 7017 to run task
[2023-02-10T02:36:00.901+0000] {standard_task_runner.py:82} INFO - Running: ['***', 'tasks', 'run', 'dag_with_xcom', 'name_admin', 'scheduled__2023-02-09T02:36:00+00:00', '--job-id', '25', '--raw', '--subdir', 'DAGS_FOLDER/dag_with_xcom.py', '--cfg-path', '/tmp/tmp9bhz6zeg']
[2023-02-10T02:36:00.901+0000] {standard_task_runner.py:83} INFO - Job 25: Subtask name_admin
[2023-02-10T02:36:00.956+0000] {task_command.py:388} INFO - Running <TaskInstance: dag_with_xcom.name_admin scheduled__2023-02-09T02:36:00+00:00 [running]> on host aaaa5399c063
[2023-02-10T02:36:01.029+0000] {taskinstance.py:1509} INFO - Exporting the following env vars:
AIRFLOW_CTX_DAG_OWNER=naufal
AIRFLOW_CTX_DAG_ID=dag_with_xcom
AIRFLOW_CTX_TASK_ID=name_admin
AIRFLOW_CTX_EXECUTION_DATE=2023-02-09T02:36:00+00:00
AIRFLOW_CTX_TRY_NUMBER=1
AIRFLOW_CTX_DAG_RUN_ID=scheduled__2023-02-09T02:36:00+00:00
[2023-02-10T02:36:01.050+0000] {python.py:177} INFO - Done. Returned value was: None
[2023-02-10T02:36:01.059+0000] {taskinstance.py:1323} INFO - Marking task as SUCCESS. dag_id=dag_with_xcom, task_id=name_admin, execution_date=20230209T023600, start_date=20230210T023600, end_date=20230210T023601
[2023-02-10T02:36:01.113+0000] {local_task_job.py:208} INFO - Task exited with return code 0
[2023-02-10T02:36:01.130+0000] {taskinstance.py:2578} INFO - 0 downstream tasks scheduled from follow-on schedule check
