[2023-02-10T15:32:35.532+0000] {processor.py:153} INFO - Started process (PID=36) to work on /opt/airflow/dags/dag_taskflow_api.py
[2023-02-10T15:32:35.533+0000] {processor.py:743} INFO - Processing file /opt/airflow/dags/dag_taskflow_api.py for tasks to queue
[2023-02-10T15:32:35.547+0000] {logging_mixin.py:137} INFO - [2023-02-10T15:32:35.547+0000] {dagbag.py:538} INFO - Filling up the DagBag from /opt/airflow/dags/dag_taskflow_api.py
[2023-02-10T15:32:36.205+0000] {processor.py:753} INFO - DAG(s) dict_keys(['dag_taskflow_apiv1']) retrieved from /opt/airflow/dags/dag_taskflow_api.py
[2023-02-10T15:32:38.722+0000] {logging_mixin.py:137} INFO - [2023-02-10T15:32:38.722+0000] {manager.py:504} INFO - Created Permission View: can read on DAG:dag_taskflow_apiv1
[2023-02-10T15:32:38.744+0000] {logging_mixin.py:137} INFO - [2023-02-10T15:32:38.744+0000] {manager.py:504} INFO - Created Permission View: can edit on DAG:dag_taskflow_apiv1
[2023-02-10T15:32:38.758+0000] {logging_mixin.py:137} INFO - [2023-02-10T15:32:38.758+0000] {manager.py:504} INFO - Created Permission View: can delete on DAG:dag_taskflow_apiv1
[2023-02-10T15:32:38.758+0000] {logging_mixin.py:137} INFO - [2023-02-10T15:32:38.758+0000] {dag.py:2690} INFO - Sync 1 DAGs
[2023-02-10T15:32:38.772+0000] {logging_mixin.py:137} INFO - [2023-02-10T15:32:38.772+0000] {dag.py:2711} INFO - Creating ORM DAG for dag_taskflow_apiv1
[2023-02-10T15:32:38.785+0000] {logging_mixin.py:137} INFO - [2023-02-10T15:32:38.785+0000] {dag.py:3441} INFO - Setting next_dagrun for dag_taskflow_apiv1 to 2023-02-09T15:33:00+00:00, run_after=2023-02-10T15:33:00+00:00
[2023-02-10T15:32:38.818+0000] {processor.py:175} INFO - Processing /opt/airflow/dags/dag_taskflow_api.py took 3.288 seconds
[2023-02-10T15:33:09.045+0000] {processor.py:153} INFO - Started process (PID=83) to work on /opt/airflow/dags/dag_taskflow_api.py
[2023-02-10T15:33:09.047+0000] {processor.py:743} INFO - Processing file /opt/airflow/dags/dag_taskflow_api.py for tasks to queue
[2023-02-10T15:33:09.048+0000] {logging_mixin.py:137} INFO - [2023-02-10T15:33:09.048+0000] {dagbag.py:538} INFO - Filling up the DagBag from /opt/airflow/dags/dag_taskflow_api.py
[2023-02-10T15:33:09.088+0000] {processor.py:753} INFO - DAG(s) dict_keys(['dag_taskflow_apiv1']) retrieved from /opt/airflow/dags/dag_taskflow_api.py
[2023-02-10T15:33:09.127+0000] {logging_mixin.py:137} INFO - [2023-02-10T15:33:09.127+0000] {dag.py:2690} INFO - Sync 1 DAGs
[2023-02-10T15:33:09.182+0000] {logging_mixin.py:137} INFO - [2023-02-10T15:33:09.181+0000] {dag.py:3441} INFO - Setting next_dagrun for dag_taskflow_apiv1 to 2023-02-09T15:33:00+00:00, run_after=2023-02-10T15:33:00+00:00
[2023-02-10T15:33:09.218+0000] {processor.py:175} INFO - Processing /opt/airflow/dags/dag_taskflow_api.py took 0.180 seconds
[2023-02-10T15:33:39.614+0000] {processor.py:153} INFO - Started process (PID=119) to work on /opt/airflow/dags/dag_taskflow_api.py
[2023-02-10T15:33:39.616+0000] {processor.py:743} INFO - Processing file /opt/airflow/dags/dag_taskflow_api.py for tasks to queue
[2023-02-10T15:33:39.616+0000] {logging_mixin.py:137} INFO - [2023-02-10T15:33:39.616+0000] {dagbag.py:538} INFO - Filling up the DagBag from /opt/airflow/dags/dag_taskflow_api.py
[2023-02-10T15:33:39.654+0000] {processor.py:753} INFO - DAG(s) dict_keys(['dag_taskflow_apiv1']) retrieved from /opt/airflow/dags/dag_taskflow_api.py
[2023-02-10T15:33:39.688+0000] {logging_mixin.py:137} INFO - [2023-02-10T15:33:39.688+0000] {dag.py:2690} INFO - Sync 1 DAGs
[2023-02-10T15:33:39.733+0000] {logging_mixin.py:137} INFO - [2023-02-10T15:33:39.733+0000] {dag.py:3441} INFO - Setting next_dagrun for dag_taskflow_apiv1 to 2023-02-10T15:33:00+00:00, run_after=2023-02-11T15:33:00+00:00
[2023-02-10T15:33:39.764+0000] {processor.py:175} INFO - Processing /opt/airflow/dags/dag_taskflow_api.py took 0.154 seconds
[2023-02-10T15:34:10.157+0000] {processor.py:153} INFO - Started process (PID=153) to work on /opt/airflow/dags/dag_taskflow_api.py
[2023-02-10T15:34:10.158+0000] {processor.py:743} INFO - Processing file /opt/airflow/dags/dag_taskflow_api.py for tasks to queue
[2023-02-10T15:34:10.159+0000] {logging_mixin.py:137} INFO - [2023-02-10T15:34:10.159+0000] {dagbag.py:538} INFO - Filling up the DagBag from /opt/airflow/dags/dag_taskflow_api.py
[2023-02-10T15:34:10.198+0000] {processor.py:753} INFO - DAG(s) dict_keys(['dag_taskflow_apiv1']) retrieved from /opt/airflow/dags/dag_taskflow_api.py
[2023-02-10T15:34:10.241+0000] {logging_mixin.py:137} INFO - [2023-02-10T15:34:10.240+0000] {dag.py:2690} INFO - Sync 1 DAGs
[2023-02-10T15:34:10.293+0000] {logging_mixin.py:137} INFO - [2023-02-10T15:34:10.292+0000] {dag.py:3441} INFO - Setting next_dagrun for dag_taskflow_apiv1 to 2023-02-10T15:33:00+00:00, run_after=2023-02-11T15:33:00+00:00
[2023-02-10T15:34:10.343+0000] {processor.py:175} INFO - Processing /opt/airflow/dags/dag_taskflow_api.py took 0.191 seconds
[2023-02-10T15:34:40.781+0000] {processor.py:153} INFO - Started process (PID=198) to work on /opt/airflow/dags/dag_taskflow_api.py
[2023-02-10T15:34:40.783+0000] {processor.py:743} INFO - Processing file /opt/airflow/dags/dag_taskflow_api.py for tasks to queue
[2023-02-10T15:34:40.784+0000] {logging_mixin.py:137} INFO - [2023-02-10T15:34:40.784+0000] {dagbag.py:538} INFO - Filling up the DagBag from /opt/airflow/dags/dag_taskflow_api.py
[2023-02-10T15:34:40.820+0000] {processor.py:753} INFO - DAG(s) dict_keys(['dag_taskflow_apiv1']) retrieved from /opt/airflow/dags/dag_taskflow_api.py
[2023-02-10T15:34:40.855+0000] {logging_mixin.py:137} INFO - [2023-02-10T15:34:40.855+0000] {dag.py:2690} INFO - Sync 1 DAGs
[2023-02-10T15:34:40.913+0000] {logging_mixin.py:137} INFO - [2023-02-10T15:34:40.912+0000] {dag.py:3441} INFO - Setting next_dagrun for dag_taskflow_apiv1 to 2023-02-10T15:33:00+00:00, run_after=2023-02-11T15:33:00+00:00
[2023-02-10T15:34:40.945+0000] {processor.py:175} INFO - Processing /opt/airflow/dags/dag_taskflow_api.py took 0.169 seconds
[2023-02-10T15:35:11.303+0000] {processor.py:153} INFO - Started process (PID=230) to work on /opt/airflow/dags/dag_taskflow_api.py
[2023-02-10T15:35:11.316+0000] {processor.py:743} INFO - Processing file /opt/airflow/dags/dag_taskflow_api.py for tasks to queue
[2023-02-10T15:35:11.318+0000] {logging_mixin.py:137} INFO - [2023-02-10T15:35:11.317+0000] {dagbag.py:538} INFO - Filling up the DagBag from /opt/airflow/dags/dag_taskflow_api.py
[2023-02-10T15:35:11.357+0000] {processor.py:753} INFO - DAG(s) dict_keys(['dag_taskflow_apiv1']) retrieved from /opt/airflow/dags/dag_taskflow_api.py
[2023-02-10T15:35:11.397+0000] {logging_mixin.py:137} INFO - [2023-02-10T15:35:11.397+0000] {dag.py:2690} INFO - Sync 1 DAGs
[2023-02-10T15:35:11.441+0000] {logging_mixin.py:137} INFO - [2023-02-10T15:35:11.441+0000] {dag.py:3441} INFO - Setting next_dagrun for dag_taskflow_apiv1 to 2023-02-10T15:33:00+00:00, run_after=2023-02-11T15:33:00+00:00
[2023-02-10T15:35:11.485+0000] {processor.py:175} INFO - Processing /opt/airflow/dags/dag_taskflow_api.py took 0.186 seconds
[2023-02-10T15:35:41.866+0000] {processor.py:153} INFO - Started process (PID=262) to work on /opt/airflow/dags/dag_taskflow_api.py
[2023-02-10T15:35:41.868+0000] {processor.py:743} INFO - Processing file /opt/airflow/dags/dag_taskflow_api.py for tasks to queue
[2023-02-10T15:35:41.869+0000] {logging_mixin.py:137} INFO - [2023-02-10T15:35:41.868+0000] {dagbag.py:538} INFO - Filling up the DagBag from /opt/airflow/dags/dag_taskflow_api.py
[2023-02-10T15:35:41.911+0000] {processor.py:753} INFO - DAG(s) dict_keys(['dag_taskflow_apiv1']) retrieved from /opt/airflow/dags/dag_taskflow_api.py
[2023-02-10T15:35:41.942+0000] {logging_mixin.py:137} INFO - [2023-02-10T15:35:41.942+0000] {dag.py:2690} INFO - Sync 1 DAGs
[2023-02-10T15:35:41.999+0000] {logging_mixin.py:137} INFO - [2023-02-10T15:35:41.998+0000] {dag.py:3441} INFO - Setting next_dagrun for dag_taskflow_apiv1 to 2023-02-10T15:33:00+00:00, run_after=2023-02-11T15:33:00+00:00
[2023-02-10T15:35:42.027+0000] {processor.py:175} INFO - Processing /opt/airflow/dags/dag_taskflow_api.py took 0.164 seconds
[2023-02-10T15:36:12.352+0000] {processor.py:153} INFO - Started process (PID=310) to work on /opt/airflow/dags/dag_taskflow_api.py
[2023-02-10T15:36:12.363+0000] {processor.py:743} INFO - Processing file /opt/airflow/dags/dag_taskflow_api.py for tasks to queue
[2023-02-10T15:36:12.364+0000] {logging_mixin.py:137} INFO - [2023-02-10T15:36:12.364+0000] {dagbag.py:538} INFO - Filling up the DagBag from /opt/airflow/dags/dag_taskflow_api.py
[2023-02-10T15:36:12.415+0000] {processor.py:753} INFO - DAG(s) dict_keys(['dag_taskflow_apiv1']) retrieved from /opt/airflow/dags/dag_taskflow_api.py
[2023-02-10T15:36:12.461+0000] {logging_mixin.py:137} INFO - [2023-02-10T15:36:12.460+0000] {dag.py:2690} INFO - Sync 1 DAGs
[2023-02-10T15:36:12.510+0000] {logging_mixin.py:137} INFO - [2023-02-10T15:36:12.509+0000] {dag.py:3441} INFO - Setting next_dagrun for dag_taskflow_apiv1 to 2023-02-10T15:33:00+00:00, run_after=2023-02-11T15:33:00+00:00
[2023-02-10T15:36:12.541+0000] {processor.py:175} INFO - Processing /opt/airflow/dags/dag_taskflow_api.py took 0.194 seconds
[2023-02-10T15:36:42.740+0000] {processor.py:153} INFO - Started process (PID=342) to work on /opt/airflow/dags/dag_taskflow_api.py
[2023-02-10T15:36:42.752+0000] {processor.py:743} INFO - Processing file /opt/airflow/dags/dag_taskflow_api.py for tasks to queue
[2023-02-10T15:36:42.753+0000] {logging_mixin.py:137} INFO - [2023-02-10T15:36:42.753+0000] {dagbag.py:538} INFO - Filling up the DagBag from /opt/airflow/dags/dag_taskflow_api.py
[2023-02-10T15:36:42.799+0000] {processor.py:753} INFO - DAG(s) dict_keys(['dag_taskflow_apiv1']) retrieved from /opt/airflow/dags/dag_taskflow_api.py
[2023-02-10T15:36:42.833+0000] {logging_mixin.py:137} INFO - [2023-02-10T15:36:42.833+0000] {dag.py:2690} INFO - Sync 1 DAGs
[2023-02-10T15:36:42.877+0000] {logging_mixin.py:137} INFO - [2023-02-10T15:36:42.877+0000] {dag.py:3441} INFO - Setting next_dagrun for dag_taskflow_apiv1 to 2023-02-10T15:33:00+00:00, run_after=2023-02-11T15:33:00+00:00
[2023-02-10T15:36:42.910+0000] {processor.py:175} INFO - Processing /opt/airflow/dags/dag_taskflow_api.py took 0.176 seconds
[2023-02-10T15:37:13.258+0000] {processor.py:153} INFO - Started process (PID=373) to work on /opt/airflow/dags/dag_taskflow_api.py
[2023-02-10T15:37:13.259+0000] {processor.py:743} INFO - Processing file /opt/airflow/dags/dag_taskflow_api.py for tasks to queue
[2023-02-10T15:37:13.260+0000] {logging_mixin.py:137} INFO - [2023-02-10T15:37:13.260+0000] {dagbag.py:538} INFO - Filling up the DagBag from /opt/airflow/dags/dag_taskflow_api.py
[2023-02-10T15:37:13.295+0000] {processor.py:753} INFO - DAG(s) dict_keys(['dag_taskflow_apiv1']) retrieved from /opt/airflow/dags/dag_taskflow_api.py
[2023-02-10T15:37:13.333+0000] {logging_mixin.py:137} INFO - [2023-02-10T15:37:13.332+0000] {dag.py:2690} INFO - Sync 1 DAGs
[2023-02-10T15:37:13.376+0000] {logging_mixin.py:137} INFO - [2023-02-10T15:37:13.376+0000] {dag.py:3441} INFO - Setting next_dagrun for dag_taskflow_apiv1 to 2023-02-10T15:33:00+00:00, run_after=2023-02-11T15:33:00+00:00
[2023-02-10T15:37:13.407+0000] {processor.py:175} INFO - Processing /opt/airflow/dags/dag_taskflow_api.py took 0.152 seconds
[2023-02-10T15:37:43.801+0000] {processor.py:153} INFO - Started process (PID=415) to work on /opt/airflow/dags/dag_taskflow_api.py
[2023-02-10T15:37:43.803+0000] {processor.py:743} INFO - Processing file /opt/airflow/dags/dag_taskflow_api.py for tasks to queue
[2023-02-10T15:37:43.804+0000] {logging_mixin.py:137} INFO - [2023-02-10T15:37:43.804+0000] {dagbag.py:538} INFO - Filling up the DagBag from /opt/airflow/dags/dag_taskflow_api.py
[2023-02-10T15:37:43.860+0000] {processor.py:753} INFO - DAG(s) dict_keys(['dag_taskflow_apiv1']) retrieved from /opt/airflow/dags/dag_taskflow_api.py
[2023-02-10T15:37:43.927+0000] {logging_mixin.py:137} INFO - [2023-02-10T15:37:43.927+0000] {dag.py:2690} INFO - Sync 1 DAGs
[2023-02-10T15:37:43.997+0000] {logging_mixin.py:137} INFO - [2023-02-10T15:37:43.997+0000] {dag.py:3441} INFO - Setting next_dagrun for dag_taskflow_apiv1 to 2023-02-10T15:33:00+00:00, run_after=2023-02-11T15:33:00+00:00
[2023-02-10T15:37:44.026+0000] {processor.py:175} INFO - Processing /opt/airflow/dags/dag_taskflow_api.py took 0.230 seconds
[2023-02-10T15:38:14.349+0000] {processor.py:153} INFO - Started process (PID=452) to work on /opt/airflow/dags/dag_taskflow_api.py
[2023-02-10T15:38:14.361+0000] {processor.py:743} INFO - Processing file /opt/airflow/dags/dag_taskflow_api.py for tasks to queue
[2023-02-10T15:38:14.362+0000] {logging_mixin.py:137} INFO - [2023-02-10T15:38:14.362+0000] {dagbag.py:538} INFO - Filling up the DagBag from /opt/airflow/dags/dag_taskflow_api.py
[2023-02-10T15:38:14.392+0000] {processor.py:753} INFO - DAG(s) dict_keys(['dag_taskflow_apiv1']) retrieved from /opt/airflow/dags/dag_taskflow_api.py
[2023-02-10T15:38:14.422+0000] {logging_mixin.py:137} INFO - [2023-02-10T15:38:14.421+0000] {dag.py:2690} INFO - Sync 1 DAGs
[2023-02-10T15:38:14.460+0000] {logging_mixin.py:137} INFO - [2023-02-10T15:38:14.460+0000] {dag.py:3441} INFO - Setting next_dagrun for dag_taskflow_apiv1 to 2023-02-10T15:33:00+00:00, run_after=2023-02-11T15:33:00+00:00
[2023-02-10T15:38:14.486+0000] {processor.py:175} INFO - Processing /opt/airflow/dags/dag_taskflow_api.py took 0.140 seconds
[2023-02-10T15:38:44.820+0000] {processor.py:153} INFO - Started process (PID=484) to work on /opt/airflow/dags/dag_taskflow_api.py
[2023-02-10T15:38:44.822+0000] {processor.py:743} INFO - Processing file /opt/airflow/dags/dag_taskflow_api.py for tasks to queue
[2023-02-10T15:38:44.824+0000] {logging_mixin.py:137} INFO - [2023-02-10T15:38:44.823+0000] {dagbag.py:538} INFO - Filling up the DagBag from /opt/airflow/dags/dag_taskflow_api.py
[2023-02-10T15:38:44.860+0000] {processor.py:753} INFO - DAG(s) dict_keys(['dag_taskflow_apiv1']) retrieved from /opt/airflow/dags/dag_taskflow_api.py
[2023-02-10T15:38:44.893+0000] {logging_mixin.py:137} INFO - [2023-02-10T15:38:44.893+0000] {dag.py:2690} INFO - Sync 1 DAGs
[2023-02-10T15:38:44.936+0000] {logging_mixin.py:137} INFO - [2023-02-10T15:38:44.936+0000] {dag.py:3441} INFO - Setting next_dagrun for dag_taskflow_apiv1 to 2023-02-10T15:33:00+00:00, run_after=2023-02-11T15:33:00+00:00
[2023-02-10T15:38:44.965+0000] {processor.py:175} INFO - Processing /opt/airflow/dags/dag_taskflow_api.py took 0.151 seconds
[2023-02-10T15:39:15.351+0000] {processor.py:153} INFO - Started process (PID=516) to work on /opt/airflow/dags/dag_taskflow_api.py
[2023-02-10T15:39:15.352+0000] {processor.py:743} INFO - Processing file /opt/airflow/dags/dag_taskflow_api.py for tasks to queue
[2023-02-10T15:39:15.354+0000] {logging_mixin.py:137} INFO - [2023-02-10T15:39:15.354+0000] {dagbag.py:538} INFO - Filling up the DagBag from /opt/airflow/dags/dag_taskflow_api.py
[2023-02-10T15:39:15.393+0000] {processor.py:753} INFO - DAG(s) dict_keys(['dag_taskflow_apiv1']) retrieved from /opt/airflow/dags/dag_taskflow_api.py
[2023-02-10T15:39:15.447+0000] {logging_mixin.py:137} INFO - [2023-02-10T15:39:15.447+0000] {dag.py:2690} INFO - Sync 1 DAGs
[2023-02-10T15:39:15.495+0000] {logging_mixin.py:137} INFO - [2023-02-10T15:39:15.494+0000] {dag.py:3441} INFO - Setting next_dagrun for dag_taskflow_apiv1 to 2023-02-10T15:33:00+00:00, run_after=2023-02-11T15:33:00+00:00
[2023-02-10T15:39:15.529+0000] {processor.py:175} INFO - Processing /opt/airflow/dags/dag_taskflow_api.py took 0.181 seconds
[2023-02-10T15:39:45.963+0000] {processor.py:153} INFO - Started process (PID=561) to work on /opt/airflow/dags/dag_taskflow_api.py
[2023-02-10T15:39:45.965+0000] {processor.py:743} INFO - Processing file /opt/airflow/dags/dag_taskflow_api.py for tasks to queue
[2023-02-10T15:39:45.966+0000] {logging_mixin.py:137} INFO - [2023-02-10T15:39:45.966+0000] {dagbag.py:538} INFO - Filling up the DagBag from /opt/airflow/dags/dag_taskflow_api.py
[2023-02-10T15:39:46.014+0000] {processor.py:753} INFO - DAG(s) dict_keys(['dag_taskflow_apiv1']) retrieved from /opt/airflow/dags/dag_taskflow_api.py
[2023-02-10T15:39:46.049+0000] {logging_mixin.py:137} INFO - [2023-02-10T15:39:46.049+0000] {dag.py:2690} INFO - Sync 1 DAGs
[2023-02-10T15:39:46.087+0000] {logging_mixin.py:137} INFO - [2023-02-10T15:39:46.086+0000] {dag.py:3441} INFO - Setting next_dagrun for dag_taskflow_apiv1 to 2023-02-10T15:33:00+00:00, run_after=2023-02-11T15:33:00+00:00
[2023-02-10T15:39:46.113+0000] {processor.py:175} INFO - Processing /opt/airflow/dags/dag_taskflow_api.py took 0.155 seconds
[2023-02-10T15:40:16.420+0000] {processor.py:153} INFO - Started process (PID=593) to work on /opt/airflow/dags/dag_taskflow_api.py
[2023-02-10T15:40:16.432+0000] {processor.py:743} INFO - Processing file /opt/airflow/dags/dag_taskflow_api.py for tasks to queue
[2023-02-10T15:40:16.434+0000] {logging_mixin.py:137} INFO - [2023-02-10T15:40:16.433+0000] {dagbag.py:538} INFO - Filling up the DagBag from /opt/airflow/dags/dag_taskflow_api.py
[2023-02-10T15:40:16.480+0000] {processor.py:753} INFO - DAG(s) dict_keys(['dag_taskflow_apiv1']) retrieved from /opt/airflow/dags/dag_taskflow_api.py
[2023-02-10T15:40:16.553+0000] {logging_mixin.py:137} INFO - [2023-02-10T15:40:16.553+0000] {dag.py:2690} INFO - Sync 1 DAGs
[2023-02-10T15:40:16.602+0000] {logging_mixin.py:137} INFO - [2023-02-10T15:40:16.602+0000] {dag.py:3441} INFO - Setting next_dagrun for dag_taskflow_apiv1 to 2023-02-10T15:33:00+00:00, run_after=2023-02-11T15:33:00+00:00
[2023-02-10T15:40:16.636+0000] {processor.py:175} INFO - Processing /opt/airflow/dags/dag_taskflow_api.py took 0.220 seconds
[2023-02-10T15:40:46.988+0000] {processor.py:153} INFO - Started process (PID=623) to work on /opt/airflow/dags/dag_taskflow_api.py
[2023-02-10T15:40:47.000+0000] {processor.py:743} INFO - Processing file /opt/airflow/dags/dag_taskflow_api.py for tasks to queue
[2023-02-10T15:40:47.001+0000] {logging_mixin.py:137} INFO - [2023-02-10T15:40:47.001+0000] {dagbag.py:538} INFO - Filling up the DagBag from /opt/airflow/dags/dag_taskflow_api.py
[2023-02-10T15:40:47.037+0000] {processor.py:753} INFO - DAG(s) dict_keys(['dag_taskflow_apiv1']) retrieved from /opt/airflow/dags/dag_taskflow_api.py
[2023-02-10T15:40:47.073+0000] {logging_mixin.py:137} INFO - [2023-02-10T15:40:47.073+0000] {dag.py:2690} INFO - Sync 1 DAGs
[2023-02-10T15:40:47.123+0000] {logging_mixin.py:137} INFO - [2023-02-10T15:40:47.123+0000] {dag.py:3441} INFO - Setting next_dagrun for dag_taskflow_apiv1 to 2023-02-10T15:33:00+00:00, run_after=2023-02-11T15:33:00+00:00
[2023-02-10T15:40:47.156+0000] {processor.py:175} INFO - Processing /opt/airflow/dags/dag_taskflow_api.py took 0.171 seconds
[2023-02-10T15:41:17.579+0000] {processor.py:153} INFO - Started process (PID=670) to work on /opt/airflow/dags/dag_taskflow_api.py
[2023-02-10T15:41:17.592+0000] {processor.py:743} INFO - Processing file /opt/airflow/dags/dag_taskflow_api.py for tasks to queue
[2023-02-10T15:41:17.593+0000] {logging_mixin.py:137} INFO - [2023-02-10T15:41:17.593+0000] {dagbag.py:538} INFO - Filling up the DagBag from /opt/airflow/dags/dag_taskflow_api.py
[2023-02-10T15:41:17.626+0000] {processor.py:753} INFO - DAG(s) dict_keys(['dag_taskflow_apiv1']) retrieved from /opt/airflow/dags/dag_taskflow_api.py
[2023-02-10T15:41:17.659+0000] {logging_mixin.py:137} INFO - [2023-02-10T15:41:17.658+0000] {dag.py:2690} INFO - Sync 1 DAGs
[2023-02-10T15:41:17.698+0000] {logging_mixin.py:137} INFO - [2023-02-10T15:41:17.698+0000] {dag.py:3441} INFO - Setting next_dagrun for dag_taskflow_apiv1 to 2023-02-10T15:33:00+00:00, run_after=2023-02-11T15:33:00+00:00
[2023-02-10T15:41:17.744+0000] {processor.py:175} INFO - Processing /opt/airflow/dags/dag_taskflow_api.py took 0.168 seconds
[2023-02-10T15:41:48.107+0000] {processor.py:153} INFO - Started process (PID=701) to work on /opt/airflow/dags/dag_taskflow_api.py
[2023-02-10T15:41:48.109+0000] {processor.py:743} INFO - Processing file /opt/airflow/dags/dag_taskflow_api.py for tasks to queue
[2023-02-10T15:41:48.110+0000] {logging_mixin.py:137} INFO - [2023-02-10T15:41:48.109+0000] {dagbag.py:538} INFO - Filling up the DagBag from /opt/airflow/dags/dag_taskflow_api.py
[2023-02-10T15:41:48.147+0000] {processor.py:753} INFO - DAG(s) dict_keys(['dag_taskflow_apiv1']) retrieved from /opt/airflow/dags/dag_taskflow_api.py
[2023-02-10T15:41:48.193+0000] {logging_mixin.py:137} INFO - [2023-02-10T15:41:48.192+0000] {dag.py:2690} INFO - Sync 1 DAGs
[2023-02-10T15:41:48.234+0000] {logging_mixin.py:137} INFO - [2023-02-10T15:41:48.233+0000] {dag.py:3441} INFO - Setting next_dagrun for dag_taskflow_apiv1 to 2023-02-10T15:33:00+00:00, run_after=2023-02-11T15:33:00+00:00
[2023-02-10T15:41:48.272+0000] {processor.py:175} INFO - Processing /opt/airflow/dags/dag_taskflow_api.py took 0.168 seconds
[2023-02-10T15:42:18.618+0000] {processor.py:153} INFO - Started process (PID=733) to work on /opt/airflow/dags/dag_taskflow_api.py
[2023-02-10T15:42:18.629+0000] {processor.py:743} INFO - Processing file /opt/airflow/dags/dag_taskflow_api.py for tasks to queue
[2023-02-10T15:42:18.630+0000] {logging_mixin.py:137} INFO - [2023-02-10T15:42:18.630+0000] {dagbag.py:538} INFO - Filling up the DagBag from /opt/airflow/dags/dag_taskflow_api.py
[2023-02-10T15:42:18.663+0000] {processor.py:753} INFO - DAG(s) dict_keys(['dag_taskflow_apiv1']) retrieved from /opt/airflow/dags/dag_taskflow_api.py
[2023-02-10T15:42:18.693+0000] {logging_mixin.py:137} INFO - [2023-02-10T15:42:18.693+0000] {dag.py:2690} INFO - Sync 1 DAGs
[2023-02-10T15:42:18.735+0000] {logging_mixin.py:137} INFO - [2023-02-10T15:42:18.734+0000] {dag.py:3441} INFO - Setting next_dagrun for dag_taskflow_apiv1 to 2023-02-10T15:33:00+00:00, run_after=2023-02-11T15:33:00+00:00
[2023-02-10T15:42:18.763+0000] {processor.py:175} INFO - Processing /opt/airflow/dags/dag_taskflow_api.py took 0.148 seconds
[2023-02-10T15:42:49.018+0000] {processor.py:153} INFO - Started process (PID=773) to work on /opt/airflow/dags/dag_taskflow_api.py
[2023-02-10T15:42:49.030+0000] {processor.py:743} INFO - Processing file /opt/airflow/dags/dag_taskflow_api.py for tasks to queue
[2023-02-10T15:42:49.031+0000] {logging_mixin.py:137} INFO - [2023-02-10T15:42:49.031+0000] {dagbag.py:538} INFO - Filling up the DagBag from /opt/airflow/dags/dag_taskflow_api.py
[2023-02-10T15:42:49.065+0000] {processor.py:753} INFO - DAG(s) dict_keys(['dag_taskflow_apiv1']) retrieved from /opt/airflow/dags/dag_taskflow_api.py
[2023-02-10T15:42:49.099+0000] {logging_mixin.py:137} INFO - [2023-02-10T15:42:49.099+0000] {dag.py:2690} INFO - Sync 1 DAGs
[2023-02-10T15:42:49.146+0000] {logging_mixin.py:137} INFO - [2023-02-10T15:42:49.146+0000] {dag.py:3441} INFO - Setting next_dagrun for dag_taskflow_apiv1 to 2023-02-10T15:33:00+00:00, run_after=2023-02-11T15:33:00+00:00
[2023-02-10T15:42:49.188+0000] {processor.py:175} INFO - Processing /opt/airflow/dags/dag_taskflow_api.py took 0.175 seconds
[2023-02-10T15:43:19.534+0000] {processor.py:153} INFO - Started process (PID=810) to work on /opt/airflow/dags/dag_taskflow_api.py
[2023-02-10T15:43:19.546+0000] {processor.py:743} INFO - Processing file /opt/airflow/dags/dag_taskflow_api.py for tasks to queue
[2023-02-10T15:43:19.547+0000] {logging_mixin.py:137} INFO - [2023-02-10T15:43:19.547+0000] {dagbag.py:538} INFO - Filling up the DagBag from /opt/airflow/dags/dag_taskflow_api.py
[2023-02-10T15:43:19.583+0000] {processor.py:753} INFO - DAG(s) dict_keys(['dag_taskflow_apiv1']) retrieved from /opt/airflow/dags/dag_taskflow_api.py
[2023-02-10T15:43:19.617+0000] {logging_mixin.py:137} INFO - [2023-02-10T15:43:19.616+0000] {dag.py:2690} INFO - Sync 1 DAGs
[2023-02-10T15:43:19.663+0000] {logging_mixin.py:137} INFO - [2023-02-10T15:43:19.663+0000] {dag.py:3441} INFO - Setting next_dagrun for dag_taskflow_apiv1 to 2023-02-10T15:33:00+00:00, run_after=2023-02-11T15:33:00+00:00
[2023-02-10T15:43:19.693+0000] {processor.py:175} INFO - Processing /opt/airflow/dags/dag_taskflow_api.py took 0.162 seconds
[2023-02-10T15:43:50.060+0000] {processor.py:153} INFO - Started process (PID=843) to work on /opt/airflow/dags/dag_taskflow_api.py
[2023-02-10T15:43:50.061+0000] {processor.py:743} INFO - Processing file /opt/airflow/dags/dag_taskflow_api.py for tasks to queue
[2023-02-10T15:43:50.063+0000] {logging_mixin.py:137} INFO - [2023-02-10T15:43:50.062+0000] {dagbag.py:538} INFO - Filling up the DagBag from /opt/airflow/dags/dag_taskflow_api.py
[2023-02-10T15:43:50.097+0000] {processor.py:753} INFO - DAG(s) dict_keys(['dag_taskflow_apiv1']) retrieved from /opt/airflow/dags/dag_taskflow_api.py
[2023-02-10T15:43:50.136+0000] {logging_mixin.py:137} INFO - [2023-02-10T15:43:50.135+0000] {dag.py:2690} INFO - Sync 1 DAGs
[2023-02-10T15:43:50.180+0000] {logging_mixin.py:137} INFO - [2023-02-10T15:43:50.180+0000] {dag.py:3441} INFO - Setting next_dagrun for dag_taskflow_apiv1 to 2023-02-10T15:33:00+00:00, run_after=2023-02-11T15:33:00+00:00
[2023-02-10T15:43:50.216+0000] {processor.py:175} INFO - Processing /opt/airflow/dags/dag_taskflow_api.py took 0.160 seconds
[2023-02-10T15:44:20.597+0000] {processor.py:153} INFO - Started process (PID=874) to work on /opt/airflow/dags/dag_taskflow_api.py
[2023-02-10T15:44:20.609+0000] {processor.py:743} INFO - Processing file /opt/airflow/dags/dag_taskflow_api.py for tasks to queue
[2023-02-10T15:44:20.611+0000] {logging_mixin.py:137} INFO - [2023-02-10T15:44:20.610+0000] {dagbag.py:538} INFO - Filling up the DagBag from /opt/airflow/dags/dag_taskflow_api.py
[2023-02-10T15:44:20.645+0000] {processor.py:753} INFO - DAG(s) dict_keys(['dag_taskflow_apiv1']) retrieved from /opt/airflow/dags/dag_taskflow_api.py
[2023-02-10T15:44:20.682+0000] {logging_mixin.py:137} INFO - [2023-02-10T15:44:20.682+0000] {dag.py:2690} INFO - Sync 1 DAGs
[2023-02-10T15:44:20.727+0000] {logging_mixin.py:137} INFO - [2023-02-10T15:44:20.727+0000] {dag.py:3441} INFO - Setting next_dagrun for dag_taskflow_apiv1 to 2023-02-10T15:33:00+00:00, run_after=2023-02-11T15:33:00+00:00
[2023-02-10T15:44:20.762+0000] {processor.py:175} INFO - Processing /opt/airflow/dags/dag_taskflow_api.py took 0.169 seconds
[2023-02-10T15:44:51.156+0000] {processor.py:153} INFO - Started process (PID=920) to work on /opt/airflow/dags/dag_taskflow_api.py
[2023-02-10T15:44:51.158+0000] {processor.py:743} INFO - Processing file /opt/airflow/dags/dag_taskflow_api.py for tasks to queue
[2023-02-10T15:44:51.159+0000] {logging_mixin.py:137} INFO - [2023-02-10T15:44:51.158+0000] {dagbag.py:538} INFO - Filling up the DagBag from /opt/airflow/dags/dag_taskflow_api.py
[2023-02-10T15:44:51.194+0000] {processor.py:753} INFO - DAG(s) dict_keys(['dag_taskflow_apiv1']) retrieved from /opt/airflow/dags/dag_taskflow_api.py
[2023-02-10T15:44:51.225+0000] {logging_mixin.py:137} INFO - [2023-02-10T15:44:51.225+0000] {dag.py:2690} INFO - Sync 1 DAGs
[2023-02-10T15:44:51.267+0000] {logging_mixin.py:137} INFO - [2023-02-10T15:44:51.267+0000] {dag.py:3441} INFO - Setting next_dagrun for dag_taskflow_apiv1 to 2023-02-10T15:33:00+00:00, run_after=2023-02-11T15:33:00+00:00
[2023-02-10T15:44:51.295+0000] {processor.py:175} INFO - Processing /opt/airflow/dags/dag_taskflow_api.py took 0.142 seconds
[2023-02-10T15:45:21.638+0000] {processor.py:153} INFO - Started process (PID=953) to work on /opt/airflow/dags/dag_taskflow_api.py
[2023-02-10T15:45:21.645+0000] {processor.py:743} INFO - Processing file /opt/airflow/dags/dag_taskflow_api.py for tasks to queue
[2023-02-10T15:45:21.647+0000] {logging_mixin.py:137} INFO - [2023-02-10T15:45:21.646+0000] {dagbag.py:538} INFO - Filling up the DagBag from /opt/airflow/dags/dag_taskflow_api.py
[2023-02-10T15:45:21.688+0000] {processor.py:753} INFO - DAG(s) dict_keys(['dag_taskflow_apiv1']) retrieved from /opt/airflow/dags/dag_taskflow_api.py
[2023-02-10T15:45:21.724+0000] {logging_mixin.py:137} INFO - [2023-02-10T15:45:21.724+0000] {dag.py:2690} INFO - Sync 1 DAGs
[2023-02-10T15:45:21.771+0000] {logging_mixin.py:137} INFO - [2023-02-10T15:45:21.771+0000] {dag.py:3441} INFO - Setting next_dagrun for dag_taskflow_apiv1 to 2023-02-10T15:33:00+00:00, run_after=2023-02-11T15:33:00+00:00
[2023-02-10T15:45:21.803+0000] {processor.py:175} INFO - Processing /opt/airflow/dags/dag_taskflow_api.py took 0.169 seconds
[2023-02-10T15:45:52.181+0000] {processor.py:153} INFO - Started process (PID=985) to work on /opt/airflow/dags/dag_taskflow_api.py
[2023-02-10T15:45:52.193+0000] {processor.py:743} INFO - Processing file /opt/airflow/dags/dag_taskflow_api.py for tasks to queue
[2023-02-10T15:45:52.194+0000] {logging_mixin.py:137} INFO - [2023-02-10T15:45:52.194+0000] {dagbag.py:538} INFO - Filling up the DagBag from /opt/airflow/dags/dag_taskflow_api.py
[2023-02-10T15:45:52.238+0000] {processor.py:753} INFO - DAG(s) dict_keys(['dag_taskflow_apiv1']) retrieved from /opt/airflow/dags/dag_taskflow_api.py
[2023-02-10T15:45:52.272+0000] {logging_mixin.py:137} INFO - [2023-02-10T15:45:52.272+0000] {dag.py:2690} INFO - Sync 1 DAGs
[2023-02-10T15:45:52.317+0000] {logging_mixin.py:137} INFO - [2023-02-10T15:45:52.317+0000] {dag.py:3441} INFO - Setting next_dagrun for dag_taskflow_apiv1 to 2023-02-10T15:33:00+00:00, run_after=2023-02-11T15:33:00+00:00
[2023-02-10T15:45:52.347+0000] {processor.py:175} INFO - Processing /opt/airflow/dags/dag_taskflow_api.py took 0.173 seconds
[2023-02-10T15:46:22.721+0000] {processor.py:153} INFO - Started process (PID=1031) to work on /opt/airflow/dags/dag_taskflow_api.py
[2023-02-10T15:46:22.732+0000] {processor.py:743} INFO - Processing file /opt/airflow/dags/dag_taskflow_api.py for tasks to queue
[2023-02-10T15:46:22.734+0000] {logging_mixin.py:137} INFO - [2023-02-10T15:46:22.733+0000] {dagbag.py:538} INFO - Filling up the DagBag from /opt/airflow/dags/dag_taskflow_api.py
[2023-02-10T15:46:22.772+0000] {processor.py:753} INFO - DAG(s) dict_keys(['dag_taskflow_apiv1']) retrieved from /opt/airflow/dags/dag_taskflow_api.py
[2023-02-10T15:46:22.814+0000] {logging_mixin.py:137} INFO - [2023-02-10T15:46:22.814+0000] {dag.py:2690} INFO - Sync 1 DAGs
[2023-02-10T15:46:22.862+0000] {logging_mixin.py:137} INFO - [2023-02-10T15:46:22.862+0000] {dag.py:3441} INFO - Setting next_dagrun for dag_taskflow_apiv1 to 2023-02-10T15:33:00+00:00, run_after=2023-02-11T15:33:00+00:00
[2023-02-10T15:46:22.907+0000] {processor.py:175} INFO - Processing /opt/airflow/dags/dag_taskflow_api.py took 0.192 seconds
[2023-02-10T15:46:53.296+0000] {processor.py:153} INFO - Started process (PID=1063) to work on /opt/airflow/dags/dag_taskflow_api.py
[2023-02-10T15:46:53.297+0000] {processor.py:743} INFO - Processing file /opt/airflow/dags/dag_taskflow_api.py for tasks to queue
[2023-02-10T15:46:53.298+0000] {logging_mixin.py:137} INFO - [2023-02-10T15:46:53.298+0000] {dagbag.py:538} INFO - Filling up the DagBag from /opt/airflow/dags/dag_taskflow_api.py
[2023-02-10T15:46:53.336+0000] {processor.py:753} INFO - DAG(s) dict_keys(['dag_taskflow_apiv1']) retrieved from /opt/airflow/dags/dag_taskflow_api.py
[2023-02-10T15:46:53.374+0000] {logging_mixin.py:137} INFO - [2023-02-10T15:46:53.373+0000] {dag.py:2690} INFO - Sync 1 DAGs
[2023-02-10T15:46:53.418+0000] {logging_mixin.py:137} INFO - [2023-02-10T15:46:53.418+0000] {dag.py:3441} INFO - Setting next_dagrun for dag_taskflow_apiv1 to 2023-02-10T15:33:00+00:00, run_after=2023-02-11T15:33:00+00:00
[2023-02-10T15:46:53.451+0000] {processor.py:175} INFO - Processing /opt/airflow/dags/dag_taskflow_api.py took 0.159 seconds
[2023-02-10T15:47:23.845+0000] {processor.py:153} INFO - Started process (PID=1094) to work on /opt/airflow/dags/dag_taskflow_api.py
[2023-02-10T15:47:23.857+0000] {processor.py:743} INFO - Processing file /opt/airflow/dags/dag_taskflow_api.py for tasks to queue
[2023-02-10T15:47:23.859+0000] {logging_mixin.py:137} INFO - [2023-02-10T15:47:23.858+0000] {dagbag.py:538} INFO - Filling up the DagBag from /opt/airflow/dags/dag_taskflow_api.py
[2023-02-10T15:47:23.899+0000] {processor.py:753} INFO - DAG(s) dict_keys(['dag_taskflow_apiv1']) retrieved from /opt/airflow/dags/dag_taskflow_api.py
[2023-02-10T15:47:23.940+0000] {logging_mixin.py:137} INFO - [2023-02-10T15:47:23.939+0000] {dag.py:2690} INFO - Sync 1 DAGs
[2023-02-10T15:47:23.984+0000] {logging_mixin.py:137} INFO - [2023-02-10T15:47:23.984+0000] {dag.py:3441} INFO - Setting next_dagrun for dag_taskflow_apiv1 to 2023-02-10T15:33:00+00:00, run_after=2023-02-11T15:33:00+00:00
[2023-02-10T15:47:24.015+0000] {processor.py:175} INFO - Processing /opt/airflow/dags/dag_taskflow_api.py took 0.174 seconds
[2023-02-10T15:47:54.441+0000] {processor.py:153} INFO - Started process (PID=1135) to work on /opt/airflow/dags/dag_taskflow_api.py
[2023-02-10T15:47:54.442+0000] {processor.py:743} INFO - Processing file /opt/airflow/dags/dag_taskflow_api.py for tasks to queue
[2023-02-10T15:47:54.444+0000] {logging_mixin.py:137} INFO - [2023-02-10T15:47:54.443+0000] {dagbag.py:538} INFO - Filling up the DagBag from /opt/airflow/dags/dag_taskflow_api.py
[2023-02-10T15:47:54.486+0000] {processor.py:753} INFO - DAG(s) dict_keys(['dag_taskflow_apiv1']) retrieved from /opt/airflow/dags/dag_taskflow_api.py
[2023-02-10T15:47:54.516+0000] {logging_mixin.py:137} INFO - [2023-02-10T15:47:54.516+0000] {dag.py:2690} INFO - Sync 1 DAGs
[2023-02-10T15:47:54.556+0000] {logging_mixin.py:137} INFO - [2023-02-10T15:47:54.556+0000] {dag.py:3441} INFO - Setting next_dagrun for dag_taskflow_apiv1 to 2023-02-10T15:33:00+00:00, run_after=2023-02-11T15:33:00+00:00
[2023-02-10T15:47:54.584+0000] {processor.py:175} INFO - Processing /opt/airflow/dags/dag_taskflow_api.py took 0.148 seconds
[2023-02-10T15:48:07.750+0000] {processor.py:153} INFO - Started process (PID=1153) to work on /opt/airflow/dags/dag_taskflow_api.py
[2023-02-10T15:48:07.751+0000] {processor.py:743} INFO - Processing file /opt/airflow/dags/dag_taskflow_api.py for tasks to queue
[2023-02-10T15:48:07.752+0000] {logging_mixin.py:137} INFO - [2023-02-10T15:48:07.752+0000] {dagbag.py:538} INFO - Filling up the DagBag from /opt/airflow/dags/dag_taskflow_api.py
[2023-02-10T15:48:07.844+0000] {processor.py:753} INFO - DAG(s) dict_keys(['dag_taskflow_apiv1']) retrieved from /opt/airflow/dags/dag_taskflow_api.py
[2023-02-10T15:48:07.883+0000] {logging_mixin.py:137} INFO - [2023-02-10T15:48:07.882+0000] {dag.py:2690} INFO - Sync 1 DAGs
[2023-02-10T15:48:07.922+0000] {logging_mixin.py:137} INFO - [2023-02-10T15:48:07.922+0000] {dag.py:3441} INFO - Setting next_dagrun for dag_taskflow_apiv1 to 2023-02-10T15:33:00+00:00, run_after=2023-02-11T15:33:00+00:00
[2023-02-10T15:48:07.961+0000] {processor.py:175} INFO - Processing /opt/airflow/dags/dag_taskflow_api.py took 0.221 seconds
[2023-02-10T15:48:17.972+0000] {processor.py:153} INFO - Started process (PID=1159) to work on /opt/airflow/dags/dag_taskflow_api.py
[2023-02-10T15:48:17.973+0000] {processor.py:743} INFO - Processing file /opt/airflow/dags/dag_taskflow_api.py for tasks to queue
[2023-02-10T15:48:17.974+0000] {logging_mixin.py:137} INFO - [2023-02-10T15:48:17.974+0000] {dagbag.py:538} INFO - Filling up the DagBag from /opt/airflow/dags/dag_taskflow_api.py
[2023-02-10T15:48:18.008+0000] {processor.py:753} INFO - DAG(s) dict_keys(['dag_taskflow_apiv1']) retrieved from /opt/airflow/dags/dag_taskflow_api.py
[2023-02-10T15:48:18.038+0000] {logging_mixin.py:137} INFO - [2023-02-10T15:48:18.038+0000] {dag.py:2690} INFO - Sync 1 DAGs
[2023-02-10T15:48:18.082+0000] {logging_mixin.py:137} INFO - [2023-02-10T15:48:18.081+0000] {dag.py:3441} INFO - Setting next_dagrun for dag_taskflow_apiv1 to 2023-02-10T15:33:00+00:00, run_after=2023-02-11T15:33:00+00:00
[2023-02-10T15:48:18.110+0000] {processor.py:175} INFO - Processing /opt/airflow/dags/dag_taskflow_api.py took 0.142 seconds
[2023-02-10T15:48:40.381+0000] {processor.py:153} INFO - Started process (PID=1191) to work on /opt/airflow/dags/dag_taskflow_api.py
[2023-02-10T15:48:40.383+0000] {processor.py:743} INFO - Processing file /opt/airflow/dags/dag_taskflow_api.py for tasks to queue
[2023-02-10T15:48:40.384+0000] {logging_mixin.py:137} INFO - [2023-02-10T15:48:40.384+0000] {dagbag.py:538} INFO - Filling up the DagBag from /opt/airflow/dags/dag_taskflow_api.py
[2023-02-10T15:48:40.430+0000] {processor.py:753} INFO - DAG(s) dict_keys(['dag_taskflow_apiv1']) retrieved from /opt/airflow/dags/dag_taskflow_api.py
[2023-02-10T15:48:40.464+0000] {logging_mixin.py:137} INFO - [2023-02-10T15:48:40.463+0000] {dag.py:2690} INFO - Sync 1 DAGs
[2023-02-10T15:48:40.503+0000] {logging_mixin.py:137} INFO - [2023-02-10T15:48:40.503+0000] {dag.py:3441} INFO - Setting next_dagrun for dag_taskflow_apiv1 to 2023-02-10T15:33:00+00:00, run_after=2023-02-11T15:33:00+00:00
[2023-02-10T15:48:40.547+0000] {processor.py:175} INFO - Processing /opt/airflow/dags/dag_taskflow_api.py took 0.172 seconds
[2023-02-10T15:49:10.880+0000] {processor.py:153} INFO - Started process (PID=1222) to work on /opt/airflow/dags/dag_taskflow_api.py
[2023-02-10T15:49:10.892+0000] {processor.py:743} INFO - Processing file /opt/airflow/dags/dag_taskflow_api.py for tasks to queue
[2023-02-10T15:49:10.893+0000] {logging_mixin.py:137} INFO - [2023-02-10T15:49:10.893+0000] {dagbag.py:538} INFO - Filling up the DagBag from /opt/airflow/dags/dag_taskflow_api.py
[2023-02-10T15:49:10.944+0000] {processor.py:753} INFO - DAG(s) dict_keys(['dag_taskflow_apiv1']) retrieved from /opt/airflow/dags/dag_taskflow_api.py
[2023-02-10T15:49:10.979+0000] {logging_mixin.py:137} INFO - [2023-02-10T15:49:10.979+0000] {dag.py:2690} INFO - Sync 1 DAGs
[2023-02-10T15:49:11.022+0000] {logging_mixin.py:137} INFO - [2023-02-10T15:49:11.022+0000] {dag.py:3441} INFO - Setting next_dagrun for dag_taskflow_apiv1 to 2023-02-10T15:33:00+00:00, run_after=2023-02-11T15:33:00+00:00
[2023-02-10T15:49:11.062+0000] {processor.py:175} INFO - Processing /opt/airflow/dags/dag_taskflow_api.py took 0.187 seconds
[2023-02-10T15:49:41.281+0000] {processor.py:153} INFO - Started process (PID=1269) to work on /opt/airflow/dags/dag_taskflow_api.py
[2023-02-10T15:49:41.293+0000] {processor.py:743} INFO - Processing file /opt/airflow/dags/dag_taskflow_api.py for tasks to queue
[2023-02-10T15:49:41.294+0000] {logging_mixin.py:137} INFO - [2023-02-10T15:49:41.294+0000] {dagbag.py:538} INFO - Filling up the DagBag from /opt/airflow/dags/dag_taskflow_api.py
[2023-02-10T15:49:41.335+0000] {processor.py:753} INFO - DAG(s) dict_keys(['dag_taskflow_apiv1']) retrieved from /opt/airflow/dags/dag_taskflow_api.py
[2023-02-10T15:49:41.360+0000] {logging_mixin.py:137} INFO - [2023-02-10T15:49:41.360+0000] {dag.py:2690} INFO - Sync 1 DAGs
[2023-02-10T15:49:41.391+0000] {logging_mixin.py:137} INFO - [2023-02-10T15:49:41.391+0000] {dag.py:3441} INFO - Setting next_dagrun for dag_taskflow_apiv1 to 2023-02-10T15:33:00+00:00, run_after=2023-02-11T15:33:00+00:00
[2023-02-10T15:49:41.423+0000] {processor.py:175} INFO - Processing /opt/airflow/dags/dag_taskflow_api.py took 0.146 seconds
[2023-02-10T15:50:05.587+0000] {processor.py:153} INFO - Started process (PID=1301) to work on /opt/airflow/dags/dag_taskflow_api.py
[2023-02-10T15:50:05.599+0000] {processor.py:743} INFO - Processing file /opt/airflow/dags/dag_taskflow_api.py for tasks to queue
[2023-02-10T15:50:05.600+0000] {logging_mixin.py:137} INFO - [2023-02-10T15:50:05.600+0000] {dagbag.py:538} INFO - Filling up the DagBag from /opt/airflow/dags/dag_taskflow_api.py
[2023-02-10T15:50:05.605+0000] {logging_mixin.py:137} INFO - [2023-02-10T15:50:05.602+0000] {dagbag.py:343} ERROR - Failed to import: /opt/airflow/dags/dag_taskflow_api.py
Traceback (most recent call last):
  File "/home/airflow/.local/lib/python3.7/site-packages/airflow/models/dagbag.py", line 339, in parse
    loader.exec_module(new_module)
  File "<frozen importlib._bootstrap_external>", line 724, in exec_module
  File "<frozen importlib._bootstrap_external>", line 860, in get_code
  File "<frozen importlib._bootstrap_external>", line 791, in source_to_code
  File "<frozen importlib._bootstrap>", line 219, in _call_with_frames_removed
  File "/opt/airflow/dags/dag_taskflow_api.py", line 34
    greeting(name=name_dict[], age=age)
                            ^
SyntaxError: invalid syntax
[2023-02-10T15:50:05.605+0000] {processor.py:755} WARNING - No viable dags retrieved from /opt/airflow/dags/dag_taskflow_api.py
[2023-02-10T15:50:05.625+0000] {processor.py:175} INFO - Processing /opt/airflow/dags/dag_taskflow_api.py took 0.043 seconds
[2023-02-10T15:50:24.679+0000] {processor.py:153} INFO - Started process (PID=1316) to work on /opt/airflow/dags/dag_taskflow_api.py
[2023-02-10T15:50:24.691+0000] {processor.py:743} INFO - Processing file /opt/airflow/dags/dag_taskflow_api.py for tasks to queue
[2023-02-10T15:50:24.692+0000] {logging_mixin.py:137} INFO - [2023-02-10T15:50:24.692+0000] {dagbag.py:538} INFO - Filling up the DagBag from /opt/airflow/dags/dag_taskflow_api.py
[2023-02-10T15:50:24.735+0000] {logging_mixin.py:137} INFO - [2023-02-10T15:50:24.729+0000] {dagbag.py:343} ERROR - Failed to import: /opt/airflow/dags/dag_taskflow_api.py
Traceback (most recent call last):
  File "/home/airflow/.local/lib/python3.7/site-packages/airflow/models/dagbag.py", line 339, in parse
    loader.exec_module(new_module)
  File "<frozen importlib._bootstrap_external>", line 728, in exec_module
  File "<frozen importlib._bootstrap>", line 219, in _call_with_frames_removed
  File "/opt/airflow/dags/dag_taskflow_api.py", line 36, in <module>
    greet_dag = hello_world_etl()
  File "/home/airflow/.local/lib/python3.7/site-packages/airflow/models/dag.py", line 3555, in factory
    f(**f_kwargs)
  File "/opt/airflow/dags/dag_taskflow_api.py", line 34, in hello_world_etl
    greeting(first_name=name_dict['first_name'], age=age)
  File "/home/airflow/.local/lib/python3.7/site-packages/airflow/decorators/base.py", line 316, in __call__
    **self.kwargs,
  File "/home/airflow/.local/lib/python3.7/site-packages/airflow/models/baseoperator.py", line 394, in apply_defaults
    result = func(self, **kwargs, default_args=default_args)
  File "/home/airflow/.local/lib/python3.7/site-packages/airflow/decorators/python.py", line 58, in __init__
    **kwargs,
  File "/home/airflow/.local/lib/python3.7/site-packages/airflow/models/baseoperator.py", line 394, in apply_defaults
    result = func(self, **kwargs, default_args=default_args)
  File "/home/airflow/.local/lib/python3.7/site-packages/airflow/decorators/base.py", line 204, in __init__
    inspect.signature(python_callable).bind(*op_args, **op_kwargs)
  File "/usr/local/lib/python3.7/inspect.py", line 3015, in bind
    return args[0]._bind(args[1:], kwargs)
  File "/usr/local/lib/python3.7/inspect.py", line 2986, in _bind
    format(arg=param_name)) from None
TypeError: missing a required argument: 'last_name'
[2023-02-10T15:50:24.735+0000] {processor.py:755} WARNING - No viable dags retrieved from /opt/airflow/dags/dag_taskflow_api.py
[2023-02-10T15:50:24.757+0000] {processor.py:175} INFO - Processing /opt/airflow/dags/dag_taskflow_api.py took 0.083 seconds
[2023-02-10T15:50:42.930+0000] {processor.py:153} INFO - Started process (PID=1348) to work on /opt/airflow/dags/dag_taskflow_api.py
[2023-02-10T15:50:42.941+0000] {processor.py:743} INFO - Processing file /opt/airflow/dags/dag_taskflow_api.py for tasks to queue
[2023-02-10T15:50:42.942+0000] {logging_mixin.py:137} INFO - [2023-02-10T15:50:42.942+0000] {dagbag.py:538} INFO - Filling up the DagBag from /opt/airflow/dags/dag_taskflow_api.py
[2023-02-10T15:50:42.958+0000] {logging_mixin.py:137} INFO - [2023-02-10T15:50:42.958+0000] {taskmixin.py:205} WARNING - Dependency <Task(_PythonDecoratedOperator): get_name>, greeting already registered for DAG: dag_taskflow_apiv1
[2023-02-10T15:50:42.958+0000] {logging_mixin.py:137} INFO - [2023-02-10T15:50:42.958+0000] {taskmixin.py:205} WARNING - Dependency <Task(_PythonDecoratedOperator): greeting>, get_name already registered for DAG: dag_taskflow_apiv1
[2023-02-10T15:50:42.963+0000] {processor.py:753} INFO - DAG(s) dict_keys(['dag_taskflow_apiv1']) retrieved from /opt/airflow/dags/dag_taskflow_api.py
[2023-02-10T15:50:43.032+0000] {logging_mixin.py:137} INFO - [2023-02-10T15:50:43.032+0000] {dag.py:2690} INFO - Sync 1 DAGs
[2023-02-10T15:50:43.059+0000] {logging_mixin.py:137} INFO - [2023-02-10T15:50:43.059+0000] {dag.py:3441} INFO - Setting next_dagrun for dag_taskflow_apiv1 to 2023-02-10T15:33:00+00:00, run_after=2023-02-11T15:33:00+00:00
[2023-02-10T15:50:43.083+0000] {processor.py:175} INFO - Processing /opt/airflow/dags/dag_taskflow_api.py took 0.155 seconds
[2023-02-10T15:51:13.321+0000] {processor.py:153} INFO - Started process (PID=1380) to work on /opt/airflow/dags/dag_taskflow_api.py
[2023-02-10T15:51:13.333+0000] {processor.py:743} INFO - Processing file /opt/airflow/dags/dag_taskflow_api.py for tasks to queue
[2023-02-10T15:51:13.334+0000] {logging_mixin.py:137} INFO - [2023-02-10T15:51:13.334+0000] {dagbag.py:538} INFO - Filling up the DagBag from /opt/airflow/dags/dag_taskflow_api.py
[2023-02-10T15:51:13.372+0000] {logging_mixin.py:137} INFO - [2023-02-10T15:51:13.371+0000] {taskmixin.py:205} WARNING - Dependency <Task(_PythonDecoratedOperator): get_name>, greeting already registered for DAG: dag_taskflow_apiv1
[2023-02-10T15:51:13.372+0000] {logging_mixin.py:137} INFO - [2023-02-10T15:51:13.372+0000] {taskmixin.py:205} WARNING - Dependency <Task(_PythonDecoratedOperator): greeting>, get_name already registered for DAG: dag_taskflow_apiv1
[2023-02-10T15:51:13.382+0000] {processor.py:753} INFO - DAG(s) dict_keys(['dag_taskflow_apiv1']) retrieved from /opt/airflow/dags/dag_taskflow_api.py
[2023-02-10T15:51:13.403+0000] {logging_mixin.py:137} INFO - [2023-02-10T15:51:13.403+0000] {dag.py:2690} INFO - Sync 1 DAGs
[2023-02-10T15:51:13.429+0000] {logging_mixin.py:137} INFO - [2023-02-10T15:51:13.429+0000] {dag.py:3441} INFO - Setting next_dagrun for dag_taskflow_apiv1 to 2023-02-10T15:33:00+00:00, run_after=2023-02-11T15:33:00+00:00
[2023-02-10T15:51:13.457+0000] {processor.py:175} INFO - Processing /opt/airflow/dags/dag_taskflow_api.py took 0.141 seconds
[2023-02-10T15:51:29.600+0000] {processor.py:153} INFO - Started process (PID=1412) to work on /opt/airflow/dags/dag_taskflow_api.py
[2023-02-10T15:51:29.600+0000] {processor.py:743} INFO - Processing file /opt/airflow/dags/dag_taskflow_api.py for tasks to queue
[2023-02-10T15:51:29.601+0000] {logging_mixin.py:137} INFO - [2023-02-10T15:51:29.601+0000] {dagbag.py:538} INFO - Filling up the DagBag from /opt/airflow/dags/dag_taskflow_api.py
[2023-02-10T15:51:29.617+0000] {logging_mixin.py:137} INFO - [2023-02-10T15:51:29.617+0000] {taskmixin.py:205} WARNING - Dependency <Task(_PythonDecoratedOperator): get_name>, greeting already registered for DAG: dag_taskflow_apiv1
[2023-02-10T15:51:29.617+0000] {logging_mixin.py:137} INFO - [2023-02-10T15:51:29.617+0000] {taskmixin.py:205} WARNING - Dependency <Task(_PythonDecoratedOperator): greeting>, get_name already registered for DAG: dag_taskflow_apiv1
[2023-02-10T15:51:29.621+0000] {processor.py:753} INFO - DAG(s) dict_keys(['dag_taskflow_apiv1']) retrieved from /opt/airflow/dags/dag_taskflow_api.py
[2023-02-10T15:51:29.682+0000] {logging_mixin.py:137} INFO - [2023-02-10T15:51:29.682+0000] {dag.py:2690} INFO - Sync 1 DAGs
[2023-02-10T15:51:29.708+0000] {logging_mixin.py:137} INFO - [2023-02-10T15:51:29.708+0000] {dag.py:3441} INFO - Setting next_dagrun for dag_taskflow_apiv1 to 2023-02-09T15:52:00+00:00, run_after=2023-02-10T15:52:00+00:00
[2023-02-10T15:51:29.733+0000] {processor.py:175} INFO - Processing /opt/airflow/dags/dag_taskflow_api.py took 0.135 seconds
[2023-02-10T15:51:59.975+0000] {processor.py:153} INFO - Started process (PID=1444) to work on /opt/airflow/dags/dag_taskflow_api.py
[2023-02-10T15:51:59.987+0000] {processor.py:743} INFO - Processing file /opt/airflow/dags/dag_taskflow_api.py for tasks to queue
[2023-02-10T15:51:59.987+0000] {logging_mixin.py:137} INFO - [2023-02-10T15:51:59.987+0000] {dagbag.py:538} INFO - Filling up the DagBag from /opt/airflow/dags/dag_taskflow_api.py
[2023-02-10T15:52:00.003+0000] {logging_mixin.py:137} INFO - [2023-02-10T15:52:00.003+0000] {taskmixin.py:205} WARNING - Dependency <Task(_PythonDecoratedOperator): get_name>, greeting already registered for DAG: dag_taskflow_apiv1
[2023-02-10T15:52:00.003+0000] {logging_mixin.py:137} INFO - [2023-02-10T15:52:00.003+0000] {taskmixin.py:205} WARNING - Dependency <Task(_PythonDecoratedOperator): greeting>, get_name already registered for DAG: dag_taskflow_apiv1
[2023-02-10T15:52:00.007+0000] {processor.py:753} INFO - DAG(s) dict_keys(['dag_taskflow_apiv1']) retrieved from /opt/airflow/dags/dag_taskflow_api.py
[2023-02-10T15:52:00.028+0000] {logging_mixin.py:137} INFO - [2023-02-10T15:52:00.028+0000] {dag.py:2690} INFO - Sync 1 DAGs
[2023-02-10T15:52:00.054+0000] {logging_mixin.py:137} INFO - [2023-02-10T15:52:00.054+0000] {dag.py:3441} INFO - Setting next_dagrun for dag_taskflow_apiv1 to 2023-02-09T15:52:00+00:00, run_after=2023-02-10T15:52:00+00:00
[2023-02-10T15:52:00.071+0000] {processor.py:175} INFO - Processing /opt/airflow/dags/dag_taskflow_api.py took 0.098 seconds
[2023-02-10T15:52:30.360+0000] {processor.py:153} INFO - Started process (PID=1495) to work on /opt/airflow/dags/dag_taskflow_api.py
[2023-02-10T15:52:30.371+0000] {processor.py:743} INFO - Processing file /opt/airflow/dags/dag_taskflow_api.py for tasks to queue
[2023-02-10T15:52:30.372+0000] {logging_mixin.py:137} INFO - [2023-02-10T15:52:30.372+0000] {dagbag.py:538} INFO - Filling up the DagBag from /opt/airflow/dags/dag_taskflow_api.py
[2023-02-10T15:52:30.392+0000] {logging_mixin.py:137} INFO - [2023-02-10T15:52:30.391+0000] {taskmixin.py:205} WARNING - Dependency <Task(_PythonDecoratedOperator): get_name>, greeting already registered for DAG: dag_taskflow_apiv1
[2023-02-10T15:52:30.392+0000] {logging_mixin.py:137} INFO - [2023-02-10T15:52:30.392+0000] {taskmixin.py:205} WARNING - Dependency <Task(_PythonDecoratedOperator): greeting>, get_name already registered for DAG: dag_taskflow_apiv1
[2023-02-10T15:52:30.396+0000] {processor.py:753} INFO - DAG(s) dict_keys(['dag_taskflow_apiv1']) retrieved from /opt/airflow/dags/dag_taskflow_api.py
[2023-02-10T15:52:30.418+0000] {logging_mixin.py:137} INFO - [2023-02-10T15:52:30.418+0000] {dag.py:2690} INFO - Sync 1 DAGs
[2023-02-10T15:52:30.445+0000] {logging_mixin.py:137} INFO - [2023-02-10T15:52:30.445+0000] {dag.py:3441} INFO - Setting next_dagrun for dag_taskflow_apiv1 to 2023-02-10T15:52:00+00:00, run_after=2023-02-11T15:52:00+00:00
[2023-02-10T15:52:30.466+0000] {processor.py:175} INFO - Processing /opt/airflow/dags/dag_taskflow_api.py took 0.108 seconds
[2023-02-10T15:53:00.792+0000] {processor.py:153} INFO - Started process (PID=1527) to work on /opt/airflow/dags/dag_taskflow_api.py
[2023-02-10T15:53:00.793+0000] {processor.py:743} INFO - Processing file /opt/airflow/dags/dag_taskflow_api.py for tasks to queue
[2023-02-10T15:53:00.794+0000] {logging_mixin.py:137} INFO - [2023-02-10T15:53:00.794+0000] {dagbag.py:538} INFO - Filling up the DagBag from /opt/airflow/dags/dag_taskflow_api.py
[2023-02-10T15:53:00.830+0000] {logging_mixin.py:137} INFO - [2023-02-10T15:53:00.830+0000] {taskmixin.py:205} WARNING - Dependency <Task(_PythonDecoratedOperator): get_name>, greeting already registered for DAG: dag_taskflow_apiv1
[2023-02-10T15:53:00.831+0000] {logging_mixin.py:137} INFO - [2023-02-10T15:53:00.831+0000] {taskmixin.py:205} WARNING - Dependency <Task(_PythonDecoratedOperator): greeting>, get_name already registered for DAG: dag_taskflow_apiv1
[2023-02-10T15:53:00.836+0000] {processor.py:753} INFO - DAG(s) dict_keys(['dag_taskflow_apiv1']) retrieved from /opt/airflow/dags/dag_taskflow_api.py
[2023-02-10T15:53:00.858+0000] {logging_mixin.py:137} INFO - [2023-02-10T15:53:00.857+0000] {dag.py:2690} INFO - Sync 1 DAGs
[2023-02-10T15:53:00.890+0000] {logging_mixin.py:137} INFO - [2023-02-10T15:53:00.890+0000] {dag.py:3441} INFO - Setting next_dagrun for dag_taskflow_apiv1 to 2023-02-10T15:52:00+00:00, run_after=2023-02-11T15:52:00+00:00
[2023-02-10T15:53:00.909+0000] {processor.py:175} INFO - Processing /opt/airflow/dags/dag_taskflow_api.py took 0.122 seconds
[2023-02-10T15:53:31.098+0000] {processor.py:153} INFO - Started process (PID=1574) to work on /opt/airflow/dags/dag_taskflow_api.py
[2023-02-10T15:53:31.099+0000] {processor.py:743} INFO - Processing file /opt/airflow/dags/dag_taskflow_api.py for tasks to queue
[2023-02-10T15:53:31.100+0000] {logging_mixin.py:137} INFO - [2023-02-10T15:53:31.100+0000] {dagbag.py:538} INFO - Filling up the DagBag from /opt/airflow/dags/dag_taskflow_api.py
[2023-02-10T15:53:31.117+0000] {logging_mixin.py:137} INFO - [2023-02-10T15:53:31.116+0000] {taskmixin.py:205} WARNING - Dependency <Task(_PythonDecoratedOperator): get_name>, greeting already registered for DAG: dag_taskflow_apiv1
[2023-02-10T15:53:31.117+0000] {logging_mixin.py:137} INFO - [2023-02-10T15:53:31.117+0000] {taskmixin.py:205} WARNING - Dependency <Task(_PythonDecoratedOperator): greeting>, get_name already registered for DAG: dag_taskflow_apiv1
[2023-02-10T15:53:31.121+0000] {processor.py:753} INFO - DAG(s) dict_keys(['dag_taskflow_apiv1']) retrieved from /opt/airflow/dags/dag_taskflow_api.py
[2023-02-10T15:53:31.146+0000] {logging_mixin.py:137} INFO - [2023-02-10T15:53:31.146+0000] {dag.py:2690} INFO - Sync 1 DAGs
[2023-02-10T15:53:31.172+0000] {logging_mixin.py:137} INFO - [2023-02-10T15:53:31.172+0000] {dag.py:3441} INFO - Setting next_dagrun for dag_taskflow_apiv1 to 2023-02-10T15:52:00+00:00, run_after=2023-02-11T15:52:00+00:00
[2023-02-10T15:53:31.196+0000] {processor.py:175} INFO - Processing /opt/airflow/dags/dag_taskflow_api.py took 0.101 seconds
[2023-02-10T15:54:01.428+0000] {processor.py:153} INFO - Started process (PID=1606) to work on /opt/airflow/dags/dag_taskflow_api.py
[2023-02-10T15:54:01.429+0000] {processor.py:743} INFO - Processing file /opt/airflow/dags/dag_taskflow_api.py for tasks to queue
[2023-02-10T15:54:01.430+0000] {logging_mixin.py:137} INFO - [2023-02-10T15:54:01.430+0000] {dagbag.py:538} INFO - Filling up the DagBag from /opt/airflow/dags/dag_taskflow_api.py
[2023-02-10T15:54:01.446+0000] {logging_mixin.py:137} INFO - [2023-02-10T15:54:01.445+0000] {taskmixin.py:205} WARNING - Dependency <Task(_PythonDecoratedOperator): get_name>, greeting already registered for DAG: dag_taskflow_apiv1
[2023-02-10T15:54:01.446+0000] {logging_mixin.py:137} INFO - [2023-02-10T15:54:01.446+0000] {taskmixin.py:205} WARNING - Dependency <Task(_PythonDecoratedOperator): greeting>, get_name already registered for DAG: dag_taskflow_apiv1
[2023-02-10T15:54:01.450+0000] {processor.py:753} INFO - DAG(s) dict_keys(['dag_taskflow_apiv1']) retrieved from /opt/airflow/dags/dag_taskflow_api.py
[2023-02-10T15:54:01.474+0000] {logging_mixin.py:137} INFO - [2023-02-10T15:54:01.473+0000] {dag.py:2690} INFO - Sync 1 DAGs
[2023-02-10T15:54:01.498+0000] {logging_mixin.py:137} INFO - [2023-02-10T15:54:01.498+0000] {dag.py:3441} INFO - Setting next_dagrun for dag_taskflow_apiv1 to 2023-02-10T15:52:00+00:00, run_after=2023-02-11T15:52:00+00:00
[2023-02-10T15:54:01.516+0000] {processor.py:175} INFO - Processing /opt/airflow/dags/dag_taskflow_api.py took 0.090 seconds
[2023-02-10T15:54:31.776+0000] {processor.py:153} INFO - Started process (PID=1652) to work on /opt/airflow/dags/dag_taskflow_api.py
[2023-02-10T15:54:31.778+0000] {processor.py:743} INFO - Processing file /opt/airflow/dags/dag_taskflow_api.py for tasks to queue
[2023-02-10T15:54:31.778+0000] {logging_mixin.py:137} INFO - [2023-02-10T15:54:31.778+0000] {dagbag.py:538} INFO - Filling up the DagBag from /opt/airflow/dags/dag_taskflow_api.py
[2023-02-10T15:54:31.799+0000] {logging_mixin.py:137} INFO - [2023-02-10T15:54:31.799+0000] {taskmixin.py:205} WARNING - Dependency <Task(_PythonDecoratedOperator): get_name>, greeting already registered for DAG: dag_taskflow_apiv1
[2023-02-10T15:54:31.799+0000] {logging_mixin.py:137} INFO - [2023-02-10T15:54:31.799+0000] {taskmixin.py:205} WARNING - Dependency <Task(_PythonDecoratedOperator): greeting>, get_name already registered for DAG: dag_taskflow_apiv1
[2023-02-10T15:54:31.804+0000] {processor.py:753} INFO - DAG(s) dict_keys(['dag_taskflow_apiv1']) retrieved from /opt/airflow/dags/dag_taskflow_api.py
[2023-02-10T15:54:31.825+0000] {logging_mixin.py:137} INFO - [2023-02-10T15:54:31.825+0000] {dag.py:2690} INFO - Sync 1 DAGs
[2023-02-10T15:54:31.855+0000] {logging_mixin.py:137} INFO - [2023-02-10T15:54:31.854+0000] {dag.py:3441} INFO - Setting next_dagrun for dag_taskflow_apiv1 to 2023-02-10T15:52:00+00:00, run_after=2023-02-11T15:52:00+00:00
[2023-02-10T15:54:31.877+0000] {processor.py:175} INFO - Processing /opt/airflow/dags/dag_taskflow_api.py took 0.105 seconds
[2023-02-10T15:55:02.117+0000] {processor.py:153} INFO - Started process (PID=1684) to work on /opt/airflow/dags/dag_taskflow_api.py
[2023-02-10T15:55:02.117+0000] {processor.py:743} INFO - Processing file /opt/airflow/dags/dag_taskflow_api.py for tasks to queue
[2023-02-10T15:55:02.118+0000] {logging_mixin.py:137} INFO - [2023-02-10T15:55:02.118+0000] {dagbag.py:538} INFO - Filling up the DagBag from /opt/airflow/dags/dag_taskflow_api.py
[2023-02-10T15:55:02.133+0000] {logging_mixin.py:137} INFO - [2023-02-10T15:55:02.133+0000] {taskmixin.py:205} WARNING - Dependency <Task(_PythonDecoratedOperator): get_name>, greeting already registered for DAG: dag_taskflow_apiv1
[2023-02-10T15:55:02.133+0000] {logging_mixin.py:137} INFO - [2023-02-10T15:55:02.133+0000] {taskmixin.py:205} WARNING - Dependency <Task(_PythonDecoratedOperator): greeting>, get_name already registered for DAG: dag_taskflow_apiv1
[2023-02-10T15:55:02.137+0000] {processor.py:753} INFO - DAG(s) dict_keys(['dag_taskflow_apiv1']) retrieved from /opt/airflow/dags/dag_taskflow_api.py
[2023-02-10T15:55:02.158+0000] {logging_mixin.py:137} INFO - [2023-02-10T15:55:02.158+0000] {dag.py:2690} INFO - Sync 1 DAGs
[2023-02-10T15:55:02.182+0000] {logging_mixin.py:137} INFO - [2023-02-10T15:55:02.182+0000] {dag.py:3441} INFO - Setting next_dagrun for dag_taskflow_apiv1 to 2023-02-10T15:52:00+00:00, run_after=2023-02-11T15:52:00+00:00
[2023-02-10T15:55:02.200+0000] {processor.py:175} INFO - Processing /opt/airflow/dags/dag_taskflow_api.py took 0.085 seconds
[2023-02-10T15:55:32.486+0000] {processor.py:153} INFO - Started process (PID=1730) to work on /opt/airflow/dags/dag_taskflow_api.py
[2023-02-10T15:55:32.489+0000] {processor.py:743} INFO - Processing file /opt/airflow/dags/dag_taskflow_api.py for tasks to queue
[2023-02-10T15:55:32.490+0000] {logging_mixin.py:137} INFO - [2023-02-10T15:55:32.490+0000] {dagbag.py:538} INFO - Filling up the DagBag from /opt/airflow/dags/dag_taskflow_api.py
[2023-02-10T15:55:32.527+0000] {logging_mixin.py:137} INFO - [2023-02-10T15:55:32.526+0000] {taskmixin.py:205} WARNING - Dependency <Task(_PythonDecoratedOperator): get_name>, greeting already registered for DAG: dag_taskflow_apiv1
[2023-02-10T15:55:32.534+0000] {logging_mixin.py:137} INFO - [2023-02-10T15:55:32.533+0000] {taskmixin.py:205} WARNING - Dependency <Task(_PythonDecoratedOperator): greeting>, get_name already registered for DAG: dag_taskflow_apiv1
[2023-02-10T15:55:32.541+0000] {processor.py:753} INFO - DAG(s) dict_keys(['dag_taskflow_apiv1']) retrieved from /opt/airflow/dags/dag_taskflow_api.py
[2023-02-10T15:55:32.572+0000] {logging_mixin.py:137} INFO - [2023-02-10T15:55:32.572+0000] {dag.py:2690} INFO - Sync 1 DAGs
[2023-02-10T15:55:32.598+0000] {logging_mixin.py:137} INFO - [2023-02-10T15:55:32.598+0000] {dag.py:3441} INFO - Setting next_dagrun for dag_taskflow_apiv1 to 2023-02-10T15:52:00+00:00, run_after=2023-02-11T15:52:00+00:00
[2023-02-10T15:55:32.620+0000] {processor.py:175} INFO - Processing /opt/airflow/dags/dag_taskflow_api.py took 0.139 seconds
[2023-02-10T15:56:02.835+0000] {processor.py:153} INFO - Started process (PID=1763) to work on /opt/airflow/dags/dag_taskflow_api.py
[2023-02-10T15:56:02.847+0000] {processor.py:743} INFO - Processing file /opt/airflow/dags/dag_taskflow_api.py for tasks to queue
[2023-02-10T15:56:02.848+0000] {logging_mixin.py:137} INFO - [2023-02-10T15:56:02.848+0000] {dagbag.py:538} INFO - Filling up the DagBag from /opt/airflow/dags/dag_taskflow_api.py
[2023-02-10T15:56:02.885+0000] {logging_mixin.py:137} INFO - [2023-02-10T15:56:02.885+0000] {taskmixin.py:205} WARNING - Dependency <Task(_PythonDecoratedOperator): get_name>, greeting already registered for DAG: dag_taskflow_apiv1
[2023-02-10T15:56:02.886+0000] {logging_mixin.py:137} INFO - [2023-02-10T15:56:02.886+0000] {taskmixin.py:205} WARNING - Dependency <Task(_PythonDecoratedOperator): greeting>, get_name already registered for DAG: dag_taskflow_apiv1
[2023-02-10T15:56:02.894+0000] {processor.py:753} INFO - DAG(s) dict_keys(['dag_taskflow_apiv1']) retrieved from /opt/airflow/dags/dag_taskflow_api.py
[2023-02-10T15:56:02.916+0000] {logging_mixin.py:137} INFO - [2023-02-10T15:56:02.916+0000] {dag.py:2690} INFO - Sync 1 DAGs
[2023-02-10T15:56:02.942+0000] {logging_mixin.py:137} INFO - [2023-02-10T15:56:02.942+0000] {dag.py:3441} INFO - Setting next_dagrun for dag_taskflow_apiv1 to 2023-02-10T15:52:00+00:00, run_after=2023-02-11T15:52:00+00:00
[2023-02-10T15:56:02.960+0000] {processor.py:175} INFO - Processing /opt/airflow/dags/dag_taskflow_api.py took 0.129 seconds
[2023-02-10T15:56:33.171+0000] {processor.py:153} INFO - Started process (PID=1803) to work on /opt/airflow/dags/dag_taskflow_api.py
[2023-02-10T15:56:33.172+0000] {processor.py:743} INFO - Processing file /opt/airflow/dags/dag_taskflow_api.py for tasks to queue
[2023-02-10T15:56:33.172+0000] {logging_mixin.py:137} INFO - [2023-02-10T15:56:33.172+0000] {dagbag.py:538} INFO - Filling up the DagBag from /opt/airflow/dags/dag_taskflow_api.py
[2023-02-10T15:56:33.211+0000] {logging_mixin.py:137} INFO - [2023-02-10T15:56:33.211+0000] {taskmixin.py:205} WARNING - Dependency <Task(_PythonDecoratedOperator): get_name>, greeting already registered for DAG: dag_taskflow_apiv1
[2023-02-10T15:56:33.214+0000] {logging_mixin.py:137} INFO - [2023-02-10T15:56:33.213+0000] {taskmixin.py:205} WARNING - Dependency <Task(_PythonDecoratedOperator): greeting>, get_name already registered for DAG: dag_taskflow_apiv1
[2023-02-10T15:56:33.227+0000] {processor.py:753} INFO - DAG(s) dict_keys(['dag_taskflow_apiv1']) retrieved from /opt/airflow/dags/dag_taskflow_api.py
[2023-02-10T15:56:33.282+0000] {logging_mixin.py:137} INFO - [2023-02-10T15:56:33.282+0000] {dag.py:2690} INFO - Sync 1 DAGs
[2023-02-10T15:56:33.308+0000] {logging_mixin.py:137} INFO - [2023-02-10T15:56:33.307+0000] {dag.py:3441} INFO - Setting next_dagrun for dag_taskflow_apiv1 to 2023-02-10T15:52:00+00:00, run_after=2023-02-11T15:52:00+00:00
[2023-02-10T15:56:33.330+0000] {processor.py:175} INFO - Processing /opt/airflow/dags/dag_taskflow_api.py took 0.161 seconds
[2023-02-10T15:57:03.527+0000] {processor.py:153} INFO - Started process (PID=1840) to work on /opt/airflow/dags/dag_taskflow_api.py
[2023-02-10T15:57:03.528+0000] {processor.py:743} INFO - Processing file /opt/airflow/dags/dag_taskflow_api.py for tasks to queue
[2023-02-10T15:57:03.529+0000] {logging_mixin.py:137} INFO - [2023-02-10T15:57:03.529+0000] {dagbag.py:538} INFO - Filling up the DagBag from /opt/airflow/dags/dag_taskflow_api.py
[2023-02-10T15:57:03.567+0000] {logging_mixin.py:137} INFO - [2023-02-10T15:57:03.567+0000] {taskmixin.py:205} WARNING - Dependency <Task(_PythonDecoratedOperator): get_name>, greeting already registered for DAG: dag_taskflow_apiv1
[2023-02-10T15:57:03.567+0000] {logging_mixin.py:137} INFO - [2023-02-10T15:57:03.567+0000] {taskmixin.py:205} WARNING - Dependency <Task(_PythonDecoratedOperator): greeting>, get_name already registered for DAG: dag_taskflow_apiv1
[2023-02-10T15:57:03.573+0000] {processor.py:753} INFO - DAG(s) dict_keys(['dag_taskflow_apiv1']) retrieved from /opt/airflow/dags/dag_taskflow_api.py
[2023-02-10T15:57:03.593+0000] {logging_mixin.py:137} INFO - [2023-02-10T15:57:03.593+0000] {dag.py:2690} INFO - Sync 1 DAGs
[2023-02-10T15:57:03.617+0000] {logging_mixin.py:137} INFO - [2023-02-10T15:57:03.617+0000] {dag.py:3441} INFO - Setting next_dagrun for dag_taskflow_apiv1 to 2023-02-10T15:52:00+00:00, run_after=2023-02-11T15:52:00+00:00
[2023-02-10T15:57:03.634+0000] {processor.py:175} INFO - Processing /opt/airflow/dags/dag_taskflow_api.py took 0.112 seconds
[2023-02-10T15:57:33.943+0000] {processor.py:153} INFO - Started process (PID=1886) to work on /opt/airflow/dags/dag_taskflow_api.py
[2023-02-10T15:57:33.943+0000] {processor.py:743} INFO - Processing file /opt/airflow/dags/dag_taskflow_api.py for tasks to queue
[2023-02-10T15:57:33.944+0000] {logging_mixin.py:137} INFO - [2023-02-10T15:57:33.944+0000] {dagbag.py:538} INFO - Filling up the DagBag from /opt/airflow/dags/dag_taskflow_api.py
[2023-02-10T15:57:33.994+0000] {logging_mixin.py:137} INFO - [2023-02-10T15:57:33.993+0000] {taskmixin.py:205} WARNING - Dependency <Task(_PythonDecoratedOperator): get_name>, greeting already registered for DAG: dag_taskflow_apiv1
[2023-02-10T15:57:33.994+0000] {logging_mixin.py:137} INFO - [2023-02-10T15:57:33.994+0000] {taskmixin.py:205} WARNING - Dependency <Task(_PythonDecoratedOperator): greeting>, get_name already registered for DAG: dag_taskflow_apiv1
[2023-02-10T15:57:34.005+0000] {processor.py:753} INFO - DAG(s) dict_keys(['dag_taskflow_apiv1']) retrieved from /opt/airflow/dags/dag_taskflow_api.py
[2023-02-10T15:57:34.038+0000] {logging_mixin.py:137} INFO - [2023-02-10T15:57:34.038+0000] {dag.py:2690} INFO - Sync 1 DAGs
[2023-02-10T15:57:34.067+0000] {logging_mixin.py:137} INFO - [2023-02-10T15:57:34.067+0000] {dag.py:3441} INFO - Setting next_dagrun for dag_taskflow_apiv1 to 2023-02-10T15:52:00+00:00, run_after=2023-02-11T15:52:00+00:00
[2023-02-10T15:57:34.095+0000] {processor.py:175} INFO - Processing /opt/airflow/dags/dag_taskflow_api.py took 0.155 seconds
[2023-02-10T15:58:04.342+0000] {processor.py:153} INFO - Started process (PID=1918) to work on /opt/airflow/dags/dag_taskflow_api.py
[2023-02-10T15:58:04.344+0000] {processor.py:743} INFO - Processing file /opt/airflow/dags/dag_taskflow_api.py for tasks to queue
[2023-02-10T15:58:04.345+0000] {logging_mixin.py:137} INFO - [2023-02-10T15:58:04.344+0000] {dagbag.py:538} INFO - Filling up the DagBag from /opt/airflow/dags/dag_taskflow_api.py
[2023-02-10T15:58:04.381+0000] {logging_mixin.py:137} INFO - [2023-02-10T15:58:04.381+0000] {taskmixin.py:205} WARNING - Dependency <Task(_PythonDecoratedOperator): get_name>, greeting already registered for DAG: dag_taskflow_apiv1
[2023-02-10T15:58:04.382+0000] {logging_mixin.py:137} INFO - [2023-02-10T15:58:04.381+0000] {taskmixin.py:205} WARNING - Dependency <Task(_PythonDecoratedOperator): greeting>, get_name already registered for DAG: dag_taskflow_apiv1
[2023-02-10T15:58:04.388+0000] {processor.py:753} INFO - DAG(s) dict_keys(['dag_taskflow_apiv1']) retrieved from /opt/airflow/dags/dag_taskflow_api.py
[2023-02-10T15:58:04.409+0000] {logging_mixin.py:137} INFO - [2023-02-10T15:58:04.408+0000] {dag.py:2690} INFO - Sync 1 DAGs
[2023-02-10T15:58:04.435+0000] {logging_mixin.py:137} INFO - [2023-02-10T15:58:04.435+0000] {dag.py:3441} INFO - Setting next_dagrun for dag_taskflow_apiv1 to 2023-02-10T15:52:00+00:00, run_after=2023-02-11T15:52:00+00:00
[2023-02-10T15:58:04.453+0000] {processor.py:175} INFO - Processing /opt/airflow/dags/dag_taskflow_api.py took 0.115 seconds
[2023-02-10T15:58:34.746+0000] {processor.py:153} INFO - Started process (PID=1962) to work on /opt/airflow/dags/dag_taskflow_api.py
[2023-02-10T15:58:34.747+0000] {processor.py:743} INFO - Processing file /opt/airflow/dags/dag_taskflow_api.py for tasks to queue
[2023-02-10T15:58:34.748+0000] {logging_mixin.py:137} INFO - [2023-02-10T15:58:34.748+0000] {dagbag.py:538} INFO - Filling up the DagBag from /opt/airflow/dags/dag_taskflow_api.py
[2023-02-10T15:58:34.775+0000] {logging_mixin.py:137} INFO - [2023-02-10T15:58:34.774+0000] {taskmixin.py:205} WARNING - Dependency <Task(_PythonDecoratedOperator): get_name>, greeting already registered for DAG: dag_taskflow_apiv1
[2023-02-10T15:58:34.775+0000] {logging_mixin.py:137} INFO - [2023-02-10T15:58:34.775+0000] {taskmixin.py:205} WARNING - Dependency <Task(_PythonDecoratedOperator): greeting>, get_name already registered for DAG: dag_taskflow_apiv1
[2023-02-10T15:58:34.779+0000] {processor.py:753} INFO - DAG(s) dict_keys(['dag_taskflow_apiv1']) retrieved from /opt/airflow/dags/dag_taskflow_api.py
[2023-02-10T15:58:34.801+0000] {logging_mixin.py:137} INFO - [2023-02-10T15:58:34.800+0000] {dag.py:2690} INFO - Sync 1 DAGs
[2023-02-10T15:58:34.826+0000] {logging_mixin.py:137} INFO - [2023-02-10T15:58:34.826+0000] {dag.py:3441} INFO - Setting next_dagrun for dag_taskflow_apiv1 to 2023-02-10T15:52:00+00:00, run_after=2023-02-11T15:52:00+00:00
[2023-02-10T15:58:34.847+0000] {processor.py:175} INFO - Processing /opt/airflow/dags/dag_taskflow_api.py took 0.105 seconds
[2023-02-10T15:59:05.140+0000] {processor.py:153} INFO - Started process (PID=1994) to work on /opt/airflow/dags/dag_taskflow_api.py
[2023-02-10T15:59:05.151+0000] {processor.py:743} INFO - Processing file /opt/airflow/dags/dag_taskflow_api.py for tasks to queue
[2023-02-10T15:59:05.152+0000] {logging_mixin.py:137} INFO - [2023-02-10T15:59:05.152+0000] {dagbag.py:538} INFO - Filling up the DagBag from /opt/airflow/dags/dag_taskflow_api.py
[2023-02-10T15:59:05.183+0000] {logging_mixin.py:137} INFO - [2023-02-10T15:59:05.183+0000] {taskmixin.py:205} WARNING - Dependency <Task(_PythonDecoratedOperator): get_name>, greeting already registered for DAG: dag_taskflow_apiv1
[2023-02-10T15:59:05.183+0000] {logging_mixin.py:137} INFO - [2023-02-10T15:59:05.183+0000] {taskmixin.py:205} WARNING - Dependency <Task(_PythonDecoratedOperator): greeting>, get_name already registered for DAG: dag_taskflow_apiv1
[2023-02-10T15:59:05.187+0000] {processor.py:753} INFO - DAG(s) dict_keys(['dag_taskflow_apiv1']) retrieved from /opt/airflow/dags/dag_taskflow_api.py
[2023-02-10T15:59:05.210+0000] {logging_mixin.py:137} INFO - [2023-02-10T15:59:05.210+0000] {dag.py:2690} INFO - Sync 1 DAGs
[2023-02-10T15:59:05.241+0000] {logging_mixin.py:137} INFO - [2023-02-10T15:59:05.241+0000] {dag.py:3441} INFO - Setting next_dagrun for dag_taskflow_apiv1 to 2023-02-10T15:52:00+00:00, run_after=2023-02-11T15:52:00+00:00
[2023-02-10T15:59:05.258+0000] {processor.py:175} INFO - Processing /opt/airflow/dags/dag_taskflow_api.py took 0.123 seconds
[2023-02-10T15:59:35.518+0000] {processor.py:153} INFO - Started process (PID=2039) to work on /opt/airflow/dags/dag_taskflow_api.py
[2023-02-10T15:59:35.518+0000] {processor.py:743} INFO - Processing file /opt/airflow/dags/dag_taskflow_api.py for tasks to queue
[2023-02-10T15:59:35.519+0000] {logging_mixin.py:137} INFO - [2023-02-10T15:59:35.519+0000] {dagbag.py:538} INFO - Filling up the DagBag from /opt/airflow/dags/dag_taskflow_api.py
[2023-02-10T15:59:35.542+0000] {logging_mixin.py:137} INFO - [2023-02-10T15:59:35.542+0000] {taskmixin.py:205} WARNING - Dependency <Task(_PythonDecoratedOperator): get_name>, greeting already registered for DAG: dag_taskflow_apiv1
[2023-02-10T15:59:35.542+0000] {logging_mixin.py:137} INFO - [2023-02-10T15:59:35.542+0000] {taskmixin.py:205} WARNING - Dependency <Task(_PythonDecoratedOperator): greeting>, get_name already registered for DAG: dag_taskflow_apiv1
[2023-02-10T15:59:35.547+0000] {processor.py:753} INFO - DAG(s) dict_keys(['dag_taskflow_apiv1']) retrieved from /opt/airflow/dags/dag_taskflow_api.py
[2023-02-10T15:59:35.573+0000] {logging_mixin.py:137} INFO - [2023-02-10T15:59:35.573+0000] {dag.py:2690} INFO - Sync 1 DAGs
[2023-02-10T15:59:35.609+0000] {logging_mixin.py:137} INFO - [2023-02-10T15:59:35.609+0000] {dag.py:3441} INFO - Setting next_dagrun for dag_taskflow_apiv1 to 2023-02-10T15:52:00+00:00, run_after=2023-02-11T15:52:00+00:00
[2023-02-10T15:59:35.641+0000] {processor.py:175} INFO - Processing /opt/airflow/dags/dag_taskflow_api.py took 0.126 seconds
[2023-02-10T16:00:05.938+0000] {processor.py:153} INFO - Started process (PID=2071) to work on /opt/airflow/dags/dag_taskflow_api.py
[2023-02-10T16:00:05.939+0000] {processor.py:743} INFO - Processing file /opt/airflow/dags/dag_taskflow_api.py for tasks to queue
[2023-02-10T16:00:05.940+0000] {logging_mixin.py:137} INFO - [2023-02-10T16:00:05.940+0000] {dagbag.py:538} INFO - Filling up the DagBag from /opt/airflow/dags/dag_taskflow_api.py
[2023-02-10T16:00:05.979+0000] {logging_mixin.py:137} INFO - [2023-02-10T16:00:05.978+0000] {taskmixin.py:205} WARNING - Dependency <Task(_PythonDecoratedOperator): get_name>, greeting already registered for DAG: dag_taskflow_apiv1
[2023-02-10T16:00:05.979+0000] {logging_mixin.py:137} INFO - [2023-02-10T16:00:05.979+0000] {taskmixin.py:205} WARNING - Dependency <Task(_PythonDecoratedOperator): greeting>, get_name already registered for DAG: dag_taskflow_apiv1
[2023-02-10T16:00:05.989+0000] {processor.py:753} INFO - DAG(s) dict_keys(['dag_taskflow_apiv1']) retrieved from /opt/airflow/dags/dag_taskflow_api.py
[2023-02-10T16:00:06.011+0000] {logging_mixin.py:137} INFO - [2023-02-10T16:00:06.010+0000] {dag.py:2690} INFO - Sync 1 DAGs
[2023-02-10T16:00:06.037+0000] {logging_mixin.py:137} INFO - [2023-02-10T16:00:06.037+0000] {dag.py:3441} INFO - Setting next_dagrun for dag_taskflow_apiv1 to 2023-02-10T15:52:00+00:00, run_after=2023-02-11T15:52:00+00:00
[2023-02-10T16:00:06.059+0000] {processor.py:175} INFO - Processing /opt/airflow/dags/dag_taskflow_api.py took 0.126 seconds
[2023-02-10T16:00:36.316+0000] {processor.py:153} INFO - Started process (PID=2117) to work on /opt/airflow/dags/dag_taskflow_api.py
[2023-02-10T16:00:36.327+0000] {processor.py:743} INFO - Processing file /opt/airflow/dags/dag_taskflow_api.py for tasks to queue
[2023-02-10T16:00:36.328+0000] {logging_mixin.py:137} INFO - [2023-02-10T16:00:36.328+0000] {dagbag.py:538} INFO - Filling up the DagBag from /opt/airflow/dags/dag_taskflow_api.py
[2023-02-10T16:00:36.345+0000] {logging_mixin.py:137} INFO - [2023-02-10T16:00:36.345+0000] {taskmixin.py:205} WARNING - Dependency <Task(_PythonDecoratedOperator): get_name>, greeting already registered for DAG: dag_taskflow_apiv1
[2023-02-10T16:00:36.346+0000] {logging_mixin.py:137} INFO - [2023-02-10T16:00:36.346+0000] {taskmixin.py:205} WARNING - Dependency <Task(_PythonDecoratedOperator): greeting>, get_name already registered for DAG: dag_taskflow_apiv1
[2023-02-10T16:00:36.350+0000] {processor.py:753} INFO - DAG(s) dict_keys(['dag_taskflow_apiv1']) retrieved from /opt/airflow/dags/dag_taskflow_api.py
[2023-02-10T16:00:36.372+0000] {logging_mixin.py:137} INFO - [2023-02-10T16:00:36.372+0000] {dag.py:2690} INFO - Sync 1 DAGs
[2023-02-10T16:00:36.403+0000] {logging_mixin.py:137} INFO - [2023-02-10T16:00:36.403+0000] {dag.py:3441} INFO - Setting next_dagrun for dag_taskflow_apiv1 to 2023-02-10T15:52:00+00:00, run_after=2023-02-11T15:52:00+00:00
[2023-02-10T16:00:36.426+0000] {processor.py:175} INFO - Processing /opt/airflow/dags/dag_taskflow_api.py took 0.113 seconds
[2023-02-10T16:01:06.652+0000] {processor.py:153} INFO - Started process (PID=2149) to work on /opt/airflow/dags/dag_taskflow_api.py
[2023-02-10T16:01:06.653+0000] {processor.py:743} INFO - Processing file /opt/airflow/dags/dag_taskflow_api.py for tasks to queue
[2023-02-10T16:01:06.653+0000] {logging_mixin.py:137} INFO - [2023-02-10T16:01:06.653+0000] {dagbag.py:538} INFO - Filling up the DagBag from /opt/airflow/dags/dag_taskflow_api.py
[2023-02-10T16:01:06.668+0000] {logging_mixin.py:137} INFO - [2023-02-10T16:01:06.668+0000] {taskmixin.py:205} WARNING - Dependency <Task(_PythonDecoratedOperator): get_name>, greeting already registered for DAG: dag_taskflow_apiv1
[2023-02-10T16:01:06.669+0000] {logging_mixin.py:137} INFO - [2023-02-10T16:01:06.669+0000] {taskmixin.py:205} WARNING - Dependency <Task(_PythonDecoratedOperator): greeting>, get_name already registered for DAG: dag_taskflow_apiv1
[2023-02-10T16:01:06.673+0000] {processor.py:753} INFO - DAG(s) dict_keys(['dag_taskflow_apiv1']) retrieved from /opt/airflow/dags/dag_taskflow_api.py
[2023-02-10T16:01:06.695+0000] {logging_mixin.py:137} INFO - [2023-02-10T16:01:06.695+0000] {dag.py:2690} INFO - Sync 1 DAGs
[2023-02-10T16:01:06.723+0000] {logging_mixin.py:137} INFO - [2023-02-10T16:01:06.723+0000] {dag.py:3441} INFO - Setting next_dagrun for dag_taskflow_apiv1 to 2023-02-10T15:52:00+00:00, run_after=2023-02-11T15:52:00+00:00
[2023-02-10T16:01:06.742+0000] {processor.py:175} INFO - Processing /opt/airflow/dags/dag_taskflow_api.py took 0.092 seconds
[2023-02-10T16:01:36.998+0000] {processor.py:153} INFO - Started process (PID=2190) to work on /opt/airflow/dags/dag_taskflow_api.py
[2023-02-10T16:01:37.010+0000] {processor.py:743} INFO - Processing file /opt/airflow/dags/dag_taskflow_api.py for tasks to queue
[2023-02-10T16:01:37.010+0000] {logging_mixin.py:137} INFO - [2023-02-10T16:01:37.010+0000] {dagbag.py:538} INFO - Filling up the DagBag from /opt/airflow/dags/dag_taskflow_api.py
[2023-02-10T16:01:37.030+0000] {logging_mixin.py:137} INFO - [2023-02-10T16:01:37.030+0000] {taskmixin.py:205} WARNING - Dependency <Task(_PythonDecoratedOperator): get_name>, greeting already registered for DAG: dag_taskflow_apiv1
[2023-02-10T16:01:37.031+0000] {logging_mixin.py:137} INFO - [2023-02-10T16:01:37.031+0000] {taskmixin.py:205} WARNING - Dependency <Task(_PythonDecoratedOperator): greeting>, get_name already registered for DAG: dag_taskflow_apiv1
[2023-02-10T16:01:37.035+0000] {processor.py:753} INFO - DAG(s) dict_keys(['dag_taskflow_apiv1']) retrieved from /opt/airflow/dags/dag_taskflow_api.py
[2023-02-10T16:01:37.056+0000] {logging_mixin.py:137} INFO - [2023-02-10T16:01:37.056+0000] {dag.py:2690} INFO - Sync 1 DAGs
[2023-02-10T16:01:37.084+0000] {logging_mixin.py:137} INFO - [2023-02-10T16:01:37.084+0000] {dag.py:3441} INFO - Setting next_dagrun for dag_taskflow_apiv1 to 2023-02-10T15:52:00+00:00, run_after=2023-02-11T15:52:00+00:00
[2023-02-10T16:01:37.102+0000] {processor.py:175} INFO - Processing /opt/airflow/dags/dag_taskflow_api.py took 0.107 seconds
[2023-02-10T16:02:07.376+0000] {processor.py:153} INFO - Started process (PID=2227) to work on /opt/airflow/dags/dag_taskflow_api.py
[2023-02-10T16:02:07.388+0000] {processor.py:743} INFO - Processing file /opt/airflow/dags/dag_taskflow_api.py for tasks to queue
[2023-02-10T16:02:07.389+0000] {logging_mixin.py:137} INFO - [2023-02-10T16:02:07.388+0000] {dagbag.py:538} INFO - Filling up the DagBag from /opt/airflow/dags/dag_taskflow_api.py
[2023-02-10T16:02:07.405+0000] {logging_mixin.py:137} INFO - [2023-02-10T16:02:07.405+0000] {taskmixin.py:205} WARNING - Dependency <Task(_PythonDecoratedOperator): get_name>, greeting already registered for DAG: dag_taskflow_apiv1
[2023-02-10T16:02:07.405+0000] {logging_mixin.py:137} INFO - [2023-02-10T16:02:07.405+0000] {taskmixin.py:205} WARNING - Dependency <Task(_PythonDecoratedOperator): greeting>, get_name already registered for DAG: dag_taskflow_apiv1
[2023-02-10T16:02:07.409+0000] {processor.py:753} INFO - DAG(s) dict_keys(['dag_taskflow_apiv1']) retrieved from /opt/airflow/dags/dag_taskflow_api.py
[2023-02-10T16:02:07.430+0000] {logging_mixin.py:137} INFO - [2023-02-10T16:02:07.430+0000] {dag.py:2690} INFO - Sync 1 DAGs
[2023-02-10T16:02:07.455+0000] {logging_mixin.py:137} INFO - [2023-02-10T16:02:07.455+0000] {dag.py:3441} INFO - Setting next_dagrun for dag_taskflow_apiv1 to 2023-02-10T15:52:00+00:00, run_after=2023-02-11T15:52:00+00:00
[2023-02-10T16:02:07.472+0000] {processor.py:175} INFO - Processing /opt/airflow/dags/dag_taskflow_api.py took 0.098 seconds
[2023-02-10T16:02:37.746+0000] {processor.py:153} INFO - Started process (PID=2267) to work on /opt/airflow/dags/dag_taskflow_api.py
[2023-02-10T16:02:37.747+0000] {processor.py:743} INFO - Processing file /opt/airflow/dags/dag_taskflow_api.py for tasks to queue
[2023-02-10T16:02:37.747+0000] {logging_mixin.py:137} INFO - [2023-02-10T16:02:37.747+0000] {dagbag.py:538} INFO - Filling up the DagBag from /opt/airflow/dags/dag_taskflow_api.py
[2023-02-10T16:02:37.765+0000] {logging_mixin.py:137} INFO - [2023-02-10T16:02:37.765+0000] {taskmixin.py:205} WARNING - Dependency <Task(_PythonDecoratedOperator): get_name>, greeting already registered for DAG: dag_taskflow_apiv1
[2023-02-10T16:02:37.765+0000] {logging_mixin.py:137} INFO - [2023-02-10T16:02:37.765+0000] {taskmixin.py:205} WARNING - Dependency <Task(_PythonDecoratedOperator): greeting>, get_name already registered for DAG: dag_taskflow_apiv1
[2023-02-10T16:02:37.770+0000] {processor.py:753} INFO - DAG(s) dict_keys(['dag_taskflow_apiv1']) retrieved from /opt/airflow/dags/dag_taskflow_api.py
[2023-02-10T16:02:37.790+0000] {logging_mixin.py:137} INFO - [2023-02-10T16:02:37.790+0000] {dag.py:2690} INFO - Sync 1 DAGs
[2023-02-10T16:02:37.815+0000] {logging_mixin.py:137} INFO - [2023-02-10T16:02:37.815+0000] {dag.py:3441} INFO - Setting next_dagrun for dag_taskflow_apiv1 to 2023-02-10T15:52:00+00:00, run_after=2023-02-11T15:52:00+00:00
[2023-02-10T16:02:37.833+0000] {processor.py:175} INFO - Processing /opt/airflow/dags/dag_taskflow_api.py took 0.089 seconds
[2023-02-10T16:03:08.029+0000] {processor.py:153} INFO - Started process (PID=2304) to work on /opt/airflow/dags/dag_taskflow_api.py
[2023-02-10T16:03:08.035+0000] {processor.py:743} INFO - Processing file /opt/airflow/dags/dag_taskflow_api.py for tasks to queue
[2023-02-10T16:03:08.036+0000] {logging_mixin.py:137} INFO - [2023-02-10T16:03:08.036+0000] {dagbag.py:538} INFO - Filling up the DagBag from /opt/airflow/dags/dag_taskflow_api.py
[2023-02-10T16:03:08.071+0000] {logging_mixin.py:137} INFO - [2023-02-10T16:03:08.071+0000] {taskmixin.py:205} WARNING - Dependency <Task(_PythonDecoratedOperator): get_name>, greeting already registered for DAG: dag_taskflow_apiv1
[2023-02-10T16:03:08.071+0000] {logging_mixin.py:137} INFO - [2023-02-10T16:03:08.071+0000] {taskmixin.py:205} WARNING - Dependency <Task(_PythonDecoratedOperator): greeting>, get_name already registered for DAG: dag_taskflow_apiv1
[2023-02-10T16:03:08.080+0000] {processor.py:753} INFO - DAG(s) dict_keys(['dag_taskflow_apiv1']) retrieved from /opt/airflow/dags/dag_taskflow_api.py
[2023-02-10T16:03:08.101+0000] {logging_mixin.py:137} INFO - [2023-02-10T16:03:08.101+0000] {dag.py:2690} INFO - Sync 1 DAGs
[2023-02-10T16:03:08.125+0000] {logging_mixin.py:137} INFO - [2023-02-10T16:03:08.125+0000] {dag.py:3441} INFO - Setting next_dagrun for dag_taskflow_apiv1 to 2023-02-10T15:52:00+00:00, run_after=2023-02-11T15:52:00+00:00
[2023-02-10T16:03:08.143+0000] {processor.py:175} INFO - Processing /opt/airflow/dags/dag_taskflow_api.py took 0.119 seconds
[2023-02-10T16:03:38.369+0000] {processor.py:153} INFO - Started process (PID=2345) to work on /opt/airflow/dags/dag_taskflow_api.py
[2023-02-10T16:03:38.376+0000] {processor.py:743} INFO - Processing file /opt/airflow/dags/dag_taskflow_api.py for tasks to queue
[2023-02-10T16:03:38.377+0000] {logging_mixin.py:137} INFO - [2023-02-10T16:03:38.377+0000] {dagbag.py:538} INFO - Filling up the DagBag from /opt/airflow/dags/dag_taskflow_api.py
[2023-02-10T16:03:38.394+0000] {logging_mixin.py:137} INFO - [2023-02-10T16:03:38.394+0000] {taskmixin.py:205} WARNING - Dependency <Task(_PythonDecoratedOperator): get_name>, greeting already registered for DAG: dag_taskflow_apiv1
[2023-02-10T16:03:38.394+0000] {logging_mixin.py:137} INFO - [2023-02-10T16:03:38.394+0000] {taskmixin.py:205} WARNING - Dependency <Task(_PythonDecoratedOperator): greeting>, get_name already registered for DAG: dag_taskflow_apiv1
[2023-02-10T16:03:38.399+0000] {processor.py:753} INFO - DAG(s) dict_keys(['dag_taskflow_apiv1']) retrieved from /opt/airflow/dags/dag_taskflow_api.py
[2023-02-10T16:03:38.420+0000] {logging_mixin.py:137} INFO - [2023-02-10T16:03:38.420+0000] {dag.py:2690} INFO - Sync 1 DAGs
[2023-02-10T16:03:38.450+0000] {logging_mixin.py:137} INFO - [2023-02-10T16:03:38.450+0000] {dag.py:3441} INFO - Setting next_dagrun for dag_taskflow_apiv1 to 2023-02-10T15:52:00+00:00, run_after=2023-02-11T15:52:00+00:00
[2023-02-10T16:03:38.477+0000] {processor.py:175} INFO - Processing /opt/airflow/dags/dag_taskflow_api.py took 0.110 seconds
[2023-02-10T16:04:08.727+0000] {processor.py:153} INFO - Started process (PID=2382) to work on /opt/airflow/dags/dag_taskflow_api.py
[2023-02-10T16:04:08.739+0000] {processor.py:743} INFO - Processing file /opt/airflow/dags/dag_taskflow_api.py for tasks to queue
[2023-02-10T16:04:08.740+0000] {logging_mixin.py:137} INFO - [2023-02-10T16:04:08.740+0000] {dagbag.py:538} INFO - Filling up the DagBag from /opt/airflow/dags/dag_taskflow_api.py
[2023-02-10T16:04:08.755+0000] {logging_mixin.py:137} INFO - [2023-02-10T16:04:08.755+0000] {taskmixin.py:205} WARNING - Dependency <Task(_PythonDecoratedOperator): get_name>, greeting already registered for DAG: dag_taskflow_apiv1
[2023-02-10T16:04:08.755+0000] {logging_mixin.py:137} INFO - [2023-02-10T16:04:08.755+0000] {taskmixin.py:205} WARNING - Dependency <Task(_PythonDecoratedOperator): greeting>, get_name already registered for DAG: dag_taskflow_apiv1
[2023-02-10T16:04:08.759+0000] {processor.py:753} INFO - DAG(s) dict_keys(['dag_taskflow_apiv1']) retrieved from /opt/airflow/dags/dag_taskflow_api.py
[2023-02-10T16:04:08.793+0000] {logging_mixin.py:137} INFO - [2023-02-10T16:04:08.792+0000] {dag.py:2690} INFO - Sync 1 DAGs
[2023-02-10T16:04:08.823+0000] {logging_mixin.py:137} INFO - [2023-02-10T16:04:08.823+0000] {dag.py:3441} INFO - Setting next_dagrun for dag_taskflow_apiv1 to 2023-02-10T15:52:00+00:00, run_after=2023-02-11T15:52:00+00:00
[2023-02-10T16:04:08.840+0000] {processor.py:175} INFO - Processing /opt/airflow/dags/dag_taskflow_api.py took 0.115 seconds
[2023-02-10T16:04:39.094+0000] {processor.py:153} INFO - Started process (PID=2422) to work on /opt/airflow/dags/dag_taskflow_api.py
[2023-02-10T16:04:39.095+0000] {processor.py:743} INFO - Processing file /opt/airflow/dags/dag_taskflow_api.py for tasks to queue
[2023-02-10T16:04:39.096+0000] {logging_mixin.py:137} INFO - [2023-02-10T16:04:39.096+0000] {dagbag.py:538} INFO - Filling up the DagBag from /opt/airflow/dags/dag_taskflow_api.py
[2023-02-10T16:04:39.123+0000] {logging_mixin.py:137} INFO - [2023-02-10T16:04:39.123+0000] {taskmixin.py:205} WARNING - Dependency <Task(_PythonDecoratedOperator): get_name>, greeting already registered for DAG: dag_taskflow_apiv1
[2023-02-10T16:04:39.123+0000] {logging_mixin.py:137} INFO - [2023-02-10T16:04:39.123+0000] {taskmixin.py:205} WARNING - Dependency <Task(_PythonDecoratedOperator): greeting>, get_name already registered for DAG: dag_taskflow_apiv1
[2023-02-10T16:04:39.128+0000] {processor.py:753} INFO - DAG(s) dict_keys(['dag_taskflow_apiv1']) retrieved from /opt/airflow/dags/dag_taskflow_api.py
[2023-02-10T16:04:39.149+0000] {logging_mixin.py:137} INFO - [2023-02-10T16:04:39.148+0000] {dag.py:2690} INFO - Sync 1 DAGs
[2023-02-10T16:04:39.178+0000] {logging_mixin.py:137} INFO - [2023-02-10T16:04:39.178+0000] {dag.py:3441} INFO - Setting next_dagrun for dag_taskflow_apiv1 to 2023-02-10T15:52:00+00:00, run_after=2023-02-11T15:52:00+00:00
[2023-02-10T16:04:39.197+0000] {processor.py:175} INFO - Processing /opt/airflow/dags/dag_taskflow_api.py took 0.107 seconds
[2023-02-10T16:05:09.477+0000] {processor.py:153} INFO - Started process (PID=2459) to work on /opt/airflow/dags/dag_taskflow_api.py
[2023-02-10T16:05:09.488+0000] {processor.py:743} INFO - Processing file /opt/airflow/dags/dag_taskflow_api.py for tasks to queue
[2023-02-10T16:05:09.489+0000] {logging_mixin.py:137} INFO - [2023-02-10T16:05:09.489+0000] {dagbag.py:538} INFO - Filling up the DagBag from /opt/airflow/dags/dag_taskflow_api.py
[2023-02-10T16:05:09.504+0000] {logging_mixin.py:137} INFO - [2023-02-10T16:05:09.504+0000] {taskmixin.py:205} WARNING - Dependency <Task(_PythonDecoratedOperator): get_name>, greeting already registered for DAG: dag_taskflow_apiv1
[2023-02-10T16:05:09.504+0000] {logging_mixin.py:137} INFO - [2023-02-10T16:05:09.504+0000] {taskmixin.py:205} WARNING - Dependency <Task(_PythonDecoratedOperator): greeting>, get_name already registered for DAG: dag_taskflow_apiv1
[2023-02-10T16:05:09.508+0000] {processor.py:753} INFO - DAG(s) dict_keys(['dag_taskflow_apiv1']) retrieved from /opt/airflow/dags/dag_taskflow_api.py
[2023-02-10T16:05:09.530+0000] {logging_mixin.py:137} INFO - [2023-02-10T16:05:09.530+0000] {dag.py:2690} INFO - Sync 1 DAGs
[2023-02-10T16:05:09.554+0000] {logging_mixin.py:137} INFO - [2023-02-10T16:05:09.554+0000] {dag.py:3441} INFO - Setting next_dagrun for dag_taskflow_apiv1 to 2023-02-10T15:52:00+00:00, run_after=2023-02-11T15:52:00+00:00
[2023-02-10T16:05:09.571+0000] {processor.py:175} INFO - Processing /opt/airflow/dags/dag_taskflow_api.py took 0.096 seconds
[2023-02-10T16:05:39.853+0000] {processor.py:153} INFO - Started process (PID=2505) to work on /opt/airflow/dags/dag_taskflow_api.py
[2023-02-10T16:05:39.854+0000] {processor.py:743} INFO - Processing file /opt/airflow/dags/dag_taskflow_api.py for tasks to queue
[2023-02-10T16:05:39.855+0000] {logging_mixin.py:137} INFO - [2023-02-10T16:05:39.855+0000] {dagbag.py:538} INFO - Filling up the DagBag from /opt/airflow/dags/dag_taskflow_api.py
[2023-02-10T16:05:39.873+0000] {logging_mixin.py:137} INFO - [2023-02-10T16:05:39.872+0000] {taskmixin.py:205} WARNING - Dependency <Task(_PythonDecoratedOperator): get_name>, greeting already registered for DAG: dag_taskflow_apiv1
[2023-02-10T16:05:39.873+0000] {logging_mixin.py:137} INFO - [2023-02-10T16:05:39.873+0000] {taskmixin.py:205} WARNING - Dependency <Task(_PythonDecoratedOperator): greeting>, get_name already registered for DAG: dag_taskflow_apiv1
[2023-02-10T16:05:39.879+0000] {processor.py:753} INFO - DAG(s) dict_keys(['dag_taskflow_apiv1']) retrieved from /opt/airflow/dags/dag_taskflow_api.py
[2023-02-10T16:05:39.902+0000] {logging_mixin.py:137} INFO - [2023-02-10T16:05:39.902+0000] {dag.py:2690} INFO - Sync 1 DAGs
[2023-02-10T16:05:39.931+0000] {logging_mixin.py:137} INFO - [2023-02-10T16:05:39.931+0000] {dag.py:3441} INFO - Setting next_dagrun for dag_taskflow_apiv1 to 2023-02-10T15:52:00+00:00, run_after=2023-02-11T15:52:00+00:00
[2023-02-10T16:05:39.953+0000] {processor.py:175} INFO - Processing /opt/airflow/dags/dag_taskflow_api.py took 0.103 seconds
[2023-02-10T16:06:10.227+0000] {processor.py:153} INFO - Started process (PID=2536) to work on /opt/airflow/dags/dag_taskflow_api.py
[2023-02-10T16:06:10.228+0000] {processor.py:743} INFO - Processing file /opt/airflow/dags/dag_taskflow_api.py for tasks to queue
[2023-02-10T16:06:10.229+0000] {logging_mixin.py:137} INFO - [2023-02-10T16:06:10.228+0000] {dagbag.py:538} INFO - Filling up the DagBag from /opt/airflow/dags/dag_taskflow_api.py
[2023-02-10T16:06:10.259+0000] {logging_mixin.py:137} INFO - [2023-02-10T16:06:10.259+0000] {taskmixin.py:205} WARNING - Dependency <Task(_PythonDecoratedOperator): get_name>, greeting already registered for DAG: dag_taskflow_apiv1
[2023-02-10T16:06:10.260+0000] {logging_mixin.py:137} INFO - [2023-02-10T16:06:10.259+0000] {taskmixin.py:205} WARNING - Dependency <Task(_PythonDecoratedOperator): greeting>, get_name already registered for DAG: dag_taskflow_apiv1
[2023-02-10T16:06:10.267+0000] {processor.py:753} INFO - DAG(s) dict_keys(['dag_taskflow_apiv1']) retrieved from /opt/airflow/dags/dag_taskflow_api.py
[2023-02-10T16:06:10.300+0000] {logging_mixin.py:137} INFO - [2023-02-10T16:06:10.300+0000] {dag.py:2690} INFO - Sync 1 DAGs
[2023-02-10T16:06:10.343+0000] {logging_mixin.py:137} INFO - [2023-02-10T16:06:10.343+0000] {dag.py:3441} INFO - Setting next_dagrun for dag_taskflow_apiv1 to 2023-02-10T15:52:00+00:00, run_after=2023-02-11T15:52:00+00:00
[2023-02-10T16:06:10.376+0000] {processor.py:175} INFO - Processing /opt/airflow/dags/dag_taskflow_api.py took 0.154 seconds
