[2023-02-13T07:42:30.723+0000] {taskinstance.py:1083} INFO - Dependencies all met for <TaskInstance: dag_taskflow_apiv1.get_name scheduled__2023-02-11T15:52:00+00:00 [queued]>
[2023-02-13T07:42:30.733+0000] {taskinstance.py:1083} INFO - Dependencies all met for <TaskInstance: dag_taskflow_apiv1.get_name scheduled__2023-02-11T15:52:00+00:00 [queued]>
[2023-02-13T07:42:30.733+0000] {taskinstance.py:1279} INFO - 
--------------------------------------------------------------------------------
[2023-02-13T07:42:30.733+0000] {taskinstance.py:1280} INFO - Starting attempt 1 of 6
[2023-02-13T07:42:30.733+0000] {taskinstance.py:1281} INFO - 
--------------------------------------------------------------------------------
[2023-02-13T07:42:30.748+0000] {taskinstance.py:1300} INFO - Executing <Task(_PythonDecoratedOperator): get_name> on 2023-02-11 15:52:00+00:00
[2023-02-13T07:42:30.754+0000] {standard_task_runner.py:55} INFO - Started process 58 to run task
[2023-02-13T07:42:30.756+0000] {standard_task_runner.py:82} INFO - Running: ['***', 'tasks', 'run', 'dag_taskflow_apiv1', 'get_name', 'scheduled__2023-02-11T15:52:00+00:00', '--job-id', '103', '--raw', '--subdir', 'DAGS_FOLDER/dag_taskflow_api.py', '--cfg-path', '/tmp/tmpltbxrwif']
[2023-02-13T07:42:30.756+0000] {standard_task_runner.py:83} INFO - Job 103: Subtask get_name
[2023-02-13T07:42:30.839+0000] {task_command.py:388} INFO - Running <TaskInstance: dag_taskflow_apiv1.get_name scheduled__2023-02-11T15:52:00+00:00 [running]> on host 29b44968227e
[2023-02-13T07:42:30.914+0000] {taskinstance.py:1509} INFO - Exporting the following env vars:
AIRFLOW_CTX_DAG_OWNER=naufal
AIRFLOW_CTX_DAG_ID=dag_taskflow_apiv1
AIRFLOW_CTX_TASK_ID=get_name
AIRFLOW_CTX_EXECUTION_DATE=2023-02-11T15:52:00+00:00
AIRFLOW_CTX_TRY_NUMBER=1
AIRFLOW_CTX_DAG_RUN_ID=scheduled__2023-02-11T15:52:00+00:00
[2023-02-13T07:42:30.914+0000] {python.py:177} INFO - Done. Returned value was: {'first_name': 'Jeffrey', 'last_name': 'Bezoz'}
[2023-02-13T07:42:30.958+0000] {taskinstance.py:1323} INFO - Marking task as SUCCESS. dag_id=dag_taskflow_apiv1, task_id=get_name, execution_date=20230211T155200, start_date=20230213T074230, end_date=20230213T074230
[2023-02-13T07:42:31.009+0000] {local_task_job.py:208} INFO - Task exited with return code 0
[2023-02-13T07:42:31.031+0000] {taskinstance.py:2578} INFO - 0 downstream tasks scheduled from follow-on schedule check
