[2023-02-11T03:14:44.529+0000] {taskinstance.py:1083} INFO - Dependencies all met for <TaskInstance: dag_catchup_backfill.task1 scheduled__2023-02-04T00:00:00+00:00 [queued]>
[2023-02-11T03:14:44.551+0000] {taskinstance.py:1083} INFO - Dependencies all met for <TaskInstance: dag_catchup_backfill.task1 scheduled__2023-02-04T00:00:00+00:00 [queued]>
[2023-02-11T03:14:44.552+0000] {taskinstance.py:1279} INFO - 
--------------------------------------------------------------------------------
[2023-02-11T03:14:44.552+0000] {taskinstance.py:1280} INFO - Starting attempt 1 of 6
[2023-02-11T03:14:44.552+0000] {taskinstance.py:1281} INFO - 
--------------------------------------------------------------------------------
[2023-02-11T03:14:44.581+0000] {taskinstance.py:1300} INFO - Executing <Task(BashOperator): task1> on 2023-02-04 00:00:00+00:00
[2023-02-11T03:14:44.597+0000] {standard_task_runner.py:55} INFO - Started process 223 to run task
[2023-02-11T03:14:44.610+0000] {standard_task_runner.py:82} INFO - Running: ['***', 'tasks', 'run', 'dag_catchup_backfill', 'task1', 'scheduled__2023-02-04T00:00:00+00:00', '--job-id', '47', '--raw', '--subdir', 'DAGS_FOLDER/dag_catchup_backfil.py', '--cfg-path', '/tmp/tmpgsh32d73']
[2023-02-11T03:14:44.610+0000] {standard_task_runner.py:83} INFO - Job 47: Subtask task1
[2023-02-11T03:14:44.705+0000] {task_command.py:388} INFO - Running <TaskInstance: dag_catchup_backfill.task1 scheduled__2023-02-04T00:00:00+00:00 [running]> on host 61856ed39d63
[2023-02-11T03:14:44.854+0000] {taskinstance.py:1509} INFO - Exporting the following env vars:
AIRFLOW_CTX_DAG_OWNER=naufal
AIRFLOW_CTX_DAG_ID=dag_catchup_backfill
AIRFLOW_CTX_TASK_ID=task1
AIRFLOW_CTX_EXECUTION_DATE=2023-02-04T00:00:00+00:00
AIRFLOW_CTX_TRY_NUMBER=1
AIRFLOW_CTX_DAG_RUN_ID=scheduled__2023-02-04T00:00:00+00:00
[2023-02-11T03:14:44.856+0000] {subprocess.py:63} INFO - Tmp dir root location: 
 /tmp
[2023-02-11T03:14:44.858+0000] {subprocess.py:75} INFO - Running command: ['/bin/bash', '-c', 'echo simple bash command']
[2023-02-11T03:14:44.875+0000] {subprocess.py:86} INFO - Output:
[2023-02-11T03:14:44.877+0000] {subprocess.py:93} INFO - simple bash command
[2023-02-11T03:14:44.878+0000] {subprocess.py:97} INFO - Command exited with return code 0
[2023-02-11T03:14:44.911+0000] {taskinstance.py:1323} INFO - Marking task as SUCCESS. dag_id=dag_catchup_backfill, task_id=task1, execution_date=20230204T000000, start_date=20230211T031444, end_date=20230211T031444
[2023-02-11T03:14:44.979+0000] {local_task_job.py:208} INFO - Task exited with return code 0
[2023-02-11T03:14:44.996+0000] {taskinstance.py:2578} INFO - 0 downstream tasks scheduled from follow-on schedule check
