[2023-02-11T03:26:29.220+0000] {taskinstance.py:1083} INFO - Dependencies all met for <TaskInstance: dag_catchup_backfillv3.task1 scheduled__2023-02-10T00:00:00+00:00 [queued]>
[2023-02-11T03:26:29.230+0000] {taskinstance.py:1083} INFO - Dependencies all met for <TaskInstance: dag_catchup_backfillv3.task1 scheduled__2023-02-10T00:00:00+00:00 [queued]>
[2023-02-11T03:26:29.230+0000] {taskinstance.py:1279} INFO - 
--------------------------------------------------------------------------------
[2023-02-11T03:26:29.231+0000] {taskinstance.py:1280} INFO - Starting attempt 1 of 6
[2023-02-11T03:26:29.231+0000] {taskinstance.py:1281} INFO - 
--------------------------------------------------------------------------------
[2023-02-11T03:26:29.244+0000] {taskinstance.py:1300} INFO - Executing <Task(BashOperator): task1> on 2023-02-10 00:00:00+00:00
[2023-02-11T03:26:29.251+0000] {standard_task_runner.py:55} INFO - Started process 1089 to run task
[2023-02-11T03:26:29.253+0000] {standard_task_runner.py:82} INFO - Running: ['***', 'tasks', 'run', 'dag_catchup_backfillv3', 'task1', 'scheduled__2023-02-10T00:00:00+00:00', '--job-id', '54', '--raw', '--subdir', 'DAGS_FOLDER/dag_catchup_backfil.py', '--cfg-path', '/tmp/tmp3e4hrma_']
[2023-02-11T03:26:29.254+0000] {standard_task_runner.py:83} INFO - Job 54: Subtask task1
[2023-02-11T03:26:29.306+0000] {task_command.py:388} INFO - Running <TaskInstance: dag_catchup_backfillv3.task1 scheduled__2023-02-10T00:00:00+00:00 [running]> on host 61856ed39d63
[2023-02-11T03:26:29.368+0000] {taskinstance.py:1509} INFO - Exporting the following env vars:
AIRFLOW_CTX_DAG_OWNER=naufal
AIRFLOW_CTX_DAG_ID=dag_catchup_backfillv3
AIRFLOW_CTX_TASK_ID=task1
AIRFLOW_CTX_EXECUTION_DATE=2023-02-10T00:00:00+00:00
AIRFLOW_CTX_TRY_NUMBER=1
AIRFLOW_CTX_DAG_RUN_ID=scheduled__2023-02-10T00:00:00+00:00
[2023-02-11T03:26:29.370+0000] {subprocess.py:63} INFO - Tmp dir root location: 
 /tmp
[2023-02-11T03:26:29.370+0000] {subprocess.py:75} INFO - Running command: ['/bin/bash', '-c', 'echo simple bash command']
[2023-02-11T03:26:29.384+0000] {subprocess.py:86} INFO - Output:
[2023-02-11T03:26:29.385+0000] {subprocess.py:93} INFO - simple bash command
[2023-02-11T03:26:29.386+0000] {subprocess.py:97} INFO - Command exited with return code 0
[2023-02-11T03:26:29.409+0000] {taskinstance.py:1323} INFO - Marking task as SUCCESS. dag_id=dag_catchup_backfillv3, task_id=task1, execution_date=20230210T000000, start_date=20230211T032629, end_date=20230211T032629
[2023-02-11T03:26:29.465+0000] {local_task_job.py:208} INFO - Task exited with return code 0
[2023-02-11T03:26:29.485+0000] {taskinstance.py:2578} INFO - 0 downstream tasks scheduled from follow-on schedule check
