[2023-02-13T07:42:27.335+0000] {processor.py:153} INFO - Started process (PID=36) to work on /opt/airflow/dags/connect_pg_local.py
[2023-02-13T07:42:27.336+0000] {processor.py:743} INFO - Processing file /opt/airflow/dags/connect_pg_local.py for tasks to queue
[2023-02-13T07:42:27.336+0000] {logging_mixin.py:137} INFO - [2023-02-13T07:42:27.336+0000] {dagbag.py:538} INFO - Filling up the DagBag from /opt/airflow/dags/connect_pg_local.py
[2023-02-13T07:42:27.337+0000] {processor.py:755} WARNING - No viable dags retrieved from /opt/airflow/dags/connect_pg_local.py
[2023-02-13T07:42:27.349+0000] {processor.py:175} INFO - Processing /opt/airflow/dags/connect_pg_local.py took 0.016 seconds
[2023-02-13T07:42:57.436+0000] {processor.py:153} INFO - Started process (PID=86) to work on /opt/airflow/dags/connect_pg_local.py
[2023-02-13T07:42:57.441+0000] {processor.py:743} INFO - Processing file /opt/airflow/dags/connect_pg_local.py for tasks to queue
[2023-02-13T07:42:57.442+0000] {logging_mixin.py:137} INFO - [2023-02-13T07:42:57.442+0000] {dagbag.py:538} INFO - Filling up the DagBag from /opt/airflow/dags/connect_pg_local.py
[2023-02-13T07:42:57.444+0000] {processor.py:755} WARNING - No viable dags retrieved from /opt/airflow/dags/connect_pg_local.py
[2023-02-13T07:42:57.464+0000] {processor.py:175} INFO - Processing /opt/airflow/dags/connect_pg_local.py took 0.032 seconds
[2023-02-13T07:54:42.629+0000] {processor.py:153} INFO - Started process (PID=36) to work on /opt/airflow/dags/connect_pg_local.py
[2023-02-13T07:54:42.630+0000] {processor.py:743} INFO - Processing file /opt/airflow/dags/connect_pg_local.py for tasks to queue
[2023-02-13T07:54:42.631+0000] {logging_mixin.py:137} INFO - [2023-02-13T07:54:42.631+0000] {dagbag.py:538} INFO - Filling up the DagBag from /opt/airflow/dags/connect_pg_local.py
[2023-02-13T07:54:42.632+0000] {processor.py:755} WARNING - No viable dags retrieved from /opt/airflow/dags/connect_pg_local.py
[2023-02-13T07:54:42.645+0000] {processor.py:175} INFO - Processing /opt/airflow/dags/connect_pg_local.py took 0.018 seconds
[2023-02-13T17:53:40.961+0000] {processor.py:153} INFO - Started process (PID=35) to work on /opt/airflow/dags/connect_pg_local.py
[2023-02-13T17:53:40.961+0000] {processor.py:743} INFO - Processing file /opt/airflow/dags/connect_pg_local.py for tasks to queue
[2023-02-13T17:53:40.962+0000] {logging_mixin.py:137} INFO - [2023-02-13T17:53:40.962+0000] {dagbag.py:538} INFO - Filling up the DagBag from /opt/airflow/dags/connect_pg_local.py
[2023-02-13T17:53:40.963+0000] {processor.py:755} WARNING - No viable dags retrieved from /opt/airflow/dags/connect_pg_local.py
[2023-02-13T17:53:41.000+0000] {processor.py:175} INFO - Processing /opt/airflow/dags/connect_pg_local.py took 0.041 seconds
[2023-02-13T22:12:17.979+0000] {processor.py:153} INFO - Started process (PID=36) to work on /opt/airflow/dags/connect_pg_local.py
[2023-02-13T22:12:17.981+0000] {processor.py:743} INFO - Processing file /opt/airflow/dags/connect_pg_local.py for tasks to queue
[2023-02-13T22:12:17.982+0000] {logging_mixin.py:137} INFO - [2023-02-13T22:12:17.982+0000] {dagbag.py:538} INFO - Filling up the DagBag from /opt/airflow/dags/connect_pg_local.py
[2023-02-13T22:12:17.983+0000] {processor.py:755} WARNING - No viable dags retrieved from /opt/airflow/dags/connect_pg_local.py
[2023-02-13T22:12:17.997+0000] {processor.py:175} INFO - Processing /opt/airflow/dags/connect_pg_local.py took 0.021 seconds
[2023-02-13T22:12:48.817+0000] {processor.py:153} INFO - Started process (PID=85) to work on /opt/airflow/dags/connect_pg_local.py
[2023-02-13T22:12:48.818+0000] {processor.py:743} INFO - Processing file /opt/airflow/dags/connect_pg_local.py for tasks to queue
[2023-02-13T22:12:48.819+0000] {logging_mixin.py:137} INFO - [2023-02-13T22:12:48.819+0000] {dagbag.py:538} INFO - Filling up the DagBag from /opt/airflow/dags/connect_pg_local.py
[2023-02-13T22:12:48.821+0000] {processor.py:755} WARNING - No viable dags retrieved from /opt/airflow/dags/connect_pg_local.py
[2023-02-13T22:12:48.839+0000] {processor.py:175} INFO - Processing /opt/airflow/dags/connect_pg_local.py took 0.026 seconds
[2023-02-13T22:13:19.819+0000] {processor.py:153} INFO - Started process (PID=122) to work on /opt/airflow/dags/connect_pg_local.py
[2023-02-13T22:13:19.823+0000] {processor.py:743} INFO - Processing file /opt/airflow/dags/connect_pg_local.py for tasks to queue
[2023-02-13T22:13:19.824+0000] {logging_mixin.py:137} INFO - [2023-02-13T22:13:19.824+0000] {dagbag.py:538} INFO - Filling up the DagBag from /opt/airflow/dags/connect_pg_local.py
[2023-02-13T22:13:19.826+0000] {processor.py:755} WARNING - No viable dags retrieved from /opt/airflow/dags/connect_pg_local.py
[2023-02-13T22:13:19.851+0000] {processor.py:175} INFO - Processing /opt/airflow/dags/connect_pg_local.py took 0.037 seconds
[2023-02-13T22:13:50.745+0000] {processor.py:153} INFO - Started process (PID=158) to work on /opt/airflow/dags/connect_pg_local.py
[2023-02-13T22:13:50.748+0000] {processor.py:743} INFO - Processing file /opt/airflow/dags/connect_pg_local.py for tasks to queue
[2023-02-13T22:13:50.749+0000] {logging_mixin.py:137} INFO - [2023-02-13T22:13:50.749+0000] {dagbag.py:538} INFO - Filling up the DagBag from /opt/airflow/dags/connect_pg_local.py
[2023-02-13T22:13:50.751+0000] {processor.py:755} WARNING - No viable dags retrieved from /opt/airflow/dags/connect_pg_local.py
[2023-02-13T22:13:50.775+0000] {processor.py:175} INFO - Processing /opt/airflow/dags/connect_pg_local.py took 0.035 seconds
[2023-02-13T22:14:21.659+0000] {processor.py:153} INFO - Started process (PID=207) to work on /opt/airflow/dags/connect_pg_local.py
[2023-02-13T22:14:21.659+0000] {processor.py:743} INFO - Processing file /opt/airflow/dags/connect_pg_local.py for tasks to queue
[2023-02-13T22:14:21.660+0000] {logging_mixin.py:137} INFO - [2023-02-13T22:14:21.660+0000] {dagbag.py:538} INFO - Filling up the DagBag from /opt/airflow/dags/connect_pg_local.py
[2023-02-13T22:14:21.661+0000] {processor.py:755} WARNING - No viable dags retrieved from /opt/airflow/dags/connect_pg_local.py
[2023-02-13T22:14:21.676+0000] {processor.py:175} INFO - Processing /opt/airflow/dags/connect_pg_local.py took 0.020 seconds
[2023-02-13T22:14:51.958+0000] {processor.py:153} INFO - Started process (PID=242) to work on /opt/airflow/dags/connect_pg_local.py
[2023-02-13T22:14:51.970+0000] {processor.py:743} INFO - Processing file /opt/airflow/dags/connect_pg_local.py for tasks to queue
[2023-02-13T22:14:51.971+0000] {logging_mixin.py:137} INFO - [2023-02-13T22:14:51.971+0000] {dagbag.py:538} INFO - Filling up the DagBag from /opt/airflow/dags/connect_pg_local.py
[2023-02-13T22:14:51.973+0000] {processor.py:755} WARNING - No viable dags retrieved from /opt/airflow/dags/connect_pg_local.py
[2023-02-13T22:14:51.997+0000] {processor.py:175} INFO - Processing /opt/airflow/dags/connect_pg_local.py took 0.044 seconds
[2023-02-13T22:15:22.920+0000] {processor.py:153} INFO - Started process (PID=280) to work on /opt/airflow/dags/connect_pg_local.py
[2023-02-13T22:15:22.926+0000] {processor.py:743} INFO - Processing file /opt/airflow/dags/connect_pg_local.py for tasks to queue
[2023-02-13T22:15:22.927+0000] {logging_mixin.py:137} INFO - [2023-02-13T22:15:22.927+0000] {dagbag.py:538} INFO - Filling up the DagBag from /opt/airflow/dags/connect_pg_local.py
[2023-02-13T22:15:22.929+0000] {processor.py:755} WARNING - No viable dags retrieved from /opt/airflow/dags/connect_pg_local.py
[2023-02-13T22:15:22.945+0000] {processor.py:175} INFO - Processing /opt/airflow/dags/connect_pg_local.py took 0.028 seconds
[2023-02-13T22:15:53.747+0000] {processor.py:153} INFO - Started process (PID=332) to work on /opt/airflow/dags/connect_pg_local.py
[2023-02-13T22:15:53.751+0000] {processor.py:743} INFO - Processing file /opt/airflow/dags/connect_pg_local.py for tasks to queue
[2023-02-13T22:15:53.752+0000] {logging_mixin.py:137} INFO - [2023-02-13T22:15:53.752+0000] {dagbag.py:538} INFO - Filling up the DagBag from /opt/airflow/dags/connect_pg_local.py
[2023-02-13T22:15:53.754+0000] {processor.py:755} WARNING - No viable dags retrieved from /opt/airflow/dags/connect_pg_local.py
[2023-02-13T22:15:53.775+0000] {processor.py:175} INFO - Processing /opt/airflow/dags/connect_pg_local.py took 0.035 seconds
[2023-02-13T22:16:24.631+0000] {processor.py:153} INFO - Started process (PID=368) to work on /opt/airflow/dags/connect_pg_local.py
[2023-02-13T22:16:24.632+0000] {processor.py:743} INFO - Processing file /opt/airflow/dags/connect_pg_local.py for tasks to queue
[2023-02-13T22:16:24.632+0000] {logging_mixin.py:137} INFO - [2023-02-13T22:16:24.632+0000] {dagbag.py:538} INFO - Filling up the DagBag from /opt/airflow/dags/connect_pg_local.py
[2023-02-13T22:16:24.634+0000] {processor.py:755} WARNING - No viable dags retrieved from /opt/airflow/dags/connect_pg_local.py
[2023-02-13T22:16:24.650+0000] {processor.py:175} INFO - Processing /opt/airflow/dags/connect_pg_local.py took 0.023 seconds
[2023-02-13T22:16:55.547+0000] {processor.py:153} INFO - Started process (PID=404) to work on /opt/airflow/dags/connect_pg_local.py
[2023-02-13T22:16:55.552+0000] {processor.py:743} INFO - Processing file /opt/airflow/dags/connect_pg_local.py for tasks to queue
[2023-02-13T22:16:55.553+0000] {logging_mixin.py:137} INFO - [2023-02-13T22:16:55.552+0000] {dagbag.py:538} INFO - Filling up the DagBag from /opt/airflow/dags/connect_pg_local.py
[2023-02-13T22:16:55.554+0000] {processor.py:755} WARNING - No viable dags retrieved from /opt/airflow/dags/connect_pg_local.py
[2023-02-13T22:16:55.576+0000] {processor.py:175} INFO - Processing /opt/airflow/dags/connect_pg_local.py took 0.033 seconds
[2023-02-13T22:17:26.519+0000] {processor.py:153} INFO - Started process (PID=453) to work on /opt/airflow/dags/connect_pg_local.py
[2023-02-13T22:17:26.520+0000] {processor.py:743} INFO - Processing file /opt/airflow/dags/connect_pg_local.py for tasks to queue
[2023-02-13T22:17:26.521+0000] {logging_mixin.py:137} INFO - [2023-02-13T22:17:26.521+0000] {dagbag.py:538} INFO - Filling up the DagBag from /opt/airflow/dags/connect_pg_local.py
[2023-02-13T22:17:26.522+0000] {processor.py:755} WARNING - No viable dags retrieved from /opt/airflow/dags/connect_pg_local.py
[2023-02-13T22:17:26.542+0000] {processor.py:175} INFO - Processing /opt/airflow/dags/connect_pg_local.py took 0.026 seconds
[2023-02-13T22:17:57.327+0000] {processor.py:153} INFO - Started process (PID=489) to work on /opt/airflow/dags/connect_pg_local.py
[2023-02-13T22:17:57.329+0000] {processor.py:743} INFO - Processing file /opt/airflow/dags/connect_pg_local.py for tasks to queue
[2023-02-13T22:17:57.329+0000] {logging_mixin.py:137} INFO - [2023-02-13T22:17:57.329+0000] {dagbag.py:538} INFO - Filling up the DagBag from /opt/airflow/dags/connect_pg_local.py
[2023-02-13T22:17:57.331+0000] {processor.py:755} WARNING - No viable dags retrieved from /opt/airflow/dags/connect_pg_local.py
[2023-02-13T22:17:57.351+0000] {processor.py:175} INFO - Processing /opt/airflow/dags/connect_pg_local.py took 0.027 seconds
[2023-02-13T22:18:28.233+0000] {processor.py:153} INFO - Started process (PID=524) to work on /opt/airflow/dags/connect_pg_local.py
[2023-02-13T22:18:28.237+0000] {processor.py:743} INFO - Processing file /opt/airflow/dags/connect_pg_local.py for tasks to queue
[2023-02-13T22:18:28.238+0000] {logging_mixin.py:137} INFO - [2023-02-13T22:18:28.238+0000] {dagbag.py:538} INFO - Filling up the DagBag from /opt/airflow/dags/connect_pg_local.py
[2023-02-13T22:18:28.241+0000] {processor.py:755} WARNING - No viable dags retrieved from /opt/airflow/dags/connect_pg_local.py
[2023-02-13T22:18:28.261+0000] {processor.py:175} INFO - Processing /opt/airflow/dags/connect_pg_local.py took 0.034 seconds
[2023-02-13T22:18:58.289+0000] {processor.py:153} INFO - Started process (PID=573) to work on /opt/airflow/dags/connect_pg_local.py
[2023-02-13T22:18:58.301+0000] {processor.py:743} INFO - Processing file /opt/airflow/dags/connect_pg_local.py for tasks to queue
[2023-02-13T22:18:58.302+0000] {logging_mixin.py:137} INFO - [2023-02-13T22:18:58.302+0000] {dagbag.py:538} INFO - Filling up the DagBag from /opt/airflow/dags/connect_pg_local.py
[2023-02-13T22:18:58.304+0000] {processor.py:755} WARNING - No viable dags retrieved from /opt/airflow/dags/connect_pg_local.py
[2023-02-13T22:18:58.318+0000] {processor.py:175} INFO - Processing /opt/airflow/dags/connect_pg_local.py took 0.035 seconds
[2023-02-13T22:19:29.127+0000] {processor.py:153} INFO - Started process (PID=609) to work on /opt/airflow/dags/connect_pg_local.py
[2023-02-13T22:19:29.139+0000] {processor.py:743} INFO - Processing file /opt/airflow/dags/connect_pg_local.py for tasks to queue
[2023-02-13T22:19:29.140+0000] {logging_mixin.py:137} INFO - [2023-02-13T22:19:29.140+0000] {dagbag.py:538} INFO - Filling up the DagBag from /opt/airflow/dags/connect_pg_local.py
[2023-02-13T22:19:29.142+0000] {processor.py:755} WARNING - No viable dags retrieved from /opt/airflow/dags/connect_pg_local.py
[2023-02-13T22:19:29.167+0000] {processor.py:175} INFO - Processing /opt/airflow/dags/connect_pg_local.py took 0.045 seconds
[2023-02-13T22:20:00.023+0000] {processor.py:153} INFO - Started process (PID=645) to work on /opt/airflow/dags/connect_pg_local.py
[2023-02-13T22:20:00.035+0000] {processor.py:743} INFO - Processing file /opt/airflow/dags/connect_pg_local.py for tasks to queue
[2023-02-13T22:20:00.036+0000] {logging_mixin.py:137} INFO - [2023-02-13T22:20:00.036+0000] {dagbag.py:538} INFO - Filling up the DagBag from /opt/airflow/dags/connect_pg_local.py
[2023-02-13T22:20:00.038+0000] {processor.py:755} WARNING - No viable dags retrieved from /opt/airflow/dags/connect_pg_local.py
[2023-02-13T22:20:00.064+0000] {processor.py:175} INFO - Processing /opt/airflow/dags/connect_pg_local.py took 0.046 seconds
[2023-02-13T22:20:30.976+0000] {processor.py:153} INFO - Started process (PID=695) to work on /opt/airflow/dags/connect_pg_local.py
[2023-02-13T22:20:30.988+0000] {processor.py:743} INFO - Processing file /opt/airflow/dags/connect_pg_local.py for tasks to queue
[2023-02-13T22:20:30.989+0000] {logging_mixin.py:137} INFO - [2023-02-13T22:20:30.989+0000] {dagbag.py:538} INFO - Filling up the DagBag from /opt/airflow/dags/connect_pg_local.py
[2023-02-13T22:20:30.991+0000] {processor.py:755} WARNING - No viable dags retrieved from /opt/airflow/dags/connect_pg_local.py
[2023-02-13T22:20:31.009+0000] {processor.py:175} INFO - Processing /opt/airflow/dags/connect_pg_local.py took 0.038 seconds
[2023-02-13T22:21:01.057+0000] {processor.py:153} INFO - Started process (PID=729) to work on /opt/airflow/dags/connect_pg_local.py
[2023-02-13T22:21:01.069+0000] {processor.py:743} INFO - Processing file /opt/airflow/dags/connect_pg_local.py for tasks to queue
[2023-02-13T22:21:01.070+0000] {logging_mixin.py:137} INFO - [2023-02-13T22:21:01.070+0000] {dagbag.py:538} INFO - Filling up the DagBag from /opt/airflow/dags/connect_pg_local.py
[2023-02-13T22:21:01.071+0000] {processor.py:755} WARNING - No viable dags retrieved from /opt/airflow/dags/connect_pg_local.py
[2023-02-13T22:21:01.099+0000] {processor.py:175} INFO - Processing /opt/airflow/dags/connect_pg_local.py took 0.047 seconds
[2023-02-13T22:21:31.984+0000] {processor.py:153} INFO - Started process (PID=765) to work on /opt/airflow/dags/connect_pg_local.py
[2023-02-13T22:21:31.985+0000] {processor.py:743} INFO - Processing file /opt/airflow/dags/connect_pg_local.py for tasks to queue
[2023-02-13T22:21:31.985+0000] {logging_mixin.py:137} INFO - [2023-02-13T22:21:31.985+0000] {dagbag.py:538} INFO - Filling up the DagBag from /opt/airflow/dags/connect_pg_local.py
[2023-02-13T22:21:31.987+0000] {processor.py:755} WARNING - No viable dags retrieved from /opt/airflow/dags/connect_pg_local.py
[2023-02-13T22:21:32.006+0000] {processor.py:175} INFO - Processing /opt/airflow/dags/connect_pg_local.py took 0.026 seconds
[2023-02-13T22:22:02.905+0000] {processor.py:153} INFO - Started process (PID=815) to work on /opt/airflow/dags/connect_pg_local.py
[2023-02-13T22:22:02.906+0000] {processor.py:743} INFO - Processing file /opt/airflow/dags/connect_pg_local.py for tasks to queue
[2023-02-13T22:22:02.907+0000] {logging_mixin.py:137} INFO - [2023-02-13T22:22:02.907+0000] {dagbag.py:538} INFO - Filling up the DagBag from /opt/airflow/dags/connect_pg_local.py
[2023-02-13T22:22:02.909+0000] {processor.py:755} WARNING - No viable dags retrieved from /opt/airflow/dags/connect_pg_local.py
[2023-02-13T22:22:02.927+0000] {processor.py:175} INFO - Processing /opt/airflow/dags/connect_pg_local.py took 0.026 seconds
[2023-02-13T22:22:33.796+0000] {processor.py:153} INFO - Started process (PID=852) to work on /opt/airflow/dags/connect_pg_local.py
[2023-02-13T22:22:33.808+0000] {processor.py:743} INFO - Processing file /opt/airflow/dags/connect_pg_local.py for tasks to queue
[2023-02-13T22:22:33.809+0000] {logging_mixin.py:137} INFO - [2023-02-13T22:22:33.809+0000] {dagbag.py:538} INFO - Filling up the DagBag from /opt/airflow/dags/connect_pg_local.py
[2023-02-13T22:22:33.810+0000] {processor.py:755} WARNING - No viable dags retrieved from /opt/airflow/dags/connect_pg_local.py
[2023-02-13T22:22:33.826+0000] {processor.py:175} INFO - Processing /opt/airflow/dags/connect_pg_local.py took 0.034 seconds
[2023-02-13T22:23:04.714+0000] {processor.py:153} INFO - Started process (PID=889) to work on /opt/airflow/dags/connect_pg_local.py
[2023-02-13T22:23:04.715+0000] {processor.py:743} INFO - Processing file /opt/airflow/dags/connect_pg_local.py for tasks to queue
[2023-02-13T22:23:04.716+0000] {logging_mixin.py:137} INFO - [2023-02-13T22:23:04.716+0000] {dagbag.py:538} INFO - Filling up the DagBag from /opt/airflow/dags/connect_pg_local.py
[2023-02-13T22:23:04.717+0000] {processor.py:755} WARNING - No viable dags retrieved from /opt/airflow/dags/connect_pg_local.py
[2023-02-13T22:23:04.739+0000] {processor.py:175} INFO - Processing /opt/airflow/dags/connect_pg_local.py took 0.028 seconds
[2023-02-13T22:23:35.678+0000] {processor.py:153} INFO - Started process (PID=938) to work on /opt/airflow/dags/connect_pg_local.py
[2023-02-13T22:23:35.690+0000] {processor.py:743} INFO - Processing file /opt/airflow/dags/connect_pg_local.py for tasks to queue
[2023-02-13T22:23:35.691+0000] {logging_mixin.py:137} INFO - [2023-02-13T22:23:35.691+0000] {dagbag.py:538} INFO - Filling up the DagBag from /opt/airflow/dags/connect_pg_local.py
[2023-02-13T22:23:35.693+0000] {processor.py:755} WARNING - No viable dags retrieved from /opt/airflow/dags/connect_pg_local.py
[2023-02-13T22:23:35.717+0000] {processor.py:175} INFO - Processing /opt/airflow/dags/connect_pg_local.py took 0.043 seconds
[2023-02-13T22:24:06.608+0000] {processor.py:153} INFO - Started process (PID=974) to work on /opt/airflow/dags/connect_pg_local.py
[2023-02-13T22:24:06.620+0000] {processor.py:743} INFO - Processing file /opt/airflow/dags/connect_pg_local.py for tasks to queue
[2023-02-13T22:24:06.621+0000] {logging_mixin.py:137} INFO - [2023-02-13T22:24:06.621+0000] {dagbag.py:538} INFO - Filling up the DagBag from /opt/airflow/dags/connect_pg_local.py
[2023-02-13T22:24:06.622+0000] {processor.py:755} WARNING - No viable dags retrieved from /opt/airflow/dags/connect_pg_local.py
[2023-02-13T22:24:06.638+0000] {processor.py:175} INFO - Processing /opt/airflow/dags/connect_pg_local.py took 0.033 seconds
[2023-02-13T22:24:37.420+0000] {processor.py:153} INFO - Started process (PID=1011) to work on /opt/airflow/dags/connect_pg_local.py
[2023-02-13T22:24:37.431+0000] {processor.py:743} INFO - Processing file /opt/airflow/dags/connect_pg_local.py for tasks to queue
[2023-02-13T22:24:37.432+0000] {logging_mixin.py:137} INFO - [2023-02-13T22:24:37.432+0000] {dagbag.py:538} INFO - Filling up the DagBag from /opt/airflow/dags/connect_pg_local.py
[2023-02-13T22:24:37.434+0000] {processor.py:755} WARNING - No viable dags retrieved from /opt/airflow/dags/connect_pg_local.py
[2023-02-13T22:24:37.449+0000] {processor.py:175} INFO - Processing /opt/airflow/dags/connect_pg_local.py took 0.033 seconds
[2023-02-13T22:25:07.488+0000] {processor.py:153} INFO - Started process (PID=1062) to work on /opt/airflow/dags/connect_pg_local.py
[2023-02-13T22:25:07.489+0000] {processor.py:743} INFO - Processing file /opt/airflow/dags/connect_pg_local.py for tasks to queue
[2023-02-13T22:25:07.490+0000] {logging_mixin.py:137} INFO - [2023-02-13T22:25:07.490+0000] {dagbag.py:538} INFO - Filling up the DagBag from /opt/airflow/dags/connect_pg_local.py
[2023-02-13T22:25:07.491+0000] {processor.py:755} WARNING - No viable dags retrieved from /opt/airflow/dags/connect_pg_local.py
[2023-02-13T22:25:07.512+0000] {processor.py:175} INFO - Processing /opt/airflow/dags/connect_pg_local.py took 0.029 seconds
[2023-02-13T22:25:38.517+0000] {processor.py:153} INFO - Started process (PID=1097) to work on /opt/airflow/dags/connect_pg_local.py
[2023-02-13T22:25:38.528+0000] {processor.py:743} INFO - Processing file /opt/airflow/dags/connect_pg_local.py for tasks to queue
[2023-02-13T22:25:38.530+0000] {logging_mixin.py:137} INFO - [2023-02-13T22:25:38.530+0000] {dagbag.py:538} INFO - Filling up the DagBag from /opt/airflow/dags/connect_pg_local.py
[2023-02-13T22:25:38.532+0000] {processor.py:755} WARNING - No viable dags retrieved from /opt/airflow/dags/connect_pg_local.py
[2023-02-13T22:25:38.547+0000] {processor.py:175} INFO - Processing /opt/airflow/dags/connect_pg_local.py took 0.035 seconds
[2023-02-13T22:26:09.470+0000] {processor.py:153} INFO - Started process (PID=1132) to work on /opt/airflow/dags/connect_pg_local.py
[2023-02-13T22:26:09.481+0000] {processor.py:743} INFO - Processing file /opt/airflow/dags/connect_pg_local.py for tasks to queue
[2023-02-13T22:26:09.482+0000] {logging_mixin.py:137} INFO - [2023-02-13T22:26:09.482+0000] {dagbag.py:538} INFO - Filling up the DagBag from /opt/airflow/dags/connect_pg_local.py
[2023-02-13T22:26:09.484+0000] {processor.py:755} WARNING - No viable dags retrieved from /opt/airflow/dags/connect_pg_local.py
[2023-02-13T22:26:09.504+0000] {processor.py:175} INFO - Processing /opt/airflow/dags/connect_pg_local.py took 0.039 seconds
[2023-02-13T22:26:39.565+0000] {processor.py:153} INFO - Started process (PID=1177) to work on /opt/airflow/dags/connect_pg_local.py
[2023-02-13T22:26:39.588+0000] {processor.py:743} INFO - Processing file /opt/airflow/dags/connect_pg_local.py for tasks to queue
[2023-02-13T22:26:39.589+0000] {logging_mixin.py:137} INFO - [2023-02-13T22:26:39.589+0000] {dagbag.py:538} INFO - Filling up the DagBag from /opt/airflow/dags/connect_pg_local.py
[2023-02-13T22:26:39.590+0000] {processor.py:755} WARNING - No viable dags retrieved from /opt/airflow/dags/connect_pg_local.py
[2023-02-13T22:26:39.617+0000] {processor.py:175} INFO - Processing /opt/airflow/dags/connect_pg_local.py took 0.056 seconds
[2023-02-13T22:27:10.643+0000] {processor.py:153} INFO - Started process (PID=1218) to work on /opt/airflow/dags/connect_pg_local.py
[2023-02-13T22:27:10.646+0000] {processor.py:743} INFO - Processing file /opt/airflow/dags/connect_pg_local.py for tasks to queue
[2023-02-13T22:27:10.648+0000] {logging_mixin.py:137} INFO - [2023-02-13T22:27:10.647+0000] {dagbag.py:538} INFO - Filling up the DagBag from /opt/airflow/dags/connect_pg_local.py
[2023-02-13T22:27:10.649+0000] {processor.py:755} WARNING - No viable dags retrieved from /opt/airflow/dags/connect_pg_local.py
[2023-02-13T22:27:10.663+0000] {processor.py:175} INFO - Processing /opt/airflow/dags/connect_pg_local.py took 0.034 seconds
[2023-02-13T22:27:41.632+0000] {processor.py:153} INFO - Started process (PID=1253) to work on /opt/airflow/dags/connect_pg_local.py
[2023-02-13T22:27:41.644+0000] {processor.py:743} INFO - Processing file /opt/airflow/dags/connect_pg_local.py for tasks to queue
[2023-02-13T22:27:41.645+0000] {logging_mixin.py:137} INFO - [2023-02-13T22:27:41.644+0000] {dagbag.py:538} INFO - Filling up the DagBag from /opt/airflow/dags/connect_pg_local.py
[2023-02-13T22:27:41.646+0000] {processor.py:755} WARNING - No viable dags retrieved from /opt/airflow/dags/connect_pg_local.py
[2023-02-13T22:27:41.667+0000] {processor.py:175} INFO - Processing /opt/airflow/dags/connect_pg_local.py took 0.039 seconds
[2023-02-13T22:28:11.707+0000] {processor.py:153} INFO - Started process (PID=1297) to work on /opt/airflow/dags/connect_pg_local.py
[2023-02-13T22:28:11.719+0000] {processor.py:743} INFO - Processing file /opt/airflow/dags/connect_pg_local.py for tasks to queue
[2023-02-13T22:28:11.720+0000] {logging_mixin.py:137} INFO - [2023-02-13T22:28:11.720+0000] {dagbag.py:538} INFO - Filling up the DagBag from /opt/airflow/dags/connect_pg_local.py
[2023-02-13T22:28:11.723+0000] {processor.py:755} WARNING - No viable dags retrieved from /opt/airflow/dags/connect_pg_local.py
[2023-02-13T22:28:11.749+0000] {processor.py:175} INFO - Processing /opt/airflow/dags/connect_pg_local.py took 0.046 seconds
[2023-02-13T22:28:42.579+0000] {processor.py:153} INFO - Started process (PID=1338) to work on /opt/airflow/dags/connect_pg_local.py
[2023-02-13T22:28:42.590+0000] {processor.py:743} INFO - Processing file /opt/airflow/dags/connect_pg_local.py for tasks to queue
[2023-02-13T22:28:42.591+0000] {logging_mixin.py:137} INFO - [2023-02-13T22:28:42.591+0000] {dagbag.py:538} INFO - Filling up the DagBag from /opt/airflow/dags/connect_pg_local.py
[2023-02-13T22:28:42.592+0000] {processor.py:755} WARNING - No viable dags retrieved from /opt/airflow/dags/connect_pg_local.py
[2023-02-13T22:28:42.609+0000] {processor.py:175} INFO - Processing /opt/airflow/dags/connect_pg_local.py took 0.036 seconds
[2023-02-13T22:29:13.467+0000] {processor.py:153} INFO - Started process (PID=1374) to work on /opt/airflow/dags/connect_pg_local.py
[2023-02-13T22:29:13.468+0000] {processor.py:743} INFO - Processing file /opt/airflow/dags/connect_pg_local.py for tasks to queue
[2023-02-13T22:29:13.469+0000] {logging_mixin.py:137} INFO - [2023-02-13T22:29:13.469+0000] {dagbag.py:538} INFO - Filling up the DagBag from /opt/airflow/dags/connect_pg_local.py
[2023-02-13T22:29:13.471+0000] {processor.py:755} WARNING - No viable dags retrieved from /opt/airflow/dags/connect_pg_local.py
[2023-02-13T22:29:13.491+0000] {processor.py:175} INFO - Processing /opt/airflow/dags/connect_pg_local.py took 0.028 seconds
[2023-02-13T22:29:44.393+0000] {processor.py:153} INFO - Started process (PID=1419) to work on /opt/airflow/dags/connect_pg_local.py
[2023-02-13T22:29:44.404+0000] {processor.py:743} INFO - Processing file /opt/airflow/dags/connect_pg_local.py for tasks to queue
[2023-02-13T22:29:44.405+0000] {logging_mixin.py:137} INFO - [2023-02-13T22:29:44.405+0000] {dagbag.py:538} INFO - Filling up the DagBag from /opt/airflow/dags/connect_pg_local.py
[2023-02-13T22:29:44.407+0000] {processor.py:755} WARNING - No viable dags retrieved from /opt/airflow/dags/connect_pg_local.py
[2023-02-13T22:29:44.425+0000] {processor.py:175} INFO - Processing /opt/airflow/dags/connect_pg_local.py took 0.036 seconds
[2023-02-13T22:30:15.421+0000] {processor.py:153} INFO - Started process (PID=1460) to work on /opt/airflow/dags/connect_pg_local.py
[2023-02-13T22:30:15.432+0000] {processor.py:743} INFO - Processing file /opt/airflow/dags/connect_pg_local.py for tasks to queue
[2023-02-13T22:30:15.433+0000] {logging_mixin.py:137} INFO - [2023-02-13T22:30:15.433+0000] {dagbag.py:538} INFO - Filling up the DagBag from /opt/airflow/dags/connect_pg_local.py
[2023-02-13T22:30:15.435+0000] {processor.py:755} WARNING - No viable dags retrieved from /opt/airflow/dags/connect_pg_local.py
[2023-02-13T22:30:15.451+0000] {processor.py:175} INFO - Processing /opt/airflow/dags/connect_pg_local.py took 0.033 seconds
[2023-02-13T22:30:46.229+0000] {processor.py:153} INFO - Started process (PID=1496) to work on /opt/airflow/dags/connect_pg_local.py
[2023-02-13T22:30:46.229+0000] {processor.py:743} INFO - Processing file /opt/airflow/dags/connect_pg_local.py for tasks to queue
[2023-02-13T22:30:46.230+0000] {logging_mixin.py:137} INFO - [2023-02-13T22:30:46.230+0000] {dagbag.py:538} INFO - Filling up the DagBag from /opt/airflow/dags/connect_pg_local.py
[2023-02-13T22:30:46.231+0000] {processor.py:755} WARNING - No viable dags retrieved from /opt/airflow/dags/connect_pg_local.py
[2023-02-13T22:30:46.251+0000] {processor.py:175} INFO - Processing /opt/airflow/dags/connect_pg_local.py took 0.025 seconds
[2023-02-13T22:31:17.181+0000] {processor.py:153} INFO - Started process (PID=1544) to work on /opt/airflow/dags/connect_pg_local.py
[2023-02-13T22:31:17.194+0000] {processor.py:743} INFO - Processing file /opt/airflow/dags/connect_pg_local.py for tasks to queue
[2023-02-13T22:31:17.195+0000] {logging_mixin.py:137} INFO - [2023-02-13T22:31:17.195+0000] {dagbag.py:538} INFO - Filling up the DagBag from /opt/airflow/dags/connect_pg_local.py
[2023-02-13T22:31:17.196+0000] {processor.py:755} WARNING - No viable dags retrieved from /opt/airflow/dags/connect_pg_local.py
[2023-02-13T22:31:17.212+0000] {processor.py:175} INFO - Processing /opt/airflow/dags/connect_pg_local.py took 0.037 seconds
[2023-02-13T22:31:47.264+0000] {processor.py:153} INFO - Started process (PID=1580) to work on /opt/airflow/dags/connect_pg_local.py
[2023-02-13T22:31:47.276+0000] {processor.py:743} INFO - Processing file /opt/airflow/dags/connect_pg_local.py for tasks to queue
[2023-02-13T22:31:47.277+0000] {logging_mixin.py:137} INFO - [2023-02-13T22:31:47.277+0000] {dagbag.py:538} INFO - Filling up the DagBag from /opt/airflow/dags/connect_pg_local.py
[2023-02-13T22:31:47.279+0000] {processor.py:755} WARNING - No viable dags retrieved from /opt/airflow/dags/connect_pg_local.py
[2023-02-13T22:31:47.302+0000] {processor.py:175} INFO - Processing /opt/airflow/dags/connect_pg_local.py took 0.044 seconds
[2023-02-13T22:32:17.362+0000] {processor.py:153} INFO - Started process (PID=1616) to work on /opt/airflow/dags/connect_pg_local.py
[2023-02-13T22:32:17.374+0000] {processor.py:743} INFO - Processing file /opt/airflow/dags/connect_pg_local.py for tasks to queue
[2023-02-13T22:32:17.376+0000] {logging_mixin.py:137} INFO - [2023-02-13T22:32:17.376+0000] {dagbag.py:538} INFO - Filling up the DagBag from /opt/airflow/dags/connect_pg_local.py
[2023-02-13T22:32:17.379+0000] {processor.py:755} WARNING - No viable dags retrieved from /opt/airflow/dags/connect_pg_local.py
[2023-02-13T22:32:17.400+0000] {processor.py:175} INFO - Processing /opt/airflow/dags/connect_pg_local.py took 0.044 seconds
[2023-02-13T22:32:48.186+0000] {processor.py:153} INFO - Started process (PID=1652) to work on /opt/airflow/dags/connect_pg_local.py
[2023-02-13T22:32:48.197+0000] {processor.py:743} INFO - Processing file /opt/airflow/dags/connect_pg_local.py for tasks to queue
[2023-02-13T22:32:48.198+0000] {logging_mixin.py:137} INFO - [2023-02-13T22:32:48.198+0000] {dagbag.py:538} INFO - Filling up the DagBag from /opt/airflow/dags/connect_pg_local.py
[2023-02-13T22:32:48.200+0000] {processor.py:755} WARNING - No viable dags retrieved from /opt/airflow/dags/connect_pg_local.py
[2023-02-13T22:32:48.215+0000] {processor.py:175} INFO - Processing /opt/airflow/dags/connect_pg_local.py took 0.032 seconds
[2023-02-13T22:33:19.028+0000] {processor.py:153} INFO - Started process (PID=1699) to work on /opt/airflow/dags/connect_pg_local.py
[2023-02-13T22:33:19.040+0000] {processor.py:743} INFO - Processing file /opt/airflow/dags/connect_pg_local.py for tasks to queue
[2023-02-13T22:33:19.041+0000] {logging_mixin.py:137} INFO - [2023-02-13T22:33:19.041+0000] {dagbag.py:538} INFO - Filling up the DagBag from /opt/airflow/dags/connect_pg_local.py
[2023-02-13T22:33:19.042+0000] {processor.py:755} WARNING - No viable dags retrieved from /opt/airflow/dags/connect_pg_local.py
[2023-02-13T22:33:19.057+0000] {processor.py:175} INFO - Processing /opt/airflow/dags/connect_pg_local.py took 0.034 seconds
[2023-02-13T22:33:49.940+0000] {processor.py:153} INFO - Started process (PID=1734) to work on /opt/airflow/dags/connect_pg_local.py
[2023-02-13T22:33:49.951+0000] {processor.py:743} INFO - Processing file /opt/airflow/dags/connect_pg_local.py for tasks to queue
[2023-02-13T22:33:49.952+0000] {logging_mixin.py:137} INFO - [2023-02-13T22:33:49.952+0000] {dagbag.py:538} INFO - Filling up the DagBag from /opt/airflow/dags/connect_pg_local.py
[2023-02-13T22:33:49.954+0000] {processor.py:755} WARNING - No viable dags retrieved from /opt/airflow/dags/connect_pg_local.py
[2023-02-13T22:33:49.977+0000] {processor.py:175} INFO - Processing /opt/airflow/dags/connect_pg_local.py took 0.042 seconds
[2023-02-13T22:34:20.004+0000] {processor.py:153} INFO - Started process (PID=1770) to work on /opt/airflow/dags/connect_pg_local.py
[2023-02-13T22:34:20.005+0000] {processor.py:743} INFO - Processing file /opt/airflow/dags/connect_pg_local.py for tasks to queue
[2023-02-13T22:34:20.005+0000] {logging_mixin.py:137} INFO - [2023-02-13T22:34:20.005+0000] {dagbag.py:538} INFO - Filling up the DagBag from /opt/airflow/dags/connect_pg_local.py
[2023-02-13T22:34:20.007+0000] {processor.py:755} WARNING - No viable dags retrieved from /opt/airflow/dags/connect_pg_local.py
[2023-02-13T22:34:20.023+0000] {processor.py:175} INFO - Processing /opt/airflow/dags/connect_pg_local.py took 0.024 seconds
[2023-02-13T22:34:50.850+0000] {processor.py:153} INFO - Started process (PID=1820) to work on /opt/airflow/dags/connect_pg_local.py
[2023-02-13T22:34:50.850+0000] {processor.py:743} INFO - Processing file /opt/airflow/dags/connect_pg_local.py for tasks to queue
[2023-02-13T22:34:50.851+0000] {logging_mixin.py:137} INFO - [2023-02-13T22:34:50.851+0000] {dagbag.py:538} INFO - Filling up the DagBag from /opt/airflow/dags/connect_pg_local.py
[2023-02-13T22:34:50.852+0000] {processor.py:755} WARNING - No viable dags retrieved from /opt/airflow/dags/connect_pg_local.py
[2023-02-13T22:34:50.869+0000] {processor.py:175} INFO - Processing /opt/airflow/dags/connect_pg_local.py took 0.022 seconds
[2023-02-13T22:35:21.768+0000] {processor.py:153} INFO - Started process (PID=1856) to work on /opt/airflow/dags/connect_pg_local.py
[2023-02-13T22:35:21.779+0000] {processor.py:743} INFO - Processing file /opt/airflow/dags/connect_pg_local.py for tasks to queue
[2023-02-13T22:35:21.781+0000] {logging_mixin.py:137} INFO - [2023-02-13T22:35:21.780+0000] {dagbag.py:538} INFO - Filling up the DagBag from /opt/airflow/dags/connect_pg_local.py
[2023-02-13T22:35:21.784+0000] {processor.py:755} WARNING - No viable dags retrieved from /opt/airflow/dags/connect_pg_local.py
[2023-02-13T22:35:21.803+0000] {processor.py:175} INFO - Processing /opt/airflow/dags/connect_pg_local.py took 0.041 seconds
[2023-02-13T22:35:52.698+0000] {processor.py:153} INFO - Started process (PID=1892) to work on /opt/airflow/dags/connect_pg_local.py
[2023-02-13T22:35:52.709+0000] {processor.py:743} INFO - Processing file /opt/airflow/dags/connect_pg_local.py for tasks to queue
[2023-02-13T22:35:52.710+0000] {logging_mixin.py:137} INFO - [2023-02-13T22:35:52.710+0000] {dagbag.py:538} INFO - Filling up the DagBag from /opt/airflow/dags/connect_pg_local.py
[2023-02-13T22:35:52.712+0000] {processor.py:755} WARNING - No viable dags retrieved from /opt/airflow/dags/connect_pg_local.py
[2023-02-13T22:35:52.729+0000] {processor.py:175} INFO - Processing /opt/airflow/dags/connect_pg_local.py took 0.037 seconds
[2023-02-13T22:36:23.578+0000] {processor.py:153} INFO - Started process (PID=1943) to work on /opt/airflow/dags/connect_pg_local.py
[2023-02-13T22:36:23.591+0000] {processor.py:743} INFO - Processing file /opt/airflow/dags/connect_pg_local.py for tasks to queue
[2023-02-13T22:36:23.592+0000] {logging_mixin.py:137} INFO - [2023-02-13T22:36:23.591+0000] {dagbag.py:538} INFO - Filling up the DagBag from /opt/airflow/dags/connect_pg_local.py
[2023-02-13T22:36:23.593+0000] {processor.py:755} WARNING - No viable dags retrieved from /opt/airflow/dags/connect_pg_local.py
[2023-02-13T22:36:23.613+0000] {processor.py:175} INFO - Processing /opt/airflow/dags/connect_pg_local.py took 0.039 seconds
