[2023-02-13T07:42:27.845+0000] {processor.py:153} INFO - Started process (PID=44) to work on /opt/airflow/dags/dag_catchup_backfil.py
[2023-02-13T07:42:27.846+0000] {processor.py:743} INFO - Processing file /opt/airflow/dags/dag_catchup_backfil.py for tasks to queue
[2023-02-13T07:42:27.847+0000] {logging_mixin.py:137} INFO - [2023-02-13T07:42:27.847+0000] {dagbag.py:538} INFO - Filling up the DagBag from /opt/airflow/dags/dag_catchup_backfil.py
[2023-02-13T07:42:27.871+0000] {processor.py:753} INFO - DAG(s) dict_keys(['dag_catchup_backfillv3']) retrieved from /opt/airflow/dags/dag_catchup_backfil.py
[2023-02-13T07:42:27.891+0000] {logging_mixin.py:137} INFO - [2023-02-13T07:42:27.891+0000] {dag.py:2690} INFO - Sync 1 DAGs
[2023-02-13T07:42:27.918+0000] {logging_mixin.py:137} INFO - [2023-02-13T07:42:27.917+0000] {dag.py:3441} INFO - Setting next_dagrun for dag_catchup_backfillv3 to 2023-02-12T00:00:00+00:00, run_after=2023-02-13T00:00:00+00:00
[2023-02-13T07:42:27.941+0000] {processor.py:175} INFO - Processing /opt/airflow/dags/dag_catchup_backfil.py took 0.100 seconds
[2023-02-13T07:42:58.635+0000] {processor.py:153} INFO - Started process (PID=94) to work on /opt/airflow/dags/dag_catchup_backfil.py
[2023-02-13T07:42:58.636+0000] {processor.py:743} INFO - Processing file /opt/airflow/dags/dag_catchup_backfil.py for tasks to queue
[2023-02-13T07:42:58.637+0000] {logging_mixin.py:137} INFO - [2023-02-13T07:42:58.636+0000] {dagbag.py:538} INFO - Filling up the DagBag from /opt/airflow/dags/dag_catchup_backfil.py
[2023-02-13T07:42:58.655+0000] {processor.py:753} INFO - DAG(s) dict_keys(['dag_catchup_backfillv3']) retrieved from /opt/airflow/dags/dag_catchup_backfil.py
[2023-02-13T07:42:58.737+0000] {logging_mixin.py:137} INFO - [2023-02-13T07:42:58.737+0000] {dag.py:2690} INFO - Sync 1 DAGs
[2023-02-13T07:42:58.792+0000] {logging_mixin.py:137} INFO - [2023-02-13T07:42:58.791+0000] {dag.py:3441} INFO - Setting next_dagrun for dag_catchup_backfillv3 to 2023-02-12T00:00:00+00:00, run_after=2023-02-13T00:00:00+00:00
[2023-02-13T07:42:58.824+0000] {processor.py:175} INFO - Processing /opt/airflow/dags/dag_catchup_backfil.py took 0.193 seconds
[2023-02-13T07:54:42.806+0000] {processor.py:153} INFO - Started process (PID=38) to work on /opt/airflow/dags/dag_catchup_backfil.py
[2023-02-13T07:54:42.807+0000] {processor.py:743} INFO - Processing file /opt/airflow/dags/dag_catchup_backfil.py for tasks to queue
[2023-02-13T07:54:42.808+0000] {logging_mixin.py:137} INFO - [2023-02-13T07:54:42.808+0000] {dagbag.py:538} INFO - Filling up the DagBag from /opt/airflow/dags/dag_catchup_backfil.py
[2023-02-13T07:54:42.823+0000] {processor.py:753} INFO - DAG(s) dict_keys(['dag_catchup_backfillv3']) retrieved from /opt/airflow/dags/dag_catchup_backfil.py
[2023-02-13T07:54:42.846+0000] {logging_mixin.py:137} INFO - [2023-02-13T07:54:42.845+0000] {dag.py:2690} INFO - Sync 1 DAGs
[2023-02-13T07:54:42.876+0000] {logging_mixin.py:137} INFO - [2023-02-13T07:54:42.876+0000] {dag.py:3441} INFO - Setting next_dagrun for dag_catchup_backfillv3 to 2023-02-12T00:00:00+00:00, run_after=2023-02-13T00:00:00+00:00
[2023-02-13T07:54:42.896+0000] {processor.py:175} INFO - Processing /opt/airflow/dags/dag_catchup_backfil.py took 0.092 seconds
[2023-02-13T17:53:41.234+0000] {processor.py:153} INFO - Started process (PID=42) to work on /opt/airflow/dags/dag_catchup_backfil.py
[2023-02-13T17:53:41.240+0000] {processor.py:743} INFO - Processing file /opt/airflow/dags/dag_catchup_backfil.py for tasks to queue
[2023-02-13T17:53:41.240+0000] {logging_mixin.py:137} INFO - [2023-02-13T17:53:41.240+0000] {dagbag.py:538} INFO - Filling up the DagBag from /opt/airflow/dags/dag_catchup_backfil.py
[2023-02-13T17:53:41.264+0000] {processor.py:753} INFO - DAG(s) dict_keys(['dag_catchup_backfillv3']) retrieved from /opt/airflow/dags/dag_catchup_backfil.py
[2023-02-13T17:53:41.291+0000] {logging_mixin.py:137} INFO - [2023-02-13T17:53:41.291+0000] {dag.py:2690} INFO - Sync 1 DAGs
[2023-02-13T17:53:41.320+0000] {logging_mixin.py:137} INFO - [2023-02-13T17:53:41.319+0000] {dag.py:3441} INFO - Setting next_dagrun for dag_catchup_backfillv3 to 2023-02-12T00:00:00+00:00, run_after=2023-02-13T00:00:00+00:00
[2023-02-13T17:53:41.342+0000] {processor.py:175} INFO - Processing /opt/airflow/dags/dag_catchup_backfil.py took 0.111 seconds
[2023-02-13T22:12:18.146+0000] {processor.py:153} INFO - Started process (PID=38) to work on /opt/airflow/dags/dag_catchup_backfil.py
[2023-02-13T22:12:18.147+0000] {processor.py:743} INFO - Processing file /opt/airflow/dags/dag_catchup_backfil.py for tasks to queue
[2023-02-13T22:12:18.148+0000] {logging_mixin.py:137} INFO - [2023-02-13T22:12:18.147+0000] {dagbag.py:538} INFO - Filling up the DagBag from /opt/airflow/dags/dag_catchup_backfil.py
[2023-02-13T22:12:18.164+0000] {processor.py:753} INFO - DAG(s) dict_keys(['dag_catchup_backfillv3']) retrieved from /opt/airflow/dags/dag_catchup_backfil.py
[2023-02-13T22:12:18.187+0000] {logging_mixin.py:137} INFO - [2023-02-13T22:12:18.187+0000] {dag.py:2690} INFO - Sync 1 DAGs
[2023-02-13T22:12:18.214+0000] {logging_mixin.py:137} INFO - [2023-02-13T22:12:18.214+0000] {dag.py:3441} INFO - Setting next_dagrun for dag_catchup_backfillv3 to 2023-02-12T00:00:00+00:00, run_after=2023-02-13T00:00:00+00:00
[2023-02-13T22:12:18.233+0000] {processor.py:175} INFO - Processing /opt/airflow/dags/dag_catchup_backfil.py took 0.089 seconds
[2023-02-13T22:12:49.015+0000] {processor.py:153} INFO - Started process (PID=87) to work on /opt/airflow/dags/dag_catchup_backfil.py
[2023-02-13T22:12:49.016+0000] {processor.py:743} INFO - Processing file /opt/airflow/dags/dag_catchup_backfil.py for tasks to queue
[2023-02-13T22:12:49.016+0000] {logging_mixin.py:137} INFO - [2023-02-13T22:12:49.016+0000] {dagbag.py:538} INFO - Filling up the DagBag from /opt/airflow/dags/dag_catchup_backfil.py
[2023-02-13T22:12:49.033+0000] {processor.py:753} INFO - DAG(s) dict_keys(['dag_catchup_backfillv3']) retrieved from /opt/airflow/dags/dag_catchup_backfil.py
[2023-02-13T22:12:49.059+0000] {logging_mixin.py:137} INFO - [2023-02-13T22:12:49.059+0000] {dag.py:2690} INFO - Sync 1 DAGs
[2023-02-13T22:12:49.097+0000] {logging_mixin.py:137} INFO - [2023-02-13T22:12:49.097+0000] {dag.py:3441} INFO - Setting next_dagrun for dag_catchup_backfillv3 to 2023-02-12T00:00:00+00:00, run_after=2023-02-13T00:00:00+00:00
[2023-02-13T22:12:49.122+0000] {processor.py:175} INFO - Processing /opt/airflow/dags/dag_catchup_backfil.py took 0.110 seconds
[2023-02-13T22:13:20.072+0000] {processor.py:153} INFO - Started process (PID=124) to work on /opt/airflow/dags/dag_catchup_backfil.py
[2023-02-13T22:13:20.073+0000] {processor.py:743} INFO - Processing file /opt/airflow/dags/dag_catchup_backfil.py for tasks to queue
[2023-02-13T22:13:20.074+0000] {logging_mixin.py:137} INFO - [2023-02-13T22:13:20.074+0000] {dagbag.py:538} INFO - Filling up the DagBag from /opt/airflow/dags/dag_catchup_backfil.py
[2023-02-13T22:13:20.092+0000] {processor.py:753} INFO - DAG(s) dict_keys(['dag_catchup_backfillv3']) retrieved from /opt/airflow/dags/dag_catchup_backfil.py
[2023-02-13T22:13:20.122+0000] {logging_mixin.py:137} INFO - [2023-02-13T22:13:20.122+0000] {dag.py:2690} INFO - Sync 1 DAGs
[2023-02-13T22:13:20.162+0000] {logging_mixin.py:137} INFO - [2023-02-13T22:13:20.162+0000] {dag.py:3441} INFO - Setting next_dagrun for dag_catchup_backfillv3 to 2023-02-12T00:00:00+00:00, run_after=2023-02-13T00:00:00+00:00
[2023-02-13T22:13:20.191+0000] {processor.py:175} INFO - Processing /opt/airflow/dags/dag_catchup_backfil.py took 0.122 seconds
[2023-02-13T22:13:51.020+0000] {processor.py:153} INFO - Started process (PID=160) to work on /opt/airflow/dags/dag_catchup_backfil.py
[2023-02-13T22:13:51.021+0000] {processor.py:743} INFO - Processing file /opt/airflow/dags/dag_catchup_backfil.py for tasks to queue
[2023-02-13T22:13:51.022+0000] {logging_mixin.py:137} INFO - [2023-02-13T22:13:51.022+0000] {dagbag.py:538} INFO - Filling up the DagBag from /opt/airflow/dags/dag_catchup_backfil.py
[2023-02-13T22:13:51.041+0000] {processor.py:753} INFO - DAG(s) dict_keys(['dag_catchup_backfillv3']) retrieved from /opt/airflow/dags/dag_catchup_backfil.py
[2023-02-13T22:13:51.074+0000] {logging_mixin.py:137} INFO - [2023-02-13T22:13:51.074+0000] {dag.py:2690} INFO - Sync 1 DAGs
[2023-02-13T22:13:51.115+0000] {logging_mixin.py:137} INFO - [2023-02-13T22:13:51.114+0000] {dag.py:3441} INFO - Setting next_dagrun for dag_catchup_backfillv3 to 2023-02-12T00:00:00+00:00, run_after=2023-02-13T00:00:00+00:00
[2023-02-13T22:13:51.143+0000] {processor.py:175} INFO - Processing /opt/airflow/dags/dag_catchup_backfil.py took 0.126 seconds
[2023-02-13T22:14:21.857+0000] {processor.py:153} INFO - Started process (PID=209) to work on /opt/airflow/dags/dag_catchup_backfil.py
[2023-02-13T22:14:21.858+0000] {processor.py:743} INFO - Processing file /opt/airflow/dags/dag_catchup_backfil.py for tasks to queue
[2023-02-13T22:14:21.858+0000] {logging_mixin.py:137} INFO - [2023-02-13T22:14:21.858+0000] {dagbag.py:538} INFO - Filling up the DagBag from /opt/airflow/dags/dag_catchup_backfil.py
[2023-02-13T22:14:21.875+0000] {processor.py:753} INFO - DAG(s) dict_keys(['dag_catchup_backfillv3']) retrieved from /opt/airflow/dags/dag_catchup_backfil.py
[2023-02-13T22:14:21.901+0000] {logging_mixin.py:137} INFO - [2023-02-13T22:14:21.901+0000] {dag.py:2690} INFO - Sync 1 DAGs
[2023-02-13T22:14:21.939+0000] {logging_mixin.py:137} INFO - [2023-02-13T22:14:21.938+0000] {dag.py:3441} INFO - Setting next_dagrun for dag_catchup_backfillv3 to 2023-02-12T00:00:00+00:00, run_after=2023-02-13T00:00:00+00:00
[2023-02-13T22:14:21.962+0000] {processor.py:175} INFO - Processing /opt/airflow/dags/dag_catchup_backfil.py took 0.109 seconds
[2023-02-13T22:14:52.029+0000] {processor.py:153} INFO - Started process (PID=244) to work on /opt/airflow/dags/dag_catchup_backfil.py
[2023-02-13T22:14:52.030+0000] {processor.py:743} INFO - Processing file /opt/airflow/dags/dag_catchup_backfil.py for tasks to queue
[2023-02-13T22:14:52.031+0000] {logging_mixin.py:137} INFO - [2023-02-13T22:14:52.031+0000] {dagbag.py:538} INFO - Filling up the DagBag from /opt/airflow/dags/dag_catchup_backfil.py
[2023-02-13T22:14:52.049+0000] {processor.py:753} INFO - DAG(s) dict_keys(['dag_catchup_backfillv3']) retrieved from /opt/airflow/dags/dag_catchup_backfil.py
[2023-02-13T22:14:52.091+0000] {logging_mixin.py:137} INFO - [2023-02-13T22:14:52.090+0000] {dag.py:2690} INFO - Sync 1 DAGs
[2023-02-13T22:14:52.131+0000] {logging_mixin.py:137} INFO - [2023-02-13T22:14:52.131+0000] {dag.py:3441} INFO - Setting next_dagrun for dag_catchup_backfillv3 to 2023-02-12T00:00:00+00:00, run_after=2023-02-13T00:00:00+00:00
[2023-02-13T22:14:52.159+0000] {processor.py:175} INFO - Processing /opt/airflow/dags/dag_catchup_backfil.py took 0.134 seconds
[2023-02-13T22:15:23.132+0000] {processor.py:153} INFO - Started process (PID=282) to work on /opt/airflow/dags/dag_catchup_backfil.py
[2023-02-13T22:15:23.132+0000] {processor.py:743} INFO - Processing file /opt/airflow/dags/dag_catchup_backfil.py for tasks to queue
[2023-02-13T22:15:23.133+0000] {logging_mixin.py:137} INFO - [2023-02-13T22:15:23.133+0000] {dagbag.py:538} INFO - Filling up the DagBag from /opt/airflow/dags/dag_catchup_backfil.py
[2023-02-13T22:15:23.149+0000] {processor.py:753} INFO - DAG(s) dict_keys(['dag_catchup_backfillv3']) retrieved from /opt/airflow/dags/dag_catchup_backfil.py
[2023-02-13T22:15:23.176+0000] {logging_mixin.py:137} INFO - [2023-02-13T22:15:23.176+0000] {dag.py:2690} INFO - Sync 1 DAGs
[2023-02-13T22:15:23.214+0000] {logging_mixin.py:137} INFO - [2023-02-13T22:15:23.214+0000] {dag.py:3441} INFO - Setting next_dagrun for dag_catchup_backfillv3 to 2023-02-12T00:00:00+00:00, run_after=2023-02-13T00:00:00+00:00
[2023-02-13T22:15:23.241+0000] {processor.py:175} INFO - Processing /opt/airflow/dags/dag_catchup_backfil.py took 0.113 seconds
[2023-02-13T22:15:53.960+0000] {processor.py:153} INFO - Started process (PID=334) to work on /opt/airflow/dags/dag_catchup_backfil.py
[2023-02-13T22:15:53.961+0000] {processor.py:743} INFO - Processing file /opt/airflow/dags/dag_catchup_backfil.py for tasks to queue
[2023-02-13T22:15:53.961+0000] {logging_mixin.py:137} INFO - [2023-02-13T22:15:53.961+0000] {dagbag.py:538} INFO - Filling up the DagBag from /opt/airflow/dags/dag_catchup_backfil.py
[2023-02-13T22:15:53.977+0000] {processor.py:753} INFO - DAG(s) dict_keys(['dag_catchup_backfillv3']) retrieved from /opt/airflow/dags/dag_catchup_backfil.py
[2023-02-13T22:15:54.004+0000] {logging_mixin.py:137} INFO - [2023-02-13T22:15:54.003+0000] {dag.py:2690} INFO - Sync 1 DAGs
[2023-02-13T22:15:54.041+0000] {logging_mixin.py:137} INFO - [2023-02-13T22:15:54.041+0000] {dag.py:3441} INFO - Setting next_dagrun for dag_catchup_backfillv3 to 2023-02-12T00:00:00+00:00, run_after=2023-02-13T00:00:00+00:00
[2023-02-13T22:15:54.066+0000] {processor.py:175} INFO - Processing /opt/airflow/dags/dag_catchup_backfil.py took 0.109 seconds
[2023-02-13T22:16:24.846+0000] {processor.py:153} INFO - Started process (PID=370) to work on /opt/airflow/dags/dag_catchup_backfil.py
[2023-02-13T22:16:24.847+0000] {processor.py:743} INFO - Processing file /opt/airflow/dags/dag_catchup_backfil.py for tasks to queue
[2023-02-13T22:16:24.848+0000] {logging_mixin.py:137} INFO - [2023-02-13T22:16:24.848+0000] {dagbag.py:538} INFO - Filling up the DagBag from /opt/airflow/dags/dag_catchup_backfil.py
[2023-02-13T22:16:24.876+0000] {processor.py:753} INFO - DAG(s) dict_keys(['dag_catchup_backfillv3']) retrieved from /opt/airflow/dags/dag_catchup_backfil.py
[2023-02-13T22:16:24.910+0000] {logging_mixin.py:137} INFO - [2023-02-13T22:16:24.910+0000] {dag.py:2690} INFO - Sync 1 DAGs
[2023-02-13T22:16:24.950+0000] {logging_mixin.py:137} INFO - [2023-02-13T22:16:24.950+0000] {dag.py:3441} INFO - Setting next_dagrun for dag_catchup_backfillv3 to 2023-02-12T00:00:00+00:00, run_after=2023-02-13T00:00:00+00:00
[2023-02-13T22:16:24.989+0000] {processor.py:175} INFO - Processing /opt/airflow/dags/dag_catchup_backfil.py took 0.149 seconds
[2023-02-13T22:16:55.786+0000] {processor.py:153} INFO - Started process (PID=406) to work on /opt/airflow/dags/dag_catchup_backfil.py
[2023-02-13T22:16:55.787+0000] {processor.py:743} INFO - Processing file /opt/airflow/dags/dag_catchup_backfil.py for tasks to queue
[2023-02-13T22:16:55.788+0000] {logging_mixin.py:137} INFO - [2023-02-13T22:16:55.788+0000] {dagbag.py:538} INFO - Filling up the DagBag from /opt/airflow/dags/dag_catchup_backfil.py
[2023-02-13T22:16:55.816+0000] {processor.py:753} INFO - DAG(s) dict_keys(['dag_catchup_backfillv3']) retrieved from /opt/airflow/dags/dag_catchup_backfil.py
[2023-02-13T22:16:55.854+0000] {logging_mixin.py:137} INFO - [2023-02-13T22:16:55.854+0000] {dag.py:2690} INFO - Sync 1 DAGs
[2023-02-13T22:16:55.894+0000] {logging_mixin.py:137} INFO - [2023-02-13T22:16:55.894+0000] {dag.py:3441} INFO - Setting next_dagrun for dag_catchup_backfillv3 to 2023-02-12T00:00:00+00:00, run_after=2023-02-13T00:00:00+00:00
[2023-02-13T22:16:55.932+0000] {processor.py:175} INFO - Processing /opt/airflow/dags/dag_catchup_backfil.py took 0.151 seconds
[2023-02-13T22:17:26.720+0000] {processor.py:153} INFO - Started process (PID=455) to work on /opt/airflow/dags/dag_catchup_backfil.py
[2023-02-13T22:17:26.721+0000] {processor.py:743} INFO - Processing file /opt/airflow/dags/dag_catchup_backfil.py for tasks to queue
[2023-02-13T22:17:26.722+0000] {logging_mixin.py:137} INFO - [2023-02-13T22:17:26.721+0000] {dagbag.py:538} INFO - Filling up the DagBag from /opt/airflow/dags/dag_catchup_backfil.py
[2023-02-13T22:17:26.739+0000] {processor.py:753} INFO - DAG(s) dict_keys(['dag_catchup_backfillv3']) retrieved from /opt/airflow/dags/dag_catchup_backfil.py
[2023-02-13T22:17:26.765+0000] {logging_mixin.py:137} INFO - [2023-02-13T22:17:26.765+0000] {dag.py:2690} INFO - Sync 1 DAGs
[2023-02-13T22:17:26.801+0000] {logging_mixin.py:137} INFO - [2023-02-13T22:17:26.801+0000] {dag.py:3441} INFO - Setting next_dagrun for dag_catchup_backfillv3 to 2023-02-12T00:00:00+00:00, run_after=2023-02-13T00:00:00+00:00
[2023-02-13T22:17:26.825+0000] {processor.py:175} INFO - Processing /opt/airflow/dags/dag_catchup_backfil.py took 0.109 seconds
[2023-02-13T22:17:57.553+0000] {processor.py:153} INFO - Started process (PID=491) to work on /opt/airflow/dags/dag_catchup_backfil.py
[2023-02-13T22:17:57.554+0000] {processor.py:743} INFO - Processing file /opt/airflow/dags/dag_catchup_backfil.py for tasks to queue
[2023-02-13T22:17:57.555+0000] {logging_mixin.py:137} INFO - [2023-02-13T22:17:57.554+0000] {dagbag.py:538} INFO - Filling up the DagBag from /opt/airflow/dags/dag_catchup_backfil.py
[2023-02-13T22:17:57.574+0000] {processor.py:753} INFO - DAG(s) dict_keys(['dag_catchup_backfillv3']) retrieved from /opt/airflow/dags/dag_catchup_backfil.py
[2023-02-13T22:17:57.606+0000] {logging_mixin.py:137} INFO - [2023-02-13T22:17:57.606+0000] {dag.py:2690} INFO - Sync 1 DAGs
[2023-02-13T22:17:57.646+0000] {logging_mixin.py:137} INFO - [2023-02-13T22:17:57.646+0000] {dag.py:3441} INFO - Setting next_dagrun for dag_catchup_backfillv3 to 2023-02-12T00:00:00+00:00, run_after=2023-02-13T00:00:00+00:00
[2023-02-13T22:17:57.686+0000] {processor.py:175} INFO - Processing /opt/airflow/dags/dag_catchup_backfil.py took 0.137 seconds
[2023-02-13T22:18:28.474+0000] {processor.py:153} INFO - Started process (PID=526) to work on /opt/airflow/dags/dag_catchup_backfil.py
[2023-02-13T22:18:28.475+0000] {processor.py:743} INFO - Processing file /opt/airflow/dags/dag_catchup_backfil.py for tasks to queue
[2023-02-13T22:18:28.476+0000] {logging_mixin.py:137} INFO - [2023-02-13T22:18:28.476+0000] {dagbag.py:538} INFO - Filling up the DagBag from /opt/airflow/dags/dag_catchup_backfil.py
[2023-02-13T22:18:28.494+0000] {processor.py:753} INFO - DAG(s) dict_keys(['dag_catchup_backfillv3']) retrieved from /opt/airflow/dags/dag_catchup_backfil.py
[2023-02-13T22:18:28.524+0000] {logging_mixin.py:137} INFO - [2023-02-13T22:18:28.523+0000] {dag.py:2690} INFO - Sync 1 DAGs
[2023-02-13T22:18:28.566+0000] {logging_mixin.py:137} INFO - [2023-02-13T22:18:28.566+0000] {dag.py:3441} INFO - Setting next_dagrun for dag_catchup_backfillv3 to 2023-02-12T00:00:00+00:00, run_after=2023-02-13T00:00:00+00:00
[2023-02-13T22:18:28.598+0000] {processor.py:175} INFO - Processing /opt/airflow/dags/dag_catchup_backfil.py took 0.128 seconds
[2023-02-13T22:18:59.499+0000] {processor.py:153} INFO - Started process (PID=576) to work on /opt/airflow/dags/dag_catchup_backfil.py
[2023-02-13T22:18:59.501+0000] {processor.py:743} INFO - Processing file /opt/airflow/dags/dag_catchup_backfil.py for tasks to queue
[2023-02-13T22:18:59.502+0000] {logging_mixin.py:137} INFO - [2023-02-13T22:18:59.501+0000] {dagbag.py:538} INFO - Filling up the DagBag from /opt/airflow/dags/dag_catchup_backfil.py
[2023-02-13T22:18:59.521+0000] {processor.py:753} INFO - DAG(s) dict_keys(['dag_catchup_backfillv3']) retrieved from /opt/airflow/dags/dag_catchup_backfil.py
[2023-02-13T22:18:59.548+0000] {logging_mixin.py:137} INFO - [2023-02-13T22:18:59.548+0000] {dag.py:2690} INFO - Sync 1 DAGs
[2023-02-13T22:18:59.586+0000] {logging_mixin.py:137} INFO - [2023-02-13T22:18:59.586+0000] {dag.py:3441} INFO - Setting next_dagrun for dag_catchup_backfillv3 to 2023-02-12T00:00:00+00:00, run_after=2023-02-13T00:00:00+00:00
[2023-02-13T22:18:59.610+0000] {processor.py:175} INFO - Processing /opt/airflow/dags/dag_catchup_backfil.py took 0.115 seconds
[2023-02-13T22:19:30.349+0000] {processor.py:153} INFO - Started process (PID=612) to work on /opt/airflow/dags/dag_catchup_backfil.py
[2023-02-13T22:19:30.350+0000] {processor.py:743} INFO - Processing file /opt/airflow/dags/dag_catchup_backfil.py for tasks to queue
[2023-02-13T22:19:30.350+0000] {logging_mixin.py:137} INFO - [2023-02-13T22:19:30.350+0000] {dagbag.py:538} INFO - Filling up the DagBag from /opt/airflow/dags/dag_catchup_backfil.py
[2023-02-13T22:19:30.376+0000] {processor.py:753} INFO - DAG(s) dict_keys(['dag_catchup_backfillv3']) retrieved from /opt/airflow/dags/dag_catchup_backfil.py
[2023-02-13T22:19:30.425+0000] {logging_mixin.py:137} INFO - [2023-02-13T22:19:30.424+0000] {dag.py:2690} INFO - Sync 1 DAGs
[2023-02-13T22:19:30.465+0000] {logging_mixin.py:137} INFO - [2023-02-13T22:19:30.464+0000] {dag.py:3441} INFO - Setting next_dagrun for dag_catchup_backfillv3 to 2023-02-12T00:00:00+00:00, run_after=2023-02-13T00:00:00+00:00
[2023-02-13T22:19:30.493+0000] {processor.py:175} INFO - Processing /opt/airflow/dags/dag_catchup_backfil.py took 0.148 seconds
[2023-02-13T22:20:01.235+0000] {processor.py:153} INFO - Started process (PID=648) to work on /opt/airflow/dags/dag_catchup_backfil.py
[2023-02-13T22:20:01.237+0000] {processor.py:743} INFO - Processing file /opt/airflow/dags/dag_catchup_backfil.py for tasks to queue
[2023-02-13T22:20:01.238+0000] {logging_mixin.py:137} INFO - [2023-02-13T22:20:01.238+0000] {dagbag.py:538} INFO - Filling up the DagBag from /opt/airflow/dags/dag_catchup_backfil.py
[2023-02-13T22:20:01.260+0000] {processor.py:753} INFO - DAG(s) dict_keys(['dag_catchup_backfillv3']) retrieved from /opt/airflow/dags/dag_catchup_backfil.py
[2023-02-13T22:20:01.294+0000] {logging_mixin.py:137} INFO - [2023-02-13T22:20:01.294+0000] {dag.py:2690} INFO - Sync 1 DAGs
[2023-02-13T22:20:01.335+0000] {logging_mixin.py:137} INFO - [2023-02-13T22:20:01.335+0000] {dag.py:3441} INFO - Setting next_dagrun for dag_catchup_backfillv3 to 2023-02-12T00:00:00+00:00, run_after=2023-02-13T00:00:00+00:00
[2023-02-13T22:20:01.369+0000] {processor.py:175} INFO - Processing /opt/airflow/dags/dag_catchup_backfil.py took 0.140 seconds
[2023-02-13T22:20:32.194+0000] {processor.py:153} INFO - Started process (PID=698) to work on /opt/airflow/dags/dag_catchup_backfil.py
[2023-02-13T22:20:32.195+0000] {processor.py:743} INFO - Processing file /opt/airflow/dags/dag_catchup_backfil.py for tasks to queue
[2023-02-13T22:20:32.196+0000] {logging_mixin.py:137} INFO - [2023-02-13T22:20:32.196+0000] {dagbag.py:538} INFO - Filling up the DagBag from /opt/airflow/dags/dag_catchup_backfil.py
[2023-02-13T22:20:32.225+0000] {processor.py:753} INFO - DAG(s) dict_keys(['dag_catchup_backfillv3']) retrieved from /opt/airflow/dags/dag_catchup_backfil.py
[2023-02-13T22:20:32.260+0000] {logging_mixin.py:137} INFO - [2023-02-13T22:20:32.259+0000] {dag.py:2690} INFO - Sync 1 DAGs
[2023-02-13T22:20:32.301+0000] {logging_mixin.py:137} INFO - [2023-02-13T22:20:32.301+0000] {dag.py:3441} INFO - Setting next_dagrun for dag_catchup_backfillv3 to 2023-02-12T00:00:00+00:00, run_after=2023-02-13T00:00:00+00:00
[2023-02-13T22:20:32.343+0000] {processor.py:175} INFO - Processing /opt/airflow/dags/dag_catchup_backfil.py took 0.154 seconds
[2023-02-13T22:21:03.291+0000] {processor.py:153} INFO - Started process (PID=732) to work on /opt/airflow/dags/dag_catchup_backfil.py
[2023-02-13T22:21:03.292+0000] {processor.py:743} INFO - Processing file /opt/airflow/dags/dag_catchup_backfil.py for tasks to queue
[2023-02-13T22:21:03.293+0000] {logging_mixin.py:137} INFO - [2023-02-13T22:21:03.293+0000] {dagbag.py:538} INFO - Filling up the DagBag from /opt/airflow/dags/dag_catchup_backfil.py
[2023-02-13T22:21:03.321+0000] {processor.py:753} INFO - DAG(s) dict_keys(['dag_catchup_backfillv3']) retrieved from /opt/airflow/dags/dag_catchup_backfil.py
[2023-02-13T22:21:03.361+0000] {logging_mixin.py:137} INFO - [2023-02-13T22:21:03.361+0000] {dag.py:2690} INFO - Sync 1 DAGs
[2023-02-13T22:21:03.400+0000] {logging_mixin.py:137} INFO - [2023-02-13T22:21:03.400+0000] {dag.py:3441} INFO - Setting next_dagrun for dag_catchup_backfillv3 to 2023-02-12T00:00:00+00:00, run_after=2023-02-13T00:00:00+00:00
[2023-02-13T22:21:03.441+0000] {processor.py:175} INFO - Processing /opt/airflow/dags/dag_catchup_backfil.py took 0.155 seconds
[2023-02-13T22:21:34.191+0000] {processor.py:153} INFO - Started process (PID=775) to work on /opt/airflow/dags/dag_catchup_backfil.py
[2023-02-13T22:21:34.192+0000] {processor.py:743} INFO - Processing file /opt/airflow/dags/dag_catchup_backfil.py for tasks to queue
[2023-02-13T22:21:34.195+0000] {logging_mixin.py:137} INFO - [2023-02-13T22:21:34.194+0000] {dagbag.py:538} INFO - Filling up the DagBag from /opt/airflow/dags/dag_catchup_backfil.py
[2023-02-13T22:21:34.214+0000] {processor.py:753} INFO - DAG(s) dict_keys(['dag_catchup_backfillv3']) retrieved from /opt/airflow/dags/dag_catchup_backfil.py
[2023-02-13T22:21:34.248+0000] {logging_mixin.py:137} INFO - [2023-02-13T22:21:34.248+0000] {dag.py:2690} INFO - Sync 1 DAGs
[2023-02-13T22:21:34.297+0000] {logging_mixin.py:137} INFO - [2023-02-13T22:21:34.297+0000] {dag.py:3441} INFO - Setting next_dagrun for dag_catchup_backfillv3 to 2023-02-12T00:00:00+00:00, run_after=2023-02-13T00:00:00+00:00
[2023-02-13T22:21:34.334+0000] {processor.py:175} INFO - Processing /opt/airflow/dags/dag_catchup_backfil.py took 0.145 seconds
[2023-02-13T22:22:05.110+0000] {processor.py:153} INFO - Started process (PID=818) to work on /opt/airflow/dags/dag_catchup_backfil.py
[2023-02-13T22:22:05.111+0000] {processor.py:743} INFO - Processing file /opt/airflow/dags/dag_catchup_backfil.py for tasks to queue
[2023-02-13T22:22:05.111+0000] {logging_mixin.py:137} INFO - [2023-02-13T22:22:05.111+0000] {dagbag.py:538} INFO - Filling up the DagBag from /opt/airflow/dags/dag_catchup_backfil.py
[2023-02-13T22:22:05.130+0000] {processor.py:753} INFO - DAG(s) dict_keys(['dag_catchup_backfillv3']) retrieved from /opt/airflow/dags/dag_catchup_backfil.py
[2023-02-13T22:22:05.161+0000] {logging_mixin.py:137} INFO - [2023-02-13T22:22:05.161+0000] {dag.py:2690} INFO - Sync 1 DAGs
[2023-02-13T22:22:05.202+0000] {logging_mixin.py:137} INFO - [2023-02-13T22:22:05.202+0000] {dag.py:3441} INFO - Setting next_dagrun for dag_catchup_backfillv3 to 2023-02-12T00:00:00+00:00, run_after=2023-02-13T00:00:00+00:00
[2023-02-13T22:22:05.231+0000] {processor.py:175} INFO - Processing /opt/airflow/dags/dag_catchup_backfil.py took 0.125 seconds
[2023-02-13T22:22:36.013+0000] {processor.py:153} INFO - Started process (PID=855) to work on /opt/airflow/dags/dag_catchup_backfil.py
[2023-02-13T22:22:36.014+0000] {processor.py:743} INFO - Processing file /opt/airflow/dags/dag_catchup_backfil.py for tasks to queue
[2023-02-13T22:22:36.015+0000] {logging_mixin.py:137} INFO - [2023-02-13T22:22:36.015+0000] {dagbag.py:538} INFO - Filling up the DagBag from /opt/airflow/dags/dag_catchup_backfil.py
[2023-02-13T22:22:36.034+0000] {processor.py:753} INFO - DAG(s) dict_keys(['dag_catchup_backfillv3']) retrieved from /opt/airflow/dags/dag_catchup_backfil.py
[2023-02-13T22:22:36.065+0000] {logging_mixin.py:137} INFO - [2023-02-13T22:22:36.065+0000] {dag.py:2690} INFO - Sync 1 DAGs
[2023-02-13T22:22:36.105+0000] {logging_mixin.py:137} INFO - [2023-02-13T22:22:36.105+0000] {dag.py:3441} INFO - Setting next_dagrun for dag_catchup_backfillv3 to 2023-02-12T00:00:00+00:00, run_after=2023-02-13T00:00:00+00:00
[2023-02-13T22:22:36.134+0000] {processor.py:175} INFO - Processing /opt/airflow/dags/dag_catchup_backfil.py took 0.124 seconds
[2023-02-13T22:23:06.955+0000] {processor.py:153} INFO - Started process (PID=901) to work on /opt/airflow/dags/dag_catchup_backfil.py
[2023-02-13T22:23:06.957+0000] {processor.py:743} INFO - Processing file /opt/airflow/dags/dag_catchup_backfil.py for tasks to queue
[2023-02-13T22:23:06.958+0000] {logging_mixin.py:137} INFO - [2023-02-13T22:23:06.957+0000] {dagbag.py:538} INFO - Filling up the DagBag from /opt/airflow/dags/dag_catchup_backfil.py
[2023-02-13T22:23:06.981+0000] {processor.py:753} INFO - DAG(s) dict_keys(['dag_catchup_backfillv3']) retrieved from /opt/airflow/dags/dag_catchup_backfil.py
[2023-02-13T22:23:07.012+0000] {logging_mixin.py:137} INFO - [2023-02-13T22:23:07.012+0000] {dag.py:2690} INFO - Sync 1 DAGs
[2023-02-13T22:23:07.061+0000] {logging_mixin.py:137} INFO - [2023-02-13T22:23:07.061+0000] {dag.py:3441} INFO - Setting next_dagrun for dag_catchup_backfillv3 to 2023-02-12T00:00:00+00:00, run_after=2023-02-13T00:00:00+00:00
[2023-02-13T22:23:07.104+0000] {processor.py:175} INFO - Processing /opt/airflow/dags/dag_catchup_backfil.py took 0.157 seconds
[2023-02-13T22:23:37.892+0000] {processor.py:153} INFO - Started process (PID=941) to work on /opt/airflow/dags/dag_catchup_backfil.py
[2023-02-13T22:23:37.894+0000] {processor.py:743} INFO - Processing file /opt/airflow/dags/dag_catchup_backfil.py for tasks to queue
[2023-02-13T22:23:37.895+0000] {logging_mixin.py:137} INFO - [2023-02-13T22:23:37.894+0000] {dagbag.py:538} INFO - Filling up the DagBag from /opt/airflow/dags/dag_catchup_backfil.py
[2023-02-13T22:23:37.917+0000] {processor.py:753} INFO - DAG(s) dict_keys(['dag_catchup_backfillv3']) retrieved from /opt/airflow/dags/dag_catchup_backfil.py
[2023-02-13T22:23:37.957+0000] {logging_mixin.py:137} INFO - [2023-02-13T22:23:37.956+0000] {dag.py:2690} INFO - Sync 1 DAGs
[2023-02-13T22:23:37.996+0000] {logging_mixin.py:137} INFO - [2023-02-13T22:23:37.996+0000] {dag.py:3441} INFO - Setting next_dagrun for dag_catchup_backfillv3 to 2023-02-12T00:00:00+00:00, run_after=2023-02-13T00:00:00+00:00
[2023-02-13T22:23:38.041+0000] {processor.py:175} INFO - Processing /opt/airflow/dags/dag_catchup_backfil.py took 0.154 seconds
[2023-02-13T22:24:08.808+0000] {processor.py:153} INFO - Started process (PID=977) to work on /opt/airflow/dags/dag_catchup_backfil.py
[2023-02-13T22:24:08.809+0000] {processor.py:743} INFO - Processing file /opt/airflow/dags/dag_catchup_backfil.py for tasks to queue
[2023-02-13T22:24:08.809+0000] {logging_mixin.py:137} INFO - [2023-02-13T22:24:08.809+0000] {dagbag.py:538} INFO - Filling up the DagBag from /opt/airflow/dags/dag_catchup_backfil.py
[2023-02-13T22:24:08.826+0000] {processor.py:753} INFO - DAG(s) dict_keys(['dag_catchup_backfillv3']) retrieved from /opt/airflow/dags/dag_catchup_backfil.py
[2023-02-13T22:24:08.857+0000] {logging_mixin.py:137} INFO - [2023-02-13T22:24:08.857+0000] {dag.py:2690} INFO - Sync 1 DAGs
[2023-02-13T22:24:08.895+0000] {logging_mixin.py:137} INFO - [2023-02-13T22:24:08.895+0000] {dag.py:3441} INFO - Setting next_dagrun for dag_catchup_backfillv3 to 2023-02-12T00:00:00+00:00, run_after=2023-02-13T00:00:00+00:00
[2023-02-13T22:24:08.919+0000] {processor.py:175} INFO - Processing /opt/airflow/dags/dag_catchup_backfil.py took 0.115 seconds
[2023-02-13T22:24:39.627+0000] {processor.py:153} INFO - Started process (PID=1023) to work on /opt/airflow/dags/dag_catchup_backfil.py
[2023-02-13T22:24:39.628+0000] {processor.py:743} INFO - Processing file /opt/airflow/dags/dag_catchup_backfil.py for tasks to queue
[2023-02-13T22:24:39.629+0000] {logging_mixin.py:137} INFO - [2023-02-13T22:24:39.629+0000] {dagbag.py:538} INFO - Filling up the DagBag from /opt/airflow/dags/dag_catchup_backfil.py
[2023-02-13T22:24:39.646+0000] {processor.py:753} INFO - DAG(s) dict_keys(['dag_catchup_backfillv3']) retrieved from /opt/airflow/dags/dag_catchup_backfil.py
[2023-02-13T22:24:39.673+0000] {logging_mixin.py:137} INFO - [2023-02-13T22:24:39.673+0000] {dag.py:2690} INFO - Sync 1 DAGs
[2023-02-13T22:24:39.725+0000] {logging_mixin.py:137} INFO - [2023-02-13T22:24:39.725+0000] {dag.py:3441} INFO - Setting next_dagrun for dag_catchup_backfillv3 to 2023-02-12T00:00:00+00:00, run_after=2023-02-13T00:00:00+00:00
[2023-02-13T22:24:39.778+0000] {processor.py:175} INFO - Processing /opt/airflow/dags/dag_catchup_backfil.py took 0.153 seconds
[2023-02-13T22:25:10.705+0000] {processor.py:153} INFO - Started process (PID=1065) to work on /opt/airflow/dags/dag_catchup_backfil.py
[2023-02-13T22:25:10.706+0000] {processor.py:743} INFO - Processing file /opt/airflow/dags/dag_catchup_backfil.py for tasks to queue
[2023-02-13T22:25:10.707+0000] {logging_mixin.py:137} INFO - [2023-02-13T22:25:10.707+0000] {dagbag.py:538} INFO - Filling up the DagBag from /opt/airflow/dags/dag_catchup_backfil.py
[2023-02-13T22:25:10.727+0000] {processor.py:753} INFO - DAG(s) dict_keys(['dag_catchup_backfillv3']) retrieved from /opt/airflow/dags/dag_catchup_backfil.py
[2023-02-13T22:25:10.761+0000] {logging_mixin.py:137} INFO - [2023-02-13T22:25:10.761+0000] {dag.py:2690} INFO - Sync 1 DAGs
[2023-02-13T22:25:10.802+0000] {logging_mixin.py:137} INFO - [2023-02-13T22:25:10.801+0000] {dag.py:3441} INFO - Setting next_dagrun for dag_catchup_backfillv3 to 2023-02-12T00:00:00+00:00, run_after=2023-02-13T00:00:00+00:00
[2023-02-13T22:25:10.844+0000] {processor.py:175} INFO - Processing /opt/airflow/dags/dag_catchup_backfil.py took 0.143 seconds
[2023-02-13T22:25:41.769+0000] {processor.py:153} INFO - Started process (PID=1100) to work on /opt/airflow/dags/dag_catchup_backfil.py
[2023-02-13T22:25:41.771+0000] {processor.py:743} INFO - Processing file /opt/airflow/dags/dag_catchup_backfil.py for tasks to queue
[2023-02-13T22:25:41.772+0000] {logging_mixin.py:137} INFO - [2023-02-13T22:25:41.772+0000] {dagbag.py:538} INFO - Filling up the DagBag from /opt/airflow/dags/dag_catchup_backfil.py
[2023-02-13T22:25:41.793+0000] {processor.py:753} INFO - DAG(s) dict_keys(['dag_catchup_backfillv3']) retrieved from /opt/airflow/dags/dag_catchup_backfil.py
[2023-02-13T22:25:41.830+0000] {logging_mixin.py:137} INFO - [2023-02-13T22:25:41.830+0000] {dag.py:2690} INFO - Sync 1 DAGs
[2023-02-13T22:25:41.875+0000] {logging_mixin.py:137} INFO - [2023-02-13T22:25:41.875+0000] {dag.py:3441} INFO - Setting next_dagrun for dag_catchup_backfillv3 to 2023-02-12T00:00:00+00:00, run_after=2023-02-13T00:00:00+00:00
[2023-02-13T22:25:41.917+0000] {processor.py:175} INFO - Processing /opt/airflow/dags/dag_catchup_backfil.py took 0.153 seconds
[2023-02-13T22:26:12.678+0000] {processor.py:153} INFO - Started process (PID=1143) to work on /opt/airflow/dags/dag_catchup_backfil.py
[2023-02-13T22:26:12.679+0000] {processor.py:743} INFO - Processing file /opt/airflow/dags/dag_catchup_backfil.py for tasks to queue
[2023-02-13T22:26:12.680+0000] {logging_mixin.py:137} INFO - [2023-02-13T22:26:12.680+0000] {dagbag.py:538} INFO - Filling up the DagBag from /opt/airflow/dags/dag_catchup_backfil.py
[2023-02-13T22:26:12.703+0000] {processor.py:753} INFO - DAG(s) dict_keys(['dag_catchup_backfillv3']) retrieved from /opt/airflow/dags/dag_catchup_backfil.py
[2023-02-13T22:26:12.744+0000] {logging_mixin.py:137} INFO - [2023-02-13T22:26:12.744+0000] {dag.py:2690} INFO - Sync 1 DAGs
[2023-02-13T22:26:12.793+0000] {logging_mixin.py:137} INFO - [2023-02-13T22:26:12.793+0000] {dag.py:3441} INFO - Setting next_dagrun for dag_catchup_backfillv3 to 2023-02-12T00:00:00+00:00, run_after=2023-02-13T00:00:00+00:00
[2023-02-13T22:26:12.835+0000] {processor.py:175} INFO - Processing /opt/airflow/dags/dag_catchup_backfil.py took 0.160 seconds
[2023-02-13T22:26:43.836+0000] {processor.py:153} INFO - Started process (PID=1185) to work on /opt/airflow/dags/dag_catchup_backfil.py
[2023-02-13T22:26:43.837+0000] {processor.py:743} INFO - Processing file /opt/airflow/dags/dag_catchup_backfil.py for tasks to queue
[2023-02-13T22:26:43.838+0000] {logging_mixin.py:137} INFO - [2023-02-13T22:26:43.838+0000] {dagbag.py:538} INFO - Filling up the DagBag from /opt/airflow/dags/dag_catchup_backfil.py
[2023-02-13T22:26:43.857+0000] {processor.py:753} INFO - DAG(s) dict_keys(['dag_catchup_backfillv3']) retrieved from /opt/airflow/dags/dag_catchup_backfil.py
[2023-02-13T22:26:43.887+0000] {logging_mixin.py:137} INFO - [2023-02-13T22:26:43.887+0000] {dag.py:2690} INFO - Sync 1 DAGs
[2023-02-13T22:26:43.927+0000] {logging_mixin.py:137} INFO - [2023-02-13T22:26:43.927+0000] {dag.py:3441} INFO - Setting next_dagrun for dag_catchup_backfillv3 to 2023-02-12T00:00:00+00:00, run_after=2023-02-13T00:00:00+00:00
[2023-02-13T22:26:43.957+0000] {processor.py:175} INFO - Processing /opt/airflow/dags/dag_catchup_backfil.py took 0.123 seconds
[2023-02-13T22:27:14.829+0000] {processor.py:153} INFO - Started process (PID=1221) to work on /opt/airflow/dags/dag_catchup_backfil.py
[2023-02-13T22:27:14.830+0000] {processor.py:743} INFO - Processing file /opt/airflow/dags/dag_catchup_backfil.py for tasks to queue
[2023-02-13T22:27:14.831+0000] {logging_mixin.py:137} INFO - [2023-02-13T22:27:14.830+0000] {dagbag.py:538} INFO - Filling up the DagBag from /opt/airflow/dags/dag_catchup_backfil.py
[2023-02-13T22:27:14.857+0000] {processor.py:753} INFO - DAG(s) dict_keys(['dag_catchup_backfillv3']) retrieved from /opt/airflow/dags/dag_catchup_backfil.py
[2023-02-13T22:27:14.886+0000] {logging_mixin.py:137} INFO - [2023-02-13T22:27:14.886+0000] {dag.py:2690} INFO - Sync 1 DAGs
[2023-02-13T22:27:14.944+0000] {logging_mixin.py:137} INFO - [2023-02-13T22:27:14.944+0000] {dag.py:3441} INFO - Setting next_dagrun for dag_catchup_backfillv3 to 2023-02-12T00:00:00+00:00, run_after=2023-02-13T00:00:00+00:00
[2023-02-13T22:27:14.969+0000] {processor.py:175} INFO - Processing /opt/airflow/dags/dag_catchup_backfil.py took 0.146 seconds
[2023-02-13T22:27:45.977+0000] {processor.py:153} INFO - Started process (PID=1270) to work on /opt/airflow/dags/dag_catchup_backfil.py
[2023-02-13T22:27:45.977+0000] {processor.py:743} INFO - Processing file /opt/airflow/dags/dag_catchup_backfil.py for tasks to queue
[2023-02-13T22:27:45.978+0000] {logging_mixin.py:137} INFO - [2023-02-13T22:27:45.978+0000] {dagbag.py:538} INFO - Filling up the DagBag from /opt/airflow/dags/dag_catchup_backfil.py
[2023-02-13T22:27:46.000+0000] {processor.py:753} INFO - DAG(s) dict_keys(['dag_catchup_backfillv3']) retrieved from /opt/airflow/dags/dag_catchup_backfil.py
[2023-02-13T22:27:46.039+0000] {logging_mixin.py:137} INFO - [2023-02-13T22:27:46.038+0000] {dag.py:2690} INFO - Sync 1 DAGs
[2023-02-13T22:27:46.080+0000] {logging_mixin.py:137} INFO - [2023-02-13T22:27:46.080+0000] {dag.py:3441} INFO - Setting next_dagrun for dag_catchup_backfillv3 to 2023-02-12T00:00:00+00:00, run_after=2023-02-13T00:00:00+00:00
[2023-02-13T22:27:46.118+0000] {processor.py:175} INFO - Processing /opt/airflow/dags/dag_catchup_backfil.py took 0.146 seconds
[2023-02-13T22:28:16.940+0000] {processor.py:153} INFO - Started process (PID=1305) to work on /opt/airflow/dags/dag_catchup_backfil.py
[2023-02-13T22:28:16.941+0000] {processor.py:743} INFO - Processing file /opt/airflow/dags/dag_catchup_backfil.py for tasks to queue
[2023-02-13T22:28:16.942+0000] {logging_mixin.py:137} INFO - [2023-02-13T22:28:16.942+0000] {dagbag.py:538} INFO - Filling up the DagBag from /opt/airflow/dags/dag_catchup_backfil.py
[2023-02-13T22:28:16.962+0000] {processor.py:753} INFO - DAG(s) dict_keys(['dag_catchup_backfillv3']) retrieved from /opt/airflow/dags/dag_catchup_backfil.py
[2023-02-13T22:28:16.999+0000] {logging_mixin.py:137} INFO - [2023-02-13T22:28:16.999+0000] {dag.py:2690} INFO - Sync 1 DAGs
[2023-02-13T22:28:17.044+0000] {logging_mixin.py:137} INFO - [2023-02-13T22:28:17.043+0000] {dag.py:3441} INFO - Setting next_dagrun for dag_catchup_backfillv3 to 2023-02-12T00:00:00+00:00, run_after=2023-02-13T00:00:00+00:00
[2023-02-13T22:28:17.083+0000] {processor.py:175} INFO - Processing /opt/airflow/dags/dag_catchup_backfil.py took 0.149 seconds
[2023-02-13T22:28:47.848+0000] {processor.py:153} INFO - Started process (PID=1341) to work on /opt/airflow/dags/dag_catchup_backfil.py
[2023-02-13T22:28:47.849+0000] {processor.py:743} INFO - Processing file /opt/airflow/dags/dag_catchup_backfil.py for tasks to queue
[2023-02-13T22:28:47.850+0000] {logging_mixin.py:137} INFO - [2023-02-13T22:28:47.850+0000] {dagbag.py:538} INFO - Filling up the DagBag from /opt/airflow/dags/dag_catchup_backfil.py
[2023-02-13T22:28:47.869+0000] {processor.py:753} INFO - DAG(s) dict_keys(['dag_catchup_backfillv3']) retrieved from /opt/airflow/dags/dag_catchup_backfil.py
[2023-02-13T22:28:47.899+0000] {logging_mixin.py:137} INFO - [2023-02-13T22:28:47.898+0000] {dag.py:2690} INFO - Sync 1 DAGs
[2023-02-13T22:28:47.938+0000] {logging_mixin.py:137} INFO - [2023-02-13T22:28:47.938+0000] {dag.py:3441} INFO - Setting next_dagrun for dag_catchup_backfillv3 to 2023-02-12T00:00:00+00:00, run_after=2023-02-13T00:00:00+00:00
[2023-02-13T22:28:47.965+0000] {processor.py:175} INFO - Processing /opt/airflow/dags/dag_catchup_backfil.py took 0.120 seconds
[2023-02-13T22:29:18.678+0000] {processor.py:153} INFO - Started process (PID=1391) to work on /opt/airflow/dags/dag_catchup_backfil.py
[2023-02-13T22:29:18.680+0000] {processor.py:743} INFO - Processing file /opt/airflow/dags/dag_catchup_backfil.py for tasks to queue
[2023-02-13T22:29:18.680+0000] {logging_mixin.py:137} INFO - [2023-02-13T22:29:18.680+0000] {dagbag.py:538} INFO - Filling up the DagBag from /opt/airflow/dags/dag_catchup_backfil.py
[2023-02-13T22:29:18.700+0000] {processor.py:753} INFO - DAG(s) dict_keys(['dag_catchup_backfillv3']) retrieved from /opt/airflow/dags/dag_catchup_backfil.py
[2023-02-13T22:29:18.734+0000] {logging_mixin.py:137} INFO - [2023-02-13T22:29:18.734+0000] {dag.py:2690} INFO - Sync 1 DAGs
[2023-02-13T22:29:18.777+0000] {logging_mixin.py:137} INFO - [2023-02-13T22:29:18.777+0000] {dag.py:3441} INFO - Setting next_dagrun for dag_catchup_backfillv3 to 2023-02-12T00:00:00+00:00, run_after=2023-02-13T00:00:00+00:00
[2023-02-13T22:29:18.806+0000] {processor.py:175} INFO - Processing /opt/airflow/dags/dag_catchup_backfil.py took 0.134 seconds
[2023-02-13T22:29:49.625+0000] {processor.py:153} INFO - Started process (PID=1427) to work on /opt/airflow/dags/dag_catchup_backfil.py
[2023-02-13T22:29:49.627+0000] {processor.py:743} INFO - Processing file /opt/airflow/dags/dag_catchup_backfil.py for tasks to queue
[2023-02-13T22:29:49.628+0000] {logging_mixin.py:137} INFO - [2023-02-13T22:29:49.628+0000] {dagbag.py:538} INFO - Filling up the DagBag from /opt/airflow/dags/dag_catchup_backfil.py
[2023-02-13T22:29:49.656+0000] {processor.py:753} INFO - DAG(s) dict_keys(['dag_catchup_backfillv3']) retrieved from /opt/airflow/dags/dag_catchup_backfil.py
[2023-02-13T22:29:49.690+0000] {logging_mixin.py:137} INFO - [2023-02-13T22:29:49.690+0000] {dag.py:2690} INFO - Sync 1 DAGs
[2023-02-13T22:29:49.731+0000] {logging_mixin.py:137} INFO - [2023-02-13T22:29:49.731+0000] {dag.py:3441} INFO - Setting next_dagrun for dag_catchup_backfillv3 to 2023-02-12T00:00:00+00:00, run_after=2023-02-13T00:00:00+00:00
[2023-02-13T22:29:49.760+0000] {processor.py:175} INFO - Processing /opt/airflow/dags/dag_catchup_backfil.py took 0.140 seconds
[2023-02-13T22:30:20.646+0000] {processor.py:153} INFO - Started process (PID=1463) to work on /opt/airflow/dags/dag_catchup_backfil.py
[2023-02-13T22:30:20.647+0000] {processor.py:743} INFO - Processing file /opt/airflow/dags/dag_catchup_backfil.py for tasks to queue
[2023-02-13T22:30:20.648+0000] {logging_mixin.py:137} INFO - [2023-02-13T22:30:20.647+0000] {dagbag.py:538} INFO - Filling up the DagBag from /opt/airflow/dags/dag_catchup_backfil.py
[2023-02-13T22:30:20.674+0000] {processor.py:753} INFO - DAG(s) dict_keys(['dag_catchup_backfillv3']) retrieved from /opt/airflow/dags/dag_catchup_backfil.py
[2023-02-13T22:30:20.704+0000] {logging_mixin.py:137} INFO - [2023-02-13T22:30:20.703+0000] {dag.py:2690} INFO - Sync 1 DAGs
[2023-02-13T22:30:20.741+0000] {logging_mixin.py:137} INFO - [2023-02-13T22:30:20.741+0000] {dag.py:3441} INFO - Setting next_dagrun for dag_catchup_backfillv3 to 2023-02-12T00:00:00+00:00, run_after=2023-02-13T00:00:00+00:00
[2023-02-13T22:30:20.766+0000] {processor.py:175} INFO - Processing /opt/airflow/dags/dag_catchup_backfil.py took 0.125 seconds
[2023-02-13T22:30:51.454+0000] {processor.py:153} INFO - Started process (PID=1513) to work on /opt/airflow/dags/dag_catchup_backfil.py
[2023-02-13T22:30:51.455+0000] {processor.py:743} INFO - Processing file /opt/airflow/dags/dag_catchup_backfil.py for tasks to queue
[2023-02-13T22:30:51.456+0000] {logging_mixin.py:137} INFO - [2023-02-13T22:30:51.456+0000] {dagbag.py:538} INFO - Filling up the DagBag from /opt/airflow/dags/dag_catchup_backfil.py
[2023-02-13T22:30:51.472+0000] {processor.py:753} INFO - DAG(s) dict_keys(['dag_catchup_backfillv3']) retrieved from /opt/airflow/dags/dag_catchup_backfil.py
[2023-02-13T22:30:51.499+0000] {logging_mixin.py:137} INFO - [2023-02-13T22:30:51.499+0000] {dag.py:2690} INFO - Sync 1 DAGs
[2023-02-13T22:30:51.536+0000] {logging_mixin.py:137} INFO - [2023-02-13T22:30:51.535+0000] {dag.py:3441} INFO - Setting next_dagrun for dag_catchup_backfillv3 to 2023-02-12T00:00:00+00:00, run_after=2023-02-13T00:00:00+00:00
[2023-02-13T22:30:51.560+0000] {processor.py:175} INFO - Processing /opt/airflow/dags/dag_catchup_backfil.py took 0.110 seconds
[2023-02-13T22:31:22.453+0000] {processor.py:153} INFO - Started process (PID=1547) to work on /opt/airflow/dags/dag_catchup_backfil.py
[2023-02-13T22:31:22.454+0000] {processor.py:743} INFO - Processing file /opt/airflow/dags/dag_catchup_backfil.py for tasks to queue
[2023-02-13T22:31:22.455+0000] {logging_mixin.py:137} INFO - [2023-02-13T22:31:22.455+0000] {dagbag.py:538} INFO - Filling up the DagBag from /opt/airflow/dags/dag_catchup_backfil.py
[2023-02-13T22:31:22.477+0000] {processor.py:753} INFO - DAG(s) dict_keys(['dag_catchup_backfillv3']) retrieved from /opt/airflow/dags/dag_catchup_backfil.py
[2023-02-13T22:31:22.519+0000] {logging_mixin.py:137} INFO - [2023-02-13T22:31:22.518+0000] {dag.py:2690} INFO - Sync 1 DAGs
[2023-02-13T22:31:22.570+0000] {logging_mixin.py:137} INFO - [2023-02-13T22:31:22.570+0000] {dag.py:3441} INFO - Setting next_dagrun for dag_catchup_backfillv3 to 2023-02-12T00:00:00+00:00, run_after=2023-02-13T00:00:00+00:00
[2023-02-13T22:31:22.618+0000] {processor.py:175} INFO - Processing /opt/airflow/dags/dag_catchup_backfil.py took 0.169 seconds
[2023-02-13T22:31:53.523+0000] {processor.py:153} INFO - Started process (PID=1583) to work on /opt/airflow/dags/dag_catchup_backfil.py
[2023-02-13T22:31:53.524+0000] {processor.py:743} INFO - Processing file /opt/airflow/dags/dag_catchup_backfil.py for tasks to queue
[2023-02-13T22:31:53.525+0000] {logging_mixin.py:137} INFO - [2023-02-13T22:31:53.525+0000] {dagbag.py:538} INFO - Filling up the DagBag from /opt/airflow/dags/dag_catchup_backfil.py
[2023-02-13T22:31:53.547+0000] {processor.py:753} INFO - DAG(s) dict_keys(['dag_catchup_backfillv3']) retrieved from /opt/airflow/dags/dag_catchup_backfil.py
[2023-02-13T22:31:53.584+0000] {logging_mixin.py:137} INFO - [2023-02-13T22:31:53.584+0000] {dag.py:2690} INFO - Sync 1 DAGs
[2023-02-13T22:31:53.627+0000] {logging_mixin.py:137} INFO - [2023-02-13T22:31:53.626+0000] {dag.py:3441} INFO - Setting next_dagrun for dag_catchup_backfillv3 to 2023-02-12T00:00:00+00:00, run_after=2023-02-13T00:00:00+00:00
[2023-02-13T22:31:53.668+0000] {processor.py:175} INFO - Processing /opt/airflow/dags/dag_catchup_backfil.py took 0.150 seconds
[2023-02-13T22:32:24.598+0000] {processor.py:153} INFO - Started process (PID=1633) to work on /opt/airflow/dags/dag_catchup_backfil.py
[2023-02-13T22:32:24.599+0000] {processor.py:743} INFO - Processing file /opt/airflow/dags/dag_catchup_backfil.py for tasks to queue
[2023-02-13T22:32:24.599+0000] {logging_mixin.py:137} INFO - [2023-02-13T22:32:24.599+0000] {dagbag.py:538} INFO - Filling up the DagBag from /opt/airflow/dags/dag_catchup_backfil.py
[2023-02-13T22:32:24.618+0000] {processor.py:753} INFO - DAG(s) dict_keys(['dag_catchup_backfillv3']) retrieved from /opt/airflow/dags/dag_catchup_backfil.py
[2023-02-13T22:32:24.647+0000] {logging_mixin.py:137} INFO - [2023-02-13T22:32:24.647+0000] {dag.py:2690} INFO - Sync 1 DAGs
[2023-02-13T22:32:24.687+0000] {logging_mixin.py:137} INFO - [2023-02-13T22:32:24.687+0000] {dag.py:3441} INFO - Setting next_dagrun for dag_catchup_backfillv3 to 2023-02-12T00:00:00+00:00, run_after=2023-02-13T00:00:00+00:00
[2023-02-13T22:32:24.720+0000] {processor.py:175} INFO - Processing /opt/airflow/dags/dag_catchup_backfil.py took 0.126 seconds
[2023-02-13T22:32:55.423+0000] {processor.py:153} INFO - Started process (PID=1667) to work on /opt/airflow/dags/dag_catchup_backfil.py
[2023-02-13T22:32:55.424+0000] {processor.py:743} INFO - Processing file /opt/airflow/dags/dag_catchup_backfil.py for tasks to queue
[2023-02-13T22:32:55.424+0000] {logging_mixin.py:137} INFO - [2023-02-13T22:32:55.424+0000] {dagbag.py:538} INFO - Filling up the DagBag from /opt/airflow/dags/dag_catchup_backfil.py
[2023-02-13T22:32:55.442+0000] {processor.py:753} INFO - DAG(s) dict_keys(['dag_catchup_backfillv3']) retrieved from /opt/airflow/dags/dag_catchup_backfil.py
[2023-02-13T22:32:55.471+0000] {logging_mixin.py:137} INFO - [2023-02-13T22:32:55.471+0000] {dag.py:2690} INFO - Sync 1 DAGs
[2023-02-13T22:32:55.510+0000] {logging_mixin.py:137} INFO - [2023-02-13T22:32:55.510+0000] {dag.py:3441} INFO - Setting next_dagrun for dag_catchup_backfillv3 to 2023-02-12T00:00:00+00:00, run_after=2023-02-13T00:00:00+00:00
[2023-02-13T22:32:55.534+0000] {processor.py:175} INFO - Processing /opt/airflow/dags/dag_catchup_backfil.py took 0.114 seconds
[2023-02-13T22:33:26.304+0000] {processor.py:153} INFO - Started process (PID=1702) to work on /opt/airflow/dags/dag_catchup_backfil.py
[2023-02-13T22:33:26.305+0000] {processor.py:743} INFO - Processing file /opt/airflow/dags/dag_catchup_backfil.py for tasks to queue
[2023-02-13T22:33:26.306+0000] {logging_mixin.py:137} INFO - [2023-02-13T22:33:26.306+0000] {dagbag.py:538} INFO - Filling up the DagBag from /opt/airflow/dags/dag_catchup_backfil.py
[2023-02-13T22:33:26.324+0000] {processor.py:753} INFO - DAG(s) dict_keys(['dag_catchup_backfillv3']) retrieved from /opt/airflow/dags/dag_catchup_backfil.py
[2023-02-13T22:33:26.357+0000] {logging_mixin.py:137} INFO - [2023-02-13T22:33:26.357+0000] {dag.py:2690} INFO - Sync 1 DAGs
[2023-02-13T22:33:26.398+0000] {logging_mixin.py:137} INFO - [2023-02-13T22:33:26.398+0000] {dag.py:3441} INFO - Setting next_dagrun for dag_catchup_backfillv3 to 2023-02-12T00:00:00+00:00, run_after=2023-02-13T00:00:00+00:00
[2023-02-13T22:33:26.425+0000] {processor.py:175} INFO - Processing /opt/airflow/dags/dag_catchup_backfil.py took 0.125 seconds
[2023-02-13T22:33:57.193+0000] {processor.py:153} INFO - Started process (PID=1751) to work on /opt/airflow/dags/dag_catchup_backfil.py
[2023-02-13T22:33:57.194+0000] {processor.py:743} INFO - Processing file /opt/airflow/dags/dag_catchup_backfil.py for tasks to queue
[2023-02-13T22:33:57.194+0000] {logging_mixin.py:137} INFO - [2023-02-13T22:33:57.194+0000] {dagbag.py:538} INFO - Filling up the DagBag from /opt/airflow/dags/dag_catchup_backfil.py
[2023-02-13T22:33:57.223+0000] {processor.py:753} INFO - DAG(s) dict_keys(['dag_catchup_backfillv3']) retrieved from /opt/airflow/dags/dag_catchup_backfil.py
[2023-02-13T22:33:57.263+0000] {logging_mixin.py:137} INFO - [2023-02-13T22:33:57.263+0000] {dag.py:2690} INFO - Sync 1 DAGs
[2023-02-13T22:33:57.314+0000] {logging_mixin.py:137} INFO - [2023-02-13T22:33:57.314+0000] {dag.py:3441} INFO - Setting next_dagrun for dag_catchup_backfillv3 to 2023-02-12T00:00:00+00:00, run_after=2023-02-13T00:00:00+00:00
[2023-02-13T22:33:57.348+0000] {processor.py:175} INFO - Processing /opt/airflow/dags/dag_catchup_backfil.py took 0.162 seconds
[2023-02-13T22:34:28.254+0000] {processor.py:153} INFO - Started process (PID=1787) to work on /opt/airflow/dags/dag_catchup_backfil.py
[2023-02-13T22:34:28.256+0000] {processor.py:743} INFO - Processing file /opt/airflow/dags/dag_catchup_backfil.py for tasks to queue
[2023-02-13T22:34:28.257+0000] {logging_mixin.py:137} INFO - [2023-02-13T22:34:28.256+0000] {dagbag.py:538} INFO - Filling up the DagBag from /opt/airflow/dags/dag_catchup_backfil.py
[2023-02-13T22:34:28.285+0000] {processor.py:753} INFO - DAG(s) dict_keys(['dag_catchup_backfillv3']) retrieved from /opt/airflow/dags/dag_catchup_backfil.py
[2023-02-13T22:34:28.318+0000] {logging_mixin.py:137} INFO - [2023-02-13T22:34:28.317+0000] {dag.py:2690} INFO - Sync 1 DAGs
[2023-02-13T22:34:28.358+0000] {logging_mixin.py:137} INFO - [2023-02-13T22:34:28.357+0000] {dag.py:3441} INFO - Setting next_dagrun for dag_catchup_backfillv3 to 2023-02-12T00:00:00+00:00, run_after=2023-02-13T00:00:00+00:00
[2023-02-13T22:34:28.385+0000] {processor.py:175} INFO - Processing /opt/airflow/dags/dag_catchup_backfil.py took 0.136 seconds
[2023-02-13T22:34:59.146+0000] {processor.py:153} INFO - Started process (PID=1823) to work on /opt/airflow/dags/dag_catchup_backfil.py
[2023-02-13T22:34:59.148+0000] {processor.py:743} INFO - Processing file /opt/airflow/dags/dag_catchup_backfil.py for tasks to queue
[2023-02-13T22:34:59.149+0000] {logging_mixin.py:137} INFO - [2023-02-13T22:34:59.149+0000] {dagbag.py:538} INFO - Filling up the DagBag from /opt/airflow/dags/dag_catchup_backfil.py
[2023-02-13T22:34:59.171+0000] {processor.py:753} INFO - DAG(s) dict_keys(['dag_catchup_backfillv3']) retrieved from /opt/airflow/dags/dag_catchup_backfil.py
[2023-02-13T22:34:59.204+0000] {logging_mixin.py:137} INFO - [2023-02-13T22:34:59.204+0000] {dag.py:2690} INFO - Sync 1 DAGs
[2023-02-13T22:34:59.252+0000] {logging_mixin.py:137} INFO - [2023-02-13T22:34:59.252+0000] {dag.py:3441} INFO - Setting next_dagrun for dag_catchup_backfillv3 to 2023-02-12T00:00:00+00:00, run_after=2023-02-13T00:00:00+00:00
[2023-02-13T22:34:59.298+0000] {processor.py:175} INFO - Processing /opt/airflow/dags/dag_catchup_backfil.py took 0.157 seconds
[2023-02-13T22:35:30.005+0000] {processor.py:153} INFO - Started process (PID=1873) to work on /opt/airflow/dags/dag_catchup_backfil.py
[2023-02-13T22:35:30.006+0000] {processor.py:743} INFO - Processing file /opt/airflow/dags/dag_catchup_backfil.py for tasks to queue
[2023-02-13T22:35:30.006+0000] {logging_mixin.py:137} INFO - [2023-02-13T22:35:30.006+0000] {dagbag.py:538} INFO - Filling up the DagBag from /opt/airflow/dags/dag_catchup_backfil.py
[2023-02-13T22:35:30.024+0000] {processor.py:753} INFO - DAG(s) dict_keys(['dag_catchup_backfillv3']) retrieved from /opt/airflow/dags/dag_catchup_backfil.py
[2023-02-13T22:35:30.054+0000] {logging_mixin.py:137} INFO - [2023-02-13T22:35:30.054+0000] {dag.py:2690} INFO - Sync 1 DAGs
[2023-02-13T22:35:30.093+0000] {logging_mixin.py:137} INFO - [2023-02-13T22:35:30.092+0000] {dag.py:3441} INFO - Setting next_dagrun for dag_catchup_backfillv3 to 2023-02-12T00:00:00+00:00, run_after=2023-02-13T00:00:00+00:00
[2023-02-13T22:35:30.120+0000] {processor.py:175} INFO - Processing /opt/airflow/dags/dag_catchup_backfil.py took 0.119 seconds
[2023-02-13T22:36:00.969+0000] {processor.py:153} INFO - Started process (PID=1909) to work on /opt/airflow/dags/dag_catchup_backfil.py
[2023-02-13T22:36:00.970+0000] {processor.py:743} INFO - Processing file /opt/airflow/dags/dag_catchup_backfil.py for tasks to queue
[2023-02-13T22:36:00.971+0000] {logging_mixin.py:137} INFO - [2023-02-13T22:36:00.970+0000] {dagbag.py:538} INFO - Filling up the DagBag from /opt/airflow/dags/dag_catchup_backfil.py
[2023-02-13T22:36:00.998+0000] {processor.py:753} INFO - DAG(s) dict_keys(['dag_catchup_backfillv3']) retrieved from /opt/airflow/dags/dag_catchup_backfil.py
[2023-02-13T22:36:01.050+0000] {logging_mixin.py:137} INFO - [2023-02-13T22:36:01.050+0000] {dag.py:2690} INFO - Sync 1 DAGs
[2023-02-13T22:36:01.091+0000] {logging_mixin.py:137} INFO - [2023-02-13T22:36:01.091+0000] {dag.py:3441} INFO - Setting next_dagrun for dag_catchup_backfillv3 to 2023-02-12T00:00:00+00:00, run_after=2023-02-13T00:00:00+00:00
[2023-02-13T22:36:01.117+0000] {processor.py:175} INFO - Processing /opt/airflow/dags/dag_catchup_backfil.py took 0.152 seconds
[2023-02-13T22:36:31.815+0000] {processor.py:153} INFO - Started process (PID=1946) to work on /opt/airflow/dags/dag_catchup_backfil.py
[2023-02-13T22:36:31.816+0000] {processor.py:743} INFO - Processing file /opt/airflow/dags/dag_catchup_backfil.py for tasks to queue
[2023-02-13T22:36:31.817+0000] {logging_mixin.py:137} INFO - [2023-02-13T22:36:31.817+0000] {dagbag.py:538} INFO - Filling up the DagBag from /opt/airflow/dags/dag_catchup_backfil.py
[2023-02-13T22:36:31.849+0000] {processor.py:753} INFO - DAG(s) dict_keys(['dag_catchup_backfillv3']) retrieved from /opt/airflow/dags/dag_catchup_backfil.py
[2023-02-13T22:36:31.878+0000] {logging_mixin.py:137} INFO - [2023-02-13T22:36:31.878+0000] {dag.py:2690} INFO - Sync 1 DAGs
[2023-02-13T22:36:31.916+0000] {logging_mixin.py:137} INFO - [2023-02-13T22:36:31.915+0000] {dag.py:3441} INFO - Setting next_dagrun for dag_catchup_backfillv3 to 2023-02-12T00:00:00+00:00, run_after=2023-02-13T00:00:00+00:00
[2023-02-13T22:36:31.940+0000] {processor.py:175} INFO - Processing /opt/airflow/dags/dag_catchup_backfil.py took 0.130 seconds
