[2023-02-13T07:42:27.838+0000] {processor.py:153} INFO - Started process (PID=43) to work on /opt/airflow/dags/dag_with_pg_op.py
[2023-02-13T07:42:27.838+0000] {processor.py:743} INFO - Processing file /opt/airflow/dags/dag_with_pg_op.py for tasks to queue
[2023-02-13T07:42:27.839+0000] {logging_mixin.py:137} INFO - [2023-02-13T07:42:27.839+0000] {dagbag.py:538} INFO - Filling up the DagBag from /opt/airflow/dags/dag_with_pg_op.py
[2023-02-13T07:42:27.871+0000] {processor.py:753} INFO - DAG(s) dict_keys(['dag_pg_opv3']) retrieved from /opt/airflow/dags/dag_with_pg_op.py
[2023-02-13T07:42:27.891+0000] {logging_mixin.py:137} INFO - [2023-02-13T07:42:27.891+0000] {dag.py:2690} INFO - Sync 1 DAGs
[2023-02-13T07:42:27.917+0000] {logging_mixin.py:137} INFO - [2023-02-13T07:42:27.916+0000] {dag.py:3441} INFO - Setting next_dagrun for dag_pg_opv3 to 2023-02-12T15:23:00+00:00, run_after=2023-02-13T15:23:00+00:00
[2023-02-13T07:42:27.940+0000] {processor.py:175} INFO - Processing /opt/airflow/dags/dag_with_pg_op.py took 0.105 seconds
[2023-02-13T07:42:58.460+0000] {processor.py:153} INFO - Started process (PID=93) to work on /opt/airflow/dags/dag_with_pg_op.py
[2023-02-13T07:42:58.461+0000] {processor.py:743} INFO - Processing file /opt/airflow/dags/dag_with_pg_op.py for tasks to queue
[2023-02-13T07:42:58.462+0000] {logging_mixin.py:137} INFO - [2023-02-13T07:42:58.462+0000] {dagbag.py:538} INFO - Filling up the DagBag from /opt/airflow/dags/dag_with_pg_op.py
[2023-02-13T07:42:58.515+0000] {processor.py:753} INFO - DAG(s) dict_keys(['dag_pg_opv3']) retrieved from /opt/airflow/dags/dag_with_pg_op.py
[2023-02-13T07:42:58.545+0000] {logging_mixin.py:137} INFO - [2023-02-13T07:42:58.544+0000] {dag.py:2690} INFO - Sync 1 DAGs
[2023-02-13T07:42:58.581+0000] {logging_mixin.py:137} INFO - [2023-02-13T07:42:58.581+0000] {dag.py:3441} INFO - Setting next_dagrun for dag_pg_opv3 to 2023-02-12T15:23:00+00:00, run_after=2023-02-13T15:23:00+00:00
[2023-02-13T07:42:58.610+0000] {processor.py:175} INFO - Processing /opt/airflow/dags/dag_with_pg_op.py took 0.154 seconds
[2023-02-13T07:54:42.668+0000] {processor.py:153} INFO - Started process (PID=37) to work on /opt/airflow/dags/dag_with_pg_op.py
[2023-02-13T07:54:42.668+0000] {processor.py:743} INFO - Processing file /opt/airflow/dags/dag_with_pg_op.py for tasks to queue
[2023-02-13T07:54:42.669+0000] {logging_mixin.py:137} INFO - [2023-02-13T07:54:42.669+0000] {dagbag.py:538} INFO - Filling up the DagBag from /opt/airflow/dags/dag_with_pg_op.py
[2023-02-13T07:54:42.718+0000] {processor.py:753} INFO - DAG(s) dict_keys(['dag_pg_opv3']) retrieved from /opt/airflow/dags/dag_with_pg_op.py
[2023-02-13T07:54:42.739+0000] {logging_mixin.py:137} INFO - [2023-02-13T07:54:42.739+0000] {dag.py:2690} INFO - Sync 1 DAGs
[2023-02-13T07:54:42.766+0000] {logging_mixin.py:137} INFO - [2023-02-13T07:54:42.766+0000] {dag.py:3441} INFO - Setting next_dagrun for dag_pg_opv3 to 2023-02-12T15:23:00+00:00, run_after=2023-02-13T15:23:00+00:00
[2023-02-13T07:54:42.787+0000] {processor.py:175} INFO - Processing /opt/airflow/dags/dag_with_pg_op.py took 0.123 seconds
[2023-02-13T17:53:41.031+0000] {processor.py:153} INFO - Started process (PID=36) to work on /opt/airflow/dags/dag_with_pg_op.py
[2023-02-13T17:53:41.034+0000] {processor.py:743} INFO - Processing file /opt/airflow/dags/dag_with_pg_op.py for tasks to queue
[2023-02-13T17:53:41.037+0000] {logging_mixin.py:137} INFO - [2023-02-13T17:53:41.037+0000] {dagbag.py:538} INFO - Filling up the DagBag from /opt/airflow/dags/dag_with_pg_op.py
[2023-02-13T17:53:41.094+0000] {processor.py:753} INFO - DAG(s) dict_keys(['dag_pg_opv3']) retrieved from /opt/airflow/dags/dag_with_pg_op.py
[2023-02-13T17:53:41.133+0000] {logging_mixin.py:137} INFO - [2023-02-13T17:53:41.133+0000] {dag.py:2690} INFO - Sync 1 DAGs
[2023-02-13T17:53:41.164+0000] {logging_mixin.py:137} INFO - [2023-02-13T17:53:41.164+0000] {dag.py:3441} INFO - Setting next_dagrun for dag_pg_opv3 to 2023-02-13T15:23:00+00:00, run_after=2023-02-14T15:23:00+00:00
[2023-02-13T17:53:41.190+0000] {processor.py:175} INFO - Processing /opt/airflow/dags/dag_with_pg_op.py took 0.167 seconds
[2023-02-13T22:12:18.016+0000] {processor.py:153} INFO - Started process (PID=37) to work on /opt/airflow/dags/dag_with_pg_op.py
[2023-02-13T22:12:18.017+0000] {processor.py:743} INFO - Processing file /opt/airflow/dags/dag_with_pg_op.py for tasks to queue
[2023-02-13T22:12:18.017+0000] {logging_mixin.py:137} INFO - [2023-02-13T22:12:18.017+0000] {dagbag.py:538} INFO - Filling up the DagBag from /opt/airflow/dags/dag_with_pg_op.py
[2023-02-13T22:12:18.058+0000] {processor.py:753} INFO - DAG(s) dict_keys(['dag_pg_opv3']) retrieved from /opt/airflow/dags/dag_with_pg_op.py
[2023-02-13T22:12:18.081+0000] {logging_mixin.py:137} INFO - [2023-02-13T22:12:18.081+0000] {dag.py:2690} INFO - Sync 1 DAGs
[2023-02-13T22:12:18.108+0000] {logging_mixin.py:137} INFO - [2023-02-13T22:12:18.108+0000] {dag.py:3441} INFO - Setting next_dagrun for dag_pg_opv3 to 2023-02-13T15:23:00+00:00, run_after=2023-02-14T15:23:00+00:00
[2023-02-13T22:12:18.126+0000] {processor.py:175} INFO - Processing /opt/airflow/dags/dag_with_pg_op.py took 0.113 seconds
[2023-02-13T22:12:48.861+0000] {processor.py:153} INFO - Started process (PID=86) to work on /opt/airflow/dags/dag_with_pg_op.py
[2023-02-13T22:12:48.862+0000] {processor.py:743} INFO - Processing file /opt/airflow/dags/dag_with_pg_op.py for tasks to queue
[2023-02-13T22:12:48.862+0000] {logging_mixin.py:137} INFO - [2023-02-13T22:12:48.862+0000] {dagbag.py:538} INFO - Filling up the DagBag from /opt/airflow/dags/dag_with_pg_op.py
[2023-02-13T22:12:48.902+0000] {processor.py:753} INFO - DAG(s) dict_keys(['dag_pg_opv3']) retrieved from /opt/airflow/dags/dag_with_pg_op.py
[2023-02-13T22:12:48.932+0000] {logging_mixin.py:137} INFO - [2023-02-13T22:12:48.931+0000] {dag.py:2690} INFO - Sync 1 DAGs
[2023-02-13T22:12:48.969+0000] {logging_mixin.py:137} INFO - [2023-02-13T22:12:48.968+0000] {dag.py:3441} INFO - Setting next_dagrun for dag_pg_opv3 to 2023-02-13T15:23:00+00:00, run_after=2023-02-14T15:23:00+00:00
[2023-02-13T22:12:48.993+0000] {processor.py:175} INFO - Processing /opt/airflow/dags/dag_with_pg_op.py took 0.136 seconds
[2023-02-13T22:13:19.883+0000] {processor.py:153} INFO - Started process (PID=123) to work on /opt/airflow/dags/dag_with_pg_op.py
[2023-02-13T22:13:19.884+0000] {processor.py:743} INFO - Processing file /opt/airflow/dags/dag_with_pg_op.py for tasks to queue
[2023-02-13T22:13:19.885+0000] {logging_mixin.py:137} INFO - [2023-02-13T22:13:19.885+0000] {dagbag.py:538} INFO - Filling up the DagBag from /opt/airflow/dags/dag_with_pg_op.py
[2023-02-13T22:13:19.940+0000] {processor.py:753} INFO - DAG(s) dict_keys(['dag_pg_opv3']) retrieved from /opt/airflow/dags/dag_with_pg_op.py
[2023-02-13T22:13:19.971+0000] {logging_mixin.py:137} INFO - [2023-02-13T22:13:19.970+0000] {dag.py:2690} INFO - Sync 1 DAGs
[2023-02-13T22:13:20.010+0000] {logging_mixin.py:137} INFO - [2023-02-13T22:13:20.010+0000] {dag.py:3441} INFO - Setting next_dagrun for dag_pg_opv3 to 2023-02-13T15:23:00+00:00, run_after=2023-02-14T15:23:00+00:00
[2023-02-13T22:13:20.045+0000] {processor.py:175} INFO - Processing /opt/airflow/dags/dag_with_pg_op.py took 0.167 seconds
[2023-02-13T22:13:50.811+0000] {processor.py:153} INFO - Started process (PID=159) to work on /opt/airflow/dags/dag_with_pg_op.py
[2023-02-13T22:13:50.813+0000] {processor.py:743} INFO - Processing file /opt/airflow/dags/dag_with_pg_op.py for tasks to queue
[2023-02-13T22:13:50.814+0000] {logging_mixin.py:137} INFO - [2023-02-13T22:13:50.814+0000] {dagbag.py:538} INFO - Filling up the DagBag from /opt/airflow/dags/dag_with_pg_op.py
[2023-02-13T22:13:50.867+0000] {processor.py:753} INFO - DAG(s) dict_keys(['dag_pg_opv3']) retrieved from /opt/airflow/dags/dag_with_pg_op.py
[2023-02-13T22:13:50.902+0000] {logging_mixin.py:137} INFO - [2023-02-13T22:13:50.902+0000] {dag.py:2690} INFO - Sync 1 DAGs
[2023-02-13T22:13:50.942+0000] {logging_mixin.py:137} INFO - [2023-02-13T22:13:50.942+0000] {dag.py:3441} INFO - Setting next_dagrun for dag_pg_opv3 to 2023-02-13T15:23:00+00:00, run_after=2023-02-14T15:23:00+00:00
[2023-02-13T22:13:50.988+0000] {processor.py:175} INFO - Processing /opt/airflow/dags/dag_with_pg_op.py took 0.182 seconds
[2023-02-13T22:14:21.696+0000] {processor.py:153} INFO - Started process (PID=208) to work on /opt/airflow/dags/dag_with_pg_op.py
[2023-02-13T22:14:21.697+0000] {processor.py:743} INFO - Processing file /opt/airflow/dags/dag_with_pg_op.py for tasks to queue
[2023-02-13T22:14:21.697+0000] {logging_mixin.py:137} INFO - [2023-02-13T22:14:21.697+0000] {dagbag.py:538} INFO - Filling up the DagBag from /opt/airflow/dags/dag_with_pg_op.py
[2023-02-13T22:14:21.734+0000] {processor.py:753} INFO - DAG(s) dict_keys(['dag_pg_opv3']) retrieved from /opt/airflow/dags/dag_with_pg_op.py
[2023-02-13T22:14:21.761+0000] {logging_mixin.py:137} INFO - [2023-02-13T22:14:21.761+0000] {dag.py:2690} INFO - Sync 1 DAGs
[2023-02-13T22:14:21.798+0000] {logging_mixin.py:137} INFO - [2023-02-13T22:14:21.798+0000] {dag.py:3441} INFO - Setting next_dagrun for dag_pg_opv3 to 2023-02-13T15:23:00+00:00, run_after=2023-02-14T15:23:00+00:00
[2023-02-13T22:14:21.835+0000] {processor.py:175} INFO - Processing /opt/airflow/dags/dag_with_pg_op.py took 0.142 seconds
[2023-02-13T22:14:51.966+0000] {processor.py:153} INFO - Started process (PID=243) to work on /opt/airflow/dags/dag_with_pg_op.py
[2023-02-13T22:14:51.970+0000] {processor.py:743} INFO - Processing file /opt/airflow/dags/dag_with_pg_op.py for tasks to queue
[2023-02-13T22:14:51.971+0000] {logging_mixin.py:137} INFO - [2023-02-13T22:14:51.971+0000] {dagbag.py:538} INFO - Filling up the DagBag from /opt/airflow/dags/dag_with_pg_op.py
[2023-02-13T22:14:52.026+0000] {processor.py:753} INFO - DAG(s) dict_keys(['dag_pg_opv3']) retrieved from /opt/airflow/dags/dag_with_pg_op.py
[2023-02-13T22:14:52.056+0000] {logging_mixin.py:137} INFO - [2023-02-13T22:14:52.056+0000] {dag.py:2690} INFO - Sync 1 DAGs
[2023-02-13T22:14:52.097+0000] {logging_mixin.py:137} INFO - [2023-02-13T22:14:52.096+0000] {dag.py:3441} INFO - Setting next_dagrun for dag_pg_opv3 to 2023-02-13T15:23:00+00:00, run_after=2023-02-14T15:23:00+00:00
[2023-02-13T22:14:52.123+0000] {processor.py:175} INFO - Processing /opt/airflow/dags/dag_with_pg_op.py took 0.162 seconds
[2023-02-13T22:15:22.966+0000] {processor.py:153} INFO - Started process (PID=281) to work on /opt/airflow/dags/dag_with_pg_op.py
[2023-02-13T22:15:22.966+0000] {processor.py:743} INFO - Processing file /opt/airflow/dags/dag_with_pg_op.py for tasks to queue
[2023-02-13T22:15:22.967+0000] {logging_mixin.py:137} INFO - [2023-02-13T22:15:22.967+0000] {dagbag.py:538} INFO - Filling up the DagBag from /opt/airflow/dags/dag_with_pg_op.py
[2023-02-13T22:15:23.008+0000] {processor.py:753} INFO - DAG(s) dict_keys(['dag_pg_opv3']) retrieved from /opt/airflow/dags/dag_with_pg_op.py
[2023-02-13T22:15:23.035+0000] {logging_mixin.py:137} INFO - [2023-02-13T22:15:23.035+0000] {dag.py:2690} INFO - Sync 1 DAGs
[2023-02-13T22:15:23.075+0000] {logging_mixin.py:137} INFO - [2023-02-13T22:15:23.074+0000] {dag.py:3441} INFO - Setting next_dagrun for dag_pg_opv3 to 2023-02-13T15:23:00+00:00, run_after=2023-02-14T15:23:00+00:00
[2023-02-13T22:15:23.110+0000] {processor.py:175} INFO - Processing /opt/airflow/dags/dag_with_pg_op.py took 0.148 seconds
[2023-02-13T22:15:53.803+0000] {processor.py:153} INFO - Started process (PID=333) to work on /opt/airflow/dags/dag_with_pg_op.py
[2023-02-13T22:15:53.804+0000] {processor.py:743} INFO - Processing file /opt/airflow/dags/dag_with_pg_op.py for tasks to queue
[2023-02-13T22:15:53.805+0000] {logging_mixin.py:137} INFO - [2023-02-13T22:15:53.805+0000] {dagbag.py:538} INFO - Filling up the DagBag from /opt/airflow/dags/dag_with_pg_op.py
[2023-02-13T22:15:53.843+0000] {processor.py:753} INFO - DAG(s) dict_keys(['dag_pg_opv3']) retrieved from /opt/airflow/dags/dag_with_pg_op.py
[2023-02-13T22:15:53.872+0000] {logging_mixin.py:137} INFO - [2023-02-13T22:15:53.872+0000] {dag.py:2690} INFO - Sync 1 DAGs
[2023-02-13T22:15:53.911+0000] {logging_mixin.py:137} INFO - [2023-02-13T22:15:53.911+0000] {dag.py:3441} INFO - Setting next_dagrun for dag_pg_opv3 to 2023-02-13T15:23:00+00:00, run_after=2023-02-14T15:23:00+00:00
[2023-02-13T22:15:53.938+0000] {processor.py:175} INFO - Processing /opt/airflow/dags/dag_with_pg_op.py took 0.139 seconds
[2023-02-13T22:16:24.675+0000] {processor.py:153} INFO - Started process (PID=369) to work on /opt/airflow/dags/dag_with_pg_op.py
[2023-02-13T22:16:24.676+0000] {processor.py:743} INFO - Processing file /opt/airflow/dags/dag_with_pg_op.py for tasks to queue
[2023-02-13T22:16:24.677+0000] {logging_mixin.py:137} INFO - [2023-02-13T22:16:24.677+0000] {dagbag.py:538} INFO - Filling up the DagBag from /opt/airflow/dags/dag_with_pg_op.py
[2023-02-13T22:16:24.717+0000] {processor.py:753} INFO - DAG(s) dict_keys(['dag_pg_opv3']) retrieved from /opt/airflow/dags/dag_with_pg_op.py
[2023-02-13T22:16:24.749+0000] {logging_mixin.py:137} INFO - [2023-02-13T22:16:24.749+0000] {dag.py:2690} INFO - Sync 1 DAGs
[2023-02-13T22:16:24.790+0000] {logging_mixin.py:137} INFO - [2023-02-13T22:16:24.789+0000] {dag.py:3441} INFO - Setting next_dagrun for dag_pg_opv3 to 2023-02-13T15:23:00+00:00, run_after=2023-02-14T15:23:00+00:00
[2023-02-13T22:16:24.816+0000] {processor.py:175} INFO - Processing /opt/airflow/dags/dag_with_pg_op.py took 0.145 seconds
[2023-02-13T22:16:55.601+0000] {processor.py:153} INFO - Started process (PID=405) to work on /opt/airflow/dags/dag_with_pg_op.py
[2023-02-13T22:16:55.602+0000] {processor.py:743} INFO - Processing file /opt/airflow/dags/dag_with_pg_op.py for tasks to queue
[2023-02-13T22:16:55.603+0000] {logging_mixin.py:137} INFO - [2023-02-13T22:16:55.603+0000] {dagbag.py:538} INFO - Filling up the DagBag from /opt/airflow/dags/dag_with_pg_op.py
[2023-02-13T22:16:55.642+0000] {processor.py:753} INFO - DAG(s) dict_keys(['dag_pg_opv3']) retrieved from /opt/airflow/dags/dag_with_pg_op.py
[2023-02-13T22:16:55.675+0000] {logging_mixin.py:137} INFO - [2023-02-13T22:16:55.675+0000] {dag.py:2690} INFO - Sync 1 DAGs
[2023-02-13T22:16:55.717+0000] {logging_mixin.py:137} INFO - [2023-02-13T22:16:55.717+0000] {dag.py:3441} INFO - Setting next_dagrun for dag_pg_opv3 to 2023-02-13T15:23:00+00:00, run_after=2023-02-14T15:23:00+00:00
[2023-02-13T22:16:55.756+0000] {processor.py:175} INFO - Processing /opt/airflow/dags/dag_with_pg_op.py took 0.158 seconds
[2023-02-13T22:17:26.564+0000] {processor.py:153} INFO - Started process (PID=454) to work on /opt/airflow/dags/dag_with_pg_op.py
[2023-02-13T22:17:26.565+0000] {processor.py:743} INFO - Processing file /opt/airflow/dags/dag_with_pg_op.py for tasks to queue
[2023-02-13T22:17:26.566+0000] {logging_mixin.py:137} INFO - [2023-02-13T22:17:26.566+0000] {dagbag.py:538} INFO - Filling up the DagBag from /opt/airflow/dags/dag_with_pg_op.py
[2023-02-13T22:17:26.608+0000] {processor.py:753} INFO - DAG(s) dict_keys(['dag_pg_opv3']) retrieved from /opt/airflow/dags/dag_with_pg_op.py
[2023-02-13T22:17:26.636+0000] {logging_mixin.py:137} INFO - [2023-02-13T22:17:26.636+0000] {dag.py:2690} INFO - Sync 1 DAGs
[2023-02-13T22:17:26.672+0000] {logging_mixin.py:137} INFO - [2023-02-13T22:17:26.672+0000] {dag.py:3441} INFO - Setting next_dagrun for dag_pg_opv3 to 2023-02-13T15:23:00+00:00, run_after=2023-02-14T15:23:00+00:00
[2023-02-13T22:17:26.698+0000] {processor.py:175} INFO - Processing /opt/airflow/dags/dag_with_pg_op.py took 0.136 seconds
[2023-02-13T22:17:57.377+0000] {processor.py:153} INFO - Started process (PID=490) to work on /opt/airflow/dags/dag_with_pg_op.py
[2023-02-13T22:17:57.378+0000] {processor.py:743} INFO - Processing file /opt/airflow/dags/dag_with_pg_op.py for tasks to queue
[2023-02-13T22:17:57.379+0000] {logging_mixin.py:137} INFO - [2023-02-13T22:17:57.379+0000] {dagbag.py:538} INFO - Filling up the DagBag from /opt/airflow/dags/dag_with_pg_op.py
[2023-02-13T22:17:57.423+0000] {processor.py:753} INFO - DAG(s) dict_keys(['dag_pg_opv3']) retrieved from /opt/airflow/dags/dag_with_pg_op.py
[2023-02-13T22:17:57.454+0000] {logging_mixin.py:137} INFO - [2023-02-13T22:17:57.453+0000] {dag.py:2690} INFO - Sync 1 DAGs
[2023-02-13T22:17:57.497+0000] {logging_mixin.py:137} INFO - [2023-02-13T22:17:57.497+0000] {dag.py:3441} INFO - Setting next_dagrun for dag_pg_opv3 to 2023-02-13T15:23:00+00:00, run_after=2023-02-14T15:23:00+00:00
[2023-02-13T22:17:57.526+0000] {processor.py:175} INFO - Processing /opt/airflow/dags/dag_with_pg_op.py took 0.152 seconds
[2023-02-13T22:18:28.289+0000] {processor.py:153} INFO - Started process (PID=525) to work on /opt/airflow/dags/dag_with_pg_op.py
[2023-02-13T22:18:28.290+0000] {processor.py:743} INFO - Processing file /opt/airflow/dags/dag_with_pg_op.py for tasks to queue
[2023-02-13T22:18:28.291+0000] {logging_mixin.py:137} INFO - [2023-02-13T22:18:28.291+0000] {dagbag.py:538} INFO - Filling up the DagBag from /opt/airflow/dags/dag_with_pg_op.py
[2023-02-13T22:18:28.330+0000] {processor.py:753} INFO - DAG(s) dict_keys(['dag_pg_opv3']) retrieved from /opt/airflow/dags/dag_with_pg_op.py
[2023-02-13T22:18:28.362+0000] {logging_mixin.py:137} INFO - [2023-02-13T22:18:28.362+0000] {dag.py:2690} INFO - Sync 1 DAGs
[2023-02-13T22:18:28.404+0000] {logging_mixin.py:137} INFO - [2023-02-13T22:18:28.404+0000] {dag.py:3441} INFO - Setting next_dagrun for dag_pg_opv3 to 2023-02-13T15:23:00+00:00, run_after=2023-02-14T15:23:00+00:00
[2023-02-13T22:18:28.443+0000] {processor.py:175} INFO - Processing /opt/airflow/dags/dag_with_pg_op.py took 0.158 seconds
[2023-02-13T22:18:59.308+0000] {processor.py:153} INFO - Started process (PID=575) to work on /opt/airflow/dags/dag_with_pg_op.py
[2023-02-13T22:18:59.312+0000] {processor.py:743} INFO - Processing file /opt/airflow/dags/dag_with_pg_op.py for tasks to queue
[2023-02-13T22:18:59.313+0000] {logging_mixin.py:137} INFO - [2023-02-13T22:18:59.312+0000] {dagbag.py:538} INFO - Filling up the DagBag from /opt/airflow/dags/dag_with_pg_op.py
[2023-02-13T22:18:59.366+0000] {processor.py:753} INFO - DAG(s) dict_keys(['dag_pg_opv3']) retrieved from /opt/airflow/dags/dag_with_pg_op.py
[2023-02-13T22:18:59.398+0000] {logging_mixin.py:137} INFO - [2023-02-13T22:18:59.398+0000] {dag.py:2690} INFO - Sync 1 DAGs
[2023-02-13T22:18:59.443+0000] {logging_mixin.py:137} INFO - [2023-02-13T22:18:59.442+0000] {dag.py:3441} INFO - Setting next_dagrun for dag_pg_opv3 to 2023-02-13T15:23:00+00:00, run_after=2023-02-14T15:23:00+00:00
[2023-02-13T22:18:59.471+0000] {processor.py:175} INFO - Processing /opt/airflow/dags/dag_with_pg_op.py took 0.168 seconds
[2023-02-13T22:19:30.150+0000] {processor.py:153} INFO - Started process (PID=611) to work on /opt/airflow/dags/dag_with_pg_op.py
[2023-02-13T22:19:30.153+0000] {processor.py:743} INFO - Processing file /opt/airflow/dags/dag_with_pg_op.py for tasks to queue
[2023-02-13T22:19:30.154+0000] {logging_mixin.py:137} INFO - [2023-02-13T22:19:30.154+0000] {dagbag.py:538} INFO - Filling up the DagBag from /opt/airflow/dags/dag_with_pg_op.py
[2023-02-13T22:19:30.209+0000] {processor.py:753} INFO - DAG(s) dict_keys(['dag_pg_opv3']) retrieved from /opt/airflow/dags/dag_with_pg_op.py
[2023-02-13T22:19:30.242+0000] {logging_mixin.py:137} INFO - [2023-02-13T22:19:30.242+0000] {dag.py:2690} INFO - Sync 1 DAGs
[2023-02-13T22:19:30.282+0000] {logging_mixin.py:137} INFO - [2023-02-13T22:19:30.282+0000] {dag.py:3441} INFO - Setting next_dagrun for dag_pg_opv3 to 2023-02-13T15:23:00+00:00, run_after=2023-02-14T15:23:00+00:00
[2023-02-13T22:19:30.322+0000] {processor.py:175} INFO - Processing /opt/airflow/dags/dag_with_pg_op.py took 0.178 seconds
[2023-02-13T22:20:01.050+0000] {processor.py:153} INFO - Started process (PID=647) to work on /opt/airflow/dags/dag_with_pg_op.py
[2023-02-13T22:20:01.051+0000] {processor.py:743} INFO - Processing file /opt/airflow/dags/dag_with_pg_op.py for tasks to queue
[2023-02-13T22:20:01.052+0000] {logging_mixin.py:137} INFO - [2023-02-13T22:20:01.052+0000] {dagbag.py:538} INFO - Filling up the DagBag from /opt/airflow/dags/dag_with_pg_op.py
[2023-02-13T22:20:01.093+0000] {processor.py:753} INFO - DAG(s) dict_keys(['dag_pg_opv3']) retrieved from /opt/airflow/dags/dag_with_pg_op.py
[2023-02-13T22:20:01.135+0000] {logging_mixin.py:137} INFO - [2023-02-13T22:20:01.134+0000] {dag.py:2690} INFO - Sync 1 DAGs
[2023-02-13T22:20:01.177+0000] {logging_mixin.py:137} INFO - [2023-02-13T22:20:01.177+0000] {dag.py:3441} INFO - Setting next_dagrun for dag_pg_opv3 to 2023-02-13T15:23:00+00:00, run_after=2023-02-14T15:23:00+00:00
[2023-02-13T22:20:01.206+0000] {processor.py:175} INFO - Processing /opt/airflow/dags/dag_with_pg_op.py took 0.159 seconds
[2023-02-13T22:20:32.000+0000] {processor.py:153} INFO - Started process (PID=697) to work on /opt/airflow/dags/dag_with_pg_op.py
[2023-02-13T22:20:32.004+0000] {processor.py:743} INFO - Processing file /opt/airflow/dags/dag_with_pg_op.py for tasks to queue
[2023-02-13T22:20:32.005+0000] {logging_mixin.py:137} INFO - [2023-02-13T22:20:32.005+0000] {dagbag.py:538} INFO - Filling up the DagBag from /opt/airflow/dags/dag_with_pg_op.py
[2023-02-13T22:20:32.061+0000] {processor.py:753} INFO - DAG(s) dict_keys(['dag_pg_opv3']) retrieved from /opt/airflow/dags/dag_with_pg_op.py
[2023-02-13T22:20:32.093+0000] {logging_mixin.py:137} INFO - [2023-02-13T22:20:32.092+0000] {dag.py:2690} INFO - Sync 1 DAGs
[2023-02-13T22:20:32.135+0000] {logging_mixin.py:137} INFO - [2023-02-13T22:20:32.135+0000] {dag.py:3441} INFO - Setting next_dagrun for dag_pg_opv3 to 2023-02-13T15:23:00+00:00, run_after=2023-02-14T15:23:00+00:00
[2023-02-13T22:20:32.166+0000] {processor.py:175} INFO - Processing /opt/airflow/dags/dag_with_pg_op.py took 0.172 seconds
[2023-02-13T22:21:03.087+0000] {processor.py:153} INFO - Started process (PID=731) to work on /opt/airflow/dags/dag_with_pg_op.py
[2023-02-13T22:21:03.090+0000] {processor.py:743} INFO - Processing file /opt/airflow/dags/dag_with_pg_op.py for tasks to queue
[2023-02-13T22:21:03.092+0000] {logging_mixin.py:137} INFO - [2023-02-13T22:21:03.092+0000] {dagbag.py:538} INFO - Filling up the DagBag from /opt/airflow/dags/dag_with_pg_op.py
[2023-02-13T22:21:03.147+0000] {processor.py:753} INFO - DAG(s) dict_keys(['dag_pg_opv3']) retrieved from /opt/airflow/dags/dag_with_pg_op.py
[2023-02-13T22:21:03.181+0000] {logging_mixin.py:137} INFO - [2023-02-13T22:21:03.181+0000] {dag.py:2690} INFO - Sync 1 DAGs
[2023-02-13T22:21:03.222+0000] {logging_mixin.py:137} INFO - [2023-02-13T22:21:03.222+0000] {dag.py:3441} INFO - Setting next_dagrun for dag_pg_opv3 to 2023-02-13T15:23:00+00:00, run_after=2023-02-14T15:23:00+00:00
[2023-02-13T22:21:03.262+0000] {processor.py:175} INFO - Processing /opt/airflow/dags/dag_with_pg_op.py took 0.181 seconds
[2023-02-13T22:21:34.006+0000] {processor.py:153} INFO - Started process (PID=774) to work on /opt/airflow/dags/dag_with_pg_op.py
[2023-02-13T22:21:34.007+0000] {processor.py:743} INFO - Processing file /opt/airflow/dags/dag_with_pg_op.py for tasks to queue
[2023-02-13T22:21:34.008+0000] {logging_mixin.py:137} INFO - [2023-02-13T22:21:34.008+0000] {dagbag.py:538} INFO - Filling up the DagBag from /opt/airflow/dags/dag_with_pg_op.py
[2023-02-13T22:21:34.054+0000] {processor.py:753} INFO - DAG(s) dict_keys(['dag_pg_opv3']) retrieved from /opt/airflow/dags/dag_with_pg_op.py
[2023-02-13T22:21:34.086+0000] {logging_mixin.py:137} INFO - [2023-02-13T22:21:34.086+0000] {dag.py:2690} INFO - Sync 1 DAGs
[2023-02-13T22:21:34.130+0000] {logging_mixin.py:137} INFO - [2023-02-13T22:21:34.130+0000] {dag.py:3441} INFO - Setting next_dagrun for dag_pg_opv3 to 2023-02-13T15:23:00+00:00, run_after=2023-02-14T15:23:00+00:00
[2023-02-13T22:21:34.166+0000] {processor.py:175} INFO - Processing /opt/airflow/dags/dag_with_pg_op.py took 0.163 seconds
[2023-02-13T22:22:04.933+0000] {processor.py:153} INFO - Started process (PID=817) to work on /opt/airflow/dags/dag_with_pg_op.py
[2023-02-13T22:22:04.934+0000] {processor.py:743} INFO - Processing file /opt/airflow/dags/dag_with_pg_op.py for tasks to queue
[2023-02-13T22:22:04.935+0000] {logging_mixin.py:137} INFO - [2023-02-13T22:22:04.935+0000] {dagbag.py:538} INFO - Filling up the DagBag from /opt/airflow/dags/dag_with_pg_op.py
[2023-02-13T22:22:04.977+0000] {processor.py:753} INFO - DAG(s) dict_keys(['dag_pg_opv3']) retrieved from /opt/airflow/dags/dag_with_pg_op.py
[2023-02-13T22:22:05.009+0000] {logging_mixin.py:137} INFO - [2023-02-13T22:22:05.009+0000] {dag.py:2690} INFO - Sync 1 DAGs
[2023-02-13T22:22:05.054+0000] {logging_mixin.py:137} INFO - [2023-02-13T22:22:05.054+0000] {dag.py:3441} INFO - Setting next_dagrun for dag_pg_opv3 to 2023-02-13T15:23:00+00:00, run_after=2023-02-14T15:23:00+00:00
[2023-02-13T22:22:05.083+0000] {processor.py:175} INFO - Processing /opt/airflow/dags/dag_with_pg_op.py took 0.154 seconds
[2023-02-13T22:22:35.828+0000] {processor.py:153} INFO - Started process (PID=854) to work on /opt/airflow/dags/dag_with_pg_op.py
[2023-02-13T22:22:35.829+0000] {processor.py:743} INFO - Processing file /opt/airflow/dags/dag_with_pg_op.py for tasks to queue
[2023-02-13T22:22:35.830+0000] {logging_mixin.py:137} INFO - [2023-02-13T22:22:35.830+0000] {dagbag.py:538} INFO - Filling up the DagBag from /opt/airflow/dags/dag_with_pg_op.py
[2023-02-13T22:22:35.884+0000] {processor.py:753} INFO - DAG(s) dict_keys(['dag_pg_opv3']) retrieved from /opt/airflow/dags/dag_with_pg_op.py
[2023-02-13T22:22:35.919+0000] {logging_mixin.py:137} INFO - [2023-02-13T22:22:35.918+0000] {dag.py:2690} INFO - Sync 1 DAGs
[2023-02-13T22:22:35.961+0000] {logging_mixin.py:137} INFO - [2023-02-13T22:22:35.961+0000] {dag.py:3441} INFO - Setting next_dagrun for dag_pg_opv3 to 2023-02-13T15:23:00+00:00, run_after=2023-02-14T15:23:00+00:00
[2023-02-13T22:22:35.988+0000] {processor.py:175} INFO - Processing /opt/airflow/dags/dag_with_pg_op.py took 0.166 seconds
[2023-02-13T22:23:06.744+0000] {processor.py:153} INFO - Started process (PID=900) to work on /opt/airflow/dags/dag_with_pg_op.py
[2023-02-13T22:23:06.748+0000] {processor.py:743} INFO - Processing file /opt/airflow/dags/dag_with_pg_op.py for tasks to queue
[2023-02-13T22:23:06.750+0000] {logging_mixin.py:137} INFO - [2023-02-13T22:23:06.749+0000] {dagbag.py:538} INFO - Filling up the DagBag from /opt/airflow/dags/dag_with_pg_op.py
[2023-02-13T22:23:06.808+0000] {processor.py:753} INFO - DAG(s) dict_keys(['dag_pg_opv3']) retrieved from /opt/airflow/dags/dag_with_pg_op.py
[2023-02-13T22:23:06.841+0000] {logging_mixin.py:137} INFO - [2023-02-13T22:23:06.841+0000] {dag.py:2690} INFO - Sync 1 DAGs
[2023-02-13T22:23:06.881+0000] {logging_mixin.py:137} INFO - [2023-02-13T22:23:06.880+0000] {dag.py:3441} INFO - Setting next_dagrun for dag_pg_opv3 to 2023-02-13T15:23:00+00:00, run_after=2023-02-14T15:23:00+00:00
[2023-02-13T22:23:06.921+0000] {processor.py:175} INFO - Processing /opt/airflow/dags/dag_with_pg_op.py took 0.182 seconds
[2023-02-13T22:23:37.703+0000] {processor.py:153} INFO - Started process (PID=940) to work on /opt/airflow/dags/dag_with_pg_op.py
[2023-02-13T22:23:37.707+0000] {processor.py:743} INFO - Processing file /opt/airflow/dags/dag_with_pg_op.py for tasks to queue
[2023-02-13T22:23:37.708+0000] {logging_mixin.py:137} INFO - [2023-02-13T22:23:37.708+0000] {dagbag.py:538} INFO - Filling up the DagBag from /opt/airflow/dags/dag_with_pg_op.py
[2023-02-13T22:23:37.755+0000] {processor.py:753} INFO - DAG(s) dict_keys(['dag_pg_opv3']) retrieved from /opt/airflow/dags/dag_with_pg_op.py
[2023-02-13T22:23:37.790+0000] {logging_mixin.py:137} INFO - [2023-02-13T22:23:37.790+0000] {dag.py:2690} INFO - Sync 1 DAGs
[2023-02-13T22:23:37.834+0000] {logging_mixin.py:137} INFO - [2023-02-13T22:23:37.834+0000] {dag.py:3441} INFO - Setting next_dagrun for dag_pg_opv3 to 2023-02-13T15:23:00+00:00, run_after=2023-02-14T15:23:00+00:00
[2023-02-13T22:23:37.863+0000] {processor.py:175} INFO - Processing /opt/airflow/dags/dag_with_pg_op.py took 0.164 seconds
[2023-02-13T22:24:08.632+0000] {processor.py:153} INFO - Started process (PID=976) to work on /opt/airflow/dags/dag_with_pg_op.py
[2023-02-13T22:24:08.640+0000] {processor.py:743} INFO - Processing file /opt/airflow/dags/dag_with_pg_op.py for tasks to queue
[2023-02-13T22:24:08.641+0000] {logging_mixin.py:137} INFO - [2023-02-13T22:24:08.641+0000] {dagbag.py:538} INFO - Filling up the DagBag from /opt/airflow/dags/dag_with_pg_op.py
[2023-02-13T22:24:08.680+0000] {processor.py:753} INFO - DAG(s) dict_keys(['dag_pg_opv3']) retrieved from /opt/airflow/dags/dag_with_pg_op.py
[2023-02-13T22:24:08.708+0000] {logging_mixin.py:137} INFO - [2023-02-13T22:24:08.708+0000] {dag.py:2690} INFO - Sync 1 DAGs
[2023-02-13T22:24:08.747+0000] {logging_mixin.py:137} INFO - [2023-02-13T22:24:08.747+0000] {dag.py:3441} INFO - Setting next_dagrun for dag_pg_opv3 to 2023-02-13T15:23:00+00:00, run_after=2023-02-14T15:23:00+00:00
[2023-02-13T22:24:08.785+0000] {processor.py:175} INFO - Processing /opt/airflow/dags/dag_with_pg_op.py took 0.156 seconds
[2023-02-13T22:24:39.443+0000] {processor.py:153} INFO - Started process (PID=1022) to work on /opt/airflow/dags/dag_with_pg_op.py
[2023-02-13T22:24:39.448+0000] {processor.py:743} INFO - Processing file /opt/airflow/dags/dag_with_pg_op.py for tasks to queue
[2023-02-13T22:24:39.449+0000] {logging_mixin.py:137} INFO - [2023-02-13T22:24:39.449+0000] {dagbag.py:538} INFO - Filling up the DagBag from /opt/airflow/dags/dag_with_pg_op.py
[2023-02-13T22:24:39.497+0000] {processor.py:753} INFO - DAG(s) dict_keys(['dag_pg_opv3']) retrieved from /opt/airflow/dags/dag_with_pg_op.py
[2023-02-13T22:24:39.529+0000] {logging_mixin.py:137} INFO - [2023-02-13T22:24:39.529+0000] {dag.py:2690} INFO - Sync 1 DAGs
[2023-02-13T22:24:39.567+0000] {logging_mixin.py:137} INFO - [2023-02-13T22:24:39.567+0000] {dag.py:3441} INFO - Setting next_dagrun for dag_pg_opv3 to 2023-02-13T15:23:00+00:00, run_after=2023-02-14T15:23:00+00:00
[2023-02-13T22:24:39.603+0000] {processor.py:175} INFO - Processing /opt/airflow/dags/dag_with_pg_op.py took 0.165 seconds
[2023-02-13T22:25:10.530+0000] {processor.py:153} INFO - Started process (PID=1064) to work on /opt/airflow/dags/dag_with_pg_op.py
[2023-02-13T22:25:10.531+0000] {processor.py:743} INFO - Processing file /opt/airflow/dags/dag_with_pg_op.py for tasks to queue
[2023-02-13T22:25:10.532+0000] {logging_mixin.py:137} INFO - [2023-02-13T22:25:10.532+0000] {dagbag.py:538} INFO - Filling up the DagBag from /opt/airflow/dags/dag_with_pg_op.py
[2023-02-13T22:25:10.585+0000] {processor.py:753} INFO - DAG(s) dict_keys(['dag_pg_opv3']) retrieved from /opt/airflow/dags/dag_with_pg_op.py
[2023-02-13T22:25:10.615+0000] {logging_mixin.py:137} INFO - [2023-02-13T22:25:10.615+0000] {dag.py:2690} INFO - Sync 1 DAGs
[2023-02-13T22:25:10.653+0000] {logging_mixin.py:137} INFO - [2023-02-13T22:25:10.653+0000] {dag.py:3441} INFO - Setting next_dagrun for dag_pg_opv3 to 2023-02-13T15:23:00+00:00, run_after=2023-02-14T15:23:00+00:00
[2023-02-13T22:25:10.680+0000] {processor.py:175} INFO - Processing /opt/airflow/dags/dag_with_pg_op.py took 0.157 seconds
[2023-02-13T22:25:41.565+0000] {processor.py:153} INFO - Started process (PID=1099) to work on /opt/airflow/dags/dag_with_pg_op.py
[2023-02-13T22:25:41.569+0000] {processor.py:743} INFO - Processing file /opt/airflow/dags/dag_with_pg_op.py for tasks to queue
[2023-02-13T22:25:41.570+0000] {logging_mixin.py:137} INFO - [2023-02-13T22:25:41.570+0000] {dagbag.py:538} INFO - Filling up the DagBag from /opt/airflow/dags/dag_with_pg_op.py
[2023-02-13T22:25:41.615+0000] {processor.py:753} INFO - DAG(s) dict_keys(['dag_pg_opv3']) retrieved from /opt/airflow/dags/dag_with_pg_op.py
[2023-02-13T22:25:41.650+0000] {logging_mixin.py:137} INFO - [2023-02-13T22:25:41.650+0000] {dag.py:2690} INFO - Sync 1 DAGs
[2023-02-13T22:25:41.694+0000] {logging_mixin.py:137} INFO - [2023-02-13T22:25:41.694+0000] {dag.py:3441} INFO - Setting next_dagrun for dag_pg_opv3 to 2023-02-13T15:23:00+00:00, run_after=2023-02-14T15:23:00+00:00
[2023-02-13T22:25:41.740+0000] {processor.py:175} INFO - Processing /opt/airflow/dags/dag_with_pg_op.py took 0.179 seconds
[2023-02-13T22:26:12.495+0000] {processor.py:153} INFO - Started process (PID=1142) to work on /opt/airflow/dags/dag_with_pg_op.py
[2023-02-13T22:26:12.495+0000] {processor.py:743} INFO - Processing file /opt/airflow/dags/dag_with_pg_op.py for tasks to queue
[2023-02-13T22:26:12.496+0000] {logging_mixin.py:137} INFO - [2023-02-13T22:26:12.496+0000] {dagbag.py:538} INFO - Filling up the DagBag from /opt/airflow/dags/dag_with_pg_op.py
[2023-02-13T22:26:12.541+0000] {processor.py:753} INFO - DAG(s) dict_keys(['dag_pg_opv3']) retrieved from /opt/airflow/dags/dag_with_pg_op.py
[2023-02-13T22:26:12.575+0000] {logging_mixin.py:137} INFO - [2023-02-13T22:26:12.575+0000] {dag.py:2690} INFO - Sync 1 DAGs
[2023-02-13T22:26:12.614+0000] {logging_mixin.py:137} INFO - [2023-02-13T22:26:12.614+0000] {dag.py:3441} INFO - Setting next_dagrun for dag_pg_opv3 to 2023-02-13T15:23:00+00:00, run_after=2023-02-14T15:23:00+00:00
[2023-02-13T22:26:12.652+0000] {processor.py:175} INFO - Processing /opt/airflow/dags/dag_with_pg_op.py took 0.161 seconds
[2023-02-13T22:26:43.647+0000] {processor.py:153} INFO - Started process (PID=1184) to work on /opt/airflow/dags/dag_with_pg_op.py
[2023-02-13T22:26:43.651+0000] {processor.py:743} INFO - Processing file /opt/airflow/dags/dag_with_pg_op.py for tasks to queue
[2023-02-13T22:26:43.653+0000] {logging_mixin.py:137} INFO - [2023-02-13T22:26:43.652+0000] {dagbag.py:538} INFO - Filling up the DagBag from /opt/airflow/dags/dag_with_pg_op.py
[2023-02-13T22:26:43.708+0000] {processor.py:753} INFO - DAG(s) dict_keys(['dag_pg_opv3']) retrieved from /opt/airflow/dags/dag_with_pg_op.py
[2023-02-13T22:26:43.741+0000] {logging_mixin.py:137} INFO - [2023-02-13T22:26:43.741+0000] {dag.py:2690} INFO - Sync 1 DAGs
[2023-02-13T22:26:43.782+0000] {logging_mixin.py:137} INFO - [2023-02-13T22:26:43.782+0000] {dag.py:3441} INFO - Setting next_dagrun for dag_pg_opv3 to 2023-02-13T15:23:00+00:00, run_after=2023-02-14T15:23:00+00:00
[2023-02-13T22:26:43.810+0000] {processor.py:175} INFO - Processing /opt/airflow/dags/dag_with_pg_op.py took 0.169 seconds
[2023-02-13T22:27:14.672+0000] {processor.py:153} INFO - Started process (PID=1220) to work on /opt/airflow/dags/dag_with_pg_op.py
[2023-02-13T22:27:14.673+0000] {processor.py:743} INFO - Processing file /opt/airflow/dags/dag_with_pg_op.py for tasks to queue
[2023-02-13T22:27:14.673+0000] {logging_mixin.py:137} INFO - [2023-02-13T22:27:14.673+0000] {dagbag.py:538} INFO - Filling up the DagBag from /opt/airflow/dags/dag_with_pg_op.py
[2023-02-13T22:27:14.710+0000] {processor.py:753} INFO - DAG(s) dict_keys(['dag_pg_opv3']) retrieved from /opt/airflow/dags/dag_with_pg_op.py
[2023-02-13T22:27:14.738+0000] {logging_mixin.py:137} INFO - [2023-02-13T22:27:14.738+0000] {dag.py:2690} INFO - Sync 1 DAGs
[2023-02-13T22:27:14.779+0000] {logging_mixin.py:137} INFO - [2023-02-13T22:27:14.778+0000] {dag.py:3441} INFO - Setting next_dagrun for dag_pg_opv3 to 2023-02-13T15:23:00+00:00, run_after=2023-02-14T15:23:00+00:00
[2023-02-13T22:27:14.806+0000] {processor.py:175} INFO - Processing /opt/airflow/dags/dag_with_pg_op.py took 0.137 seconds
[2023-02-13T22:27:45.675+0000] {processor.py:153} INFO - Started process (PID=1264) to work on /opt/airflow/dags/dag_with_pg_op.py
[2023-02-13T22:27:45.676+0000] {processor.py:743} INFO - Processing file /opt/airflow/dags/dag_with_pg_op.py for tasks to queue
[2023-02-13T22:27:45.676+0000] {logging_mixin.py:137} INFO - [2023-02-13T22:27:45.676+0000] {dagbag.py:538} INFO - Filling up the DagBag from /opt/airflow/dags/dag_with_pg_op.py
[2023-02-13T22:27:45.742+0000] {processor.py:753} INFO - DAG(s) dict_keys(['dag_pg_opv3']) retrieved from /opt/airflow/dags/dag_with_pg_op.py
[2023-02-13T22:27:45.819+0000] {logging_mixin.py:137} INFO - [2023-02-13T22:27:45.819+0000] {dag.py:2690} INFO - Sync 1 DAGs
[2023-02-13T22:27:45.898+0000] {logging_mixin.py:137} INFO - [2023-02-13T22:27:45.898+0000] {dag.py:3441} INFO - Setting next_dagrun for dag_pg_opv3 to 2023-02-13T15:23:00+00:00, run_after=2023-02-14T15:23:00+00:00
[2023-02-13T22:27:45.940+0000] {processor.py:175} INFO - Processing /opt/airflow/dags/dag_with_pg_op.py took 0.269 seconds
[2023-02-13T22:28:16.751+0000] {processor.py:153} INFO - Started process (PID=1304) to work on /opt/airflow/dags/dag_with_pg_op.py
[2023-02-13T22:28:16.756+0000] {processor.py:743} INFO - Processing file /opt/airflow/dags/dag_with_pg_op.py for tasks to queue
[2023-02-13T22:28:16.758+0000] {logging_mixin.py:137} INFO - [2023-02-13T22:28:16.757+0000] {dagbag.py:538} INFO - Filling up the DagBag from /opt/airflow/dags/dag_with_pg_op.py
[2023-02-13T22:28:16.803+0000] {processor.py:753} INFO - DAG(s) dict_keys(['dag_pg_opv3']) retrieved from /opt/airflow/dags/dag_with_pg_op.py
[2023-02-13T22:28:16.836+0000] {logging_mixin.py:137} INFO - [2023-02-13T22:28:16.835+0000] {dag.py:2690} INFO - Sync 1 DAGs
[2023-02-13T22:28:16.877+0000] {logging_mixin.py:137} INFO - [2023-02-13T22:28:16.877+0000] {dag.py:3441} INFO - Setting next_dagrun for dag_pg_opv3 to 2023-02-13T15:23:00+00:00, run_after=2023-02-14T15:23:00+00:00
[2023-02-13T22:28:16.910+0000] {processor.py:175} INFO - Processing /opt/airflow/dags/dag_with_pg_op.py took 0.163 seconds
[2023-02-13T22:28:47.625+0000] {processor.py:153} INFO - Started process (PID=1340) to work on /opt/airflow/dags/dag_with_pg_op.py
[2023-02-13T22:28:47.627+0000] {processor.py:743} INFO - Processing file /opt/airflow/dags/dag_with_pg_op.py for tasks to queue
[2023-02-13T22:28:47.628+0000] {logging_mixin.py:137} INFO - [2023-02-13T22:28:47.627+0000] {dagbag.py:538} INFO - Filling up the DagBag from /opt/airflow/dags/dag_with_pg_op.py
[2023-02-13T22:28:47.681+0000] {processor.py:753} INFO - DAG(s) dict_keys(['dag_pg_opv3']) retrieved from /opt/airflow/dags/dag_with_pg_op.py
[2023-02-13T22:28:47.714+0000] {logging_mixin.py:137} INFO - [2023-02-13T22:28:47.713+0000] {dag.py:2690} INFO - Sync 1 DAGs
[2023-02-13T22:28:47.755+0000] {logging_mixin.py:137} INFO - [2023-02-13T22:28:47.754+0000] {dag.py:3441} INFO - Setting next_dagrun for dag_pg_opv3 to 2023-02-13T15:23:00+00:00, run_after=2023-02-14T15:23:00+00:00
[2023-02-13T22:28:47.802+0000] {processor.py:175} INFO - Processing /opt/airflow/dags/dag_with_pg_op.py took 0.181 seconds
[2023-02-13T22:29:18.498+0000] {processor.py:153} INFO - Started process (PID=1390) to work on /opt/airflow/dags/dag_with_pg_op.py
[2023-02-13T22:29:18.508+0000] {processor.py:743} INFO - Processing file /opt/airflow/dags/dag_with_pg_op.py for tasks to queue
[2023-02-13T22:29:18.509+0000] {logging_mixin.py:137} INFO - [2023-02-13T22:29:18.509+0000] {dagbag.py:538} INFO - Filling up the DagBag from /opt/airflow/dags/dag_with_pg_op.py
[2023-02-13T22:29:18.550+0000] {processor.py:753} INFO - DAG(s) dict_keys(['dag_pg_opv3']) retrieved from /opt/airflow/dags/dag_with_pg_op.py
[2023-02-13T22:29:18.582+0000] {logging_mixin.py:137} INFO - [2023-02-13T22:29:18.581+0000] {dag.py:2690} INFO - Sync 1 DAGs
[2023-02-13T22:29:18.623+0000] {logging_mixin.py:137} INFO - [2023-02-13T22:29:18.622+0000] {dag.py:3441} INFO - Setting next_dagrun for dag_pg_opv3 to 2023-02-13T15:23:00+00:00, run_after=2023-02-14T15:23:00+00:00
[2023-02-13T22:29:18.651+0000] {processor.py:175} INFO - Processing /opt/airflow/dags/dag_with_pg_op.py took 0.156 seconds
[2023-02-13T22:29:49.439+0000] {processor.py:153} INFO - Started process (PID=1426) to work on /opt/airflow/dags/dag_with_pg_op.py
[2023-02-13T22:29:49.444+0000] {processor.py:743} INFO - Processing file /opt/airflow/dags/dag_with_pg_op.py for tasks to queue
[2023-02-13T22:29:49.445+0000] {logging_mixin.py:137} INFO - [2023-02-13T22:29:49.445+0000] {dagbag.py:538} INFO - Filling up the DagBag from /opt/airflow/dags/dag_with_pg_op.py
[2023-02-13T22:29:49.488+0000] {processor.py:753} INFO - DAG(s) dict_keys(['dag_pg_opv3']) retrieved from /opt/airflow/dags/dag_with_pg_op.py
[2023-02-13T22:29:49.519+0000] {logging_mixin.py:137} INFO - [2023-02-13T22:29:49.519+0000] {dag.py:2690} INFO - Sync 1 DAGs
[2023-02-13T22:29:49.562+0000] {logging_mixin.py:137} INFO - [2023-02-13T22:29:49.562+0000] {dag.py:3441} INFO - Setting next_dagrun for dag_pg_opv3 to 2023-02-13T15:23:00+00:00, run_after=2023-02-14T15:23:00+00:00
[2023-02-13T22:29:49.593+0000] {processor.py:175} INFO - Processing /opt/airflow/dags/dag_with_pg_op.py took 0.159 seconds
[2023-02-13T22:30:20.472+0000] {processor.py:153} INFO - Started process (PID=1462) to work on /opt/airflow/dags/dag_with_pg_op.py
[2023-02-13T22:30:20.475+0000] {processor.py:743} INFO - Processing file /opt/airflow/dags/dag_with_pg_op.py for tasks to queue
[2023-02-13T22:30:20.476+0000] {logging_mixin.py:137} INFO - [2023-02-13T22:30:20.475+0000] {dagbag.py:538} INFO - Filling up the DagBag from /opt/airflow/dags/dag_with_pg_op.py
[2023-02-13T22:30:20.530+0000] {processor.py:753} INFO - DAG(s) dict_keys(['dag_pg_opv3']) retrieved from /opt/airflow/dags/dag_with_pg_op.py
[2023-02-13T22:30:20.560+0000] {logging_mixin.py:137} INFO - [2023-02-13T22:30:20.560+0000] {dag.py:2690} INFO - Sync 1 DAGs
[2023-02-13T22:30:20.598+0000] {logging_mixin.py:137} INFO - [2023-02-13T22:30:20.598+0000] {dag.py:3441} INFO - Setting next_dagrun for dag_pg_opv3 to 2023-02-13T15:23:00+00:00, run_after=2023-02-14T15:23:00+00:00
[2023-02-13T22:30:20.623+0000] {processor.py:175} INFO - Processing /opt/airflow/dags/dag_with_pg_op.py took 0.156 seconds
[2023-02-13T22:30:51.276+0000] {processor.py:153} INFO - Started process (PID=1512) to work on /opt/airflow/dags/dag_with_pg_op.py
[2023-02-13T22:30:51.277+0000] {processor.py:743} INFO - Processing file /opt/airflow/dags/dag_with_pg_op.py for tasks to queue
[2023-02-13T22:30:51.278+0000] {logging_mixin.py:137} INFO - [2023-02-13T22:30:51.278+0000] {dagbag.py:538} INFO - Filling up the DagBag from /opt/airflow/dags/dag_with_pg_op.py
[2023-02-13T22:30:51.330+0000] {processor.py:753} INFO - DAG(s) dict_keys(['dag_pg_opv3']) retrieved from /opt/airflow/dags/dag_with_pg_op.py
[2023-02-13T22:30:51.357+0000] {logging_mixin.py:137} INFO - [2023-02-13T22:30:51.357+0000] {dag.py:2690} INFO - Sync 1 DAGs
[2023-02-13T22:30:51.394+0000] {logging_mixin.py:137} INFO - [2023-02-13T22:30:51.394+0000] {dag.py:3441} INFO - Setting next_dagrun for dag_pg_opv3 to 2023-02-13T15:23:00+00:00, run_after=2023-02-14T15:23:00+00:00
[2023-02-13T22:30:51.431+0000] {processor.py:175} INFO - Processing /opt/airflow/dags/dag_with_pg_op.py took 0.160 seconds
[2023-02-13T22:31:22.237+0000] {processor.py:153} INFO - Started process (PID=1546) to work on /opt/airflow/dags/dag_with_pg_op.py
[2023-02-13T22:31:22.238+0000] {processor.py:743} INFO - Processing file /opt/airflow/dags/dag_with_pg_op.py for tasks to queue
[2023-02-13T22:31:22.239+0000] {logging_mixin.py:137} INFO - [2023-02-13T22:31:22.239+0000] {dagbag.py:538} INFO - Filling up the DagBag from /opt/airflow/dags/dag_with_pg_op.py
[2023-02-13T22:31:22.285+0000] {processor.py:753} INFO - DAG(s) dict_keys(['dag_pg_opv3']) retrieved from /opt/airflow/dags/dag_with_pg_op.py
[2023-02-13T22:31:22.323+0000] {logging_mixin.py:137} INFO - [2023-02-13T22:31:22.322+0000] {dag.py:2690} INFO - Sync 1 DAGs
[2023-02-13T22:31:22.374+0000] {logging_mixin.py:137} INFO - [2023-02-13T22:31:22.373+0000] {dag.py:3441} INFO - Setting next_dagrun for dag_pg_opv3 to 2023-02-13T15:23:00+00:00, run_after=2023-02-14T15:23:00+00:00
[2023-02-13T22:31:22.418+0000] {processor.py:175} INFO - Processing /opt/airflow/dags/dag_with_pg_op.py took 0.185 seconds
[2023-02-13T22:31:53.312+0000] {processor.py:153} INFO - Started process (PID=1582) to work on /opt/airflow/dags/dag_with_pg_op.py
[2023-02-13T22:31:53.319+0000] {processor.py:743} INFO - Processing file /opt/airflow/dags/dag_with_pg_op.py for tasks to queue
[2023-02-13T22:31:53.320+0000] {logging_mixin.py:137} INFO - [2023-02-13T22:31:53.320+0000] {dagbag.py:538} INFO - Filling up the DagBag from /opt/airflow/dags/dag_with_pg_op.py
[2023-02-13T22:31:53.365+0000] {processor.py:753} INFO - DAG(s) dict_keys(['dag_pg_opv3']) retrieved from /opt/airflow/dags/dag_with_pg_op.py
[2023-02-13T22:31:53.402+0000] {logging_mixin.py:137} INFO - [2023-02-13T22:31:53.401+0000] {dag.py:2690} INFO - Sync 1 DAGs
[2023-02-13T22:31:53.446+0000] {logging_mixin.py:137} INFO - [2023-02-13T22:31:53.446+0000] {dag.py:3441} INFO - Setting next_dagrun for dag_pg_opv3 to 2023-02-13T15:23:00+00:00, run_after=2023-02-14T15:23:00+00:00
[2023-02-13T22:31:53.493+0000] {processor.py:175} INFO - Processing /opt/airflow/dags/dag_with_pg_op.py took 0.185 seconds
[2023-02-13T22:32:24.416+0000] {processor.py:153} INFO - Started process (PID=1632) to work on /opt/airflow/dags/dag_with_pg_op.py
[2023-02-13T22:32:24.421+0000] {processor.py:743} INFO - Processing file /opt/airflow/dags/dag_with_pg_op.py for tasks to queue
[2023-02-13T22:32:24.422+0000] {logging_mixin.py:137} INFO - [2023-02-13T22:32:24.422+0000] {dagbag.py:538} INFO - Filling up the DagBag from /opt/airflow/dags/dag_with_pg_op.py
[2023-02-13T22:32:24.472+0000] {processor.py:753} INFO - DAG(s) dict_keys(['dag_pg_opv3']) retrieved from /opt/airflow/dags/dag_with_pg_op.py
[2023-02-13T22:32:24.502+0000] {logging_mixin.py:137} INFO - [2023-02-13T22:32:24.502+0000] {dag.py:2690} INFO - Sync 1 DAGs
[2023-02-13T22:32:24.540+0000] {logging_mixin.py:137} INFO - [2023-02-13T22:32:24.540+0000] {dag.py:3441} INFO - Setting next_dagrun for dag_pg_opv3 to 2023-02-13T15:23:00+00:00, run_after=2023-02-14T15:23:00+00:00
[2023-02-13T22:32:24.573+0000] {processor.py:175} INFO - Processing /opt/airflow/dags/dag_with_pg_op.py took 0.161 seconds
[2023-02-13T22:32:55.239+0000] {processor.py:153} INFO - Started process (PID=1666) to work on /opt/airflow/dags/dag_with_pg_op.py
[2023-02-13T22:32:55.240+0000] {processor.py:743} INFO - Processing file /opt/airflow/dags/dag_with_pg_op.py for tasks to queue
[2023-02-13T22:32:55.240+0000] {logging_mixin.py:137} INFO - [2023-02-13T22:32:55.240+0000] {dagbag.py:538} INFO - Filling up the DagBag from /opt/airflow/dags/dag_with_pg_op.py
[2023-02-13T22:32:55.286+0000] {processor.py:753} INFO - DAG(s) dict_keys(['dag_pg_opv3']) retrieved from /opt/airflow/dags/dag_with_pg_op.py
[2023-02-13T22:32:55.321+0000] {logging_mixin.py:137} INFO - [2023-02-13T22:32:55.321+0000] {dag.py:2690} INFO - Sync 1 DAGs
[2023-02-13T22:32:55.363+0000] {logging_mixin.py:137} INFO - [2023-02-13T22:32:55.363+0000] {dag.py:3441} INFO - Setting next_dagrun for dag_pg_opv3 to 2023-02-13T15:23:00+00:00, run_after=2023-02-14T15:23:00+00:00
[2023-02-13T22:32:55.399+0000] {processor.py:175} INFO - Processing /opt/airflow/dags/dag_with_pg_op.py took 0.165 seconds
[2023-02-13T22:33:26.131+0000] {processor.py:153} INFO - Started process (PID=1701) to work on /opt/airflow/dags/dag_with_pg_op.py
[2023-02-13T22:33:26.132+0000] {processor.py:743} INFO - Processing file /opt/airflow/dags/dag_with_pg_op.py for tasks to queue
[2023-02-13T22:33:26.132+0000] {logging_mixin.py:137} INFO - [2023-02-13T22:33:26.132+0000] {dagbag.py:538} INFO - Filling up the DagBag from /opt/airflow/dags/dag_with_pg_op.py
[2023-02-13T22:33:26.176+0000] {processor.py:753} INFO - DAG(s) dict_keys(['dag_pg_opv3']) retrieved from /opt/airflow/dags/dag_with_pg_op.py
[2023-02-13T22:33:26.210+0000] {logging_mixin.py:137} INFO - [2023-02-13T22:33:26.210+0000] {dag.py:2690} INFO - Sync 1 DAGs
[2023-02-13T22:33:26.250+0000] {logging_mixin.py:137} INFO - [2023-02-13T22:33:26.250+0000] {dag.py:3441} INFO - Setting next_dagrun for dag_pg_opv3 to 2023-02-13T15:23:00+00:00, run_after=2023-02-14T15:23:00+00:00
[2023-02-13T22:33:26.278+0000] {processor.py:175} INFO - Processing /opt/airflow/dags/dag_with_pg_op.py took 0.153 seconds
[2023-02-13T22:33:57.000+0000] {processor.py:153} INFO - Started process (PID=1750) to work on /opt/airflow/dags/dag_with_pg_op.py
[2023-02-13T22:33:57.001+0000] {processor.py:743} INFO - Processing file /opt/airflow/dags/dag_with_pg_op.py for tasks to queue
[2023-02-13T22:33:57.002+0000] {logging_mixin.py:137} INFO - [2023-02-13T22:33:57.002+0000] {dagbag.py:538} INFO - Filling up the DagBag from /opt/airflow/dags/dag_with_pg_op.py
[2023-02-13T22:33:57.040+0000] {processor.py:753} INFO - DAG(s) dict_keys(['dag_pg_opv3']) retrieved from /opt/airflow/dags/dag_with_pg_op.py
[2023-02-13T22:33:57.070+0000] {logging_mixin.py:137} INFO - [2023-02-13T22:33:57.070+0000] {dag.py:2690} INFO - Sync 1 DAGs
[2023-02-13T22:33:57.112+0000] {logging_mixin.py:137} INFO - [2023-02-13T22:33:57.112+0000] {dag.py:3441} INFO - Setting next_dagrun for dag_pg_opv3 to 2023-02-13T15:23:00+00:00, run_after=2023-02-14T15:23:00+00:00
[2023-02-13T22:33:57.151+0000] {processor.py:175} INFO - Processing /opt/airflow/dags/dag_with_pg_op.py took 0.154 seconds
[2023-02-13T22:34:28.069+0000] {processor.py:153} INFO - Started process (PID=1786) to work on /opt/airflow/dags/dag_with_pg_op.py
[2023-02-13T22:34:28.070+0000] {processor.py:743} INFO - Processing file /opt/airflow/dags/dag_with_pg_op.py for tasks to queue
[2023-02-13T22:34:28.071+0000] {logging_mixin.py:137} INFO - [2023-02-13T22:34:28.071+0000] {dagbag.py:538} INFO - Filling up the DagBag from /opt/airflow/dags/dag_with_pg_op.py
[2023-02-13T22:34:28.112+0000] {processor.py:753} INFO - DAG(s) dict_keys(['dag_pg_opv3']) retrieved from /opt/airflow/dags/dag_with_pg_op.py
[2023-02-13T22:34:28.144+0000] {logging_mixin.py:137} INFO - [2023-02-13T22:34:28.144+0000] {dag.py:2690} INFO - Sync 1 DAGs
[2023-02-13T22:34:28.183+0000] {logging_mixin.py:137} INFO - [2023-02-13T22:34:28.183+0000] {dag.py:3441} INFO - Setting next_dagrun for dag_pg_opv3 to 2023-02-13T15:23:00+00:00, run_after=2023-02-14T15:23:00+00:00
[2023-02-13T22:34:28.225+0000] {processor.py:175} INFO - Processing /opt/airflow/dags/dag_with_pg_op.py took 0.160 seconds
[2023-02-13T22:34:58.915+0000] {processor.py:153} INFO - Started process (PID=1822) to work on /opt/airflow/dags/dag_with_pg_op.py
[2023-02-13T22:34:58.917+0000] {processor.py:743} INFO - Processing file /opt/airflow/dags/dag_with_pg_op.py for tasks to queue
[2023-02-13T22:34:58.918+0000] {logging_mixin.py:137} INFO - [2023-02-13T22:34:58.918+0000] {dagbag.py:538} INFO - Filling up the DagBag from /opt/airflow/dags/dag_with_pg_op.py
[2023-02-13T22:34:58.962+0000] {processor.py:753} INFO - DAG(s) dict_keys(['dag_pg_opv3']) retrieved from /opt/airflow/dags/dag_with_pg_op.py
[2023-02-13T22:34:58.997+0000] {logging_mixin.py:137} INFO - [2023-02-13T22:34:58.996+0000] {dag.py:2690} INFO - Sync 1 DAGs
[2023-02-13T22:34:59.043+0000] {logging_mixin.py:137} INFO - [2023-02-13T22:34:59.042+0000] {dag.py:3441} INFO - Setting next_dagrun for dag_pg_opv3 to 2023-02-13T15:23:00+00:00, run_after=2023-02-14T15:23:00+00:00
[2023-02-13T22:34:59.096+0000] {processor.py:175} INFO - Processing /opt/airflow/dags/dag_with_pg_op.py took 0.187 seconds
[2023-02-13T22:35:29.821+0000] {processor.py:153} INFO - Started process (PID=1872) to work on /opt/airflow/dags/dag_with_pg_op.py
[2023-02-13T22:35:29.822+0000] {processor.py:743} INFO - Processing file /opt/airflow/dags/dag_with_pg_op.py for tasks to queue
[2023-02-13T22:35:29.823+0000] {logging_mixin.py:137} INFO - [2023-02-13T22:35:29.822+0000] {dagbag.py:538} INFO - Filling up the DagBag from /opt/airflow/dags/dag_with_pg_op.py
[2023-02-13T22:35:29.866+0000] {processor.py:753} INFO - DAG(s) dict_keys(['dag_pg_opv3']) retrieved from /opt/airflow/dags/dag_with_pg_op.py
[2023-02-13T22:35:29.895+0000] {logging_mixin.py:137} INFO - [2023-02-13T22:35:29.894+0000] {dag.py:2690} INFO - Sync 1 DAGs
[2023-02-13T22:35:29.938+0000] {logging_mixin.py:137} INFO - [2023-02-13T22:35:29.938+0000] {dag.py:3441} INFO - Setting next_dagrun for dag_pg_opv3 to 2023-02-13T15:23:00+00:00, run_after=2023-02-14T15:23:00+00:00
[2023-02-13T22:35:29.977+0000] {processor.py:175} INFO - Processing /opt/airflow/dags/dag_with_pg_op.py took 0.159 seconds
[2023-02-13T22:36:00.764+0000] {processor.py:153} INFO - Started process (PID=1908) to work on /opt/airflow/dags/dag_with_pg_op.py
[2023-02-13T22:36:00.768+0000] {processor.py:743} INFO - Processing file /opt/airflow/dags/dag_with_pg_op.py for tasks to queue
[2023-02-13T22:36:00.769+0000] {logging_mixin.py:137} INFO - [2023-02-13T22:36:00.769+0000] {dagbag.py:538} INFO - Filling up the DagBag from /opt/airflow/dags/dag_with_pg_op.py
[2023-02-13T22:36:00.825+0000] {processor.py:753} INFO - DAG(s) dict_keys(['dag_pg_opv3']) retrieved from /opt/airflow/dags/dag_with_pg_op.py
[2023-02-13T22:36:00.859+0000] {logging_mixin.py:137} INFO - [2023-02-13T22:36:00.859+0000] {dag.py:2690} INFO - Sync 1 DAGs
[2023-02-13T22:36:00.901+0000] {logging_mixin.py:137} INFO - [2023-02-13T22:36:00.901+0000] {dag.py:3441} INFO - Setting next_dagrun for dag_pg_opv3 to 2023-02-13T15:23:00+00:00, run_after=2023-02-14T15:23:00+00:00
[2023-02-13T22:36:00.941+0000] {processor.py:175} INFO - Processing /opt/airflow/dags/dag_with_pg_op.py took 0.182 seconds
[2023-02-13T22:36:31.639+0000] {processor.py:153} INFO - Started process (PID=1945) to work on /opt/airflow/dags/dag_with_pg_op.py
[2023-02-13T22:36:31.644+0000] {processor.py:743} INFO - Processing file /opt/airflow/dags/dag_with_pg_op.py for tasks to queue
[2023-02-13T22:36:31.645+0000] {logging_mixin.py:137} INFO - [2023-02-13T22:36:31.645+0000] {dagbag.py:538} INFO - Filling up the DagBag from /opt/airflow/dags/dag_with_pg_op.py
[2023-02-13T22:36:31.698+0000] {processor.py:753} INFO - DAG(s) dict_keys(['dag_pg_opv3']) retrieved from /opt/airflow/dags/dag_with_pg_op.py
[2023-02-13T22:36:31.727+0000] {logging_mixin.py:137} INFO - [2023-02-13T22:36:31.727+0000] {dag.py:2690} INFO - Sync 1 DAGs
[2023-02-13T22:36:31.764+0000] {logging_mixin.py:137} INFO - [2023-02-13T22:36:31.764+0000] {dag.py:3441} INFO - Setting next_dagrun for dag_pg_opv3 to 2023-02-13T15:23:00+00:00, run_after=2023-02-14T15:23:00+00:00
[2023-02-13T22:36:31.792+0000] {processor.py:175} INFO - Processing /opt/airflow/dags/dag_with_pg_op.py took 0.158 seconds
