[2023-02-13T07:42:27.961+0000] {processor.py:153} INFO - Started process (PID=45) to work on /opt/airflow/dags/dag_taskflow_api.py
[2023-02-13T07:42:27.962+0000] {processor.py:743} INFO - Processing file /opt/airflow/dags/dag_taskflow_api.py for tasks to queue
[2023-02-13T07:42:27.962+0000] {logging_mixin.py:137} INFO - [2023-02-13T07:42:27.962+0000] {dagbag.py:538} INFO - Filling up the DagBag from /opt/airflow/dags/dag_taskflow_api.py
[2023-02-13T07:42:27.983+0000] {logging_mixin.py:137} INFO - [2023-02-13T07:42:27.983+0000] {taskmixin.py:205} WARNING - Dependency <Task(_PythonDecoratedOperator): get_name>, greeting already registered for DAG: dag_taskflow_apiv1
[2023-02-13T07:42:27.983+0000] {logging_mixin.py:137} INFO - [2023-02-13T07:42:27.983+0000] {taskmixin.py:205} WARNING - Dependency <Task(_PythonDecoratedOperator): greeting>, get_name already registered for DAG: dag_taskflow_apiv1
[2023-02-13T07:42:27.987+0000] {processor.py:753} INFO - DAG(s) dict_keys(['dag_taskflow_apiv1']) retrieved from /opt/airflow/dags/dag_taskflow_api.py
[2023-02-13T07:42:28.008+0000] {logging_mixin.py:137} INFO - [2023-02-13T07:42:28.008+0000] {dag.py:2690} INFO - Sync 1 DAGs
[2023-02-13T07:42:28.032+0000] {logging_mixin.py:137} INFO - [2023-02-13T07:42:28.032+0000] {dag.py:3441} INFO - Setting next_dagrun for dag_taskflow_apiv1 to 2023-02-12T15:52:00+00:00, run_after=2023-02-13T15:52:00+00:00
[2023-02-13T07:42:28.051+0000] {processor.py:175} INFO - Processing /opt/airflow/dags/dag_taskflow_api.py took 0.093 seconds
[2023-02-13T07:42:58.855+0000] {processor.py:153} INFO - Started process (PID=95) to work on /opt/airflow/dags/dag_taskflow_api.py
[2023-02-13T07:42:58.857+0000] {processor.py:743} INFO - Processing file /opt/airflow/dags/dag_taskflow_api.py for tasks to queue
[2023-02-13T07:42:58.857+0000] {logging_mixin.py:137} INFO - [2023-02-13T07:42:58.857+0000] {dagbag.py:538} INFO - Filling up the DagBag from /opt/airflow/dags/dag_taskflow_api.py
[2023-02-13T07:42:58.887+0000] {logging_mixin.py:137} INFO - [2023-02-13T07:42:58.887+0000] {taskmixin.py:205} WARNING - Dependency <Task(_PythonDecoratedOperator): get_name>, greeting already registered for DAG: dag_taskflow_apiv1
[2023-02-13T07:42:58.887+0000] {logging_mixin.py:137} INFO - [2023-02-13T07:42:58.887+0000] {taskmixin.py:205} WARNING - Dependency <Task(_PythonDecoratedOperator): greeting>, get_name already registered for DAG: dag_taskflow_apiv1
[2023-02-13T07:42:58.894+0000] {processor.py:753} INFO - DAG(s) dict_keys(['dag_taskflow_apiv1']) retrieved from /opt/airflow/dags/dag_taskflow_api.py
[2023-02-13T07:42:58.924+0000] {logging_mixin.py:137} INFO - [2023-02-13T07:42:58.923+0000] {dag.py:2690} INFO - Sync 1 DAGs
[2023-02-13T07:42:58.966+0000] {logging_mixin.py:137} INFO - [2023-02-13T07:42:58.966+0000] {dag.py:3441} INFO - Setting next_dagrun for dag_taskflow_apiv1 to 2023-02-12T15:52:00+00:00, run_after=2023-02-13T15:52:00+00:00
[2023-02-13T07:42:58.996+0000] {processor.py:175} INFO - Processing /opt/airflow/dags/dag_taskflow_api.py took 0.144 seconds
[2023-02-13T07:54:42.916+0000] {processor.py:153} INFO - Started process (PID=39) to work on /opt/airflow/dags/dag_taskflow_api.py
[2023-02-13T07:54:42.917+0000] {processor.py:743} INFO - Processing file /opt/airflow/dags/dag_taskflow_api.py for tasks to queue
[2023-02-13T07:54:42.918+0000] {logging_mixin.py:137} INFO - [2023-02-13T07:54:42.917+0000] {dagbag.py:538} INFO - Filling up the DagBag from /opt/airflow/dags/dag_taskflow_api.py
[2023-02-13T07:54:42.940+0000] {logging_mixin.py:137} INFO - [2023-02-13T07:54:42.940+0000] {taskmixin.py:205} WARNING - Dependency <Task(_PythonDecoratedOperator): get_name>, greeting already registered for DAG: dag_taskflow_apiv1
[2023-02-13T07:54:42.940+0000] {logging_mixin.py:137} INFO - [2023-02-13T07:54:42.940+0000] {taskmixin.py:205} WARNING - Dependency <Task(_PythonDecoratedOperator): greeting>, get_name already registered for DAG: dag_taskflow_apiv1
[2023-02-13T07:54:42.945+0000] {processor.py:753} INFO - DAG(s) dict_keys(['dag_taskflow_apiv1']) retrieved from /opt/airflow/dags/dag_taskflow_api.py
[2023-02-13T07:54:42.972+0000] {logging_mixin.py:137} INFO - [2023-02-13T07:54:42.972+0000] {dag.py:2690} INFO - Sync 1 DAGs
[2023-02-13T07:54:43.001+0000] {logging_mixin.py:137} INFO - [2023-02-13T07:54:43.001+0000] {dag.py:3441} INFO - Setting next_dagrun for dag_taskflow_apiv1 to 2023-02-12T15:52:00+00:00, run_after=2023-02-13T15:52:00+00:00
[2023-02-13T07:54:43.026+0000] {processor.py:175} INFO - Processing /opt/airflow/dags/dag_taskflow_api.py took 0.113 seconds
[2023-02-13T17:53:41.368+0000] {processor.py:153} INFO - Started process (PID=43) to work on /opt/airflow/dags/dag_taskflow_api.py
[2023-02-13T17:53:41.369+0000] {processor.py:743} INFO - Processing file /opt/airflow/dags/dag_taskflow_api.py for tasks to queue
[2023-02-13T17:53:41.369+0000] {logging_mixin.py:137} INFO - [2023-02-13T17:53:41.369+0000] {dagbag.py:538} INFO - Filling up the DagBag from /opt/airflow/dags/dag_taskflow_api.py
[2023-02-13T17:53:41.393+0000] {logging_mixin.py:137} INFO - [2023-02-13T17:53:41.393+0000] {taskmixin.py:205} WARNING - Dependency <Task(_PythonDecoratedOperator): get_name>, greeting already registered for DAG: dag_taskflow_apiv1
[2023-02-13T17:53:41.393+0000] {logging_mixin.py:137} INFO - [2023-02-13T17:53:41.393+0000] {taskmixin.py:205} WARNING - Dependency <Task(_PythonDecoratedOperator): greeting>, get_name already registered for DAG: dag_taskflow_apiv1
[2023-02-13T17:53:41.398+0000] {processor.py:753} INFO - DAG(s) dict_keys(['dag_taskflow_apiv1']) retrieved from /opt/airflow/dags/dag_taskflow_api.py
[2023-02-13T17:53:41.421+0000] {logging_mixin.py:137} INFO - [2023-02-13T17:53:41.421+0000] {dag.py:2690} INFO - Sync 1 DAGs
[2023-02-13T17:53:41.448+0000] {logging_mixin.py:137} INFO - [2023-02-13T17:53:41.448+0000] {dag.py:3441} INFO - Setting next_dagrun for dag_taskflow_apiv1 to 2023-02-13T15:52:00+00:00, run_after=2023-02-14T15:52:00+00:00
[2023-02-13T17:53:41.470+0000] {processor.py:175} INFO - Processing /opt/airflow/dags/dag_taskflow_api.py took 0.105 seconds
[2023-02-13T22:12:18.250+0000] {processor.py:153} INFO - Started process (PID=39) to work on /opt/airflow/dags/dag_taskflow_api.py
[2023-02-13T22:12:18.251+0000] {processor.py:743} INFO - Processing file /opt/airflow/dags/dag_taskflow_api.py for tasks to queue
[2023-02-13T22:12:18.251+0000] {logging_mixin.py:137} INFO - [2023-02-13T22:12:18.251+0000] {dagbag.py:538} INFO - Filling up the DagBag from /opt/airflow/dags/dag_taskflow_api.py
[2023-02-13T22:12:18.274+0000] {logging_mixin.py:137} INFO - [2023-02-13T22:12:18.274+0000] {taskmixin.py:205} WARNING - Dependency <Task(_PythonDecoratedOperator): get_name>, greeting already registered for DAG: dag_taskflow_apiv1
[2023-02-13T22:12:18.274+0000] {logging_mixin.py:137} INFO - [2023-02-13T22:12:18.274+0000] {taskmixin.py:205} WARNING - Dependency <Task(_PythonDecoratedOperator): greeting>, get_name already registered for DAG: dag_taskflow_apiv1
[2023-02-13T22:12:18.283+0000] {processor.py:753} INFO - DAG(s) dict_keys(['dag_taskflow_apiv1']) retrieved from /opt/airflow/dags/dag_taskflow_api.py
[2023-02-13T22:12:18.305+0000] {logging_mixin.py:137} INFO - [2023-02-13T22:12:18.304+0000] {dag.py:2690} INFO - Sync 1 DAGs
[2023-02-13T22:12:18.329+0000] {logging_mixin.py:137} INFO - [2023-02-13T22:12:18.329+0000] {dag.py:3441} INFO - Setting next_dagrun for dag_taskflow_apiv1 to 2023-02-13T15:52:00+00:00, run_after=2023-02-14T15:52:00+00:00
[2023-02-13T22:12:18.356+0000] {processor.py:175} INFO - Processing /opt/airflow/dags/dag_taskflow_api.py took 0.108 seconds
[2023-02-13T22:12:49.145+0000] {processor.py:153} INFO - Started process (PID=88) to work on /opt/airflow/dags/dag_taskflow_api.py
[2023-02-13T22:12:49.147+0000] {processor.py:743} INFO - Processing file /opt/airflow/dags/dag_taskflow_api.py for tasks to queue
[2023-02-13T22:12:49.147+0000] {logging_mixin.py:137} INFO - [2023-02-13T22:12:49.147+0000] {dagbag.py:538} INFO - Filling up the DagBag from /opt/airflow/dags/dag_taskflow_api.py
[2023-02-13T22:12:49.181+0000] {logging_mixin.py:137} INFO - [2023-02-13T22:12:49.181+0000] {taskmixin.py:205} WARNING - Dependency <Task(_PythonDecoratedOperator): get_name>, greeting already registered for DAG: dag_taskflow_apiv1
[2023-02-13T22:12:49.181+0000] {logging_mixin.py:137} INFO - [2023-02-13T22:12:49.181+0000] {taskmixin.py:205} WARNING - Dependency <Task(_PythonDecoratedOperator): greeting>, get_name already registered for DAG: dag_taskflow_apiv1
[2023-02-13T22:12:49.187+0000] {processor.py:753} INFO - DAG(s) dict_keys(['dag_taskflow_apiv1']) retrieved from /opt/airflow/dags/dag_taskflow_api.py
[2023-02-13T22:12:49.217+0000] {logging_mixin.py:137} INFO - [2023-02-13T22:12:49.217+0000] {dag.py:2690} INFO - Sync 1 DAGs
[2023-02-13T22:12:49.253+0000] {logging_mixin.py:137} INFO - [2023-02-13T22:12:49.253+0000] {dag.py:3441} INFO - Setting next_dagrun for dag_taskflow_apiv1 to 2023-02-13T15:52:00+00:00, run_after=2023-02-14T15:52:00+00:00
[2023-02-13T22:12:49.277+0000] {processor.py:175} INFO - Processing /opt/airflow/dags/dag_taskflow_api.py took 0.137 seconds
[2023-02-13T22:13:20.219+0000] {processor.py:153} INFO - Started process (PID=125) to work on /opt/airflow/dags/dag_taskflow_api.py
[2023-02-13T22:13:20.220+0000] {processor.py:743} INFO - Processing file /opt/airflow/dags/dag_taskflow_api.py for tasks to queue
[2023-02-13T22:13:20.220+0000] {logging_mixin.py:137} INFO - [2023-02-13T22:13:20.220+0000] {dagbag.py:538} INFO - Filling up the DagBag from /opt/airflow/dags/dag_taskflow_api.py
[2023-02-13T22:13:20.244+0000] {logging_mixin.py:137} INFO - [2023-02-13T22:13:20.243+0000] {taskmixin.py:205} WARNING - Dependency <Task(_PythonDecoratedOperator): get_name>, greeting already registered for DAG: dag_taskflow_apiv1
[2023-02-13T22:13:20.244+0000] {logging_mixin.py:137} INFO - [2023-02-13T22:13:20.244+0000] {taskmixin.py:205} WARNING - Dependency <Task(_PythonDecoratedOperator): greeting>, get_name already registered for DAG: dag_taskflow_apiv1
[2023-02-13T22:13:20.250+0000] {processor.py:753} INFO - DAG(s) dict_keys(['dag_taskflow_apiv1']) retrieved from /opt/airflow/dags/dag_taskflow_api.py
[2023-02-13T22:13:20.281+0000] {logging_mixin.py:137} INFO - [2023-02-13T22:13:20.281+0000] {dag.py:2690} INFO - Sync 1 DAGs
[2023-02-13T22:13:20.321+0000] {logging_mixin.py:137} INFO - [2023-02-13T22:13:20.321+0000] {dag.py:3441} INFO - Setting next_dagrun for dag_taskflow_apiv1 to 2023-02-13T15:52:00+00:00, run_after=2023-02-14T15:52:00+00:00
[2023-02-13T22:13:20.350+0000] {processor.py:175} INFO - Processing /opt/airflow/dags/dag_taskflow_api.py took 0.134 seconds
[2023-02-13T22:13:51.167+0000] {processor.py:153} INFO - Started process (PID=161) to work on /opt/airflow/dags/dag_taskflow_api.py
[2023-02-13T22:13:51.168+0000] {processor.py:743} INFO - Processing file /opt/airflow/dags/dag_taskflow_api.py for tasks to queue
[2023-02-13T22:13:51.168+0000] {logging_mixin.py:137} INFO - [2023-02-13T22:13:51.168+0000] {dagbag.py:538} INFO - Filling up the DagBag from /opt/airflow/dags/dag_taskflow_api.py
[2023-02-13T22:13:51.192+0000] {logging_mixin.py:137} INFO - [2023-02-13T22:13:51.191+0000] {taskmixin.py:205} WARNING - Dependency <Task(_PythonDecoratedOperator): get_name>, greeting already registered for DAG: dag_taskflow_apiv1
[2023-02-13T22:13:51.192+0000] {logging_mixin.py:137} INFO - [2023-02-13T22:13:51.192+0000] {taskmixin.py:205} WARNING - Dependency <Task(_PythonDecoratedOperator): greeting>, get_name already registered for DAG: dag_taskflow_apiv1
[2023-02-13T22:13:51.198+0000] {processor.py:753} INFO - DAG(s) dict_keys(['dag_taskflow_apiv1']) retrieved from /opt/airflow/dags/dag_taskflow_api.py
[2023-02-13T22:13:51.229+0000] {logging_mixin.py:137} INFO - [2023-02-13T22:13:51.228+0000] {dag.py:2690} INFO - Sync 1 DAGs
[2023-02-13T22:13:51.268+0000] {logging_mixin.py:137} INFO - [2023-02-13T22:13:51.268+0000] {dag.py:3441} INFO - Setting next_dagrun for dag_taskflow_apiv1 to 2023-02-13T15:52:00+00:00, run_after=2023-02-14T15:52:00+00:00
[2023-02-13T22:13:51.294+0000] {processor.py:175} INFO - Processing /opt/airflow/dags/dag_taskflow_api.py took 0.131 seconds
[2023-02-13T22:14:21.985+0000] {processor.py:153} INFO - Started process (PID=210) to work on /opt/airflow/dags/dag_taskflow_api.py
[2023-02-13T22:14:21.986+0000] {processor.py:743} INFO - Processing file /opt/airflow/dags/dag_taskflow_api.py for tasks to queue
[2023-02-13T22:14:21.987+0000] {logging_mixin.py:137} INFO - [2023-02-13T22:14:21.986+0000] {dagbag.py:538} INFO - Filling up the DagBag from /opt/airflow/dags/dag_taskflow_api.py
[2023-02-13T22:14:22.008+0000] {logging_mixin.py:137} INFO - [2023-02-13T22:14:22.008+0000] {taskmixin.py:205} WARNING - Dependency <Task(_PythonDecoratedOperator): get_name>, greeting already registered for DAG: dag_taskflow_apiv1
[2023-02-13T22:14:22.009+0000] {logging_mixin.py:137} INFO - [2023-02-13T22:14:22.008+0000] {taskmixin.py:205} WARNING - Dependency <Task(_PythonDecoratedOperator): greeting>, get_name already registered for DAG: dag_taskflow_apiv1
[2023-02-13T22:14:22.014+0000] {processor.py:753} INFO - DAG(s) dict_keys(['dag_taskflow_apiv1']) retrieved from /opt/airflow/dags/dag_taskflow_api.py
[2023-02-13T22:14:22.049+0000] {logging_mixin.py:137} INFO - [2023-02-13T22:14:22.048+0000] {dag.py:2690} INFO - Sync 1 DAGs
[2023-02-13T22:14:22.084+0000] {logging_mixin.py:137} INFO - [2023-02-13T22:14:22.084+0000] {dag.py:3441} INFO - Setting next_dagrun for dag_taskflow_apiv1 to 2023-02-13T15:52:00+00:00, run_after=2023-02-14T15:52:00+00:00
[2023-02-13T22:14:22.107+0000] {processor.py:175} INFO - Processing /opt/airflow/dags/dag_taskflow_api.py took 0.125 seconds
[2023-02-13T22:14:52.192+0000] {processor.py:153} INFO - Started process (PID=246) to work on /opt/airflow/dags/dag_taskflow_api.py
[2023-02-13T22:14:52.193+0000] {processor.py:743} INFO - Processing file /opt/airflow/dags/dag_taskflow_api.py for tasks to queue
[2023-02-13T22:14:52.194+0000] {logging_mixin.py:137} INFO - [2023-02-13T22:14:52.194+0000] {dagbag.py:538} INFO - Filling up the DagBag from /opt/airflow/dags/dag_taskflow_api.py
[2023-02-13T22:14:52.231+0000] {logging_mixin.py:137} INFO - [2023-02-13T22:14:52.231+0000] {taskmixin.py:205} WARNING - Dependency <Task(_PythonDecoratedOperator): get_name>, greeting already registered for DAG: dag_taskflow_apiv1
[2023-02-13T22:14:52.232+0000] {logging_mixin.py:137} INFO - [2023-02-13T22:14:52.232+0000] {taskmixin.py:205} WARNING - Dependency <Task(_PythonDecoratedOperator): greeting>, get_name already registered for DAG: dag_taskflow_apiv1
[2023-02-13T22:14:52.238+0000] {processor.py:753} INFO - DAG(s) dict_keys(['dag_taskflow_apiv1']) retrieved from /opt/airflow/dags/dag_taskflow_api.py
[2023-02-13T22:14:52.271+0000] {logging_mixin.py:137} INFO - [2023-02-13T22:14:52.271+0000] {dag.py:2690} INFO - Sync 1 DAGs
[2023-02-13T22:14:52.310+0000] {logging_mixin.py:137} INFO - [2023-02-13T22:14:52.310+0000] {dag.py:3441} INFO - Setting next_dagrun for dag_taskflow_apiv1 to 2023-02-13T15:52:00+00:00, run_after=2023-02-14T15:52:00+00:00
[2023-02-13T22:14:52.350+0000] {processor.py:175} INFO - Processing /opt/airflow/dags/dag_taskflow_api.py took 0.163 seconds
[2023-02-13T22:15:23.266+0000] {processor.py:153} INFO - Started process (PID=283) to work on /opt/airflow/dags/dag_taskflow_api.py
[2023-02-13T22:15:23.267+0000] {processor.py:743} INFO - Processing file /opt/airflow/dags/dag_taskflow_api.py for tasks to queue
[2023-02-13T22:15:23.268+0000] {logging_mixin.py:137} INFO - [2023-02-13T22:15:23.268+0000] {dagbag.py:538} INFO - Filling up the DagBag from /opt/airflow/dags/dag_taskflow_api.py
[2023-02-13T22:15:23.291+0000] {logging_mixin.py:137} INFO - [2023-02-13T22:15:23.291+0000] {taskmixin.py:205} WARNING - Dependency <Task(_PythonDecoratedOperator): get_name>, greeting already registered for DAG: dag_taskflow_apiv1
[2023-02-13T22:15:23.292+0000] {logging_mixin.py:137} INFO - [2023-02-13T22:15:23.292+0000] {taskmixin.py:205} WARNING - Dependency <Task(_PythonDecoratedOperator): greeting>, get_name already registered for DAG: dag_taskflow_apiv1
[2023-02-13T22:15:23.298+0000] {processor.py:753} INFO - DAG(s) dict_keys(['dag_taskflow_apiv1']) retrieved from /opt/airflow/dags/dag_taskflow_api.py
[2023-02-13T22:15:23.326+0000] {logging_mixin.py:137} INFO - [2023-02-13T22:15:23.326+0000] {dag.py:2690} INFO - Sync 1 DAGs
[2023-02-13T22:15:23.365+0000] {logging_mixin.py:137} INFO - [2023-02-13T22:15:23.365+0000] {dag.py:3441} INFO - Setting next_dagrun for dag_taskflow_apiv1 to 2023-02-13T15:52:00+00:00, run_after=2023-02-14T15:52:00+00:00
[2023-02-13T22:15:23.393+0000] {processor.py:175} INFO - Processing /opt/airflow/dags/dag_taskflow_api.py took 0.132 seconds
[2023-02-13T22:15:54.091+0000] {processor.py:153} INFO - Started process (PID=335) to work on /opt/airflow/dags/dag_taskflow_api.py
[2023-02-13T22:15:54.092+0000] {processor.py:743} INFO - Processing file /opt/airflow/dags/dag_taskflow_api.py for tasks to queue
[2023-02-13T22:15:54.093+0000] {logging_mixin.py:137} INFO - [2023-02-13T22:15:54.093+0000] {dagbag.py:538} INFO - Filling up the DagBag from /opt/airflow/dags/dag_taskflow_api.py
[2023-02-13T22:15:54.122+0000] {logging_mixin.py:137} INFO - [2023-02-13T22:15:54.122+0000] {taskmixin.py:205} WARNING - Dependency <Task(_PythonDecoratedOperator): get_name>, greeting already registered for DAG: dag_taskflow_apiv1
[2023-02-13T22:15:54.122+0000] {logging_mixin.py:137} INFO - [2023-02-13T22:15:54.122+0000] {taskmixin.py:205} WARNING - Dependency <Task(_PythonDecoratedOperator): greeting>, get_name already registered for DAG: dag_taskflow_apiv1
[2023-02-13T22:15:54.128+0000] {processor.py:753} INFO - DAG(s) dict_keys(['dag_taskflow_apiv1']) retrieved from /opt/airflow/dags/dag_taskflow_api.py
[2023-02-13T22:15:54.158+0000] {logging_mixin.py:137} INFO - [2023-02-13T22:15:54.158+0000] {dag.py:2690} INFO - Sync 1 DAGs
[2023-02-13T22:15:54.213+0000] {logging_mixin.py:137} INFO - [2023-02-13T22:15:54.213+0000] {dag.py:3441} INFO - Setting next_dagrun for dag_taskflow_apiv1 to 2023-02-13T15:52:00+00:00, run_after=2023-02-14T15:52:00+00:00
[2023-02-13T22:15:54.248+0000] {processor.py:175} INFO - Processing /opt/airflow/dags/dag_taskflow_api.py took 0.162 seconds
[2023-02-13T22:16:25.027+0000] {processor.py:153} INFO - Started process (PID=371) to work on /opt/airflow/dags/dag_taskflow_api.py
[2023-02-13T22:16:25.028+0000] {processor.py:743} INFO - Processing file /opt/airflow/dags/dag_taskflow_api.py for tasks to queue
[2023-02-13T22:16:25.029+0000] {logging_mixin.py:137} INFO - [2023-02-13T22:16:25.029+0000] {dagbag.py:538} INFO - Filling up the DagBag from /opt/airflow/dags/dag_taskflow_api.py
[2023-02-13T22:16:25.054+0000] {logging_mixin.py:137} INFO - [2023-02-13T22:16:25.054+0000] {taskmixin.py:205} WARNING - Dependency <Task(_PythonDecoratedOperator): get_name>, greeting already registered for DAG: dag_taskflow_apiv1
[2023-02-13T22:16:25.054+0000] {logging_mixin.py:137} INFO - [2023-02-13T22:16:25.054+0000] {taskmixin.py:205} WARNING - Dependency <Task(_PythonDecoratedOperator): greeting>, get_name already registered for DAG: dag_taskflow_apiv1
[2023-02-13T22:16:25.061+0000] {processor.py:753} INFO - DAG(s) dict_keys(['dag_taskflow_apiv1']) retrieved from /opt/airflow/dags/dag_taskflow_api.py
[2023-02-13T22:16:25.095+0000] {logging_mixin.py:137} INFO - [2023-02-13T22:16:25.095+0000] {dag.py:2690} INFO - Sync 1 DAGs
[2023-02-13T22:16:25.136+0000] {logging_mixin.py:137} INFO - [2023-02-13T22:16:25.136+0000] {dag.py:3441} INFO - Setting next_dagrun for dag_taskflow_apiv1 to 2023-02-13T15:52:00+00:00, run_after=2023-02-14T15:52:00+00:00
[2023-02-13T22:16:25.166+0000] {processor.py:175} INFO - Processing /opt/airflow/dags/dag_taskflow_api.py took 0.142 seconds
[2023-02-13T22:16:55.959+0000] {processor.py:153} INFO - Started process (PID=407) to work on /opt/airflow/dags/dag_taskflow_api.py
[2023-02-13T22:16:55.961+0000] {processor.py:743} INFO - Processing file /opt/airflow/dags/dag_taskflow_api.py for tasks to queue
[2023-02-13T22:16:55.962+0000] {logging_mixin.py:137} INFO - [2023-02-13T22:16:55.961+0000] {dagbag.py:538} INFO - Filling up the DagBag from /opt/airflow/dags/dag_taskflow_api.py
[2023-02-13T22:16:55.998+0000] {logging_mixin.py:137} INFO - [2023-02-13T22:16:55.998+0000] {taskmixin.py:205} WARNING - Dependency <Task(_PythonDecoratedOperator): get_name>, greeting already registered for DAG: dag_taskflow_apiv1
[2023-02-13T22:16:55.998+0000] {logging_mixin.py:137} INFO - [2023-02-13T22:16:55.998+0000] {taskmixin.py:205} WARNING - Dependency <Task(_PythonDecoratedOperator): greeting>, get_name already registered for DAG: dag_taskflow_apiv1
[2023-02-13T22:16:56.005+0000] {processor.py:753} INFO - DAG(s) dict_keys(['dag_taskflow_apiv1']) retrieved from /opt/airflow/dags/dag_taskflow_api.py
[2023-02-13T22:16:56.039+0000] {logging_mixin.py:137} INFO - [2023-02-13T22:16:56.039+0000] {dag.py:2690} INFO - Sync 1 DAGs
[2023-02-13T22:16:56.080+0000] {logging_mixin.py:137} INFO - [2023-02-13T22:16:56.080+0000] {dag.py:3441} INFO - Setting next_dagrun for dag_taskflow_apiv1 to 2023-02-13T15:52:00+00:00, run_after=2023-02-14T15:52:00+00:00
[2023-02-13T22:16:56.109+0000] {processor.py:175} INFO - Processing /opt/airflow/dags/dag_taskflow_api.py took 0.155 seconds
[2023-02-13T22:17:26.848+0000] {processor.py:153} INFO - Started process (PID=456) to work on /opt/airflow/dags/dag_taskflow_api.py
[2023-02-13T22:17:26.849+0000] {processor.py:743} INFO - Processing file /opt/airflow/dags/dag_taskflow_api.py for tasks to queue
[2023-02-13T22:17:26.850+0000] {logging_mixin.py:137} INFO - [2023-02-13T22:17:26.850+0000] {dagbag.py:538} INFO - Filling up the DagBag from /opt/airflow/dags/dag_taskflow_api.py
[2023-02-13T22:17:26.877+0000] {logging_mixin.py:137} INFO - [2023-02-13T22:17:26.876+0000] {taskmixin.py:205} WARNING - Dependency <Task(_PythonDecoratedOperator): get_name>, greeting already registered for DAG: dag_taskflow_apiv1
[2023-02-13T22:17:26.877+0000] {logging_mixin.py:137} INFO - [2023-02-13T22:17:26.877+0000] {taskmixin.py:205} WARNING - Dependency <Task(_PythonDecoratedOperator): greeting>, get_name already registered for DAG: dag_taskflow_apiv1
[2023-02-13T22:17:26.884+0000] {processor.py:753} INFO - DAG(s) dict_keys(['dag_taskflow_apiv1']) retrieved from /opt/airflow/dags/dag_taskflow_api.py
[2023-02-13T22:17:26.914+0000] {logging_mixin.py:137} INFO - [2023-02-13T22:17:26.914+0000] {dag.py:2690} INFO - Sync 1 DAGs
[2023-02-13T22:17:26.952+0000] {logging_mixin.py:137} INFO - [2023-02-13T22:17:26.952+0000] {dag.py:3441} INFO - Setting next_dagrun for dag_taskflow_apiv1 to 2023-02-13T15:52:00+00:00, run_after=2023-02-14T15:52:00+00:00
[2023-02-13T22:17:26.982+0000] {processor.py:175} INFO - Processing /opt/airflow/dags/dag_taskflow_api.py took 0.137 seconds
[2023-02-13T22:17:57.715+0000] {processor.py:153} INFO - Started process (PID=492) to work on /opt/airflow/dags/dag_taskflow_api.py
[2023-02-13T22:17:57.716+0000] {processor.py:743} INFO - Processing file /opt/airflow/dags/dag_taskflow_api.py for tasks to queue
[2023-02-13T22:17:57.717+0000] {logging_mixin.py:137} INFO - [2023-02-13T22:17:57.717+0000] {dagbag.py:538} INFO - Filling up the DagBag from /opt/airflow/dags/dag_taskflow_api.py
[2023-02-13T22:17:57.743+0000] {logging_mixin.py:137} INFO - [2023-02-13T22:17:57.743+0000] {taskmixin.py:205} WARNING - Dependency <Task(_PythonDecoratedOperator): get_name>, greeting already registered for DAG: dag_taskflow_apiv1
[2023-02-13T22:17:57.743+0000] {logging_mixin.py:137} INFO - [2023-02-13T22:17:57.743+0000] {taskmixin.py:205} WARNING - Dependency <Task(_PythonDecoratedOperator): greeting>, get_name already registered for DAG: dag_taskflow_apiv1
[2023-02-13T22:17:57.750+0000] {processor.py:753} INFO - DAG(s) dict_keys(['dag_taskflow_apiv1']) retrieved from /opt/airflow/dags/dag_taskflow_api.py
[2023-02-13T22:17:57.781+0000] {logging_mixin.py:137} INFO - [2023-02-13T22:17:57.781+0000] {dag.py:2690} INFO - Sync 1 DAGs
[2023-02-13T22:17:57.822+0000] {logging_mixin.py:137} INFO - [2023-02-13T22:17:57.822+0000] {dag.py:3441} INFO - Setting next_dagrun for dag_taskflow_apiv1 to 2023-02-13T15:52:00+00:00, run_after=2023-02-14T15:52:00+00:00
[2023-02-13T22:17:57.851+0000] {processor.py:175} INFO - Processing /opt/airflow/dags/dag_taskflow_api.py took 0.141 seconds
[2023-02-13T22:18:28.649+0000] {processor.py:153} INFO - Started process (PID=533) to work on /opt/airflow/dags/dag_taskflow_api.py
[2023-02-13T22:18:28.651+0000] {processor.py:743} INFO - Processing file /opt/airflow/dags/dag_taskflow_api.py for tasks to queue
[2023-02-13T22:18:28.651+0000] {logging_mixin.py:137} INFO - [2023-02-13T22:18:28.651+0000] {dagbag.py:538} INFO - Filling up the DagBag from /opt/airflow/dags/dag_taskflow_api.py
[2023-02-13T22:18:28.678+0000] {logging_mixin.py:137} INFO - [2023-02-13T22:18:28.678+0000] {taskmixin.py:205} WARNING - Dependency <Task(_PythonDecoratedOperator): get_name>, greeting already registered for DAG: dag_taskflow_apiv1
[2023-02-13T22:18:28.678+0000] {logging_mixin.py:137} INFO - [2023-02-13T22:18:28.678+0000] {taskmixin.py:205} WARNING - Dependency <Task(_PythonDecoratedOperator): greeting>, get_name already registered for DAG: dag_taskflow_apiv1
[2023-02-13T22:18:28.685+0000] {processor.py:753} INFO - DAG(s) dict_keys(['dag_taskflow_apiv1']) retrieved from /opt/airflow/dags/dag_taskflow_api.py
[2023-02-13T22:18:28.718+0000] {logging_mixin.py:137} INFO - [2023-02-13T22:18:28.718+0000] {dag.py:2690} INFO - Sync 1 DAGs
[2023-02-13T22:18:28.759+0000] {logging_mixin.py:137} INFO - [2023-02-13T22:18:28.759+0000] {dag.py:3441} INFO - Setting next_dagrun for dag_taskflow_apiv1 to 2023-02-13T15:52:00+00:00, run_after=2023-02-14T15:52:00+00:00
[2023-02-13T22:18:28.794+0000] {processor.py:175} INFO - Processing /opt/airflow/dags/dag_taskflow_api.py took 0.149 seconds
[2023-02-13T22:18:59.636+0000] {processor.py:153} INFO - Started process (PID=577) to work on /opt/airflow/dags/dag_taskflow_api.py
[2023-02-13T22:18:59.637+0000] {processor.py:743} INFO - Processing file /opt/airflow/dags/dag_taskflow_api.py for tasks to queue
[2023-02-13T22:18:59.637+0000] {logging_mixin.py:137} INFO - [2023-02-13T22:18:59.637+0000] {dagbag.py:538} INFO - Filling up the DagBag from /opt/airflow/dags/dag_taskflow_api.py
[2023-02-13T22:18:59.660+0000] {logging_mixin.py:137} INFO - [2023-02-13T22:18:59.660+0000] {taskmixin.py:205} WARNING - Dependency <Task(_PythonDecoratedOperator): get_name>, greeting already registered for DAG: dag_taskflow_apiv1
[2023-02-13T22:18:59.660+0000] {logging_mixin.py:137} INFO - [2023-02-13T22:18:59.660+0000] {taskmixin.py:205} WARNING - Dependency <Task(_PythonDecoratedOperator): greeting>, get_name already registered for DAG: dag_taskflow_apiv1
[2023-02-13T22:18:59.666+0000] {processor.py:753} INFO - DAG(s) dict_keys(['dag_taskflow_apiv1']) retrieved from /opt/airflow/dags/dag_taskflow_api.py
[2023-02-13T22:18:59.699+0000] {logging_mixin.py:137} INFO - [2023-02-13T22:18:59.699+0000] {dag.py:2690} INFO - Sync 1 DAGs
[2023-02-13T22:18:59.738+0000] {logging_mixin.py:137} INFO - [2023-02-13T22:18:59.738+0000] {dag.py:3441} INFO - Setting next_dagrun for dag_taskflow_apiv1 to 2023-02-13T15:52:00+00:00, run_after=2023-02-14T15:52:00+00:00
[2023-02-13T22:18:59.767+0000] {processor.py:175} INFO - Processing /opt/airflow/dags/dag_taskflow_api.py took 0.134 seconds
[2023-02-13T22:19:30.519+0000] {processor.py:153} INFO - Started process (PID=613) to work on /opt/airflow/dags/dag_taskflow_api.py
[2023-02-13T22:19:30.519+0000] {processor.py:743} INFO - Processing file /opt/airflow/dags/dag_taskflow_api.py for tasks to queue
[2023-02-13T22:19:30.520+0000] {logging_mixin.py:137} INFO - [2023-02-13T22:19:30.520+0000] {dagbag.py:538} INFO - Filling up the DagBag from /opt/airflow/dags/dag_taskflow_api.py
[2023-02-13T22:19:30.544+0000] {logging_mixin.py:137} INFO - [2023-02-13T22:19:30.544+0000] {taskmixin.py:205} WARNING - Dependency <Task(_PythonDecoratedOperator): get_name>, greeting already registered for DAG: dag_taskflow_apiv1
[2023-02-13T22:19:30.544+0000] {logging_mixin.py:137} INFO - [2023-02-13T22:19:30.544+0000] {taskmixin.py:205} WARNING - Dependency <Task(_PythonDecoratedOperator): greeting>, get_name already registered for DAG: dag_taskflow_apiv1
[2023-02-13T22:19:30.550+0000] {processor.py:753} INFO - DAG(s) dict_keys(['dag_taskflow_apiv1']) retrieved from /opt/airflow/dags/dag_taskflow_api.py
[2023-02-13T22:19:30.583+0000] {logging_mixin.py:137} INFO - [2023-02-13T22:19:30.583+0000] {dag.py:2690} INFO - Sync 1 DAGs
[2023-02-13T22:19:30.622+0000] {logging_mixin.py:137} INFO - [2023-02-13T22:19:30.621+0000] {dag.py:3441} INFO - Setting next_dagrun for dag_taskflow_apiv1 to 2023-02-13T15:52:00+00:00, run_after=2023-02-14T15:52:00+00:00
[2023-02-13T22:19:30.651+0000] {processor.py:175} INFO - Processing /opt/airflow/dags/dag_taskflow_api.py took 0.136 seconds
[2023-02-13T22:20:01.397+0000] {processor.py:153} INFO - Started process (PID=649) to work on /opt/airflow/dags/dag_taskflow_api.py
[2023-02-13T22:20:01.398+0000] {processor.py:743} INFO - Processing file /opt/airflow/dags/dag_taskflow_api.py for tasks to queue
[2023-02-13T22:20:01.398+0000] {logging_mixin.py:137} INFO - [2023-02-13T22:20:01.398+0000] {dagbag.py:538} INFO - Filling up the DagBag from /opt/airflow/dags/dag_taskflow_api.py
[2023-02-13T22:20:01.430+0000] {logging_mixin.py:137} INFO - [2023-02-13T22:20:01.430+0000] {taskmixin.py:205} WARNING - Dependency <Task(_PythonDecoratedOperator): get_name>, greeting already registered for DAG: dag_taskflow_apiv1
[2023-02-13T22:20:01.431+0000] {logging_mixin.py:137} INFO - [2023-02-13T22:20:01.431+0000] {taskmixin.py:205} WARNING - Dependency <Task(_PythonDecoratedOperator): greeting>, get_name already registered for DAG: dag_taskflow_apiv1
[2023-02-13T22:20:01.441+0000] {processor.py:753} INFO - DAG(s) dict_keys(['dag_taskflow_apiv1']) retrieved from /opt/airflow/dags/dag_taskflow_api.py
[2023-02-13T22:20:01.476+0000] {logging_mixin.py:137} INFO - [2023-02-13T22:20:01.475+0000] {dag.py:2690} INFO - Sync 1 DAGs
[2023-02-13T22:20:01.521+0000] {logging_mixin.py:137} INFO - [2023-02-13T22:20:01.521+0000] {dag.py:3441} INFO - Setting next_dagrun for dag_taskflow_apiv1 to 2023-02-13T15:52:00+00:00, run_after=2023-02-14T15:52:00+00:00
[2023-02-13T22:20:01.557+0000] {processor.py:175} INFO - Processing /opt/airflow/dags/dag_taskflow_api.py took 0.166 seconds
[2023-02-13T22:20:32.375+0000] {processor.py:153} INFO - Started process (PID=699) to work on /opt/airflow/dags/dag_taskflow_api.py
[2023-02-13T22:20:32.375+0000] {processor.py:743} INFO - Processing file /opt/airflow/dags/dag_taskflow_api.py for tasks to queue
[2023-02-13T22:20:32.376+0000] {logging_mixin.py:137} INFO - [2023-02-13T22:20:32.376+0000] {dagbag.py:538} INFO - Filling up the DagBag from /opt/airflow/dags/dag_taskflow_api.py
[2023-02-13T22:20:32.401+0000] {logging_mixin.py:137} INFO - [2023-02-13T22:20:32.401+0000] {taskmixin.py:205} WARNING - Dependency <Task(_PythonDecoratedOperator): get_name>, greeting already registered for DAG: dag_taskflow_apiv1
[2023-02-13T22:20:32.402+0000] {logging_mixin.py:137} INFO - [2023-02-13T22:20:32.402+0000] {taskmixin.py:205} WARNING - Dependency <Task(_PythonDecoratedOperator): greeting>, get_name already registered for DAG: dag_taskflow_apiv1
[2023-02-13T22:20:32.408+0000] {processor.py:753} INFO - DAG(s) dict_keys(['dag_taskflow_apiv1']) retrieved from /opt/airflow/dags/dag_taskflow_api.py
[2023-02-13T22:20:32.441+0000] {logging_mixin.py:137} INFO - [2023-02-13T22:20:32.441+0000] {dag.py:2690} INFO - Sync 1 DAGs
[2023-02-13T22:20:32.480+0000] {logging_mixin.py:137} INFO - [2023-02-13T22:20:32.480+0000] {dag.py:3441} INFO - Setting next_dagrun for dag_taskflow_apiv1 to 2023-02-13T15:52:00+00:00, run_after=2023-02-14T15:52:00+00:00
[2023-02-13T22:20:32.512+0000] {processor.py:175} INFO - Processing /opt/airflow/dags/dag_taskflow_api.py took 0.141 seconds
[2023-02-13T22:21:03.470+0000] {processor.py:153} INFO - Started process (PID=733) to work on /opt/airflow/dags/dag_taskflow_api.py
[2023-02-13T22:21:03.471+0000] {processor.py:743} INFO - Processing file /opt/airflow/dags/dag_taskflow_api.py for tasks to queue
[2023-02-13T22:21:03.471+0000] {logging_mixin.py:137} INFO - [2023-02-13T22:21:03.471+0000] {dagbag.py:538} INFO - Filling up the DagBag from /opt/airflow/dags/dag_taskflow_api.py
[2023-02-13T22:21:03.496+0000] {logging_mixin.py:137} INFO - [2023-02-13T22:21:03.496+0000] {taskmixin.py:205} WARNING - Dependency <Task(_PythonDecoratedOperator): get_name>, greeting already registered for DAG: dag_taskflow_apiv1
[2023-02-13T22:21:03.496+0000] {logging_mixin.py:137} INFO - [2023-02-13T22:21:03.496+0000] {taskmixin.py:205} WARNING - Dependency <Task(_PythonDecoratedOperator): greeting>, get_name already registered for DAG: dag_taskflow_apiv1
[2023-02-13T22:21:03.502+0000] {processor.py:753} INFO - DAG(s) dict_keys(['dag_taskflow_apiv1']) retrieved from /opt/airflow/dags/dag_taskflow_api.py
[2023-02-13T22:21:03.533+0000] {logging_mixin.py:137} INFO - [2023-02-13T22:21:03.533+0000] {dag.py:2690} INFO - Sync 1 DAGs
[2023-02-13T22:21:03.573+0000] {logging_mixin.py:137} INFO - [2023-02-13T22:21:03.573+0000] {dag.py:3441} INFO - Setting next_dagrun for dag_taskflow_apiv1 to 2023-02-13T15:52:00+00:00, run_after=2023-02-14T15:52:00+00:00
[2023-02-13T22:21:03.601+0000] {processor.py:175} INFO - Processing /opt/airflow/dags/dag_taskflow_api.py took 0.135 seconds
[2023-02-13T22:21:34.357+0000] {processor.py:153} INFO - Started process (PID=778) to work on /opt/airflow/dags/dag_taskflow_api.py
[2023-02-13T22:21:34.358+0000] {processor.py:743} INFO - Processing file /opt/airflow/dags/dag_taskflow_api.py for tasks to queue
[2023-02-13T22:21:34.358+0000] {logging_mixin.py:137} INFO - [2023-02-13T22:21:34.358+0000] {dagbag.py:538} INFO - Filling up the DagBag from /opt/airflow/dags/dag_taskflow_api.py
[2023-02-13T22:21:34.389+0000] {logging_mixin.py:137} INFO - [2023-02-13T22:21:34.389+0000] {taskmixin.py:205} WARNING - Dependency <Task(_PythonDecoratedOperator): get_name>, greeting already registered for DAG: dag_taskflow_apiv1
[2023-02-13T22:21:34.389+0000] {logging_mixin.py:137} INFO - [2023-02-13T22:21:34.389+0000] {taskmixin.py:205} WARNING - Dependency <Task(_PythonDecoratedOperator): greeting>, get_name already registered for DAG: dag_taskflow_apiv1
[2023-02-13T22:21:34.398+0000] {processor.py:753} INFO - DAG(s) dict_keys(['dag_taskflow_apiv1']) retrieved from /opt/airflow/dags/dag_taskflow_api.py
[2023-02-13T22:21:34.439+0000] {logging_mixin.py:137} INFO - [2023-02-13T22:21:34.439+0000] {dag.py:2690} INFO - Sync 1 DAGs
[2023-02-13T22:21:34.484+0000] {logging_mixin.py:137} INFO - [2023-02-13T22:21:34.484+0000] {dag.py:3441} INFO - Setting next_dagrun for dag_taskflow_apiv1 to 2023-02-13T15:52:00+00:00, run_after=2023-02-14T15:52:00+00:00
[2023-02-13T22:21:34.525+0000] {processor.py:175} INFO - Processing /opt/airflow/dags/dag_taskflow_api.py took 0.172 seconds
[2023-02-13T22:22:05.260+0000] {processor.py:153} INFO - Started process (PID=819) to work on /opt/airflow/dags/dag_taskflow_api.py
[2023-02-13T22:22:05.261+0000] {processor.py:743} INFO - Processing file /opt/airflow/dags/dag_taskflow_api.py for tasks to queue
[2023-02-13T22:22:05.262+0000] {logging_mixin.py:137} INFO - [2023-02-13T22:22:05.262+0000] {dagbag.py:538} INFO - Filling up the DagBag from /opt/airflow/dags/dag_taskflow_api.py
[2023-02-13T22:22:05.286+0000] {logging_mixin.py:137} INFO - [2023-02-13T22:22:05.286+0000] {taskmixin.py:205} WARNING - Dependency <Task(_PythonDecoratedOperator): get_name>, greeting already registered for DAG: dag_taskflow_apiv1
[2023-02-13T22:22:05.286+0000] {logging_mixin.py:137} INFO - [2023-02-13T22:22:05.286+0000] {taskmixin.py:205} WARNING - Dependency <Task(_PythonDecoratedOperator): greeting>, get_name already registered for DAG: dag_taskflow_apiv1
[2023-02-13T22:22:05.293+0000] {processor.py:753} INFO - DAG(s) dict_keys(['dag_taskflow_apiv1']) retrieved from /opt/airflow/dags/dag_taskflow_api.py
[2023-02-13T22:22:05.333+0000] {logging_mixin.py:137} INFO - [2023-02-13T22:22:05.333+0000] {dag.py:2690} INFO - Sync 1 DAGs
[2023-02-13T22:22:05.374+0000] {logging_mixin.py:137} INFO - [2023-02-13T22:22:05.374+0000] {dag.py:3441} INFO - Setting next_dagrun for dag_taskflow_apiv1 to 2023-02-13T15:52:00+00:00, run_after=2023-02-14T15:52:00+00:00
[2023-02-13T22:22:05.402+0000] {processor.py:175} INFO - Processing /opt/airflow/dags/dag_taskflow_api.py took 0.146 seconds
[2023-02-13T22:22:36.163+0000] {processor.py:153} INFO - Started process (PID=856) to work on /opt/airflow/dags/dag_taskflow_api.py
[2023-02-13T22:22:36.164+0000] {processor.py:743} INFO - Processing file /opt/airflow/dags/dag_taskflow_api.py for tasks to queue
[2023-02-13T22:22:36.165+0000] {logging_mixin.py:137} INFO - [2023-02-13T22:22:36.164+0000] {dagbag.py:538} INFO - Filling up the DagBag from /opt/airflow/dags/dag_taskflow_api.py
[2023-02-13T22:22:36.189+0000] {logging_mixin.py:137} INFO - [2023-02-13T22:22:36.189+0000] {taskmixin.py:205} WARNING - Dependency <Task(_PythonDecoratedOperator): get_name>, greeting already registered for DAG: dag_taskflow_apiv1
[2023-02-13T22:22:36.190+0000] {logging_mixin.py:137} INFO - [2023-02-13T22:22:36.190+0000] {taskmixin.py:205} WARNING - Dependency <Task(_PythonDecoratedOperator): greeting>, get_name already registered for DAG: dag_taskflow_apiv1
[2023-02-13T22:22:36.197+0000] {processor.py:753} INFO - DAG(s) dict_keys(['dag_taskflow_apiv1']) retrieved from /opt/airflow/dags/dag_taskflow_api.py
[2023-02-13T22:22:36.230+0000] {logging_mixin.py:137} INFO - [2023-02-13T22:22:36.230+0000] {dag.py:2690} INFO - Sync 1 DAGs
[2023-02-13T22:22:36.270+0000] {logging_mixin.py:137} INFO - [2023-02-13T22:22:36.270+0000] {dag.py:3441} INFO - Setting next_dagrun for dag_taskflow_apiv1 to 2023-02-13T15:52:00+00:00, run_after=2023-02-14T15:52:00+00:00
[2023-02-13T22:22:36.309+0000] {processor.py:175} INFO - Processing /opt/airflow/dags/dag_taskflow_api.py took 0.150 seconds
[2023-02-13T22:23:07.135+0000] {processor.py:153} INFO - Started process (PID=902) to work on /opt/airflow/dags/dag_taskflow_api.py
[2023-02-13T22:23:07.136+0000] {processor.py:743} INFO - Processing file /opt/airflow/dags/dag_taskflow_api.py for tasks to queue
[2023-02-13T22:23:07.137+0000] {logging_mixin.py:137} INFO - [2023-02-13T22:23:07.137+0000] {dagbag.py:538} INFO - Filling up the DagBag from /opt/airflow/dags/dag_taskflow_api.py
[2023-02-13T22:23:07.164+0000] {logging_mixin.py:137} INFO - [2023-02-13T22:23:07.164+0000] {taskmixin.py:205} WARNING - Dependency <Task(_PythonDecoratedOperator): get_name>, greeting already registered for DAG: dag_taskflow_apiv1
[2023-02-13T22:23:07.165+0000] {logging_mixin.py:137} INFO - [2023-02-13T22:23:07.165+0000] {taskmixin.py:205} WARNING - Dependency <Task(_PythonDecoratedOperator): greeting>, get_name already registered for DAG: dag_taskflow_apiv1
[2023-02-13T22:23:07.171+0000] {processor.py:753} INFO - DAG(s) dict_keys(['dag_taskflow_apiv1']) retrieved from /opt/airflow/dags/dag_taskflow_api.py
[2023-02-13T22:23:07.209+0000] {logging_mixin.py:137} INFO - [2023-02-13T22:23:07.209+0000] {dag.py:2690} INFO - Sync 1 DAGs
[2023-02-13T22:23:07.255+0000] {logging_mixin.py:137} INFO - [2023-02-13T22:23:07.255+0000] {dag.py:3441} INFO - Setting next_dagrun for dag_taskflow_apiv1 to 2023-02-13T15:52:00+00:00, run_after=2023-02-14T15:52:00+00:00
[2023-02-13T22:23:07.282+0000] {processor.py:175} INFO - Processing /opt/airflow/dags/dag_taskflow_api.py took 0.150 seconds
[2023-02-13T22:23:38.069+0000] {processor.py:153} INFO - Started process (PID=942) to work on /opt/airflow/dags/dag_taskflow_api.py
[2023-02-13T22:23:38.070+0000] {processor.py:743} INFO - Processing file /opt/airflow/dags/dag_taskflow_api.py for tasks to queue
[2023-02-13T22:23:38.071+0000] {logging_mixin.py:137} INFO - [2023-02-13T22:23:38.071+0000] {dagbag.py:538} INFO - Filling up the DagBag from /opt/airflow/dags/dag_taskflow_api.py
[2023-02-13T22:23:38.096+0000] {logging_mixin.py:137} INFO - [2023-02-13T22:23:38.096+0000] {taskmixin.py:205} WARNING - Dependency <Task(_PythonDecoratedOperator): get_name>, greeting already registered for DAG: dag_taskflow_apiv1
[2023-02-13T22:23:38.096+0000] {logging_mixin.py:137} INFO - [2023-02-13T22:23:38.096+0000] {taskmixin.py:205} WARNING - Dependency <Task(_PythonDecoratedOperator): greeting>, get_name already registered for DAG: dag_taskflow_apiv1
[2023-02-13T22:23:38.103+0000] {processor.py:753} INFO - DAG(s) dict_keys(['dag_taskflow_apiv1']) retrieved from /opt/airflow/dags/dag_taskflow_api.py
[2023-02-13T22:23:38.135+0000] {logging_mixin.py:137} INFO - [2023-02-13T22:23:38.135+0000] {dag.py:2690} INFO - Sync 1 DAGs
[2023-02-13T22:23:38.176+0000] {logging_mixin.py:137} INFO - [2023-02-13T22:23:38.176+0000] {dag.py:3441} INFO - Setting next_dagrun for dag_taskflow_apiv1 to 2023-02-13T15:52:00+00:00, run_after=2023-02-14T15:52:00+00:00
[2023-02-13T22:23:38.215+0000] {processor.py:175} INFO - Processing /opt/airflow/dags/dag_taskflow_api.py took 0.150 seconds
[2023-02-13T22:24:08.942+0000] {processor.py:153} INFO - Started process (PID=978) to work on /opt/airflow/dags/dag_taskflow_api.py
[2023-02-13T22:24:08.943+0000] {processor.py:743} INFO - Processing file /opt/airflow/dags/dag_taskflow_api.py for tasks to queue
[2023-02-13T22:24:08.944+0000] {logging_mixin.py:137} INFO - [2023-02-13T22:24:08.944+0000] {dagbag.py:538} INFO - Filling up the DagBag from /opt/airflow/dags/dag_taskflow_api.py
[2023-02-13T22:24:08.967+0000] {logging_mixin.py:137} INFO - [2023-02-13T22:24:08.967+0000] {taskmixin.py:205} WARNING - Dependency <Task(_PythonDecoratedOperator): get_name>, greeting already registered for DAG: dag_taskflow_apiv1
[2023-02-13T22:24:08.967+0000] {logging_mixin.py:137} INFO - [2023-02-13T22:24:08.967+0000] {taskmixin.py:205} WARNING - Dependency <Task(_PythonDecoratedOperator): greeting>, get_name already registered for DAG: dag_taskflow_apiv1
[2023-02-13T22:24:08.973+0000] {processor.py:753} INFO - DAG(s) dict_keys(['dag_taskflow_apiv1']) retrieved from /opt/airflow/dags/dag_taskflow_api.py
[2023-02-13T22:24:09.003+0000] {logging_mixin.py:137} INFO - [2023-02-13T22:24:09.003+0000] {dag.py:2690} INFO - Sync 1 DAGs
[2023-02-13T22:24:09.042+0000] {logging_mixin.py:137} INFO - [2023-02-13T22:24:09.042+0000] {dag.py:3441} INFO - Setting next_dagrun for dag_taskflow_apiv1 to 2023-02-13T15:52:00+00:00, run_after=2023-02-14T15:52:00+00:00
[2023-02-13T22:24:09.066+0000] {processor.py:175} INFO - Processing /opt/airflow/dags/dag_taskflow_api.py took 0.128 seconds
[2023-02-13T22:24:39.814+0000] {processor.py:153} INFO - Started process (PID=1024) to work on /opt/airflow/dags/dag_taskflow_api.py
[2023-02-13T22:24:39.815+0000] {processor.py:743} INFO - Processing file /opt/airflow/dags/dag_taskflow_api.py for tasks to queue
[2023-02-13T22:24:39.816+0000] {logging_mixin.py:137} INFO - [2023-02-13T22:24:39.816+0000] {dagbag.py:538} INFO - Filling up the DagBag from /opt/airflow/dags/dag_taskflow_api.py
[2023-02-13T22:24:39.841+0000] {logging_mixin.py:137} INFO - [2023-02-13T22:24:39.841+0000] {taskmixin.py:205} WARNING - Dependency <Task(_PythonDecoratedOperator): get_name>, greeting already registered for DAG: dag_taskflow_apiv1
[2023-02-13T22:24:39.842+0000] {logging_mixin.py:137} INFO - [2023-02-13T22:24:39.842+0000] {taskmixin.py:205} WARNING - Dependency <Task(_PythonDecoratedOperator): greeting>, get_name already registered for DAG: dag_taskflow_apiv1
[2023-02-13T22:24:39.849+0000] {processor.py:753} INFO - DAG(s) dict_keys(['dag_taskflow_apiv1']) retrieved from /opt/airflow/dags/dag_taskflow_api.py
[2023-02-13T22:24:39.885+0000] {logging_mixin.py:137} INFO - [2023-02-13T22:24:39.885+0000] {dag.py:2690} INFO - Sync 1 DAGs
[2023-02-13T22:24:39.950+0000] {logging_mixin.py:137} INFO - [2023-02-13T22:24:39.950+0000] {dag.py:3441} INFO - Setting next_dagrun for dag_taskflow_apiv1 to 2023-02-13T15:52:00+00:00, run_after=2023-02-14T15:52:00+00:00
[2023-02-13T22:24:40.002+0000] {processor.py:175} INFO - Processing /opt/airflow/dags/dag_taskflow_api.py took 0.191 seconds
[2023-02-13T22:25:10.870+0000] {processor.py:153} INFO - Started process (PID=1066) to work on /opt/airflow/dags/dag_taskflow_api.py
[2023-02-13T22:25:10.871+0000] {processor.py:743} INFO - Processing file /opt/airflow/dags/dag_taskflow_api.py for tasks to queue
[2023-02-13T22:25:10.871+0000] {logging_mixin.py:137} INFO - [2023-02-13T22:25:10.871+0000] {dagbag.py:538} INFO - Filling up the DagBag from /opt/airflow/dags/dag_taskflow_api.py
[2023-02-13T22:25:10.894+0000] {logging_mixin.py:137} INFO - [2023-02-13T22:25:10.894+0000] {taskmixin.py:205} WARNING - Dependency <Task(_PythonDecoratedOperator): get_name>, greeting already registered for DAG: dag_taskflow_apiv1
[2023-02-13T22:25:10.894+0000] {logging_mixin.py:137} INFO - [2023-02-13T22:25:10.894+0000] {taskmixin.py:205} WARNING - Dependency <Task(_PythonDecoratedOperator): greeting>, get_name already registered for DAG: dag_taskflow_apiv1
[2023-02-13T22:25:10.900+0000] {processor.py:753} INFO - DAG(s) dict_keys(['dag_taskflow_apiv1']) retrieved from /opt/airflow/dags/dag_taskflow_api.py
[2023-02-13T22:25:10.934+0000] {logging_mixin.py:137} INFO - [2023-02-13T22:25:10.934+0000] {dag.py:2690} INFO - Sync 1 DAGs
[2023-02-13T22:25:10.971+0000] {logging_mixin.py:137} INFO - [2023-02-13T22:25:10.971+0000] {dag.py:3441} INFO - Setting next_dagrun for dag_taskflow_apiv1 to 2023-02-13T15:52:00+00:00, run_after=2023-02-14T15:52:00+00:00
[2023-02-13T22:25:11.010+0000] {processor.py:175} INFO - Processing /opt/airflow/dags/dag_taskflow_api.py took 0.144 seconds
[2023-02-13T22:25:41.950+0000] {processor.py:153} INFO - Started process (PID=1101) to work on /opt/airflow/dags/dag_taskflow_api.py
[2023-02-13T22:25:41.952+0000] {processor.py:743} INFO - Processing file /opt/airflow/dags/dag_taskflow_api.py for tasks to queue
[2023-02-13T22:25:41.954+0000] {logging_mixin.py:137} INFO - [2023-02-13T22:25:41.954+0000] {dagbag.py:538} INFO - Filling up the DagBag from /opt/airflow/dags/dag_taskflow_api.py
[2023-02-13T22:25:41.984+0000] {logging_mixin.py:137} INFO - [2023-02-13T22:25:41.983+0000] {taskmixin.py:205} WARNING - Dependency <Task(_PythonDecoratedOperator): get_name>, greeting already registered for DAG: dag_taskflow_apiv1
[2023-02-13T22:25:41.984+0000] {logging_mixin.py:137} INFO - [2023-02-13T22:25:41.984+0000] {taskmixin.py:205} WARNING - Dependency <Task(_PythonDecoratedOperator): greeting>, get_name already registered for DAG: dag_taskflow_apiv1
[2023-02-13T22:25:41.994+0000] {processor.py:753} INFO - DAG(s) dict_keys(['dag_taskflow_apiv1']) retrieved from /opt/airflow/dags/dag_taskflow_api.py
[2023-02-13T22:25:42.036+0000] {logging_mixin.py:137} INFO - [2023-02-13T22:25:42.035+0000] {dag.py:2690} INFO - Sync 1 DAGs
[2023-02-13T22:25:42.078+0000] {logging_mixin.py:137} INFO - [2023-02-13T22:25:42.077+0000] {dag.py:3441} INFO - Setting next_dagrun for dag_taskflow_apiv1 to 2023-02-13T15:52:00+00:00, run_after=2023-02-14T15:52:00+00:00
[2023-02-13T22:25:42.113+0000] {processor.py:175} INFO - Processing /opt/airflow/dags/dag_taskflow_api.py took 0.167 seconds
[2023-02-13T22:26:12.862+0000] {processor.py:153} INFO - Started process (PID=1144) to work on /opt/airflow/dags/dag_taskflow_api.py
[2023-02-13T22:26:12.863+0000] {processor.py:743} INFO - Processing file /opt/airflow/dags/dag_taskflow_api.py for tasks to queue
[2023-02-13T22:26:12.863+0000] {logging_mixin.py:137} INFO - [2023-02-13T22:26:12.863+0000] {dagbag.py:538} INFO - Filling up the DagBag from /opt/airflow/dags/dag_taskflow_api.py
[2023-02-13T22:26:12.891+0000] {logging_mixin.py:137} INFO - [2023-02-13T22:26:12.891+0000] {taskmixin.py:205} WARNING - Dependency <Task(_PythonDecoratedOperator): get_name>, greeting already registered for DAG: dag_taskflow_apiv1
[2023-02-13T22:26:12.891+0000] {logging_mixin.py:137} INFO - [2023-02-13T22:26:12.891+0000] {taskmixin.py:205} WARNING - Dependency <Task(_PythonDecoratedOperator): greeting>, get_name already registered for DAG: dag_taskflow_apiv1
[2023-02-13T22:26:12.898+0000] {processor.py:753} INFO - DAG(s) dict_keys(['dag_taskflow_apiv1']) retrieved from /opt/airflow/dags/dag_taskflow_api.py
[2023-02-13T22:26:12.928+0000] {logging_mixin.py:137} INFO - [2023-02-13T22:26:12.928+0000] {dag.py:2690} INFO - Sync 1 DAGs
[2023-02-13T22:26:12.970+0000] {logging_mixin.py:137} INFO - [2023-02-13T22:26:12.970+0000] {dag.py:3441} INFO - Setting next_dagrun for dag_taskflow_apiv1 to 2023-02-13T15:52:00+00:00, run_after=2023-02-14T15:52:00+00:00
[2023-02-13T22:26:13.000+0000] {processor.py:175} INFO - Processing /opt/airflow/dags/dag_taskflow_api.py took 0.142 seconds
[2023-02-13T22:26:43.984+0000] {processor.py:153} INFO - Started process (PID=1186) to work on /opt/airflow/dags/dag_taskflow_api.py
[2023-02-13T22:26:43.985+0000] {processor.py:743} INFO - Processing file /opt/airflow/dags/dag_taskflow_api.py for tasks to queue
[2023-02-13T22:26:43.986+0000] {logging_mixin.py:137} INFO - [2023-02-13T22:26:43.986+0000] {dagbag.py:538} INFO - Filling up the DagBag from /opt/airflow/dags/dag_taskflow_api.py
[2023-02-13T22:26:44.010+0000] {logging_mixin.py:137} INFO - [2023-02-13T22:26:44.010+0000] {taskmixin.py:205} WARNING - Dependency <Task(_PythonDecoratedOperator): get_name>, greeting already registered for DAG: dag_taskflow_apiv1
[2023-02-13T22:26:44.010+0000] {logging_mixin.py:137} INFO - [2023-02-13T22:26:44.010+0000] {taskmixin.py:205} WARNING - Dependency <Task(_PythonDecoratedOperator): greeting>, get_name already registered for DAG: dag_taskflow_apiv1
[2023-02-13T22:26:44.016+0000] {processor.py:753} INFO - DAG(s) dict_keys(['dag_taskflow_apiv1']) retrieved from /opt/airflow/dags/dag_taskflow_api.py
[2023-02-13T22:26:44.049+0000] {logging_mixin.py:137} INFO - [2023-02-13T22:26:44.049+0000] {dag.py:2690} INFO - Sync 1 DAGs
[2023-02-13T22:26:44.090+0000] {logging_mixin.py:137} INFO - [2023-02-13T22:26:44.090+0000] {dag.py:3441} INFO - Setting next_dagrun for dag_taskflow_apiv1 to 2023-02-13T15:52:00+00:00, run_after=2023-02-14T15:52:00+00:00
[2023-02-13T22:26:44.129+0000] {processor.py:175} INFO - Processing /opt/airflow/dags/dag_taskflow_api.py took 0.148 seconds
[2023-02-13T22:27:14.991+0000] {processor.py:153} INFO - Started process (PID=1222) to work on /opt/airflow/dags/dag_taskflow_api.py
[2023-02-13T22:27:14.992+0000] {processor.py:743} INFO - Processing file /opt/airflow/dags/dag_taskflow_api.py for tasks to queue
[2023-02-13T22:27:14.992+0000] {logging_mixin.py:137} INFO - [2023-02-13T22:27:14.992+0000] {dagbag.py:538} INFO - Filling up the DagBag from /opt/airflow/dags/dag_taskflow_api.py
[2023-02-13T22:27:15.016+0000] {logging_mixin.py:137} INFO - [2023-02-13T22:27:15.015+0000] {taskmixin.py:205} WARNING - Dependency <Task(_PythonDecoratedOperator): get_name>, greeting already registered for DAG: dag_taskflow_apiv1
[2023-02-13T22:27:15.016+0000] {logging_mixin.py:137} INFO - [2023-02-13T22:27:15.016+0000] {taskmixin.py:205} WARNING - Dependency <Task(_PythonDecoratedOperator): greeting>, get_name already registered for DAG: dag_taskflow_apiv1
[2023-02-13T22:27:15.022+0000] {processor.py:753} INFO - DAG(s) dict_keys(['dag_taskflow_apiv1']) retrieved from /opt/airflow/dags/dag_taskflow_api.py
[2023-02-13T22:27:15.053+0000] {logging_mixin.py:137} INFO - [2023-02-13T22:27:15.052+0000] {dag.py:2690} INFO - Sync 1 DAGs
[2023-02-13T22:27:15.090+0000] {logging_mixin.py:137} INFO - [2023-02-13T22:27:15.089+0000] {dag.py:3441} INFO - Setting next_dagrun for dag_taskflow_apiv1 to 2023-02-13T15:52:00+00:00, run_after=2023-02-14T15:52:00+00:00
[2023-02-13T22:27:15.116+0000] {processor.py:175} INFO - Processing /opt/airflow/dags/dag_taskflow_api.py took 0.128 seconds
[2023-02-13T22:27:46.147+0000] {processor.py:153} INFO - Started process (PID=1271) to work on /opt/airflow/dags/dag_taskflow_api.py
[2023-02-13T22:27:46.148+0000] {processor.py:743} INFO - Processing file /opt/airflow/dags/dag_taskflow_api.py for tasks to queue
[2023-02-13T22:27:46.149+0000] {logging_mixin.py:137} INFO - [2023-02-13T22:27:46.149+0000] {dagbag.py:538} INFO - Filling up the DagBag from /opt/airflow/dags/dag_taskflow_api.py
[2023-02-13T22:27:46.183+0000] {logging_mixin.py:137} INFO - [2023-02-13T22:27:46.182+0000] {taskmixin.py:205} WARNING - Dependency <Task(_PythonDecoratedOperator): get_name>, greeting already registered for DAG: dag_taskflow_apiv1
[2023-02-13T22:27:46.183+0000] {logging_mixin.py:137} INFO - [2023-02-13T22:27:46.183+0000] {taskmixin.py:205} WARNING - Dependency <Task(_PythonDecoratedOperator): greeting>, get_name already registered for DAG: dag_taskflow_apiv1
[2023-02-13T22:27:46.192+0000] {processor.py:753} INFO - DAG(s) dict_keys(['dag_taskflow_apiv1']) retrieved from /opt/airflow/dags/dag_taskflow_api.py
[2023-02-13T22:27:46.256+0000] {logging_mixin.py:137} INFO - [2023-02-13T22:27:46.256+0000] {dag.py:2690} INFO - Sync 1 DAGs
[2023-02-13T22:27:46.299+0000] {logging_mixin.py:137} INFO - [2023-02-13T22:27:46.298+0000] {dag.py:3441} INFO - Setting next_dagrun for dag_taskflow_apiv1 to 2023-02-13T15:52:00+00:00, run_after=2023-02-14T15:52:00+00:00
[2023-02-13T22:27:46.330+0000] {processor.py:175} INFO - Processing /opt/airflow/dags/dag_taskflow_api.py took 0.187 seconds
[2023-02-13T22:28:17.111+0000] {processor.py:153} INFO - Started process (PID=1306) to work on /opt/airflow/dags/dag_taskflow_api.py
[2023-02-13T22:28:17.112+0000] {processor.py:743} INFO - Processing file /opt/airflow/dags/dag_taskflow_api.py for tasks to queue
[2023-02-13T22:28:17.113+0000] {logging_mixin.py:137} INFO - [2023-02-13T22:28:17.113+0000] {dagbag.py:538} INFO - Filling up the DagBag from /opt/airflow/dags/dag_taskflow_api.py
[2023-02-13T22:28:17.141+0000] {logging_mixin.py:137} INFO - [2023-02-13T22:28:17.141+0000] {taskmixin.py:205} WARNING - Dependency <Task(_PythonDecoratedOperator): get_name>, greeting already registered for DAG: dag_taskflow_apiv1
[2023-02-13T22:28:17.141+0000] {logging_mixin.py:137} INFO - [2023-02-13T22:28:17.141+0000] {taskmixin.py:205} WARNING - Dependency <Task(_PythonDecoratedOperator): greeting>, get_name already registered for DAG: dag_taskflow_apiv1
[2023-02-13T22:28:17.150+0000] {processor.py:753} INFO - DAG(s) dict_keys(['dag_taskflow_apiv1']) retrieved from /opt/airflow/dags/dag_taskflow_api.py
[2023-02-13T22:28:17.184+0000] {logging_mixin.py:137} INFO - [2023-02-13T22:28:17.184+0000] {dag.py:2690} INFO - Sync 1 DAGs
[2023-02-13T22:28:17.223+0000] {logging_mixin.py:137} INFO - [2023-02-13T22:28:17.223+0000] {dag.py:3441} INFO - Setting next_dagrun for dag_taskflow_apiv1 to 2023-02-13T15:52:00+00:00, run_after=2023-02-14T15:52:00+00:00
[2023-02-13T22:28:17.258+0000] {processor.py:175} INFO - Processing /opt/airflow/dags/dag_taskflow_api.py took 0.151 seconds
[2023-02-13T22:28:47.994+0000] {processor.py:153} INFO - Started process (PID=1342) to work on /opt/airflow/dags/dag_taskflow_api.py
[2023-02-13T22:28:47.995+0000] {processor.py:743} INFO - Processing file /opt/airflow/dags/dag_taskflow_api.py for tasks to queue
[2023-02-13T22:28:47.996+0000] {logging_mixin.py:137} INFO - [2023-02-13T22:28:47.996+0000] {dagbag.py:538} INFO - Filling up the DagBag from /opt/airflow/dags/dag_taskflow_api.py
[2023-02-13T22:28:48.024+0000] {logging_mixin.py:137} INFO - [2023-02-13T22:28:48.024+0000] {taskmixin.py:205} WARNING - Dependency <Task(_PythonDecoratedOperator): get_name>, greeting already registered for DAG: dag_taskflow_apiv1
[2023-02-13T22:28:48.025+0000] {logging_mixin.py:137} INFO - [2023-02-13T22:28:48.024+0000] {taskmixin.py:205} WARNING - Dependency <Task(_PythonDecoratedOperator): greeting>, get_name already registered for DAG: dag_taskflow_apiv1
[2023-02-13T22:28:48.032+0000] {processor.py:753} INFO - DAG(s) dict_keys(['dag_taskflow_apiv1']) retrieved from /opt/airflow/dags/dag_taskflow_api.py
[2023-02-13T22:28:48.068+0000] {logging_mixin.py:137} INFO - [2023-02-13T22:28:48.068+0000] {dag.py:2690} INFO - Sync 1 DAGs
[2023-02-13T22:28:48.111+0000] {logging_mixin.py:137} INFO - [2023-02-13T22:28:48.111+0000] {dag.py:3441} INFO - Setting next_dagrun for dag_taskflow_apiv1 to 2023-02-13T15:52:00+00:00, run_after=2023-02-14T15:52:00+00:00
[2023-02-13T22:28:48.144+0000] {processor.py:175} INFO - Processing /opt/airflow/dags/dag_taskflow_api.py took 0.154 seconds
[2023-02-13T22:29:18.832+0000] {processor.py:153} INFO - Started process (PID=1392) to work on /opt/airflow/dags/dag_taskflow_api.py
[2023-02-13T22:29:18.833+0000] {processor.py:743} INFO - Processing file /opt/airflow/dags/dag_taskflow_api.py for tasks to queue
[2023-02-13T22:29:18.834+0000] {logging_mixin.py:137} INFO - [2023-02-13T22:29:18.833+0000] {dagbag.py:538} INFO - Filling up the DagBag from /opt/airflow/dags/dag_taskflow_api.py
[2023-02-13T22:29:18.862+0000] {logging_mixin.py:137} INFO - [2023-02-13T22:29:18.862+0000] {taskmixin.py:205} WARNING - Dependency <Task(_PythonDecoratedOperator): get_name>, greeting already registered for DAG: dag_taskflow_apiv1
[2023-02-13T22:29:18.862+0000] {logging_mixin.py:137} INFO - [2023-02-13T22:29:18.862+0000] {taskmixin.py:205} WARNING - Dependency <Task(_PythonDecoratedOperator): greeting>, get_name already registered for DAG: dag_taskflow_apiv1
[2023-02-13T22:29:18.868+0000] {processor.py:753} INFO - DAG(s) dict_keys(['dag_taskflow_apiv1']) retrieved from /opt/airflow/dags/dag_taskflow_api.py
[2023-02-13T22:29:18.904+0000] {logging_mixin.py:137} INFO - [2023-02-13T22:29:18.904+0000] {dag.py:2690} INFO - Sync 1 DAGs
[2023-02-13T22:29:18.950+0000] {logging_mixin.py:137} INFO - [2023-02-13T22:29:18.949+0000] {dag.py:3441} INFO - Setting next_dagrun for dag_taskflow_apiv1 to 2023-02-13T15:52:00+00:00, run_after=2023-02-14T15:52:00+00:00
[2023-02-13T22:29:18.998+0000] {processor.py:175} INFO - Processing /opt/airflow/dags/dag_taskflow_api.py took 0.169 seconds
[2023-02-13T22:29:49.788+0000] {processor.py:153} INFO - Started process (PID=1428) to work on /opt/airflow/dags/dag_taskflow_api.py
[2023-02-13T22:29:49.789+0000] {processor.py:743} INFO - Processing file /opt/airflow/dags/dag_taskflow_api.py for tasks to queue
[2023-02-13T22:29:49.790+0000] {logging_mixin.py:137} INFO - [2023-02-13T22:29:49.790+0000] {dagbag.py:538} INFO - Filling up the DagBag from /opt/airflow/dags/dag_taskflow_api.py
[2023-02-13T22:29:49.815+0000] {logging_mixin.py:137} INFO - [2023-02-13T22:29:49.814+0000] {taskmixin.py:205} WARNING - Dependency <Task(_PythonDecoratedOperator): get_name>, greeting already registered for DAG: dag_taskflow_apiv1
[2023-02-13T22:29:49.815+0000] {logging_mixin.py:137} INFO - [2023-02-13T22:29:49.815+0000] {taskmixin.py:205} WARNING - Dependency <Task(_PythonDecoratedOperator): greeting>, get_name already registered for DAG: dag_taskflow_apiv1
[2023-02-13T22:29:49.821+0000] {processor.py:753} INFO - DAG(s) dict_keys(['dag_taskflow_apiv1']) retrieved from /opt/airflow/dags/dag_taskflow_api.py
[2023-02-13T22:29:49.854+0000] {logging_mixin.py:137} INFO - [2023-02-13T22:29:49.854+0000] {dag.py:2690} INFO - Sync 1 DAGs
[2023-02-13T22:29:49.894+0000] {logging_mixin.py:137} INFO - [2023-02-13T22:29:49.893+0000] {dag.py:3441} INFO - Setting next_dagrun for dag_taskflow_apiv1 to 2023-02-13T15:52:00+00:00, run_after=2023-02-14T15:52:00+00:00
[2023-02-13T22:29:49.936+0000] {processor.py:175} INFO - Processing /opt/airflow/dags/dag_taskflow_api.py took 0.152 seconds
[2023-02-13T22:30:20.790+0000] {processor.py:153} INFO - Started process (PID=1464) to work on /opt/airflow/dags/dag_taskflow_api.py
[2023-02-13T22:30:20.791+0000] {processor.py:743} INFO - Processing file /opt/airflow/dags/dag_taskflow_api.py for tasks to queue
[2023-02-13T22:30:20.791+0000] {logging_mixin.py:137} INFO - [2023-02-13T22:30:20.791+0000] {dagbag.py:538} INFO - Filling up the DagBag from /opt/airflow/dags/dag_taskflow_api.py
[2023-02-13T22:30:20.815+0000] {logging_mixin.py:137} INFO - [2023-02-13T22:30:20.814+0000] {taskmixin.py:205} WARNING - Dependency <Task(_PythonDecoratedOperator): get_name>, greeting already registered for DAG: dag_taskflow_apiv1
[2023-02-13T22:30:20.815+0000] {logging_mixin.py:137} INFO - [2023-02-13T22:30:20.815+0000] {taskmixin.py:205} WARNING - Dependency <Task(_PythonDecoratedOperator): greeting>, get_name already registered for DAG: dag_taskflow_apiv1
[2023-02-13T22:30:20.821+0000] {processor.py:753} INFO - DAG(s) dict_keys(['dag_taskflow_apiv1']) retrieved from /opt/airflow/dags/dag_taskflow_api.py
[2023-02-13T22:30:20.849+0000] {logging_mixin.py:137} INFO - [2023-02-13T22:30:20.848+0000] {dag.py:2690} INFO - Sync 1 DAGs
[2023-02-13T22:30:20.887+0000] {logging_mixin.py:137} INFO - [2023-02-13T22:30:20.887+0000] {dag.py:3441} INFO - Setting next_dagrun for dag_taskflow_apiv1 to 2023-02-13T15:52:00+00:00, run_after=2023-02-14T15:52:00+00:00
[2023-02-13T22:30:20.911+0000] {processor.py:175} INFO - Processing /opt/airflow/dags/dag_taskflow_api.py took 0.125 seconds
[2023-02-13T22:30:51.584+0000] {processor.py:153} INFO - Started process (PID=1514) to work on /opt/airflow/dags/dag_taskflow_api.py
[2023-02-13T22:30:51.585+0000] {processor.py:743} INFO - Processing file /opt/airflow/dags/dag_taskflow_api.py for tasks to queue
[2023-02-13T22:30:51.588+0000] {logging_mixin.py:137} INFO - [2023-02-13T22:30:51.588+0000] {dagbag.py:538} INFO - Filling up the DagBag from /opt/airflow/dags/dag_taskflow_api.py
[2023-02-13T22:30:51.620+0000] {logging_mixin.py:137} INFO - [2023-02-13T22:30:51.620+0000] {taskmixin.py:205} WARNING - Dependency <Task(_PythonDecoratedOperator): get_name>, greeting already registered for DAG: dag_taskflow_apiv1
[2023-02-13T22:30:51.620+0000] {logging_mixin.py:137} INFO - [2023-02-13T22:30:51.620+0000] {taskmixin.py:205} WARNING - Dependency <Task(_PythonDecoratedOperator): greeting>, get_name already registered for DAG: dag_taskflow_apiv1
[2023-02-13T22:30:51.627+0000] {processor.py:753} INFO - DAG(s) dict_keys(['dag_taskflow_apiv1']) retrieved from /opt/airflow/dags/dag_taskflow_api.py
[2023-02-13T22:30:51.658+0000] {logging_mixin.py:137} INFO - [2023-02-13T22:30:51.657+0000] {dag.py:2690} INFO - Sync 1 DAGs
[2023-02-13T22:30:51.694+0000] {logging_mixin.py:137} INFO - [2023-02-13T22:30:51.693+0000] {dag.py:3441} INFO - Setting next_dagrun for dag_taskflow_apiv1 to 2023-02-13T15:52:00+00:00, run_after=2023-02-14T15:52:00+00:00
[2023-02-13T22:30:51.720+0000] {processor.py:175} INFO - Processing /opt/airflow/dags/dag_taskflow_api.py took 0.139 seconds
[2023-02-13T22:31:22.666+0000] {processor.py:153} INFO - Started process (PID=1548) to work on /opt/airflow/dags/dag_taskflow_api.py
[2023-02-13T22:31:22.667+0000] {processor.py:743} INFO - Processing file /opt/airflow/dags/dag_taskflow_api.py for tasks to queue
[2023-02-13T22:31:22.668+0000] {logging_mixin.py:137} INFO - [2023-02-13T22:31:22.668+0000] {dagbag.py:538} INFO - Filling up the DagBag from /opt/airflow/dags/dag_taskflow_api.py
[2023-02-13T22:31:22.700+0000] {logging_mixin.py:137} INFO - [2023-02-13T22:31:22.700+0000] {taskmixin.py:205} WARNING - Dependency <Task(_PythonDecoratedOperator): get_name>, greeting already registered for DAG: dag_taskflow_apiv1
[2023-02-13T22:31:22.700+0000] {logging_mixin.py:137} INFO - [2023-02-13T22:31:22.700+0000] {taskmixin.py:205} WARNING - Dependency <Task(_PythonDecoratedOperator): greeting>, get_name already registered for DAG: dag_taskflow_apiv1
[2023-02-13T22:31:22.709+0000] {processor.py:753} INFO - DAG(s) dict_keys(['dag_taskflow_apiv1']) retrieved from /opt/airflow/dags/dag_taskflow_api.py
[2023-02-13T22:31:22.748+0000] {logging_mixin.py:137} INFO - [2023-02-13T22:31:22.748+0000] {dag.py:2690} INFO - Sync 1 DAGs
[2023-02-13T22:31:22.798+0000] {logging_mixin.py:137} INFO - [2023-02-13T22:31:22.798+0000] {dag.py:3441} INFO - Setting next_dagrun for dag_taskflow_apiv1 to 2023-02-13T15:52:00+00:00, run_after=2023-02-14T15:52:00+00:00
[2023-02-13T22:31:22.838+0000] {processor.py:175} INFO - Processing /opt/airflow/dags/dag_taskflow_api.py took 0.181 seconds
[2023-02-13T22:31:53.699+0000] {processor.py:153} INFO - Started process (PID=1584) to work on /opt/airflow/dags/dag_taskflow_api.py
[2023-02-13T22:31:53.700+0000] {processor.py:743} INFO - Processing file /opt/airflow/dags/dag_taskflow_api.py for tasks to queue
[2023-02-13T22:31:53.701+0000] {logging_mixin.py:137} INFO - [2023-02-13T22:31:53.701+0000] {dagbag.py:538} INFO - Filling up the DagBag from /opt/airflow/dags/dag_taskflow_api.py
[2023-02-13T22:31:53.729+0000] {logging_mixin.py:137} INFO - [2023-02-13T22:31:53.729+0000] {taskmixin.py:205} WARNING - Dependency <Task(_PythonDecoratedOperator): get_name>, greeting already registered for DAG: dag_taskflow_apiv1
[2023-02-13T22:31:53.729+0000] {logging_mixin.py:137} INFO - [2023-02-13T22:31:53.729+0000] {taskmixin.py:205} WARNING - Dependency <Task(_PythonDecoratedOperator): greeting>, get_name already registered for DAG: dag_taskflow_apiv1
[2023-02-13T22:31:53.737+0000] {processor.py:753} INFO - DAG(s) dict_keys(['dag_taskflow_apiv1']) retrieved from /opt/airflow/dags/dag_taskflow_api.py
[2023-02-13T22:31:53.776+0000] {logging_mixin.py:137} INFO - [2023-02-13T22:31:53.776+0000] {dag.py:2690} INFO - Sync 1 DAGs
[2023-02-13T22:31:53.816+0000] {logging_mixin.py:137} INFO - [2023-02-13T22:31:53.816+0000] {dag.py:3441} INFO - Setting next_dagrun for dag_taskflow_apiv1 to 2023-02-13T15:52:00+00:00, run_after=2023-02-14T15:52:00+00:00
[2023-02-13T22:31:53.857+0000] {processor.py:175} INFO - Processing /opt/airflow/dags/dag_taskflow_api.py took 0.162 seconds
[2023-02-13T22:32:24.745+0000] {processor.py:153} INFO - Started process (PID=1634) to work on /opt/airflow/dags/dag_taskflow_api.py
[2023-02-13T22:32:24.746+0000] {processor.py:743} INFO - Processing file /opt/airflow/dags/dag_taskflow_api.py for tasks to queue
[2023-02-13T22:32:24.746+0000] {logging_mixin.py:137} INFO - [2023-02-13T22:32:24.746+0000] {dagbag.py:538} INFO - Filling up the DagBag from /opt/airflow/dags/dag_taskflow_api.py
[2023-02-13T22:32:24.771+0000] {logging_mixin.py:137} INFO - [2023-02-13T22:32:24.771+0000] {taskmixin.py:205} WARNING - Dependency <Task(_PythonDecoratedOperator): get_name>, greeting already registered for DAG: dag_taskflow_apiv1
[2023-02-13T22:32:24.772+0000] {logging_mixin.py:137} INFO - [2023-02-13T22:32:24.772+0000] {taskmixin.py:205} WARNING - Dependency <Task(_PythonDecoratedOperator): greeting>, get_name already registered for DAG: dag_taskflow_apiv1
[2023-02-13T22:32:24.778+0000] {processor.py:753} INFO - DAG(s) dict_keys(['dag_taskflow_apiv1']) retrieved from /opt/airflow/dags/dag_taskflow_api.py
[2023-02-13T22:32:24.811+0000] {logging_mixin.py:137} INFO - [2023-02-13T22:32:24.810+0000] {dag.py:2690} INFO - Sync 1 DAGs
[2023-02-13T22:32:24.851+0000] {logging_mixin.py:137} INFO - [2023-02-13T22:32:24.851+0000] {dag.py:3441} INFO - Setting next_dagrun for dag_taskflow_apiv1 to 2023-02-13T15:52:00+00:00, run_after=2023-02-14T15:52:00+00:00
[2023-02-13T22:32:24.880+0000] {processor.py:175} INFO - Processing /opt/airflow/dags/dag_taskflow_api.py took 0.139 seconds
[2023-02-13T22:32:55.556+0000] {processor.py:153} INFO - Started process (PID=1668) to work on /opt/airflow/dags/dag_taskflow_api.py
[2023-02-13T22:32:55.556+0000] {processor.py:743} INFO - Processing file /opt/airflow/dags/dag_taskflow_api.py for tasks to queue
[2023-02-13T22:32:55.557+0000] {logging_mixin.py:137} INFO - [2023-02-13T22:32:55.557+0000] {dagbag.py:538} INFO - Filling up the DagBag from /opt/airflow/dags/dag_taskflow_api.py
[2023-02-13T22:32:55.579+0000] {logging_mixin.py:137} INFO - [2023-02-13T22:32:55.579+0000] {taskmixin.py:205} WARNING - Dependency <Task(_PythonDecoratedOperator): get_name>, greeting already registered for DAG: dag_taskflow_apiv1
[2023-02-13T22:32:55.579+0000] {logging_mixin.py:137} INFO - [2023-02-13T22:32:55.579+0000] {taskmixin.py:205} WARNING - Dependency <Task(_PythonDecoratedOperator): greeting>, get_name already registered for DAG: dag_taskflow_apiv1
[2023-02-13T22:32:55.585+0000] {processor.py:753} INFO - DAG(s) dict_keys(['dag_taskflow_apiv1']) retrieved from /opt/airflow/dags/dag_taskflow_api.py
[2023-02-13T22:32:55.613+0000] {logging_mixin.py:137} INFO - [2023-02-13T22:32:55.613+0000] {dag.py:2690} INFO - Sync 1 DAGs
[2023-02-13T22:32:55.650+0000] {logging_mixin.py:137} INFO - [2023-02-13T22:32:55.650+0000] {dag.py:3441} INFO - Setting next_dagrun for dag_taskflow_apiv1 to 2023-02-13T15:52:00+00:00, run_after=2023-02-14T15:52:00+00:00
[2023-02-13T22:32:55.689+0000] {processor.py:175} INFO - Processing /opt/airflow/dags/dag_taskflow_api.py took 0.136 seconds
[2023-02-13T22:33:26.457+0000] {processor.py:153} INFO - Started process (PID=1703) to work on /opt/airflow/dags/dag_taskflow_api.py
[2023-02-13T22:33:26.458+0000] {processor.py:743} INFO - Processing file /opt/airflow/dags/dag_taskflow_api.py for tasks to queue
[2023-02-13T22:33:26.459+0000] {logging_mixin.py:137} INFO - [2023-02-13T22:33:26.459+0000] {dagbag.py:538} INFO - Filling up the DagBag from /opt/airflow/dags/dag_taskflow_api.py
[2023-02-13T22:33:26.495+0000] {logging_mixin.py:137} INFO - [2023-02-13T22:33:26.495+0000] {taskmixin.py:205} WARNING - Dependency <Task(_PythonDecoratedOperator): get_name>, greeting already registered for DAG: dag_taskflow_apiv1
[2023-02-13T22:33:26.496+0000] {logging_mixin.py:137} INFO - [2023-02-13T22:33:26.496+0000] {taskmixin.py:205} WARNING - Dependency <Task(_PythonDecoratedOperator): greeting>, get_name already registered for DAG: dag_taskflow_apiv1
[2023-02-13T22:33:26.502+0000] {processor.py:753} INFO - DAG(s) dict_keys(['dag_taskflow_apiv1']) retrieved from /opt/airflow/dags/dag_taskflow_api.py
[2023-02-13T22:33:26.538+0000] {logging_mixin.py:137} INFO - [2023-02-13T22:33:26.538+0000] {dag.py:2690} INFO - Sync 1 DAGs
[2023-02-13T22:33:26.578+0000] {logging_mixin.py:137} INFO - [2023-02-13T22:33:26.578+0000] {dag.py:3441} INFO - Setting next_dagrun for dag_taskflow_apiv1 to 2023-02-13T15:52:00+00:00, run_after=2023-02-14T15:52:00+00:00
[2023-02-13T22:33:26.608+0000] {processor.py:175} INFO - Processing /opt/airflow/dags/dag_taskflow_api.py took 0.157 seconds
[2023-02-13T22:33:57.376+0000] {processor.py:153} INFO - Started process (PID=1752) to work on /opt/airflow/dags/dag_taskflow_api.py
[2023-02-13T22:33:57.376+0000] {processor.py:743} INFO - Processing file /opt/airflow/dags/dag_taskflow_api.py for tasks to queue
[2023-02-13T22:33:57.377+0000] {logging_mixin.py:137} INFO - [2023-02-13T22:33:57.377+0000] {dagbag.py:538} INFO - Filling up the DagBag from /opt/airflow/dags/dag_taskflow_api.py
[2023-02-13T22:33:57.411+0000] {logging_mixin.py:137} INFO - [2023-02-13T22:33:57.409+0000] {taskmixin.py:205} WARNING - Dependency <Task(_PythonDecoratedOperator): get_name>, greeting already registered for DAG: dag_taskflow_apiv1
[2023-02-13T22:33:57.412+0000] {logging_mixin.py:137} INFO - [2023-02-13T22:33:57.412+0000] {taskmixin.py:205} WARNING - Dependency <Task(_PythonDecoratedOperator): greeting>, get_name already registered for DAG: dag_taskflow_apiv1
[2023-02-13T22:33:57.422+0000] {processor.py:753} INFO - DAG(s) dict_keys(['dag_taskflow_apiv1']) retrieved from /opt/airflow/dags/dag_taskflow_api.py
[2023-02-13T22:33:57.454+0000] {logging_mixin.py:137} INFO - [2023-02-13T22:33:57.454+0000] {dag.py:2690} INFO - Sync 1 DAGs
[2023-02-13T22:33:57.494+0000] {logging_mixin.py:137} INFO - [2023-02-13T22:33:57.494+0000] {dag.py:3441} INFO - Setting next_dagrun for dag_taskflow_apiv1 to 2023-02-13T15:52:00+00:00, run_after=2023-02-14T15:52:00+00:00
[2023-02-13T22:33:57.541+0000] {processor.py:175} INFO - Processing /opt/airflow/dags/dag_taskflow_api.py took 0.169 seconds
[2023-02-13T22:34:28.431+0000] {processor.py:153} INFO - Started process (PID=1788) to work on /opt/airflow/dags/dag_taskflow_api.py
[2023-02-13T22:34:28.432+0000] {processor.py:743} INFO - Processing file /opt/airflow/dags/dag_taskflow_api.py for tasks to queue
[2023-02-13T22:34:28.433+0000] {logging_mixin.py:137} INFO - [2023-02-13T22:34:28.432+0000] {dagbag.py:538} INFO - Filling up the DagBag from /opt/airflow/dags/dag_taskflow_api.py
[2023-02-13T22:34:28.458+0000] {logging_mixin.py:137} INFO - [2023-02-13T22:34:28.458+0000] {taskmixin.py:205} WARNING - Dependency <Task(_PythonDecoratedOperator): get_name>, greeting already registered for DAG: dag_taskflow_apiv1
[2023-02-13T22:34:28.458+0000] {logging_mixin.py:137} INFO - [2023-02-13T22:34:28.458+0000] {taskmixin.py:205} WARNING - Dependency <Task(_PythonDecoratedOperator): greeting>, get_name already registered for DAG: dag_taskflow_apiv1
[2023-02-13T22:34:28.465+0000] {processor.py:753} INFO - DAG(s) dict_keys(['dag_taskflow_apiv1']) retrieved from /opt/airflow/dags/dag_taskflow_api.py
[2023-02-13T22:34:28.493+0000] {logging_mixin.py:137} INFO - [2023-02-13T22:34:28.493+0000] {dag.py:2690} INFO - Sync 1 DAGs
[2023-02-13T22:34:28.535+0000] {logging_mixin.py:137} INFO - [2023-02-13T22:34:28.535+0000] {dag.py:3441} INFO - Setting next_dagrun for dag_taskflow_apiv1 to 2023-02-13T15:52:00+00:00, run_after=2023-02-14T15:52:00+00:00
[2023-02-13T22:34:28.562+0000] {processor.py:175} INFO - Processing /opt/airflow/dags/dag_taskflow_api.py took 0.138 seconds
[2023-02-13T22:34:59.340+0000] {processor.py:153} INFO - Started process (PID=1824) to work on /opt/airflow/dags/dag_taskflow_api.py
[2023-02-13T22:34:59.341+0000] {processor.py:743} INFO - Processing file /opt/airflow/dags/dag_taskflow_api.py for tasks to queue
[2023-02-13T22:34:59.342+0000] {logging_mixin.py:137} INFO - [2023-02-13T22:34:59.342+0000] {dagbag.py:538} INFO - Filling up the DagBag from /opt/airflow/dags/dag_taskflow_api.py
[2023-02-13T22:34:59.369+0000] {logging_mixin.py:137} INFO - [2023-02-13T22:34:59.369+0000] {taskmixin.py:205} WARNING - Dependency <Task(_PythonDecoratedOperator): get_name>, greeting already registered for DAG: dag_taskflow_apiv1
[2023-02-13T22:34:59.369+0000] {logging_mixin.py:137} INFO - [2023-02-13T22:34:59.369+0000] {taskmixin.py:205} WARNING - Dependency <Task(_PythonDecoratedOperator): greeting>, get_name already registered for DAG: dag_taskflow_apiv1
[2023-02-13T22:34:59.377+0000] {processor.py:753} INFO - DAG(s) dict_keys(['dag_taskflow_apiv1']) retrieved from /opt/airflow/dags/dag_taskflow_api.py
[2023-02-13T22:34:59.414+0000] {logging_mixin.py:137} INFO - [2023-02-13T22:34:59.413+0000] {dag.py:2690} INFO - Sync 1 DAGs
[2023-02-13T22:34:59.451+0000] {logging_mixin.py:137} INFO - [2023-02-13T22:34:59.451+0000] {dag.py:3441} INFO - Setting next_dagrun for dag_taskflow_apiv1 to 2023-02-13T15:52:00+00:00, run_after=2023-02-14T15:52:00+00:00
[2023-02-13T22:34:59.476+0000] {processor.py:175} INFO - Processing /opt/airflow/dags/dag_taskflow_api.py took 0.140 seconds
[2023-02-13T22:35:30.166+0000] {processor.py:153} INFO - Started process (PID=1874) to work on /opt/airflow/dags/dag_taskflow_api.py
[2023-02-13T22:35:30.166+0000] {processor.py:743} INFO - Processing file /opt/airflow/dags/dag_taskflow_api.py for tasks to queue
[2023-02-13T22:35:30.167+0000] {logging_mixin.py:137} INFO - [2023-02-13T22:35:30.167+0000] {dagbag.py:538} INFO - Filling up the DagBag from /opt/airflow/dags/dag_taskflow_api.py
[2023-02-13T22:35:30.195+0000] {logging_mixin.py:137} INFO - [2023-02-13T22:35:30.195+0000] {taskmixin.py:205} WARNING - Dependency <Task(_PythonDecoratedOperator): get_name>, greeting already registered for DAG: dag_taskflow_apiv1
[2023-02-13T22:35:30.196+0000] {logging_mixin.py:137} INFO - [2023-02-13T22:35:30.196+0000] {taskmixin.py:205} WARNING - Dependency <Task(_PythonDecoratedOperator): greeting>, get_name already registered for DAG: dag_taskflow_apiv1
[2023-02-13T22:35:30.205+0000] {processor.py:753} INFO - DAG(s) dict_keys(['dag_taskflow_apiv1']) retrieved from /opt/airflow/dags/dag_taskflow_api.py
[2023-02-13T22:35:30.254+0000] {logging_mixin.py:137} INFO - [2023-02-13T22:35:30.253+0000] {dag.py:2690} INFO - Sync 1 DAGs
[2023-02-13T22:35:30.301+0000] {logging_mixin.py:137} INFO - [2023-02-13T22:35:30.301+0000] {dag.py:3441} INFO - Setting next_dagrun for dag_taskflow_apiv1 to 2023-02-13T15:52:00+00:00, run_after=2023-02-14T15:52:00+00:00
[2023-02-13T22:35:30.336+0000] {processor.py:175} INFO - Processing /opt/airflow/dags/dag_taskflow_api.py took 0.174 seconds
[2023-02-13T22:36:01.143+0000] {processor.py:153} INFO - Started process (PID=1910) to work on /opt/airflow/dags/dag_taskflow_api.py
[2023-02-13T22:36:01.144+0000] {processor.py:743} INFO - Processing file /opt/airflow/dags/dag_taskflow_api.py for tasks to queue
[2023-02-13T22:36:01.145+0000] {logging_mixin.py:137} INFO - [2023-02-13T22:36:01.145+0000] {dagbag.py:538} INFO - Filling up the DagBag from /opt/airflow/dags/dag_taskflow_api.py
[2023-02-13T22:36:01.169+0000] {logging_mixin.py:137} INFO - [2023-02-13T22:36:01.168+0000] {taskmixin.py:205} WARNING - Dependency <Task(_PythonDecoratedOperator): get_name>, greeting already registered for DAG: dag_taskflow_apiv1
[2023-02-13T22:36:01.169+0000] {logging_mixin.py:137} INFO - [2023-02-13T22:36:01.169+0000] {taskmixin.py:205} WARNING - Dependency <Task(_PythonDecoratedOperator): greeting>, get_name already registered for DAG: dag_taskflow_apiv1
[2023-02-13T22:36:01.175+0000] {processor.py:753} INFO - DAG(s) dict_keys(['dag_taskflow_apiv1']) retrieved from /opt/airflow/dags/dag_taskflow_api.py
[2023-02-13T22:36:01.206+0000] {logging_mixin.py:137} INFO - [2023-02-13T22:36:01.206+0000] {dag.py:2690} INFO - Sync 1 DAGs
[2023-02-13T22:36:01.246+0000] {logging_mixin.py:137} INFO - [2023-02-13T22:36:01.246+0000] {dag.py:3441} INFO - Setting next_dagrun for dag_taskflow_apiv1 to 2023-02-13T15:52:00+00:00, run_after=2023-02-14T15:52:00+00:00
[2023-02-13T22:36:01.276+0000] {processor.py:175} INFO - Processing /opt/airflow/dags/dag_taskflow_api.py took 0.136 seconds
[2023-02-13T22:36:31.961+0000] {processor.py:153} INFO - Started process (PID=1947) to work on /opt/airflow/dags/dag_taskflow_api.py
[2023-02-13T22:36:31.961+0000] {processor.py:743} INFO - Processing file /opt/airflow/dags/dag_taskflow_api.py for tasks to queue
[2023-02-13T22:36:31.962+0000] {logging_mixin.py:137} INFO - [2023-02-13T22:36:31.962+0000] {dagbag.py:538} INFO - Filling up the DagBag from /opt/airflow/dags/dag_taskflow_api.py
[2023-02-13T22:36:31.989+0000] {logging_mixin.py:137} INFO - [2023-02-13T22:36:31.989+0000] {taskmixin.py:205} WARNING - Dependency <Task(_PythonDecoratedOperator): get_name>, greeting already registered for DAG: dag_taskflow_apiv1
[2023-02-13T22:36:31.990+0000] {logging_mixin.py:137} INFO - [2023-02-13T22:36:31.990+0000] {taskmixin.py:205} WARNING - Dependency <Task(_PythonDecoratedOperator): greeting>, get_name already registered for DAG: dag_taskflow_apiv1
[2023-02-13T22:36:31.996+0000] {processor.py:753} INFO - DAG(s) dict_keys(['dag_taskflow_apiv1']) retrieved from /opt/airflow/dags/dag_taskflow_api.py
[2023-02-13T22:36:32.027+0000] {logging_mixin.py:137} INFO - [2023-02-13T22:36:32.026+0000] {dag.py:2690} INFO - Sync 1 DAGs
[2023-02-13T22:36:32.065+0000] {logging_mixin.py:137} INFO - [2023-02-13T22:36:32.064+0000] {dag.py:3441} INFO - Setting next_dagrun for dag_taskflow_apiv1 to 2023-02-13T15:52:00+00:00, run_after=2023-02-14T15:52:00+00:00
[2023-02-13T22:36:32.093+0000] {processor.py:175} INFO - Processing /opt/airflow/dags/dag_taskflow_api.py took 0.135 seconds
