[2023-02-13T07:42:28.073+0000] {processor.py:153} INFO - Started process (PID=46) to work on /opt/airflow/dags/dag_with_xcom.py
[2023-02-13T07:42:28.073+0000] {processor.py:743} INFO - Processing file /opt/airflow/dags/dag_with_xcom.py for tasks to queue
[2023-02-13T07:42:28.074+0000] {logging_mixin.py:137} INFO - [2023-02-13T07:42:28.074+0000] {dagbag.py:538} INFO - Filling up the DagBag from /opt/airflow/dags/dag_with_xcom.py
[2023-02-13T07:42:28.089+0000] {processor.py:753} INFO - DAG(s) dict_keys(['dag_with_xcom']) retrieved from /opt/airflow/dags/dag_with_xcom.py
[2023-02-13T07:42:28.108+0000] {logging_mixin.py:137} INFO - [2023-02-13T07:42:28.108+0000] {dag.py:2690} INFO - Sync 1 DAGs
[2023-02-13T07:42:28.134+0000] {logging_mixin.py:137} INFO - [2023-02-13T07:42:28.134+0000] {dag.py:3441} INFO - Setting next_dagrun for dag_with_xcom to 2023-02-12T02:36:00+00:00, run_after=2023-02-13T02:36:00+00:00
[2023-02-13T07:42:28.210+0000] {processor.py:175} INFO - Processing /opt/airflow/dags/dag_with_xcom.py took 0.141 seconds
[2023-02-13T07:42:59.033+0000] {processor.py:153} INFO - Started process (PID=96) to work on /opt/airflow/dags/dag_with_xcom.py
[2023-02-13T07:42:59.034+0000] {processor.py:743} INFO - Processing file /opt/airflow/dags/dag_with_xcom.py for tasks to queue
[2023-02-13T07:42:59.035+0000] {logging_mixin.py:137} INFO - [2023-02-13T07:42:59.035+0000] {dagbag.py:538} INFO - Filling up the DagBag from /opt/airflow/dags/dag_with_xcom.py
[2023-02-13T07:42:59.059+0000] {processor.py:753} INFO - DAG(s) dict_keys(['dag_with_xcom']) retrieved from /opt/airflow/dags/dag_with_xcom.py
[2023-02-13T07:42:59.091+0000] {logging_mixin.py:137} INFO - [2023-02-13T07:42:59.091+0000] {dag.py:2690} INFO - Sync 1 DAGs
[2023-02-13T07:42:59.176+0000] {logging_mixin.py:137} INFO - [2023-02-13T07:42:59.176+0000] {dag.py:3441} INFO - Setting next_dagrun for dag_with_xcom to 2023-02-12T02:36:00+00:00, run_after=2023-02-13T02:36:00+00:00
[2023-02-13T07:42:59.250+0000] {processor.py:175} INFO - Processing /opt/airflow/dags/dag_with_xcom.py took 0.222 seconds
[2023-02-13T07:54:43.045+0000] {processor.py:153} INFO - Started process (PID=40) to work on /opt/airflow/dags/dag_with_xcom.py
[2023-02-13T07:54:43.046+0000] {processor.py:743} INFO - Processing file /opt/airflow/dags/dag_with_xcom.py for tasks to queue
[2023-02-13T07:54:43.046+0000] {logging_mixin.py:137} INFO - [2023-02-13T07:54:43.046+0000] {dagbag.py:538} INFO - Filling up the DagBag from /opt/airflow/dags/dag_with_xcom.py
[2023-02-13T07:54:43.066+0000] {processor.py:753} INFO - DAG(s) dict_keys(['dag_with_xcom']) retrieved from /opt/airflow/dags/dag_with_xcom.py
[2023-02-13T07:54:43.094+0000] {logging_mixin.py:137} INFO - [2023-02-13T07:54:43.094+0000] {dag.py:2690} INFO - Sync 1 DAGs
[2023-02-13T07:54:43.127+0000] {logging_mixin.py:137} INFO - [2023-02-13T07:54:43.126+0000] {dag.py:3441} INFO - Setting next_dagrun for dag_with_xcom to 2023-02-12T02:36:00+00:00, run_after=2023-02-13T02:36:00+00:00
[2023-02-13T07:54:43.148+0000] {processor.py:175} INFO - Processing /opt/airflow/dags/dag_with_xcom.py took 0.105 seconds
[2023-02-13T17:53:41.489+0000] {processor.py:153} INFO - Started process (PID=44) to work on /opt/airflow/dags/dag_with_xcom.py
[2023-02-13T17:53:41.490+0000] {processor.py:743} INFO - Processing file /opt/airflow/dags/dag_with_xcom.py for tasks to queue
[2023-02-13T17:53:41.491+0000] {logging_mixin.py:137} INFO - [2023-02-13T17:53:41.491+0000] {dagbag.py:538} INFO - Filling up the DagBag from /opt/airflow/dags/dag_with_xcom.py
[2023-02-13T17:53:41.509+0000] {processor.py:753} INFO - DAG(s) dict_keys(['dag_with_xcom']) retrieved from /opt/airflow/dags/dag_with_xcom.py
[2023-02-13T17:53:41.533+0000] {logging_mixin.py:137} INFO - [2023-02-13T17:53:41.533+0000] {dag.py:2690} INFO - Sync 1 DAGs
[2023-02-13T17:53:41.561+0000] {logging_mixin.py:137} INFO - [2023-02-13T17:53:41.560+0000] {dag.py:3441} INFO - Setting next_dagrun for dag_with_xcom to 2023-02-12T02:36:00+00:00, run_after=2023-02-13T02:36:00+00:00
[2023-02-13T17:53:41.588+0000] {processor.py:175} INFO - Processing /opt/airflow/dags/dag_with_xcom.py took 0.102 seconds
[2023-02-13T22:12:18.373+0000] {processor.py:153} INFO - Started process (PID=40) to work on /opt/airflow/dags/dag_with_xcom.py
[2023-02-13T22:12:18.374+0000] {processor.py:743} INFO - Processing file /opt/airflow/dags/dag_with_xcom.py for tasks to queue
[2023-02-13T22:12:18.374+0000] {logging_mixin.py:137} INFO - [2023-02-13T22:12:18.374+0000] {dagbag.py:538} INFO - Filling up the DagBag from /opt/airflow/dags/dag_with_xcom.py
[2023-02-13T22:12:18.389+0000] {processor.py:753} INFO - DAG(s) dict_keys(['dag_with_xcom']) retrieved from /opt/airflow/dags/dag_with_xcom.py
[2023-02-13T22:12:18.414+0000] {logging_mixin.py:137} INFO - [2023-02-13T22:12:18.414+0000] {dag.py:2690} INFO - Sync 1 DAGs
[2023-02-13T22:12:18.445+0000] {logging_mixin.py:137} INFO - [2023-02-13T22:12:18.445+0000] {dag.py:3441} INFO - Setting next_dagrun for dag_with_xcom to 2023-02-12T02:36:00+00:00, run_after=2023-02-13T02:36:00+00:00
[2023-02-13T22:12:18.469+0000] {processor.py:175} INFO - Processing /opt/airflow/dags/dag_with_xcom.py took 0.099 seconds
[2023-02-13T22:12:49.300+0000] {processor.py:153} INFO - Started process (PID=89) to work on /opt/airflow/dags/dag_with_xcom.py
[2023-02-13T22:12:49.301+0000] {processor.py:743} INFO - Processing file /opt/airflow/dags/dag_with_xcom.py for tasks to queue
[2023-02-13T22:12:49.302+0000] {logging_mixin.py:137} INFO - [2023-02-13T22:12:49.302+0000] {dagbag.py:538} INFO - Filling up the DagBag from /opt/airflow/dags/dag_with_xcom.py
[2023-02-13T22:12:49.320+0000] {processor.py:753} INFO - DAG(s) dict_keys(['dag_with_xcom']) retrieved from /opt/airflow/dags/dag_with_xcom.py
[2023-02-13T22:12:49.360+0000] {logging_mixin.py:137} INFO - [2023-02-13T22:12:49.360+0000] {dag.py:2690} INFO - Sync 1 DAGs
[2023-02-13T22:12:49.399+0000] {logging_mixin.py:137} INFO - [2023-02-13T22:12:49.398+0000] {dag.py:3441} INFO - Setting next_dagrun for dag_with_xcom to 2023-02-12T02:36:00+00:00, run_after=2023-02-13T02:36:00+00:00
[2023-02-13T22:12:49.435+0000] {processor.py:175} INFO - Processing /opt/airflow/dags/dag_with_xcom.py took 0.138 seconds
[2023-02-13T22:13:20.338+0000] {processor.py:153} INFO - Started process (PID=126) to work on /opt/airflow/dags/dag_with_xcom.py
[2023-02-13T22:13:20.339+0000] {processor.py:743} INFO - Processing file /opt/airflow/dags/dag_with_xcom.py for tasks to queue
[2023-02-13T22:13:20.340+0000] {logging_mixin.py:137} INFO - [2023-02-13T22:13:20.340+0000] {dagbag.py:538} INFO - Filling up the DagBag from /opt/airflow/dags/dag_with_xcom.py
[2023-02-13T22:13:20.368+0000] {processor.py:753} INFO - DAG(s) dict_keys(['dag_with_xcom']) retrieved from /opt/airflow/dags/dag_with_xcom.py
[2023-02-13T22:13:20.402+0000] {logging_mixin.py:137} INFO - [2023-02-13T22:13:20.402+0000] {dag.py:2690} INFO - Sync 1 DAGs
[2023-02-13T22:13:20.443+0000] {logging_mixin.py:137} INFO - [2023-02-13T22:13:20.443+0000] {dag.py:3441} INFO - Setting next_dagrun for dag_with_xcom to 2023-02-12T02:36:00+00:00, run_after=2023-02-13T02:36:00+00:00
[2023-02-13T22:13:20.471+0000] {processor.py:175} INFO - Processing /opt/airflow/dags/dag_with_xcom.py took 0.138 seconds
[2023-02-13T22:13:51.269+0000] {processor.py:153} INFO - Started process (PID=162) to work on /opt/airflow/dags/dag_with_xcom.py
[2023-02-13T22:13:51.270+0000] {processor.py:743} INFO - Processing file /opt/airflow/dags/dag_with_xcom.py for tasks to queue
[2023-02-13T22:13:51.271+0000] {logging_mixin.py:137} INFO - [2023-02-13T22:13:51.271+0000] {dagbag.py:538} INFO - Filling up the DagBag from /opt/airflow/dags/dag_with_xcom.py
[2023-02-13T22:13:51.300+0000] {processor.py:753} INFO - DAG(s) dict_keys(['dag_with_xcom']) retrieved from /opt/airflow/dags/dag_with_xcom.py
[2023-02-13T22:13:51.335+0000] {logging_mixin.py:137} INFO - [2023-02-13T22:13:51.335+0000] {dag.py:2690} INFO - Sync 1 DAGs
[2023-02-13T22:13:51.378+0000] {logging_mixin.py:137} INFO - [2023-02-13T22:13:51.377+0000] {dag.py:3441} INFO - Setting next_dagrun for dag_with_xcom to 2023-02-12T02:36:00+00:00, run_after=2023-02-13T02:36:00+00:00
[2023-02-13T22:13:51.406+0000] {processor.py:175} INFO - Processing /opt/airflow/dags/dag_with_xcom.py took 0.143 seconds
[2023-02-13T22:14:22.101+0000] {processor.py:153} INFO - Started process (PID=211) to work on /opt/airflow/dags/dag_with_xcom.py
[2023-02-13T22:14:22.102+0000] {processor.py:743} INFO - Processing file /opt/airflow/dags/dag_with_xcom.py for tasks to queue
[2023-02-13T22:14:22.103+0000] {logging_mixin.py:137} INFO - [2023-02-13T22:14:22.103+0000] {dagbag.py:538} INFO - Filling up the DagBag from /opt/airflow/dags/dag_with_xcom.py
[2023-02-13T22:14:22.130+0000] {processor.py:753} INFO - DAG(s) dict_keys(['dag_with_xcom']) retrieved from /opt/airflow/dags/dag_with_xcom.py
[2023-02-13T22:14:22.160+0000] {logging_mixin.py:137} INFO - [2023-02-13T22:14:22.160+0000] {dag.py:2690} INFO - Sync 1 DAGs
[2023-02-13T22:14:22.197+0000] {logging_mixin.py:137} INFO - [2023-02-13T22:14:22.197+0000] {dag.py:3441} INFO - Setting next_dagrun for dag_with_xcom to 2023-02-12T02:36:00+00:00, run_after=2023-02-13T02:36:00+00:00
[2023-02-13T22:14:22.219+0000] {processor.py:175} INFO - Processing /opt/airflow/dags/dag_with_xcom.py took 0.123 seconds
[2023-02-13T22:14:52.380+0000] {processor.py:153} INFO - Started process (PID=247) to work on /opt/airflow/dags/dag_with_xcom.py
[2023-02-13T22:14:52.381+0000] {processor.py:743} INFO - Processing file /opt/airflow/dags/dag_with_xcom.py for tasks to queue
[2023-02-13T22:14:52.382+0000] {logging_mixin.py:137} INFO - [2023-02-13T22:14:52.382+0000] {dagbag.py:538} INFO - Filling up the DagBag from /opt/airflow/dags/dag_with_xcom.py
[2023-02-13T22:14:52.412+0000] {processor.py:753} INFO - DAG(s) dict_keys(['dag_with_xcom']) retrieved from /opt/airflow/dags/dag_with_xcom.py
[2023-02-13T22:14:52.446+0000] {logging_mixin.py:137} INFO - [2023-02-13T22:14:52.446+0000] {dag.py:2690} INFO - Sync 1 DAGs
[2023-02-13T22:14:52.487+0000] {logging_mixin.py:137} INFO - [2023-02-13T22:14:52.487+0000] {dag.py:3441} INFO - Setting next_dagrun for dag_with_xcom to 2023-02-12T02:36:00+00:00, run_after=2023-02-13T02:36:00+00:00
[2023-02-13T22:14:52.527+0000] {processor.py:175} INFO - Processing /opt/airflow/dags/dag_with_xcom.py took 0.152 seconds
[2023-02-13T22:15:23.399+0000] {processor.py:153} INFO - Started process (PID=284) to work on /opt/airflow/dags/dag_with_xcom.py
[2023-02-13T22:15:23.400+0000] {processor.py:743} INFO - Processing file /opt/airflow/dags/dag_with_xcom.py for tasks to queue
[2023-02-13T22:15:23.401+0000] {logging_mixin.py:137} INFO - [2023-02-13T22:15:23.400+0000] {dagbag.py:538} INFO - Filling up the DagBag from /opt/airflow/dags/dag_with_xcom.py
[2023-02-13T22:15:23.418+0000] {processor.py:753} INFO - DAG(s) dict_keys(['dag_with_xcom']) retrieved from /opt/airflow/dags/dag_with_xcom.py
[2023-02-13T22:15:23.448+0000] {logging_mixin.py:137} INFO - [2023-02-13T22:15:23.447+0000] {dag.py:2690} INFO - Sync 1 DAGs
[2023-02-13T22:15:23.488+0000] {logging_mixin.py:137} INFO - [2023-02-13T22:15:23.488+0000] {dag.py:3441} INFO - Setting next_dagrun for dag_with_xcom to 2023-02-12T02:36:00+00:00, run_after=2023-02-13T02:36:00+00:00
[2023-02-13T22:15:23.516+0000] {processor.py:175} INFO - Processing /opt/airflow/dags/dag_with_xcom.py took 0.121 seconds
[2023-02-13T22:15:54.241+0000] {processor.py:153} INFO - Started process (PID=336) to work on /opt/airflow/dags/dag_with_xcom.py
[2023-02-13T22:15:54.242+0000] {processor.py:743} INFO - Processing file /opt/airflow/dags/dag_with_xcom.py for tasks to queue
[2023-02-13T22:15:54.243+0000] {logging_mixin.py:137} INFO - [2023-02-13T22:15:54.242+0000] {dagbag.py:538} INFO - Filling up the DagBag from /opt/airflow/dags/dag_with_xcom.py
[2023-02-13T22:15:54.262+0000] {processor.py:753} INFO - DAG(s) dict_keys(['dag_with_xcom']) retrieved from /opt/airflow/dags/dag_with_xcom.py
[2023-02-13T22:15:54.291+0000] {logging_mixin.py:137} INFO - [2023-02-13T22:15:54.291+0000] {dag.py:2690} INFO - Sync 1 DAGs
[2023-02-13T22:15:54.331+0000] {logging_mixin.py:137} INFO - [2023-02-13T22:15:54.330+0000] {dag.py:3441} INFO - Setting next_dagrun for dag_with_xcom to 2023-02-12T02:36:00+00:00, run_after=2023-02-13T02:36:00+00:00
[2023-02-13T22:15:54.356+0000] {processor.py:175} INFO - Processing /opt/airflow/dags/dag_with_xcom.py took 0.118 seconds
[2023-02-13T22:16:25.109+0000] {processor.py:153} INFO - Started process (PID=372) to work on /opt/airflow/dags/dag_with_xcom.py
[2023-02-13T22:16:25.110+0000] {processor.py:743} INFO - Processing file /opt/airflow/dags/dag_with_xcom.py for tasks to queue
[2023-02-13T22:16:25.111+0000] {logging_mixin.py:137} INFO - [2023-02-13T22:16:25.111+0000] {dagbag.py:538} INFO - Filling up the DagBag from /opt/airflow/dags/dag_with_xcom.py
[2023-02-13T22:16:25.136+0000] {processor.py:753} INFO - DAG(s) dict_keys(['dag_with_xcom']) retrieved from /opt/airflow/dags/dag_with_xcom.py
[2023-02-13T22:16:25.178+0000] {logging_mixin.py:137} INFO - [2023-02-13T22:16:25.178+0000] {dag.py:2690} INFO - Sync 1 DAGs
[2023-02-13T22:16:25.224+0000] {logging_mixin.py:137} INFO - [2023-02-13T22:16:25.224+0000] {dag.py:3441} INFO - Setting next_dagrun for dag_with_xcom to 2023-02-12T02:36:00+00:00, run_after=2023-02-13T02:36:00+00:00
[2023-02-13T22:16:25.255+0000] {processor.py:175} INFO - Processing /opt/airflow/dags/dag_with_xcom.py took 0.150 seconds
[2023-02-13T22:16:56.051+0000] {processor.py:153} INFO - Started process (PID=408) to work on /opt/airflow/dags/dag_with_xcom.py
[2023-02-13T22:16:56.052+0000] {processor.py:743} INFO - Processing file /opt/airflow/dags/dag_with_xcom.py for tasks to queue
[2023-02-13T22:16:56.052+0000] {logging_mixin.py:137} INFO - [2023-02-13T22:16:56.052+0000] {dagbag.py:538} INFO - Filling up the DagBag from /opt/airflow/dags/dag_with_xcom.py
[2023-02-13T22:16:56.072+0000] {processor.py:753} INFO - DAG(s) dict_keys(['dag_with_xcom']) retrieved from /opt/airflow/dags/dag_with_xcom.py
[2023-02-13T22:16:56.107+0000] {logging_mixin.py:137} INFO - [2023-02-13T22:16:56.106+0000] {dag.py:2690} INFO - Sync 1 DAGs
[2023-02-13T22:16:56.147+0000] {logging_mixin.py:137} INFO - [2023-02-13T22:16:56.147+0000] {dag.py:3441} INFO - Setting next_dagrun for dag_with_xcom to 2023-02-12T02:36:00+00:00, run_after=2023-02-13T02:36:00+00:00
[2023-02-13T22:16:56.174+0000] {processor.py:175} INFO - Processing /opt/airflow/dags/dag_with_xcom.py took 0.127 seconds
[2023-02-13T22:17:27.008+0000] {processor.py:153} INFO - Started process (PID=457) to work on /opt/airflow/dags/dag_with_xcom.py
[2023-02-13T22:17:27.009+0000] {processor.py:743} INFO - Processing file /opt/airflow/dags/dag_with_xcom.py for tasks to queue
[2023-02-13T22:17:27.009+0000] {logging_mixin.py:137} INFO - [2023-02-13T22:17:27.009+0000] {dagbag.py:538} INFO - Filling up the DagBag from /opt/airflow/dags/dag_with_xcom.py
[2023-02-13T22:17:27.028+0000] {processor.py:753} INFO - DAG(s) dict_keys(['dag_with_xcom']) retrieved from /opt/airflow/dags/dag_with_xcom.py
[2023-02-13T22:17:27.057+0000] {logging_mixin.py:137} INFO - [2023-02-13T22:17:27.057+0000] {dag.py:2690} INFO - Sync 1 DAGs
[2023-02-13T22:17:27.101+0000] {logging_mixin.py:137} INFO - [2023-02-13T22:17:27.101+0000] {dag.py:3441} INFO - Setting next_dagrun for dag_with_xcom to 2023-02-12T02:36:00+00:00, run_after=2023-02-13T02:36:00+00:00
[2023-02-13T22:17:27.136+0000] {processor.py:175} INFO - Processing /opt/airflow/dags/dag_with_xcom.py took 0.131 seconds
[2023-02-13T22:17:57.851+0000] {processor.py:153} INFO - Started process (PID=493) to work on /opt/airflow/dags/dag_with_xcom.py
[2023-02-13T22:17:57.852+0000] {processor.py:743} INFO - Processing file /opt/airflow/dags/dag_with_xcom.py for tasks to queue
[2023-02-13T22:17:57.853+0000] {logging_mixin.py:137} INFO - [2023-02-13T22:17:57.852+0000] {dagbag.py:538} INFO - Filling up the DagBag from /opt/airflow/dags/dag_with_xcom.py
[2023-02-13T22:17:57.873+0000] {processor.py:753} INFO - DAG(s) dict_keys(['dag_with_xcom']) retrieved from /opt/airflow/dags/dag_with_xcom.py
[2023-02-13T22:17:57.903+0000] {logging_mixin.py:137} INFO - [2023-02-13T22:17:57.903+0000] {dag.py:2690} INFO - Sync 1 DAGs
[2023-02-13T22:17:57.943+0000] {logging_mixin.py:137} INFO - [2023-02-13T22:17:57.943+0000] {dag.py:3441} INFO - Setting next_dagrun for dag_with_xcom to 2023-02-12T02:36:00+00:00, run_after=2023-02-13T02:36:00+00:00
[2023-02-13T22:17:57.975+0000] {processor.py:175} INFO - Processing /opt/airflow/dags/dag_with_xcom.py took 0.129 seconds
[2023-02-13T22:18:28.770+0000] {processor.py:153} INFO - Started process (PID=535) to work on /opt/airflow/dags/dag_with_xcom.py
[2023-02-13T22:18:28.772+0000] {processor.py:743} INFO - Processing file /opt/airflow/dags/dag_with_xcom.py for tasks to queue
[2023-02-13T22:18:28.774+0000] {logging_mixin.py:137} INFO - [2023-02-13T22:18:28.773+0000] {dagbag.py:538} INFO - Filling up the DagBag from /opt/airflow/dags/dag_with_xcom.py
[2023-02-13T22:18:28.802+0000] {processor.py:753} INFO - DAG(s) dict_keys(['dag_with_xcom']) retrieved from /opt/airflow/dags/dag_with_xcom.py
[2023-02-13T22:18:28.840+0000] {logging_mixin.py:137} INFO - [2023-02-13T22:18:28.839+0000] {dag.py:2690} INFO - Sync 1 DAGs
[2023-02-13T22:18:28.885+0000] {logging_mixin.py:137} INFO - [2023-02-13T22:18:28.885+0000] {dag.py:3441} INFO - Setting next_dagrun for dag_with_xcom to 2023-02-12T02:36:00+00:00, run_after=2023-02-13T02:36:00+00:00
[2023-02-13T22:18:28.917+0000] {processor.py:175} INFO - Processing /opt/airflow/dags/dag_with_xcom.py took 0.153 seconds
[2023-02-13T22:18:59.788+0000] {processor.py:153} INFO - Started process (PID=578) to work on /opt/airflow/dags/dag_with_xcom.py
[2023-02-13T22:18:59.788+0000] {processor.py:743} INFO - Processing file /opt/airflow/dags/dag_with_xcom.py for tasks to queue
[2023-02-13T22:18:59.789+0000] {logging_mixin.py:137} INFO - [2023-02-13T22:18:59.789+0000] {dagbag.py:538} INFO - Filling up the DagBag from /opt/airflow/dags/dag_with_xcom.py
[2023-02-13T22:18:59.805+0000] {processor.py:753} INFO - DAG(s) dict_keys(['dag_with_xcom']) retrieved from /opt/airflow/dags/dag_with_xcom.py
[2023-02-13T22:18:59.833+0000] {logging_mixin.py:137} INFO - [2023-02-13T22:18:59.832+0000] {dag.py:2690} INFO - Sync 1 DAGs
[2023-02-13T22:18:59.871+0000] {logging_mixin.py:137} INFO - [2023-02-13T22:18:59.870+0000] {dag.py:3441} INFO - Setting next_dagrun for dag_with_xcom to 2023-02-12T02:36:00+00:00, run_after=2023-02-13T02:36:00+00:00
[2023-02-13T22:18:59.897+0000] {processor.py:175} INFO - Processing /opt/airflow/dags/dag_with_xcom.py took 0.112 seconds
[2023-02-13T22:19:30.654+0000] {processor.py:153} INFO - Started process (PID=614) to work on /opt/airflow/dags/dag_with_xcom.py
[2023-02-13T22:19:30.655+0000] {processor.py:743} INFO - Processing file /opt/airflow/dags/dag_with_xcom.py for tasks to queue
[2023-02-13T22:19:30.655+0000] {logging_mixin.py:137} INFO - [2023-02-13T22:19:30.655+0000] {dagbag.py:538} INFO - Filling up the DagBag from /opt/airflow/dags/dag_with_xcom.py
[2023-02-13T22:19:30.675+0000] {processor.py:753} INFO - DAG(s) dict_keys(['dag_with_xcom']) retrieved from /opt/airflow/dags/dag_with_xcom.py
[2023-02-13T22:19:30.710+0000] {logging_mixin.py:137} INFO - [2023-02-13T22:19:30.710+0000] {dag.py:2690} INFO - Sync 1 DAGs
[2023-02-13T22:19:30.752+0000] {logging_mixin.py:137} INFO - [2023-02-13T22:19:30.752+0000] {dag.py:3441} INFO - Setting next_dagrun for dag_with_xcom to 2023-02-12T02:36:00+00:00, run_after=2023-02-13T02:36:00+00:00
[2023-02-13T22:19:30.781+0000] {processor.py:175} INFO - Processing /opt/airflow/dags/dag_with_xcom.py took 0.131 seconds
[2023-02-13T22:20:01.589+0000] {processor.py:153} INFO - Started process (PID=657) to work on /opt/airflow/dags/dag_with_xcom.py
[2023-02-13T22:20:01.590+0000] {processor.py:743} INFO - Processing file /opt/airflow/dags/dag_with_xcom.py for tasks to queue
[2023-02-13T22:20:01.591+0000] {logging_mixin.py:137} INFO - [2023-02-13T22:20:01.591+0000] {dagbag.py:538} INFO - Filling up the DagBag from /opt/airflow/dags/dag_with_xcom.py
[2023-02-13T22:20:01.614+0000] {processor.py:753} INFO - DAG(s) dict_keys(['dag_with_xcom']) retrieved from /opt/airflow/dags/dag_with_xcom.py
[2023-02-13T22:20:01.655+0000] {logging_mixin.py:137} INFO - [2023-02-13T22:20:01.654+0000] {dag.py:2690} INFO - Sync 1 DAGs
[2023-02-13T22:20:01.698+0000] {logging_mixin.py:137} INFO - [2023-02-13T22:20:01.698+0000] {dag.py:3441} INFO - Setting next_dagrun for dag_with_xcom to 2023-02-12T02:36:00+00:00, run_after=2023-02-13T02:36:00+00:00
[2023-02-13T22:20:01.728+0000] {processor.py:175} INFO - Processing /opt/airflow/dags/dag_with_xcom.py took 0.143 seconds
[2023-02-13T22:20:32.538+0000] {processor.py:153} INFO - Started process (PID=700) to work on /opt/airflow/dags/dag_with_xcom.py
[2023-02-13T22:20:32.539+0000] {processor.py:743} INFO - Processing file /opt/airflow/dags/dag_with_xcom.py for tasks to queue
[2023-02-13T22:20:32.540+0000] {logging_mixin.py:137} INFO - [2023-02-13T22:20:32.540+0000] {dagbag.py:538} INFO - Filling up the DagBag from /opt/airflow/dags/dag_with_xcom.py
[2023-02-13T22:20:32.559+0000] {processor.py:753} INFO - DAG(s) dict_keys(['dag_with_xcom']) retrieved from /opt/airflow/dags/dag_with_xcom.py
[2023-02-13T22:20:32.597+0000] {logging_mixin.py:137} INFO - [2023-02-13T22:20:32.596+0000] {dag.py:2690} INFO - Sync 1 DAGs
[2023-02-13T22:20:32.638+0000] {logging_mixin.py:137} INFO - [2023-02-13T22:20:32.637+0000] {dag.py:3441} INFO - Setting next_dagrun for dag_with_xcom to 2023-02-12T02:36:00+00:00, run_after=2023-02-13T02:36:00+00:00
[2023-02-13T22:20:32.679+0000] {processor.py:175} INFO - Processing /opt/airflow/dags/dag_with_xcom.py took 0.144 seconds
[2023-02-13T22:21:03.607+0000] {processor.py:153} INFO - Started process (PID=734) to work on /opt/airflow/dags/dag_with_xcom.py
[2023-02-13T22:21:03.608+0000] {processor.py:743} INFO - Processing file /opt/airflow/dags/dag_with_xcom.py for tasks to queue
[2023-02-13T22:21:03.609+0000] {logging_mixin.py:137} INFO - [2023-02-13T22:21:03.609+0000] {dagbag.py:538} INFO - Filling up the DagBag from /opt/airflow/dags/dag_with_xcom.py
[2023-02-13T22:21:03.639+0000] {processor.py:753} INFO - DAG(s) dict_keys(['dag_with_xcom']) retrieved from /opt/airflow/dags/dag_with_xcom.py
[2023-02-13T22:21:03.672+0000] {logging_mixin.py:137} INFO - [2023-02-13T22:21:03.672+0000] {dag.py:2690} INFO - Sync 1 DAGs
[2023-02-13T22:21:03.711+0000] {logging_mixin.py:137} INFO - [2023-02-13T22:21:03.710+0000] {dag.py:3441} INFO - Setting next_dagrun for dag_with_xcom to 2023-02-12T02:36:00+00:00, run_after=2023-02-13T02:36:00+00:00
[2023-02-13T22:21:03.740+0000] {processor.py:175} INFO - Processing /opt/airflow/dags/dag_with_xcom.py took 0.138 seconds
[2023-02-13T22:21:34.499+0000] {processor.py:153} INFO - Started process (PID=779) to work on /opt/airflow/dags/dag_with_xcom.py
[2023-02-13T22:21:34.502+0000] {processor.py:743} INFO - Processing file /opt/airflow/dags/dag_with_xcom.py for tasks to queue
[2023-02-13T22:21:34.504+0000] {logging_mixin.py:137} INFO - [2023-02-13T22:21:34.504+0000] {dagbag.py:538} INFO - Filling up the DagBag from /opt/airflow/dags/dag_with_xcom.py
[2023-02-13T22:21:34.529+0000] {processor.py:753} INFO - DAG(s) dict_keys(['dag_with_xcom']) retrieved from /opt/airflow/dags/dag_with_xcom.py
[2023-02-13T22:21:34.568+0000] {logging_mixin.py:137} INFO - [2023-02-13T22:21:34.567+0000] {dag.py:2690} INFO - Sync 1 DAGs
[2023-02-13T22:21:34.619+0000] {logging_mixin.py:137} INFO - [2023-02-13T22:21:34.619+0000] {dag.py:3441} INFO - Setting next_dagrun for dag_with_xcom to 2023-02-12T02:36:00+00:00, run_after=2023-02-13T02:36:00+00:00
[2023-02-13T22:21:34.657+0000] {processor.py:175} INFO - Processing /opt/airflow/dags/dag_with_xcom.py took 0.163 seconds
[2023-02-13T22:22:05.427+0000] {processor.py:153} INFO - Started process (PID=820) to work on /opt/airflow/dags/dag_with_xcom.py
[2023-02-13T22:22:05.428+0000] {processor.py:743} INFO - Processing file /opt/airflow/dags/dag_with_xcom.py for tasks to queue
[2023-02-13T22:22:05.429+0000] {logging_mixin.py:137} INFO - [2023-02-13T22:22:05.429+0000] {dagbag.py:538} INFO - Filling up the DagBag from /opt/airflow/dags/dag_with_xcom.py
[2023-02-13T22:22:05.457+0000] {processor.py:753} INFO - DAG(s) dict_keys(['dag_with_xcom']) retrieved from /opt/airflow/dags/dag_with_xcom.py
[2023-02-13T22:22:05.490+0000] {logging_mixin.py:137} INFO - [2023-02-13T22:22:05.490+0000] {dag.py:2690} INFO - Sync 1 DAGs
[2023-02-13T22:22:05.531+0000] {logging_mixin.py:137} INFO - [2023-02-13T22:22:05.531+0000] {dag.py:3441} INFO - Setting next_dagrun for dag_with_xcom to 2023-02-12T02:36:00+00:00, run_after=2023-02-13T02:36:00+00:00
[2023-02-13T22:22:05.571+0000] {processor.py:175} INFO - Processing /opt/airflow/dags/dag_with_xcom.py took 0.149 seconds
[2023-02-13T22:22:36.337+0000] {processor.py:153} INFO - Started process (PID=857) to work on /opt/airflow/dags/dag_with_xcom.py
[2023-02-13T22:22:36.338+0000] {processor.py:743} INFO - Processing file /opt/airflow/dags/dag_with_xcom.py for tasks to queue
[2023-02-13T22:22:36.339+0000] {logging_mixin.py:137} INFO - [2023-02-13T22:22:36.338+0000] {dagbag.py:538} INFO - Filling up the DagBag from /opt/airflow/dags/dag_with_xcom.py
[2023-02-13T22:22:36.358+0000] {processor.py:753} INFO - DAG(s) dict_keys(['dag_with_xcom']) retrieved from /opt/airflow/dags/dag_with_xcom.py
[2023-02-13T22:22:36.392+0000] {logging_mixin.py:137} INFO - [2023-02-13T22:22:36.392+0000] {dag.py:2690} INFO - Sync 1 DAGs
[2023-02-13T22:22:36.433+0000] {logging_mixin.py:137} INFO - [2023-02-13T22:22:36.433+0000] {dag.py:3441} INFO - Setting next_dagrun for dag_with_xcom to 2023-02-12T02:36:00+00:00, run_after=2023-02-13T02:36:00+00:00
[2023-02-13T22:22:36.461+0000] {processor.py:175} INFO - Processing /opt/airflow/dags/dag_with_xcom.py took 0.128 seconds
[2023-02-13T22:23:07.276+0000] {processor.py:153} INFO - Started process (PID=908) to work on /opt/airflow/dags/dag_with_xcom.py
[2023-02-13T22:23:07.277+0000] {processor.py:743} INFO - Processing file /opt/airflow/dags/dag_with_xcom.py for tasks to queue
[2023-02-13T22:23:07.278+0000] {logging_mixin.py:137} INFO - [2023-02-13T22:23:07.277+0000] {dagbag.py:538} INFO - Filling up the DagBag from /opt/airflow/dags/dag_with_xcom.py
[2023-02-13T22:23:07.308+0000] {processor.py:753} INFO - DAG(s) dict_keys(['dag_with_xcom']) retrieved from /opt/airflow/dags/dag_with_xcom.py
[2023-02-13T22:23:07.362+0000] {logging_mixin.py:137} INFO - [2023-02-13T22:23:07.362+0000] {dag.py:2690} INFO - Sync 1 DAGs
[2023-02-13T22:23:07.404+0000] {logging_mixin.py:137} INFO - [2023-02-13T22:23:07.404+0000] {dag.py:3441} INFO - Setting next_dagrun for dag_with_xcom to 2023-02-12T02:36:00+00:00, run_after=2023-02-13T02:36:00+00:00
[2023-02-13T22:23:07.439+0000] {processor.py:175} INFO - Processing /opt/airflow/dags/dag_with_xcom.py took 0.166 seconds
[2023-02-13T22:23:38.243+0000] {processor.py:153} INFO - Started process (PID=943) to work on /opt/airflow/dags/dag_with_xcom.py
[2023-02-13T22:23:38.244+0000] {processor.py:743} INFO - Processing file /opt/airflow/dags/dag_with_xcom.py for tasks to queue
[2023-02-13T22:23:38.246+0000] {logging_mixin.py:137} INFO - [2023-02-13T22:23:38.245+0000] {dagbag.py:538} INFO - Filling up the DagBag from /opt/airflow/dags/dag_with_xcom.py
[2023-02-13T22:23:38.266+0000] {processor.py:753} INFO - DAG(s) dict_keys(['dag_with_xcom']) retrieved from /opt/airflow/dags/dag_with_xcom.py
[2023-02-13T22:23:38.298+0000] {logging_mixin.py:137} INFO - [2023-02-13T22:23:38.298+0000] {dag.py:2690} INFO - Sync 1 DAGs
[2023-02-13T22:23:38.338+0000] {logging_mixin.py:137} INFO - [2023-02-13T22:23:38.338+0000] {dag.py:3441} INFO - Setting next_dagrun for dag_with_xcom to 2023-02-12T02:36:00+00:00, run_after=2023-02-13T02:36:00+00:00
[2023-02-13T22:23:38.367+0000] {processor.py:175} INFO - Processing /opt/airflow/dags/dag_with_xcom.py took 0.128 seconds
[2023-02-13T22:24:09.087+0000] {processor.py:153} INFO - Started process (PID=979) to work on /opt/airflow/dags/dag_with_xcom.py
[2023-02-13T22:24:09.088+0000] {processor.py:743} INFO - Processing file /opt/airflow/dags/dag_with_xcom.py for tasks to queue
[2023-02-13T22:24:09.089+0000] {logging_mixin.py:137} INFO - [2023-02-13T22:24:09.089+0000] {dagbag.py:538} INFO - Filling up the DagBag from /opt/airflow/dags/dag_with_xcom.py
[2023-02-13T22:24:09.107+0000] {processor.py:753} INFO - DAG(s) dict_keys(['dag_with_xcom']) retrieved from /opt/airflow/dags/dag_with_xcom.py
[2023-02-13T22:24:09.137+0000] {logging_mixin.py:137} INFO - [2023-02-13T22:24:09.137+0000] {dag.py:2690} INFO - Sync 1 DAGs
[2023-02-13T22:24:09.177+0000] {logging_mixin.py:137} INFO - [2023-02-13T22:24:09.177+0000] {dag.py:3441} INFO - Setting next_dagrun for dag_with_xcom to 2023-02-12T02:36:00+00:00, run_after=2023-02-13T02:36:00+00:00
[2023-02-13T22:24:09.202+0000] {processor.py:175} INFO - Processing /opt/airflow/dags/dag_with_xcom.py took 0.118 seconds
[2023-02-13T22:24:40.011+0000] {processor.py:153} INFO - Started process (PID=1030) to work on /opt/airflow/dags/dag_with_xcom.py
[2023-02-13T22:24:40.014+0000] {processor.py:743} INFO - Processing file /opt/airflow/dags/dag_with_xcom.py for tasks to queue
[2023-02-13T22:24:40.015+0000] {logging_mixin.py:137} INFO - [2023-02-13T22:24:40.015+0000] {dagbag.py:538} INFO - Filling up the DagBag from /opt/airflow/dags/dag_with_xcom.py
[2023-02-13T22:24:40.038+0000] {processor.py:753} INFO - DAG(s) dict_keys(['dag_with_xcom']) retrieved from /opt/airflow/dags/dag_with_xcom.py
[2023-02-13T22:24:40.069+0000] {logging_mixin.py:137} INFO - [2023-02-13T22:24:40.069+0000] {dag.py:2690} INFO - Sync 1 DAGs
[2023-02-13T22:24:40.113+0000] {logging_mixin.py:137} INFO - [2023-02-13T22:24:40.112+0000] {dag.py:3441} INFO - Setting next_dagrun for dag_with_xcom to 2023-02-12T02:36:00+00:00, run_after=2023-02-13T02:36:00+00:00
[2023-02-13T22:24:40.153+0000] {processor.py:175} INFO - Processing /opt/airflow/dags/dag_with_xcom.py took 0.146 seconds
[2023-02-13T22:25:11.039+0000] {processor.py:153} INFO - Started process (PID=1067) to work on /opt/airflow/dags/dag_with_xcom.py
[2023-02-13T22:25:11.039+0000] {processor.py:743} INFO - Processing file /opt/airflow/dags/dag_with_xcom.py for tasks to queue
[2023-02-13T22:25:11.040+0000] {logging_mixin.py:137} INFO - [2023-02-13T22:25:11.040+0000] {dagbag.py:538} INFO - Filling up the DagBag from /opt/airflow/dags/dag_with_xcom.py
[2023-02-13T22:25:11.058+0000] {processor.py:753} INFO - DAG(s) dict_keys(['dag_with_xcom']) retrieved from /opt/airflow/dags/dag_with_xcom.py
[2023-02-13T22:25:11.091+0000] {logging_mixin.py:137} INFO - [2023-02-13T22:25:11.091+0000] {dag.py:2690} INFO - Sync 1 DAGs
[2023-02-13T22:25:11.140+0000] {logging_mixin.py:137} INFO - [2023-02-13T22:25:11.139+0000] {dag.py:3441} INFO - Setting next_dagrun for dag_with_xcom to 2023-02-12T02:36:00+00:00, run_after=2023-02-13T02:36:00+00:00
[2023-02-13T22:25:11.180+0000] {processor.py:175} INFO - Processing /opt/airflow/dags/dag_with_xcom.py took 0.145 seconds
[2023-02-13T22:25:42.110+0000] {processor.py:153} INFO - Started process (PID=1102) to work on /opt/airflow/dags/dag_with_xcom.py
[2023-02-13T22:25:42.111+0000] {processor.py:743} INFO - Processing file /opt/airflow/dags/dag_with_xcom.py for tasks to queue
[2023-02-13T22:25:42.112+0000] {logging_mixin.py:137} INFO - [2023-02-13T22:25:42.112+0000] {dagbag.py:538} INFO - Filling up the DagBag from /opt/airflow/dags/dag_with_xcom.py
[2023-02-13T22:25:42.135+0000] {processor.py:753} INFO - DAG(s) dict_keys(['dag_with_xcom']) retrieved from /opt/airflow/dags/dag_with_xcom.py
[2023-02-13T22:25:42.170+0000] {logging_mixin.py:137} INFO - [2023-02-13T22:25:42.169+0000] {dag.py:2690} INFO - Sync 1 DAGs
[2023-02-13T22:25:42.212+0000] {logging_mixin.py:137} INFO - [2023-02-13T22:25:42.211+0000] {dag.py:3441} INFO - Setting next_dagrun for dag_with_xcom to 2023-02-12T02:36:00+00:00, run_after=2023-02-13T02:36:00+00:00
[2023-02-13T22:25:42.247+0000] {processor.py:175} INFO - Processing /opt/airflow/dags/dag_with_xcom.py took 0.141 seconds
[2023-02-13T22:26:13.029+0000] {processor.py:153} INFO - Started process (PID=1150) to work on /opt/airflow/dags/dag_with_xcom.py
[2023-02-13T22:26:13.030+0000] {processor.py:743} INFO - Processing file /opt/airflow/dags/dag_with_xcom.py for tasks to queue
[2023-02-13T22:26:13.030+0000] {logging_mixin.py:137} INFO - [2023-02-13T22:26:13.030+0000] {dagbag.py:538} INFO - Filling up the DagBag from /opt/airflow/dags/dag_with_xcom.py
[2023-02-13T22:26:13.049+0000] {processor.py:753} INFO - DAG(s) dict_keys(['dag_with_xcom']) retrieved from /opt/airflow/dags/dag_with_xcom.py
[2023-02-13T22:26:13.081+0000] {logging_mixin.py:137} INFO - [2023-02-13T22:26:13.081+0000] {dag.py:2690} INFO - Sync 1 DAGs
[2023-02-13T22:26:13.125+0000] {logging_mixin.py:137} INFO - [2023-02-13T22:26:13.125+0000] {dag.py:3441} INFO - Setting next_dagrun for dag_with_xcom to 2023-02-12T02:36:00+00:00, run_after=2023-02-13T02:36:00+00:00
[2023-02-13T22:26:13.154+0000] {processor.py:175} INFO - Processing /opt/airflow/dags/dag_with_xcom.py took 0.128 seconds
[2023-02-13T22:26:44.158+0000] {processor.py:153} INFO - Started process (PID=1187) to work on /opt/airflow/dags/dag_with_xcom.py
[2023-02-13T22:26:44.159+0000] {processor.py:743} INFO - Processing file /opt/airflow/dags/dag_with_xcom.py for tasks to queue
[2023-02-13T22:26:44.159+0000] {logging_mixin.py:137} INFO - [2023-02-13T22:26:44.159+0000] {dagbag.py:538} INFO - Filling up the DagBag from /opt/airflow/dags/dag_with_xcom.py
[2023-02-13T22:26:44.178+0000] {processor.py:753} INFO - DAG(s) dict_keys(['dag_with_xcom']) retrieved from /opt/airflow/dags/dag_with_xcom.py
[2023-02-13T22:26:44.209+0000] {logging_mixin.py:137} INFO - [2023-02-13T22:26:44.209+0000] {dag.py:2690} INFO - Sync 1 DAGs
[2023-02-13T22:26:44.253+0000] {logging_mixin.py:137} INFO - [2023-02-13T22:26:44.253+0000] {dag.py:3441} INFO - Setting next_dagrun for dag_with_xcom to 2023-02-12T02:36:00+00:00, run_after=2023-02-13T02:36:00+00:00
[2023-02-13T22:26:44.302+0000] {processor.py:175} INFO - Processing /opt/airflow/dags/dag_with_xcom.py took 0.147 seconds
[2023-02-13T22:27:15.143+0000] {processor.py:153} INFO - Started process (PID=1223) to work on /opt/airflow/dags/dag_with_xcom.py
[2023-02-13T22:27:15.144+0000] {processor.py:743} INFO - Processing file /opt/airflow/dags/dag_with_xcom.py for tasks to queue
[2023-02-13T22:27:15.145+0000] {logging_mixin.py:137} INFO - [2023-02-13T22:27:15.145+0000] {dagbag.py:538} INFO - Filling up the DagBag from /opt/airflow/dags/dag_with_xcom.py
[2023-02-13T22:27:15.163+0000] {processor.py:753} INFO - DAG(s) dict_keys(['dag_with_xcom']) retrieved from /opt/airflow/dags/dag_with_xcom.py
[2023-02-13T22:27:15.191+0000] {logging_mixin.py:137} INFO - [2023-02-13T22:27:15.191+0000] {dag.py:2690} INFO - Sync 1 DAGs
[2023-02-13T22:27:15.229+0000] {logging_mixin.py:137} INFO - [2023-02-13T22:27:15.229+0000] {dag.py:3441} INFO - Setting next_dagrun for dag_with_xcom to 2023-02-12T02:36:00+00:00, run_after=2023-02-13T02:36:00+00:00
[2023-02-13T22:27:15.253+0000] {processor.py:175} INFO - Processing /opt/airflow/dags/dag_with_xcom.py took 0.113 seconds
[2023-02-13T22:27:46.278+0000] {processor.py:153} INFO - Started process (PID=1272) to work on /opt/airflow/dags/dag_with_xcom.py
[2023-02-13T22:27:46.280+0000] {processor.py:743} INFO - Processing file /opt/airflow/dags/dag_with_xcom.py for tasks to queue
[2023-02-13T22:27:46.280+0000] {logging_mixin.py:137} INFO - [2023-02-13T22:27:46.280+0000] {dagbag.py:538} INFO - Filling up the DagBag from /opt/airflow/dags/dag_with_xcom.py
[2023-02-13T22:27:46.313+0000] {processor.py:753} INFO - DAG(s) dict_keys(['dag_with_xcom']) retrieved from /opt/airflow/dags/dag_with_xcom.py
[2023-02-13T22:27:46.354+0000] {logging_mixin.py:137} INFO - [2023-02-13T22:27:46.354+0000] {dag.py:2690} INFO - Sync 1 DAGs
[2023-02-13T22:27:46.392+0000] {logging_mixin.py:137} INFO - [2023-02-13T22:27:46.392+0000] {dag.py:3441} INFO - Setting next_dagrun for dag_with_xcom to 2023-02-12T02:36:00+00:00, run_after=2023-02-13T02:36:00+00:00
[2023-02-13T22:27:46.418+0000] {processor.py:175} INFO - Processing /opt/airflow/dags/dag_with_xcom.py took 0.143 seconds
[2023-02-13T22:28:17.280+0000] {processor.py:153} INFO - Started process (PID=1307) to work on /opt/airflow/dags/dag_with_xcom.py
[2023-02-13T22:28:17.281+0000] {processor.py:743} INFO - Processing file /opt/airflow/dags/dag_with_xcom.py for tasks to queue
[2023-02-13T22:28:17.282+0000] {logging_mixin.py:137} INFO - [2023-02-13T22:28:17.281+0000] {dagbag.py:538} INFO - Filling up the DagBag from /opt/airflow/dags/dag_with_xcom.py
[2023-02-13T22:28:17.299+0000] {processor.py:753} INFO - DAG(s) dict_keys(['dag_with_xcom']) retrieved from /opt/airflow/dags/dag_with_xcom.py
[2023-02-13T22:28:17.329+0000] {logging_mixin.py:137} INFO - [2023-02-13T22:28:17.329+0000] {dag.py:2690} INFO - Sync 1 DAGs
[2023-02-13T22:28:17.366+0000] {logging_mixin.py:137} INFO - [2023-02-13T22:28:17.365+0000] {dag.py:3441} INFO - Setting next_dagrun for dag_with_xcom to 2023-02-12T02:36:00+00:00, run_after=2023-02-13T02:36:00+00:00
[2023-02-13T22:28:17.394+0000] {processor.py:175} INFO - Processing /opt/airflow/dags/dag_with_xcom.py took 0.117 seconds
[2023-02-13T22:28:48.150+0000] {processor.py:153} INFO - Started process (PID=1343) to work on /opt/airflow/dags/dag_with_xcom.py
[2023-02-13T22:28:48.151+0000] {processor.py:743} INFO - Processing file /opt/airflow/dags/dag_with_xcom.py for tasks to queue
[2023-02-13T22:28:48.152+0000] {logging_mixin.py:137} INFO - [2023-02-13T22:28:48.152+0000] {dagbag.py:538} INFO - Filling up the DagBag from /opt/airflow/dags/dag_with_xcom.py
[2023-02-13T22:28:48.182+0000] {processor.py:753} INFO - DAG(s) dict_keys(['dag_with_xcom']) retrieved from /opt/airflow/dags/dag_with_xcom.py
[2023-02-13T22:28:48.214+0000] {logging_mixin.py:137} INFO - [2023-02-13T22:28:48.214+0000] {dag.py:2690} INFO - Sync 1 DAGs
[2023-02-13T22:28:48.256+0000] {logging_mixin.py:137} INFO - [2023-02-13T22:28:48.256+0000] {dag.py:3441} INFO - Setting next_dagrun for dag_with_xcom to 2023-02-12T02:36:00+00:00, run_after=2023-02-13T02:36:00+00:00
[2023-02-13T22:28:48.286+0000] {processor.py:175} INFO - Processing /opt/airflow/dags/dag_with_xcom.py took 0.142 seconds
[2023-02-13T22:29:19.025+0000] {processor.py:153} INFO - Started process (PID=1393) to work on /opt/airflow/dags/dag_with_xcom.py
[2023-02-13T22:29:19.027+0000] {processor.py:743} INFO - Processing file /opt/airflow/dags/dag_with_xcom.py for tasks to queue
[2023-02-13T22:29:19.028+0000] {logging_mixin.py:137} INFO - [2023-02-13T22:29:19.027+0000] {dagbag.py:538} INFO - Filling up the DagBag from /opt/airflow/dags/dag_with_xcom.py
[2023-02-13T22:29:19.050+0000] {processor.py:753} INFO - DAG(s) dict_keys(['dag_with_xcom']) retrieved from /opt/airflow/dags/dag_with_xcom.py
[2023-02-13T22:29:19.084+0000] {logging_mixin.py:137} INFO - [2023-02-13T22:29:19.084+0000] {dag.py:2690} INFO - Sync 1 DAGs
[2023-02-13T22:29:19.123+0000] {logging_mixin.py:137} INFO - [2023-02-13T22:29:19.123+0000] {dag.py:3441} INFO - Setting next_dagrun for dag_with_xcom to 2023-02-12T02:36:00+00:00, run_after=2023-02-13T02:36:00+00:00
[2023-02-13T22:29:19.154+0000] {processor.py:175} INFO - Processing /opt/airflow/dags/dag_with_xcom.py took 0.133 seconds
[2023-02-13T22:29:49.967+0000] {processor.py:153} INFO - Started process (PID=1429) to work on /opt/airflow/dags/dag_with_xcom.py
[2023-02-13T22:29:49.968+0000] {processor.py:743} INFO - Processing file /opt/airflow/dags/dag_with_xcom.py for tasks to queue
[2023-02-13T22:29:49.969+0000] {logging_mixin.py:137} INFO - [2023-02-13T22:29:49.969+0000] {dagbag.py:538} INFO - Filling up the DagBag from /opt/airflow/dags/dag_with_xcom.py
[2023-02-13T22:29:49.987+0000] {processor.py:753} INFO - DAG(s) dict_keys(['dag_with_xcom']) retrieved from /opt/airflow/dags/dag_with_xcom.py
[2023-02-13T22:29:50.020+0000] {logging_mixin.py:137} INFO - [2023-02-13T22:29:50.020+0000] {dag.py:2690} INFO - Sync 1 DAGs
[2023-02-13T22:29:50.061+0000] {logging_mixin.py:137} INFO - [2023-02-13T22:29:50.061+0000] {dag.py:3441} INFO - Setting next_dagrun for dag_with_xcom to 2023-02-12T02:36:00+00:00, run_after=2023-02-13T02:36:00+00:00
[2023-02-13T22:29:50.101+0000] {processor.py:175} INFO - Processing /opt/airflow/dags/dag_with_xcom.py took 0.138 seconds
[2023-02-13T22:30:20.932+0000] {processor.py:153} INFO - Started process (PID=1465) to work on /opt/airflow/dags/dag_with_xcom.py
[2023-02-13T22:30:20.933+0000] {processor.py:743} INFO - Processing file /opt/airflow/dags/dag_with_xcom.py for tasks to queue
[2023-02-13T22:30:20.934+0000] {logging_mixin.py:137} INFO - [2023-02-13T22:30:20.933+0000] {dagbag.py:538} INFO - Filling up the DagBag from /opt/airflow/dags/dag_with_xcom.py
[2023-02-13T22:30:20.951+0000] {processor.py:753} INFO - DAG(s) dict_keys(['dag_with_xcom']) retrieved from /opt/airflow/dags/dag_with_xcom.py
[2023-02-13T22:30:20.978+0000] {logging_mixin.py:137} INFO - [2023-02-13T22:30:20.977+0000] {dag.py:2690} INFO - Sync 1 DAGs
[2023-02-13T22:30:21.015+0000] {logging_mixin.py:137} INFO - [2023-02-13T22:30:21.015+0000] {dag.py:3441} INFO - Setting next_dagrun for dag_with_xcom to 2023-02-12T02:36:00+00:00, run_after=2023-02-13T02:36:00+00:00
[2023-02-13T22:30:21.041+0000] {processor.py:175} INFO - Processing /opt/airflow/dags/dag_with_xcom.py took 0.111 seconds
[2023-02-13T22:30:51.745+0000] {processor.py:153} INFO - Started process (PID=1515) to work on /opt/airflow/dags/dag_with_xcom.py
[2023-02-13T22:30:51.745+0000] {processor.py:743} INFO - Processing file /opt/airflow/dags/dag_with_xcom.py for tasks to queue
[2023-02-13T22:30:51.746+0000] {logging_mixin.py:137} INFO - [2023-02-13T22:30:51.746+0000] {dagbag.py:538} INFO - Filling up the DagBag from /opt/airflow/dags/dag_with_xcom.py
[2023-02-13T22:30:51.763+0000] {processor.py:753} INFO - DAG(s) dict_keys(['dag_with_xcom']) retrieved from /opt/airflow/dags/dag_with_xcom.py
[2023-02-13T22:30:51.792+0000] {logging_mixin.py:137} INFO - [2023-02-13T22:30:51.792+0000] {dag.py:2690} INFO - Sync 1 DAGs
[2023-02-13T22:30:51.830+0000] {logging_mixin.py:137} INFO - [2023-02-13T22:30:51.829+0000] {dag.py:3441} INFO - Setting next_dagrun for dag_with_xcom to 2023-02-12T02:36:00+00:00, run_after=2023-02-13T02:36:00+00:00
[2023-02-13T22:30:51.858+0000] {processor.py:175} INFO - Processing /opt/airflow/dags/dag_with_xcom.py took 0.117 seconds
[2023-02-13T22:31:22.847+0000] {processor.py:153} INFO - Started process (PID=1549) to work on /opt/airflow/dags/dag_with_xcom.py
[2023-02-13T22:31:22.848+0000] {processor.py:743} INFO - Processing file /opt/airflow/dags/dag_with_xcom.py for tasks to queue
[2023-02-13T22:31:22.850+0000] {logging_mixin.py:137} INFO - [2023-02-13T22:31:22.849+0000] {dagbag.py:538} INFO - Filling up the DagBag from /opt/airflow/dags/dag_with_xcom.py
[2023-02-13T22:31:22.871+0000] {processor.py:753} INFO - DAG(s) dict_keys(['dag_with_xcom']) retrieved from /opt/airflow/dags/dag_with_xcom.py
[2023-02-13T22:31:22.912+0000] {logging_mixin.py:137} INFO - [2023-02-13T22:31:22.912+0000] {dag.py:2690} INFO - Sync 1 DAGs
[2023-02-13T22:31:22.955+0000] {logging_mixin.py:137} INFO - [2023-02-13T22:31:22.954+0000] {dag.py:3441} INFO - Setting next_dagrun for dag_with_xcom to 2023-02-12T02:36:00+00:00, run_after=2023-02-13T02:36:00+00:00
[2023-02-13T22:31:22.980+0000] {processor.py:175} INFO - Processing /opt/airflow/dags/dag_with_xcom.py took 0.140 seconds
[2023-02-13T22:31:53.892+0000] {processor.py:153} INFO - Started process (PID=1585) to work on /opt/airflow/dags/dag_with_xcom.py
[2023-02-13T22:31:53.894+0000] {processor.py:743} INFO - Processing file /opt/airflow/dags/dag_with_xcom.py for tasks to queue
[2023-02-13T22:31:53.895+0000] {logging_mixin.py:137} INFO - [2023-02-13T22:31:53.894+0000] {dagbag.py:538} INFO - Filling up the DagBag from /opt/airflow/dags/dag_with_xcom.py
[2023-02-13T22:31:53.917+0000] {processor.py:753} INFO - DAG(s) dict_keys(['dag_with_xcom']) retrieved from /opt/airflow/dags/dag_with_xcom.py
[2023-02-13T22:31:53.950+0000] {logging_mixin.py:137} INFO - [2023-02-13T22:31:53.950+0000] {dag.py:2690} INFO - Sync 1 DAGs
[2023-02-13T22:31:53.993+0000] {logging_mixin.py:137} INFO - [2023-02-13T22:31:53.993+0000] {dag.py:3441} INFO - Setting next_dagrun for dag_with_xcom to 2023-02-12T02:36:00+00:00, run_after=2023-02-13T02:36:00+00:00
[2023-02-13T22:31:54.023+0000] {processor.py:175} INFO - Processing /opt/airflow/dags/dag_with_xcom.py took 0.136 seconds
[2023-02-13T22:32:24.909+0000] {processor.py:153} INFO - Started process (PID=1635) to work on /opt/airflow/dags/dag_with_xcom.py
[2023-02-13T22:32:24.910+0000] {processor.py:743} INFO - Processing file /opt/airflow/dags/dag_with_xcom.py for tasks to queue
[2023-02-13T22:32:24.911+0000] {logging_mixin.py:137} INFO - [2023-02-13T22:32:24.910+0000] {dagbag.py:538} INFO - Filling up the DagBag from /opt/airflow/dags/dag_with_xcom.py
[2023-02-13T22:32:24.928+0000] {processor.py:753} INFO - DAG(s) dict_keys(['dag_with_xcom']) retrieved from /opt/airflow/dags/dag_with_xcom.py
[2023-02-13T22:32:24.958+0000] {logging_mixin.py:137} INFO - [2023-02-13T22:32:24.958+0000] {dag.py:2690} INFO - Sync 1 DAGs
[2023-02-13T22:32:24.997+0000] {logging_mixin.py:137} INFO - [2023-02-13T22:32:24.996+0000] {dag.py:3441} INFO - Setting next_dagrun for dag_with_xcom to 2023-02-12T02:36:00+00:00, run_after=2023-02-13T02:36:00+00:00
[2023-02-13T22:32:25.023+0000] {processor.py:175} INFO - Processing /opt/airflow/dags/dag_with_xcom.py took 0.117 seconds
[2023-02-13T22:32:55.711+0000] {processor.py:153} INFO - Started process (PID=1669) to work on /opt/airflow/dags/dag_with_xcom.py
[2023-02-13T22:32:55.712+0000] {processor.py:743} INFO - Processing file /opt/airflow/dags/dag_with_xcom.py for tasks to queue
[2023-02-13T22:32:55.713+0000] {logging_mixin.py:137} INFO - [2023-02-13T22:32:55.713+0000] {dagbag.py:538} INFO - Filling up the DagBag from /opt/airflow/dags/dag_with_xcom.py
[2023-02-13T22:32:55.733+0000] {processor.py:753} INFO - DAG(s) dict_keys(['dag_with_xcom']) retrieved from /opt/airflow/dags/dag_with_xcom.py
[2023-02-13T22:32:55.766+0000] {logging_mixin.py:137} INFO - [2023-02-13T22:32:55.766+0000] {dag.py:2690} INFO - Sync 1 DAGs
[2023-02-13T22:32:55.808+0000] {logging_mixin.py:137} INFO - [2023-02-13T22:32:55.808+0000] {dag.py:3441} INFO - Setting next_dagrun for dag_with_xcom to 2023-02-12T02:36:00+00:00, run_after=2023-02-13T02:36:00+00:00
[2023-02-13T22:32:55.834+0000] {processor.py:175} INFO - Processing /opt/airflow/dags/dag_with_xcom.py took 0.125 seconds
[2023-02-13T22:33:26.601+0000] {processor.py:153} INFO - Started process (PID=1704) to work on /opt/airflow/dags/dag_with_xcom.py
[2023-02-13T22:33:26.602+0000] {processor.py:743} INFO - Processing file /opt/airflow/dags/dag_with_xcom.py for tasks to queue
[2023-02-13T22:33:26.603+0000] {logging_mixin.py:137} INFO - [2023-02-13T22:33:26.603+0000] {dagbag.py:538} INFO - Filling up the DagBag from /opt/airflow/dags/dag_with_xcom.py
[2023-02-13T22:33:26.631+0000] {processor.py:753} INFO - DAG(s) dict_keys(['dag_with_xcom']) retrieved from /opt/airflow/dags/dag_with_xcom.py
[2023-02-13T22:33:26.664+0000] {logging_mixin.py:137} INFO - [2023-02-13T22:33:26.664+0000] {dag.py:2690} INFO - Sync 1 DAGs
[2023-02-13T22:33:26.705+0000] {logging_mixin.py:137} INFO - [2023-02-13T22:33:26.705+0000] {dag.py:3441} INFO - Setting next_dagrun for dag_with_xcom to 2023-02-12T02:36:00+00:00, run_after=2023-02-13T02:36:00+00:00
[2023-02-13T22:33:26.746+0000] {processor.py:175} INFO - Processing /opt/airflow/dags/dag_with_xcom.py took 0.152 seconds
[2023-02-13T22:33:57.583+0000] {processor.py:153} INFO - Started process (PID=1753) to work on /opt/airflow/dags/dag_with_xcom.py
[2023-02-13T22:33:57.584+0000] {processor.py:743} INFO - Processing file /opt/airflow/dags/dag_with_xcom.py for tasks to queue
[2023-02-13T22:33:57.585+0000] {logging_mixin.py:137} INFO - [2023-02-13T22:33:57.585+0000] {dagbag.py:538} INFO - Filling up the DagBag from /opt/airflow/dags/dag_with_xcom.py
[2023-02-13T22:33:57.608+0000] {processor.py:753} INFO - DAG(s) dict_keys(['dag_with_xcom']) retrieved from /opt/airflow/dags/dag_with_xcom.py
[2023-02-13T22:33:57.644+0000] {logging_mixin.py:137} INFO - [2023-02-13T22:33:57.644+0000] {dag.py:2690} INFO - Sync 1 DAGs
[2023-02-13T22:33:57.683+0000] {logging_mixin.py:137} INFO - [2023-02-13T22:33:57.683+0000] {dag.py:3441} INFO - Setting next_dagrun for dag_with_xcom to 2023-02-12T02:36:00+00:00, run_after=2023-02-13T02:36:00+00:00
[2023-02-13T22:33:57.720+0000] {processor.py:175} INFO - Processing /opt/airflow/dags/dag_with_xcom.py took 0.140 seconds
[2023-02-13T22:34:28.584+0000] {processor.py:153} INFO - Started process (PID=1789) to work on /opt/airflow/dags/dag_with_xcom.py
[2023-02-13T22:34:28.585+0000] {processor.py:743} INFO - Processing file /opt/airflow/dags/dag_with_xcom.py for tasks to queue
[2023-02-13T22:34:28.586+0000] {logging_mixin.py:137} INFO - [2023-02-13T22:34:28.586+0000] {dagbag.py:538} INFO - Filling up the DagBag from /opt/airflow/dags/dag_with_xcom.py
[2023-02-13T22:34:28.603+0000] {processor.py:753} INFO - DAG(s) dict_keys(['dag_with_xcom']) retrieved from /opt/airflow/dags/dag_with_xcom.py
[2023-02-13T22:34:28.632+0000] {logging_mixin.py:137} INFO - [2023-02-13T22:34:28.632+0000] {dag.py:2690} INFO - Sync 1 DAGs
[2023-02-13T22:34:28.668+0000] {logging_mixin.py:137} INFO - [2023-02-13T22:34:28.668+0000] {dag.py:3441} INFO - Setting next_dagrun for dag_with_xcom to 2023-02-12T02:36:00+00:00, run_after=2023-02-13T02:36:00+00:00
[2023-02-13T22:34:28.693+0000] {processor.py:175} INFO - Processing /opt/airflow/dags/dag_with_xcom.py took 0.112 seconds
[2023-02-13T22:34:59.474+0000] {processor.py:153} INFO - Started process (PID=1825) to work on /opt/airflow/dags/dag_with_xcom.py
[2023-02-13T22:34:59.475+0000] {processor.py:743} INFO - Processing file /opt/airflow/dags/dag_with_xcom.py for tasks to queue
[2023-02-13T22:34:59.476+0000] {logging_mixin.py:137} INFO - [2023-02-13T22:34:59.476+0000] {dagbag.py:538} INFO - Filling up the DagBag from /opt/airflow/dags/dag_with_xcom.py
[2023-02-13T22:34:59.495+0000] {processor.py:753} INFO - DAG(s) dict_keys(['dag_with_xcom']) retrieved from /opt/airflow/dags/dag_with_xcom.py
[2023-02-13T22:34:59.525+0000] {logging_mixin.py:137} INFO - [2023-02-13T22:34:59.525+0000] {dag.py:2690} INFO - Sync 1 DAGs
[2023-02-13T22:34:59.572+0000] {logging_mixin.py:137} INFO - [2023-02-13T22:34:59.572+0000] {dag.py:3441} INFO - Setting next_dagrun for dag_with_xcom to 2023-02-12T02:36:00+00:00, run_after=2023-02-13T02:36:00+00:00
[2023-02-13T22:34:59.597+0000] {processor.py:175} INFO - Processing /opt/airflow/dags/dag_with_xcom.py took 0.126 seconds
[2023-02-13T22:35:30.364+0000] {processor.py:153} INFO - Started process (PID=1875) to work on /opt/airflow/dags/dag_with_xcom.py
[2023-02-13T22:35:30.365+0000] {processor.py:743} INFO - Processing file /opt/airflow/dags/dag_with_xcom.py for tasks to queue
[2023-02-13T22:35:30.365+0000] {logging_mixin.py:137} INFO - [2023-02-13T22:35:30.365+0000] {dagbag.py:538} INFO - Filling up the DagBag from /opt/airflow/dags/dag_with_xcom.py
[2023-02-13T22:35:30.386+0000] {processor.py:753} INFO - DAG(s) dict_keys(['dag_with_xcom']) retrieved from /opt/airflow/dags/dag_with_xcom.py
[2023-02-13T22:35:30.420+0000] {logging_mixin.py:137} INFO - [2023-02-13T22:35:30.419+0000] {dag.py:2690} INFO - Sync 1 DAGs
[2023-02-13T22:35:30.472+0000] {logging_mixin.py:137} INFO - [2023-02-13T22:35:30.472+0000] {dag.py:3441} INFO - Setting next_dagrun for dag_with_xcom to 2023-02-12T02:36:00+00:00, run_after=2023-02-13T02:36:00+00:00
[2023-02-13T22:35:30.507+0000] {processor.py:175} INFO - Processing /opt/airflow/dags/dag_with_xcom.py took 0.146 seconds
[2023-02-13T22:36:01.265+0000] {processor.py:153} INFO - Started process (PID=1911) to work on /opt/airflow/dags/dag_with_xcom.py
[2023-02-13T22:36:01.266+0000] {processor.py:743} INFO - Processing file /opt/airflow/dags/dag_with_xcom.py for tasks to queue
[2023-02-13T22:36:01.267+0000] {logging_mixin.py:137} INFO - [2023-02-13T22:36:01.267+0000] {dagbag.py:538} INFO - Filling up the DagBag from /opt/airflow/dags/dag_with_xcom.py
[2023-02-13T22:36:01.286+0000] {processor.py:753} INFO - DAG(s) dict_keys(['dag_with_xcom']) retrieved from /opt/airflow/dags/dag_with_xcom.py
[2023-02-13T22:36:01.317+0000] {logging_mixin.py:137} INFO - [2023-02-13T22:36:01.317+0000] {dag.py:2690} INFO - Sync 1 DAGs
[2023-02-13T22:36:01.358+0000] {logging_mixin.py:137} INFO - [2023-02-13T22:36:01.357+0000] {dag.py:3441} INFO - Setting next_dagrun for dag_with_xcom to 2023-02-12T02:36:00+00:00, run_after=2023-02-13T02:36:00+00:00
[2023-02-13T22:36:01.385+0000] {processor.py:175} INFO - Processing /opt/airflow/dags/dag_with_xcom.py took 0.124 seconds
[2023-02-13T22:36:32.117+0000] {processor.py:153} INFO - Started process (PID=1948) to work on /opt/airflow/dags/dag_with_xcom.py
[2023-02-13T22:36:32.118+0000] {processor.py:743} INFO - Processing file /opt/airflow/dags/dag_with_xcom.py for tasks to queue
[2023-02-13T22:36:32.119+0000] {logging_mixin.py:137} INFO - [2023-02-13T22:36:32.119+0000] {dagbag.py:538} INFO - Filling up the DagBag from /opt/airflow/dags/dag_with_xcom.py
[2023-02-13T22:36:32.147+0000] {processor.py:753} INFO - DAG(s) dict_keys(['dag_with_xcom']) retrieved from /opt/airflow/dags/dag_with_xcom.py
[2023-02-13T22:36:32.176+0000] {logging_mixin.py:137} INFO - [2023-02-13T22:36:32.176+0000] {dag.py:2690} INFO - Sync 1 DAGs
[2023-02-13T22:36:32.213+0000] {logging_mixin.py:137} INFO - [2023-02-13T22:36:32.213+0000] {dag.py:3441} INFO - Setting next_dagrun for dag_with_xcom to 2023-02-12T02:36:00+00:00, run_after=2023-02-13T02:36:00+00:00
[2023-02-13T22:36:32.237+0000] {processor.py:175} INFO - Processing /opt/airflow/dags/dag_with_xcom.py took 0.125 seconds
