[2023-02-13T07:42:28.079+0000] {processor.py:153} INFO - Started process (PID=47) to work on /opt/airflow/dags/dag_with_py_op.py
[2023-02-13T07:42:28.080+0000] {processor.py:743} INFO - Processing file /opt/airflow/dags/dag_with_py_op.py for tasks to queue
[2023-02-13T07:42:28.081+0000] {logging_mixin.py:137} INFO - [2023-02-13T07:42:28.081+0000] {dagbag.py:538} INFO - Filling up the DagBag from /opt/airflow/dags/dag_with_py_op.py
[2023-02-13T07:42:28.108+0000] {processor.py:753} INFO - DAG(s) dict_keys(['dag_with_py_op']) retrieved from /opt/airflow/dags/dag_with_py_op.py
[2023-02-13T07:42:28.134+0000] {logging_mixin.py:137} INFO - [2023-02-13T07:42:28.134+0000] {dag.py:2690} INFO - Sync 1 DAGs
[2023-02-13T07:42:28.161+0000] {logging_mixin.py:137} INFO - [2023-02-13T07:42:28.161+0000] {dag.py:3441} INFO - Setting next_dagrun for dag_with_py_op to 2023-02-12T01:57:00+00:00, run_after=2023-02-13T01:57:00+00:00
[2023-02-13T07:42:28.211+0000] {processor.py:175} INFO - Processing /opt/airflow/dags/dag_with_py_op.py took 0.136 seconds
[2023-02-13T07:42:59.105+0000] {processor.py:153} INFO - Started process (PID=97) to work on /opt/airflow/dags/dag_with_py_op.py
[2023-02-13T07:42:59.110+0000] {processor.py:743} INFO - Processing file /opt/airflow/dags/dag_with_py_op.py for tasks to queue
[2023-02-13T07:42:59.111+0000] {logging_mixin.py:137} INFO - [2023-02-13T07:42:59.111+0000] {dagbag.py:538} INFO - Filling up the DagBag from /opt/airflow/dags/dag_with_py_op.py
[2023-02-13T07:42:59.181+0000] {processor.py:753} INFO - DAG(s) dict_keys(['dag_with_py_op']) retrieved from /opt/airflow/dags/dag_with_py_op.py
[2023-02-13T07:42:59.265+0000] {logging_mixin.py:137} INFO - [2023-02-13T07:42:59.265+0000] {dag.py:2690} INFO - Sync 1 DAGs
[2023-02-13T07:42:59.343+0000] {logging_mixin.py:137} INFO - [2023-02-13T07:42:59.343+0000] {dag.py:3441} INFO - Setting next_dagrun for dag_with_py_op to 2023-02-12T01:57:00+00:00, run_after=2023-02-13T01:57:00+00:00
[2023-02-13T07:42:59.421+0000] {processor.py:175} INFO - Processing /opt/airflow/dags/dag_with_py_op.py took 0.324 seconds
[2023-02-13T07:54:43.127+0000] {processor.py:153} INFO - Started process (PID=41) to work on /opt/airflow/dags/dag_with_py_op.py
[2023-02-13T07:54:43.128+0000] {processor.py:743} INFO - Processing file /opt/airflow/dags/dag_with_py_op.py for tasks to queue
[2023-02-13T07:54:43.128+0000] {logging_mixin.py:137} INFO - [2023-02-13T07:54:43.128+0000] {dagbag.py:538} INFO - Filling up the DagBag from /opt/airflow/dags/dag_with_py_op.py
[2023-02-13T07:54:43.147+0000] {processor.py:753} INFO - DAG(s) dict_keys(['dag_with_py_op']) retrieved from /opt/airflow/dags/dag_with_py_op.py
[2023-02-13T07:54:43.176+0000] {logging_mixin.py:137} INFO - [2023-02-13T07:54:43.176+0000] {dag.py:2690} INFO - Sync 1 DAGs
[2023-02-13T07:54:43.204+0000] {logging_mixin.py:137} INFO - [2023-02-13T07:54:43.204+0000] {dag.py:3441} INFO - Setting next_dagrun for dag_with_py_op to 2023-02-12T01:57:00+00:00, run_after=2023-02-13T01:57:00+00:00
[2023-02-13T07:54:43.233+0000] {processor.py:175} INFO - Processing /opt/airflow/dags/dag_with_py_op.py took 0.108 seconds
[2023-02-13T17:53:41.609+0000] {processor.py:153} INFO - Started process (PID=45) to work on /opt/airflow/dags/dag_with_py_op.py
[2023-02-13T17:53:41.610+0000] {processor.py:743} INFO - Processing file /opt/airflow/dags/dag_with_py_op.py for tasks to queue
[2023-02-13T17:53:41.611+0000] {logging_mixin.py:137} INFO - [2023-02-13T17:53:41.611+0000] {dagbag.py:538} INFO - Filling up the DagBag from /opt/airflow/dags/dag_with_py_op.py
[2023-02-13T17:53:41.627+0000] {processor.py:753} INFO - DAG(s) dict_keys(['dag_with_py_op']) retrieved from /opt/airflow/dags/dag_with_py_op.py
[2023-02-13T17:53:41.653+0000] {logging_mixin.py:137} INFO - [2023-02-13T17:53:41.653+0000] {dag.py:2690} INFO - Sync 1 DAGs
[2023-02-13T17:53:41.687+0000] {logging_mixin.py:137} INFO - [2023-02-13T17:53:41.687+0000] {dag.py:3441} INFO - Setting next_dagrun for dag_with_py_op to 2023-02-12T01:57:00+00:00, run_after=2023-02-13T01:57:00+00:00
[2023-02-13T17:53:41.709+0000] {processor.py:175} INFO - Processing /opt/airflow/dags/dag_with_py_op.py took 0.103 seconds
[2023-02-13T22:12:18.491+0000] {processor.py:153} INFO - Started process (PID=41) to work on /opt/airflow/dags/dag_with_py_op.py
[2023-02-13T22:12:18.492+0000] {processor.py:743} INFO - Processing file /opt/airflow/dags/dag_with_py_op.py for tasks to queue
[2023-02-13T22:12:18.492+0000] {logging_mixin.py:137} INFO - [2023-02-13T22:12:18.492+0000] {dagbag.py:538} INFO - Filling up the DagBag from /opt/airflow/dags/dag_with_py_op.py
[2023-02-13T22:12:18.507+0000] {processor.py:753} INFO - DAG(s) dict_keys(['dag_with_py_op']) retrieved from /opt/airflow/dags/dag_with_py_op.py
[2023-02-13T22:12:18.535+0000] {logging_mixin.py:137} INFO - [2023-02-13T22:12:18.534+0000] {dag.py:2690} INFO - Sync 1 DAGs
[2023-02-13T22:12:18.569+0000] {logging_mixin.py:137} INFO - [2023-02-13T22:12:18.569+0000] {dag.py:3441} INFO - Setting next_dagrun for dag_with_py_op to 2023-02-12T01:57:00+00:00, run_after=2023-02-13T01:57:00+00:00
[2023-02-13T22:12:18.594+0000] {processor.py:175} INFO - Processing /opt/airflow/dags/dag_with_py_op.py took 0.107 seconds
[2023-02-13T22:12:49.457+0000] {processor.py:153} INFO - Started process (PID=90) to work on /opt/airflow/dags/dag_with_py_op.py
[2023-02-13T22:12:49.458+0000] {processor.py:743} INFO - Processing file /opt/airflow/dags/dag_with_py_op.py for tasks to queue
[2023-02-13T22:12:49.459+0000] {logging_mixin.py:137} INFO - [2023-02-13T22:12:49.458+0000] {dagbag.py:538} INFO - Filling up the DagBag from /opt/airflow/dags/dag_with_py_op.py
[2023-02-13T22:12:49.476+0000] {processor.py:753} INFO - DAG(s) dict_keys(['dag_with_py_op']) retrieved from /opt/airflow/dags/dag_with_py_op.py
[2023-02-13T22:12:49.503+0000] {logging_mixin.py:137} INFO - [2023-02-13T22:12:49.503+0000] {dag.py:2690} INFO - Sync 1 DAGs
[2023-02-13T22:12:49.545+0000] {logging_mixin.py:137} INFO - [2023-02-13T22:12:49.545+0000] {dag.py:3441} INFO - Setting next_dagrun for dag_with_py_op to 2023-02-12T01:57:00+00:00, run_after=2023-02-13T01:57:00+00:00
[2023-02-13T22:12:49.573+0000] {processor.py:175} INFO - Processing /opt/airflow/dags/dag_with_py_op.py took 0.119 seconds
[2023-02-13T22:13:20.379+0000] {processor.py:153} INFO - Started process (PID=127) to work on /opt/airflow/dags/dag_with_py_op.py
[2023-02-13T22:13:20.380+0000] {processor.py:743} INFO - Processing file /opt/airflow/dags/dag_with_py_op.py for tasks to queue
[2023-02-13T22:13:20.381+0000] {logging_mixin.py:137} INFO - [2023-02-13T22:13:20.381+0000] {dagbag.py:538} INFO - Filling up the DagBag from /opt/airflow/dags/dag_with_py_op.py
[2023-02-13T22:13:20.399+0000] {processor.py:753} INFO - DAG(s) dict_keys(['dag_with_py_op']) retrieved from /opt/airflow/dags/dag_with_py_op.py
[2023-02-13T22:13:20.433+0000] {logging_mixin.py:137} INFO - [2023-02-13T22:13:20.432+0000] {dag.py:2690} INFO - Sync 1 DAGs
[2023-02-13T22:13:20.474+0000] {logging_mixin.py:137} INFO - [2023-02-13T22:13:20.474+0000] {dag.py:3441} INFO - Setting next_dagrun for dag_with_py_op to 2023-02-12T01:57:00+00:00, run_after=2023-02-13T01:57:00+00:00
[2023-02-13T22:13:20.503+0000] {processor.py:175} INFO - Processing /opt/airflow/dags/dag_with_py_op.py took 0.127 seconds
[2023-02-13T22:13:51.320+0000] {processor.py:153} INFO - Started process (PID=163) to work on /opt/airflow/dags/dag_with_py_op.py
[2023-02-13T22:13:51.321+0000] {processor.py:743} INFO - Processing file /opt/airflow/dags/dag_with_py_op.py for tasks to queue
[2023-02-13T22:13:51.322+0000] {logging_mixin.py:137} INFO - [2023-02-13T22:13:51.322+0000] {dagbag.py:538} INFO - Filling up the DagBag from /opt/airflow/dags/dag_with_py_op.py
[2023-02-13T22:13:51.341+0000] {processor.py:753} INFO - DAG(s) dict_keys(['dag_with_py_op']) retrieved from /opt/airflow/dags/dag_with_py_op.py
[2023-02-13T22:13:51.371+0000] {logging_mixin.py:137} INFO - [2023-02-13T22:13:51.371+0000] {dag.py:2690} INFO - Sync 1 DAGs
[2023-02-13T22:13:51.411+0000] {logging_mixin.py:137} INFO - [2023-02-13T22:13:51.411+0000] {dag.py:3441} INFO - Setting next_dagrun for dag_with_py_op to 2023-02-12T01:57:00+00:00, run_after=2023-02-13T01:57:00+00:00
[2023-02-13T22:13:51.442+0000] {processor.py:175} INFO - Processing /opt/airflow/dags/dag_with_py_op.py took 0.125 seconds
[2023-02-13T22:14:22.128+0000] {processor.py:153} INFO - Started process (PID=212) to work on /opt/airflow/dags/dag_with_py_op.py
[2023-02-13T22:14:22.129+0000] {processor.py:743} INFO - Processing file /opt/airflow/dags/dag_with_py_op.py for tasks to queue
[2023-02-13T22:14:22.130+0000] {logging_mixin.py:137} INFO - [2023-02-13T22:14:22.130+0000] {dagbag.py:538} INFO - Filling up the DagBag from /opt/airflow/dags/dag_with_py_op.py
[2023-02-13T22:14:22.148+0000] {processor.py:753} INFO - DAG(s) dict_keys(['dag_with_py_op']) retrieved from /opt/airflow/dags/dag_with_py_op.py
[2023-02-13T22:14:22.178+0000] {logging_mixin.py:137} INFO - [2023-02-13T22:14:22.177+0000] {dag.py:2690} INFO - Sync 1 DAGs
[2023-02-13T22:14:22.214+0000] {logging_mixin.py:137} INFO - [2023-02-13T22:14:22.214+0000] {dag.py:3441} INFO - Setting next_dagrun for dag_with_py_op to 2023-02-12T01:57:00+00:00, run_after=2023-02-13T01:57:00+00:00
[2023-02-13T22:14:22.238+0000] {processor.py:175} INFO - Processing /opt/airflow/dags/dag_with_py_op.py took 0.113 seconds
[2023-02-13T22:14:52.557+0000] {processor.py:153} INFO - Started process (PID=248) to work on /opt/airflow/dags/dag_with_py_op.py
[2023-02-13T22:14:52.558+0000] {processor.py:743} INFO - Processing file /opt/airflow/dags/dag_with_py_op.py for tasks to queue
[2023-02-13T22:14:52.559+0000] {logging_mixin.py:137} INFO - [2023-02-13T22:14:52.559+0000] {dagbag.py:538} INFO - Filling up the DagBag from /opt/airflow/dags/dag_with_py_op.py
[2023-02-13T22:14:52.588+0000] {processor.py:753} INFO - DAG(s) dict_keys(['dag_with_py_op']) retrieved from /opt/airflow/dags/dag_with_py_op.py
[2023-02-13T22:14:52.627+0000] {logging_mixin.py:137} INFO - [2023-02-13T22:14:52.626+0000] {dag.py:2690} INFO - Sync 1 DAGs
[2023-02-13T22:14:52.667+0000] {logging_mixin.py:137} INFO - [2023-02-13T22:14:52.667+0000] {dag.py:3441} INFO - Setting next_dagrun for dag_with_py_op to 2023-02-12T01:57:00+00:00, run_after=2023-02-13T01:57:00+00:00
[2023-02-13T22:14:52.695+0000] {processor.py:175} INFO - Processing /opt/airflow/dags/dag_with_py_op.py took 0.143 seconds
[2023-02-13T22:15:23.424+0000] {processor.py:153} INFO - Started process (PID=285) to work on /opt/airflow/dags/dag_with_py_op.py
[2023-02-13T22:15:23.425+0000] {processor.py:743} INFO - Processing file /opt/airflow/dags/dag_with_py_op.py for tasks to queue
[2023-02-13T22:15:23.426+0000] {logging_mixin.py:137} INFO - [2023-02-13T22:15:23.426+0000] {dagbag.py:538} INFO - Filling up the DagBag from /opt/airflow/dags/dag_with_py_op.py
[2023-02-13T22:15:23.442+0000] {processor.py:753} INFO - DAG(s) dict_keys(['dag_with_py_op']) retrieved from /opt/airflow/dags/dag_with_py_op.py
[2023-02-13T22:15:23.470+0000] {logging_mixin.py:137} INFO - [2023-02-13T22:15:23.469+0000] {dag.py:2690} INFO - Sync 1 DAGs
[2023-02-13T22:15:23.506+0000] {logging_mixin.py:137} INFO - [2023-02-13T22:15:23.506+0000] {dag.py:3441} INFO - Setting next_dagrun for dag_with_py_op to 2023-02-12T01:57:00+00:00, run_after=2023-02-13T01:57:00+00:00
[2023-02-13T22:15:23.532+0000] {processor.py:175} INFO - Processing /opt/airflow/dags/dag_with_py_op.py took 0.111 seconds
[2023-02-13T22:15:54.273+0000] {processor.py:153} INFO - Started process (PID=337) to work on /opt/airflow/dags/dag_with_py_op.py
[2023-02-13T22:15:54.274+0000] {processor.py:743} INFO - Processing file /opt/airflow/dags/dag_with_py_op.py for tasks to queue
[2023-02-13T22:15:54.274+0000] {logging_mixin.py:137} INFO - [2023-02-13T22:15:54.274+0000] {dagbag.py:538} INFO - Filling up the DagBag from /opt/airflow/dags/dag_with_py_op.py
[2023-02-13T22:15:54.291+0000] {processor.py:753} INFO - DAG(s) dict_keys(['dag_with_py_op']) retrieved from /opt/airflow/dags/dag_with_py_op.py
[2023-02-13T22:15:54.318+0000] {logging_mixin.py:137} INFO - [2023-02-13T22:15:54.318+0000] {dag.py:2690} INFO - Sync 1 DAGs
[2023-02-13T22:15:54.356+0000] {logging_mixin.py:137} INFO - [2023-02-13T22:15:54.355+0000] {dag.py:3441} INFO - Setting next_dagrun for dag_with_py_op to 2023-02-12T01:57:00+00:00, run_after=2023-02-13T01:57:00+00:00
[2023-02-13T22:15:54.381+0000] {processor.py:175} INFO - Processing /opt/airflow/dags/dag_with_py_op.py took 0.111 seconds
[2023-02-13T22:16:25.194+0000] {processor.py:153} INFO - Started process (PID=373) to work on /opt/airflow/dags/dag_with_py_op.py
[2023-02-13T22:16:25.195+0000] {processor.py:743} INFO - Processing file /opt/airflow/dags/dag_with_py_op.py for tasks to queue
[2023-02-13T22:16:25.196+0000] {logging_mixin.py:137} INFO - [2023-02-13T22:16:25.196+0000] {dagbag.py:538} INFO - Filling up the DagBag from /opt/airflow/dags/dag_with_py_op.py
[2023-02-13T22:16:25.215+0000] {processor.py:753} INFO - DAG(s) dict_keys(['dag_with_py_op']) retrieved from /opt/airflow/dags/dag_with_py_op.py
[2023-02-13T22:16:25.246+0000] {logging_mixin.py:137} INFO - [2023-02-13T22:16:25.246+0000] {dag.py:2690} INFO - Sync 1 DAGs
[2023-02-13T22:16:25.287+0000] {logging_mixin.py:137} INFO - [2023-02-13T22:16:25.287+0000] {dag.py:3441} INFO - Setting next_dagrun for dag_with_py_op to 2023-02-12T01:57:00+00:00, run_after=2023-02-13T01:57:00+00:00
[2023-02-13T22:16:25.318+0000] {processor.py:175} INFO - Processing /opt/airflow/dags/dag_with_py_op.py took 0.127 seconds
[2023-02-13T22:16:56.138+0000] {processor.py:153} INFO - Started process (PID=409) to work on /opt/airflow/dags/dag_with_py_op.py
[2023-02-13T22:16:56.139+0000] {processor.py:743} INFO - Processing file /opt/airflow/dags/dag_with_py_op.py for tasks to queue
[2023-02-13T22:16:56.140+0000] {logging_mixin.py:137} INFO - [2023-02-13T22:16:56.140+0000] {dagbag.py:538} INFO - Filling up the DagBag from /opt/airflow/dags/dag_with_py_op.py
[2023-02-13T22:16:56.158+0000] {processor.py:753} INFO - DAG(s) dict_keys(['dag_with_py_op']) retrieved from /opt/airflow/dags/dag_with_py_op.py
[2023-02-13T22:16:56.202+0000] {logging_mixin.py:137} INFO - [2023-02-13T22:16:56.202+0000] {dag.py:2690} INFO - Sync 1 DAGs
[2023-02-13T22:16:56.253+0000] {logging_mixin.py:137} INFO - [2023-02-13T22:16:56.252+0000] {dag.py:3441} INFO - Setting next_dagrun for dag_with_py_op to 2023-02-12T01:57:00+00:00, run_after=2023-02-13T01:57:00+00:00
[2023-02-13T22:16:56.293+0000] {processor.py:175} INFO - Processing /opt/airflow/dags/dag_with_py_op.py took 0.158 seconds
[2023-02-13T22:17:27.028+0000] {processor.py:153} INFO - Started process (PID=458) to work on /opt/airflow/dags/dag_with_py_op.py
[2023-02-13T22:17:27.029+0000] {processor.py:743} INFO - Processing file /opt/airflow/dags/dag_with_py_op.py for tasks to queue
[2023-02-13T22:17:27.030+0000] {logging_mixin.py:137} INFO - [2023-02-13T22:17:27.029+0000] {dagbag.py:538} INFO - Filling up the DagBag from /opt/airflow/dags/dag_with_py_op.py
[2023-02-13T22:17:27.048+0000] {processor.py:753} INFO - DAG(s) dict_keys(['dag_with_py_op']) retrieved from /opt/airflow/dags/dag_with_py_op.py
[2023-02-13T22:17:27.077+0000] {logging_mixin.py:137} INFO - [2023-02-13T22:17:27.077+0000] {dag.py:2690} INFO - Sync 1 DAGs
[2023-02-13T22:17:27.115+0000] {logging_mixin.py:137} INFO - [2023-02-13T22:17:27.115+0000] {dag.py:3441} INFO - Setting next_dagrun for dag_with_py_op to 2023-02-12T01:57:00+00:00, run_after=2023-02-13T01:57:00+00:00
[2023-02-13T22:17:27.143+0000] {processor.py:175} INFO - Processing /opt/airflow/dags/dag_with_py_op.py took 0.118 seconds
[2023-02-13T22:17:57.881+0000] {processor.py:153} INFO - Started process (PID=494) to work on /opt/airflow/dags/dag_with_py_op.py
[2023-02-13T22:17:57.882+0000] {processor.py:743} INFO - Processing file /opt/airflow/dags/dag_with_py_op.py for tasks to queue
[2023-02-13T22:17:57.883+0000] {logging_mixin.py:137} INFO - [2023-02-13T22:17:57.883+0000] {dagbag.py:538} INFO - Filling up the DagBag from /opt/airflow/dags/dag_with_py_op.py
[2023-02-13T22:17:57.901+0000] {processor.py:753} INFO - DAG(s) dict_keys(['dag_with_py_op']) retrieved from /opt/airflow/dags/dag_with_py_op.py
[2023-02-13T22:17:57.932+0000] {logging_mixin.py:137} INFO - [2023-02-13T22:17:57.932+0000] {dag.py:2690} INFO - Sync 1 DAGs
[2023-02-13T22:17:57.970+0000] {logging_mixin.py:137} INFO - [2023-02-13T22:17:57.970+0000] {dag.py:3441} INFO - Setting next_dagrun for dag_with_py_op to 2023-02-12T01:57:00+00:00, run_after=2023-02-13T01:57:00+00:00
[2023-02-13T22:17:58.002+0000] {processor.py:175} INFO - Processing /opt/airflow/dags/dag_with_py_op.py took 0.125 seconds
[2023-02-13T22:18:28.829+0000] {processor.py:153} INFO - Started process (PID=536) to work on /opt/airflow/dags/dag_with_py_op.py
[2023-02-13T22:18:28.831+0000] {processor.py:743} INFO - Processing file /opt/airflow/dags/dag_with_py_op.py for tasks to queue
[2023-02-13T22:18:28.831+0000] {logging_mixin.py:137} INFO - [2023-02-13T22:18:28.831+0000] {dagbag.py:538} INFO - Filling up the DagBag from /opt/airflow/dags/dag_with_py_op.py
[2023-02-13T22:18:28.860+0000] {processor.py:753} INFO - DAG(s) dict_keys(['dag_with_py_op']) retrieved from /opt/airflow/dags/dag_with_py_op.py
[2023-02-13T22:18:28.900+0000] {logging_mixin.py:137} INFO - [2023-02-13T22:18:28.900+0000] {dag.py:2690} INFO - Sync 1 DAGs
[2023-02-13T22:18:28.943+0000] {logging_mixin.py:137} INFO - [2023-02-13T22:18:28.943+0000] {dag.py:3441} INFO - Setting next_dagrun for dag_with_py_op to 2023-02-12T01:57:00+00:00, run_after=2023-02-13T01:57:00+00:00
[2023-02-13T22:18:28.972+0000] {processor.py:175} INFO - Processing /opt/airflow/dags/dag_with_py_op.py took 0.150 seconds
[2023-02-13T22:18:59.923+0000] {processor.py:153} INFO - Started process (PID=579) to work on /opt/airflow/dags/dag_with_py_op.py
[2023-02-13T22:18:59.924+0000] {processor.py:743} INFO - Processing file /opt/airflow/dags/dag_with_py_op.py for tasks to queue
[2023-02-13T22:18:59.925+0000] {logging_mixin.py:137} INFO - [2023-02-13T22:18:59.925+0000] {dagbag.py:538} INFO - Filling up the DagBag from /opt/airflow/dags/dag_with_py_op.py
[2023-02-13T22:18:59.952+0000] {processor.py:753} INFO - DAG(s) dict_keys(['dag_with_py_op']) retrieved from /opt/airflow/dags/dag_with_py_op.py
[2023-02-13T22:18:59.981+0000] {logging_mixin.py:137} INFO - [2023-02-13T22:18:59.981+0000] {dag.py:2690} INFO - Sync 1 DAGs
[2023-02-13T22:19:00.018+0000] {logging_mixin.py:137} INFO - [2023-02-13T22:19:00.018+0000] {dag.py:3441} INFO - Setting next_dagrun for dag_with_py_op to 2023-02-12T01:57:00+00:00, run_after=2023-02-13T01:57:00+00:00
[2023-02-13T22:19:00.046+0000] {processor.py:175} INFO - Processing /opt/airflow/dags/dag_with_py_op.py took 0.128 seconds
[2023-02-13T22:19:30.681+0000] {processor.py:153} INFO - Started process (PID=615) to work on /opt/airflow/dags/dag_with_py_op.py
[2023-02-13T22:19:30.682+0000] {processor.py:743} INFO - Processing file /opt/airflow/dags/dag_with_py_op.py for tasks to queue
[2023-02-13T22:19:30.683+0000] {logging_mixin.py:137} INFO - [2023-02-13T22:19:30.683+0000] {dagbag.py:538} INFO - Filling up the DagBag from /opt/airflow/dags/dag_with_py_op.py
[2023-02-13T22:19:30.703+0000] {processor.py:753} INFO - DAG(s) dict_keys(['dag_with_py_op']) retrieved from /opt/airflow/dags/dag_with_py_op.py
[2023-02-13T22:19:30.736+0000] {logging_mixin.py:137} INFO - [2023-02-13T22:19:30.736+0000] {dag.py:2690} INFO - Sync 1 DAGs
[2023-02-13T22:19:30.776+0000] {logging_mixin.py:137} INFO - [2023-02-13T22:19:30.776+0000] {dag.py:3441} INFO - Setting next_dagrun for dag_with_py_op to 2023-02-12T01:57:00+00:00, run_after=2023-02-13T01:57:00+00:00
[2023-02-13T22:19:30.805+0000] {processor.py:175} INFO - Processing /opt/airflow/dags/dag_with_py_op.py took 0.127 seconds
[2023-02-13T22:20:01.625+0000] {processor.py:153} INFO - Started process (PID=658) to work on /opt/airflow/dags/dag_with_py_op.py
[2023-02-13T22:20:01.626+0000] {processor.py:743} INFO - Processing file /opt/airflow/dags/dag_with_py_op.py for tasks to queue
[2023-02-13T22:20:01.627+0000] {logging_mixin.py:137} INFO - [2023-02-13T22:20:01.626+0000] {dagbag.py:538} INFO - Filling up the DagBag from /opt/airflow/dags/dag_with_py_op.py
[2023-02-13T22:20:01.648+0000] {processor.py:753} INFO - DAG(s) dict_keys(['dag_with_py_op']) retrieved from /opt/airflow/dags/dag_with_py_op.py
[2023-02-13T22:20:01.682+0000] {logging_mixin.py:137} INFO - [2023-02-13T22:20:01.681+0000] {dag.py:2690} INFO - Sync 1 DAGs
[2023-02-13T22:20:01.723+0000] {logging_mixin.py:137} INFO - [2023-02-13T22:20:01.723+0000] {dag.py:3441} INFO - Setting next_dagrun for dag_with_py_op to 2023-02-12T01:57:00+00:00, run_after=2023-02-13T01:57:00+00:00
[2023-02-13T22:20:01.755+0000] {processor.py:175} INFO - Processing /opt/airflow/dags/dag_with_py_op.py took 0.134 seconds
[2023-02-13T22:20:32.710+0000] {processor.py:153} INFO - Started process (PID=701) to work on /opt/airflow/dags/dag_with_py_op.py
[2023-02-13T22:20:32.711+0000] {processor.py:743} INFO - Processing file /opt/airflow/dags/dag_with_py_op.py for tasks to queue
[2023-02-13T22:20:32.712+0000] {logging_mixin.py:137} INFO - [2023-02-13T22:20:32.712+0000] {dagbag.py:538} INFO - Filling up the DagBag from /opt/airflow/dags/dag_with_py_op.py
[2023-02-13T22:20:32.742+0000] {processor.py:753} INFO - DAG(s) dict_keys(['dag_with_py_op']) retrieved from /opt/airflow/dags/dag_with_py_op.py
[2023-02-13T22:20:32.776+0000] {logging_mixin.py:137} INFO - [2023-02-13T22:20:32.776+0000] {dag.py:2690} INFO - Sync 1 DAGs
[2023-02-13T22:20:32.815+0000] {logging_mixin.py:137} INFO - [2023-02-13T22:20:32.815+0000] {dag.py:3441} INFO - Setting next_dagrun for dag_with_py_op to 2023-02-12T01:57:00+00:00, run_after=2023-02-13T01:57:00+00:00
[2023-02-13T22:20:32.854+0000] {processor.py:175} INFO - Processing /opt/airflow/dags/dag_with_py_op.py took 0.150 seconds
[2023-02-13T22:21:03.632+0000] {processor.py:153} INFO - Started process (PID=735) to work on /opt/airflow/dags/dag_with_py_op.py
[2023-02-13T22:21:03.633+0000] {processor.py:743} INFO - Processing file /opt/airflow/dags/dag_with_py_op.py for tasks to queue
[2023-02-13T22:21:03.634+0000] {logging_mixin.py:137} INFO - [2023-02-13T22:21:03.634+0000] {dagbag.py:538} INFO - Filling up the DagBag from /opt/airflow/dags/dag_with_py_op.py
[2023-02-13T22:21:03.664+0000] {processor.py:753} INFO - DAG(s) dict_keys(['dag_with_py_op']) retrieved from /opt/airflow/dags/dag_with_py_op.py
[2023-02-13T22:21:03.699+0000] {logging_mixin.py:137} INFO - [2023-02-13T22:21:03.699+0000] {dag.py:2690} INFO - Sync 1 DAGs
[2023-02-13T22:21:03.739+0000] {logging_mixin.py:137} INFO - [2023-02-13T22:21:03.739+0000] {dag.py:3441} INFO - Setting next_dagrun for dag_with_py_op to 2023-02-12T01:57:00+00:00, run_after=2023-02-13T01:57:00+00:00
[2023-02-13T22:21:03.770+0000] {processor.py:175} INFO - Processing /opt/airflow/dags/dag_with_py_op.py took 0.143 seconds
[2023-02-13T22:21:34.561+0000] {processor.py:153} INFO - Started process (PID=780) to work on /opt/airflow/dags/dag_with_py_op.py
[2023-02-13T22:21:34.562+0000] {processor.py:743} INFO - Processing file /opt/airflow/dags/dag_with_py_op.py for tasks to queue
[2023-02-13T22:21:34.563+0000] {logging_mixin.py:137} INFO - [2023-02-13T22:21:34.563+0000] {dagbag.py:538} INFO - Filling up the DagBag from /opt/airflow/dags/dag_with_py_op.py
[2023-02-13T22:21:34.585+0000] {processor.py:753} INFO - DAG(s) dict_keys(['dag_with_py_op']) retrieved from /opt/airflow/dags/dag_with_py_op.py
[2023-02-13T22:21:34.624+0000] {logging_mixin.py:137} INFO - [2023-02-13T22:21:34.623+0000] {dag.py:2690} INFO - Sync 1 DAGs
[2023-02-13T22:21:34.665+0000] {logging_mixin.py:137} INFO - [2023-02-13T22:21:34.665+0000] {dag.py:3441} INFO - Setting next_dagrun for dag_with_py_op to 2023-02-12T01:57:00+00:00, run_after=2023-02-13T01:57:00+00:00
[2023-02-13T22:21:34.690+0000] {processor.py:175} INFO - Processing /opt/airflow/dags/dag_with_py_op.py took 0.133 seconds
[2023-02-13T22:22:05.600+0000] {processor.py:153} INFO - Started process (PID=821) to work on /opt/airflow/dags/dag_with_py_op.py
[2023-02-13T22:22:05.601+0000] {processor.py:743} INFO - Processing file /opt/airflow/dags/dag_with_py_op.py for tasks to queue
[2023-02-13T22:22:05.602+0000] {logging_mixin.py:137} INFO - [2023-02-13T22:22:05.602+0000] {dagbag.py:538} INFO - Filling up the DagBag from /opt/airflow/dags/dag_with_py_op.py
[2023-02-13T22:22:05.631+0000] {processor.py:753} INFO - DAG(s) dict_keys(['dag_with_py_op']) retrieved from /opt/airflow/dags/dag_with_py_op.py
[2023-02-13T22:22:05.665+0000] {logging_mixin.py:137} INFO - [2023-02-13T22:22:05.665+0000] {dag.py:2690} INFO - Sync 1 DAGs
[2023-02-13T22:22:05.707+0000] {logging_mixin.py:137} INFO - [2023-02-13T22:22:05.707+0000] {dag.py:3441} INFO - Setting next_dagrun for dag_with_py_op to 2023-02-12T01:57:00+00:00, run_after=2023-02-13T01:57:00+00:00
[2023-02-13T22:22:05.749+0000] {processor.py:175} INFO - Processing /opt/airflow/dags/dag_with_py_op.py took 0.154 seconds
[2023-02-13T22:22:36.370+0000] {processor.py:153} INFO - Started process (PID=858) to work on /opt/airflow/dags/dag_with_py_op.py
[2023-02-13T22:22:36.371+0000] {processor.py:743} INFO - Processing file /opt/airflow/dags/dag_with_py_op.py for tasks to queue
[2023-02-13T22:22:36.372+0000] {logging_mixin.py:137} INFO - [2023-02-13T22:22:36.372+0000] {dagbag.py:538} INFO - Filling up the DagBag from /opt/airflow/dags/dag_with_py_op.py
[2023-02-13T22:22:36.393+0000] {processor.py:753} INFO - DAG(s) dict_keys(['dag_with_py_op']) retrieved from /opt/airflow/dags/dag_with_py_op.py
[2023-02-13T22:22:36.434+0000] {logging_mixin.py:137} INFO - [2023-02-13T22:22:36.434+0000] {dag.py:2690} INFO - Sync 1 DAGs
[2023-02-13T22:22:36.477+0000] {logging_mixin.py:137} INFO - [2023-02-13T22:22:36.476+0000] {dag.py:3441} INFO - Setting next_dagrun for dag_with_py_op to 2023-02-12T01:57:00+00:00, run_after=2023-02-13T01:57:00+00:00
[2023-02-13T22:22:36.506+0000] {processor.py:175} INFO - Processing /opt/airflow/dags/dag_with_py_op.py took 0.140 seconds
[2023-02-13T22:23:07.306+0000] {processor.py:153} INFO - Started process (PID=909) to work on /opt/airflow/dags/dag_with_py_op.py
[2023-02-13T22:23:07.311+0000] {processor.py:743} INFO - Processing file /opt/airflow/dags/dag_with_py_op.py for tasks to queue
[2023-02-13T22:23:07.312+0000] {logging_mixin.py:137} INFO - [2023-02-13T22:23:07.312+0000] {dagbag.py:538} INFO - Filling up the DagBag from /opt/airflow/dags/dag_with_py_op.py
[2023-02-13T22:23:07.350+0000] {processor.py:753} INFO - DAG(s) dict_keys(['dag_with_py_op']) retrieved from /opt/airflow/dags/dag_with_py_op.py
[2023-02-13T22:23:07.391+0000] {logging_mixin.py:137} INFO - [2023-02-13T22:23:07.391+0000] {dag.py:2690} INFO - Sync 1 DAGs
[2023-02-13T22:23:07.439+0000] {logging_mixin.py:137} INFO - [2023-02-13T22:23:07.439+0000] {dag.py:3441} INFO - Setting next_dagrun for dag_with_py_op to 2023-02-12T01:57:00+00:00, run_after=2023-02-13T01:57:00+00:00
[2023-02-13T22:23:07.467+0000] {processor.py:175} INFO - Processing /opt/airflow/dags/dag_with_py_op.py took 0.164 seconds
[2023-02-13T22:23:38.279+0000] {processor.py:153} INFO - Started process (PID=944) to work on /opt/airflow/dags/dag_with_py_op.py
[2023-02-13T22:23:38.280+0000] {processor.py:743} INFO - Processing file /opt/airflow/dags/dag_with_py_op.py for tasks to queue
[2023-02-13T22:23:38.281+0000] {logging_mixin.py:137} INFO - [2023-02-13T22:23:38.281+0000] {dagbag.py:538} INFO - Filling up the DagBag from /opt/airflow/dags/dag_with_py_op.py
[2023-02-13T22:23:38.300+0000] {processor.py:753} INFO - DAG(s) dict_keys(['dag_with_py_op']) retrieved from /opt/airflow/dags/dag_with_py_op.py
[2023-02-13T22:23:38.333+0000] {logging_mixin.py:137} INFO - [2023-02-13T22:23:38.332+0000] {dag.py:2690} INFO - Sync 1 DAGs
[2023-02-13T22:23:38.372+0000] {logging_mixin.py:137} INFO - [2023-02-13T22:23:38.372+0000] {dag.py:3441} INFO - Setting next_dagrun for dag_with_py_op to 2023-02-12T01:57:00+00:00, run_after=2023-02-13T01:57:00+00:00
[2023-02-13T22:23:38.405+0000] {processor.py:175} INFO - Processing /opt/airflow/dags/dag_with_py_op.py took 0.129 seconds
[2023-02-13T22:24:09.127+0000] {processor.py:153} INFO - Started process (PID=980) to work on /opt/airflow/dags/dag_with_py_op.py
[2023-02-13T22:24:09.128+0000] {processor.py:743} INFO - Processing file /opt/airflow/dags/dag_with_py_op.py for tasks to queue
[2023-02-13T22:24:09.129+0000] {logging_mixin.py:137} INFO - [2023-02-13T22:24:09.129+0000] {dagbag.py:538} INFO - Filling up the DagBag from /opt/airflow/dags/dag_with_py_op.py
[2023-02-13T22:24:09.147+0000] {processor.py:753} INFO - DAG(s) dict_keys(['dag_with_py_op']) retrieved from /opt/airflow/dags/dag_with_py_op.py
[2023-02-13T22:24:09.175+0000] {logging_mixin.py:137} INFO - [2023-02-13T22:24:09.175+0000] {dag.py:2690} INFO - Sync 1 DAGs
[2023-02-13T22:24:09.216+0000] {logging_mixin.py:137} INFO - [2023-02-13T22:24:09.216+0000] {dag.py:3441} INFO - Setting next_dagrun for dag_with_py_op to 2023-02-12T01:57:00+00:00, run_after=2023-02-13T01:57:00+00:00
[2023-02-13T22:24:09.242+0000] {processor.py:175} INFO - Processing /opt/airflow/dags/dag_with_py_op.py took 0.118 seconds
[2023-02-13T22:24:40.030+0000] {processor.py:153} INFO - Started process (PID=1031) to work on /opt/airflow/dags/dag_with_py_op.py
[2023-02-13T22:24:40.033+0000] {processor.py:743} INFO - Processing file /opt/airflow/dags/dag_with_py_op.py for tasks to queue
[2023-02-13T22:24:40.034+0000] {logging_mixin.py:137} INFO - [2023-02-13T22:24:40.034+0000] {dagbag.py:538} INFO - Filling up the DagBag from /opt/airflow/dags/dag_with_py_op.py
[2023-02-13T22:24:40.054+0000] {processor.py:753} INFO - DAG(s) dict_keys(['dag_with_py_op']) retrieved from /opt/airflow/dags/dag_with_py_op.py
[2023-02-13T22:24:40.090+0000] {logging_mixin.py:137} INFO - [2023-02-13T22:24:40.090+0000] {dag.py:2690} INFO - Sync 1 DAGs
[2023-02-13T22:24:40.135+0000] {logging_mixin.py:137} INFO - [2023-02-13T22:24:40.135+0000] {dag.py:3441} INFO - Setting next_dagrun for dag_with_py_op to 2023-02-12T01:57:00+00:00, run_after=2023-02-13T01:57:00+00:00
[2023-02-13T22:24:40.186+0000] {processor.py:175} INFO - Processing /opt/airflow/dags/dag_with_py_op.py took 0.161 seconds
[2023-02-13T22:25:11.209+0000] {processor.py:153} INFO - Started process (PID=1068) to work on /opt/airflow/dags/dag_with_py_op.py
[2023-02-13T22:25:11.210+0000] {processor.py:743} INFO - Processing file /opt/airflow/dags/dag_with_py_op.py for tasks to queue
[2023-02-13T22:25:11.211+0000] {logging_mixin.py:137} INFO - [2023-02-13T22:25:11.211+0000] {dagbag.py:538} INFO - Filling up the DagBag from /opt/airflow/dags/dag_with_py_op.py
[2023-02-13T22:25:11.235+0000] {processor.py:753} INFO - DAG(s) dict_keys(['dag_with_py_op']) retrieved from /opt/airflow/dags/dag_with_py_op.py
[2023-02-13T22:25:11.270+0000] {logging_mixin.py:137} INFO - [2023-02-13T22:25:11.270+0000] {dag.py:2690} INFO - Sync 1 DAGs
[2023-02-13T22:25:11.313+0000] {logging_mixin.py:137} INFO - [2023-02-13T22:25:11.312+0000] {dag.py:3441} INFO - Setting next_dagrun for dag_with_py_op to 2023-02-12T01:57:00+00:00, run_after=2023-02-13T01:57:00+00:00
[2023-02-13T22:25:11.340+0000] {processor.py:175} INFO - Processing /opt/airflow/dags/dag_with_py_op.py took 0.136 seconds
[2023-02-13T22:25:42.143+0000] {processor.py:153} INFO - Started process (PID=1103) to work on /opt/airflow/dags/dag_with_py_op.py
[2023-02-13T22:25:42.144+0000] {processor.py:743} INFO - Processing file /opt/airflow/dags/dag_with_py_op.py for tasks to queue
[2023-02-13T22:25:42.144+0000] {logging_mixin.py:137} INFO - [2023-02-13T22:25:42.144+0000] {dagbag.py:538} INFO - Filling up the DagBag from /opt/airflow/dags/dag_with_py_op.py
[2023-02-13T22:25:42.165+0000] {processor.py:753} INFO - DAG(s) dict_keys(['dag_with_py_op']) retrieved from /opt/airflow/dags/dag_with_py_op.py
[2023-02-13T22:25:42.203+0000] {logging_mixin.py:137} INFO - [2023-02-13T22:25:42.202+0000] {dag.py:2690} INFO - Sync 1 DAGs
[2023-02-13T22:25:42.248+0000] {logging_mixin.py:137} INFO - [2023-02-13T22:25:42.247+0000] {dag.py:3441} INFO - Setting next_dagrun for dag_with_py_op to 2023-02-12T01:57:00+00:00, run_after=2023-02-13T01:57:00+00:00
[2023-02-13T22:25:42.290+0000] {processor.py:175} INFO - Processing /opt/airflow/dags/dag_with_py_op.py took 0.151 seconds
[2023-02-13T22:26:13.210+0000] {processor.py:153} INFO - Started process (PID=1151) to work on /opt/airflow/dags/dag_with_py_op.py
[2023-02-13T22:26:13.211+0000] {processor.py:743} INFO - Processing file /opt/airflow/dags/dag_with_py_op.py for tasks to queue
[2023-02-13T22:26:13.212+0000] {logging_mixin.py:137} INFO - [2023-02-13T22:26:13.212+0000] {dagbag.py:538} INFO - Filling up the DagBag from /opt/airflow/dags/dag_with_py_op.py
[2023-02-13T22:26:13.238+0000] {processor.py:753} INFO - DAG(s) dict_keys(['dag_with_py_op']) retrieved from /opt/airflow/dags/dag_with_py_op.py
[2023-02-13T22:26:13.282+0000] {logging_mixin.py:137} INFO - [2023-02-13T22:26:13.282+0000] {dag.py:2690} INFO - Sync 1 DAGs
[2023-02-13T22:26:13.337+0000] {logging_mixin.py:137} INFO - [2023-02-13T22:26:13.337+0000] {dag.py:3441} INFO - Setting next_dagrun for dag_with_py_op to 2023-02-12T01:57:00+00:00, run_after=2023-02-13T01:57:00+00:00
[2023-02-13T22:26:13.388+0000] {processor.py:175} INFO - Processing /opt/airflow/dags/dag_with_py_op.py took 0.181 seconds
[2023-02-13T22:26:44.343+0000] {processor.py:153} INFO - Started process (PID=1188) to work on /opt/airflow/dags/dag_with_py_op.py
[2023-02-13T22:26:44.344+0000] {processor.py:743} INFO - Processing file /opt/airflow/dags/dag_with_py_op.py for tasks to queue
[2023-02-13T22:26:44.345+0000] {logging_mixin.py:137} INFO - [2023-02-13T22:26:44.344+0000] {dagbag.py:538} INFO - Filling up the DagBag from /opt/airflow/dags/dag_with_py_op.py
[2023-02-13T22:26:44.364+0000] {processor.py:753} INFO - DAG(s) dict_keys(['dag_with_py_op']) retrieved from /opt/airflow/dags/dag_with_py_op.py
[2023-02-13T22:26:44.396+0000] {logging_mixin.py:137} INFO - [2023-02-13T22:26:44.395+0000] {dag.py:2690} INFO - Sync 1 DAGs
[2023-02-13T22:26:44.435+0000] {logging_mixin.py:137} INFO - [2023-02-13T22:26:44.435+0000] {dag.py:3441} INFO - Setting next_dagrun for dag_with_py_op to 2023-02-12T01:57:00+00:00, run_after=2023-02-13T01:57:00+00:00
[2023-02-13T22:26:44.464+0000] {processor.py:175} INFO - Processing /opt/airflow/dags/dag_with_py_op.py took 0.125 seconds
[2023-02-13T22:27:15.275+0000] {processor.py:153} INFO - Started process (PID=1224) to work on /opt/airflow/dags/dag_with_py_op.py
[2023-02-13T22:27:15.276+0000] {processor.py:743} INFO - Processing file /opt/airflow/dags/dag_with_py_op.py for tasks to queue
[2023-02-13T22:27:15.276+0000] {logging_mixin.py:137} INFO - [2023-02-13T22:27:15.276+0000] {dagbag.py:538} INFO - Filling up the DagBag from /opt/airflow/dags/dag_with_py_op.py
[2023-02-13T22:27:15.294+0000] {processor.py:753} INFO - DAG(s) dict_keys(['dag_with_py_op']) retrieved from /opt/airflow/dags/dag_with_py_op.py
[2023-02-13T22:27:15.323+0000] {logging_mixin.py:137} INFO - [2023-02-13T22:27:15.323+0000] {dag.py:2690} INFO - Sync 1 DAGs
[2023-02-13T22:27:15.362+0000] {logging_mixin.py:137} INFO - [2023-02-13T22:27:15.362+0000] {dag.py:3441} INFO - Setting next_dagrun for dag_with_py_op to 2023-02-12T01:57:00+00:00, run_after=2023-02-13T01:57:00+00:00
[2023-02-13T22:27:15.388+0000] {processor.py:175} INFO - Processing /opt/airflow/dags/dag_with_py_op.py took 0.116 seconds
[2023-02-13T22:27:46.358+0000] {processor.py:153} INFO - Started process (PID=1273) to work on /opt/airflow/dags/dag_with_py_op.py
[2023-02-13T22:27:46.359+0000] {processor.py:743} INFO - Processing file /opt/airflow/dags/dag_with_py_op.py for tasks to queue
[2023-02-13T22:27:46.360+0000] {logging_mixin.py:137} INFO - [2023-02-13T22:27:46.360+0000] {dagbag.py:538} INFO - Filling up the DagBag from /opt/airflow/dags/dag_with_py_op.py
[2023-02-13T22:27:46.378+0000] {processor.py:753} INFO - DAG(s) dict_keys(['dag_with_py_op']) retrieved from /opt/airflow/dags/dag_with_py_op.py
[2023-02-13T22:27:46.410+0000] {logging_mixin.py:137} INFO - [2023-02-13T22:27:46.410+0000] {dag.py:2690} INFO - Sync 1 DAGs
[2023-02-13T22:27:46.459+0000] {logging_mixin.py:137} INFO - [2023-02-13T22:27:46.459+0000] {dag.py:3441} INFO - Setting next_dagrun for dag_with_py_op to 2023-02-12T01:57:00+00:00, run_after=2023-02-13T01:57:00+00:00
[2023-02-13T22:27:46.485+0000] {processor.py:175} INFO - Processing /opt/airflow/dags/dag_with_py_op.py took 0.133 seconds
[2023-02-13T22:28:17.294+0000] {processor.py:153} INFO - Started process (PID=1308) to work on /opt/airflow/dags/dag_with_py_op.py
[2023-02-13T22:28:17.295+0000] {processor.py:743} INFO - Processing file /opt/airflow/dags/dag_with_py_op.py for tasks to queue
[2023-02-13T22:28:17.296+0000] {logging_mixin.py:137} INFO - [2023-02-13T22:28:17.296+0000] {dagbag.py:538} INFO - Filling up the DagBag from /opt/airflow/dags/dag_with_py_op.py
[2023-02-13T22:28:17.313+0000] {processor.py:753} INFO - DAG(s) dict_keys(['dag_with_py_op']) retrieved from /opt/airflow/dags/dag_with_py_op.py
[2023-02-13T22:28:17.346+0000] {logging_mixin.py:137} INFO - [2023-02-13T22:28:17.346+0000] {dag.py:2690} INFO - Sync 1 DAGs
[2023-02-13T22:28:17.388+0000] {logging_mixin.py:137} INFO - [2023-02-13T22:28:17.387+0000] {dag.py:3441} INFO - Setting next_dagrun for dag_with_py_op to 2023-02-12T01:57:00+00:00, run_after=2023-02-13T01:57:00+00:00
[2023-02-13T22:28:17.412+0000] {processor.py:175} INFO - Processing /opt/airflow/dags/dag_with_py_op.py took 0.120 seconds
[2023-02-13T22:28:48.173+0000] {processor.py:153} INFO - Started process (PID=1344) to work on /opt/airflow/dags/dag_with_py_op.py
[2023-02-13T22:28:48.174+0000] {processor.py:743} INFO - Processing file /opt/airflow/dags/dag_with_py_op.py for tasks to queue
[2023-02-13T22:28:48.175+0000] {logging_mixin.py:137} INFO - [2023-02-13T22:28:48.174+0000] {dagbag.py:538} INFO - Filling up the DagBag from /opt/airflow/dags/dag_with_py_op.py
[2023-02-13T22:28:48.194+0000] {processor.py:753} INFO - DAG(s) dict_keys(['dag_with_py_op']) retrieved from /opt/airflow/dags/dag_with_py_op.py
[2023-02-13T22:28:48.224+0000] {logging_mixin.py:137} INFO - [2023-02-13T22:28:48.224+0000] {dag.py:2690} INFO - Sync 1 DAGs
[2023-02-13T22:28:48.265+0000] {logging_mixin.py:137} INFO - [2023-02-13T22:28:48.265+0000] {dag.py:3441} INFO - Setting next_dagrun for dag_with_py_op to 2023-02-12T01:57:00+00:00, run_after=2023-02-13T01:57:00+00:00
[2023-02-13T22:28:48.292+0000] {processor.py:175} INFO - Processing /opt/airflow/dags/dag_with_py_op.py took 0.123 seconds
[2023-02-13T22:29:19.078+0000] {processor.py:153} INFO - Started process (PID=1394) to work on /opt/airflow/dags/dag_with_py_op.py
[2023-02-13T22:29:19.080+0000] {processor.py:743} INFO - Processing file /opt/airflow/dags/dag_with_py_op.py for tasks to queue
[2023-02-13T22:29:19.081+0000] {logging_mixin.py:137} INFO - [2023-02-13T22:29:19.081+0000] {dagbag.py:538} INFO - Filling up the DagBag from /opt/airflow/dags/dag_with_py_op.py
[2023-02-13T22:29:19.102+0000] {processor.py:753} INFO - DAG(s) dict_keys(['dag_with_py_op']) retrieved from /opt/airflow/dags/dag_with_py_op.py
[2023-02-13T22:29:19.137+0000] {logging_mixin.py:137} INFO - [2023-02-13T22:29:19.137+0000] {dag.py:2690} INFO - Sync 1 DAGs
[2023-02-13T22:29:19.184+0000] {logging_mixin.py:137} INFO - [2023-02-13T22:29:19.184+0000] {dag.py:3441} INFO - Setting next_dagrun for dag_with_py_op to 2023-02-12T01:57:00+00:00, run_after=2023-02-13T01:57:00+00:00
[2023-02-13T22:29:19.218+0000] {processor.py:175} INFO - Processing /opt/airflow/dags/dag_with_py_op.py took 0.149 seconds
[2023-02-13T22:29:50.128+0000] {processor.py:153} INFO - Started process (PID=1430) to work on /opt/airflow/dags/dag_with_py_op.py
[2023-02-13T22:29:50.129+0000] {processor.py:743} INFO - Processing file /opt/airflow/dags/dag_with_py_op.py for tasks to queue
[2023-02-13T22:29:50.129+0000] {logging_mixin.py:137} INFO - [2023-02-13T22:29:50.129+0000] {dagbag.py:538} INFO - Filling up the DagBag from /opt/airflow/dags/dag_with_py_op.py
[2023-02-13T22:29:50.150+0000] {processor.py:753} INFO - DAG(s) dict_keys(['dag_with_py_op']) retrieved from /opt/airflow/dags/dag_with_py_op.py
[2023-02-13T22:29:50.183+0000] {logging_mixin.py:137} INFO - [2023-02-13T22:29:50.183+0000] {dag.py:2690} INFO - Sync 1 DAGs
[2023-02-13T22:29:50.223+0000] {logging_mixin.py:137} INFO - [2023-02-13T22:29:50.223+0000] {dag.py:3441} INFO - Setting next_dagrun for dag_with_py_op to 2023-02-12T01:57:00+00:00, run_after=2023-02-13T01:57:00+00:00
[2023-02-13T22:29:50.251+0000] {processor.py:175} INFO - Processing /opt/airflow/dags/dag_with_py_op.py took 0.127 seconds
[2023-02-13T22:30:20.946+0000] {processor.py:153} INFO - Started process (PID=1466) to work on /opt/airflow/dags/dag_with_py_op.py
[2023-02-13T22:30:20.946+0000] {processor.py:743} INFO - Processing file /opt/airflow/dags/dag_with_py_op.py for tasks to queue
[2023-02-13T22:30:20.948+0000] {logging_mixin.py:137} INFO - [2023-02-13T22:30:20.948+0000] {dagbag.py:538} INFO - Filling up the DagBag from /opt/airflow/dags/dag_with_py_op.py
[2023-02-13T22:30:20.965+0000] {processor.py:753} INFO - DAG(s) dict_keys(['dag_with_py_op']) retrieved from /opt/airflow/dags/dag_with_py_op.py
[2023-02-13T22:30:20.992+0000] {logging_mixin.py:137} INFO - [2023-02-13T22:30:20.992+0000] {dag.py:2690} INFO - Sync 1 DAGs
[2023-02-13T22:30:21.029+0000] {logging_mixin.py:137} INFO - [2023-02-13T22:30:21.029+0000] {dag.py:3441} INFO - Setting next_dagrun for dag_with_py_op to 2023-02-12T01:57:00+00:00, run_after=2023-02-13T01:57:00+00:00
[2023-02-13T22:30:21.054+0000] {processor.py:175} INFO - Processing /opt/airflow/dags/dag_with_py_op.py took 0.112 seconds
[2023-02-13T22:30:51.881+0000] {processor.py:153} INFO - Started process (PID=1516) to work on /opt/airflow/dags/dag_with_py_op.py
[2023-02-13T22:30:51.882+0000] {processor.py:743} INFO - Processing file /opt/airflow/dags/dag_with_py_op.py for tasks to queue
[2023-02-13T22:30:51.883+0000] {logging_mixin.py:137} INFO - [2023-02-13T22:30:51.883+0000] {dagbag.py:538} INFO - Filling up the DagBag from /opt/airflow/dags/dag_with_py_op.py
[2023-02-13T22:30:51.903+0000] {processor.py:753} INFO - DAG(s) dict_keys(['dag_with_py_op']) retrieved from /opt/airflow/dags/dag_with_py_op.py
[2023-02-13T22:30:51.935+0000] {logging_mixin.py:137} INFO - [2023-02-13T22:30:51.935+0000] {dag.py:2690} INFO - Sync 1 DAGs
[2023-02-13T22:30:51.972+0000] {logging_mixin.py:137} INFO - [2023-02-13T22:30:51.971+0000] {dag.py:3441} INFO - Setting next_dagrun for dag_with_py_op to 2023-02-12T01:57:00+00:00, run_after=2023-02-13T01:57:00+00:00
[2023-02-13T22:30:51.996+0000] {processor.py:175} INFO - Processing /opt/airflow/dags/dag_with_py_op.py took 0.118 seconds
[2023-02-13T22:31:22.877+0000] {processor.py:153} INFO - Started process (PID=1550) to work on /opt/airflow/dags/dag_with_py_op.py
[2023-02-13T22:31:22.879+0000] {processor.py:743} INFO - Processing file /opt/airflow/dags/dag_with_py_op.py for tasks to queue
[2023-02-13T22:31:22.880+0000] {logging_mixin.py:137} INFO - [2023-02-13T22:31:22.880+0000] {dagbag.py:538} INFO - Filling up the DagBag from /opt/airflow/dags/dag_with_py_op.py
[2023-02-13T22:31:22.904+0000] {processor.py:753} INFO - DAG(s) dict_keys(['dag_with_py_op']) retrieved from /opt/airflow/dags/dag_with_py_op.py
[2023-02-13T22:31:22.939+0000] {logging_mixin.py:137} INFO - [2023-02-13T22:31:22.939+0000] {dag.py:2690} INFO - Sync 1 DAGs
[2023-02-13T22:31:22.977+0000] {logging_mixin.py:137} INFO - [2023-02-13T22:31:22.977+0000] {dag.py:3441} INFO - Setting next_dagrun for dag_with_py_op to 2023-02-12T01:57:00+00:00, run_after=2023-02-13T01:57:00+00:00
[2023-02-13T22:31:23.006+0000] {processor.py:175} INFO - Processing /opt/airflow/dags/dag_with_py_op.py took 0.135 seconds
[2023-02-13T22:31:54.051+0000] {processor.py:153} INFO - Started process (PID=1586) to work on /opt/airflow/dags/dag_with_py_op.py
[2023-02-13T22:31:54.052+0000] {processor.py:743} INFO - Processing file /opt/airflow/dags/dag_with_py_op.py for tasks to queue
[2023-02-13T22:31:54.053+0000] {logging_mixin.py:137} INFO - [2023-02-13T22:31:54.053+0000] {dagbag.py:538} INFO - Filling up the DagBag from /opt/airflow/dags/dag_with_py_op.py
[2023-02-13T22:31:54.076+0000] {processor.py:753} INFO - DAG(s) dict_keys(['dag_with_py_op']) retrieved from /opt/airflow/dags/dag_with_py_op.py
[2023-02-13T22:31:54.115+0000] {logging_mixin.py:137} INFO - [2023-02-13T22:31:54.115+0000] {dag.py:2690} INFO - Sync 1 DAGs
[2023-02-13T22:31:54.161+0000] {logging_mixin.py:137} INFO - [2023-02-13T22:31:54.160+0000] {dag.py:3441} INFO - Setting next_dagrun for dag_with_py_op to 2023-02-12T01:57:00+00:00, run_after=2023-02-13T01:57:00+00:00
[2023-02-13T22:31:54.205+0000] {processor.py:175} INFO - Processing /opt/airflow/dags/dag_with_py_op.py took 0.158 seconds
[2023-02-13T22:32:25.050+0000] {processor.py:153} INFO - Started process (PID=1636) to work on /opt/airflow/dags/dag_with_py_op.py
[2023-02-13T22:32:25.051+0000] {processor.py:743} INFO - Processing file /opt/airflow/dags/dag_with_py_op.py for tasks to queue
[2023-02-13T22:32:25.052+0000] {logging_mixin.py:137} INFO - [2023-02-13T22:32:25.052+0000] {dagbag.py:538} INFO - Filling up the DagBag from /opt/airflow/dags/dag_with_py_op.py
[2023-02-13T22:32:25.071+0000] {processor.py:753} INFO - DAG(s) dict_keys(['dag_with_py_op']) retrieved from /opt/airflow/dags/dag_with_py_op.py
[2023-02-13T22:32:25.102+0000] {logging_mixin.py:137} INFO - [2023-02-13T22:32:25.102+0000] {dag.py:2690} INFO - Sync 1 DAGs
[2023-02-13T22:32:25.147+0000] {logging_mixin.py:137} INFO - [2023-02-13T22:32:25.147+0000] {dag.py:3441} INFO - Setting next_dagrun for dag_with_py_op to 2023-02-12T01:57:00+00:00, run_after=2023-02-13T01:57:00+00:00
[2023-02-13T22:32:25.173+0000] {processor.py:175} INFO - Processing /opt/airflow/dags/dag_with_py_op.py took 0.126 seconds
[2023-02-13T22:32:55.747+0000] {processor.py:153} INFO - Started process (PID=1670) to work on /opt/airflow/dags/dag_with_py_op.py
[2023-02-13T22:32:55.748+0000] {processor.py:743} INFO - Processing file /opt/airflow/dags/dag_with_py_op.py for tasks to queue
[2023-02-13T22:32:55.749+0000] {logging_mixin.py:137} INFO - [2023-02-13T22:32:55.749+0000] {dagbag.py:538} INFO - Filling up the DagBag from /opt/airflow/dags/dag_with_py_op.py
[2023-02-13T22:32:55.769+0000] {processor.py:753} INFO - DAG(s) dict_keys(['dag_with_py_op']) retrieved from /opt/airflow/dags/dag_with_py_op.py
[2023-02-13T22:32:55.797+0000] {logging_mixin.py:137} INFO - [2023-02-13T22:32:55.797+0000] {dag.py:2690} INFO - Sync 1 DAGs
[2023-02-13T22:32:55.837+0000] {logging_mixin.py:137} INFO - [2023-02-13T22:32:55.837+0000] {dag.py:3441} INFO - Setting next_dagrun for dag_with_py_op to 2023-02-12T01:57:00+00:00, run_after=2023-02-13T01:57:00+00:00
[2023-02-13T22:32:55.861+0000] {processor.py:175} INFO - Processing /opt/airflow/dags/dag_with_py_op.py took 0.117 seconds
[2023-02-13T22:33:26.639+0000] {processor.py:153} INFO - Started process (PID=1705) to work on /opt/airflow/dags/dag_with_py_op.py
[2023-02-13T22:33:26.640+0000] {processor.py:743} INFO - Processing file /opt/airflow/dags/dag_with_py_op.py for tasks to queue
[2023-02-13T22:33:26.641+0000] {logging_mixin.py:137} INFO - [2023-02-13T22:33:26.641+0000] {dagbag.py:538} INFO - Filling up the DagBag from /opt/airflow/dags/dag_with_py_op.py
[2023-02-13T22:33:26.659+0000] {processor.py:753} INFO - DAG(s) dict_keys(['dag_with_py_op']) retrieved from /opt/airflow/dags/dag_with_py_op.py
[2023-02-13T22:33:26.693+0000] {logging_mixin.py:137} INFO - [2023-02-13T22:33:26.692+0000] {dag.py:2690} INFO - Sync 1 DAGs
[2023-02-13T22:33:26.735+0000] {logging_mixin.py:137} INFO - [2023-02-13T22:33:26.735+0000] {dag.py:3441} INFO - Setting next_dagrun for dag_with_py_op to 2023-02-12T01:57:00+00:00, run_after=2023-02-13T01:57:00+00:00
[2023-02-13T22:33:26.764+0000] {processor.py:175} INFO - Processing /opt/airflow/dags/dag_with_py_op.py took 0.129 seconds
[2023-02-13T22:33:57.648+0000] {processor.py:153} INFO - Started process (PID=1754) to work on /opt/airflow/dags/dag_with_py_op.py
[2023-02-13T22:33:57.649+0000] {processor.py:743} INFO - Processing file /opt/airflow/dags/dag_with_py_op.py for tasks to queue
[2023-02-13T22:33:57.650+0000] {logging_mixin.py:137} INFO - [2023-02-13T22:33:57.649+0000] {dagbag.py:538} INFO - Filling up the DagBag from /opt/airflow/dags/dag_with_py_op.py
[2023-02-13T22:33:57.669+0000] {processor.py:753} INFO - DAG(s) dict_keys(['dag_with_py_op']) retrieved from /opt/airflow/dags/dag_with_py_op.py
[2023-02-13T22:33:57.710+0000] {logging_mixin.py:137} INFO - [2023-02-13T22:33:57.709+0000] {dag.py:2690} INFO - Sync 1 DAGs
[2023-02-13T22:33:57.748+0000] {logging_mixin.py:137} INFO - [2023-02-13T22:33:57.748+0000] {dag.py:3441} INFO - Setting next_dagrun for dag_with_py_op to 2023-02-12T01:57:00+00:00, run_after=2023-02-13T01:57:00+00:00
[2023-02-13T22:33:57.775+0000] {processor.py:175} INFO - Processing /opt/airflow/dags/dag_with_py_op.py took 0.131 seconds
[2023-02-13T22:34:28.716+0000] {processor.py:153} INFO - Started process (PID=1790) to work on /opt/airflow/dags/dag_with_py_op.py
[2023-02-13T22:34:28.717+0000] {processor.py:743} INFO - Processing file /opt/airflow/dags/dag_with_py_op.py for tasks to queue
[2023-02-13T22:34:28.717+0000] {logging_mixin.py:137} INFO - [2023-02-13T22:34:28.717+0000] {dagbag.py:538} INFO - Filling up the DagBag from /opt/airflow/dags/dag_with_py_op.py
[2023-02-13T22:34:28.734+0000] {processor.py:753} INFO - DAG(s) dict_keys(['dag_with_py_op']) retrieved from /opt/airflow/dags/dag_with_py_op.py
[2023-02-13T22:34:28.761+0000] {logging_mixin.py:137} INFO - [2023-02-13T22:34:28.761+0000] {dag.py:2690} INFO - Sync 1 DAGs
[2023-02-13T22:34:28.798+0000] {logging_mixin.py:137} INFO - [2023-02-13T22:34:28.798+0000] {dag.py:3441} INFO - Setting next_dagrun for dag_with_py_op to 2023-02-12T01:57:00+00:00, run_after=2023-02-13T01:57:00+00:00
[2023-02-13T22:34:28.824+0000] {processor.py:175} INFO - Processing /opt/airflow/dags/dag_with_py_op.py took 0.111 seconds
[2023-02-13T22:34:59.501+0000] {processor.py:153} INFO - Started process (PID=1826) to work on /opt/airflow/dags/dag_with_py_op.py
[2023-02-13T22:34:59.502+0000] {processor.py:743} INFO - Processing file /opt/airflow/dags/dag_with_py_op.py for tasks to queue
[2023-02-13T22:34:59.503+0000] {logging_mixin.py:137} INFO - [2023-02-13T22:34:59.503+0000] {dagbag.py:538} INFO - Filling up the DagBag from /opt/airflow/dags/dag_with_py_op.py
[2023-02-13T22:34:59.520+0000] {processor.py:753} INFO - DAG(s) dict_keys(['dag_with_py_op']) retrieved from /opt/airflow/dags/dag_with_py_op.py
[2023-02-13T22:34:59.549+0000] {logging_mixin.py:137} INFO - [2023-02-13T22:34:59.549+0000] {dag.py:2690} INFO - Sync 1 DAGs
[2023-02-13T22:34:59.588+0000] {logging_mixin.py:137} INFO - [2023-02-13T22:34:59.588+0000] {dag.py:3441} INFO - Setting next_dagrun for dag_with_py_op to 2023-02-12T01:57:00+00:00, run_after=2023-02-13T01:57:00+00:00
[2023-02-13T22:34:59.613+0000] {processor.py:175} INFO - Processing /opt/airflow/dags/dag_with_py_op.py took 0.115 seconds
[2023-02-13T22:35:30.410+0000] {processor.py:153} INFO - Started process (PID=1876) to work on /opt/airflow/dags/dag_with_py_op.py
[2023-02-13T22:35:30.410+0000] {processor.py:743} INFO - Processing file /opt/airflow/dags/dag_with_py_op.py for tasks to queue
[2023-02-13T22:35:30.411+0000] {logging_mixin.py:137} INFO - [2023-02-13T22:35:30.411+0000] {dagbag.py:538} INFO - Filling up the DagBag from /opt/airflow/dags/dag_with_py_op.py
[2023-02-13T22:35:30.431+0000] {processor.py:753} INFO - DAG(s) dict_keys(['dag_with_py_op']) retrieved from /opt/airflow/dags/dag_with_py_op.py
[2023-02-13T22:35:30.463+0000] {logging_mixin.py:137} INFO - [2023-02-13T22:35:30.463+0000] {dag.py:2690} INFO - Sync 1 DAGs
[2023-02-13T22:35:30.506+0000] {logging_mixin.py:137} INFO - [2023-02-13T22:35:30.506+0000] {dag.py:3441} INFO - Setting next_dagrun for dag_with_py_op to 2023-02-12T01:57:00+00:00, run_after=2023-02-13T01:57:00+00:00
[2023-02-13T22:35:30.537+0000] {processor.py:175} INFO - Processing /opt/airflow/dags/dag_with_py_op.py took 0.132 seconds
[2023-02-13T22:36:01.305+0000] {processor.py:153} INFO - Started process (PID=1912) to work on /opt/airflow/dags/dag_with_py_op.py
[2023-02-13T22:36:01.306+0000] {processor.py:743} INFO - Processing file /opt/airflow/dags/dag_with_py_op.py for tasks to queue
[2023-02-13T22:36:01.307+0000] {logging_mixin.py:137} INFO - [2023-02-13T22:36:01.307+0000] {dagbag.py:538} INFO - Filling up the DagBag from /opt/airflow/dags/dag_with_py_op.py
[2023-02-13T22:36:01.326+0000] {processor.py:753} INFO - DAG(s) dict_keys(['dag_with_py_op']) retrieved from /opt/airflow/dags/dag_with_py_op.py
[2023-02-13T22:36:01.358+0000] {logging_mixin.py:137} INFO - [2023-02-13T22:36:01.358+0000] {dag.py:2690} INFO - Sync 1 DAGs
[2023-02-13T22:36:01.400+0000] {logging_mixin.py:137} INFO - [2023-02-13T22:36:01.400+0000] {dag.py:3441} INFO - Setting next_dagrun for dag_with_py_op to 2023-02-12T01:57:00+00:00, run_after=2023-02-13T01:57:00+00:00
[2023-02-13T22:36:01.430+0000] {processor.py:175} INFO - Processing /opt/airflow/dags/dag_with_py_op.py took 0.128 seconds
[2023-02-13T22:36:32.134+0000] {processor.py:153} INFO - Started process (PID=1949) to work on /opt/airflow/dags/dag_with_py_op.py
[2023-02-13T22:36:32.135+0000] {processor.py:743} INFO - Processing file /opt/airflow/dags/dag_with_py_op.py for tasks to queue
[2023-02-13T22:36:32.135+0000] {logging_mixin.py:137} INFO - [2023-02-13T22:36:32.135+0000] {dagbag.py:538} INFO - Filling up the DagBag from /opt/airflow/dags/dag_with_py_op.py
[2023-02-13T22:36:32.152+0000] {processor.py:753} INFO - DAG(s) dict_keys(['dag_with_py_op']) retrieved from /opt/airflow/dags/dag_with_py_op.py
[2023-02-13T22:36:32.181+0000] {logging_mixin.py:137} INFO - [2023-02-13T22:36:32.181+0000] {dag.py:2690} INFO - Sync 1 DAGs
[2023-02-13T22:36:32.219+0000] {logging_mixin.py:137} INFO - [2023-02-13T22:36:32.219+0000] {dag.py:3441} INFO - Setting next_dagrun for dag_with_py_op to 2023-02-12T01:57:00+00:00, run_after=2023-02-13T01:57:00+00:00
[2023-02-13T22:36:32.242+0000] {processor.py:175} INFO - Processing /opt/airflow/dags/dag_with_py_op.py took 0.111 seconds
