[2023-02-13T07:42:28.227+0000] {processor.py:153} INFO - Started process (PID=48) to work on /opt/airflow/dags/hello.py
[2023-02-13T07:42:28.228+0000] {processor.py:743} INFO - Processing file /opt/airflow/dags/hello.py for tasks to queue
[2023-02-13T07:42:28.228+0000] {logging_mixin.py:137} INFO - [2023-02-13T07:42:28.228+0000] {dagbag.py:538} INFO - Filling up the DagBag from /opt/airflow/dags/hello.py
[2023-02-13T07:42:28.242+0000] {processor.py:753} INFO - DAG(s) dict_keys(['our_first_dagv2']) retrieved from /opt/airflow/dags/hello.py
[2023-02-13T07:42:28.274+0000] {logging_mixin.py:137} INFO - [2023-02-13T07:42:28.273+0000] {dag.py:2690} INFO - Sync 1 DAGs
[2023-02-13T07:42:28.310+0000] {logging_mixin.py:137} INFO - [2023-02-13T07:42:28.310+0000] {dag.py:3441} INFO - Setting next_dagrun for our_first_dagv2 to 2023-02-12T01:56:00+00:00, run_after=2023-02-13T01:56:00+00:00
[2023-02-13T07:42:28.335+0000] {processor.py:175} INFO - Processing /opt/airflow/dags/hello.py took 0.110 seconds
[2023-02-13T07:42:59.310+0000] {processor.py:153} INFO - Started process (PID=98) to work on /opt/airflow/dags/hello.py
[2023-02-13T07:42:59.319+0000] {processor.py:743} INFO - Processing file /opt/airflow/dags/hello.py for tasks to queue
[2023-02-13T07:42:59.320+0000] {logging_mixin.py:137} INFO - [2023-02-13T07:42:59.320+0000] {dagbag.py:538} INFO - Filling up the DagBag from /opt/airflow/dags/hello.py
[2023-02-13T07:42:59.364+0000] {processor.py:753} INFO - DAG(s) dict_keys(['our_first_dagv2']) retrieved from /opt/airflow/dags/hello.py
[2023-02-13T07:42:59.435+0000] {logging_mixin.py:137} INFO - [2023-02-13T07:42:59.435+0000] {dag.py:2690} INFO - Sync 1 DAGs
[2023-02-13T07:42:59.478+0000] {logging_mixin.py:137} INFO - [2023-02-13T07:42:59.478+0000] {dag.py:3441} INFO - Setting next_dagrun for our_first_dagv2 to 2023-02-12T01:56:00+00:00, run_after=2023-02-13T01:56:00+00:00
[2023-02-13T07:42:59.516+0000] {processor.py:175} INFO - Processing /opt/airflow/dags/hello.py took 0.218 seconds
[2023-02-13T07:54:43.168+0000] {processor.py:153} INFO - Started process (PID=42) to work on /opt/airflow/dags/hello.py
[2023-02-13T07:54:43.168+0000] {processor.py:743} INFO - Processing file /opt/airflow/dags/hello.py for tasks to queue
[2023-02-13T07:54:43.169+0000] {logging_mixin.py:137} INFO - [2023-02-13T07:54:43.169+0000] {dagbag.py:538} INFO - Filling up the DagBag from /opt/airflow/dags/hello.py
[2023-02-13T07:54:43.186+0000] {processor.py:753} INFO - DAG(s) dict_keys(['our_first_dagv2']) retrieved from /opt/airflow/dags/hello.py
[2023-02-13T07:54:43.216+0000] {logging_mixin.py:137} INFO - [2023-02-13T07:54:43.216+0000] {dag.py:2690} INFO - Sync 1 DAGs
[2023-02-13T07:54:43.249+0000] {logging_mixin.py:137} INFO - [2023-02-13T07:54:43.249+0000] {dag.py:3441} INFO - Setting next_dagrun for our_first_dagv2 to 2023-02-12T01:56:00+00:00, run_after=2023-02-13T01:56:00+00:00
[2023-02-13T07:54:43.279+0000] {processor.py:175} INFO - Processing /opt/airflow/dags/hello.py took 0.114 seconds
[2023-02-13T17:53:41.673+0000] {processor.py:153} INFO - Started process (PID=46) to work on /opt/airflow/dags/hello.py
[2023-02-13T17:53:41.674+0000] {processor.py:743} INFO - Processing file /opt/airflow/dags/hello.py for tasks to queue
[2023-02-13T17:53:41.674+0000] {logging_mixin.py:137} INFO - [2023-02-13T17:53:41.674+0000] {dagbag.py:538} INFO - Filling up the DagBag from /opt/airflow/dags/hello.py
[2023-02-13T17:53:41.691+0000] {processor.py:753} INFO - DAG(s) dict_keys(['our_first_dagv2']) retrieved from /opt/airflow/dags/hello.py
[2023-02-13T17:53:41.717+0000] {logging_mixin.py:137} INFO - [2023-02-13T17:53:41.717+0000] {dag.py:2690} INFO - Sync 1 DAGs
[2023-02-13T17:53:41.746+0000] {logging_mixin.py:137} INFO - [2023-02-13T17:53:41.746+0000] {dag.py:3441} INFO - Setting next_dagrun for our_first_dagv2 to 2023-02-12T01:56:00+00:00, run_after=2023-02-13T01:56:00+00:00
[2023-02-13T17:53:41.768+0000] {processor.py:175} INFO - Processing /opt/airflow/dags/hello.py took 0.098 seconds
[2023-02-13T22:12:18.526+0000] {processor.py:153} INFO - Started process (PID=42) to work on /opt/airflow/dags/hello.py
[2023-02-13T22:12:18.527+0000] {processor.py:743} INFO - Processing file /opt/airflow/dags/hello.py for tasks to queue
[2023-02-13T22:12:18.527+0000] {logging_mixin.py:137} INFO - [2023-02-13T22:12:18.527+0000] {dagbag.py:538} INFO - Filling up the DagBag from /opt/airflow/dags/hello.py
[2023-02-13T22:12:18.546+0000] {processor.py:753} INFO - DAG(s) dict_keys(['our_first_dagv2']) retrieved from /opt/airflow/dags/hello.py
[2023-02-13T22:12:18.569+0000] {logging_mixin.py:137} INFO - [2023-02-13T22:12:18.569+0000] {dag.py:2690} INFO - Sync 1 DAGs
[2023-02-13T22:12:18.599+0000] {logging_mixin.py:137} INFO - [2023-02-13T22:12:18.599+0000] {dag.py:3441} INFO - Setting next_dagrun for our_first_dagv2 to 2023-02-12T01:56:00+00:00, run_after=2023-02-13T01:56:00+00:00
[2023-02-13T22:12:18.617+0000] {processor.py:175} INFO - Processing /opt/airflow/dags/hello.py took 0.093 seconds
[2023-02-13T22:12:49.466+0000] {processor.py:153} INFO - Started process (PID=91) to work on /opt/airflow/dags/hello.py
[2023-02-13T22:12:49.467+0000] {processor.py:743} INFO - Processing file /opt/airflow/dags/hello.py for tasks to queue
[2023-02-13T22:12:49.468+0000] {logging_mixin.py:137} INFO - [2023-02-13T22:12:49.468+0000] {dagbag.py:538} INFO - Filling up the DagBag from /opt/airflow/dags/hello.py
[2023-02-13T22:12:49.495+0000] {processor.py:753} INFO - DAG(s) dict_keys(['our_first_dagv2']) retrieved from /opt/airflow/dags/hello.py
[2023-02-13T22:12:49.525+0000] {logging_mixin.py:137} INFO - [2023-02-13T22:12:49.525+0000] {dag.py:2690} INFO - Sync 1 DAGs
[2023-02-13T22:12:49.563+0000] {logging_mixin.py:137} INFO - [2023-02-13T22:12:49.563+0000] {dag.py:3441} INFO - Setting next_dagrun for our_first_dagv2 to 2023-02-12T01:56:00+00:00, run_after=2023-02-13T01:56:00+00:00
[2023-02-13T22:12:49.590+0000] {processor.py:175} INFO - Processing /opt/airflow/dags/hello.py took 0.129 seconds
[2023-02-13T22:13:20.501+0000] {processor.py:153} INFO - Started process (PID=128) to work on /opt/airflow/dags/hello.py
[2023-02-13T22:13:20.503+0000] {processor.py:743} INFO - Processing file /opt/airflow/dags/hello.py for tasks to queue
[2023-02-13T22:13:20.504+0000] {logging_mixin.py:137} INFO - [2023-02-13T22:13:20.503+0000] {dagbag.py:538} INFO - Filling up the DagBag from /opt/airflow/dags/hello.py
[2023-02-13T22:13:20.532+0000] {processor.py:753} INFO - DAG(s) dict_keys(['our_first_dagv2']) retrieved from /opt/airflow/dags/hello.py
[2023-02-13T22:13:20.565+0000] {logging_mixin.py:137} INFO - [2023-02-13T22:13:20.564+0000] {dag.py:2690} INFO - Sync 1 DAGs
[2023-02-13T22:13:20.605+0000] {logging_mixin.py:137} INFO - [2023-02-13T22:13:20.605+0000] {dag.py:3441} INFO - Setting next_dagrun for our_first_dagv2 to 2023-02-12T01:56:00+00:00, run_after=2023-02-13T01:56:00+00:00
[2023-02-13T22:13:20.645+0000] {processor.py:175} INFO - Processing /opt/airflow/dags/hello.py took 0.149 seconds
[2023-02-13T22:13:51.437+0000] {processor.py:153} INFO - Started process (PID=164) to work on /opt/airflow/dags/hello.py
[2023-02-13T22:13:51.438+0000] {processor.py:743} INFO - Processing file /opt/airflow/dags/hello.py for tasks to queue
[2023-02-13T22:13:51.439+0000] {logging_mixin.py:137} INFO - [2023-02-13T22:13:51.439+0000] {dagbag.py:538} INFO - Filling up the DagBag from /opt/airflow/dags/hello.py
[2023-02-13T22:13:51.468+0000] {processor.py:753} INFO - DAG(s) dict_keys(['our_first_dagv2']) retrieved from /opt/airflow/dags/hello.py
[2023-02-13T22:13:51.504+0000] {logging_mixin.py:137} INFO - [2023-02-13T22:13:51.503+0000] {dag.py:2690} INFO - Sync 1 DAGs
[2023-02-13T22:13:51.551+0000] {logging_mixin.py:137} INFO - [2023-02-13T22:13:51.550+0000] {dag.py:3441} INFO - Setting next_dagrun for our_first_dagv2 to 2023-02-12T01:56:00+00:00, run_after=2023-02-13T01:56:00+00:00
[2023-02-13T22:13:51.591+0000] {processor.py:175} INFO - Processing /opt/airflow/dags/hello.py took 0.160 seconds
[2023-02-13T22:14:22.240+0000] {processor.py:153} INFO - Started process (PID=213) to work on /opt/airflow/dags/hello.py
[2023-02-13T22:14:22.241+0000] {processor.py:743} INFO - Processing file /opt/airflow/dags/hello.py for tasks to queue
[2023-02-13T22:14:22.242+0000] {logging_mixin.py:137} INFO - [2023-02-13T22:14:22.241+0000] {dagbag.py:538} INFO - Filling up the DagBag from /opt/airflow/dags/hello.py
[2023-02-13T22:14:22.259+0000] {processor.py:753} INFO - DAG(s) dict_keys(['our_first_dagv2']) retrieved from /opt/airflow/dags/hello.py
[2023-02-13T22:14:22.284+0000] {logging_mixin.py:137} INFO - [2023-02-13T22:14:22.284+0000] {dag.py:2690} INFO - Sync 1 DAGs
[2023-02-13T22:14:22.321+0000] {logging_mixin.py:137} INFO - [2023-02-13T22:14:22.320+0000] {dag.py:3441} INFO - Setting next_dagrun for our_first_dagv2 to 2023-02-12T01:56:00+00:00, run_after=2023-02-13T01:56:00+00:00
[2023-02-13T22:14:22.344+0000] {processor.py:175} INFO - Processing /opt/airflow/dags/hello.py took 0.108 seconds
[2023-02-13T22:14:52.642+0000] {processor.py:153} INFO - Started process (PID=249) to work on /opt/airflow/dags/hello.py
[2023-02-13T22:14:52.643+0000] {processor.py:743} INFO - Processing file /opt/airflow/dags/hello.py for tasks to queue
[2023-02-13T22:14:52.644+0000] {logging_mixin.py:137} INFO - [2023-02-13T22:14:52.644+0000] {dagbag.py:538} INFO - Filling up the DagBag from /opt/airflow/dags/hello.py
[2023-02-13T22:14:52.668+0000] {processor.py:753} INFO - DAG(s) dict_keys(['our_first_dagv2']) retrieved from /opt/airflow/dags/hello.py
[2023-02-13T22:14:52.709+0000] {logging_mixin.py:137} INFO - [2023-02-13T22:14:52.708+0000] {dag.py:2690} INFO - Sync 1 DAGs
[2023-02-13T22:14:52.749+0000] {logging_mixin.py:137} INFO - [2023-02-13T22:14:52.749+0000] {dag.py:3441} INFO - Setting next_dagrun for our_first_dagv2 to 2023-02-12T01:56:00+00:00, run_after=2023-02-13T01:56:00+00:00
[2023-02-13T22:14:52.777+0000] {processor.py:175} INFO - Processing /opt/airflow/dags/hello.py took 0.139 seconds
[2023-02-13T22:15:23.540+0000] {processor.py:153} INFO - Started process (PID=286) to work on /opt/airflow/dags/hello.py
[2023-02-13T22:15:23.541+0000] {processor.py:743} INFO - Processing file /opt/airflow/dags/hello.py for tasks to queue
[2023-02-13T22:15:23.542+0000] {logging_mixin.py:137} INFO - [2023-02-13T22:15:23.542+0000] {dagbag.py:538} INFO - Filling up the DagBag from /opt/airflow/dags/hello.py
[2023-02-13T22:15:23.558+0000] {processor.py:753} INFO - DAG(s) dict_keys(['our_first_dagv2']) retrieved from /opt/airflow/dags/hello.py
[2023-02-13T22:15:23.584+0000] {logging_mixin.py:137} INFO - [2023-02-13T22:15:23.584+0000] {dag.py:2690} INFO - Sync 1 DAGs
[2023-02-13T22:15:23.621+0000] {logging_mixin.py:137} INFO - [2023-02-13T22:15:23.621+0000] {dag.py:3441} INFO - Setting next_dagrun for our_first_dagv2 to 2023-02-12T01:56:00+00:00, run_after=2023-02-13T01:56:00+00:00
[2023-02-13T22:15:23.647+0000] {processor.py:175} INFO - Processing /opt/airflow/dags/hello.py took 0.111 seconds
[2023-02-13T22:15:54.378+0000] {processor.py:153} INFO - Started process (PID=338) to work on /opt/airflow/dags/hello.py
[2023-02-13T22:15:54.379+0000] {processor.py:743} INFO - Processing file /opt/airflow/dags/hello.py for tasks to queue
[2023-02-13T22:15:54.380+0000] {logging_mixin.py:137} INFO - [2023-02-13T22:15:54.380+0000] {dagbag.py:538} INFO - Filling up the DagBag from /opt/airflow/dags/hello.py
[2023-02-13T22:15:54.397+0000] {processor.py:753} INFO - DAG(s) dict_keys(['our_first_dagv2']) retrieved from /opt/airflow/dags/hello.py
[2023-02-13T22:15:54.424+0000] {logging_mixin.py:137} INFO - [2023-02-13T22:15:54.423+0000] {dag.py:2690} INFO - Sync 1 DAGs
[2023-02-13T22:15:54.463+0000] {logging_mixin.py:137} INFO - [2023-02-13T22:15:54.463+0000] {dag.py:3441} INFO - Setting next_dagrun for our_first_dagv2 to 2023-02-12T01:56:00+00:00, run_after=2023-02-13T01:56:00+00:00
[2023-02-13T22:15:54.487+0000] {processor.py:175} INFO - Processing /opt/airflow/dags/hello.py took 0.111 seconds
[2023-02-13T22:16:25.285+0000] {processor.py:153} INFO - Started process (PID=374) to work on /opt/airflow/dags/hello.py
[2023-02-13T22:16:25.287+0000] {processor.py:743} INFO - Processing file /opt/airflow/dags/hello.py for tasks to queue
[2023-02-13T22:16:25.288+0000] {logging_mixin.py:137} INFO - [2023-02-13T22:16:25.288+0000] {dagbag.py:538} INFO - Filling up the DagBag from /opt/airflow/dags/hello.py
[2023-02-13T22:16:25.317+0000] {processor.py:753} INFO - DAG(s) dict_keys(['our_first_dagv2']) retrieved from /opt/airflow/dags/hello.py
[2023-02-13T22:16:25.353+0000] {logging_mixin.py:137} INFO - [2023-02-13T22:16:25.353+0000] {dag.py:2690} INFO - Sync 1 DAGs
[2023-02-13T22:16:25.394+0000] {logging_mixin.py:137} INFO - [2023-02-13T22:16:25.394+0000] {dag.py:3441} INFO - Setting next_dagrun for our_first_dagv2 to 2023-02-12T01:56:00+00:00, run_after=2023-02-13T01:56:00+00:00
[2023-02-13T22:16:25.422+0000] {processor.py:175} INFO - Processing /opt/airflow/dags/hello.py took 0.142 seconds
[2023-02-13T22:16:56.199+0000] {processor.py:153} INFO - Started process (PID=410) to work on /opt/airflow/dags/hello.py
[2023-02-13T22:16:56.200+0000] {processor.py:743} INFO - Processing file /opt/airflow/dags/hello.py for tasks to queue
[2023-02-13T22:16:56.201+0000] {logging_mixin.py:137} INFO - [2023-02-13T22:16:56.200+0000] {dagbag.py:538} INFO - Filling up the DagBag from /opt/airflow/dags/hello.py
[2023-02-13T22:16:56.228+0000] {processor.py:753} INFO - DAG(s) dict_keys(['our_first_dagv2']) retrieved from /opt/airflow/dags/hello.py
[2023-02-13T22:16:56.300+0000] {logging_mixin.py:137} INFO - [2023-02-13T22:16:56.300+0000] {dag.py:2690} INFO - Sync 1 DAGs
[2023-02-13T22:16:56.344+0000] {logging_mixin.py:137} INFO - [2023-02-13T22:16:56.344+0000] {dag.py:3441} INFO - Setting next_dagrun for our_first_dagv2 to 2023-02-12T01:56:00+00:00, run_after=2023-02-13T01:56:00+00:00
[2023-02-13T22:16:56.374+0000] {processor.py:175} INFO - Processing /opt/airflow/dags/hello.py took 0.179 seconds
[2023-02-13T22:17:27.161+0000] {processor.py:153} INFO - Started process (PID=459) to work on /opt/airflow/dags/hello.py
[2023-02-13T22:17:27.162+0000] {processor.py:743} INFO - Processing file /opt/airflow/dags/hello.py for tasks to queue
[2023-02-13T22:17:27.163+0000] {logging_mixin.py:137} INFO - [2023-02-13T22:17:27.163+0000] {dagbag.py:538} INFO - Filling up the DagBag from /opt/airflow/dags/hello.py
[2023-02-13T22:17:27.182+0000] {processor.py:753} INFO - DAG(s) dict_keys(['our_first_dagv2']) retrieved from /opt/airflow/dags/hello.py
[2023-02-13T22:17:27.215+0000] {logging_mixin.py:137} INFO - [2023-02-13T22:17:27.214+0000] {dag.py:2690} INFO - Sync 1 DAGs
[2023-02-13T22:17:27.253+0000] {logging_mixin.py:137} INFO - [2023-02-13T22:17:27.252+0000] {dag.py:3441} INFO - Setting next_dagrun for our_first_dagv2 to 2023-02-12T01:56:00+00:00, run_after=2023-02-13T01:56:00+00:00
[2023-02-13T22:17:27.279+0000] {processor.py:175} INFO - Processing /opt/airflow/dags/hello.py took 0.121 seconds
[2023-02-13T22:17:58.004+0000] {processor.py:153} INFO - Started process (PID=495) to work on /opt/airflow/dags/hello.py
[2023-02-13T22:17:58.005+0000] {processor.py:743} INFO - Processing file /opt/airflow/dags/hello.py for tasks to queue
[2023-02-13T22:17:58.006+0000] {logging_mixin.py:137} INFO - [2023-02-13T22:17:58.006+0000] {dagbag.py:538} INFO - Filling up the DagBag from /opt/airflow/dags/hello.py
[2023-02-13T22:17:58.026+0000] {processor.py:753} INFO - DAG(s) dict_keys(['our_first_dagv2']) retrieved from /opt/airflow/dags/hello.py
[2023-02-13T22:17:58.058+0000] {logging_mixin.py:137} INFO - [2023-02-13T22:17:58.057+0000] {dag.py:2690} INFO - Sync 1 DAGs
[2023-02-13T22:17:58.098+0000] {logging_mixin.py:137} INFO - [2023-02-13T22:17:58.098+0000] {dag.py:3441} INFO - Setting next_dagrun for our_first_dagv2 to 2023-02-12T01:56:00+00:00, run_after=2023-02-13T01:56:00+00:00
[2023-02-13T22:17:58.139+0000] {processor.py:175} INFO - Processing /opt/airflow/dags/hello.py took 0.139 seconds
[2023-02-13T22:18:28.947+0000] {processor.py:153} INFO - Started process (PID=537) to work on /opt/airflow/dags/hello.py
[2023-02-13T22:18:28.948+0000] {processor.py:743} INFO - Processing file /opt/airflow/dags/hello.py for tasks to queue
[2023-02-13T22:18:28.949+0000] {logging_mixin.py:137} INFO - [2023-02-13T22:18:28.949+0000] {dagbag.py:538} INFO - Filling up the DagBag from /opt/airflow/dags/hello.py
[2023-02-13T22:18:28.968+0000] {processor.py:753} INFO - DAG(s) dict_keys(['our_first_dagv2']) retrieved from /opt/airflow/dags/hello.py
[2023-02-13T22:18:29.011+0000] {logging_mixin.py:137} INFO - [2023-02-13T22:18:29.010+0000] {dag.py:2690} INFO - Sync 1 DAGs
[2023-02-13T22:18:29.057+0000] {logging_mixin.py:137} INFO - [2023-02-13T22:18:29.057+0000] {dag.py:3441} INFO - Setting next_dagrun for our_first_dagv2 to 2023-02-12T01:56:00+00:00, run_after=2023-02-13T01:56:00+00:00
[2023-02-13T22:18:29.096+0000] {processor.py:175} INFO - Processing /opt/airflow/dags/hello.py took 0.152 seconds
[2023-02-13T22:18:59.930+0000] {processor.py:153} INFO - Started process (PID=580) to work on /opt/airflow/dags/hello.py
[2023-02-13T22:18:59.931+0000] {processor.py:743} INFO - Processing file /opt/airflow/dags/hello.py for tasks to queue
[2023-02-13T22:18:59.932+0000] {logging_mixin.py:137} INFO - [2023-02-13T22:18:59.932+0000] {dagbag.py:538} INFO - Filling up the DagBag from /opt/airflow/dags/hello.py
[2023-02-13T22:18:59.958+0000] {processor.py:753} INFO - DAG(s) dict_keys(['our_first_dagv2']) retrieved from /opt/airflow/dags/hello.py
[2023-02-13T22:18:59.987+0000] {logging_mixin.py:137} INFO - [2023-02-13T22:18:59.987+0000] {dag.py:2690} INFO - Sync 1 DAGs
[2023-02-13T22:19:00.026+0000] {logging_mixin.py:137} INFO - [2023-02-13T22:19:00.025+0000] {dag.py:3441} INFO - Setting next_dagrun for our_first_dagv2 to 2023-02-12T01:56:00+00:00, run_after=2023-02-13T01:56:00+00:00
[2023-02-13T22:19:00.050+0000] {processor.py:175} INFO - Processing /opt/airflow/dags/hello.py took 0.125 seconds
[2023-02-13T22:19:30.812+0000] {processor.py:153} INFO - Started process (PID=616) to work on /opt/airflow/dags/hello.py
[2023-02-13T22:19:30.813+0000] {processor.py:743} INFO - Processing file /opt/airflow/dags/hello.py for tasks to queue
[2023-02-13T22:19:30.814+0000] {logging_mixin.py:137} INFO - [2023-02-13T22:19:30.814+0000] {dagbag.py:538} INFO - Filling up the DagBag from /opt/airflow/dags/hello.py
[2023-02-13T22:19:30.842+0000] {processor.py:753} INFO - DAG(s) dict_keys(['our_first_dagv2']) retrieved from /opt/airflow/dags/hello.py
[2023-02-13T22:19:30.881+0000] {logging_mixin.py:137} INFO - [2023-02-13T22:19:30.881+0000] {dag.py:2690} INFO - Sync 1 DAGs
[2023-02-13T22:19:30.921+0000] {logging_mixin.py:137} INFO - [2023-02-13T22:19:30.920+0000] {dag.py:3441} INFO - Setting next_dagrun for our_first_dagv2 to 2023-02-12T01:56:00+00:00, run_after=2023-02-13T01:56:00+00:00
[2023-02-13T22:19:30.963+0000] {processor.py:175} INFO - Processing /opt/airflow/dags/hello.py took 0.156 seconds
[2023-02-13T22:20:01.765+0000] {processor.py:153} INFO - Started process (PID=659) to work on /opt/airflow/dags/hello.py
[2023-02-13T22:20:01.767+0000] {processor.py:743} INFO - Processing file /opt/airflow/dags/hello.py for tasks to queue
[2023-02-13T22:20:01.770+0000] {logging_mixin.py:137} INFO - [2023-02-13T22:20:01.770+0000] {dagbag.py:538} INFO - Filling up the DagBag from /opt/airflow/dags/hello.py
[2023-02-13T22:20:01.790+0000] {processor.py:753} INFO - DAG(s) dict_keys(['our_first_dagv2']) retrieved from /opt/airflow/dags/hello.py
[2023-02-13T22:20:01.825+0000] {logging_mixin.py:137} INFO - [2023-02-13T22:20:01.825+0000] {dag.py:2690} INFO - Sync 1 DAGs
[2023-02-13T22:20:01.864+0000] {logging_mixin.py:137} INFO - [2023-02-13T22:20:01.864+0000] {dag.py:3441} INFO - Setting next_dagrun for our_first_dagv2 to 2023-02-12T01:56:00+00:00, run_after=2023-02-13T01:56:00+00:00
[2023-02-13T22:20:01.905+0000] {processor.py:175} INFO - Processing /opt/airflow/dags/hello.py took 0.145 seconds
[2023-02-13T22:20:32.718+0000] {processor.py:153} INFO - Started process (PID=702) to work on /opt/airflow/dags/hello.py
[2023-02-13T22:20:32.719+0000] {processor.py:743} INFO - Processing file /opt/airflow/dags/hello.py for tasks to queue
[2023-02-13T22:20:32.720+0000] {logging_mixin.py:137} INFO - [2023-02-13T22:20:32.720+0000] {dagbag.py:538} INFO - Filling up the DagBag from /opt/airflow/dags/hello.py
[2023-02-13T22:20:32.750+0000] {processor.py:753} INFO - DAG(s) dict_keys(['our_first_dagv2']) retrieved from /opt/airflow/dags/hello.py
[2023-02-13T22:20:32.785+0000] {logging_mixin.py:137} INFO - [2023-02-13T22:20:32.784+0000] {dag.py:2690} INFO - Sync 1 DAGs
[2023-02-13T22:20:32.825+0000] {logging_mixin.py:137} INFO - [2023-02-13T22:20:32.824+0000] {dag.py:3441} INFO - Setting next_dagrun for our_first_dagv2 to 2023-02-12T01:56:00+00:00, run_after=2023-02-13T01:56:00+00:00
[2023-02-13T22:20:32.855+0000] {processor.py:175} INFO - Processing /opt/airflow/dags/hello.py took 0.142 seconds
[2023-02-13T22:21:03.767+0000] {processor.py:153} INFO - Started process (PID=736) to work on /opt/airflow/dags/hello.py
[2023-02-13T22:21:03.768+0000] {processor.py:743} INFO - Processing file /opt/airflow/dags/hello.py for tasks to queue
[2023-02-13T22:21:03.768+0000] {logging_mixin.py:137} INFO - [2023-02-13T22:21:03.768+0000] {dagbag.py:538} INFO - Filling up the DagBag from /opt/airflow/dags/hello.py
[2023-02-13T22:21:03.787+0000] {processor.py:753} INFO - DAG(s) dict_keys(['our_first_dagv2']) retrieved from /opt/airflow/dags/hello.py
[2023-02-13T22:21:03.817+0000] {logging_mixin.py:137} INFO - [2023-02-13T22:21:03.817+0000] {dag.py:2690} INFO - Sync 1 DAGs
[2023-02-13T22:21:03.855+0000] {logging_mixin.py:137} INFO - [2023-02-13T22:21:03.855+0000] {dag.py:3441} INFO - Setting next_dagrun for our_first_dagv2 to 2023-02-12T01:56:00+00:00, run_after=2023-02-13T01:56:00+00:00
[2023-02-13T22:21:03.883+0000] {processor.py:175} INFO - Processing /opt/airflow/dags/hello.py took 0.120 seconds
[2023-02-13T22:21:34.682+0000] {processor.py:153} INFO - Started process (PID=781) to work on /opt/airflow/dags/hello.py
[2023-02-13T22:21:34.684+0000] {processor.py:743} INFO - Processing file /opt/airflow/dags/hello.py for tasks to queue
[2023-02-13T22:21:34.685+0000] {logging_mixin.py:137} INFO - [2023-02-13T22:21:34.685+0000] {dagbag.py:538} INFO - Filling up the DagBag from /opt/airflow/dags/hello.py
[2023-02-13T22:21:34.707+0000] {processor.py:753} INFO - DAG(s) dict_keys(['our_first_dagv2']) retrieved from /opt/airflow/dags/hello.py
[2023-02-13T22:21:34.737+0000] {logging_mixin.py:137} INFO - [2023-02-13T22:21:34.736+0000] {dag.py:2690} INFO - Sync 1 DAGs
[2023-02-13T22:21:34.776+0000] {logging_mixin.py:137} INFO - [2023-02-13T22:21:34.776+0000] {dag.py:3441} INFO - Setting next_dagrun for our_first_dagv2 to 2023-02-12T01:56:00+00:00, run_after=2023-02-13T01:56:00+00:00
[2023-02-13T22:21:34.802+0000] {processor.py:175} INFO - Processing /opt/airflow/dags/hello.py took 0.125 seconds
[2023-02-13T22:22:05.608+0000] {processor.py:153} INFO - Started process (PID=822) to work on /opt/airflow/dags/hello.py
[2023-02-13T22:22:05.610+0000] {processor.py:743} INFO - Processing file /opt/airflow/dags/hello.py for tasks to queue
[2023-02-13T22:22:05.611+0000] {logging_mixin.py:137} INFO - [2023-02-13T22:22:05.610+0000] {dagbag.py:538} INFO - Filling up the DagBag from /opt/airflow/dags/hello.py
[2023-02-13T22:22:05.631+0000] {processor.py:753} INFO - DAG(s) dict_keys(['our_first_dagv2']) retrieved from /opt/airflow/dags/hello.py
[2023-02-13T22:22:05.671+0000] {logging_mixin.py:137} INFO - [2023-02-13T22:22:05.671+0000] {dag.py:2690} INFO - Sync 1 DAGs
[2023-02-13T22:22:05.712+0000] {logging_mixin.py:137} INFO - [2023-02-13T22:22:05.712+0000] {dag.py:3441} INFO - Setting next_dagrun for our_first_dagv2 to 2023-02-12T01:56:00+00:00, run_after=2023-02-13T01:56:00+00:00
[2023-02-13T22:22:05.748+0000] {processor.py:175} INFO - Processing /opt/airflow/dags/hello.py took 0.145 seconds
[2023-02-13T22:22:36.487+0000] {processor.py:153} INFO - Started process (PID=859) to work on /opt/airflow/dags/hello.py
[2023-02-13T22:22:36.488+0000] {processor.py:743} INFO - Processing file /opt/airflow/dags/hello.py for tasks to queue
[2023-02-13T22:22:36.489+0000] {logging_mixin.py:137} INFO - [2023-02-13T22:22:36.489+0000] {dagbag.py:538} INFO - Filling up the DagBag from /opt/airflow/dags/hello.py
[2023-02-13T22:22:36.508+0000] {processor.py:753} INFO - DAG(s) dict_keys(['our_first_dagv2']) retrieved from /opt/airflow/dags/hello.py
[2023-02-13T22:22:36.544+0000] {logging_mixin.py:137} INFO - [2023-02-13T22:22:36.544+0000] {dag.py:2690} INFO - Sync 1 DAGs
[2023-02-13T22:22:36.586+0000] {logging_mixin.py:137} INFO - [2023-02-13T22:22:36.585+0000] {dag.py:3441} INFO - Setting next_dagrun for our_first_dagv2 to 2023-02-12T01:56:00+00:00, run_after=2023-02-13T01:56:00+00:00
[2023-02-13T22:22:36.627+0000] {processor.py:175} INFO - Processing /opt/airflow/dags/hello.py took 0.143 seconds
[2023-02-13T22:23:07.464+0000] {processor.py:153} INFO - Started process (PID=910) to work on /opt/airflow/dags/hello.py
[2023-02-13T22:23:07.464+0000] {processor.py:743} INFO - Processing file /opt/airflow/dags/hello.py for tasks to queue
[2023-02-13T22:23:07.465+0000] {logging_mixin.py:137} INFO - [2023-02-13T22:23:07.465+0000] {dagbag.py:538} INFO - Filling up the DagBag from /opt/airflow/dags/hello.py
[2023-02-13T22:23:07.483+0000] {processor.py:753} INFO - DAG(s) dict_keys(['our_first_dagv2']) retrieved from /opt/airflow/dags/hello.py
[2023-02-13T22:23:07.513+0000] {logging_mixin.py:137} INFO - [2023-02-13T22:23:07.513+0000] {dag.py:2690} INFO - Sync 1 DAGs
[2023-02-13T22:23:07.550+0000] {logging_mixin.py:137} INFO - [2023-02-13T22:23:07.550+0000] {dag.py:3441} INFO - Setting next_dagrun for our_first_dagv2 to 2023-02-12T01:56:00+00:00, run_after=2023-02-13T01:56:00+00:00
[2023-02-13T22:23:07.575+0000] {processor.py:175} INFO - Processing /opt/airflow/dags/hello.py took 0.114 seconds
[2023-02-13T22:23:38.397+0000] {processor.py:153} INFO - Started process (PID=945) to work on /opt/airflow/dags/hello.py
[2023-02-13T22:23:38.398+0000] {processor.py:743} INFO - Processing file /opt/airflow/dags/hello.py for tasks to queue
[2023-02-13T22:23:38.399+0000] {logging_mixin.py:137} INFO - [2023-02-13T22:23:38.399+0000] {dagbag.py:538} INFO - Filling up the DagBag from /opt/airflow/dags/hello.py
[2023-02-13T22:23:38.421+0000] {processor.py:753} INFO - DAG(s) dict_keys(['our_first_dagv2']) retrieved from /opt/airflow/dags/hello.py
[2023-02-13T22:23:38.454+0000] {logging_mixin.py:137} INFO - [2023-02-13T22:23:38.454+0000] {dag.py:2690} INFO - Sync 1 DAGs
[2023-02-13T22:23:38.495+0000] {logging_mixin.py:137} INFO - [2023-02-13T22:23:38.495+0000] {dag.py:3441} INFO - Setting next_dagrun for our_first_dagv2 to 2023-02-12T01:56:00+00:00, run_after=2023-02-13T01:56:00+00:00
[2023-02-13T22:23:38.533+0000] {processor.py:175} INFO - Processing /opt/airflow/dags/hello.py took 0.140 seconds
[2023-02-13T22:24:09.225+0000] {processor.py:153} INFO - Started process (PID=981) to work on /opt/airflow/dags/hello.py
[2023-02-13T22:24:09.226+0000] {processor.py:743} INFO - Processing file /opt/airflow/dags/hello.py for tasks to queue
[2023-02-13T22:24:09.226+0000] {logging_mixin.py:137} INFO - [2023-02-13T22:24:09.226+0000] {dagbag.py:538} INFO - Filling up the DagBag from /opt/airflow/dags/hello.py
[2023-02-13T22:24:09.244+0000] {processor.py:753} INFO - DAG(s) dict_keys(['our_first_dagv2']) retrieved from /opt/airflow/dags/hello.py
[2023-02-13T22:24:09.271+0000] {logging_mixin.py:137} INFO - [2023-02-13T22:24:09.270+0000] {dag.py:2690} INFO - Sync 1 DAGs
[2023-02-13T22:24:09.312+0000] {logging_mixin.py:137} INFO - [2023-02-13T22:24:09.312+0000] {dag.py:3441} INFO - Setting next_dagrun for our_first_dagv2 to 2023-02-12T01:56:00+00:00, run_after=2023-02-13T01:56:00+00:00
[2023-02-13T22:24:09.336+0000] {processor.py:175} INFO - Processing /opt/airflow/dags/hello.py took 0.115 seconds
[2023-02-13T22:24:40.190+0000] {processor.py:153} INFO - Started process (PID=1032) to work on /opt/airflow/dags/hello.py
[2023-02-13T22:24:40.191+0000] {processor.py:743} INFO - Processing file /opt/airflow/dags/hello.py for tasks to queue
[2023-02-13T22:24:40.192+0000] {logging_mixin.py:137} INFO - [2023-02-13T22:24:40.192+0000] {dagbag.py:538} INFO - Filling up the DagBag from /opt/airflow/dags/hello.py
[2023-02-13T22:24:40.221+0000] {processor.py:753} INFO - DAG(s) dict_keys(['our_first_dagv2']) retrieved from /opt/airflow/dags/hello.py
[2023-02-13T22:24:40.253+0000] {logging_mixin.py:137} INFO - [2023-02-13T22:24:40.253+0000] {dag.py:2690} INFO - Sync 1 DAGs
[2023-02-13T22:24:40.296+0000] {logging_mixin.py:137} INFO - [2023-02-13T22:24:40.295+0000] {dag.py:3441} INFO - Setting next_dagrun for our_first_dagv2 to 2023-02-12T01:56:00+00:00, run_after=2023-02-13T01:56:00+00:00
[2023-02-13T22:24:40.324+0000] {processor.py:175} INFO - Processing /opt/airflow/dags/hello.py took 0.141 seconds
[2023-02-13T22:25:11.213+0000] {processor.py:153} INFO - Started process (PID=1069) to work on /opt/airflow/dags/hello.py
[2023-02-13T22:25:11.214+0000] {processor.py:743} INFO - Processing file /opt/airflow/dags/hello.py for tasks to queue
[2023-02-13T22:25:11.215+0000] {logging_mixin.py:137} INFO - [2023-02-13T22:25:11.215+0000] {dagbag.py:538} INFO - Filling up the DagBag from /opt/airflow/dags/hello.py
[2023-02-13T22:25:11.235+0000] {processor.py:753} INFO - DAG(s) dict_keys(['our_first_dagv2']) retrieved from /opt/airflow/dags/hello.py
[2023-02-13T22:25:11.267+0000] {logging_mixin.py:137} INFO - [2023-02-13T22:25:11.267+0000] {dag.py:2690} INFO - Sync 1 DAGs
[2023-02-13T22:25:11.305+0000] {logging_mixin.py:137} INFO - [2023-02-13T22:25:11.305+0000] {dag.py:3441} INFO - Setting next_dagrun for our_first_dagv2 to 2023-02-12T01:56:00+00:00, run_after=2023-02-13T01:56:00+00:00
[2023-02-13T22:25:11.332+0000] {processor.py:175} INFO - Processing /opt/airflow/dags/hello.py took 0.123 seconds
[2023-02-13T22:25:42.280+0000] {processor.py:153} INFO - Started process (PID=1104) to work on /opt/airflow/dags/hello.py
[2023-02-13T22:25:42.281+0000] {processor.py:743} INFO - Processing file /opt/airflow/dags/hello.py for tasks to queue
[2023-02-13T22:25:42.282+0000] {logging_mixin.py:137} INFO - [2023-02-13T22:25:42.282+0000] {dagbag.py:538} INFO - Filling up the DagBag from /opt/airflow/dags/hello.py
[2023-02-13T22:25:42.306+0000] {processor.py:753} INFO - DAG(s) dict_keys(['our_first_dagv2']) retrieved from /opt/airflow/dags/hello.py
[2023-02-13T22:25:42.341+0000] {logging_mixin.py:137} INFO - [2023-02-13T22:25:42.341+0000] {dag.py:2690} INFO - Sync 1 DAGs
[2023-02-13T22:25:42.382+0000] {logging_mixin.py:137} INFO - [2023-02-13T22:25:42.382+0000] {dag.py:3441} INFO - Setting next_dagrun for our_first_dagv2 to 2023-02-12T01:56:00+00:00, run_after=2023-02-13T01:56:00+00:00
[2023-02-13T22:25:42.413+0000] {processor.py:175} INFO - Processing /opt/airflow/dags/hello.py took 0.138 seconds
[2023-02-13T22:26:13.218+0000] {processor.py:153} INFO - Started process (PID=1152) to work on /opt/airflow/dags/hello.py
[2023-02-13T22:26:13.219+0000] {processor.py:743} INFO - Processing file /opt/airflow/dags/hello.py for tasks to queue
[2023-02-13T22:26:13.220+0000] {logging_mixin.py:137} INFO - [2023-02-13T22:26:13.220+0000] {dagbag.py:538} INFO - Filling up the DagBag from /opt/airflow/dags/hello.py
[2023-02-13T22:26:13.244+0000] {processor.py:753} INFO - DAG(s) dict_keys(['our_first_dagv2']) retrieved from /opt/airflow/dags/hello.py
[2023-02-13T22:26:13.283+0000] {logging_mixin.py:137} INFO - [2023-02-13T22:26:13.283+0000] {dag.py:2690} INFO - Sync 1 DAGs
[2023-02-13T22:26:13.342+0000] {logging_mixin.py:137} INFO - [2023-02-13T22:26:13.342+0000] {dag.py:3441} INFO - Setting next_dagrun for our_first_dagv2 to 2023-02-12T01:56:00+00:00, run_after=2023-02-13T01:56:00+00:00
[2023-02-13T22:26:13.384+0000] {processor.py:175} INFO - Processing /opt/airflow/dags/hello.py took 0.169 seconds
[2023-02-13T22:26:44.351+0000] {processor.py:153} INFO - Started process (PID=1189) to work on /opt/airflow/dags/hello.py
[2023-02-13T22:26:44.352+0000] {processor.py:743} INFO - Processing file /opt/airflow/dags/hello.py for tasks to queue
[2023-02-13T22:26:44.353+0000] {logging_mixin.py:137} INFO - [2023-02-13T22:26:44.353+0000] {dagbag.py:538} INFO - Filling up the DagBag from /opt/airflow/dags/hello.py
[2023-02-13T22:26:44.371+0000] {processor.py:753} INFO - DAG(s) dict_keys(['our_first_dagv2']) retrieved from /opt/airflow/dags/hello.py
[2023-02-13T22:26:44.406+0000] {logging_mixin.py:137} INFO - [2023-02-13T22:26:44.406+0000] {dag.py:2690} INFO - Sync 1 DAGs
[2023-02-13T22:26:44.448+0000] {logging_mixin.py:137} INFO - [2023-02-13T22:26:44.448+0000] {dag.py:3441} INFO - Setting next_dagrun for our_first_dagv2 to 2023-02-12T01:56:00+00:00, run_after=2023-02-13T01:56:00+00:00
[2023-02-13T22:26:44.480+0000] {processor.py:175} INFO - Processing /opt/airflow/dags/hello.py took 0.133 seconds
[2023-02-13T22:27:15.281+0000] {processor.py:153} INFO - Started process (PID=1225) to work on /opt/airflow/dags/hello.py
[2023-02-13T22:27:15.283+0000] {processor.py:743} INFO - Processing file /opt/airflow/dags/hello.py for tasks to queue
[2023-02-13T22:27:15.285+0000] {logging_mixin.py:137} INFO - [2023-02-13T22:27:15.284+0000] {dagbag.py:538} INFO - Filling up the DagBag from /opt/airflow/dags/hello.py
[2023-02-13T22:27:15.305+0000] {processor.py:753} INFO - DAG(s) dict_keys(['our_first_dagv2']) retrieved from /opt/airflow/dags/hello.py
[2023-02-13T22:27:15.336+0000] {logging_mixin.py:137} INFO - [2023-02-13T22:27:15.336+0000] {dag.py:2690} INFO - Sync 1 DAGs
[2023-02-13T22:27:15.374+0000] {logging_mixin.py:137} INFO - [2023-02-13T22:27:15.374+0000] {dag.py:3441} INFO - Setting next_dagrun for our_first_dagv2 to 2023-02-12T01:56:00+00:00, run_after=2023-02-13T01:56:00+00:00
[2023-02-13T22:27:15.399+0000] {processor.py:175} INFO - Processing /opt/airflow/dags/hello.py took 0.122 seconds
[2023-02-13T22:27:46.447+0000] {processor.py:153} INFO - Started process (PID=1274) to work on /opt/airflow/dags/hello.py
[2023-02-13T22:27:46.448+0000] {processor.py:743} INFO - Processing file /opt/airflow/dags/hello.py for tasks to queue
[2023-02-13T22:27:46.448+0000] {logging_mixin.py:137} INFO - [2023-02-13T22:27:46.448+0000] {dagbag.py:538} INFO - Filling up the DagBag from /opt/airflow/dags/hello.py
[2023-02-13T22:27:46.468+0000] {processor.py:753} INFO - DAG(s) dict_keys(['our_first_dagv2']) retrieved from /opt/airflow/dags/hello.py
[2023-02-13T22:27:46.501+0000] {logging_mixin.py:137} INFO - [2023-02-13T22:27:46.501+0000] {dag.py:2690} INFO - Sync 1 DAGs
[2023-02-13T22:27:46.541+0000] {logging_mixin.py:137} INFO - [2023-02-13T22:27:46.541+0000] {dag.py:3441} INFO - Setting next_dagrun for our_first_dagv2 to 2023-02-12T01:56:00+00:00, run_after=2023-02-13T01:56:00+00:00
[2023-02-13T22:27:46.573+0000] {processor.py:175} INFO - Processing /opt/airflow/dags/hello.py took 0.132 seconds
[2023-02-13T22:28:17.418+0000] {processor.py:153} INFO - Started process (PID=1309) to work on /opt/airflow/dags/hello.py
[2023-02-13T22:28:17.419+0000] {processor.py:743} INFO - Processing file /opt/airflow/dags/hello.py for tasks to queue
[2023-02-13T22:28:17.420+0000] {logging_mixin.py:137} INFO - [2023-02-13T22:28:17.420+0000] {dagbag.py:538} INFO - Filling up the DagBag from /opt/airflow/dags/hello.py
[2023-02-13T22:28:17.437+0000] {processor.py:753} INFO - DAG(s) dict_keys(['our_first_dagv2']) retrieved from /opt/airflow/dags/hello.py
[2023-02-13T22:28:17.465+0000] {logging_mixin.py:137} INFO - [2023-02-13T22:28:17.465+0000] {dag.py:2690} INFO - Sync 1 DAGs
[2023-02-13T22:28:17.504+0000] {logging_mixin.py:137} INFO - [2023-02-13T22:28:17.504+0000] {dag.py:3441} INFO - Setting next_dagrun for our_first_dagv2 to 2023-02-12T01:56:00+00:00, run_after=2023-02-13T01:56:00+00:00
[2023-02-13T22:28:17.528+0000] {processor.py:175} INFO - Processing /opt/airflow/dags/hello.py took 0.114 seconds
[2023-02-13T22:28:48.312+0000] {processor.py:153} INFO - Started process (PID=1345) to work on /opt/airflow/dags/hello.py
[2023-02-13T22:28:48.313+0000] {processor.py:743} INFO - Processing file /opt/airflow/dags/hello.py for tasks to queue
[2023-02-13T22:28:48.314+0000] {logging_mixin.py:137} INFO - [2023-02-13T22:28:48.313+0000] {dagbag.py:538} INFO - Filling up the DagBag from /opt/airflow/dags/hello.py
[2023-02-13T22:28:48.333+0000] {processor.py:753} INFO - DAG(s) dict_keys(['our_first_dagv2']) retrieved from /opt/airflow/dags/hello.py
[2023-02-13T22:28:48.365+0000] {logging_mixin.py:137} INFO - [2023-02-13T22:28:48.364+0000] {dag.py:2690} INFO - Sync 1 DAGs
[2023-02-13T22:28:48.404+0000] {logging_mixin.py:137} INFO - [2023-02-13T22:28:48.404+0000] {dag.py:3441} INFO - Setting next_dagrun for our_first_dagv2 to 2023-02-12T01:56:00+00:00, run_after=2023-02-13T01:56:00+00:00
[2023-02-13T22:28:48.430+0000] {processor.py:175} INFO - Processing /opt/airflow/dags/hello.py took 0.121 seconds
[2023-02-13T22:29:19.182+0000] {processor.py:153} INFO - Started process (PID=1395) to work on /opt/airflow/dags/hello.py
[2023-02-13T22:29:19.184+0000] {processor.py:743} INFO - Processing file /opt/airflow/dags/hello.py for tasks to queue
[2023-02-13T22:29:19.184+0000] {logging_mixin.py:137} INFO - [2023-02-13T22:29:19.184+0000] {dagbag.py:538} INFO - Filling up the DagBag from /opt/airflow/dags/hello.py
[2023-02-13T22:29:19.205+0000] {processor.py:753} INFO - DAG(s) dict_keys(['our_first_dagv2']) retrieved from /opt/airflow/dags/hello.py
[2023-02-13T22:29:19.239+0000] {logging_mixin.py:137} INFO - [2023-02-13T22:29:19.238+0000] {dag.py:2690} INFO - Sync 1 DAGs
[2023-02-13T22:29:19.282+0000] {logging_mixin.py:137} INFO - [2023-02-13T22:29:19.282+0000] {dag.py:3441} INFO - Setting next_dagrun for our_first_dagv2 to 2023-02-12T01:56:00+00:00, run_after=2023-02-13T01:56:00+00:00
[2023-02-13T22:29:19.314+0000] {processor.py:175} INFO - Processing /opt/airflow/dags/hello.py took 0.134 seconds
[2023-02-13T22:29:50.137+0000] {processor.py:153} INFO - Started process (PID=1431) to work on /opt/airflow/dags/hello.py
[2023-02-13T22:29:50.138+0000] {processor.py:743} INFO - Processing file /opt/airflow/dags/hello.py for tasks to queue
[2023-02-13T22:29:50.140+0000] {logging_mixin.py:137} INFO - [2023-02-13T22:29:50.139+0000] {dagbag.py:538} INFO - Filling up the DagBag from /opt/airflow/dags/hello.py
[2023-02-13T22:29:50.169+0000] {processor.py:753} INFO - DAG(s) dict_keys(['our_first_dagv2']) retrieved from /opt/airflow/dags/hello.py
[2023-02-13T22:29:50.201+0000] {logging_mixin.py:137} INFO - [2023-02-13T22:29:50.201+0000] {dag.py:2690} INFO - Sync 1 DAGs
[2023-02-13T22:29:50.241+0000] {logging_mixin.py:137} INFO - [2023-02-13T22:29:50.240+0000] {dag.py:3441} INFO - Setting next_dagrun for our_first_dagv2 to 2023-02-12T01:56:00+00:00, run_after=2023-02-13T01:56:00+00:00
[2023-02-13T22:29:50.269+0000] {processor.py:175} INFO - Processing /opt/airflow/dags/hello.py took 0.137 seconds
[2023-02-13T22:30:21.069+0000] {processor.py:153} INFO - Started process (PID=1467) to work on /opt/airflow/dags/hello.py
[2023-02-13T22:30:21.070+0000] {processor.py:743} INFO - Processing file /opt/airflow/dags/hello.py for tasks to queue
[2023-02-13T22:30:21.071+0000] {logging_mixin.py:137} INFO - [2023-02-13T22:30:21.071+0000] {dagbag.py:538} INFO - Filling up the DagBag from /opt/airflow/dags/hello.py
[2023-02-13T22:30:21.097+0000] {processor.py:753} INFO - DAG(s) dict_keys(['our_first_dagv2']) retrieved from /opt/airflow/dags/hello.py
[2023-02-13T22:30:21.125+0000] {logging_mixin.py:137} INFO - [2023-02-13T22:30:21.124+0000] {dag.py:2690} INFO - Sync 1 DAGs
[2023-02-13T22:30:21.162+0000] {logging_mixin.py:137} INFO - [2023-02-13T22:30:21.162+0000] {dag.py:3441} INFO - Setting next_dagrun for our_first_dagv2 to 2023-02-12T01:56:00+00:00, run_after=2023-02-13T01:56:00+00:00
[2023-02-13T22:30:21.186+0000] {processor.py:175} INFO - Processing /opt/airflow/dags/hello.py took 0.122 seconds
[2023-02-13T22:30:51.888+0000] {processor.py:153} INFO - Started process (PID=1517) to work on /opt/airflow/dags/hello.py
[2023-02-13T22:30:51.889+0000] {processor.py:743} INFO - Processing file /opt/airflow/dags/hello.py for tasks to queue
[2023-02-13T22:30:51.891+0000] {logging_mixin.py:137} INFO - [2023-02-13T22:30:51.890+0000] {dagbag.py:538} INFO - Filling up the DagBag from /opt/airflow/dags/hello.py
[2023-02-13T22:30:51.910+0000] {processor.py:753} INFO - DAG(s) dict_keys(['our_first_dagv2']) retrieved from /opt/airflow/dags/hello.py
[2023-02-13T22:30:51.942+0000] {logging_mixin.py:137} INFO - [2023-02-13T22:30:51.941+0000] {dag.py:2690} INFO - Sync 1 DAGs
[2023-02-13T22:30:51.981+0000] {logging_mixin.py:137} INFO - [2023-02-13T22:30:51.981+0000] {dag.py:3441} INFO - Setting next_dagrun for our_first_dagv2 to 2023-02-12T01:56:00+00:00, run_after=2023-02-13T01:56:00+00:00
[2023-02-13T22:30:52.011+0000] {processor.py:175} INFO - Processing /opt/airflow/dags/hello.py took 0.128 seconds
[2023-02-13T22:31:23.003+0000] {processor.py:153} INFO - Started process (PID=1551) to work on /opt/airflow/dags/hello.py
[2023-02-13T22:31:23.004+0000] {processor.py:743} INFO - Processing file /opt/airflow/dags/hello.py for tasks to queue
[2023-02-13T22:31:23.005+0000] {logging_mixin.py:137} INFO - [2023-02-13T22:31:23.004+0000] {dagbag.py:538} INFO - Filling up the DagBag from /opt/airflow/dags/hello.py
[2023-02-13T22:31:23.023+0000] {processor.py:753} INFO - DAG(s) dict_keys(['our_first_dagv2']) retrieved from /opt/airflow/dags/hello.py
[2023-02-13T22:31:23.051+0000] {logging_mixin.py:137} INFO - [2023-02-13T22:31:23.051+0000] {dag.py:2690} INFO - Sync 1 DAGs
[2023-02-13T22:31:23.089+0000] {logging_mixin.py:137} INFO - [2023-02-13T22:31:23.088+0000] {dag.py:3441} INFO - Setting next_dagrun for our_first_dagv2 to 2023-02-12T01:56:00+00:00, run_after=2023-02-13T01:56:00+00:00
[2023-02-13T22:31:23.115+0000] {processor.py:175} INFO - Processing /opt/airflow/dags/hello.py took 0.115 seconds
[2023-02-13T22:31:54.059+0000] {processor.py:153} INFO - Started process (PID=1587) to work on /opt/airflow/dags/hello.py
[2023-02-13T22:31:54.060+0000] {processor.py:743} INFO - Processing file /opt/airflow/dags/hello.py for tasks to queue
[2023-02-13T22:31:54.061+0000] {logging_mixin.py:137} INFO - [2023-02-13T22:31:54.061+0000] {dagbag.py:538} INFO - Filling up the DagBag from /opt/airflow/dags/hello.py
[2023-02-13T22:31:54.083+0000] {processor.py:753} INFO - DAG(s) dict_keys(['our_first_dagv2']) retrieved from /opt/airflow/dags/hello.py
[2023-02-13T22:31:54.119+0000] {logging_mixin.py:137} INFO - [2023-02-13T22:31:54.118+0000] {dag.py:2690} INFO - Sync 1 DAGs
[2023-02-13T22:31:54.163+0000] {logging_mixin.py:137} INFO - [2023-02-13T22:31:54.162+0000] {dag.py:3441} INFO - Setting next_dagrun for our_first_dagv2 to 2023-02-12T01:56:00+00:00, run_after=2023-02-13T01:56:00+00:00
[2023-02-13T22:31:54.209+0000] {processor.py:175} INFO - Processing /opt/airflow/dags/hello.py took 0.155 seconds
[2023-02-13T22:32:25.057+0000] {processor.py:153} INFO - Started process (PID=1637) to work on /opt/airflow/dags/hello.py
[2023-02-13T22:32:25.058+0000] {processor.py:743} INFO - Processing file /opt/airflow/dags/hello.py for tasks to queue
[2023-02-13T22:32:25.059+0000] {logging_mixin.py:137} INFO - [2023-02-13T22:32:25.058+0000] {dagbag.py:538} INFO - Filling up the DagBag from /opt/airflow/dags/hello.py
[2023-02-13T22:32:25.077+0000] {processor.py:753} INFO - DAG(s) dict_keys(['our_first_dagv2']) retrieved from /opt/airflow/dags/hello.py
[2023-02-13T22:32:25.111+0000] {logging_mixin.py:137} INFO - [2023-02-13T22:32:25.110+0000] {dag.py:2690} INFO - Sync 1 DAGs
[2023-02-13T22:32:25.149+0000] {logging_mixin.py:137} INFO - [2023-02-13T22:32:25.148+0000] {dag.py:3441} INFO - Setting next_dagrun for our_first_dagv2 to 2023-02-12T01:56:00+00:00, run_after=2023-02-13T01:56:00+00:00
[2023-02-13T22:32:25.174+0000] {processor.py:175} INFO - Processing /opt/airflow/dags/hello.py took 0.121 seconds
[2023-02-13T22:32:55.863+0000] {processor.py:153} INFO - Started process (PID=1671) to work on /opt/airflow/dags/hello.py
[2023-02-13T22:32:55.864+0000] {processor.py:743} INFO - Processing file /opt/airflow/dags/hello.py for tasks to queue
[2023-02-13T22:32:55.865+0000] {logging_mixin.py:137} INFO - [2023-02-13T22:32:55.865+0000] {dagbag.py:538} INFO - Filling up the DagBag from /opt/airflow/dags/hello.py
[2023-02-13T22:32:55.887+0000] {processor.py:753} INFO - DAG(s) dict_keys(['our_first_dagv2']) retrieved from /opt/airflow/dags/hello.py
[2023-02-13T22:32:55.916+0000] {logging_mixin.py:137} INFO - [2023-02-13T22:32:55.916+0000] {dag.py:2690} INFO - Sync 1 DAGs
[2023-02-13T22:32:55.954+0000] {logging_mixin.py:137} INFO - [2023-02-13T22:32:55.954+0000] {dag.py:3441} INFO - Setting next_dagrun for our_first_dagv2 to 2023-02-12T01:56:00+00:00, run_after=2023-02-13T01:56:00+00:00
[2023-02-13T22:32:55.977+0000] {processor.py:175} INFO - Processing /opt/airflow/dags/hello.py took 0.118 seconds
[2023-02-13T22:33:26.778+0000] {processor.py:153} INFO - Started process (PID=1706) to work on /opt/airflow/dags/hello.py
[2023-02-13T22:33:26.779+0000] {processor.py:743} INFO - Processing file /opt/airflow/dags/hello.py for tasks to queue
[2023-02-13T22:33:26.780+0000] {logging_mixin.py:137} INFO - [2023-02-13T22:33:26.780+0000] {dagbag.py:538} INFO - Filling up the DagBag from /opt/airflow/dags/hello.py
[2023-02-13T22:33:26.798+0000] {processor.py:753} INFO - DAG(s) dict_keys(['our_first_dagv2']) retrieved from /opt/airflow/dags/hello.py
[2023-02-13T22:33:26.828+0000] {logging_mixin.py:137} INFO - [2023-02-13T22:33:26.828+0000] {dag.py:2690} INFO - Sync 1 DAGs
[2023-02-13T22:33:26.869+0000] {logging_mixin.py:137} INFO - [2023-02-13T22:33:26.869+0000] {dag.py:3441} INFO - Setting next_dagrun for our_first_dagv2 to 2023-02-12T01:56:00+00:00, run_after=2023-02-13T01:56:00+00:00
[2023-02-13T22:33:26.897+0000] {processor.py:175} INFO - Processing /opt/airflow/dags/hello.py took 0.122 seconds
[2023-02-13T22:33:57.744+0000] {processor.py:153} INFO - Started process (PID=1755) to work on /opt/airflow/dags/hello.py
[2023-02-13T22:33:57.745+0000] {processor.py:743} INFO - Processing file /opt/airflow/dags/hello.py for tasks to queue
[2023-02-13T22:33:57.746+0000] {logging_mixin.py:137} INFO - [2023-02-13T22:33:57.745+0000] {dagbag.py:538} INFO - Filling up the DagBag from /opt/airflow/dags/hello.py
[2023-02-13T22:33:57.763+0000] {processor.py:753} INFO - DAG(s) dict_keys(['our_first_dagv2']) retrieved from /opt/airflow/dags/hello.py
[2023-02-13T22:33:57.795+0000] {logging_mixin.py:137} INFO - [2023-02-13T22:33:57.794+0000] {dag.py:2690} INFO - Sync 1 DAGs
[2023-02-13T22:33:57.834+0000] {logging_mixin.py:137} INFO - [2023-02-13T22:33:57.834+0000] {dag.py:3441} INFO - Setting next_dagrun for our_first_dagv2 to 2023-02-12T01:56:00+00:00, run_after=2023-02-13T01:56:00+00:00
[2023-02-13T22:33:57.860+0000] {processor.py:175} INFO - Processing /opt/airflow/dags/hello.py took 0.119 seconds
[2023-02-13T22:34:28.720+0000] {processor.py:153} INFO - Started process (PID=1791) to work on /opt/airflow/dags/hello.py
[2023-02-13T22:34:28.721+0000] {processor.py:743} INFO - Processing file /opt/airflow/dags/hello.py for tasks to queue
[2023-02-13T22:34:28.721+0000] {logging_mixin.py:137} INFO - [2023-02-13T22:34:28.721+0000] {dagbag.py:538} INFO - Filling up the DagBag from /opt/airflow/dags/hello.py
[2023-02-13T22:34:28.738+0000] {processor.py:753} INFO - DAG(s) dict_keys(['our_first_dagv2']) retrieved from /opt/airflow/dags/hello.py
[2023-02-13T22:34:28.764+0000] {logging_mixin.py:137} INFO - [2023-02-13T22:34:28.764+0000] {dag.py:2690} INFO - Sync 1 DAGs
[2023-02-13T22:34:28.800+0000] {logging_mixin.py:137} INFO - [2023-02-13T22:34:28.800+0000] {dag.py:3441} INFO - Setting next_dagrun for our_first_dagv2 to 2023-02-12T01:56:00+00:00, run_after=2023-02-13T01:56:00+00:00
[2023-02-13T22:34:28.824+0000] {processor.py:175} INFO - Processing /opt/airflow/dags/hello.py took 0.107 seconds
[2023-02-13T22:34:59.625+0000] {processor.py:153} INFO - Started process (PID=1827) to work on /opt/airflow/dags/hello.py
[2023-02-13T22:34:59.625+0000] {processor.py:743} INFO - Processing file /opt/airflow/dags/hello.py for tasks to queue
[2023-02-13T22:34:59.626+0000] {logging_mixin.py:137} INFO - [2023-02-13T22:34:59.626+0000] {dagbag.py:538} INFO - Filling up the DagBag from /opt/airflow/dags/hello.py
[2023-02-13T22:34:59.644+0000] {processor.py:753} INFO - DAG(s) dict_keys(['our_first_dagv2']) retrieved from /opt/airflow/dags/hello.py
[2023-02-13T22:34:59.672+0000] {logging_mixin.py:137} INFO - [2023-02-13T22:34:59.672+0000] {dag.py:2690} INFO - Sync 1 DAGs
[2023-02-13T22:34:59.711+0000] {logging_mixin.py:137} INFO - [2023-02-13T22:34:59.710+0000] {dag.py:3441} INFO - Setting next_dagrun for our_first_dagv2 to 2023-02-12T01:56:00+00:00, run_after=2023-02-13T01:56:00+00:00
[2023-02-13T22:34:59.737+0000] {processor.py:175} INFO - Processing /opt/airflow/dags/hello.py took 0.116 seconds
[2023-02-13T22:35:30.537+0000] {processor.py:153} INFO - Started process (PID=1877) to work on /opt/airflow/dags/hello.py
[2023-02-13T22:35:30.538+0000] {processor.py:743} INFO - Processing file /opt/airflow/dags/hello.py for tasks to queue
[2023-02-13T22:35:30.539+0000] {logging_mixin.py:137} INFO - [2023-02-13T22:35:30.538+0000] {dagbag.py:538} INFO - Filling up the DagBag from /opt/airflow/dags/hello.py
[2023-02-13T22:35:30.561+0000] {processor.py:753} INFO - DAG(s) dict_keys(['our_first_dagv2']) retrieved from /opt/airflow/dags/hello.py
[2023-02-13T22:35:30.594+0000] {logging_mixin.py:137} INFO - [2023-02-13T22:35:30.593+0000] {dag.py:2690} INFO - Sync 1 DAGs
[2023-02-13T22:35:30.637+0000] {logging_mixin.py:137} INFO - [2023-02-13T22:35:30.637+0000] {dag.py:3441} INFO - Setting next_dagrun for our_first_dagv2 to 2023-02-12T01:56:00+00:00, run_after=2023-02-13T01:56:00+00:00
[2023-02-13T22:35:30.664+0000] {processor.py:175} INFO - Processing /opt/airflow/dags/hello.py took 0.133 seconds
[2023-02-13T22:36:01.417+0000] {processor.py:153} INFO - Started process (PID=1913) to work on /opt/airflow/dags/hello.py
[2023-02-13T22:36:01.418+0000] {processor.py:743} INFO - Processing file /opt/airflow/dags/hello.py for tasks to queue
[2023-02-13T22:36:01.419+0000] {logging_mixin.py:137} INFO - [2023-02-13T22:36:01.419+0000] {dagbag.py:538} INFO - Filling up the DagBag from /opt/airflow/dags/hello.py
[2023-02-13T22:36:01.448+0000] {processor.py:753} INFO - DAG(s) dict_keys(['our_first_dagv2']) retrieved from /opt/airflow/dags/hello.py
[2023-02-13T22:36:01.479+0000] {logging_mixin.py:137} INFO - [2023-02-13T22:36:01.479+0000] {dag.py:2690} INFO - Sync 1 DAGs
[2023-02-13T22:36:01.520+0000] {logging_mixin.py:137} INFO - [2023-02-13T22:36:01.520+0000] {dag.py:3441} INFO - Setting next_dagrun for our_first_dagv2 to 2023-02-12T01:56:00+00:00, run_after=2023-02-13T01:56:00+00:00
[2023-02-13T22:36:01.559+0000] {processor.py:175} INFO - Processing /opt/airflow/dags/hello.py took 0.147 seconds
[2023-02-13T22:36:32.260+0000] {processor.py:153} INFO - Started process (PID=1950) to work on /opt/airflow/dags/hello.py
[2023-02-13T22:36:32.261+0000] {processor.py:743} INFO - Processing file /opt/airflow/dags/hello.py for tasks to queue
[2023-02-13T22:36:32.261+0000] {logging_mixin.py:137} INFO - [2023-02-13T22:36:32.261+0000] {dagbag.py:538} INFO - Filling up the DagBag from /opt/airflow/dags/hello.py
[2023-02-13T22:36:32.277+0000] {processor.py:753} INFO - DAG(s) dict_keys(['our_first_dagv2']) retrieved from /opt/airflow/dags/hello.py
[2023-02-13T22:36:32.306+0000] {logging_mixin.py:137} INFO - [2023-02-13T22:36:32.306+0000] {dag.py:2690} INFO - Sync 1 DAGs
[2023-02-13T22:36:32.343+0000] {logging_mixin.py:137} INFO - [2023-02-13T22:36:32.342+0000] {dag.py:3441} INFO - Setting next_dagrun for our_first_dagv2 to 2023-02-12T01:56:00+00:00, run_after=2023-02-13T01:56:00+00:00
[2023-02-13T22:36:32.367+0000] {processor.py:175} INFO - Processing /opt/airflow/dags/hello.py took 0.110 seconds
