[2023-02-13T07:42:27.333+0000] {processor.py:153} INFO - Started process (PID=35) to work on /opt/airflow/dags/import_sklearn.py
[2023-02-13T07:42:27.333+0000] {processor.py:743} INFO - Processing file /opt/airflow/dags/import_sklearn.py for tasks to queue
[2023-02-13T07:42:27.334+0000] {logging_mixin.py:137} INFO - [2023-02-13T07:42:27.334+0000] {dagbag.py:538} INFO - Filling up the DagBag from /opt/airflow/dags/import_sklearn.py
[2023-02-13T07:42:27.739+0000] {processor.py:753} INFO - DAG(s) dict_keys(['sklearn_test']) retrieved from /opt/airflow/dags/import_sklearn.py
[2023-02-13T07:42:27.770+0000] {logging_mixin.py:137} INFO - [2023-02-13T07:42:27.770+0000] {dag.py:2690} INFO - Sync 1 DAGs
[2023-02-13T07:42:27.794+0000] {logging_mixin.py:137} INFO - [2023-02-13T07:42:27.794+0000] {dag.py:3441} INFO - Setting next_dagrun for sklearn_test to 2023-02-13T05:23:00+00:00, run_after=2023-02-14T05:23:00+00:00
[2023-02-13T07:42:27.817+0000] {processor.py:175} INFO - Processing /opt/airflow/dags/import_sklearn.py took 0.488 seconds
[2023-02-13T07:42:58.457+0000] {processor.py:153} INFO - Started process (PID=92) to work on /opt/airflow/dags/import_sklearn.py
[2023-02-13T07:42:58.459+0000] {processor.py:743} INFO - Processing file /opt/airflow/dags/import_sklearn.py for tasks to queue
[2023-02-13T07:42:58.459+0000] {logging_mixin.py:137} INFO - [2023-02-13T07:42:58.459+0000] {dagbag.py:538} INFO - Filling up the DagBag from /opt/airflow/dags/import_sklearn.py
[2023-02-13T07:42:58.946+0000] {processor.py:753} INFO - DAG(s) dict_keys(['sklearn_test']) retrieved from /opt/airflow/dags/import_sklearn.py
[2023-02-13T07:42:58.974+0000] {logging_mixin.py:137} INFO - [2023-02-13T07:42:58.974+0000] {dag.py:2690} INFO - Sync 1 DAGs
[2023-02-13T07:42:59.015+0000] {logging_mixin.py:137} INFO - [2023-02-13T07:42:59.015+0000] {dag.py:3441} INFO - Setting next_dagrun for sklearn_test to 2023-02-13T05:23:00+00:00, run_after=2023-02-14T05:23:00+00:00
[2023-02-13T07:42:59.042+0000] {processor.py:175} INFO - Processing /opt/airflow/dags/import_sklearn.py took 0.599 seconds
[2023-02-13T07:54:42.624+0000] {processor.py:153} INFO - Started process (PID=35) to work on /opt/airflow/dags/import_sklearn.py
[2023-02-13T07:54:42.625+0000] {processor.py:743} INFO - Processing file /opt/airflow/dags/import_sklearn.py for tasks to queue
[2023-02-13T07:54:42.626+0000] {logging_mixin.py:137} INFO - [2023-02-13T07:54:42.626+0000] {dagbag.py:538} INFO - Filling up the DagBag from /opt/airflow/dags/import_sklearn.py
[2023-02-13T07:54:43.024+0000] {processor.py:753} INFO - DAG(s) dict_keys(['sklearn_test']) retrieved from /opt/airflow/dags/import_sklearn.py
[2023-02-13T07:54:43.054+0000] {logging_mixin.py:137} INFO - [2023-02-13T07:54:43.054+0000] {dag.py:2690} INFO - Sync 1 DAGs
[2023-02-13T07:54:43.083+0000] {logging_mixin.py:137} INFO - [2023-02-13T07:54:43.082+0000] {dag.py:3441} INFO - Setting next_dagrun for sklearn_test to 2023-02-13T05:23:00+00:00, run_after=2023-02-14T05:23:00+00:00
[2023-02-13T07:54:43.105+0000] {processor.py:175} INFO - Processing /opt/airflow/dags/import_sklearn.py took 0.482 seconds
[2023-02-13T17:53:40.955+0000] {processor.py:153} INFO - Started process (PID=34) to work on /opt/airflow/dags/import_sklearn.py
[2023-02-13T17:53:40.956+0000] {processor.py:743} INFO - Processing file /opt/airflow/dags/import_sklearn.py for tasks to queue
[2023-02-13T17:53:40.957+0000] {logging_mixin.py:137} INFO - [2023-02-13T17:53:40.957+0000] {dagbag.py:538} INFO - Filling up the DagBag from /opt/airflow/dags/import_sklearn.py
[2023-02-13T17:53:41.561+0000] {processor.py:753} INFO - DAG(s) dict_keys(['sklearn_test']) retrieved from /opt/airflow/dags/import_sklearn.py
[2023-02-13T17:53:41.595+0000] {logging_mixin.py:137} INFO - [2023-02-13T17:53:41.595+0000] {dag.py:2690} INFO - Sync 1 DAGs
[2023-02-13T17:53:41.622+0000] {logging_mixin.py:137} INFO - [2023-02-13T17:53:41.622+0000] {dag.py:3441} INFO - Setting next_dagrun for sklearn_test to 2023-02-13T05:23:00+00:00, run_after=2023-02-14T05:23:00+00:00
[2023-02-13T17:53:41.644+0000] {processor.py:175} INFO - Processing /opt/airflow/dags/import_sklearn.py took 0.695 seconds
[2023-02-13T22:12:17.976+0000] {processor.py:153} INFO - Started process (PID=35) to work on /opt/airflow/dags/import_sklearn.py
[2023-02-13T22:12:17.977+0000] {processor.py:743} INFO - Processing file /opt/airflow/dags/import_sklearn.py for tasks to queue
[2023-02-13T22:12:17.978+0000] {logging_mixin.py:137} INFO - [2023-02-13T22:12:17.978+0000] {dagbag.py:538} INFO - Filling up the DagBag from /opt/airflow/dags/import_sklearn.py
[2023-02-13T22:12:18.413+0000] {processor.py:753} INFO - DAG(s) dict_keys(['sklearn_test']) retrieved from /opt/airflow/dags/import_sklearn.py
[2023-02-13T22:12:18.447+0000] {logging_mixin.py:137} INFO - [2023-02-13T22:12:18.446+0000] {dag.py:2690} INFO - Sync 1 DAGs
[2023-02-13T22:12:18.476+0000] {logging_mixin.py:137} INFO - [2023-02-13T22:12:18.476+0000] {dag.py:3441} INFO - Setting next_dagrun for sklearn_test to 2023-02-13T05:23:00+00:00, run_after=2023-02-14T05:23:00+00:00
[2023-02-13T22:12:18.502+0000] {processor.py:175} INFO - Processing /opt/airflow/dags/import_sklearn.py took 0.529 seconds
[2023-02-13T22:12:48.799+0000] {processor.py:153} INFO - Started process (PID=84) to work on /opt/airflow/dags/import_sklearn.py
[2023-02-13T22:12:48.800+0000] {processor.py:743} INFO - Processing file /opt/airflow/dags/import_sklearn.py for tasks to queue
[2023-02-13T22:12:48.801+0000] {logging_mixin.py:137} INFO - [2023-02-13T22:12:48.801+0000] {dagbag.py:538} INFO - Filling up the DagBag from /opt/airflow/dags/import_sklearn.py
[2023-02-13T22:12:49.186+0000] {processor.py:753} INFO - DAG(s) dict_keys(['sklearn_test']) retrieved from /opt/airflow/dags/import_sklearn.py
[2023-02-13T22:12:49.211+0000] {logging_mixin.py:137} INFO - [2023-02-13T22:12:49.211+0000] {dag.py:2690} INFO - Sync 1 DAGs
[2023-02-13T22:12:49.247+0000] {logging_mixin.py:137} INFO - [2023-02-13T22:12:49.247+0000] {dag.py:3441} INFO - Setting next_dagrun for sklearn_test to 2023-02-13T05:23:00+00:00, run_after=2023-02-14T05:23:00+00:00
[2023-02-13T22:12:49.271+0000] {processor.py:175} INFO - Processing /opt/airflow/dags/import_sklearn.py took 0.475 seconds
[2023-02-13T22:13:19.811+0000] {processor.py:153} INFO - Started process (PID=121) to work on /opt/airflow/dags/import_sklearn.py
[2023-02-13T22:13:19.823+0000] {processor.py:743} INFO - Processing file /opt/airflow/dags/import_sklearn.py for tasks to queue
[2023-02-13T22:13:19.824+0000] {logging_mixin.py:137} INFO - [2023-02-13T22:13:19.824+0000] {dagbag.py:538} INFO - Filling up the DagBag from /opt/airflow/dags/import_sklearn.py
[2023-02-13T22:13:20.204+0000] {processor.py:753} INFO - DAG(s) dict_keys(['sklearn_test']) retrieved from /opt/airflow/dags/import_sklearn.py
[2023-02-13T22:13:20.235+0000] {logging_mixin.py:137} INFO - [2023-02-13T22:13:20.235+0000] {dag.py:2690} INFO - Sync 1 DAGs
[2023-02-13T22:13:20.274+0000] {logging_mixin.py:137} INFO - [2023-02-13T22:13:20.274+0000] {dag.py:3441} INFO - Setting next_dagrun for sklearn_test to 2023-02-13T05:23:00+00:00, run_after=2023-02-14T05:23:00+00:00
[2023-02-13T22:13:20.304+0000] {processor.py:175} INFO - Processing /opt/airflow/dags/import_sklearn.py took 0.498 seconds
[2023-02-13T22:13:50.736+0000] {processor.py:153} INFO - Started process (PID=157) to work on /opt/airflow/dags/import_sklearn.py
[2023-02-13T22:13:50.748+0000] {processor.py:743} INFO - Processing file /opt/airflow/dags/import_sklearn.py for tasks to queue
[2023-02-13T22:13:50.749+0000] {logging_mixin.py:137} INFO - [2023-02-13T22:13:50.749+0000] {dagbag.py:538} INFO - Filling up the DagBag from /opt/airflow/dags/import_sklearn.py
[2023-02-13T22:13:51.129+0000] {processor.py:753} INFO - DAG(s) dict_keys(['sklearn_test']) retrieved from /opt/airflow/dags/import_sklearn.py
[2023-02-13T22:13:51.161+0000] {logging_mixin.py:137} INFO - [2023-02-13T22:13:51.161+0000] {dag.py:2690} INFO - Sync 1 DAGs
[2023-02-13T22:13:51.203+0000] {logging_mixin.py:137} INFO - [2023-02-13T22:13:51.203+0000] {dag.py:3441} INFO - Setting next_dagrun for sklearn_test to 2023-02-13T05:23:00+00:00, run_after=2023-02-14T05:23:00+00:00
[2023-02-13T22:13:51.234+0000] {processor.py:175} INFO - Processing /opt/airflow/dags/import_sklearn.py took 0.503 seconds
[2023-02-13T22:14:21.654+0000] {processor.py:153} INFO - Started process (PID=206) to work on /opt/airflow/dags/import_sklearn.py
[2023-02-13T22:14:21.655+0000] {processor.py:743} INFO - Processing file /opt/airflow/dags/import_sklearn.py for tasks to queue
[2023-02-13T22:14:21.655+0000] {logging_mixin.py:137} INFO - [2023-02-13T22:14:21.655+0000] {dagbag.py:538} INFO - Filling up the DagBag from /opt/airflow/dags/import_sklearn.py
[2023-02-13T22:14:21.984+0000] {processor.py:753} INFO - DAG(s) dict_keys(['sklearn_test']) retrieved from /opt/airflow/dags/import_sklearn.py
[2023-02-13T22:14:22.012+0000] {logging_mixin.py:137} INFO - [2023-02-13T22:14:22.012+0000] {dag.py:2690} INFO - Sync 1 DAGs
[2023-02-13T22:14:22.050+0000] {logging_mixin.py:137} INFO - [2023-02-13T22:14:22.050+0000] {dag.py:3441} INFO - Setting next_dagrun for sklearn_test to 2023-02-13T05:23:00+00:00, run_after=2023-02-14T05:23:00+00:00
[2023-02-13T22:14:22.074+0000] {processor.py:175} INFO - Processing /opt/airflow/dags/import_sklearn.py took 0.423 seconds
[2023-02-13T22:14:52.152+0000] {processor.py:153} INFO - Started process (PID=245) to work on /opt/airflow/dags/import_sklearn.py
[2023-02-13T22:14:52.153+0000] {processor.py:743} INFO - Processing file /opt/airflow/dags/import_sklearn.py for tasks to queue
[2023-02-13T22:14:52.153+0000] {logging_mixin.py:137} INFO - [2023-02-13T22:14:52.153+0000] {dagbag.py:538} INFO - Filling up the DagBag from /opt/airflow/dags/import_sklearn.py
[2023-02-13T22:14:52.510+0000] {processor.py:753} INFO - DAG(s) dict_keys(['sklearn_test']) retrieved from /opt/airflow/dags/import_sklearn.py
[2023-02-13T22:14:52.541+0000] {logging_mixin.py:137} INFO - [2023-02-13T22:14:52.541+0000] {dag.py:2690} INFO - Sync 1 DAGs
[2023-02-13T22:14:52.582+0000] {logging_mixin.py:137} INFO - [2023-02-13T22:14:52.582+0000] {dag.py:3441} INFO - Setting next_dagrun for sklearn_test to 2023-02-13T05:23:00+00:00, run_after=2023-02-14T05:23:00+00:00
[2023-02-13T22:14:52.610+0000] {processor.py:175} INFO - Processing /opt/airflow/dags/import_sklearn.py took 0.462 seconds
[2023-02-13T22:15:22.914+0000] {processor.py:153} INFO - Started process (PID=279) to work on /opt/airflow/dags/import_sklearn.py
[2023-02-13T22:15:22.926+0000] {processor.py:743} INFO - Processing file /opt/airflow/dags/import_sklearn.py for tasks to queue
[2023-02-13T22:15:22.927+0000] {logging_mixin.py:137} INFO - [2023-02-13T22:15:22.927+0000] {dagbag.py:538} INFO - Filling up the DagBag from /opt/airflow/dags/import_sklearn.py
[2023-02-13T22:15:23.280+0000] {processor.py:753} INFO - DAG(s) dict_keys(['sklearn_test']) retrieved from /opt/airflow/dags/import_sklearn.py
[2023-02-13T22:15:23.309+0000] {logging_mixin.py:137} INFO - [2023-02-13T22:15:23.309+0000] {dag.py:2690} INFO - Sync 1 DAGs
[2023-02-13T22:15:23.348+0000] {logging_mixin.py:137} INFO - [2023-02-13T22:15:23.348+0000] {dag.py:3441} INFO - Setting next_dagrun for sklearn_test to 2023-02-13T05:23:00+00:00, run_after=2023-02-14T05:23:00+00:00
[2023-02-13T22:15:23.373+0000] {processor.py:175} INFO - Processing /opt/airflow/dags/import_sklearn.py took 0.462 seconds
[2023-02-13T22:15:53.739+0000] {processor.py:153} INFO - Started process (PID=331) to work on /opt/airflow/dags/import_sklearn.py
[2023-02-13T22:15:53.751+0000] {processor.py:743} INFO - Processing file /opt/airflow/dags/import_sklearn.py for tasks to queue
[2023-02-13T22:15:53.752+0000] {logging_mixin.py:137} INFO - [2023-02-13T22:15:53.751+0000] {dagbag.py:538} INFO - Filling up the DagBag from /opt/airflow/dags/import_sklearn.py
[2023-02-13T22:15:54.097+0000] {processor.py:753} INFO - DAG(s) dict_keys(['sklearn_test']) retrieved from /opt/airflow/dags/import_sklearn.py
[2023-02-13T22:15:54.123+0000] {logging_mixin.py:137} INFO - [2023-02-13T22:15:54.123+0000] {dag.py:2690} INFO - Sync 1 DAGs
[2023-02-13T22:15:54.159+0000] {logging_mixin.py:137} INFO - [2023-02-13T22:15:54.159+0000] {dag.py:3441} INFO - Setting next_dagrun for sklearn_test to 2023-02-13T05:23:00+00:00, run_after=2023-02-14T05:23:00+00:00
[2023-02-13T22:15:54.191+0000] {processor.py:175} INFO - Processing /opt/airflow/dags/import_sklearn.py took 0.459 seconds
[2023-02-13T22:16:24.622+0000] {processor.py:153} INFO - Started process (PID=367) to work on /opt/airflow/dags/import_sklearn.py
[2023-02-13T22:16:24.624+0000] {processor.py:743} INFO - Processing file /opt/airflow/dags/import_sklearn.py for tasks to queue
[2023-02-13T22:16:24.624+0000] {logging_mixin.py:137} INFO - [2023-02-13T22:16:24.624+0000] {dagbag.py:538} INFO - Filling up the DagBag from /opt/airflow/dags/import_sklearn.py
[2023-02-13T22:16:24.980+0000] {processor.py:753} INFO - DAG(s) dict_keys(['sklearn_test']) retrieved from /opt/airflow/dags/import_sklearn.py
[2023-02-13T22:16:25.012+0000] {logging_mixin.py:137} INFO - [2023-02-13T22:16:25.012+0000] {dag.py:2690} INFO - Sync 1 DAGs
[2023-02-13T22:16:25.053+0000] {logging_mixin.py:137} INFO - [2023-02-13T22:16:25.053+0000] {dag.py:3441} INFO - Setting next_dagrun for sklearn_test to 2023-02-13T05:23:00+00:00, run_after=2023-02-14T05:23:00+00:00
[2023-02-13T22:16:25.080+0000] {processor.py:175} INFO - Processing /opt/airflow/dags/import_sklearn.py took 0.461 seconds
[2023-02-13T22:16:55.540+0000] {processor.py:153} INFO - Started process (PID=403) to work on /opt/airflow/dags/import_sklearn.py
[2023-02-13T22:16:55.552+0000] {processor.py:743} INFO - Processing file /opt/airflow/dags/import_sklearn.py for tasks to queue
[2023-02-13T22:16:55.553+0000] {logging_mixin.py:137} INFO - [2023-02-13T22:16:55.553+0000] {dagbag.py:538} INFO - Filling up the DagBag from /opt/airflow/dags/import_sklearn.py
[2023-02-13T22:16:55.920+0000] {processor.py:753} INFO - DAG(s) dict_keys(['sklearn_test']) retrieved from /opt/airflow/dags/import_sklearn.py
[2023-02-13T22:16:55.951+0000] {logging_mixin.py:137} INFO - [2023-02-13T22:16:55.951+0000] {dag.py:2690} INFO - Sync 1 DAGs
[2023-02-13T22:16:55.992+0000] {logging_mixin.py:137} INFO - [2023-02-13T22:16:55.992+0000] {dag.py:3441} INFO - Setting next_dagrun for sklearn_test to 2023-02-13T05:23:00+00:00, run_after=2023-02-14T05:23:00+00:00
[2023-02-13T22:16:56.020+0000] {processor.py:175} INFO - Processing /opt/airflow/dags/import_sklearn.py took 0.486 seconds
[2023-02-13T22:17:26.512+0000] {processor.py:153} INFO - Started process (PID=452) to work on /opt/airflow/dags/import_sklearn.py
[2023-02-13T22:17:26.513+0000] {processor.py:743} INFO - Processing file /opt/airflow/dags/import_sklearn.py for tasks to queue
[2023-02-13T22:17:26.514+0000] {logging_mixin.py:137} INFO - [2023-02-13T22:17:26.514+0000] {dagbag.py:538} INFO - Filling up the DagBag from /opt/airflow/dags/import_sklearn.py
[2023-02-13T22:17:26.879+0000] {processor.py:753} INFO - DAG(s) dict_keys(['sklearn_test']) retrieved from /opt/airflow/dags/import_sklearn.py
[2023-02-13T22:17:26.911+0000] {logging_mixin.py:137} INFO - [2023-02-13T22:17:26.910+0000] {dag.py:2690} INFO - Sync 1 DAGs
[2023-02-13T22:17:26.954+0000] {logging_mixin.py:137} INFO - [2023-02-13T22:17:26.954+0000] {dag.py:3441} INFO - Setting next_dagrun for sklearn_test to 2023-02-13T05:23:00+00:00, run_after=2023-02-14T05:23:00+00:00
[2023-02-13T22:17:26.999+0000] {processor.py:175} INFO - Processing /opt/airflow/dags/import_sklearn.py took 0.490 seconds
[2023-02-13T22:17:57.320+0000] {processor.py:153} INFO - Started process (PID=488) to work on /opt/airflow/dags/import_sklearn.py
[2023-02-13T22:17:57.321+0000] {processor.py:743} INFO - Processing file /opt/airflow/dags/import_sklearn.py for tasks to queue
[2023-02-13T22:17:57.322+0000] {logging_mixin.py:137} INFO - [2023-02-13T22:17:57.322+0000] {dagbag.py:538} INFO - Filling up the DagBag from /opt/airflow/dags/import_sklearn.py
[2023-02-13T22:17:57.706+0000] {processor.py:753} INFO - DAG(s) dict_keys(['sklearn_test']) retrieved from /opt/airflow/dags/import_sklearn.py
[2023-02-13T22:17:57.738+0000] {logging_mixin.py:137} INFO - [2023-02-13T22:17:57.737+0000] {dag.py:2690} INFO - Sync 1 DAGs
[2023-02-13T22:17:57.780+0000] {logging_mixin.py:137} INFO - [2023-02-13T22:17:57.779+0000] {dag.py:3441} INFO - Setting next_dagrun for sklearn_test to 2023-02-13T05:23:00+00:00, run_after=2023-02-14T05:23:00+00:00
[2023-02-13T22:17:57.814+0000] {processor.py:175} INFO - Processing /opt/airflow/dags/import_sklearn.py took 0.497 seconds
[2023-02-13T22:18:28.225+0000] {processor.py:153} INFO - Started process (PID=523) to work on /opt/airflow/dags/import_sklearn.py
[2023-02-13T22:18:28.237+0000] {processor.py:743} INFO - Processing file /opt/airflow/dags/import_sklearn.py for tasks to queue
[2023-02-13T22:18:28.238+0000] {logging_mixin.py:137} INFO - [2023-02-13T22:18:28.238+0000] {dagbag.py:538} INFO - Filling up the DagBag from /opt/airflow/dags/import_sklearn.py
[2023-02-13T22:18:28.629+0000] {processor.py:753} INFO - DAG(s) dict_keys(['sklearn_test']) retrieved from /opt/airflow/dags/import_sklearn.py
[2023-02-13T22:18:28.662+0000] {logging_mixin.py:137} INFO - [2023-02-13T22:18:28.662+0000] {dag.py:2690} INFO - Sync 1 DAGs
[2023-02-13T22:18:28.702+0000] {logging_mixin.py:137} INFO - [2023-02-13T22:18:28.702+0000] {dag.py:3441} INFO - Setting next_dagrun for sklearn_test to 2023-02-13T05:23:00+00:00, run_after=2023-02-14T05:23:00+00:00
[2023-02-13T22:18:28.731+0000] {processor.py:175} INFO - Processing /opt/airflow/dags/import_sklearn.py took 0.512 seconds
[2023-02-13T22:18:59.300+0000] {processor.py:153} INFO - Started process (PID=574) to work on /opt/airflow/dags/import_sklearn.py
[2023-02-13T22:18:59.312+0000] {processor.py:743} INFO - Processing file /opt/airflow/dags/import_sklearn.py for tasks to queue
[2023-02-13T22:18:59.313+0000] {logging_mixin.py:137} INFO - [2023-02-13T22:18:59.313+0000] {dagbag.py:538} INFO - Filling up the DagBag from /opt/airflow/dags/import_sklearn.py
[2023-02-13T22:18:59.670+0000] {processor.py:753} INFO - DAG(s) dict_keys(['sklearn_test']) retrieved from /opt/airflow/dags/import_sklearn.py
[2023-02-13T22:18:59.702+0000] {logging_mixin.py:137} INFO - [2023-02-13T22:18:59.702+0000] {dag.py:2690} INFO - Sync 1 DAGs
[2023-02-13T22:18:59.738+0000] {logging_mixin.py:137} INFO - [2023-02-13T22:18:59.738+0000] {dag.py:3441} INFO - Setting next_dagrun for sklearn_test to 2023-02-13T05:23:00+00:00, run_after=2023-02-14T05:23:00+00:00
[2023-02-13T22:18:59.766+0000] {processor.py:175} INFO - Processing /opt/airflow/dags/import_sklearn.py took 0.471 seconds
[2023-02-13T22:19:30.141+0000] {processor.py:153} INFO - Started process (PID=610) to work on /opt/airflow/dags/import_sklearn.py
[2023-02-13T22:19:30.153+0000] {processor.py:743} INFO - Processing file /opt/airflow/dags/import_sklearn.py for tasks to queue
[2023-02-13T22:19:30.154+0000] {logging_mixin.py:137} INFO - [2023-02-13T22:19:30.154+0000] {dagbag.py:538} INFO - Filling up the DagBag from /opt/airflow/dags/import_sklearn.py
[2023-02-13T22:19:30.520+0000] {processor.py:753} INFO - DAG(s) dict_keys(['sklearn_test']) retrieved from /opt/airflow/dags/import_sklearn.py
[2023-02-13T22:19:30.551+0000] {logging_mixin.py:137} INFO - [2023-02-13T22:19:30.550+0000] {dag.py:2690} INFO - Sync 1 DAGs
[2023-02-13T22:19:30.593+0000] {logging_mixin.py:137} INFO - [2023-02-13T22:19:30.592+0000] {dag.py:3441} INFO - Setting next_dagrun for sklearn_test to 2023-02-13T05:23:00+00:00, run_after=2023-02-14T05:23:00+00:00
[2023-02-13T22:19:30.622+0000] {processor.py:175} INFO - Processing /opt/airflow/dags/import_sklearn.py took 0.485 seconds
[2023-02-13T22:20:01.036+0000] {processor.py:153} INFO - Started process (PID=646) to work on /opt/airflow/dags/import_sklearn.py
[2023-02-13T22:20:01.043+0000] {processor.py:743} INFO - Processing file /opt/airflow/dags/import_sklearn.py for tasks to queue
[2023-02-13T22:20:01.044+0000] {logging_mixin.py:137} INFO - [2023-02-13T22:20:01.044+0000] {dagbag.py:538} INFO - Filling up the DagBag from /opt/airflow/dags/import_sklearn.py
[2023-02-13T22:20:01.416+0000] {processor.py:753} INFO - DAG(s) dict_keys(['sklearn_test']) retrieved from /opt/airflow/dags/import_sklearn.py
[2023-02-13T22:20:01.458+0000] {logging_mixin.py:137} INFO - [2023-02-13T22:20:01.458+0000] {dag.py:2690} INFO - Sync 1 DAGs
[2023-02-13T22:20:01.552+0000] {logging_mixin.py:137} INFO - [2023-02-13T22:20:01.552+0000] {dag.py:3441} INFO - Setting next_dagrun for sklearn_test to 2023-02-13T05:23:00+00:00, run_after=2023-02-14T05:23:00+00:00
[2023-02-13T22:20:01.582+0000] {processor.py:175} INFO - Processing /opt/airflow/dags/import_sklearn.py took 0.550 seconds
[2023-02-13T22:20:31.992+0000] {processor.py:153} INFO - Started process (PID=696) to work on /opt/airflow/dags/import_sklearn.py
[2023-02-13T22:20:32.004+0000] {processor.py:743} INFO - Processing file /opt/airflow/dags/import_sklearn.py for tasks to queue
[2023-02-13T22:20:32.005+0000] {logging_mixin.py:137} INFO - [2023-02-13T22:20:32.005+0000] {dagbag.py:538} INFO - Filling up the DagBag from /opt/airflow/dags/import_sklearn.py
[2023-02-13T22:20:32.396+0000] {processor.py:753} INFO - DAG(s) dict_keys(['sklearn_test']) retrieved from /opt/airflow/dags/import_sklearn.py
[2023-02-13T22:20:32.429+0000] {logging_mixin.py:137} INFO - [2023-02-13T22:20:32.429+0000] {dag.py:2690} INFO - Sync 1 DAGs
[2023-02-13T22:20:32.469+0000] {logging_mixin.py:137} INFO - [2023-02-13T22:20:32.469+0000] {dag.py:3441} INFO - Setting next_dagrun for sklearn_test to 2023-02-13T05:23:00+00:00, run_after=2023-02-14T05:23:00+00:00
[2023-02-13T22:20:32.506+0000] {processor.py:175} INFO - Processing /opt/airflow/dags/import_sklearn.py took 0.520 seconds
[2023-02-13T22:21:03.079+0000] {processor.py:153} INFO - Started process (PID=730) to work on /opt/airflow/dags/import_sklearn.py
[2023-02-13T22:21:03.090+0000] {processor.py:743} INFO - Processing file /opt/airflow/dags/import_sklearn.py for tasks to queue
[2023-02-13T22:21:03.091+0000] {logging_mixin.py:137} INFO - [2023-02-13T22:21:03.091+0000] {dagbag.py:538} INFO - Filling up the DagBag from /opt/airflow/dags/import_sklearn.py
[2023-02-13T22:21:03.474+0000] {processor.py:753} INFO - DAG(s) dict_keys(['sklearn_test']) retrieved from /opt/airflow/dags/import_sklearn.py
[2023-02-13T22:21:03.506+0000] {logging_mixin.py:137} INFO - [2023-02-13T22:21:03.505+0000] {dag.py:2690} INFO - Sync 1 DAGs
[2023-02-13T22:21:03.546+0000] {logging_mixin.py:137} INFO - [2023-02-13T22:21:03.546+0000] {dag.py:3441} INFO - Setting next_dagrun for sklearn_test to 2023-02-13T05:23:00+00:00, run_after=2023-02-14T05:23:00+00:00
[2023-02-13T22:21:03.574+0000] {processor.py:175} INFO - Processing /opt/airflow/dags/import_sklearn.py took 0.501 seconds
[2023-02-13T22:21:34.001+0000] {processor.py:153} INFO - Started process (PID=773) to work on /opt/airflow/dags/import_sklearn.py
[2023-02-13T22:21:34.002+0000] {processor.py:743} INFO - Processing file /opt/airflow/dags/import_sklearn.py for tasks to queue
[2023-02-13T22:21:34.003+0000] {logging_mixin.py:137} INFO - [2023-02-13T22:21:34.003+0000] {dagbag.py:538} INFO - Filling up the DagBag from /opt/airflow/dags/import_sklearn.py
[2023-02-13T22:21:34.365+0000] {processor.py:753} INFO - DAG(s) dict_keys(['sklearn_test']) retrieved from /opt/airflow/dags/import_sklearn.py
[2023-02-13T22:21:34.394+0000] {logging_mixin.py:137} INFO - [2023-02-13T22:21:34.394+0000] {dag.py:2690} INFO - Sync 1 DAGs
[2023-02-13T22:21:34.433+0000] {logging_mixin.py:137} INFO - [2023-02-13T22:21:34.433+0000] {dag.py:3441} INFO - Setting next_dagrun for sklearn_test to 2023-02-13T05:23:00+00:00, run_after=2023-02-14T05:23:00+00:00
[2023-02-13T22:21:34.462+0000] {processor.py:175} INFO - Processing /opt/airflow/dags/import_sklearn.py took 0.464 seconds
[2023-02-13T22:22:04.923+0000] {processor.py:153} INFO - Started process (PID=816) to work on /opt/airflow/dags/import_sklearn.py
[2023-02-13T22:22:04.924+0000] {processor.py:743} INFO - Processing file /opt/airflow/dags/import_sklearn.py for tasks to queue
[2023-02-13T22:22:04.925+0000] {logging_mixin.py:137} INFO - [2023-02-13T22:22:04.925+0000] {dagbag.py:538} INFO - Filling up the DagBag from /opt/airflow/dags/import_sklearn.py
[2023-02-13T22:22:05.290+0000] {processor.py:753} INFO - DAG(s) dict_keys(['sklearn_test']) retrieved from /opt/airflow/dags/import_sklearn.py
[2023-02-13T22:22:05.325+0000] {logging_mixin.py:137} INFO - [2023-02-13T22:22:05.325+0000] {dag.py:2690} INFO - Sync 1 DAGs
[2023-02-13T22:22:05.366+0000] {logging_mixin.py:137} INFO - [2023-02-13T22:22:05.366+0000] {dag.py:3441} INFO - Setting next_dagrun for sklearn_test to 2023-02-13T05:23:00+00:00, run_after=2023-02-14T05:23:00+00:00
[2023-02-13T22:22:05.394+0000] {processor.py:175} INFO - Processing /opt/airflow/dags/import_sklearn.py took 0.474 seconds
[2023-02-13T22:22:35.819+0000] {processor.py:153} INFO - Started process (PID=853) to work on /opt/airflow/dags/import_sklearn.py
[2023-02-13T22:22:35.826+0000] {processor.py:743} INFO - Processing file /opt/airflow/dags/import_sklearn.py for tasks to queue
[2023-02-13T22:22:35.827+0000] {logging_mixin.py:137} INFO - [2023-02-13T22:22:35.827+0000] {dagbag.py:538} INFO - Filling up the DagBag from /opt/airflow/dags/import_sklearn.py
[2023-02-13T22:22:36.227+0000] {processor.py:753} INFO - DAG(s) dict_keys(['sklearn_test']) retrieved from /opt/airflow/dags/import_sklearn.py
[2023-02-13T22:22:36.261+0000] {logging_mixin.py:137} INFO - [2023-02-13T22:22:36.260+0000] {dag.py:2690} INFO - Sync 1 DAGs
[2023-02-13T22:22:36.304+0000] {logging_mixin.py:137} INFO - [2023-02-13T22:22:36.304+0000] {dag.py:3441} INFO - Setting next_dagrun for sklearn_test to 2023-02-13T05:23:00+00:00, run_after=2023-02-14T05:23:00+00:00
[2023-02-13T22:22:36.333+0000] {processor.py:175} INFO - Processing /opt/airflow/dags/import_sklearn.py took 0.519 seconds
[2023-02-13T22:23:06.736+0000] {processor.py:153} INFO - Started process (PID=899) to work on /opt/airflow/dags/import_sklearn.py
[2023-02-13T22:23:06.748+0000] {processor.py:743} INFO - Processing file /opt/airflow/dags/import_sklearn.py for tasks to queue
[2023-02-13T22:23:06.749+0000] {logging_mixin.py:137} INFO - [2023-02-13T22:23:06.749+0000] {dagbag.py:538} INFO - Filling up the DagBag from /opt/airflow/dags/import_sklearn.py
[2023-02-13T22:23:07.140+0000] {processor.py:753} INFO - DAG(s) dict_keys(['sklearn_test']) retrieved from /opt/airflow/dags/import_sklearn.py
[2023-02-13T22:23:07.170+0000] {logging_mixin.py:137} INFO - [2023-02-13T22:23:07.170+0000] {dag.py:2690} INFO - Sync 1 DAGs
[2023-02-13T22:23:07.213+0000] {logging_mixin.py:137} INFO - [2023-02-13T22:23:07.212+0000] {dag.py:3441} INFO - Setting next_dagrun for sklearn_test to 2023-02-13T05:23:00+00:00, run_after=2023-02-14T05:23:00+00:00
[2023-02-13T22:23:07.243+0000] {processor.py:175} INFO - Processing /opt/airflow/dags/import_sklearn.py took 0.512 seconds
[2023-02-13T22:23:37.695+0000] {processor.py:153} INFO - Started process (PID=939) to work on /opt/airflow/dags/import_sklearn.py
[2023-02-13T22:23:37.707+0000] {processor.py:743} INFO - Processing file /opt/airflow/dags/import_sklearn.py for tasks to queue
[2023-02-13T22:23:37.709+0000] {logging_mixin.py:137} INFO - [2023-02-13T22:23:37.709+0000] {dagbag.py:538} INFO - Filling up the DagBag from /opt/airflow/dags/import_sklearn.py
[2023-02-13T22:23:38.134+0000] {processor.py:753} INFO - DAG(s) dict_keys(['sklearn_test']) retrieved from /opt/airflow/dags/import_sklearn.py
[2023-02-13T22:23:38.168+0000] {logging_mixin.py:137} INFO - [2023-02-13T22:23:38.167+0000] {dag.py:2690} INFO - Sync 1 DAGs
[2023-02-13T22:23:38.210+0000] {logging_mixin.py:137} INFO - [2023-02-13T22:23:38.210+0000] {dag.py:3441} INFO - Setting next_dagrun for sklearn_test to 2023-02-13T05:23:00+00:00, run_after=2023-02-14T05:23:00+00:00
[2023-02-13T22:23:38.242+0000] {processor.py:175} INFO - Processing /opt/airflow/dags/import_sklearn.py took 0.552 seconds
[2023-02-13T22:24:08.629+0000] {processor.py:153} INFO - Started process (PID=975) to work on /opt/airflow/dags/import_sklearn.py
[2023-02-13T22:24:08.640+0000] {processor.py:743} INFO - Processing file /opt/airflow/dags/import_sklearn.py for tasks to queue
[2023-02-13T22:24:08.642+0000] {logging_mixin.py:137} INFO - [2023-02-13T22:24:08.641+0000] {dagbag.py:538} INFO - Filling up the DagBag from /opt/airflow/dags/import_sklearn.py
[2023-02-13T22:24:09.009+0000] {processor.py:753} INFO - DAG(s) dict_keys(['sklearn_test']) retrieved from /opt/airflow/dags/import_sklearn.py
[2023-02-13T22:24:09.038+0000] {logging_mixin.py:137} INFO - [2023-02-13T22:24:09.037+0000] {dag.py:2690} INFO - Sync 1 DAGs
[2023-02-13T22:24:09.074+0000] {logging_mixin.py:137} INFO - [2023-02-13T22:24:09.074+0000] {dag.py:3441} INFO - Setting next_dagrun for sklearn_test to 2023-02-13T05:23:00+00:00, run_after=2023-02-14T05:23:00+00:00
[2023-02-13T22:24:09.100+0000] {processor.py:175} INFO - Processing /opt/airflow/dags/import_sklearn.py took 0.476 seconds
[2023-02-13T22:24:39.436+0000] {processor.py:153} INFO - Started process (PID=1021) to work on /opt/airflow/dags/import_sklearn.py
[2023-02-13T22:24:39.448+0000] {processor.py:743} INFO - Processing file /opt/airflow/dags/import_sklearn.py for tasks to queue
[2023-02-13T22:24:39.449+0000] {logging_mixin.py:137} INFO - [2023-02-13T22:24:39.449+0000] {dagbag.py:538} INFO - Filling up the DagBag from /opt/airflow/dags/import_sklearn.py
[2023-02-13T22:24:39.853+0000] {processor.py:753} INFO - DAG(s) dict_keys(['sklearn_test']) retrieved from /opt/airflow/dags/import_sklearn.py
[2023-02-13T22:24:39.889+0000] {logging_mixin.py:137} INFO - [2023-02-13T22:24:39.888+0000] {dag.py:2690} INFO - Sync 1 DAGs
[2023-02-13T22:24:39.928+0000] {logging_mixin.py:137} INFO - [2023-02-13T22:24:39.928+0000] {dag.py:3441} INFO - Setting next_dagrun for sklearn_test to 2023-02-13T05:23:00+00:00, run_after=2023-02-14T05:23:00+00:00
[2023-02-13T22:24:39.970+0000] {processor.py:175} INFO - Processing /opt/airflow/dags/import_sklearn.py took 0.538 seconds
[2023-02-13T22:25:10.518+0000] {processor.py:153} INFO - Started process (PID=1063) to work on /opt/airflow/dags/import_sklearn.py
[2023-02-13T22:25:10.519+0000] {processor.py:743} INFO - Processing file /opt/airflow/dags/import_sklearn.py for tasks to queue
[2023-02-13T22:25:10.519+0000] {logging_mixin.py:137} INFO - [2023-02-13T22:25:10.519+0000] {dagbag.py:538} INFO - Filling up the DagBag from /opt/airflow/dags/import_sklearn.py
[2023-02-13T22:25:10.893+0000] {processor.py:753} INFO - DAG(s) dict_keys(['sklearn_test']) retrieved from /opt/airflow/dags/import_sklearn.py
[2023-02-13T22:25:10.923+0000] {logging_mixin.py:137} INFO - [2023-02-13T22:25:10.923+0000] {dag.py:2690} INFO - Sync 1 DAGs
[2023-02-13T22:25:10.970+0000] {logging_mixin.py:137} INFO - [2023-02-13T22:25:10.970+0000] {dag.py:3441} INFO - Setting next_dagrun for sklearn_test to 2023-02-13T05:23:00+00:00, run_after=2023-02-14T05:23:00+00:00
[2023-02-13T22:25:11.015+0000] {processor.py:175} INFO - Processing /opt/airflow/dags/import_sklearn.py took 0.503 seconds
[2023-02-13T22:25:41.557+0000] {processor.py:153} INFO - Started process (PID=1098) to work on /opt/airflow/dags/import_sklearn.py
[2023-02-13T22:25:41.569+0000] {processor.py:743} INFO - Processing file /opt/airflow/dags/import_sklearn.py for tasks to queue
[2023-02-13T22:25:41.570+0000] {logging_mixin.py:137} INFO - [2023-02-13T22:25:41.570+0000] {dagbag.py:538} INFO - Filling up the DagBag from /opt/airflow/dags/import_sklearn.py
[2023-02-13T22:25:41.962+0000] {processor.py:753} INFO - DAG(s) dict_keys(['sklearn_test']) retrieved from /opt/airflow/dags/import_sklearn.py
[2023-02-13T22:25:41.995+0000] {logging_mixin.py:137} INFO - [2023-02-13T22:25:41.995+0000] {dag.py:2690} INFO - Sync 1 DAGs
[2023-02-13T22:25:42.044+0000] {logging_mixin.py:137} INFO - [2023-02-13T22:25:42.044+0000] {dag.py:3441} INFO - Setting next_dagrun for sklearn_test to 2023-02-13T05:23:00+00:00, run_after=2023-02-14T05:23:00+00:00
[2023-02-13T22:25:42.075+0000] {processor.py:175} INFO - Processing /opt/airflow/dags/import_sklearn.py took 0.524 seconds
[2023-02-13T22:26:12.487+0000] {processor.py:153} INFO - Started process (PID=1141) to work on /opt/airflow/dags/import_sklearn.py
[2023-02-13T22:26:12.489+0000] {processor.py:743} INFO - Processing file /opt/airflow/dags/import_sklearn.py for tasks to queue
[2023-02-13T22:26:12.490+0000] {logging_mixin.py:137} INFO - [2023-02-13T22:26:12.490+0000] {dagbag.py:538} INFO - Filling up the DagBag from /opt/airflow/dags/import_sklearn.py
[2023-02-13T22:26:12.872+0000] {processor.py:753} INFO - DAG(s) dict_keys(['sklearn_test']) retrieved from /opt/airflow/dags/import_sklearn.py
[2023-02-13T22:26:12.901+0000] {logging_mixin.py:137} INFO - [2023-02-13T22:26:12.901+0000] {dag.py:2690} INFO - Sync 1 DAGs
[2023-02-13T22:26:12.945+0000] {logging_mixin.py:137} INFO - [2023-02-13T22:26:12.945+0000] {dag.py:3441} INFO - Setting next_dagrun for sklearn_test to 2023-02-13T05:23:00+00:00, run_after=2023-02-14T05:23:00+00:00
[2023-02-13T22:26:13.002+0000] {processor.py:175} INFO - Processing /opt/airflow/dags/import_sklearn.py took 0.518 seconds
[2023-02-13T22:26:43.639+0000] {processor.py:153} INFO - Started process (PID=1183) to work on /opt/airflow/dags/import_sklearn.py
[2023-02-13T22:26:43.651+0000] {processor.py:743} INFO - Processing file /opt/airflow/dags/import_sklearn.py for tasks to queue
[2023-02-13T22:26:43.652+0000] {logging_mixin.py:137} INFO - [2023-02-13T22:26:43.652+0000] {dagbag.py:538} INFO - Filling up the DagBag from /opt/airflow/dags/import_sklearn.py
[2023-02-13T22:26:44.036+0000] {processor.py:753} INFO - DAG(s) dict_keys(['sklearn_test']) retrieved from /opt/airflow/dags/import_sklearn.py
[2023-02-13T22:26:44.067+0000] {logging_mixin.py:137} INFO - [2023-02-13T22:26:44.067+0000] {dag.py:2690} INFO - Sync 1 DAGs
[2023-02-13T22:26:44.107+0000] {logging_mixin.py:137} INFO - [2023-02-13T22:26:44.107+0000] {dag.py:3441} INFO - Setting next_dagrun for sklearn_test to 2023-02-13T05:23:00+00:00, run_after=2023-02-14T05:23:00+00:00
[2023-02-13T22:26:44.135+0000] {processor.py:175} INFO - Processing /opt/airflow/dags/import_sklearn.py took 0.501 seconds
[2023-02-13T22:27:14.668+0000] {processor.py:153} INFO - Started process (PID=1219) to work on /opt/airflow/dags/import_sklearn.py
[2023-02-13T22:27:14.669+0000] {processor.py:743} INFO - Processing file /opt/airflow/dags/import_sklearn.py for tasks to queue
[2023-02-13T22:27:14.669+0000] {logging_mixin.py:137} INFO - [2023-02-13T22:27:14.669+0000] {dagbag.py:538} INFO - Filling up the DagBag from /opt/airflow/dags/import_sklearn.py
[2023-02-13T22:27:15.026+0000] {processor.py:753} INFO - DAG(s) dict_keys(['sklearn_test']) retrieved from /opt/airflow/dags/import_sklearn.py
[2023-02-13T22:27:15.057+0000] {logging_mixin.py:137} INFO - [2023-02-13T22:27:15.057+0000] {dag.py:2690} INFO - Sync 1 DAGs
[2023-02-13T22:27:15.094+0000] {logging_mixin.py:137} INFO - [2023-02-13T22:27:15.093+0000] {dag.py:3441} INFO - Setting next_dagrun for sklearn_test to 2023-02-13T05:23:00+00:00, run_after=2023-02-14T05:23:00+00:00
[2023-02-13T22:27:15.122+0000] {processor.py:175} INFO - Processing /opt/airflow/dags/import_sklearn.py took 0.458 seconds
[2023-02-13T22:27:45.670+0000] {processor.py:153} INFO - Started process (PID=1263) to work on /opt/airflow/dags/import_sklearn.py
[2023-02-13T22:27:45.671+0000] {processor.py:743} INFO - Processing file /opt/airflow/dags/import_sklearn.py for tasks to queue
[2023-02-13T22:27:45.671+0000] {logging_mixin.py:137} INFO - [2023-02-13T22:27:45.671+0000] {dagbag.py:538} INFO - Filling up the DagBag from /opt/airflow/dags/import_sklearn.py
[2023-02-13T22:27:46.154+0000] {processor.py:753} INFO - DAG(s) dict_keys(['sklearn_test']) retrieved from /opt/airflow/dags/import_sklearn.py
[2023-02-13T22:27:46.182+0000] {logging_mixin.py:137} INFO - [2023-02-13T22:27:46.182+0000] {dag.py:2690} INFO - Sync 1 DAGs
[2023-02-13T22:27:46.222+0000] {logging_mixin.py:137} INFO - [2023-02-13T22:27:46.221+0000] {dag.py:3441} INFO - Setting next_dagrun for sklearn_test to 2023-02-13T05:23:00+00:00, run_after=2023-02-14T05:23:00+00:00
[2023-02-13T22:27:46.247+0000] {processor.py:175} INFO - Processing /opt/airflow/dags/import_sklearn.py took 0.581 seconds
[2023-02-13T22:28:16.744+0000] {processor.py:153} INFO - Started process (PID=1303) to work on /opt/airflow/dags/import_sklearn.py
[2023-02-13T22:28:16.756+0000] {processor.py:743} INFO - Processing file /opt/airflow/dags/import_sklearn.py for tasks to queue
[2023-02-13T22:28:16.757+0000] {logging_mixin.py:137} INFO - [2023-02-13T22:28:16.757+0000] {dagbag.py:538} INFO - Filling up the DagBag from /opt/airflow/dags/import_sklearn.py
[2023-02-13T22:28:17.166+0000] {processor.py:753} INFO - DAG(s) dict_keys(['sklearn_test']) retrieved from /opt/airflow/dags/import_sklearn.py
[2023-02-13T22:28:17.199+0000] {logging_mixin.py:137} INFO - [2023-02-13T22:28:17.199+0000] {dag.py:2690} INFO - Sync 1 DAGs
[2023-02-13T22:28:17.238+0000] {logging_mixin.py:137} INFO - [2023-02-13T22:28:17.238+0000] {dag.py:3441} INFO - Setting next_dagrun for sklearn_test to 2023-02-13T05:23:00+00:00, run_after=2023-02-14T05:23:00+00:00
[2023-02-13T22:28:17.265+0000] {processor.py:175} INFO - Processing /opt/airflow/dags/import_sklearn.py took 0.527 seconds
[2023-02-13T22:28:47.620+0000] {processor.py:153} INFO - Started process (PID=1339) to work on /opt/airflow/dags/import_sklearn.py
[2023-02-13T22:28:47.621+0000] {processor.py:743} INFO - Processing file /opt/airflow/dags/import_sklearn.py for tasks to queue
[2023-02-13T22:28:47.622+0000] {logging_mixin.py:137} INFO - [2023-02-13T22:28:47.622+0000] {dagbag.py:538} INFO - Filling up the DagBag from /opt/airflow/dags/import_sklearn.py
[2023-02-13T22:28:48.014+0000] {processor.py:753} INFO - DAG(s) dict_keys(['sklearn_test']) retrieved from /opt/airflow/dags/import_sklearn.py
[2023-02-13T22:28:48.045+0000] {logging_mixin.py:137} INFO - [2023-02-13T22:28:48.044+0000] {dag.py:2690} INFO - Sync 1 DAGs
[2023-02-13T22:28:48.087+0000] {logging_mixin.py:137} INFO - [2023-02-13T22:28:48.087+0000] {dag.py:3441} INFO - Setting next_dagrun for sklearn_test to 2023-02-13T05:23:00+00:00, run_after=2023-02-14T05:23:00+00:00
[2023-02-13T22:28:48.115+0000] {processor.py:175} INFO - Processing /opt/airflow/dags/import_sklearn.py took 0.501 seconds
[2023-02-13T22:29:18.496+0000] {processor.py:153} INFO - Started process (PID=1389) to work on /opt/airflow/dags/import_sklearn.py
[2023-02-13T22:29:18.508+0000] {processor.py:743} INFO - Processing file /opt/airflow/dags/import_sklearn.py for tasks to queue
[2023-02-13T22:29:18.510+0000] {logging_mixin.py:137} INFO - [2023-02-13T22:29:18.509+0000] {dagbag.py:538} INFO - Filling up the DagBag from /opt/airflow/dags/import_sklearn.py
[2023-02-13T22:29:18.926+0000] {processor.py:753} INFO - DAG(s) dict_keys(['sklearn_test']) retrieved from /opt/airflow/dags/import_sklearn.py
[2023-02-13T22:29:18.960+0000] {logging_mixin.py:137} INFO - [2023-02-13T22:29:18.959+0000] {dag.py:2690} INFO - Sync 1 DAGs
[2023-02-13T22:29:19.003+0000] {logging_mixin.py:137} INFO - [2023-02-13T22:29:19.002+0000] {dag.py:3441} INFO - Setting next_dagrun for sklearn_test to 2023-02-13T05:23:00+00:00, run_after=2023-02-14T05:23:00+00:00
[2023-02-13T22:29:19.037+0000] {processor.py:175} INFO - Processing /opt/airflow/dags/import_sklearn.py took 0.547 seconds
[2023-02-13T22:29:49.432+0000] {processor.py:153} INFO - Started process (PID=1425) to work on /opt/airflow/dags/import_sklearn.py
[2023-02-13T22:29:49.444+0000] {processor.py:743} INFO - Processing file /opt/airflow/dags/import_sklearn.py for tasks to queue
[2023-02-13T22:29:49.445+0000] {logging_mixin.py:137} INFO - [2023-02-13T22:29:49.445+0000] {dagbag.py:538} INFO - Filling up the DagBag from /opt/airflow/dags/import_sklearn.py
[2023-02-13T22:29:49.843+0000] {processor.py:753} INFO - DAG(s) dict_keys(['sklearn_test']) retrieved from /opt/airflow/dags/import_sklearn.py
[2023-02-13T22:29:49.874+0000] {logging_mixin.py:137} INFO - [2023-02-13T22:29:49.874+0000] {dag.py:2690} INFO - Sync 1 DAGs
[2023-02-13T22:29:49.913+0000] {logging_mixin.py:137} INFO - [2023-02-13T22:29:49.913+0000] {dag.py:3441} INFO - Setting next_dagrun for sklearn_test to 2023-02-13T05:23:00+00:00, run_after=2023-02-14T05:23:00+00:00
[2023-02-13T22:29:49.943+0000] {processor.py:175} INFO - Processing /opt/airflow/dags/import_sklearn.py took 0.516 seconds
[2023-02-13T22:30:20.463+0000] {processor.py:153} INFO - Started process (PID=1461) to work on /opt/airflow/dags/import_sklearn.py
[2023-02-13T22:30:20.474+0000] {processor.py:743} INFO - Processing file /opt/airflow/dags/import_sklearn.py for tasks to queue
[2023-02-13T22:30:20.475+0000] {logging_mixin.py:137} INFO - [2023-02-13T22:30:20.475+0000] {dagbag.py:538} INFO - Filling up the DagBag from /opt/airflow/dags/import_sklearn.py
[2023-02-13T22:30:20.831+0000] {processor.py:753} INFO - DAG(s) dict_keys(['sklearn_test']) retrieved from /opt/airflow/dags/import_sklearn.py
[2023-02-13T22:30:20.858+0000] {logging_mixin.py:137} INFO - [2023-02-13T22:30:20.858+0000] {dag.py:2690} INFO - Sync 1 DAGs
[2023-02-13T22:30:20.893+0000] {logging_mixin.py:137} INFO - [2023-02-13T22:30:20.893+0000] {dag.py:3441} INFO - Setting next_dagrun for sklearn_test to 2023-02-13T05:23:00+00:00, run_after=2023-02-14T05:23:00+00:00
[2023-02-13T22:30:20.917+0000] {processor.py:175} INFO - Processing /opt/airflow/dags/import_sklearn.py took 0.458 seconds
[2023-02-13T22:30:51.266+0000] {processor.py:153} INFO - Started process (PID=1511) to work on /opt/airflow/dags/import_sklearn.py
[2023-02-13T22:30:51.267+0000] {processor.py:743} INFO - Processing file /opt/airflow/dags/import_sklearn.py for tasks to queue
[2023-02-13T22:30:51.267+0000] {logging_mixin.py:137} INFO - [2023-02-13T22:30:51.267+0000] {dagbag.py:538} INFO - Filling up the DagBag from /opt/airflow/dags/import_sklearn.py
[2023-02-13T22:30:51.626+0000] {processor.py:753} INFO - DAG(s) dict_keys(['sklearn_test']) retrieved from /opt/airflow/dags/import_sklearn.py
[2023-02-13T22:30:51.655+0000] {logging_mixin.py:137} INFO - [2023-02-13T22:30:51.655+0000] {dag.py:2690} INFO - Sync 1 DAGs
[2023-02-13T22:30:51.691+0000] {logging_mixin.py:137} INFO - [2023-02-13T22:30:51.691+0000] {dag.py:3441} INFO - Setting next_dagrun for sklearn_test to 2023-02-13T05:23:00+00:00, run_after=2023-02-14T05:23:00+00:00
[2023-02-13T22:30:51.718+0000] {processor.py:175} INFO - Processing /opt/airflow/dags/import_sklearn.py took 0.455 seconds
[2023-02-13T22:31:22.227+0000] {processor.py:153} INFO - Started process (PID=1545) to work on /opt/airflow/dags/import_sklearn.py
[2023-02-13T22:31:22.228+0000] {processor.py:743} INFO - Processing file /opt/airflow/dags/import_sklearn.py for tasks to queue
[2023-02-13T22:31:22.229+0000] {logging_mixin.py:137} INFO - [2023-02-13T22:31:22.228+0000] {dagbag.py:538} INFO - Filling up the DagBag from /opt/airflow/dags/import_sklearn.py
[2023-02-13T22:31:22.677+0000] {processor.py:753} INFO - DAG(s) dict_keys(['sklearn_test']) retrieved from /opt/airflow/dags/import_sklearn.py
[2023-02-13T22:31:22.715+0000] {logging_mixin.py:137} INFO - [2023-02-13T22:31:22.715+0000] {dag.py:2690} INFO - Sync 1 DAGs
[2023-02-13T22:31:22.760+0000] {logging_mixin.py:137} INFO - [2023-02-13T22:31:22.760+0000] {dag.py:3441} INFO - Setting next_dagrun for sklearn_test to 2023-02-13T05:23:00+00:00, run_after=2023-02-14T05:23:00+00:00
[2023-02-13T22:31:22.802+0000] {processor.py:175} INFO - Processing /opt/airflow/dags/import_sklearn.py took 0.580 seconds
[2023-02-13T22:31:53.307+0000] {processor.py:153} INFO - Started process (PID=1581) to work on /opt/airflow/dags/import_sklearn.py
[2023-02-13T22:31:53.319+0000] {processor.py:743} INFO - Processing file /opt/airflow/dags/import_sklearn.py for tasks to queue
[2023-02-13T22:31:53.321+0000] {logging_mixin.py:137} INFO - [2023-02-13T22:31:53.320+0000] {dagbag.py:538} INFO - Filling up the DagBag from /opt/airflow/dags/import_sklearn.py
[2023-02-13T22:31:53.734+0000] {processor.py:753} INFO - DAG(s) dict_keys(['sklearn_test']) retrieved from /opt/airflow/dags/import_sklearn.py
[2023-02-13T22:31:53.767+0000] {logging_mixin.py:137} INFO - [2023-02-13T22:31:53.766+0000] {dag.py:2690} INFO - Sync 1 DAGs
[2023-02-13T22:31:53.812+0000] {logging_mixin.py:137} INFO - [2023-02-13T22:31:53.811+0000] {dag.py:3441} INFO - Setting next_dagrun for sklearn_test to 2023-02-13T05:23:00+00:00, run_after=2023-02-14T05:23:00+00:00
[2023-02-13T22:31:53.857+0000] {processor.py:175} INFO - Processing /opt/airflow/dags/import_sklearn.py took 0.556 seconds
[2023-02-13T22:32:24.409+0000] {processor.py:153} INFO - Started process (PID=1631) to work on /opt/airflow/dags/import_sklearn.py
[2023-02-13T22:32:24.421+0000] {processor.py:743} INFO - Processing file /opt/airflow/dags/import_sklearn.py for tasks to queue
[2023-02-13T22:32:24.421+0000] {logging_mixin.py:137} INFO - [2023-02-13T22:32:24.421+0000] {dagbag.py:538} INFO - Filling up the DagBag from /opt/airflow/dags/import_sklearn.py
[2023-02-13T22:32:24.788+0000] {processor.py:753} INFO - DAG(s) dict_keys(['sklearn_test']) retrieved from /opt/airflow/dags/import_sklearn.py
[2023-02-13T22:32:24.817+0000] {logging_mixin.py:137} INFO - [2023-02-13T22:32:24.817+0000] {dag.py:2690} INFO - Sync 1 DAGs
[2023-02-13T22:32:24.854+0000] {logging_mixin.py:137} INFO - [2023-02-13T22:32:24.854+0000] {dag.py:3441} INFO - Setting next_dagrun for sklearn_test to 2023-02-13T05:23:00+00:00, run_after=2023-02-14T05:23:00+00:00
[2023-02-13T22:32:24.879+0000] {processor.py:175} INFO - Processing /opt/airflow/dags/import_sklearn.py took 0.473 seconds
[2023-02-13T22:32:55.232+0000] {processor.py:153} INFO - Started process (PID=1665) to work on /opt/airflow/dags/import_sklearn.py
[2023-02-13T22:32:55.236+0000] {processor.py:743} INFO - Processing file /opt/airflow/dags/import_sklearn.py for tasks to queue
[2023-02-13T22:32:55.238+0000] {logging_mixin.py:137} INFO - [2023-02-13T22:32:55.238+0000] {dagbag.py:538} INFO - Filling up the DagBag from /opt/airflow/dags/import_sklearn.py
[2023-02-13T22:32:55.621+0000] {processor.py:753} INFO - DAG(s) dict_keys(['sklearn_test']) retrieved from /opt/airflow/dags/import_sklearn.py
[2023-02-13T22:32:55.650+0000] {logging_mixin.py:137} INFO - [2023-02-13T22:32:55.650+0000] {dag.py:2690} INFO - Sync 1 DAGs
[2023-02-13T22:32:55.687+0000] {logging_mixin.py:137} INFO - [2023-02-13T22:32:55.687+0000] {dag.py:3441} INFO - Setting next_dagrun for sklearn_test to 2023-02-13T05:23:00+00:00, run_after=2023-02-14T05:23:00+00:00
[2023-02-13T22:32:55.714+0000] {processor.py:175} INFO - Processing /opt/airflow/dags/import_sklearn.py took 0.487 seconds
[2023-02-13T22:33:26.094+0000] {processor.py:153} INFO - Started process (PID=1700) to work on /opt/airflow/dags/import_sklearn.py
[2023-02-13T22:33:26.105+0000] {processor.py:743} INFO - Processing file /opt/airflow/dags/import_sklearn.py for tasks to queue
[2023-02-13T22:33:26.106+0000] {logging_mixin.py:137} INFO - [2023-02-13T22:33:26.106+0000] {dagbag.py:538} INFO - Filling up the DagBag from /opt/airflow/dags/import_sklearn.py
[2023-02-13T22:33:26.470+0000] {processor.py:753} INFO - DAG(s) dict_keys(['sklearn_test']) retrieved from /opt/airflow/dags/import_sklearn.py
[2023-02-13T22:33:26.499+0000] {logging_mixin.py:137} INFO - [2023-02-13T22:33:26.499+0000] {dag.py:2690} INFO - Sync 1 DAGs
[2023-02-13T22:33:26.539+0000] {logging_mixin.py:137} INFO - [2023-02-13T22:33:26.539+0000] {dag.py:3441} INFO - Setting next_dagrun for sklearn_test to 2023-02-13T05:23:00+00:00, run_after=2023-02-14T05:23:00+00:00
[2023-02-13T22:33:26.566+0000] {processor.py:175} INFO - Processing /opt/airflow/dags/import_sklearn.py took 0.476 seconds
[2023-02-13T22:33:56.982+0000] {processor.py:153} INFO - Started process (PID=1749) to work on /opt/airflow/dags/import_sklearn.py
[2023-02-13T22:33:56.993+0000] {processor.py:743} INFO - Processing file /opt/airflow/dags/import_sklearn.py for tasks to queue
[2023-02-13T22:33:56.994+0000] {logging_mixin.py:137} INFO - [2023-02-13T22:33:56.994+0000] {dagbag.py:538} INFO - Filling up the DagBag from /opt/airflow/dags/import_sklearn.py
[2023-02-13T22:33:57.469+0000] {processor.py:753} INFO - DAG(s) dict_keys(['sklearn_test']) retrieved from /opt/airflow/dags/import_sklearn.py
[2023-02-13T22:33:57.499+0000] {logging_mixin.py:137} INFO - [2023-02-13T22:33:57.498+0000] {dag.py:2690} INFO - Sync 1 DAGs
[2023-02-13T22:33:57.559+0000] {logging_mixin.py:137} INFO - [2023-02-13T22:33:57.559+0000] {dag.py:3441} INFO - Setting next_dagrun for sklearn_test to 2023-02-13T05:23:00+00:00, run_after=2023-02-14T05:23:00+00:00
[2023-02-13T22:33:57.595+0000] {processor.py:175} INFO - Processing /opt/airflow/dags/import_sklearn.py took 0.618 seconds
[2023-02-13T22:34:28.064+0000] {processor.py:153} INFO - Started process (PID=1785) to work on /opt/airflow/dags/import_sklearn.py
[2023-02-13T22:34:28.065+0000] {processor.py:743} INFO - Processing file /opt/airflow/dags/import_sklearn.py for tasks to queue
[2023-02-13T22:34:28.066+0000] {logging_mixin.py:137} INFO - [2023-02-13T22:34:28.066+0000] {dagbag.py:538} INFO - Filling up the DagBag from /opt/airflow/dags/import_sklearn.py
[2023-02-13T22:34:28.462+0000] {processor.py:753} INFO - DAG(s) dict_keys(['sklearn_test']) retrieved from /opt/airflow/dags/import_sklearn.py
[2023-02-13T22:34:28.497+0000] {logging_mixin.py:137} INFO - [2023-02-13T22:34:28.497+0000] {dag.py:2690} INFO - Sync 1 DAGs
[2023-02-13T22:34:28.540+0000] {logging_mixin.py:137} INFO - [2023-02-13T22:34:28.540+0000] {dag.py:3441} INFO - Setting next_dagrun for sklearn_test to 2023-02-13T05:23:00+00:00, run_after=2023-02-14T05:23:00+00:00
[2023-02-13T22:34:28.563+0000] {processor.py:175} INFO - Processing /opt/airflow/dags/import_sklearn.py took 0.505 seconds
[2023-02-13T22:34:58.903+0000] {processor.py:153} INFO - Started process (PID=1821) to work on /opt/airflow/dags/import_sklearn.py
[2023-02-13T22:34:58.915+0000] {processor.py:743} INFO - Processing file /opt/airflow/dags/import_sklearn.py for tasks to queue
[2023-02-13T22:34:58.916+0000] {logging_mixin.py:137} INFO - [2023-02-13T22:34:58.916+0000] {dagbag.py:538} INFO - Filling up the DagBag from /opt/airflow/dags/import_sklearn.py
[2023-02-13T22:34:59.321+0000] {processor.py:753} INFO - DAG(s) dict_keys(['sklearn_test']) retrieved from /opt/airflow/dags/import_sklearn.py
[2023-02-13T22:34:59.359+0000] {logging_mixin.py:137} INFO - [2023-02-13T22:34:59.358+0000] {dag.py:2690} INFO - Sync 1 DAGs
[2023-02-13T22:34:59.417+0000] {logging_mixin.py:137} INFO - [2023-02-13T22:34:59.417+0000] {dag.py:3441} INFO - Setting next_dagrun for sklearn_test to 2023-02-13T05:23:00+00:00, run_after=2023-02-14T05:23:00+00:00
[2023-02-13T22:34:59.447+0000] {processor.py:175} INFO - Processing /opt/airflow/dags/import_sklearn.py took 0.547 seconds
[2023-02-13T22:35:29.819+0000] {processor.py:153} INFO - Started process (PID=1871) to work on /opt/airflow/dags/import_sklearn.py
[2023-02-13T22:35:29.820+0000] {processor.py:743} INFO - Processing file /opt/airflow/dags/import_sklearn.py for tasks to queue
[2023-02-13T22:35:29.821+0000] {logging_mixin.py:137} INFO - [2023-02-13T22:35:29.821+0000] {dagbag.py:538} INFO - Filling up the DagBag from /opt/airflow/dags/import_sklearn.py
[2023-02-13T22:35:30.269+0000] {processor.py:753} INFO - DAG(s) dict_keys(['sklearn_test']) retrieved from /opt/airflow/dags/import_sklearn.py
[2023-02-13T22:35:30.301+0000] {logging_mixin.py:137} INFO - [2023-02-13T22:35:30.301+0000] {dag.py:2690} INFO - Sync 1 DAGs
[2023-02-13T22:35:30.343+0000] {logging_mixin.py:137} INFO - [2023-02-13T22:35:30.343+0000] {dag.py:3441} INFO - Setting next_dagrun for sklearn_test to 2023-02-13T05:23:00+00:00, run_after=2023-02-14T05:23:00+00:00
[2023-02-13T22:35:30.379+0000] {processor.py:175} INFO - Processing /opt/airflow/dags/import_sklearn.py took 0.564 seconds
[2023-02-13T22:36:00.756+0000] {processor.py:153} INFO - Started process (PID=1907) to work on /opt/airflow/dags/import_sklearn.py
[2023-02-13T22:36:00.768+0000] {processor.py:743} INFO - Processing file /opt/airflow/dags/import_sklearn.py for tasks to queue
[2023-02-13T22:36:00.769+0000] {logging_mixin.py:137} INFO - [2023-02-13T22:36:00.769+0000] {dagbag.py:538} INFO - Filling up the DagBag from /opt/airflow/dags/import_sklearn.py
[2023-02-13T22:36:01.135+0000] {processor.py:753} INFO - DAG(s) dict_keys(['sklearn_test']) retrieved from /opt/airflow/dags/import_sklearn.py
[2023-02-13T22:36:01.164+0000] {logging_mixin.py:137} INFO - [2023-02-13T22:36:01.164+0000] {dag.py:2690} INFO - Sync 1 DAGs
[2023-02-13T22:36:01.204+0000] {logging_mixin.py:137} INFO - [2023-02-13T22:36:01.204+0000] {dag.py:3441} INFO - Setting next_dagrun for sklearn_test to 2023-02-13T05:23:00+00:00, run_after=2023-02-14T05:23:00+00:00
[2023-02-13T22:36:01.233+0000] {processor.py:175} INFO - Processing /opt/airflow/dags/import_sklearn.py took 0.482 seconds
[2023-02-13T22:36:31.632+0000] {processor.py:153} INFO - Started process (PID=1944) to work on /opt/airflow/dags/import_sklearn.py
[2023-02-13T22:36:31.644+0000] {processor.py:743} INFO - Processing file /opt/airflow/dags/import_sklearn.py for tasks to queue
[2023-02-13T22:36:31.645+0000] {logging_mixin.py:137} INFO - [2023-02-13T22:36:31.645+0000] {dagbag.py:538} INFO - Filling up the DagBag from /opt/airflow/dags/import_sklearn.py
[2023-02-13T22:36:32.013+0000] {processor.py:753} INFO - DAG(s) dict_keys(['sklearn_test']) retrieved from /opt/airflow/dags/import_sklearn.py
[2023-02-13T22:36:32.041+0000] {logging_mixin.py:137} INFO - [2023-02-13T22:36:32.041+0000] {dag.py:2690} INFO - Sync 1 DAGs
[2023-02-13T22:36:32.078+0000] {logging_mixin.py:137} INFO - [2023-02-13T22:36:32.077+0000] {dag.py:3441} INFO - Setting next_dagrun for sklearn_test to 2023-02-13T05:23:00+00:00, run_after=2023-02-14T05:23:00+00:00
[2023-02-13T22:36:32.104+0000] {processor.py:175} INFO - Processing /opt/airflow/dags/import_sklearn.py took 0.476 seconds
