[2023-02-10T01:57:02.124+0000] {taskinstance.py:1083} INFO - Dependencies all met for <TaskInstance: dag_with_py_op.second_task scheduled__2023-02-09T01:57:00+00:00 [queued]>
[2023-02-10T01:57:02.135+0000] {taskinstance.py:1083} INFO - Dependencies all met for <TaskInstance: dag_with_py_op.second_task scheduled__2023-02-09T01:57:00+00:00 [queued]>
[2023-02-10T01:57:02.135+0000] {taskinstance.py:1279} INFO - 
--------------------------------------------------------------------------------
[2023-02-10T01:57:02.135+0000] {taskinstance.py:1280} INFO - Starting attempt 1 of 6
[2023-02-10T01:57:02.135+0000] {taskinstance.py:1281} INFO - 
--------------------------------------------------------------------------------
[2023-02-10T01:57:02.149+0000] {taskinstance.py:1300} INFO - Executing <Task(PythonOperator): second_task> on 2023-02-09 01:57:00+00:00
[2023-02-10T01:57:02.158+0000] {standard_task_runner.py:55} INFO - Started process 4265 to run task
[2023-02-10T01:57:02.168+0000] {standard_task_runner.py:82} INFO - Running: ['***', 'tasks', 'run', 'dag_with_py_op', 'second_task', 'scheduled__2023-02-09T01:57:00+00:00', '--job-id', '24', '--raw', '--subdir', 'DAGS_FOLDER/dag_with_py_op.py', '--cfg-path', '/tmp/tmpcri6vy3d']
[2023-02-10T01:57:02.169+0000] {standard_task_runner.py:83} INFO - Job 24: Subtask second_task
[2023-02-10T01:57:02.241+0000] {task_command.py:388} INFO - Running <TaskInstance: dag_with_py_op.second_task scheduled__2023-02-09T01:57:00+00:00 [running]> on host aaaa5399c063
[2023-02-10T01:57:02.312+0000] {taskinstance.py:1509} INFO - Exporting the following env vars:
AIRFLOW_CTX_DAG_OWNER=naufal
AIRFLOW_CTX_DAG_ID=dag_with_py_op
AIRFLOW_CTX_TASK_ID=second_task
AIRFLOW_CTX_EXECUTION_DATE=2023-02-09T01:57:00+00:00
AIRFLOW_CTX_TRY_NUMBER=1
AIRFLOW_CTX_DAG_RUN_ID=scheduled__2023-02-09T01:57:00+00:00
[2023-02-10T01:57:02.313+0000] {logging_mixin.py:137} INFO - Hello World There, My name is Gustavo
[2023-02-10T01:57:02.313+0000] {python.py:177} INFO - Done. Returned value was: None
[2023-02-10T01:57:02.323+0000] {taskinstance.py:1323} INFO - Marking task as SUCCESS. dag_id=dag_with_py_op, task_id=second_task, execution_date=20230209T015700, start_date=20230210T015702, end_date=20230210T015702
[2023-02-10T01:57:02.340+0000] {local_task_job.py:208} INFO - Task exited with return code 0
[2023-02-10T01:57:02.357+0000] {taskinstance.py:2578} INFO - 0 downstream tasks scheduled from follow-on schedule check
